[2026-01-02T04:28:04.451+0000] {processor.py:161} INFO - Started process (PID=69) to work on /home/airflow/.local/lib/python3.8/site-packages/airflow/example_dags/example_kubernetes_executor.py
[2026-01-02T04:28:04.451+0000] {processor.py:830} INFO - Processing file /home/airflow/.local/lib/python3.8/site-packages/airflow/example_dags/example_kubernetes_executor.py for tasks to queue
[2026-01-02T04:28:04.452+0000] {logging_mixin.py:188} INFO - [2026-01-02T04:28:04.452+0000] {dagbag.py:538} INFO - Filling up the DagBag from /home/airflow/.local/lib/python3.8/site-packages/airflow/example_dags/example_kubernetes_executor.py
[2026-01-02T04:28:04.459+0000] {processor.py:840} INFO - DAG(s) 'example_kubernetes_executor' retrieved from /home/airflow/.local/lib/python3.8/site-packages/airflow/example_dags/example_kubernetes_executor.py
[2026-01-02T04:28:04.522+0000] {logging_mixin.py:188} INFO - [2026-01-02T04:28:04.521+0000] {override.py:1769} INFO - Created Permission View: can edit on DAG:example_kubernetes_executor
[2026-01-02T04:28:04.528+0000] {logging_mixin.py:188} INFO - [2026-01-02T04:28:04.528+0000] {override.py:1769} INFO - Created Permission View: can delete on DAG:example_kubernetes_executor
[2026-01-02T04:28:04.533+0000] {logging_mixin.py:188} INFO - [2026-01-02T04:28:04.532+0000] {override.py:1769} INFO - Created Permission View: can read on DAG:example_kubernetes_executor
[2026-01-02T04:28:04.533+0000] {logging_mixin.py:188} INFO - [2026-01-02T04:28:04.533+0000] {dag.py:3033} INFO - Sync 1 DAGs
[2026-01-02T04:28:04.542+0000] {logging_mixin.py:188} INFO - [2026-01-02T04:28:04.542+0000] {dag.py:3055} INFO - Creating ORM DAG for example_kubernetes_executor
[2026-01-02T04:28:04.543+0000] {logging_mixin.py:188} INFO - [2026-01-02T04:28:04.543+0000] {dag.py:3820} INFO - Setting next_dagrun for example_kubernetes_executor to None, run_after=None
[2026-01-02T04:28:04.556+0000] {processor.py:183} INFO - Processing /home/airflow/.local/lib/python3.8/site-packages/airflow/example_dags/example_kubernetes_executor.py took 0.107 seconds
[2026-01-02T04:28:35.237+0000] {processor.py:161} INFO - Started process (PID=124) to work on /home/airflow/.local/lib/python3.8/site-packages/airflow/example_dags/example_kubernetes_executor.py
[2026-01-02T04:28:35.238+0000] {processor.py:830} INFO - Processing file /home/airflow/.local/lib/python3.8/site-packages/airflow/example_dags/example_kubernetes_executor.py for tasks to queue
[2026-01-02T04:28:35.239+0000] {logging_mixin.py:188} INFO - [2026-01-02T04:28:35.239+0000] {dagbag.py:538} INFO - Filling up the DagBag from /home/airflow/.local/lib/python3.8/site-packages/airflow/example_dags/example_kubernetes_executor.py
[2026-01-02T04:28:35.245+0000] {processor.py:840} INFO - DAG(s) 'example_kubernetes_executor' retrieved from /home/airflow/.local/lib/python3.8/site-packages/airflow/example_dags/example_kubernetes_executor.py
[2026-01-02T04:28:35.263+0000] {logging_mixin.py:188} INFO - [2026-01-02T04:28:35.263+0000] {dag.py:3033} INFO - Sync 1 DAGs
[2026-01-02T04:28:35.269+0000] {logging_mixin.py:188} INFO - [2026-01-02T04:28:35.269+0000] {dag.py:3820} INFO - Setting next_dagrun for example_kubernetes_executor to None, run_after=None
[2026-01-02T04:28:35.280+0000] {processor.py:183} INFO - Processing /home/airflow/.local/lib/python3.8/site-packages/airflow/example_dags/example_kubernetes_executor.py took 0.044 seconds
[2026-01-02T04:30:00.015+0000] {processor.py:161} INFO - Started process (PID=61) to work on /home/airflow/.local/lib/python3.8/site-packages/airflow/example_dags/example_kubernetes_executor.py
[2026-01-02T04:30:00.015+0000] {processor.py:830} INFO - Processing file /home/airflow/.local/lib/python3.8/site-packages/airflow/example_dags/example_kubernetes_executor.py for tasks to queue
[2026-01-02T04:30:00.018+0000] {logging_mixin.py:188} INFO - [2026-01-02T04:30:00.017+0000] {dagbag.py:538} INFO - Filling up the DagBag from /home/airflow/.local/lib/python3.8/site-packages/airflow/example_dags/example_kubernetes_executor.py
[2026-01-02T04:30:00.025+0000] {processor.py:840} INFO - DAG(s) 'example_kubernetes_executor' retrieved from /home/airflow/.local/lib/python3.8/site-packages/airflow/example_dags/example_kubernetes_executor.py
[2026-01-02T04:30:00.031+0000] {logging_mixin.py:188} INFO - [2026-01-02T04:30:00.031+0000] {dag.py:3033} INFO - Sync 1 DAGs
[2026-01-02T04:30:00.038+0000] {logging_mixin.py:188} INFO - [2026-01-02T04:30:00.038+0000] {dag.py:3820} INFO - Setting next_dagrun for example_kubernetes_executor to None, run_after=None
[2026-01-02T04:30:00.048+0000] {processor.py:183} INFO - Processing /home/airflow/.local/lib/python3.8/site-packages/airflow/example_dags/example_kubernetes_executor.py took 0.035 seconds
[2026-01-02T04:30:30.973+0000] {processor.py:161} INFO - Started process (PID=116) to work on /home/airflow/.local/lib/python3.8/site-packages/airflow/example_dags/example_kubernetes_executor.py
[2026-01-02T04:30:30.974+0000] {processor.py:830} INFO - Processing file /home/airflow/.local/lib/python3.8/site-packages/airflow/example_dags/example_kubernetes_executor.py for tasks to queue
[2026-01-02T04:30:30.975+0000] {logging_mixin.py:188} INFO - [2026-01-02T04:30:30.975+0000] {dagbag.py:538} INFO - Filling up the DagBag from /home/airflow/.local/lib/python3.8/site-packages/airflow/example_dags/example_kubernetes_executor.py
[2026-01-02T04:30:30.980+0000] {processor.py:840} INFO - DAG(s) 'example_kubernetes_executor' retrieved from /home/airflow/.local/lib/python3.8/site-packages/airflow/example_dags/example_kubernetes_executor.py
[2026-01-02T04:30:31.035+0000] {logging_mixin.py:188} INFO - [2026-01-02T04:30:31.034+0000] {dag.py:3033} INFO - Sync 1 DAGs
[2026-01-02T04:30:31.039+0000] {logging_mixin.py:188} INFO - [2026-01-02T04:30:31.039+0000] {dag.py:3820} INFO - Setting next_dagrun for example_kubernetes_executor to None, run_after=None
[2026-01-02T04:30:31.051+0000] {processor.py:183} INFO - Processing /home/airflow/.local/lib/python3.8/site-packages/airflow/example_dags/example_kubernetes_executor.py took 0.079 seconds
[2026-01-02T04:31:01.061+0000] {processor.py:161} INFO - Started process (PID=171) to work on /home/airflow/.local/lib/python3.8/site-packages/airflow/example_dags/example_kubernetes_executor.py
[2026-01-02T04:31:01.062+0000] {processor.py:830} INFO - Processing file /home/airflow/.local/lib/python3.8/site-packages/airflow/example_dags/example_kubernetes_executor.py for tasks to queue
[2026-01-02T04:31:01.062+0000] {logging_mixin.py:188} INFO - [2026-01-02T04:31:01.062+0000] {dagbag.py:538} INFO - Filling up the DagBag from /home/airflow/.local/lib/python3.8/site-packages/airflow/example_dags/example_kubernetes_executor.py
[2026-01-02T04:31:01.068+0000] {processor.py:840} INFO - DAG(s) 'example_kubernetes_executor' retrieved from /home/airflow/.local/lib/python3.8/site-packages/airflow/example_dags/example_kubernetes_executor.py
[2026-01-02T04:31:01.084+0000] {logging_mixin.py:188} INFO - [2026-01-02T04:31:01.084+0000] {dag.py:3033} INFO - Sync 1 DAGs
[2026-01-02T04:31:01.090+0000] {logging_mixin.py:188} INFO - [2026-01-02T04:31:01.090+0000] {dag.py:3820} INFO - Setting next_dagrun for example_kubernetes_executor to None, run_after=None
[2026-01-02T04:31:01.100+0000] {processor.py:183} INFO - Processing /home/airflow/.local/lib/python3.8/site-packages/airflow/example_dags/example_kubernetes_executor.py took 0.040 seconds
[2026-01-02T04:31:31.533+0000] {processor.py:161} INFO - Started process (PID=226) to work on /home/airflow/.local/lib/python3.8/site-packages/airflow/example_dags/example_kubernetes_executor.py
[2026-01-02T04:31:31.534+0000] {processor.py:830} INFO - Processing file /home/airflow/.local/lib/python3.8/site-packages/airflow/example_dags/example_kubernetes_executor.py for tasks to queue
[2026-01-02T04:31:31.534+0000] {logging_mixin.py:188} INFO - [2026-01-02T04:31:31.534+0000] {dagbag.py:538} INFO - Filling up the DagBag from /home/airflow/.local/lib/python3.8/site-packages/airflow/example_dags/example_kubernetes_executor.py
[2026-01-02T04:31:31.540+0000] {processor.py:840} INFO - DAG(s) 'example_kubernetes_executor' retrieved from /home/airflow/.local/lib/python3.8/site-packages/airflow/example_dags/example_kubernetes_executor.py
[2026-01-02T04:31:31.562+0000] {logging_mixin.py:188} INFO - [2026-01-02T04:31:31.561+0000] {dag.py:3033} INFO - Sync 1 DAGs
[2026-01-02T04:31:31.568+0000] {logging_mixin.py:188} INFO - [2026-01-02T04:31:31.568+0000] {dag.py:3820} INFO - Setting next_dagrun for example_kubernetes_executor to None, run_after=None
[2026-01-02T04:31:31.580+0000] {processor.py:183} INFO - Processing /home/airflow/.local/lib/python3.8/site-packages/airflow/example_dags/example_kubernetes_executor.py took 0.048 seconds
[2026-01-02T04:32:01.911+0000] {processor.py:161} INFO - Started process (PID=281) to work on /home/airflow/.local/lib/python3.8/site-packages/airflow/example_dags/example_kubernetes_executor.py
[2026-01-02T04:32:01.911+0000] {processor.py:830} INFO - Processing file /home/airflow/.local/lib/python3.8/site-packages/airflow/example_dags/example_kubernetes_executor.py for tasks to queue
[2026-01-02T04:32:01.912+0000] {logging_mixin.py:188} INFO - [2026-01-02T04:32:01.912+0000] {dagbag.py:538} INFO - Filling up the DagBag from /home/airflow/.local/lib/python3.8/site-packages/airflow/example_dags/example_kubernetes_executor.py
[2026-01-02T04:32:01.918+0000] {processor.py:840} INFO - DAG(s) 'example_kubernetes_executor' retrieved from /home/airflow/.local/lib/python3.8/site-packages/airflow/example_dags/example_kubernetes_executor.py
[2026-01-02T04:32:01.945+0000] {logging_mixin.py:188} INFO - [2026-01-02T04:32:01.945+0000] {dag.py:3033} INFO - Sync 1 DAGs
[2026-01-02T04:32:01.951+0000] {logging_mixin.py:188} INFO - [2026-01-02T04:32:01.951+0000] {dag.py:3820} INFO - Setting next_dagrun for example_kubernetes_executor to None, run_after=None
[2026-01-02T04:32:01.962+0000] {processor.py:183} INFO - Processing /home/airflow/.local/lib/python3.8/site-packages/airflow/example_dags/example_kubernetes_executor.py took 0.052 seconds
[2026-01-02T04:32:32.271+0000] {processor.py:161} INFO - Started process (PID=336) to work on /home/airflow/.local/lib/python3.8/site-packages/airflow/example_dags/example_kubernetes_executor.py
[2026-01-02T04:32:32.271+0000] {processor.py:830} INFO - Processing file /home/airflow/.local/lib/python3.8/site-packages/airflow/example_dags/example_kubernetes_executor.py for tasks to queue
[2026-01-02T04:32:32.272+0000] {logging_mixin.py:188} INFO - [2026-01-02T04:32:32.272+0000] {dagbag.py:538} INFO - Filling up the DagBag from /home/airflow/.local/lib/python3.8/site-packages/airflow/example_dags/example_kubernetes_executor.py
[2026-01-02T04:32:32.278+0000] {processor.py:840} INFO - DAG(s) 'example_kubernetes_executor' retrieved from /home/airflow/.local/lib/python3.8/site-packages/airflow/example_dags/example_kubernetes_executor.py
[2026-01-02T04:32:32.296+0000] {logging_mixin.py:188} INFO - [2026-01-02T04:32:32.296+0000] {dag.py:3033} INFO - Sync 1 DAGs
[2026-01-02T04:32:32.301+0000] {logging_mixin.py:188} INFO - [2026-01-02T04:32:32.301+0000] {dag.py:3820} INFO - Setting next_dagrun for example_kubernetes_executor to None, run_after=None
[2026-01-02T04:32:32.311+0000] {processor.py:183} INFO - Processing /home/airflow/.local/lib/python3.8/site-packages/airflow/example_dags/example_kubernetes_executor.py took 0.042 seconds
[2026-01-02T04:33:02.544+0000] {processor.py:161} INFO - Started process (PID=391) to work on /home/airflow/.local/lib/python3.8/site-packages/airflow/example_dags/example_kubernetes_executor.py
[2026-01-02T04:33:02.545+0000] {processor.py:830} INFO - Processing file /home/airflow/.local/lib/python3.8/site-packages/airflow/example_dags/example_kubernetes_executor.py for tasks to queue
[2026-01-02T04:33:02.545+0000] {logging_mixin.py:188} INFO - [2026-01-02T04:33:02.545+0000] {dagbag.py:538} INFO - Filling up the DagBag from /home/airflow/.local/lib/python3.8/site-packages/airflow/example_dags/example_kubernetes_executor.py
[2026-01-02T04:33:02.551+0000] {processor.py:840} INFO - DAG(s) 'example_kubernetes_executor' retrieved from /home/airflow/.local/lib/python3.8/site-packages/airflow/example_dags/example_kubernetes_executor.py
[2026-01-02T04:33:02.572+0000] {logging_mixin.py:188} INFO - [2026-01-02T04:33:02.572+0000] {dag.py:3033} INFO - Sync 1 DAGs
[2026-01-02T04:33:02.579+0000] {logging_mixin.py:188} INFO - [2026-01-02T04:33:02.579+0000] {dag.py:3820} INFO - Setting next_dagrun for example_kubernetes_executor to None, run_after=None
[2026-01-02T04:33:02.589+0000] {processor.py:183} INFO - Processing /home/airflow/.local/lib/python3.8/site-packages/airflow/example_dags/example_kubernetes_executor.py took 0.046 seconds
[2026-01-02T04:33:32.874+0000] {processor.py:161} INFO - Started process (PID=446) to work on /home/airflow/.local/lib/python3.8/site-packages/airflow/example_dags/example_kubernetes_executor.py
[2026-01-02T04:33:32.875+0000] {processor.py:830} INFO - Processing file /home/airflow/.local/lib/python3.8/site-packages/airflow/example_dags/example_kubernetes_executor.py for tasks to queue
[2026-01-02T04:33:32.876+0000] {logging_mixin.py:188} INFO - [2026-01-02T04:33:32.876+0000] {dagbag.py:538} INFO - Filling up the DagBag from /home/airflow/.local/lib/python3.8/site-packages/airflow/example_dags/example_kubernetes_executor.py
[2026-01-02T04:33:32.882+0000] {processor.py:840} INFO - DAG(s) 'example_kubernetes_executor' retrieved from /home/airflow/.local/lib/python3.8/site-packages/airflow/example_dags/example_kubernetes_executor.py
[2026-01-02T04:33:32.897+0000] {logging_mixin.py:188} INFO - [2026-01-02T04:33:32.897+0000] {dag.py:3033} INFO - Sync 1 DAGs
[2026-01-02T04:33:32.903+0000] {logging_mixin.py:188} INFO - [2026-01-02T04:33:32.902+0000] {dag.py:3820} INFO - Setting next_dagrun for example_kubernetes_executor to None, run_after=None
[2026-01-02T04:33:32.913+0000] {processor.py:183} INFO - Processing /home/airflow/.local/lib/python3.8/site-packages/airflow/example_dags/example_kubernetes_executor.py took 0.040 seconds
[2026-01-02T04:34:03.142+0000] {processor.py:161} INFO - Started process (PID=501) to work on /home/airflow/.local/lib/python3.8/site-packages/airflow/example_dags/example_kubernetes_executor.py
[2026-01-02T04:34:03.142+0000] {processor.py:830} INFO - Processing file /home/airflow/.local/lib/python3.8/site-packages/airflow/example_dags/example_kubernetes_executor.py for tasks to queue
[2026-01-02T04:34:03.144+0000] {logging_mixin.py:188} INFO - [2026-01-02T04:34:03.143+0000] {dagbag.py:538} INFO - Filling up the DagBag from /home/airflow/.local/lib/python3.8/site-packages/airflow/example_dags/example_kubernetes_executor.py
[2026-01-02T04:34:03.149+0000] {processor.py:840} INFO - DAG(s) 'example_kubernetes_executor' retrieved from /home/airflow/.local/lib/python3.8/site-packages/airflow/example_dags/example_kubernetes_executor.py
[2026-01-02T04:34:03.168+0000] {logging_mixin.py:188} INFO - [2026-01-02T04:34:03.167+0000] {dag.py:3033} INFO - Sync 1 DAGs
[2026-01-02T04:34:03.174+0000] {logging_mixin.py:188} INFO - [2026-01-02T04:34:03.174+0000] {dag.py:3820} INFO - Setting next_dagrun for example_kubernetes_executor to None, run_after=None
[2026-01-02T04:34:03.185+0000] {processor.py:183} INFO - Processing /home/airflow/.local/lib/python3.8/site-packages/airflow/example_dags/example_kubernetes_executor.py took 0.044 seconds
[2026-01-02T04:34:33.496+0000] {processor.py:161} INFO - Started process (PID=556) to work on /home/airflow/.local/lib/python3.8/site-packages/airflow/example_dags/example_kubernetes_executor.py
[2026-01-02T04:34:33.497+0000] {processor.py:830} INFO - Processing file /home/airflow/.local/lib/python3.8/site-packages/airflow/example_dags/example_kubernetes_executor.py for tasks to queue
[2026-01-02T04:34:33.498+0000] {logging_mixin.py:188} INFO - [2026-01-02T04:34:33.498+0000] {dagbag.py:538} INFO - Filling up the DagBag from /home/airflow/.local/lib/python3.8/site-packages/airflow/example_dags/example_kubernetes_executor.py
[2026-01-02T04:34:33.503+0000] {processor.py:840} INFO - DAG(s) 'example_kubernetes_executor' retrieved from /home/airflow/.local/lib/python3.8/site-packages/airflow/example_dags/example_kubernetes_executor.py
[2026-01-02T04:34:33.520+0000] {logging_mixin.py:188} INFO - [2026-01-02T04:34:33.519+0000] {dag.py:3033} INFO - Sync 1 DAGs
[2026-01-02T04:34:33.525+0000] {logging_mixin.py:188} INFO - [2026-01-02T04:34:33.525+0000] {dag.py:3820} INFO - Setting next_dagrun for example_kubernetes_executor to None, run_after=None
[2026-01-02T04:34:33.542+0000] {processor.py:183} INFO - Processing /home/airflow/.local/lib/python3.8/site-packages/airflow/example_dags/example_kubernetes_executor.py took 0.047 seconds
[2026-01-02T04:35:03.770+0000] {processor.py:161} INFO - Started process (PID=611) to work on /home/airflow/.local/lib/python3.8/site-packages/airflow/example_dags/example_kubernetes_executor.py
[2026-01-02T04:35:03.771+0000] {processor.py:830} INFO - Processing file /home/airflow/.local/lib/python3.8/site-packages/airflow/example_dags/example_kubernetes_executor.py for tasks to queue
[2026-01-02T04:35:03.772+0000] {logging_mixin.py:188} INFO - [2026-01-02T04:35:03.772+0000] {dagbag.py:538} INFO - Filling up the DagBag from /home/airflow/.local/lib/python3.8/site-packages/airflow/example_dags/example_kubernetes_executor.py
[2026-01-02T04:35:03.779+0000] {processor.py:840} INFO - DAG(s) 'example_kubernetes_executor' retrieved from /home/airflow/.local/lib/python3.8/site-packages/airflow/example_dags/example_kubernetes_executor.py
[2026-01-02T04:35:03.797+0000] {logging_mixin.py:188} INFO - [2026-01-02T04:35:03.797+0000] {dag.py:3033} INFO - Sync 1 DAGs
[2026-01-02T04:35:03.803+0000] {logging_mixin.py:188} INFO - [2026-01-02T04:35:03.803+0000] {dag.py:3820} INFO - Setting next_dagrun for example_kubernetes_executor to None, run_after=None
[2026-01-02T04:35:03.814+0000] {processor.py:183} INFO - Processing /home/airflow/.local/lib/python3.8/site-packages/airflow/example_dags/example_kubernetes_executor.py took 0.045 seconds
[2026-01-02T04:35:34.103+0000] {processor.py:161} INFO - Started process (PID=666) to work on /home/airflow/.local/lib/python3.8/site-packages/airflow/example_dags/example_kubernetes_executor.py
[2026-01-02T04:35:34.103+0000] {processor.py:830} INFO - Processing file /home/airflow/.local/lib/python3.8/site-packages/airflow/example_dags/example_kubernetes_executor.py for tasks to queue
[2026-01-02T04:35:34.104+0000] {logging_mixin.py:188} INFO - [2026-01-02T04:35:34.104+0000] {dagbag.py:538} INFO - Filling up the DagBag from /home/airflow/.local/lib/python3.8/site-packages/airflow/example_dags/example_kubernetes_executor.py
[2026-01-02T04:35:34.111+0000] {processor.py:840} INFO - DAG(s) 'example_kubernetes_executor' retrieved from /home/airflow/.local/lib/python3.8/site-packages/airflow/example_dags/example_kubernetes_executor.py
[2026-01-02T04:35:34.130+0000] {logging_mixin.py:188} INFO - [2026-01-02T04:35:34.130+0000] {dag.py:3033} INFO - Sync 1 DAGs
[2026-01-02T04:35:34.136+0000] {logging_mixin.py:188} INFO - [2026-01-02T04:35:34.136+0000] {dag.py:3820} INFO - Setting next_dagrun for example_kubernetes_executor to None, run_after=None
[2026-01-02T04:35:34.146+0000] {processor.py:183} INFO - Processing /home/airflow/.local/lib/python3.8/site-packages/airflow/example_dags/example_kubernetes_executor.py took 0.044 seconds
[2026-01-02T04:36:04.391+0000] {processor.py:161} INFO - Started process (PID=721) to work on /home/airflow/.local/lib/python3.8/site-packages/airflow/example_dags/example_kubernetes_executor.py
[2026-01-02T04:36:04.392+0000] {processor.py:830} INFO - Processing file /home/airflow/.local/lib/python3.8/site-packages/airflow/example_dags/example_kubernetes_executor.py for tasks to queue
[2026-01-02T04:36:04.393+0000] {logging_mixin.py:188} INFO - [2026-01-02T04:36:04.393+0000] {dagbag.py:538} INFO - Filling up the DagBag from /home/airflow/.local/lib/python3.8/site-packages/airflow/example_dags/example_kubernetes_executor.py
[2026-01-02T04:36:04.399+0000] {processor.py:840} INFO - DAG(s) 'example_kubernetes_executor' retrieved from /home/airflow/.local/lib/python3.8/site-packages/airflow/example_dags/example_kubernetes_executor.py
[2026-01-02T04:36:04.418+0000] {logging_mixin.py:188} INFO - [2026-01-02T04:36:04.418+0000] {dag.py:3033} INFO - Sync 1 DAGs
[2026-01-02T04:36:04.424+0000] {logging_mixin.py:188} INFO - [2026-01-02T04:36:04.424+0000] {dag.py:3820} INFO - Setting next_dagrun for example_kubernetes_executor to None, run_after=None
[2026-01-02T04:36:04.437+0000] {processor.py:183} INFO - Processing /home/airflow/.local/lib/python3.8/site-packages/airflow/example_dags/example_kubernetes_executor.py took 0.047 seconds
[2026-01-02T04:38:45.035+0000] {processor.py:161} INFO - Started process (PID=63) to work on /home/airflow/.local/lib/python3.8/site-packages/airflow/example_dags/example_kubernetes_executor.py
[2026-01-02T04:38:45.036+0000] {processor.py:830} INFO - Processing file /home/airflow/.local/lib/python3.8/site-packages/airflow/example_dags/example_kubernetes_executor.py for tasks to queue
[2026-01-02T04:38:45.037+0000] {logging_mixin.py:188} INFO - [2026-01-02T04:38:45.037+0000] {dagbag.py:538} INFO - Filling up the DagBag from /home/airflow/.local/lib/python3.8/site-packages/airflow/example_dags/example_kubernetes_executor.py
[2026-01-02T04:38:45.045+0000] {processor.py:840} INFO - DAG(s) 'example_kubernetes_executor' retrieved from /home/airflow/.local/lib/python3.8/site-packages/airflow/example_dags/example_kubernetes_executor.py
[2026-01-02T04:38:45.051+0000] {logging_mixin.py:188} INFO - [2026-01-02T04:38:45.051+0000] {dag.py:3033} INFO - Sync 1 DAGs
[2026-01-02T04:38:45.057+0000] {logging_mixin.py:188} INFO - [2026-01-02T04:38:45.057+0000] {dag.py:3820} INFO - Setting next_dagrun for example_kubernetes_executor to None, run_after=None
[2026-01-02T04:38:45.068+0000] {processor.py:183} INFO - Processing /home/airflow/.local/lib/python3.8/site-packages/airflow/example_dags/example_kubernetes_executor.py took 0.034 seconds
[2026-01-02T04:39:15.539+0000] {processor.py:161} INFO - Started process (PID=118) to work on /home/airflow/.local/lib/python3.8/site-packages/airflow/example_dags/example_kubernetes_executor.py
[2026-01-02T04:39:15.540+0000] {processor.py:830} INFO - Processing file /home/airflow/.local/lib/python3.8/site-packages/airflow/example_dags/example_kubernetes_executor.py for tasks to queue
[2026-01-02T04:39:15.541+0000] {logging_mixin.py:188} INFO - [2026-01-02T04:39:15.541+0000] {dagbag.py:538} INFO - Filling up the DagBag from /home/airflow/.local/lib/python3.8/site-packages/airflow/example_dags/example_kubernetes_executor.py
[2026-01-02T04:39:15.546+0000] {processor.py:840} INFO - DAG(s) 'example_kubernetes_executor' retrieved from /home/airflow/.local/lib/python3.8/site-packages/airflow/example_dags/example_kubernetes_executor.py
[2026-01-02T04:39:15.606+0000] {logging_mixin.py:188} INFO - [2026-01-02T04:39:15.606+0000] {dag.py:3033} INFO - Sync 1 DAGs
[2026-01-02T04:39:15.611+0000] {logging_mixin.py:188} INFO - [2026-01-02T04:39:15.611+0000] {dag.py:3820} INFO - Setting next_dagrun for example_kubernetes_executor to None, run_after=None
[2026-01-02T04:39:15.620+0000] {processor.py:183} INFO - Processing /home/airflow/.local/lib/python3.8/site-packages/airflow/example_dags/example_kubernetes_executor.py took 0.082 seconds
[2026-01-02T04:39:46.298+0000] {processor.py:161} INFO - Started process (PID=179) to work on /home/airflow/.local/lib/python3.8/site-packages/airflow/example_dags/example_kubernetes_executor.py
[2026-01-02T04:39:46.299+0000] {processor.py:830} INFO - Processing file /home/airflow/.local/lib/python3.8/site-packages/airflow/example_dags/example_kubernetes_executor.py for tasks to queue
[2026-01-02T04:39:46.300+0000] {logging_mixin.py:188} INFO - [2026-01-02T04:39:46.300+0000] {dagbag.py:538} INFO - Filling up the DagBag from /home/airflow/.local/lib/python3.8/site-packages/airflow/example_dags/example_kubernetes_executor.py
[2026-01-02T04:39:46.305+0000] {processor.py:840} INFO - DAG(s) 'example_kubernetes_executor' retrieved from /home/airflow/.local/lib/python3.8/site-packages/airflow/example_dags/example_kubernetes_executor.py
[2026-01-02T04:39:46.320+0000] {logging_mixin.py:188} INFO - [2026-01-02T04:39:46.320+0000] {dag.py:3033} INFO - Sync 1 DAGs
[2026-01-02T04:39:46.326+0000] {logging_mixin.py:188} INFO - [2026-01-02T04:39:46.326+0000] {dag.py:3820} INFO - Setting next_dagrun for example_kubernetes_executor to None, run_after=None
[2026-01-02T04:39:46.335+0000] {processor.py:183} INFO - Processing /home/airflow/.local/lib/python3.8/site-packages/airflow/example_dags/example_kubernetes_executor.py took 0.038 seconds
[2026-01-02T04:40:16.500+0000] {processor.py:161} INFO - Started process (PID=234) to work on /home/airflow/.local/lib/python3.8/site-packages/airflow/example_dags/example_kubernetes_executor.py
[2026-01-02T04:40:16.500+0000] {processor.py:830} INFO - Processing file /home/airflow/.local/lib/python3.8/site-packages/airflow/example_dags/example_kubernetes_executor.py for tasks to queue
[2026-01-02T04:40:16.501+0000] {logging_mixin.py:188} INFO - [2026-01-02T04:40:16.501+0000] {dagbag.py:538} INFO - Filling up the DagBag from /home/airflow/.local/lib/python3.8/site-packages/airflow/example_dags/example_kubernetes_executor.py
[2026-01-02T04:40:16.507+0000] {processor.py:840} INFO - DAG(s) 'example_kubernetes_executor' retrieved from /home/airflow/.local/lib/python3.8/site-packages/airflow/example_dags/example_kubernetes_executor.py
[2026-01-02T04:40:16.522+0000] {logging_mixin.py:188} INFO - [2026-01-02T04:40:16.522+0000] {dag.py:3033} INFO - Sync 1 DAGs
[2026-01-02T04:40:16.527+0000] {logging_mixin.py:188} INFO - [2026-01-02T04:40:16.527+0000] {dag.py:3820} INFO - Setting next_dagrun for example_kubernetes_executor to None, run_after=None
[2026-01-02T04:40:16.538+0000] {processor.py:183} INFO - Processing /home/airflow/.local/lib/python3.8/site-packages/airflow/example_dags/example_kubernetes_executor.py took 0.040 seconds
[2026-01-02T04:40:46.706+0000] {processor.py:161} INFO - Started process (PID=289) to work on /home/airflow/.local/lib/python3.8/site-packages/airflow/example_dags/example_kubernetes_executor.py
[2026-01-02T04:40:46.706+0000] {processor.py:830} INFO - Processing file /home/airflow/.local/lib/python3.8/site-packages/airflow/example_dags/example_kubernetes_executor.py for tasks to queue
[2026-01-02T04:40:46.707+0000] {logging_mixin.py:188} INFO - [2026-01-02T04:40:46.707+0000] {dagbag.py:538} INFO - Filling up the DagBag from /home/airflow/.local/lib/python3.8/site-packages/airflow/example_dags/example_kubernetes_executor.py
[2026-01-02T04:40:46.712+0000] {processor.py:840} INFO - DAG(s) 'example_kubernetes_executor' retrieved from /home/airflow/.local/lib/python3.8/site-packages/airflow/example_dags/example_kubernetes_executor.py
[2026-01-02T04:40:46.727+0000] {logging_mixin.py:188} INFO - [2026-01-02T04:40:46.727+0000] {dag.py:3033} INFO - Sync 1 DAGs
[2026-01-02T04:40:46.733+0000] {logging_mixin.py:188} INFO - [2026-01-02T04:40:46.732+0000] {dag.py:3820} INFO - Setting next_dagrun for example_kubernetes_executor to None, run_after=None
[2026-01-02T04:40:46.742+0000] {processor.py:183} INFO - Processing /home/airflow/.local/lib/python3.8/site-packages/airflow/example_dags/example_kubernetes_executor.py took 0.038 seconds
[2026-01-02T04:41:16.858+0000] {processor.py:161} INFO - Started process (PID=344) to work on /home/airflow/.local/lib/python3.8/site-packages/airflow/example_dags/example_kubernetes_executor.py
[2026-01-02T04:41:16.858+0000] {processor.py:830} INFO - Processing file /home/airflow/.local/lib/python3.8/site-packages/airflow/example_dags/example_kubernetes_executor.py for tasks to queue
[2026-01-02T04:41:16.859+0000] {logging_mixin.py:188} INFO - [2026-01-02T04:41:16.859+0000] {dagbag.py:538} INFO - Filling up the DagBag from /home/airflow/.local/lib/python3.8/site-packages/airflow/example_dags/example_kubernetes_executor.py
[2026-01-02T04:41:16.864+0000] {processor.py:840} INFO - DAG(s) 'example_kubernetes_executor' retrieved from /home/airflow/.local/lib/python3.8/site-packages/airflow/example_dags/example_kubernetes_executor.py
[2026-01-02T04:41:16.881+0000] {logging_mixin.py:188} INFO - [2026-01-02T04:41:16.880+0000] {dag.py:3033} INFO - Sync 1 DAGs
[2026-01-02T04:41:16.887+0000] {logging_mixin.py:188} INFO - [2026-01-02T04:41:16.887+0000] {dag.py:3820} INFO - Setting next_dagrun for example_kubernetes_executor to None, run_after=None
[2026-01-02T04:41:16.897+0000] {processor.py:183} INFO - Processing /home/airflow/.local/lib/python3.8/site-packages/airflow/example_dags/example_kubernetes_executor.py took 0.040 seconds
[2026-01-02T04:41:47.078+0000] {processor.py:161} INFO - Started process (PID=399) to work on /home/airflow/.local/lib/python3.8/site-packages/airflow/example_dags/example_kubernetes_executor.py
[2026-01-02T04:41:47.079+0000] {processor.py:830} INFO - Processing file /home/airflow/.local/lib/python3.8/site-packages/airflow/example_dags/example_kubernetes_executor.py for tasks to queue
[2026-01-02T04:41:47.080+0000] {logging_mixin.py:188} INFO - [2026-01-02T04:41:47.080+0000] {dagbag.py:538} INFO - Filling up the DagBag from /home/airflow/.local/lib/python3.8/site-packages/airflow/example_dags/example_kubernetes_executor.py
[2026-01-02T04:41:47.085+0000] {processor.py:840} INFO - DAG(s) 'example_kubernetes_executor' retrieved from /home/airflow/.local/lib/python3.8/site-packages/airflow/example_dags/example_kubernetes_executor.py
[2026-01-02T04:41:47.100+0000] {logging_mixin.py:188} INFO - [2026-01-02T04:41:47.100+0000] {dag.py:3033} INFO - Sync 1 DAGs
[2026-01-02T04:41:47.105+0000] {logging_mixin.py:188} INFO - [2026-01-02T04:41:47.105+0000] {dag.py:3820} INFO - Setting next_dagrun for example_kubernetes_executor to None, run_after=None
[2026-01-02T04:41:47.115+0000] {processor.py:183} INFO - Processing /home/airflow/.local/lib/python3.8/site-packages/airflow/example_dags/example_kubernetes_executor.py took 0.037 seconds
[2026-01-02T04:42:17.217+0000] {processor.py:161} INFO - Started process (PID=454) to work on /home/airflow/.local/lib/python3.8/site-packages/airflow/example_dags/example_kubernetes_executor.py
[2026-01-02T04:42:17.217+0000] {processor.py:830} INFO - Processing file /home/airflow/.local/lib/python3.8/site-packages/airflow/example_dags/example_kubernetes_executor.py for tasks to queue
[2026-01-02T04:42:17.218+0000] {logging_mixin.py:188} INFO - [2026-01-02T04:42:17.218+0000] {dagbag.py:538} INFO - Filling up the DagBag from /home/airflow/.local/lib/python3.8/site-packages/airflow/example_dags/example_kubernetes_executor.py
[2026-01-02T04:42:17.223+0000] {processor.py:840} INFO - DAG(s) 'example_kubernetes_executor' retrieved from /home/airflow/.local/lib/python3.8/site-packages/airflow/example_dags/example_kubernetes_executor.py
[2026-01-02T04:42:17.239+0000] {logging_mixin.py:188} INFO - [2026-01-02T04:42:17.239+0000] {dag.py:3033} INFO - Sync 1 DAGs
[2026-01-02T04:42:17.245+0000] {logging_mixin.py:188} INFO - [2026-01-02T04:42:17.245+0000] {dag.py:3820} INFO - Setting next_dagrun for example_kubernetes_executor to None, run_after=None
[2026-01-02T04:42:17.258+0000] {processor.py:183} INFO - Processing /home/airflow/.local/lib/python3.8/site-packages/airflow/example_dags/example_kubernetes_executor.py took 0.042 seconds
[2026-01-02T04:42:47.443+0000] {processor.py:161} INFO - Started process (PID=509) to work on /home/airflow/.local/lib/python3.8/site-packages/airflow/example_dags/example_kubernetes_executor.py
[2026-01-02T04:42:47.444+0000] {processor.py:830} INFO - Processing file /home/airflow/.local/lib/python3.8/site-packages/airflow/example_dags/example_kubernetes_executor.py for tasks to queue
[2026-01-02T04:42:47.445+0000] {logging_mixin.py:188} INFO - [2026-01-02T04:42:47.445+0000] {dagbag.py:538} INFO - Filling up the DagBag from /home/airflow/.local/lib/python3.8/site-packages/airflow/example_dags/example_kubernetes_executor.py
[2026-01-02T04:42:47.450+0000] {processor.py:840} INFO - DAG(s) 'example_kubernetes_executor' retrieved from /home/airflow/.local/lib/python3.8/site-packages/airflow/example_dags/example_kubernetes_executor.py
[2026-01-02T04:42:47.465+0000] {logging_mixin.py:188} INFO - [2026-01-02T04:42:47.465+0000] {dag.py:3033} INFO - Sync 1 DAGs
[2026-01-02T04:42:47.471+0000] {logging_mixin.py:188} INFO - [2026-01-02T04:42:47.471+0000] {dag.py:3820} INFO - Setting next_dagrun for example_kubernetes_executor to None, run_after=None
[2026-01-02T04:42:47.481+0000] {processor.py:183} INFO - Processing /home/airflow/.local/lib/python3.8/site-packages/airflow/example_dags/example_kubernetes_executor.py took 0.039 seconds
[2026-01-02T04:43:17.614+0000] {processor.py:161} INFO - Started process (PID=564) to work on /home/airflow/.local/lib/python3.8/site-packages/airflow/example_dags/example_kubernetes_executor.py
[2026-01-02T04:43:17.614+0000] {processor.py:830} INFO - Processing file /home/airflow/.local/lib/python3.8/site-packages/airflow/example_dags/example_kubernetes_executor.py for tasks to queue
[2026-01-02T04:43:17.615+0000] {logging_mixin.py:188} INFO - [2026-01-02T04:43:17.615+0000] {dagbag.py:538} INFO - Filling up the DagBag from /home/airflow/.local/lib/python3.8/site-packages/airflow/example_dags/example_kubernetes_executor.py
[2026-01-02T04:43:17.620+0000] {processor.py:840} INFO - DAG(s) 'example_kubernetes_executor' retrieved from /home/airflow/.local/lib/python3.8/site-packages/airflow/example_dags/example_kubernetes_executor.py
[2026-01-02T04:43:17.635+0000] {logging_mixin.py:188} INFO - [2026-01-02T04:43:17.635+0000] {dag.py:3033} INFO - Sync 1 DAGs
[2026-01-02T04:43:17.641+0000] {logging_mixin.py:188} INFO - [2026-01-02T04:43:17.641+0000] {dag.py:3820} INFO - Setting next_dagrun for example_kubernetes_executor to None, run_after=None
[2026-01-02T04:43:17.651+0000] {processor.py:183} INFO - Processing /home/airflow/.local/lib/python3.8/site-packages/airflow/example_dags/example_kubernetes_executor.py took 0.039 seconds
[2026-01-02T04:43:47.908+0000] {processor.py:161} INFO - Started process (PID=619) to work on /home/airflow/.local/lib/python3.8/site-packages/airflow/example_dags/example_kubernetes_executor.py
[2026-01-02T04:43:47.909+0000] {processor.py:830} INFO - Processing file /home/airflow/.local/lib/python3.8/site-packages/airflow/example_dags/example_kubernetes_executor.py for tasks to queue
[2026-01-02T04:43:47.910+0000] {logging_mixin.py:188} INFO - [2026-01-02T04:43:47.909+0000] {dagbag.py:538} INFO - Filling up the DagBag from /home/airflow/.local/lib/python3.8/site-packages/airflow/example_dags/example_kubernetes_executor.py
[2026-01-02T04:43:47.916+0000] {processor.py:840} INFO - DAG(s) 'example_kubernetes_executor' retrieved from /home/airflow/.local/lib/python3.8/site-packages/airflow/example_dags/example_kubernetes_executor.py
[2026-01-02T04:43:47.933+0000] {logging_mixin.py:188} INFO - [2026-01-02T04:43:47.933+0000] {dag.py:3033} INFO - Sync 1 DAGs
[2026-01-02T04:43:47.939+0000] {logging_mixin.py:188} INFO - [2026-01-02T04:43:47.939+0000] {dag.py:3820} INFO - Setting next_dagrun for example_kubernetes_executor to None, run_after=None
[2026-01-02T04:43:47.952+0000] {processor.py:183} INFO - Processing /home/airflow/.local/lib/python3.8/site-packages/airflow/example_dags/example_kubernetes_executor.py took 0.045 seconds
[2026-01-02T04:44:18.192+0000] {processor.py:161} INFO - Started process (PID=681) to work on /home/airflow/.local/lib/python3.8/site-packages/airflow/example_dags/example_kubernetes_executor.py
[2026-01-02T04:44:18.192+0000] {processor.py:830} INFO - Processing file /home/airflow/.local/lib/python3.8/site-packages/airflow/example_dags/example_kubernetes_executor.py for tasks to queue
[2026-01-02T04:44:18.193+0000] {logging_mixin.py:188} INFO - [2026-01-02T04:44:18.193+0000] {dagbag.py:538} INFO - Filling up the DagBag from /home/airflow/.local/lib/python3.8/site-packages/airflow/example_dags/example_kubernetes_executor.py
[2026-01-02T04:44:18.198+0000] {processor.py:840} INFO - DAG(s) 'example_kubernetes_executor' retrieved from /home/airflow/.local/lib/python3.8/site-packages/airflow/example_dags/example_kubernetes_executor.py
[2026-01-02T04:44:18.214+0000] {logging_mixin.py:188} INFO - [2026-01-02T04:44:18.214+0000] {dag.py:3033} INFO - Sync 1 DAGs
[2026-01-02T04:44:18.219+0000] {logging_mixin.py:188} INFO - [2026-01-02T04:44:18.219+0000] {dag.py:3820} INFO - Setting next_dagrun for example_kubernetes_executor to None, run_after=None
[2026-01-02T04:44:18.229+0000] {processor.py:183} INFO - Processing /home/airflow/.local/lib/python3.8/site-packages/airflow/example_dags/example_kubernetes_executor.py took 0.038 seconds
[2026-01-02T04:44:48.424+0000] {processor.py:161} INFO - Started process (PID=743) to work on /home/airflow/.local/lib/python3.8/site-packages/airflow/example_dags/example_kubernetes_executor.py
[2026-01-02T04:44:48.424+0000] {processor.py:830} INFO - Processing file /home/airflow/.local/lib/python3.8/site-packages/airflow/example_dags/example_kubernetes_executor.py for tasks to queue
[2026-01-02T04:44:48.425+0000] {logging_mixin.py:188} INFO - [2026-01-02T04:44:48.425+0000] {dagbag.py:538} INFO - Filling up the DagBag from /home/airflow/.local/lib/python3.8/site-packages/airflow/example_dags/example_kubernetes_executor.py
[2026-01-02T04:44:48.432+0000] {processor.py:840} INFO - DAG(s) 'example_kubernetes_executor' retrieved from /home/airflow/.local/lib/python3.8/site-packages/airflow/example_dags/example_kubernetes_executor.py
[2026-01-02T04:44:48.450+0000] {logging_mixin.py:188} INFO - [2026-01-02T04:44:48.450+0000] {dag.py:3033} INFO - Sync 1 DAGs
[2026-01-02T04:44:48.456+0000] {logging_mixin.py:188} INFO - [2026-01-02T04:44:48.456+0000] {dag.py:3820} INFO - Setting next_dagrun for example_kubernetes_executor to None, run_after=None
[2026-01-02T04:44:48.466+0000] {processor.py:183} INFO - Processing /home/airflow/.local/lib/python3.8/site-packages/airflow/example_dags/example_kubernetes_executor.py took 0.044 seconds
[2026-01-02T04:45:18.745+0000] {processor.py:161} INFO - Started process (PID=798) to work on /home/airflow/.local/lib/python3.8/site-packages/airflow/example_dags/example_kubernetes_executor.py
[2026-01-02T04:45:18.746+0000] {processor.py:830} INFO - Processing file /home/airflow/.local/lib/python3.8/site-packages/airflow/example_dags/example_kubernetes_executor.py for tasks to queue
[2026-01-02T04:45:18.747+0000] {logging_mixin.py:188} INFO - [2026-01-02T04:45:18.747+0000] {dagbag.py:538} INFO - Filling up the DagBag from /home/airflow/.local/lib/python3.8/site-packages/airflow/example_dags/example_kubernetes_executor.py
[2026-01-02T04:45:18.752+0000] {processor.py:840} INFO - DAG(s) 'example_kubernetes_executor' retrieved from /home/airflow/.local/lib/python3.8/site-packages/airflow/example_dags/example_kubernetes_executor.py
[2026-01-02T04:45:18.769+0000] {logging_mixin.py:188} INFO - [2026-01-02T04:45:18.769+0000] {dag.py:3033} INFO - Sync 1 DAGs
[2026-01-02T04:45:18.774+0000] {logging_mixin.py:188} INFO - [2026-01-02T04:45:18.774+0000] {dag.py:3820} INFO - Setting next_dagrun for example_kubernetes_executor to None, run_after=None
[2026-01-02T04:45:18.784+0000] {processor.py:183} INFO - Processing /home/airflow/.local/lib/python3.8/site-packages/airflow/example_dags/example_kubernetes_executor.py took 0.040 seconds
[2026-01-02T04:45:49.077+0000] {processor.py:161} INFO - Started process (PID=853) to work on /home/airflow/.local/lib/python3.8/site-packages/airflow/example_dags/example_kubernetes_executor.py
[2026-01-02T04:45:49.078+0000] {processor.py:830} INFO - Processing file /home/airflow/.local/lib/python3.8/site-packages/airflow/example_dags/example_kubernetes_executor.py for tasks to queue
[2026-01-02T04:45:49.079+0000] {logging_mixin.py:188} INFO - [2026-01-02T04:45:49.078+0000] {dagbag.py:538} INFO - Filling up the DagBag from /home/airflow/.local/lib/python3.8/site-packages/airflow/example_dags/example_kubernetes_executor.py
[2026-01-02T04:45:49.085+0000] {processor.py:840} INFO - DAG(s) 'example_kubernetes_executor' retrieved from /home/airflow/.local/lib/python3.8/site-packages/airflow/example_dags/example_kubernetes_executor.py
[2026-01-02T04:45:49.099+0000] {logging_mixin.py:188} INFO - [2026-01-02T04:45:49.099+0000] {dag.py:3033} INFO - Sync 1 DAGs
[2026-01-02T04:45:49.105+0000] {logging_mixin.py:188} INFO - [2026-01-02T04:45:49.104+0000] {dag.py:3820} INFO - Setting next_dagrun for example_kubernetes_executor to None, run_after=None
[2026-01-02T04:45:49.114+0000] {processor.py:183} INFO - Processing /home/airflow/.local/lib/python3.8/site-packages/airflow/example_dags/example_kubernetes_executor.py took 0.038 seconds
[2026-01-02T04:46:19.362+0000] {processor.py:161} INFO - Started process (PID=908) to work on /home/airflow/.local/lib/python3.8/site-packages/airflow/example_dags/example_kubernetes_executor.py
[2026-01-02T04:46:19.363+0000] {processor.py:830} INFO - Processing file /home/airflow/.local/lib/python3.8/site-packages/airflow/example_dags/example_kubernetes_executor.py for tasks to queue
[2026-01-02T04:46:19.364+0000] {logging_mixin.py:188} INFO - [2026-01-02T04:46:19.364+0000] {dagbag.py:538} INFO - Filling up the DagBag from /home/airflow/.local/lib/python3.8/site-packages/airflow/example_dags/example_kubernetes_executor.py
[2026-01-02T04:46:19.370+0000] {processor.py:840} INFO - DAG(s) 'example_kubernetes_executor' retrieved from /home/airflow/.local/lib/python3.8/site-packages/airflow/example_dags/example_kubernetes_executor.py
[2026-01-02T04:46:19.388+0000] {logging_mixin.py:188} INFO - [2026-01-02T04:46:19.388+0000] {dag.py:3033} INFO - Sync 1 DAGs
[2026-01-02T04:46:19.394+0000] {logging_mixin.py:188} INFO - [2026-01-02T04:46:19.394+0000] {dag.py:3820} INFO - Setting next_dagrun for example_kubernetes_executor to None, run_after=None
[2026-01-02T04:46:19.404+0000] {processor.py:183} INFO - Processing /home/airflow/.local/lib/python3.8/site-packages/airflow/example_dags/example_kubernetes_executor.py took 0.043 seconds
[2026-01-02T04:46:49.659+0000] {processor.py:161} INFO - Started process (PID=963) to work on /home/airflow/.local/lib/python3.8/site-packages/airflow/example_dags/example_kubernetes_executor.py
[2026-01-02T04:46:49.659+0000] {processor.py:830} INFO - Processing file /home/airflow/.local/lib/python3.8/site-packages/airflow/example_dags/example_kubernetes_executor.py for tasks to queue
[2026-01-02T04:46:49.660+0000] {logging_mixin.py:188} INFO - [2026-01-02T04:46:49.660+0000] {dagbag.py:538} INFO - Filling up the DagBag from /home/airflow/.local/lib/python3.8/site-packages/airflow/example_dags/example_kubernetes_executor.py
[2026-01-02T04:46:49.666+0000] {processor.py:840} INFO - DAG(s) 'example_kubernetes_executor' retrieved from /home/airflow/.local/lib/python3.8/site-packages/airflow/example_dags/example_kubernetes_executor.py
[2026-01-02T04:46:49.687+0000] {logging_mixin.py:188} INFO - [2026-01-02T04:46:49.687+0000] {dag.py:3033} INFO - Sync 1 DAGs
[2026-01-02T04:46:49.692+0000] {logging_mixin.py:188} INFO - [2026-01-02T04:46:49.692+0000] {dag.py:3820} INFO - Setting next_dagrun for example_kubernetes_executor to None, run_after=None
[2026-01-02T04:46:49.703+0000] {processor.py:183} INFO - Processing /home/airflow/.local/lib/python3.8/site-packages/airflow/example_dags/example_kubernetes_executor.py took 0.045 seconds
[2026-01-02T04:47:19.941+0000] {processor.py:161} INFO - Started process (PID=1018) to work on /home/airflow/.local/lib/python3.8/site-packages/airflow/example_dags/example_kubernetes_executor.py
[2026-01-02T04:47:19.942+0000] {processor.py:830} INFO - Processing file /home/airflow/.local/lib/python3.8/site-packages/airflow/example_dags/example_kubernetes_executor.py for tasks to queue
[2026-01-02T04:47:19.942+0000] {logging_mixin.py:188} INFO - [2026-01-02T04:47:19.942+0000] {dagbag.py:538} INFO - Filling up the DagBag from /home/airflow/.local/lib/python3.8/site-packages/airflow/example_dags/example_kubernetes_executor.py
[2026-01-02T04:47:19.948+0000] {processor.py:840} INFO - DAG(s) 'example_kubernetes_executor' retrieved from /home/airflow/.local/lib/python3.8/site-packages/airflow/example_dags/example_kubernetes_executor.py
[2026-01-02T04:47:19.964+0000] {logging_mixin.py:188} INFO - [2026-01-02T04:47:19.964+0000] {dag.py:3033} INFO - Sync 1 DAGs
[2026-01-02T04:47:19.970+0000] {logging_mixin.py:188} INFO - [2026-01-02T04:47:19.970+0000] {dag.py:3820} INFO - Setting next_dagrun for example_kubernetes_executor to None, run_after=None
[2026-01-02T04:47:19.980+0000] {processor.py:183} INFO - Processing /home/airflow/.local/lib/python3.8/site-packages/airflow/example_dags/example_kubernetes_executor.py took 0.040 seconds
