[2026-01-02T04:28:03.582+0000] {processor.py:161} INFO - Started process (PID=49) to work on /home/airflow/.local/lib/python3.8/site-packages/airflow/example_dags/example_complex.py
[2026-01-02T04:28:03.583+0000] {processor.py:830} INFO - Processing file /home/airflow/.local/lib/python3.8/site-packages/airflow/example_dags/example_complex.py for tasks to queue
[2026-01-02T04:28:03.584+0000] {logging_mixin.py:188} INFO - [2026-01-02T04:28:03.584+0000] {dagbag.py:538} INFO - Filling up the DagBag from /home/airflow/.local/lib/python3.8/site-packages/airflow/example_dags/example_complex.py
[2026-01-02T04:28:03.590+0000] {processor.py:840} INFO - DAG(s) 'example_complex' retrieved from /home/airflow/.local/lib/python3.8/site-packages/airflow/example_dags/example_complex.py
[2026-01-02T04:28:03.650+0000] {logging_mixin.py:188} INFO - [2026-01-02T04:28:03.649+0000] {override.py:1769} INFO - Created Permission View: can edit on DAG:example_complex
[2026-01-02T04:28:03.657+0000] {logging_mixin.py:188} INFO - [2026-01-02T04:28:03.657+0000] {override.py:1769} INFO - Created Permission View: can delete on DAG:example_complex
[2026-01-02T04:28:03.662+0000] {logging_mixin.py:188} INFO - [2026-01-02T04:28:03.662+0000] {override.py:1769} INFO - Created Permission View: can read on DAG:example_complex
[2026-01-02T04:28:03.662+0000] {logging_mixin.py:188} INFO - [2026-01-02T04:28:03.662+0000] {dag.py:3033} INFO - Sync 1 DAGs
[2026-01-02T04:28:03.668+0000] {logging_mixin.py:188} INFO - [2026-01-02T04:28:03.668+0000] {dag.py:3055} INFO - Creating ORM DAG for example_complex
[2026-01-02T04:28:03.669+0000] {logging_mixin.py:188} INFO - [2026-01-02T04:28:03.669+0000] {dag.py:3820} INFO - Setting next_dagrun for example_complex to None, run_after=None
[2026-01-02T04:28:03.680+0000] {processor.py:183} INFO - Processing /home/airflow/.local/lib/python3.8/site-packages/airflow/example_dags/example_complex.py took 0.099 seconds
[2026-01-02T04:28:33.865+0000] {processor.py:161} INFO - Started process (PID=104) to work on /home/airflow/.local/lib/python3.8/site-packages/airflow/example_dags/example_complex.py
[2026-01-02T04:28:33.865+0000] {processor.py:830} INFO - Processing file /home/airflow/.local/lib/python3.8/site-packages/airflow/example_dags/example_complex.py for tasks to queue
[2026-01-02T04:28:33.866+0000] {logging_mixin.py:188} INFO - [2026-01-02T04:28:33.866+0000] {dagbag.py:538} INFO - Filling up the DagBag from /home/airflow/.local/lib/python3.8/site-packages/airflow/example_dags/example_complex.py
[2026-01-02T04:28:33.872+0000] {processor.py:840} INFO - DAG(s) 'example_complex' retrieved from /home/airflow/.local/lib/python3.8/site-packages/airflow/example_dags/example_complex.py
[2026-01-02T04:28:33.886+0000] {logging_mixin.py:188} INFO - [2026-01-02T04:28:33.886+0000] {dag.py:3033} INFO - Sync 1 DAGs
[2026-01-02T04:28:33.891+0000] {logging_mixin.py:188} INFO - [2026-01-02T04:28:33.891+0000] {dag.py:3820} INFO - Setting next_dagrun for example_complex to None, run_after=None
[2026-01-02T04:28:33.904+0000] {processor.py:183} INFO - Processing /home/airflow/.local/lib/python3.8/site-packages/airflow/example_dags/example_complex.py took 0.040 seconds
[2026-01-02T04:29:59.613+0000] {processor.py:161} INFO - Started process (PID=41) to work on /home/airflow/.local/lib/python3.8/site-packages/airflow/example_dags/example_complex.py
[2026-01-02T04:29:59.614+0000] {processor.py:830} INFO - Processing file /home/airflow/.local/lib/python3.8/site-packages/airflow/example_dags/example_complex.py for tasks to queue
[2026-01-02T04:29:59.615+0000] {logging_mixin.py:188} INFO - [2026-01-02T04:29:59.615+0000] {dagbag.py:538} INFO - Filling up the DagBag from /home/airflow/.local/lib/python3.8/site-packages/airflow/example_dags/example_complex.py
[2026-01-02T04:29:59.621+0000] {processor.py:840} INFO - DAG(s) 'example_complex' retrieved from /home/airflow/.local/lib/python3.8/site-packages/airflow/example_dags/example_complex.py
[2026-01-02T04:29:59.630+0000] {logging_mixin.py:188} INFO - [2026-01-02T04:29:59.630+0000] {dag.py:3033} INFO - Sync 1 DAGs
[2026-01-02T04:29:59.636+0000] {logging_mixin.py:188} INFO - [2026-01-02T04:29:59.636+0000] {dag.py:3820} INFO - Setting next_dagrun for example_complex to None, run_after=None
[2026-01-02T04:29:59.648+0000] {processor.py:183} INFO - Processing /home/airflow/.local/lib/python3.8/site-packages/airflow/example_dags/example_complex.py took 0.036 seconds
[2026-01-02T04:30:30.235+0000] {processor.py:161} INFO - Started process (PID=102) to work on /home/airflow/.local/lib/python3.8/site-packages/airflow/example_dags/example_complex.py
[2026-01-02T04:30:30.236+0000] {processor.py:830} INFO - Processing file /home/airflow/.local/lib/python3.8/site-packages/airflow/example_dags/example_complex.py for tasks to queue
[2026-01-02T04:30:30.237+0000] {logging_mixin.py:188} INFO - [2026-01-02T04:30:30.237+0000] {dagbag.py:538} INFO - Filling up the DagBag from /home/airflow/.local/lib/python3.8/site-packages/airflow/example_dags/example_complex.py
[2026-01-02T04:30:30.241+0000] {processor.py:840} INFO - DAG(s) 'example_complex' retrieved from /home/airflow/.local/lib/python3.8/site-packages/airflow/example_dags/example_complex.py
[2026-01-02T04:30:30.289+0000] {logging_mixin.py:188} INFO - [2026-01-02T04:30:30.289+0000] {dag.py:3033} INFO - Sync 1 DAGs
[2026-01-02T04:30:30.294+0000] {logging_mixin.py:188} INFO - [2026-01-02T04:30:30.294+0000] {dag.py:3820} INFO - Setting next_dagrun for example_complex to None, run_after=None
[2026-01-02T04:30:30.305+0000] {processor.py:183} INFO - Processing /home/airflow/.local/lib/python3.8/site-packages/airflow/example_dags/example_complex.py took 0.071 seconds
[2026-01-02T04:31:00.535+0000] {processor.py:161} INFO - Started process (PID=157) to work on /home/airflow/.local/lib/python3.8/site-packages/airflow/example_dags/example_complex.py
[2026-01-02T04:31:00.536+0000] {processor.py:830} INFO - Processing file /home/airflow/.local/lib/python3.8/site-packages/airflow/example_dags/example_complex.py for tasks to queue
[2026-01-02T04:31:00.537+0000] {logging_mixin.py:188} INFO - [2026-01-02T04:31:00.537+0000] {dagbag.py:538} INFO - Filling up the DagBag from /home/airflow/.local/lib/python3.8/site-packages/airflow/example_dags/example_complex.py
[2026-01-02T04:31:00.541+0000] {processor.py:840} INFO - DAG(s) 'example_complex' retrieved from /home/airflow/.local/lib/python3.8/site-packages/airflow/example_dags/example_complex.py
[2026-01-02T04:31:00.561+0000] {logging_mixin.py:188} INFO - [2026-01-02T04:31:00.561+0000] {dag.py:3033} INFO - Sync 1 DAGs
[2026-01-02T04:31:00.566+0000] {logging_mixin.py:188} INFO - [2026-01-02T04:31:00.566+0000] {dag.py:3820} INFO - Setting next_dagrun for example_complex to None, run_after=None
[2026-01-02T04:31:00.579+0000] {processor.py:183} INFO - Processing /home/airflow/.local/lib/python3.8/site-packages/airflow/example_dags/example_complex.py took 0.045 seconds
[2026-01-02T04:31:31.131+0000] {processor.py:161} INFO - Started process (PID=212) to work on /home/airflow/.local/lib/python3.8/site-packages/airflow/example_dags/example_complex.py
[2026-01-02T04:31:31.132+0000] {processor.py:830} INFO - Processing file /home/airflow/.local/lib/python3.8/site-packages/airflow/example_dags/example_complex.py for tasks to queue
[2026-01-02T04:31:31.133+0000] {logging_mixin.py:188} INFO - [2026-01-02T04:31:31.133+0000] {dagbag.py:538} INFO - Filling up the DagBag from /home/airflow/.local/lib/python3.8/site-packages/airflow/example_dags/example_complex.py
[2026-01-02T04:31:31.137+0000] {processor.py:840} INFO - DAG(s) 'example_complex' retrieved from /home/airflow/.local/lib/python3.8/site-packages/airflow/example_dags/example_complex.py
[2026-01-02T04:31:31.153+0000] {logging_mixin.py:188} INFO - [2026-01-02T04:31:31.153+0000] {dag.py:3033} INFO - Sync 1 DAGs
[2026-01-02T04:31:31.160+0000] {logging_mixin.py:188} INFO - [2026-01-02T04:31:31.159+0000] {dag.py:3820} INFO - Setting next_dagrun for example_complex to None, run_after=None
[2026-01-02T04:31:31.171+0000] {processor.py:183} INFO - Processing /home/airflow/.local/lib/python3.8/site-packages/airflow/example_dags/example_complex.py took 0.042 seconds
[2026-01-02T04:32:01.498+0000] {processor.py:161} INFO - Started process (PID=267) to work on /home/airflow/.local/lib/python3.8/site-packages/airflow/example_dags/example_complex.py
[2026-01-02T04:32:01.498+0000] {processor.py:830} INFO - Processing file /home/airflow/.local/lib/python3.8/site-packages/airflow/example_dags/example_complex.py for tasks to queue
[2026-01-02T04:32:01.499+0000] {logging_mixin.py:188} INFO - [2026-01-02T04:32:01.499+0000] {dagbag.py:538} INFO - Filling up the DagBag from /home/airflow/.local/lib/python3.8/site-packages/airflow/example_dags/example_complex.py
[2026-01-02T04:32:01.506+0000] {processor.py:840} INFO - DAG(s) 'example_complex' retrieved from /home/airflow/.local/lib/python3.8/site-packages/airflow/example_dags/example_complex.py
[2026-01-02T04:32:01.524+0000] {logging_mixin.py:188} INFO - [2026-01-02T04:32:01.524+0000] {dag.py:3033} INFO - Sync 1 DAGs
[2026-01-02T04:32:01.530+0000] {logging_mixin.py:188} INFO - [2026-01-02T04:32:01.530+0000] {dag.py:3820} INFO - Setting next_dagrun for example_complex to None, run_after=None
[2026-01-02T04:32:01.544+0000] {processor.py:183} INFO - Processing /home/airflow/.local/lib/python3.8/site-packages/airflow/example_dags/example_complex.py took 0.048 seconds
[2026-01-02T04:32:31.879+0000] {processor.py:161} INFO - Started process (PID=322) to work on /home/airflow/.local/lib/python3.8/site-packages/airflow/example_dags/example_complex.py
[2026-01-02T04:32:31.879+0000] {processor.py:830} INFO - Processing file /home/airflow/.local/lib/python3.8/site-packages/airflow/example_dags/example_complex.py for tasks to queue
[2026-01-02T04:32:31.880+0000] {logging_mixin.py:188} INFO - [2026-01-02T04:32:31.880+0000] {dagbag.py:538} INFO - Filling up the DagBag from /home/airflow/.local/lib/python3.8/site-packages/airflow/example_dags/example_complex.py
[2026-01-02T04:32:31.884+0000] {processor.py:840} INFO - DAG(s) 'example_complex' retrieved from /home/airflow/.local/lib/python3.8/site-packages/airflow/example_dags/example_complex.py
[2026-01-02T04:32:31.939+0000] {logging_mixin.py:188} INFO - [2026-01-02T04:32:31.939+0000] {dag.py:3033} INFO - Sync 1 DAGs
[2026-01-02T04:32:31.944+0000] {logging_mixin.py:188} INFO - [2026-01-02T04:32:31.944+0000] {dag.py:3820} INFO - Setting next_dagrun for example_complex to None, run_after=None
[2026-01-02T04:32:31.953+0000] {processor.py:183} INFO - Processing /home/airflow/.local/lib/python3.8/site-packages/airflow/example_dags/example_complex.py took 0.076 seconds
[2026-01-02T04:33:02.193+0000] {processor.py:161} INFO - Started process (PID=377) to work on /home/airflow/.local/lib/python3.8/site-packages/airflow/example_dags/example_complex.py
[2026-01-02T04:33:02.194+0000] {processor.py:830} INFO - Processing file /home/airflow/.local/lib/python3.8/site-packages/airflow/example_dags/example_complex.py for tasks to queue
[2026-01-02T04:33:02.195+0000] {logging_mixin.py:188} INFO - [2026-01-02T04:33:02.195+0000] {dagbag.py:538} INFO - Filling up the DagBag from /home/airflow/.local/lib/python3.8/site-packages/airflow/example_dags/example_complex.py
[2026-01-02T04:33:02.199+0000] {processor.py:840} INFO - DAG(s) 'example_complex' retrieved from /home/airflow/.local/lib/python3.8/site-packages/airflow/example_dags/example_complex.py
[2026-01-02T04:33:02.213+0000] {logging_mixin.py:188} INFO - [2026-01-02T04:33:02.212+0000] {dag.py:3033} INFO - Sync 1 DAGs
[2026-01-02T04:33:02.218+0000] {logging_mixin.py:188} INFO - [2026-01-02T04:33:02.218+0000] {dag.py:3820} INFO - Setting next_dagrun for example_complex to None, run_after=None
[2026-01-02T04:33:02.230+0000] {processor.py:183} INFO - Processing /home/airflow/.local/lib/python3.8/site-packages/airflow/example_dags/example_complex.py took 0.038 seconds
[2026-01-02T04:33:32.494+0000] {processor.py:161} INFO - Started process (PID=432) to work on /home/airflow/.local/lib/python3.8/site-packages/airflow/example_dags/example_complex.py
[2026-01-02T04:33:32.495+0000] {processor.py:830} INFO - Processing file /home/airflow/.local/lib/python3.8/site-packages/airflow/example_dags/example_complex.py for tasks to queue
[2026-01-02T04:33:32.496+0000] {logging_mixin.py:188} INFO - [2026-01-02T04:33:32.496+0000] {dagbag.py:538} INFO - Filling up the DagBag from /home/airflow/.local/lib/python3.8/site-packages/airflow/example_dags/example_complex.py
[2026-01-02T04:33:32.500+0000] {processor.py:840} INFO - DAG(s) 'example_complex' retrieved from /home/airflow/.local/lib/python3.8/site-packages/airflow/example_dags/example_complex.py
[2026-01-02T04:33:32.514+0000] {logging_mixin.py:188} INFO - [2026-01-02T04:33:32.514+0000] {dag.py:3033} INFO - Sync 1 DAGs
[2026-01-02T04:33:32.520+0000] {logging_mixin.py:188} INFO - [2026-01-02T04:33:32.520+0000] {dag.py:3820} INFO - Setting next_dagrun for example_complex to None, run_after=None
[2026-01-02T04:33:32.534+0000] {processor.py:183} INFO - Processing /home/airflow/.local/lib/python3.8/site-packages/airflow/example_dags/example_complex.py took 0.041 seconds
[2026-01-02T04:34:02.760+0000] {processor.py:161} INFO - Started process (PID=487) to work on /home/airflow/.local/lib/python3.8/site-packages/airflow/example_dags/example_complex.py
[2026-01-02T04:34:02.760+0000] {processor.py:830} INFO - Processing file /home/airflow/.local/lib/python3.8/site-packages/airflow/example_dags/example_complex.py for tasks to queue
[2026-01-02T04:34:02.761+0000] {logging_mixin.py:188} INFO - [2026-01-02T04:34:02.761+0000] {dagbag.py:538} INFO - Filling up the DagBag from /home/airflow/.local/lib/python3.8/site-packages/airflow/example_dags/example_complex.py
[2026-01-02T04:34:02.765+0000] {processor.py:840} INFO - DAG(s) 'example_complex' retrieved from /home/airflow/.local/lib/python3.8/site-packages/airflow/example_dags/example_complex.py
[2026-01-02T04:34:02.778+0000] {logging_mixin.py:188} INFO - [2026-01-02T04:34:02.778+0000] {dag.py:3033} INFO - Sync 1 DAGs
[2026-01-02T04:34:02.784+0000] {logging_mixin.py:188} INFO - [2026-01-02T04:34:02.784+0000] {dag.py:3820} INFO - Setting next_dagrun for example_complex to None, run_after=None
[2026-01-02T04:34:02.793+0000] {processor.py:183} INFO - Processing /home/airflow/.local/lib/python3.8/site-packages/airflow/example_dags/example_complex.py took 0.035 seconds
[2026-01-02T04:34:33.037+0000] {processor.py:161} INFO - Started process (PID=542) to work on /home/airflow/.local/lib/python3.8/site-packages/airflow/example_dags/example_complex.py
[2026-01-02T04:34:33.038+0000] {processor.py:830} INFO - Processing file /home/airflow/.local/lib/python3.8/site-packages/airflow/example_dags/example_complex.py for tasks to queue
[2026-01-02T04:34:33.038+0000] {logging_mixin.py:188} INFO - [2026-01-02T04:34:33.038+0000] {dagbag.py:538} INFO - Filling up the DagBag from /home/airflow/.local/lib/python3.8/site-packages/airflow/example_dags/example_complex.py
[2026-01-02T04:34:33.043+0000] {processor.py:840} INFO - DAG(s) 'example_complex' retrieved from /home/airflow/.local/lib/python3.8/site-packages/airflow/example_dags/example_complex.py
[2026-01-02T04:34:33.057+0000] {logging_mixin.py:188} INFO - [2026-01-02T04:34:33.057+0000] {dag.py:3033} INFO - Sync 1 DAGs
[2026-01-02T04:34:33.063+0000] {logging_mixin.py:188} INFO - [2026-01-02T04:34:33.063+0000] {dag.py:3820} INFO - Setting next_dagrun for example_complex to None, run_after=None
[2026-01-02T04:34:33.080+0000] {processor.py:183} INFO - Processing /home/airflow/.local/lib/python3.8/site-packages/airflow/example_dags/example_complex.py took 0.044 seconds
[2026-01-02T04:35:03.425+0000] {processor.py:161} INFO - Started process (PID=597) to work on /home/airflow/.local/lib/python3.8/site-packages/airflow/example_dags/example_complex.py
[2026-01-02T04:35:03.425+0000] {processor.py:830} INFO - Processing file /home/airflow/.local/lib/python3.8/site-packages/airflow/example_dags/example_complex.py for tasks to queue
[2026-01-02T04:35:03.426+0000] {logging_mixin.py:188} INFO - [2026-01-02T04:35:03.426+0000] {dagbag.py:538} INFO - Filling up the DagBag from /home/airflow/.local/lib/python3.8/site-packages/airflow/example_dags/example_complex.py
[2026-01-02T04:35:03.431+0000] {processor.py:840} INFO - DAG(s) 'example_complex' retrieved from /home/airflow/.local/lib/python3.8/site-packages/airflow/example_dags/example_complex.py
[2026-01-02T04:35:03.447+0000] {logging_mixin.py:188} INFO - [2026-01-02T04:35:03.447+0000] {dag.py:3033} INFO - Sync 1 DAGs
[2026-01-02T04:35:03.453+0000] {logging_mixin.py:188} INFO - [2026-01-02T04:35:03.453+0000] {dag.py:3820} INFO - Setting next_dagrun for example_complex to None, run_after=None
[2026-01-02T04:35:03.465+0000] {processor.py:183} INFO - Processing /home/airflow/.local/lib/python3.8/site-packages/airflow/example_dags/example_complex.py took 0.041 seconds
[2026-01-02T04:35:33.749+0000] {processor.py:161} INFO - Started process (PID=652) to work on /home/airflow/.local/lib/python3.8/site-packages/airflow/example_dags/example_complex.py
[2026-01-02T04:35:33.750+0000] {processor.py:830} INFO - Processing file /home/airflow/.local/lib/python3.8/site-packages/airflow/example_dags/example_complex.py for tasks to queue
[2026-01-02T04:35:33.751+0000] {logging_mixin.py:188} INFO - [2026-01-02T04:35:33.751+0000] {dagbag.py:538} INFO - Filling up the DagBag from /home/airflow/.local/lib/python3.8/site-packages/airflow/example_dags/example_complex.py
[2026-01-02T04:35:33.755+0000] {processor.py:840} INFO - DAG(s) 'example_complex' retrieved from /home/airflow/.local/lib/python3.8/site-packages/airflow/example_dags/example_complex.py
[2026-01-02T04:35:33.772+0000] {logging_mixin.py:188} INFO - [2026-01-02T04:35:33.772+0000] {dag.py:3033} INFO - Sync 1 DAGs
[2026-01-02T04:35:33.778+0000] {logging_mixin.py:188} INFO - [2026-01-02T04:35:33.778+0000] {dag.py:3820} INFO - Setting next_dagrun for example_complex to None, run_after=None
[2026-01-02T04:35:33.792+0000] {processor.py:183} INFO - Processing /home/airflow/.local/lib/python3.8/site-packages/airflow/example_dags/example_complex.py took 0.044 seconds
[2026-01-02T04:36:03.997+0000] {processor.py:161} INFO - Started process (PID=707) to work on /home/airflow/.local/lib/python3.8/site-packages/airflow/example_dags/example_complex.py
[2026-01-02T04:36:03.998+0000] {processor.py:830} INFO - Processing file /home/airflow/.local/lib/python3.8/site-packages/airflow/example_dags/example_complex.py for tasks to queue
[2026-01-02T04:36:03.999+0000] {logging_mixin.py:188} INFO - [2026-01-02T04:36:03.999+0000] {dagbag.py:538} INFO - Filling up the DagBag from /home/airflow/.local/lib/python3.8/site-packages/airflow/example_dags/example_complex.py
[2026-01-02T04:36:04.004+0000] {processor.py:840} INFO - DAG(s) 'example_complex' retrieved from /home/airflow/.local/lib/python3.8/site-packages/airflow/example_dags/example_complex.py
[2026-01-02T04:36:04.018+0000] {logging_mixin.py:188} INFO - [2026-01-02T04:36:04.017+0000] {dag.py:3033} INFO - Sync 1 DAGs
[2026-01-02T04:36:04.023+0000] {logging_mixin.py:188} INFO - [2026-01-02T04:36:04.023+0000] {dag.py:3820} INFO - Setting next_dagrun for example_complex to None, run_after=None
[2026-01-02T04:36:04.033+0000] {processor.py:183} INFO - Processing /home/airflow/.local/lib/python3.8/site-packages/airflow/example_dags/example_complex.py took 0.037 seconds
[2026-01-02T04:38:44.603+0000] {processor.py:161} INFO - Started process (PID=49) to work on /home/airflow/.local/lib/python3.8/site-packages/airflow/example_dags/example_complex.py
[2026-01-02T04:38:44.604+0000] {processor.py:830} INFO - Processing file /home/airflow/.local/lib/python3.8/site-packages/airflow/example_dags/example_complex.py for tasks to queue
[2026-01-02T04:38:44.605+0000] {logging_mixin.py:188} INFO - [2026-01-02T04:38:44.604+0000] {dagbag.py:538} INFO - Filling up the DagBag from /home/airflow/.local/lib/python3.8/site-packages/airflow/example_dags/example_complex.py
[2026-01-02T04:38:44.611+0000] {processor.py:840} INFO - DAG(s) 'example_complex' retrieved from /home/airflow/.local/lib/python3.8/site-packages/airflow/example_dags/example_complex.py
[2026-01-02T04:38:44.619+0000] {logging_mixin.py:188} INFO - [2026-01-02T04:38:44.619+0000] {dag.py:3033} INFO - Sync 1 DAGs
[2026-01-02T04:38:44.625+0000] {logging_mixin.py:188} INFO - [2026-01-02T04:38:44.625+0000] {dag.py:3820} INFO - Setting next_dagrun for example_complex to None, run_after=None
[2026-01-02T04:38:44.636+0000] {processor.py:183} INFO - Processing /home/airflow/.local/lib/python3.8/site-packages/airflow/example_dags/example_complex.py took 0.034 seconds
[2026-01-02T04:39:14.929+0000] {processor.py:161} INFO - Started process (PID=104) to work on /home/airflow/.local/lib/python3.8/site-packages/airflow/example_dags/example_complex.py
[2026-01-02T04:39:14.929+0000] {processor.py:830} INFO - Processing file /home/airflow/.local/lib/python3.8/site-packages/airflow/example_dags/example_complex.py for tasks to queue
[2026-01-02T04:39:14.930+0000] {logging_mixin.py:188} INFO - [2026-01-02T04:39:14.930+0000] {dagbag.py:538} INFO - Filling up the DagBag from /home/airflow/.local/lib/python3.8/site-packages/airflow/example_dags/example_complex.py
[2026-01-02T04:39:14.934+0000] {processor.py:840} INFO - DAG(s) 'example_complex' retrieved from /home/airflow/.local/lib/python3.8/site-packages/airflow/example_dags/example_complex.py
[2026-01-02T04:39:14.978+0000] {logging_mixin.py:188} INFO - [2026-01-02T04:39:14.978+0000] {dag.py:3033} INFO - Sync 1 DAGs
[2026-01-02T04:39:14.983+0000] {logging_mixin.py:188} INFO - [2026-01-02T04:39:14.983+0000] {dag.py:3820} INFO - Setting next_dagrun for example_complex to None, run_after=None
[2026-01-02T04:39:14.993+0000] {processor.py:183} INFO - Processing /home/airflow/.local/lib/python3.8/site-packages/airflow/example_dags/example_complex.py took 0.066 seconds
[2026-01-02T04:39:45.010+0000] {processor.py:161} INFO - Started process (PID=159) to work on /home/airflow/.local/lib/python3.8/site-packages/airflow/example_dags/example_complex.py
[2026-01-02T04:39:45.011+0000] {processor.py:830} INFO - Processing file /home/airflow/.local/lib/python3.8/site-packages/airflow/example_dags/example_complex.py for tasks to queue
[2026-01-02T04:39:45.012+0000] {logging_mixin.py:188} INFO - [2026-01-02T04:39:45.011+0000] {dagbag.py:538} INFO - Filling up the DagBag from /home/airflow/.local/lib/python3.8/site-packages/airflow/example_dags/example_complex.py
[2026-01-02T04:39:45.016+0000] {processor.py:840} INFO - DAG(s) 'example_complex' retrieved from /home/airflow/.local/lib/python3.8/site-packages/airflow/example_dags/example_complex.py
[2026-01-02T04:39:45.028+0000] {logging_mixin.py:188} INFO - [2026-01-02T04:39:45.028+0000] {dag.py:3033} INFO - Sync 1 DAGs
[2026-01-02T04:39:45.033+0000] {logging_mixin.py:188} INFO - [2026-01-02T04:39:45.033+0000] {dag.py:3820} INFO - Setting next_dagrun for example_complex to None, run_after=None
[2026-01-02T04:39:45.043+0000] {processor.py:183} INFO - Processing /home/airflow/.local/lib/python3.8/site-packages/airflow/example_dags/example_complex.py took 0.034 seconds
[2026-01-02T04:40:15.168+0000] {processor.py:161} INFO - Started process (PID=214) to work on /home/airflow/.local/lib/python3.8/site-packages/airflow/example_dags/example_complex.py
[2026-01-02T04:40:15.169+0000] {processor.py:830} INFO - Processing file /home/airflow/.local/lib/python3.8/site-packages/airflow/example_dags/example_complex.py for tasks to queue
[2026-01-02T04:40:15.170+0000] {logging_mixin.py:188} INFO - [2026-01-02T04:40:15.170+0000] {dagbag.py:538} INFO - Filling up the DagBag from /home/airflow/.local/lib/python3.8/site-packages/airflow/example_dags/example_complex.py
[2026-01-02T04:40:15.174+0000] {processor.py:840} INFO - DAG(s) 'example_complex' retrieved from /home/airflow/.local/lib/python3.8/site-packages/airflow/example_dags/example_complex.py
[2026-01-02T04:40:15.186+0000] {logging_mixin.py:188} INFO - [2026-01-02T04:40:15.186+0000] {dag.py:3033} INFO - Sync 1 DAGs
[2026-01-02T04:40:15.191+0000] {logging_mixin.py:188} INFO - [2026-01-02T04:40:15.191+0000] {dag.py:3820} INFO - Setting next_dagrun for example_complex to None, run_after=None
[2026-01-02T04:40:15.200+0000] {processor.py:183} INFO - Processing /home/airflow/.local/lib/python3.8/site-packages/airflow/example_dags/example_complex.py took 0.033 seconds
[2026-01-02T04:40:45.376+0000] {processor.py:161} INFO - Started process (PID=269) to work on /home/airflow/.local/lib/python3.8/site-packages/airflow/example_dags/example_complex.py
[2026-01-02T04:40:45.376+0000] {processor.py:830} INFO - Processing file /home/airflow/.local/lib/python3.8/site-packages/airflow/example_dags/example_complex.py for tasks to queue
[2026-01-02T04:40:45.377+0000] {logging_mixin.py:188} INFO - [2026-01-02T04:40:45.377+0000] {dagbag.py:538} INFO - Filling up the DagBag from /home/airflow/.local/lib/python3.8/site-packages/airflow/example_dags/example_complex.py
[2026-01-02T04:40:45.381+0000] {processor.py:840} INFO - DAG(s) 'example_complex' retrieved from /home/airflow/.local/lib/python3.8/site-packages/airflow/example_dags/example_complex.py
[2026-01-02T04:40:45.394+0000] {logging_mixin.py:188} INFO - [2026-01-02T04:40:45.394+0000] {dag.py:3033} INFO - Sync 1 DAGs
[2026-01-02T04:40:45.399+0000] {logging_mixin.py:188} INFO - [2026-01-02T04:40:45.399+0000] {dag.py:3820} INFO - Setting next_dagrun for example_complex to None, run_after=None
[2026-01-02T04:40:45.408+0000] {processor.py:183} INFO - Processing /home/airflow/.local/lib/python3.8/site-packages/airflow/example_dags/example_complex.py took 0.033 seconds
[2026-01-02T04:41:15.524+0000] {processor.py:161} INFO - Started process (PID=324) to work on /home/airflow/.local/lib/python3.8/site-packages/airflow/example_dags/example_complex.py
[2026-01-02T04:41:15.525+0000] {processor.py:830} INFO - Processing file /home/airflow/.local/lib/python3.8/site-packages/airflow/example_dags/example_complex.py for tasks to queue
[2026-01-02T04:41:15.526+0000] {logging_mixin.py:188} INFO - [2026-01-02T04:41:15.526+0000] {dagbag.py:538} INFO - Filling up the DagBag from /home/airflow/.local/lib/python3.8/site-packages/airflow/example_dags/example_complex.py
[2026-01-02T04:41:15.532+0000] {processor.py:840} INFO - DAG(s) 'example_complex' retrieved from /home/airflow/.local/lib/python3.8/site-packages/airflow/example_dags/example_complex.py
[2026-01-02T04:41:15.545+0000] {logging_mixin.py:188} INFO - [2026-01-02T04:41:15.545+0000] {dag.py:3033} INFO - Sync 1 DAGs
[2026-01-02T04:41:15.550+0000] {logging_mixin.py:188} INFO - [2026-01-02T04:41:15.550+0000] {dag.py:3820} INFO - Setting next_dagrun for example_complex to None, run_after=None
[2026-01-02T04:41:15.560+0000] {processor.py:183} INFO - Processing /home/airflow/.local/lib/python3.8/site-packages/airflow/example_dags/example_complex.py took 0.037 seconds
[2026-01-02T04:41:45.777+0000] {processor.py:161} INFO - Started process (PID=379) to work on /home/airflow/.local/lib/python3.8/site-packages/airflow/example_dags/example_complex.py
[2026-01-02T04:41:45.777+0000] {processor.py:830} INFO - Processing file /home/airflow/.local/lib/python3.8/site-packages/airflow/example_dags/example_complex.py for tasks to queue
[2026-01-02T04:41:45.778+0000] {logging_mixin.py:188} INFO - [2026-01-02T04:41:45.778+0000] {dagbag.py:538} INFO - Filling up the DagBag from /home/airflow/.local/lib/python3.8/site-packages/airflow/example_dags/example_complex.py
[2026-01-02T04:41:45.782+0000] {processor.py:840} INFO - DAG(s) 'example_complex' retrieved from /home/airflow/.local/lib/python3.8/site-packages/airflow/example_dags/example_complex.py
[2026-01-02T04:41:45.795+0000] {logging_mixin.py:188} INFO - [2026-01-02T04:41:45.794+0000] {dag.py:3033} INFO - Sync 1 DAGs
[2026-01-02T04:41:45.800+0000] {logging_mixin.py:188} INFO - [2026-01-02T04:41:45.799+0000] {dag.py:3820} INFO - Setting next_dagrun for example_complex to None, run_after=None
[2026-01-02T04:41:45.808+0000] {processor.py:183} INFO - Processing /home/airflow/.local/lib/python3.8/site-packages/airflow/example_dags/example_complex.py took 0.032 seconds
[2026-01-02T04:42:15.916+0000] {processor.py:161} INFO - Started process (PID=434) to work on /home/airflow/.local/lib/python3.8/site-packages/airflow/example_dags/example_complex.py
[2026-01-02T04:42:15.917+0000] {processor.py:830} INFO - Processing file /home/airflow/.local/lib/python3.8/site-packages/airflow/example_dags/example_complex.py for tasks to queue
[2026-01-02T04:42:15.918+0000] {logging_mixin.py:188} INFO - [2026-01-02T04:42:15.918+0000] {dagbag.py:538} INFO - Filling up the DagBag from /home/airflow/.local/lib/python3.8/site-packages/airflow/example_dags/example_complex.py
[2026-01-02T04:42:15.922+0000] {processor.py:840} INFO - DAG(s) 'example_complex' retrieved from /home/airflow/.local/lib/python3.8/site-packages/airflow/example_dags/example_complex.py
[2026-01-02T04:42:15.934+0000] {logging_mixin.py:188} INFO - [2026-01-02T04:42:15.934+0000] {dag.py:3033} INFO - Sync 1 DAGs
[2026-01-02T04:42:15.938+0000] {logging_mixin.py:188} INFO - [2026-01-02T04:42:15.938+0000] {dag.py:3820} INFO - Setting next_dagrun for example_complex to None, run_after=None
[2026-01-02T04:42:15.948+0000] {processor.py:183} INFO - Processing /home/airflow/.local/lib/python3.8/site-packages/airflow/example_dags/example_complex.py took 0.032 seconds
[2026-01-02T04:42:46.141+0000] {processor.py:161} INFO - Started process (PID=495) to work on /home/airflow/.local/lib/python3.8/site-packages/airflow/example_dags/example_complex.py
[2026-01-02T04:42:46.142+0000] {processor.py:830} INFO - Processing file /home/airflow/.local/lib/python3.8/site-packages/airflow/example_dags/example_complex.py for tasks to queue
[2026-01-02T04:42:46.143+0000] {logging_mixin.py:188} INFO - [2026-01-02T04:42:46.143+0000] {dagbag.py:538} INFO - Filling up the DagBag from /home/airflow/.local/lib/python3.8/site-packages/airflow/example_dags/example_complex.py
[2026-01-02T04:42:46.147+0000] {processor.py:840} INFO - DAG(s) 'example_complex' retrieved from /home/airflow/.local/lib/python3.8/site-packages/airflow/example_dags/example_complex.py
[2026-01-02T04:42:46.161+0000] {logging_mixin.py:188} INFO - [2026-01-02T04:42:46.160+0000] {dag.py:3033} INFO - Sync 1 DAGs
[2026-01-02T04:42:46.166+0000] {logging_mixin.py:188} INFO - [2026-01-02T04:42:46.166+0000] {dag.py:3820} INFO - Setting next_dagrun for example_complex to None, run_after=None
[2026-01-02T04:42:46.175+0000] {processor.py:183} INFO - Processing /home/airflow/.local/lib/python3.8/site-packages/airflow/example_dags/example_complex.py took 0.035 seconds
[2026-01-02T04:43:16.315+0000] {processor.py:161} INFO - Started process (PID=550) to work on /home/airflow/.local/lib/python3.8/site-packages/airflow/example_dags/example_complex.py
[2026-01-02T04:43:16.316+0000] {processor.py:830} INFO - Processing file /home/airflow/.local/lib/python3.8/site-packages/airflow/example_dags/example_complex.py for tasks to queue
[2026-01-02T04:43:16.317+0000] {logging_mixin.py:188} INFO - [2026-01-02T04:43:16.317+0000] {dagbag.py:538} INFO - Filling up the DagBag from /home/airflow/.local/lib/python3.8/site-packages/airflow/example_dags/example_complex.py
[2026-01-02T04:43:16.321+0000] {processor.py:840} INFO - DAG(s) 'example_complex' retrieved from /home/airflow/.local/lib/python3.8/site-packages/airflow/example_dags/example_complex.py
[2026-01-02T04:43:16.334+0000] {logging_mixin.py:188} INFO - [2026-01-02T04:43:16.334+0000] {dag.py:3033} INFO - Sync 1 DAGs
[2026-01-02T04:43:16.339+0000] {logging_mixin.py:188} INFO - [2026-01-02T04:43:16.339+0000] {dag.py:3820} INFO - Setting next_dagrun for example_complex to None, run_after=None
[2026-01-02T04:43:16.349+0000] {processor.py:183} INFO - Processing /home/airflow/.local/lib/python3.8/site-packages/airflow/example_dags/example_complex.py took 0.034 seconds
[2026-01-02T04:43:46.587+0000] {processor.py:161} INFO - Started process (PID=605) to work on /home/airflow/.local/lib/python3.8/site-packages/airflow/example_dags/example_complex.py
[2026-01-02T04:43:46.588+0000] {processor.py:830} INFO - Processing file /home/airflow/.local/lib/python3.8/site-packages/airflow/example_dags/example_complex.py for tasks to queue
[2026-01-02T04:43:46.589+0000] {logging_mixin.py:188} INFO - [2026-01-02T04:43:46.589+0000] {dagbag.py:538} INFO - Filling up the DagBag from /home/airflow/.local/lib/python3.8/site-packages/airflow/example_dags/example_complex.py
[2026-01-02T04:43:46.593+0000] {processor.py:840} INFO - DAG(s) 'example_complex' retrieved from /home/airflow/.local/lib/python3.8/site-packages/airflow/example_dags/example_complex.py
[2026-01-02T04:43:46.605+0000] {logging_mixin.py:188} INFO - [2026-01-02T04:43:46.605+0000] {dag.py:3033} INFO - Sync 1 DAGs
[2026-01-02T04:43:46.610+0000] {logging_mixin.py:188} INFO - [2026-01-02T04:43:46.610+0000] {dag.py:3820} INFO - Setting next_dagrun for example_complex to None, run_after=None
[2026-01-02T04:43:46.619+0000] {processor.py:183} INFO - Processing /home/airflow/.local/lib/python3.8/site-packages/airflow/example_dags/example_complex.py took 0.033 seconds
[2026-01-02T04:44:16.828+0000] {processor.py:161} INFO - Started process (PID=667) to work on /home/airflow/.local/lib/python3.8/site-packages/airflow/example_dags/example_complex.py
[2026-01-02T04:44:16.829+0000] {processor.py:830} INFO - Processing file /home/airflow/.local/lib/python3.8/site-packages/airflow/example_dags/example_complex.py for tasks to queue
[2026-01-02T04:44:16.831+0000] {logging_mixin.py:188} INFO - [2026-01-02T04:44:16.831+0000] {dagbag.py:538} INFO - Filling up the DagBag from /home/airflow/.local/lib/python3.8/site-packages/airflow/example_dags/example_complex.py
[2026-01-02T04:44:16.835+0000] {processor.py:840} INFO - DAG(s) 'example_complex' retrieved from /home/airflow/.local/lib/python3.8/site-packages/airflow/example_dags/example_complex.py
[2026-01-02T04:44:16.850+0000] {logging_mixin.py:188} INFO - [2026-01-02T04:44:16.850+0000] {dag.py:3033} INFO - Sync 1 DAGs
[2026-01-02T04:44:16.855+0000] {logging_mixin.py:188} INFO - [2026-01-02T04:44:16.855+0000] {dag.py:3820} INFO - Setting next_dagrun for example_complex to None, run_after=None
[2026-01-02T04:44:16.869+0000] {processor.py:183} INFO - Processing /home/airflow/.local/lib/python3.8/site-packages/airflow/example_dags/example_complex.py took 0.041 seconds
[2026-01-02T04:44:47.071+0000] {processor.py:161} INFO - Started process (PID=729) to work on /home/airflow/.local/lib/python3.8/site-packages/airflow/example_dags/example_complex.py
[2026-01-02T04:44:47.072+0000] {processor.py:830} INFO - Processing file /home/airflow/.local/lib/python3.8/site-packages/airflow/example_dags/example_complex.py for tasks to queue
[2026-01-02T04:44:47.073+0000] {logging_mixin.py:188} INFO - [2026-01-02T04:44:47.073+0000] {dagbag.py:538} INFO - Filling up the DagBag from /home/airflow/.local/lib/python3.8/site-packages/airflow/example_dags/example_complex.py
[2026-01-02T04:44:47.077+0000] {processor.py:840} INFO - DAG(s) 'example_complex' retrieved from /home/airflow/.local/lib/python3.8/site-packages/airflow/example_dags/example_complex.py
[2026-01-02T04:44:47.090+0000] {logging_mixin.py:188} INFO - [2026-01-02T04:44:47.090+0000] {dag.py:3033} INFO - Sync 1 DAGs
[2026-01-02T04:44:47.095+0000] {logging_mixin.py:188} INFO - [2026-01-02T04:44:47.095+0000] {dag.py:3820} INFO - Setting next_dagrun for example_complex to None, run_after=None
[2026-01-02T04:44:47.104+0000] {processor.py:183} INFO - Processing /home/airflow/.local/lib/python3.8/site-packages/airflow/example_dags/example_complex.py took 0.034 seconds
[2026-01-02T04:45:17.359+0000] {processor.py:161} INFO - Started process (PID=784) to work on /home/airflow/.local/lib/python3.8/site-packages/airflow/example_dags/example_complex.py
[2026-01-02T04:45:17.360+0000] {processor.py:830} INFO - Processing file /home/airflow/.local/lib/python3.8/site-packages/airflow/example_dags/example_complex.py for tasks to queue
[2026-01-02T04:45:17.361+0000] {logging_mixin.py:188} INFO - [2026-01-02T04:45:17.361+0000] {dagbag.py:538} INFO - Filling up the DagBag from /home/airflow/.local/lib/python3.8/site-packages/airflow/example_dags/example_complex.py
[2026-01-02T04:45:17.365+0000] {processor.py:840} INFO - DAG(s) 'example_complex' retrieved from /home/airflow/.local/lib/python3.8/site-packages/airflow/example_dags/example_complex.py
[2026-01-02T04:45:17.378+0000] {logging_mixin.py:188} INFO - [2026-01-02T04:45:17.378+0000] {dag.py:3033} INFO - Sync 1 DAGs
[2026-01-02T04:45:17.383+0000] {logging_mixin.py:188} INFO - [2026-01-02T04:45:17.383+0000] {dag.py:3820} INFO - Setting next_dagrun for example_complex to None, run_after=None
[2026-01-02T04:45:17.393+0000] {processor.py:183} INFO - Processing /home/airflow/.local/lib/python3.8/site-packages/airflow/example_dags/example_complex.py took 0.036 seconds
[2026-01-02T04:45:47.733+0000] {processor.py:161} INFO - Started process (PID=839) to work on /home/airflow/.local/lib/python3.8/site-packages/airflow/example_dags/example_complex.py
[2026-01-02T04:45:47.733+0000] {processor.py:830} INFO - Processing file /home/airflow/.local/lib/python3.8/site-packages/airflow/example_dags/example_complex.py for tasks to queue
[2026-01-02T04:45:47.734+0000] {logging_mixin.py:188} INFO - [2026-01-02T04:45:47.734+0000] {dagbag.py:538} INFO - Filling up the DagBag from /home/airflow/.local/lib/python3.8/site-packages/airflow/example_dags/example_complex.py
[2026-01-02T04:45:47.738+0000] {processor.py:840} INFO - DAG(s) 'example_complex' retrieved from /home/airflow/.local/lib/python3.8/site-packages/airflow/example_dags/example_complex.py
[2026-01-02T04:45:47.751+0000] {logging_mixin.py:188} INFO - [2026-01-02T04:45:47.750+0000] {dag.py:3033} INFO - Sync 1 DAGs
[2026-01-02T04:45:47.756+0000] {logging_mixin.py:188} INFO - [2026-01-02T04:45:47.755+0000] {dag.py:3820} INFO - Setting next_dagrun for example_complex to None, run_after=None
[2026-01-02T04:45:47.764+0000] {processor.py:183} INFO - Processing /home/airflow/.local/lib/python3.8/site-packages/airflow/example_dags/example_complex.py took 0.033 seconds
[2026-01-02T04:46:18.008+0000] {processor.py:161} INFO - Started process (PID=894) to work on /home/airflow/.local/lib/python3.8/site-packages/airflow/example_dags/example_complex.py
[2026-01-02T04:46:18.008+0000] {processor.py:830} INFO - Processing file /home/airflow/.local/lib/python3.8/site-packages/airflow/example_dags/example_complex.py for tasks to queue
[2026-01-02T04:46:18.009+0000] {logging_mixin.py:188} INFO - [2026-01-02T04:46:18.009+0000] {dagbag.py:538} INFO - Filling up the DagBag from /home/airflow/.local/lib/python3.8/site-packages/airflow/example_dags/example_complex.py
[2026-01-02T04:46:18.013+0000] {processor.py:840} INFO - DAG(s) 'example_complex' retrieved from /home/airflow/.local/lib/python3.8/site-packages/airflow/example_dags/example_complex.py
[2026-01-02T04:46:18.026+0000] {logging_mixin.py:188} INFO - [2026-01-02T04:46:18.026+0000] {dag.py:3033} INFO - Sync 1 DAGs
[2026-01-02T04:46:18.031+0000] {logging_mixin.py:188} INFO - [2026-01-02T04:46:18.030+0000] {dag.py:3820} INFO - Setting next_dagrun for example_complex to None, run_after=None
[2026-01-02T04:46:18.039+0000] {processor.py:183} INFO - Processing /home/airflow/.local/lib/python3.8/site-packages/airflow/example_dags/example_complex.py took 0.032 seconds
[2026-01-02T04:46:48.277+0000] {processor.py:161} INFO - Started process (PID=949) to work on /home/airflow/.local/lib/python3.8/site-packages/airflow/example_dags/example_complex.py
[2026-01-02T04:46:48.278+0000] {processor.py:830} INFO - Processing file /home/airflow/.local/lib/python3.8/site-packages/airflow/example_dags/example_complex.py for tasks to queue
[2026-01-02T04:46:48.279+0000] {logging_mixin.py:188} INFO - [2026-01-02T04:46:48.278+0000] {dagbag.py:538} INFO - Filling up the DagBag from /home/airflow/.local/lib/python3.8/site-packages/airflow/example_dags/example_complex.py
[2026-01-02T04:46:48.283+0000] {processor.py:840} INFO - DAG(s) 'example_complex' retrieved from /home/airflow/.local/lib/python3.8/site-packages/airflow/example_dags/example_complex.py
[2026-01-02T04:46:48.302+0000] {logging_mixin.py:188} INFO - [2026-01-02T04:46:48.302+0000] {dag.py:3033} INFO - Sync 1 DAGs
[2026-01-02T04:46:48.308+0000] {logging_mixin.py:188} INFO - [2026-01-02T04:46:48.308+0000] {dag.py:3820} INFO - Setting next_dagrun for example_complex to None, run_after=None
[2026-01-02T04:46:48.319+0000] {processor.py:183} INFO - Processing /home/airflow/.local/lib/python3.8/site-packages/airflow/example_dags/example_complex.py took 0.042 seconds
[2026-01-02T04:47:18.616+0000] {processor.py:161} INFO - Started process (PID=1004) to work on /home/airflow/.local/lib/python3.8/site-packages/airflow/example_dags/example_complex.py
[2026-01-02T04:47:18.617+0000] {processor.py:830} INFO - Processing file /home/airflow/.local/lib/python3.8/site-packages/airflow/example_dags/example_complex.py for tasks to queue
[2026-01-02T04:47:18.618+0000] {logging_mixin.py:188} INFO - [2026-01-02T04:47:18.618+0000] {dagbag.py:538} INFO - Filling up the DagBag from /home/airflow/.local/lib/python3.8/site-packages/airflow/example_dags/example_complex.py
[2026-01-02T04:47:18.622+0000] {processor.py:840} INFO - DAG(s) 'example_complex' retrieved from /home/airflow/.local/lib/python3.8/site-packages/airflow/example_dags/example_complex.py
[2026-01-02T04:47:18.635+0000] {logging_mixin.py:188} INFO - [2026-01-02T04:47:18.634+0000] {dag.py:3033} INFO - Sync 1 DAGs
[2026-01-02T04:47:18.640+0000] {logging_mixin.py:188} INFO - [2026-01-02T04:47:18.640+0000] {dag.py:3820} INFO - Setting next_dagrun for example_complex to None, run_after=None
[2026-01-02T04:47:18.649+0000] {processor.py:183} INFO - Processing /home/airflow/.local/lib/python3.8/site-packages/airflow/example_dags/example_complex.py took 0.034 seconds
