[2026-01-02T04:28:04.873+0000] {processor.py:161} INFO - Started process (PID=76) to work on /home/airflow/.local/lib/python3.8/site-packages/airflow/example_dags/example_xcomargs.py
[2026-01-02T04:28:04.874+0000] {processor.py:830} INFO - Processing file /home/airflow/.local/lib/python3.8/site-packages/airflow/example_dags/example_xcomargs.py for tasks to queue
[2026-01-02T04:28:04.875+0000] {logging_mixin.py:188} INFO - [2026-01-02T04:28:04.875+0000] {dagbag.py:538} INFO - Filling up the DagBag from /home/airflow/.local/lib/python3.8/site-packages/airflow/example_dags/example_xcomargs.py
[2026-01-02T04:28:04.879+0000] {processor.py:840} INFO - DAG(s) 'example_xcom_args', 'example_xcom_args_with_operators' retrieved from /home/airflow/.local/lib/python3.8/site-packages/airflow/example_dags/example_xcomargs.py
[2026-01-02T04:28:04.931+0000] {logging_mixin.py:188} INFO - [2026-01-02T04:28:04.931+0000] {override.py:1769} INFO - Created Permission View: can edit on DAG:example_xcom_args
[2026-01-02T04:28:04.938+0000] {logging_mixin.py:188} INFO - [2026-01-02T04:28:04.938+0000] {override.py:1769} INFO - Created Permission View: can delete on DAG:example_xcom_args
[2026-01-02T04:28:04.944+0000] {logging_mixin.py:188} INFO - [2026-01-02T04:28:04.943+0000] {override.py:1769} INFO - Created Permission View: can read on DAG:example_xcom_args
[2026-01-02T04:28:04.957+0000] {logging_mixin.py:188} INFO - [2026-01-02T04:28:04.956+0000] {override.py:1769} INFO - Created Permission View: can edit on DAG:example_xcom_args_with_operators
[2026-01-02T04:28:04.962+0000] {logging_mixin.py:188} INFO - [2026-01-02T04:28:04.961+0000] {override.py:1769} INFO - Created Permission View: can delete on DAG:example_xcom_args_with_operators
[2026-01-02T04:28:04.967+0000] {logging_mixin.py:188} INFO - [2026-01-02T04:28:04.967+0000] {override.py:1769} INFO - Created Permission View: can read on DAG:example_xcom_args_with_operators
[2026-01-02T04:28:04.967+0000] {logging_mixin.py:188} INFO - [2026-01-02T04:28:04.967+0000] {dag.py:3033} INFO - Sync 2 DAGs
[2026-01-02T04:28:04.973+0000] {logging_mixin.py:188} INFO - [2026-01-02T04:28:04.973+0000] {dag.py:3055} INFO - Creating ORM DAG for example_xcom_args_with_operators
[2026-01-02T04:28:04.974+0000] {logging_mixin.py:188} INFO - [2026-01-02T04:28:04.974+0000] {dag.py:3055} INFO - Creating ORM DAG for example_xcom_args
[2026-01-02T04:28:04.974+0000] {logging_mixin.py:188} INFO - [2026-01-02T04:28:04.974+0000] {dag.py:3820} INFO - Setting next_dagrun for example_xcom_args to None, run_after=None
[2026-01-02T04:28:04.975+0000] {logging_mixin.py:188} INFO - [2026-01-02T04:28:04.975+0000] {dag.py:3820} INFO - Setting next_dagrun for example_xcom_args_with_operators to None, run_after=None
[2026-01-02T04:28:04.987+0000] {processor.py:183} INFO - Processing /home/airflow/.local/lib/python3.8/site-packages/airflow/example_dags/example_xcomargs.py took 0.115 seconds
[2026-01-02T04:28:35.426+0000] {processor.py:161} INFO - Started process (PID=131) to work on /home/airflow/.local/lib/python3.8/site-packages/airflow/example_dags/example_xcomargs.py
[2026-01-02T04:28:35.427+0000] {processor.py:830} INFO - Processing file /home/airflow/.local/lib/python3.8/site-packages/airflow/example_dags/example_xcomargs.py for tasks to queue
[2026-01-02T04:28:35.428+0000] {logging_mixin.py:188} INFO - [2026-01-02T04:28:35.428+0000] {dagbag.py:538} INFO - Filling up the DagBag from /home/airflow/.local/lib/python3.8/site-packages/airflow/example_dags/example_xcomargs.py
[2026-01-02T04:28:35.431+0000] {processor.py:840} INFO - DAG(s) 'example_xcom_args', 'example_xcom_args_with_operators' retrieved from /home/airflow/.local/lib/python3.8/site-packages/airflow/example_dags/example_xcomargs.py
[2026-01-02T04:28:35.444+0000] {logging_mixin.py:188} INFO - [2026-01-02T04:28:35.444+0000] {dag.py:3033} INFO - Sync 2 DAGs
[2026-01-02T04:28:35.450+0000] {logging_mixin.py:188} INFO - [2026-01-02T04:28:35.450+0000] {dag.py:3820} INFO - Setting next_dagrun for example_xcom_args to None, run_after=None
[2026-01-02T04:28:35.452+0000] {logging_mixin.py:188} INFO - [2026-01-02T04:28:35.452+0000] {dag.py:3820} INFO - Setting next_dagrun for example_xcom_args_with_operators to None, run_after=None
[2026-01-02T04:28:35.464+0000] {processor.py:183} INFO - Processing /home/airflow/.local/lib/python3.8/site-packages/airflow/example_dags/example_xcomargs.py took 0.039 seconds
[2026-01-02T04:30:00.251+0000] {processor.py:161} INFO - Started process (PID=68) to work on /home/airflow/.local/lib/python3.8/site-packages/airflow/example_dags/example_xcomargs.py
[2026-01-02T04:30:00.251+0000] {processor.py:830} INFO - Processing file /home/airflow/.local/lib/python3.8/site-packages/airflow/example_dags/example_xcomargs.py for tasks to queue
[2026-01-02T04:30:00.253+0000] {logging_mixin.py:188} INFO - [2026-01-02T04:30:00.252+0000] {dagbag.py:538} INFO - Filling up the DagBag from /home/airflow/.local/lib/python3.8/site-packages/airflow/example_dags/example_xcomargs.py
[2026-01-02T04:30:00.258+0000] {processor.py:840} INFO - DAG(s) 'example_xcom_args_with_operators', 'example_xcom_args' retrieved from /home/airflow/.local/lib/python3.8/site-packages/airflow/example_dags/example_xcomargs.py
[2026-01-02T04:30:00.266+0000] {logging_mixin.py:188} INFO - [2026-01-02T04:30:00.266+0000] {dag.py:3033} INFO - Sync 2 DAGs
[2026-01-02T04:30:00.275+0000] {logging_mixin.py:188} INFO - [2026-01-02T04:30:00.275+0000] {dag.py:3820} INFO - Setting next_dagrun for example_xcom_args to None, run_after=None
[2026-01-02T04:30:00.278+0000] {logging_mixin.py:188} INFO - [2026-01-02T04:30:00.278+0000] {dag.py:3820} INFO - Setting next_dagrun for example_xcom_args_with_operators to None, run_after=None
[2026-01-02T04:30:00.291+0000] {processor.py:183} INFO - Processing /home/airflow/.local/lib/python3.8/site-packages/airflow/example_dags/example_xcomargs.py took 0.042 seconds
[2026-01-02T04:30:31.330+0000] {processor.py:161} INFO - Started process (PID=123) to work on /home/airflow/.local/lib/python3.8/site-packages/airflow/example_dags/example_xcomargs.py
[2026-01-02T04:30:31.330+0000] {processor.py:830} INFO - Processing file /home/airflow/.local/lib/python3.8/site-packages/airflow/example_dags/example_xcomargs.py for tasks to queue
[2026-01-02T04:30:31.331+0000] {logging_mixin.py:188} INFO - [2026-01-02T04:30:31.331+0000] {dagbag.py:538} INFO - Filling up the DagBag from /home/airflow/.local/lib/python3.8/site-packages/airflow/example_dags/example_xcomargs.py
[2026-01-02T04:30:31.335+0000] {processor.py:840} INFO - DAG(s) 'example_xcom_args_with_operators', 'example_xcom_args' retrieved from /home/airflow/.local/lib/python3.8/site-packages/airflow/example_dags/example_xcomargs.py
[2026-01-02T04:30:31.392+0000] {logging_mixin.py:188} INFO - [2026-01-02T04:30:31.392+0000] {dag.py:3033} INFO - Sync 2 DAGs
[2026-01-02T04:30:31.397+0000] {logging_mixin.py:188} INFO - [2026-01-02T04:30:31.397+0000] {dag.py:3820} INFO - Setting next_dagrun for example_xcom_args to None, run_after=None
[2026-01-02T04:30:31.399+0000] {logging_mixin.py:188} INFO - [2026-01-02T04:30:31.399+0000] {dag.py:3820} INFO - Setting next_dagrun for example_xcom_args_with_operators to None, run_after=None
[2026-01-02T04:30:31.409+0000] {processor.py:183} INFO - Processing /home/airflow/.local/lib/python3.8/site-packages/airflow/example_dags/example_xcomargs.py took 0.081 seconds
[2026-01-02T04:31:02.272+0000] {processor.py:161} INFO - Started process (PID=178) to work on /home/airflow/.local/lib/python3.8/site-packages/airflow/example_dags/example_xcomargs.py
[2026-01-02T04:31:02.272+0000] {processor.py:830} INFO - Processing file /home/airflow/.local/lib/python3.8/site-packages/airflow/example_dags/example_xcomargs.py for tasks to queue
[2026-01-02T04:31:02.274+0000] {logging_mixin.py:188} INFO - [2026-01-02T04:31:02.274+0000] {dagbag.py:538} INFO - Filling up the DagBag from /home/airflow/.local/lib/python3.8/site-packages/airflow/example_dags/example_xcomargs.py
[2026-01-02T04:31:02.278+0000] {processor.py:840} INFO - DAG(s) 'example_xcom_args', 'example_xcom_args_with_operators' retrieved from /home/airflow/.local/lib/python3.8/site-packages/airflow/example_dags/example_xcomargs.py
[2026-01-02T04:31:02.290+0000] {logging_mixin.py:188} INFO - [2026-01-02T04:31:02.290+0000] {dag.py:3033} INFO - Sync 2 DAGs
[2026-01-02T04:31:02.296+0000] {logging_mixin.py:188} INFO - [2026-01-02T04:31:02.296+0000] {dag.py:3820} INFO - Setting next_dagrun for example_xcom_args to None, run_after=None
[2026-01-02T04:31:02.297+0000] {logging_mixin.py:188} INFO - [2026-01-02T04:31:02.297+0000] {dag.py:3820} INFO - Setting next_dagrun for example_xcom_args_with_operators to None, run_after=None
[2026-01-02T04:31:02.307+0000] {processor.py:183} INFO - Processing /home/airflow/.local/lib/python3.8/site-packages/airflow/example_dags/example_xcomargs.py took 0.036 seconds
[2026-01-02T04:31:32.701+0000] {processor.py:161} INFO - Started process (PID=233) to work on /home/airflow/.local/lib/python3.8/site-packages/airflow/example_dags/example_xcomargs.py
[2026-01-02T04:31:32.702+0000] {processor.py:830} INFO - Processing file /home/airflow/.local/lib/python3.8/site-packages/airflow/example_dags/example_xcomargs.py for tasks to queue
[2026-01-02T04:31:32.703+0000] {logging_mixin.py:188} INFO - [2026-01-02T04:31:32.703+0000] {dagbag.py:538} INFO - Filling up the DagBag from /home/airflow/.local/lib/python3.8/site-packages/airflow/example_dags/example_xcomargs.py
[2026-01-02T04:31:32.707+0000] {processor.py:840} INFO - DAG(s) 'example_xcom_args', 'example_xcom_args_with_operators' retrieved from /home/airflow/.local/lib/python3.8/site-packages/airflow/example_dags/example_xcomargs.py
[2026-01-02T04:31:32.721+0000] {logging_mixin.py:188} INFO - [2026-01-02T04:31:32.721+0000] {dag.py:3033} INFO - Sync 2 DAGs
[2026-01-02T04:31:32.731+0000] {logging_mixin.py:188} INFO - [2026-01-02T04:31:32.731+0000] {dag.py:3820} INFO - Setting next_dagrun for example_xcom_args to None, run_after=None
[2026-01-02T04:31:32.733+0000] {logging_mixin.py:188} INFO - [2026-01-02T04:31:32.733+0000] {dag.py:3820} INFO - Setting next_dagrun for example_xcom_args_with_operators to None, run_after=None
[2026-01-02T04:31:32.745+0000] {processor.py:183} INFO - Processing /home/airflow/.local/lib/python3.8/site-packages/airflow/example_dags/example_xcomargs.py took 0.045 seconds
[2026-01-02T04:32:03.158+0000] {processor.py:161} INFO - Started process (PID=288) to work on /home/airflow/.local/lib/python3.8/site-packages/airflow/example_dags/example_xcomargs.py
[2026-01-02T04:32:03.159+0000] {processor.py:830} INFO - Processing file /home/airflow/.local/lib/python3.8/site-packages/airflow/example_dags/example_xcomargs.py for tasks to queue
[2026-01-02T04:32:03.160+0000] {logging_mixin.py:188} INFO - [2026-01-02T04:32:03.160+0000] {dagbag.py:538} INFO - Filling up the DagBag from /home/airflow/.local/lib/python3.8/site-packages/airflow/example_dags/example_xcomargs.py
[2026-01-02T04:32:03.164+0000] {processor.py:840} INFO - DAG(s) 'example_xcom_args', 'example_xcom_args_with_operators' retrieved from /home/airflow/.local/lib/python3.8/site-packages/airflow/example_dags/example_xcomargs.py
[2026-01-02T04:32:03.175+0000] {logging_mixin.py:188} INFO - [2026-01-02T04:32:03.174+0000] {dag.py:3033} INFO - Sync 2 DAGs
[2026-01-02T04:32:03.181+0000] {logging_mixin.py:188} INFO - [2026-01-02T04:32:03.181+0000] {dag.py:3820} INFO - Setting next_dagrun for example_xcom_args to None, run_after=None
[2026-01-02T04:32:03.184+0000] {logging_mixin.py:188} INFO - [2026-01-02T04:32:03.183+0000] {dag.py:3820} INFO - Setting next_dagrun for example_xcom_args_with_operators to None, run_after=None
[2026-01-02T04:32:03.194+0000] {processor.py:183} INFO - Processing /home/airflow/.local/lib/python3.8/site-packages/airflow/example_dags/example_xcomargs.py took 0.037 seconds
[2026-01-02T04:32:33.446+0000] {processor.py:161} INFO - Started process (PID=343) to work on /home/airflow/.local/lib/python3.8/site-packages/airflow/example_dags/example_xcomargs.py
[2026-01-02T04:32:33.447+0000] {processor.py:830} INFO - Processing file /home/airflow/.local/lib/python3.8/site-packages/airflow/example_dags/example_xcomargs.py for tasks to queue
[2026-01-02T04:32:33.448+0000] {logging_mixin.py:188} INFO - [2026-01-02T04:32:33.448+0000] {dagbag.py:538} INFO - Filling up the DagBag from /home/airflow/.local/lib/python3.8/site-packages/airflow/example_dags/example_xcomargs.py
[2026-01-02T04:32:33.451+0000] {processor.py:840} INFO - DAG(s) 'example_xcom_args_with_operators', 'example_xcom_args' retrieved from /home/airflow/.local/lib/python3.8/site-packages/airflow/example_dags/example_xcomargs.py
[2026-01-02T04:32:33.464+0000] {logging_mixin.py:188} INFO - [2026-01-02T04:32:33.464+0000] {dag.py:3033} INFO - Sync 2 DAGs
[2026-01-02T04:32:33.470+0000] {logging_mixin.py:188} INFO - [2026-01-02T04:32:33.470+0000] {dag.py:3820} INFO - Setting next_dagrun for example_xcom_args to None, run_after=None
[2026-01-02T04:32:33.472+0000] {logging_mixin.py:188} INFO - [2026-01-02T04:32:33.472+0000] {dag.py:3820} INFO - Setting next_dagrun for example_xcom_args_with_operators to None, run_after=None
[2026-01-02T04:32:33.482+0000] {processor.py:183} INFO - Processing /home/airflow/.local/lib/python3.8/site-packages/airflow/example_dags/example_xcomargs.py took 0.038 seconds
[2026-01-02T04:33:03.727+0000] {processor.py:161} INFO - Started process (PID=398) to work on /home/airflow/.local/lib/python3.8/site-packages/airflow/example_dags/example_xcomargs.py
[2026-01-02T04:33:03.728+0000] {processor.py:830} INFO - Processing file /home/airflow/.local/lib/python3.8/site-packages/airflow/example_dags/example_xcomargs.py for tasks to queue
[2026-01-02T04:33:03.730+0000] {logging_mixin.py:188} INFO - [2026-01-02T04:33:03.730+0000] {dagbag.py:538} INFO - Filling up the DagBag from /home/airflow/.local/lib/python3.8/site-packages/airflow/example_dags/example_xcomargs.py
[2026-01-02T04:33:03.735+0000] {processor.py:840} INFO - DAG(s) 'example_xcom_args', 'example_xcom_args_with_operators' retrieved from /home/airflow/.local/lib/python3.8/site-packages/airflow/example_dags/example_xcomargs.py
[2026-01-02T04:33:03.748+0000] {logging_mixin.py:188} INFO - [2026-01-02T04:33:03.748+0000] {dag.py:3033} INFO - Sync 2 DAGs
[2026-01-02T04:33:03.754+0000] {logging_mixin.py:188} INFO - [2026-01-02T04:33:03.754+0000] {dag.py:3820} INFO - Setting next_dagrun for example_xcom_args to None, run_after=None
[2026-01-02T04:33:03.756+0000] {logging_mixin.py:188} INFO - [2026-01-02T04:33:03.756+0000] {dag.py:3820} INFO - Setting next_dagrun for example_xcom_args_with_operators to None, run_after=None
[2026-01-02T04:33:03.768+0000] {processor.py:183} INFO - Processing /home/airflow/.local/lib/python3.8/site-packages/airflow/example_dags/example_xcomargs.py took 0.043 seconds
[2026-01-02T04:33:34.009+0000] {processor.py:161} INFO - Started process (PID=453) to work on /home/airflow/.local/lib/python3.8/site-packages/airflow/example_dags/example_xcomargs.py
[2026-01-02T04:33:34.010+0000] {processor.py:830} INFO - Processing file /home/airflow/.local/lib/python3.8/site-packages/airflow/example_dags/example_xcomargs.py for tasks to queue
[2026-01-02T04:33:34.011+0000] {logging_mixin.py:188} INFO - [2026-01-02T04:33:34.011+0000] {dagbag.py:538} INFO - Filling up the DagBag from /home/airflow/.local/lib/python3.8/site-packages/airflow/example_dags/example_xcomargs.py
[2026-01-02T04:33:34.015+0000] {processor.py:840} INFO - DAG(s) 'example_xcom_args_with_operators', 'example_xcom_args' retrieved from /home/airflow/.local/lib/python3.8/site-packages/airflow/example_dags/example_xcomargs.py
[2026-01-02T04:33:34.027+0000] {logging_mixin.py:188} INFO - [2026-01-02T04:33:34.027+0000] {dag.py:3033} INFO - Sync 2 DAGs
[2026-01-02T04:33:34.033+0000] {logging_mixin.py:188} INFO - [2026-01-02T04:33:34.033+0000] {dag.py:3820} INFO - Setting next_dagrun for example_xcom_args to None, run_after=None
[2026-01-02T04:33:34.035+0000] {logging_mixin.py:188} INFO - [2026-01-02T04:33:34.035+0000] {dag.py:3820} INFO - Setting next_dagrun for example_xcom_args_with_operators to None, run_after=None
[2026-01-02T04:33:34.049+0000] {processor.py:183} INFO - Processing /home/airflow/.local/lib/python3.8/site-packages/airflow/example_dags/example_xcomargs.py took 0.041 seconds
[2026-01-02T04:34:04.314+0000] {processor.py:161} INFO - Started process (PID=508) to work on /home/airflow/.local/lib/python3.8/site-packages/airflow/example_dags/example_xcomargs.py
[2026-01-02T04:34:04.314+0000] {processor.py:830} INFO - Processing file /home/airflow/.local/lib/python3.8/site-packages/airflow/example_dags/example_xcomargs.py for tasks to queue
[2026-01-02T04:34:04.316+0000] {logging_mixin.py:188} INFO - [2026-01-02T04:34:04.315+0000] {dagbag.py:538} INFO - Filling up the DagBag from /home/airflow/.local/lib/python3.8/site-packages/airflow/example_dags/example_xcomargs.py
[2026-01-02T04:34:04.319+0000] {processor.py:840} INFO - DAG(s) 'example_xcom_args_with_operators', 'example_xcom_args' retrieved from /home/airflow/.local/lib/python3.8/site-packages/airflow/example_dags/example_xcomargs.py
[2026-01-02T04:34:04.333+0000] {logging_mixin.py:188} INFO - [2026-01-02T04:34:04.333+0000] {dag.py:3033} INFO - Sync 2 DAGs
[2026-01-02T04:34:04.339+0000] {logging_mixin.py:188} INFO - [2026-01-02T04:34:04.339+0000] {dag.py:3820} INFO - Setting next_dagrun for example_xcom_args to None, run_after=None
[2026-01-02T04:34:04.341+0000] {logging_mixin.py:188} INFO - [2026-01-02T04:34:04.341+0000] {dag.py:3820} INFO - Setting next_dagrun for example_xcom_args_with_operators to None, run_after=None
[2026-01-02T04:34:04.350+0000] {processor.py:183} INFO - Processing /home/airflow/.local/lib/python3.8/site-packages/airflow/example_dags/example_xcomargs.py took 0.037 seconds
[2026-01-02T04:34:34.663+0000] {processor.py:161} INFO - Started process (PID=563) to work on /home/airflow/.local/lib/python3.8/site-packages/airflow/example_dags/example_xcomargs.py
[2026-01-02T04:34:34.664+0000] {processor.py:830} INFO - Processing file /home/airflow/.local/lib/python3.8/site-packages/airflow/example_dags/example_xcomargs.py for tasks to queue
[2026-01-02T04:34:34.665+0000] {logging_mixin.py:188} INFO - [2026-01-02T04:34:34.665+0000] {dagbag.py:538} INFO - Filling up the DagBag from /home/airflow/.local/lib/python3.8/site-packages/airflow/example_dags/example_xcomargs.py
[2026-01-02T04:34:34.668+0000] {processor.py:840} INFO - DAG(s) 'example_xcom_args_with_operators', 'example_xcom_args' retrieved from /home/airflow/.local/lib/python3.8/site-packages/airflow/example_dags/example_xcomargs.py
[2026-01-02T04:34:34.681+0000] {logging_mixin.py:188} INFO - [2026-01-02T04:34:34.681+0000] {dag.py:3033} INFO - Sync 2 DAGs
[2026-01-02T04:34:34.687+0000] {logging_mixin.py:188} INFO - [2026-01-02T04:34:34.687+0000] {dag.py:3820} INFO - Setting next_dagrun for example_xcom_args to None, run_after=None
[2026-01-02T04:34:34.690+0000] {logging_mixin.py:188} INFO - [2026-01-02T04:34:34.689+0000] {dag.py:3820} INFO - Setting next_dagrun for example_xcom_args_with_operators to None, run_after=None
[2026-01-02T04:34:34.708+0000] {processor.py:183} INFO - Processing /home/airflow/.local/lib/python3.8/site-packages/airflow/example_dags/example_xcomargs.py took 0.046 seconds
[2026-01-02T04:35:04.972+0000] {processor.py:161} INFO - Started process (PID=618) to work on /home/airflow/.local/lib/python3.8/site-packages/airflow/example_dags/example_xcomargs.py
[2026-01-02T04:35:04.972+0000] {processor.py:830} INFO - Processing file /home/airflow/.local/lib/python3.8/site-packages/airflow/example_dags/example_xcomargs.py for tasks to queue
[2026-01-02T04:35:04.973+0000] {logging_mixin.py:188} INFO - [2026-01-02T04:35:04.973+0000] {dagbag.py:538} INFO - Filling up the DagBag from /home/airflow/.local/lib/python3.8/site-packages/airflow/example_dags/example_xcomargs.py
[2026-01-02T04:35:04.977+0000] {processor.py:840} INFO - DAG(s) 'example_xcom_args', 'example_xcom_args_with_operators' retrieved from /home/airflow/.local/lib/python3.8/site-packages/airflow/example_dags/example_xcomargs.py
[2026-01-02T04:35:04.991+0000] {logging_mixin.py:188} INFO - [2026-01-02T04:35:04.991+0000] {dag.py:3033} INFO - Sync 2 DAGs
[2026-01-02T04:35:04.997+0000] {logging_mixin.py:188} INFO - [2026-01-02T04:35:04.997+0000] {dag.py:3820} INFO - Setting next_dagrun for example_xcom_args to None, run_after=None
[2026-01-02T04:35:04.999+0000] {logging_mixin.py:188} INFO - [2026-01-02T04:35:04.999+0000] {dag.py:3820} INFO - Setting next_dagrun for example_xcom_args_with_operators to None, run_after=None
[2026-01-02T04:35:05.011+0000] {processor.py:183} INFO - Processing /home/airflow/.local/lib/python3.8/site-packages/airflow/example_dags/example_xcomargs.py took 0.041 seconds
[2026-01-02T04:35:35.302+0000] {processor.py:161} INFO - Started process (PID=673) to work on /home/airflow/.local/lib/python3.8/site-packages/airflow/example_dags/example_xcomargs.py
[2026-01-02T04:35:35.303+0000] {processor.py:830} INFO - Processing file /home/airflow/.local/lib/python3.8/site-packages/airflow/example_dags/example_xcomargs.py for tasks to queue
[2026-01-02T04:35:35.304+0000] {logging_mixin.py:188} INFO - [2026-01-02T04:35:35.304+0000] {dagbag.py:538} INFO - Filling up the DagBag from /home/airflow/.local/lib/python3.8/site-packages/airflow/example_dags/example_xcomargs.py
[2026-01-02T04:35:35.308+0000] {processor.py:840} INFO - DAG(s) 'example_xcom_args', 'example_xcom_args_with_operators' retrieved from /home/airflow/.local/lib/python3.8/site-packages/airflow/example_dags/example_xcomargs.py
[2026-01-02T04:35:35.320+0000] {logging_mixin.py:188} INFO - [2026-01-02T04:35:35.320+0000] {dag.py:3033} INFO - Sync 2 DAGs
[2026-01-02T04:35:35.327+0000] {logging_mixin.py:188} INFO - [2026-01-02T04:35:35.327+0000] {dag.py:3820} INFO - Setting next_dagrun for example_xcom_args to None, run_after=None
[2026-01-02T04:35:35.329+0000] {logging_mixin.py:188} INFO - [2026-01-02T04:35:35.329+0000] {dag.py:3820} INFO - Setting next_dagrun for example_xcom_args_with_operators to None, run_after=None
[2026-01-02T04:35:35.338+0000] {processor.py:183} INFO - Processing /home/airflow/.local/lib/python3.8/site-packages/airflow/example_dags/example_xcomargs.py took 0.037 seconds
[2026-01-02T04:36:05.600+0000] {processor.py:161} INFO - Started process (PID=728) to work on /home/airflow/.local/lib/python3.8/site-packages/airflow/example_dags/example_xcomargs.py
[2026-01-02T04:36:05.600+0000] {processor.py:830} INFO - Processing file /home/airflow/.local/lib/python3.8/site-packages/airflow/example_dags/example_xcomargs.py for tasks to queue
[2026-01-02T04:36:05.601+0000] {logging_mixin.py:188} INFO - [2026-01-02T04:36:05.601+0000] {dagbag.py:538} INFO - Filling up the DagBag from /home/airflow/.local/lib/python3.8/site-packages/airflow/example_dags/example_xcomargs.py
[2026-01-02T04:36:05.605+0000] {processor.py:840} INFO - DAG(s) 'example_xcom_args_with_operators', 'example_xcom_args' retrieved from /home/airflow/.local/lib/python3.8/site-packages/airflow/example_dags/example_xcomargs.py
[2026-01-02T04:36:05.619+0000] {logging_mixin.py:188} INFO - [2026-01-02T04:36:05.619+0000] {dag.py:3033} INFO - Sync 2 DAGs
[2026-01-02T04:36:05.626+0000] {logging_mixin.py:188} INFO - [2026-01-02T04:36:05.625+0000] {dag.py:3820} INFO - Setting next_dagrun for example_xcom_args to None, run_after=None
[2026-01-02T04:36:05.628+0000] {logging_mixin.py:188} INFO - [2026-01-02T04:36:05.628+0000] {dag.py:3820} INFO - Setting next_dagrun for example_xcom_args_with_operators to None, run_after=None
[2026-01-02T04:36:05.642+0000] {processor.py:183} INFO - Processing /home/airflow/.local/lib/python3.8/site-packages/airflow/example_dags/example_xcomargs.py took 0.043 seconds
[2026-01-02T04:38:45.256+0000] {processor.py:161} INFO - Started process (PID=70) to work on /home/airflow/.local/lib/python3.8/site-packages/airflow/example_dags/example_xcomargs.py
[2026-01-02T04:38:45.257+0000] {processor.py:830} INFO - Processing file /home/airflow/.local/lib/python3.8/site-packages/airflow/example_dags/example_xcomargs.py for tasks to queue
[2026-01-02T04:38:45.258+0000] {logging_mixin.py:188} INFO - [2026-01-02T04:38:45.258+0000] {dagbag.py:538} INFO - Filling up the DagBag from /home/airflow/.local/lib/python3.8/site-packages/airflow/example_dags/example_xcomargs.py
[2026-01-02T04:38:45.264+0000] {processor.py:840} INFO - DAG(s) 'example_xcom_args_with_operators', 'example_xcom_args' retrieved from /home/airflow/.local/lib/python3.8/site-packages/airflow/example_dags/example_xcomargs.py
[2026-01-02T04:38:45.272+0000] {logging_mixin.py:188} INFO - [2026-01-02T04:38:45.272+0000] {dag.py:3033} INFO - Sync 2 DAGs
[2026-01-02T04:38:45.280+0000] {logging_mixin.py:188} INFO - [2026-01-02T04:38:45.280+0000] {dag.py:3820} INFO - Setting next_dagrun for example_xcom_args to None, run_after=None
[2026-01-02T04:38:45.282+0000] {logging_mixin.py:188} INFO - [2026-01-02T04:38:45.282+0000] {dag.py:3820} INFO - Setting next_dagrun for example_xcom_args_with_operators to None, run_after=None
[2026-01-02T04:38:45.294+0000] {processor.py:183} INFO - Processing /home/airflow/.local/lib/python3.8/site-packages/airflow/example_dags/example_xcomargs.py took 0.039 seconds
[2026-01-02T04:39:15.870+0000] {processor.py:161} INFO - Started process (PID=131) to work on /home/airflow/.local/lib/python3.8/site-packages/airflow/example_dags/example_xcomargs.py
[2026-01-02T04:39:15.871+0000] {processor.py:830} INFO - Processing file /home/airflow/.local/lib/python3.8/site-packages/airflow/example_dags/example_xcomargs.py for tasks to queue
[2026-01-02T04:39:15.872+0000] {logging_mixin.py:188} INFO - [2026-01-02T04:39:15.872+0000] {dagbag.py:538} INFO - Filling up the DagBag from /home/airflow/.local/lib/python3.8/site-packages/airflow/example_dags/example_xcomargs.py
[2026-01-02T04:39:15.875+0000] {processor.py:840} INFO - DAG(s) 'example_xcom_args', 'example_xcom_args_with_operators' retrieved from /home/airflow/.local/lib/python3.8/site-packages/airflow/example_dags/example_xcomargs.py
[2026-01-02T04:39:15.928+0000] {logging_mixin.py:188} INFO - [2026-01-02T04:39:15.928+0000] {dag.py:3033} INFO - Sync 2 DAGs
[2026-01-02T04:39:15.933+0000] {logging_mixin.py:188} INFO - [2026-01-02T04:39:15.933+0000] {dag.py:3820} INFO - Setting next_dagrun for example_xcom_args to None, run_after=None
[2026-01-02T04:39:15.934+0000] {logging_mixin.py:188} INFO - [2026-01-02T04:39:15.934+0000] {dag.py:3820} INFO - Setting next_dagrun for example_xcom_args_with_operators to None, run_after=None
[2026-01-02T04:39:15.943+0000] {processor.py:183} INFO - Processing /home/airflow/.local/lib/python3.8/site-packages/airflow/example_dags/example_xcomargs.py took 0.074 seconds
[2026-01-02T04:39:46.477+0000] {processor.py:161} INFO - Started process (PID=186) to work on /home/airflow/.local/lib/python3.8/site-packages/airflow/example_dags/example_xcomargs.py
[2026-01-02T04:39:46.478+0000] {processor.py:830} INFO - Processing file /home/airflow/.local/lib/python3.8/site-packages/airflow/example_dags/example_xcomargs.py for tasks to queue
[2026-01-02T04:39:46.479+0000] {logging_mixin.py:188} INFO - [2026-01-02T04:39:46.478+0000] {dagbag.py:538} INFO - Filling up the DagBag from /home/airflow/.local/lib/python3.8/site-packages/airflow/example_dags/example_xcomargs.py
[2026-01-02T04:39:46.482+0000] {processor.py:840} INFO - DAG(s) 'example_xcom_args_with_operators', 'example_xcom_args' retrieved from /home/airflow/.local/lib/python3.8/site-packages/airflow/example_dags/example_xcomargs.py
[2026-01-02T04:39:46.492+0000] {logging_mixin.py:188} INFO - [2026-01-02T04:39:46.492+0000] {dag.py:3033} INFO - Sync 2 DAGs
[2026-01-02T04:39:46.497+0000] {logging_mixin.py:188} INFO - [2026-01-02T04:39:46.497+0000] {dag.py:3820} INFO - Setting next_dagrun for example_xcom_args to None, run_after=None
[2026-01-02T04:39:46.499+0000] {logging_mixin.py:188} INFO - [2026-01-02T04:39:46.498+0000] {dag.py:3820} INFO - Setting next_dagrun for example_xcom_args_with_operators to None, run_after=None
[2026-01-02T04:39:46.507+0000] {processor.py:183} INFO - Processing /home/airflow/.local/lib/python3.8/site-packages/airflow/example_dags/example_xcomargs.py took 0.031 seconds
[2026-01-02T04:40:16.678+0000] {processor.py:161} INFO - Started process (PID=241) to work on /home/airflow/.local/lib/python3.8/site-packages/airflow/example_dags/example_xcomargs.py
[2026-01-02T04:40:16.678+0000] {processor.py:830} INFO - Processing file /home/airflow/.local/lib/python3.8/site-packages/airflow/example_dags/example_xcomargs.py for tasks to queue
[2026-01-02T04:40:16.679+0000] {logging_mixin.py:188} INFO - [2026-01-02T04:40:16.679+0000] {dagbag.py:538} INFO - Filling up the DagBag from /home/airflow/.local/lib/python3.8/site-packages/airflow/example_dags/example_xcomargs.py
[2026-01-02T04:40:16.682+0000] {processor.py:840} INFO - DAG(s) 'example_xcom_args', 'example_xcom_args_with_operators' retrieved from /home/airflow/.local/lib/python3.8/site-packages/airflow/example_dags/example_xcomargs.py
[2026-01-02T04:40:16.693+0000] {logging_mixin.py:188} INFO - [2026-01-02T04:40:16.692+0000] {dag.py:3033} INFO - Sync 2 DAGs
[2026-01-02T04:40:16.698+0000] {logging_mixin.py:188} INFO - [2026-01-02T04:40:16.698+0000] {dag.py:3820} INFO - Setting next_dagrun for example_xcom_args to None, run_after=None
[2026-01-02T04:40:16.699+0000] {logging_mixin.py:188} INFO - [2026-01-02T04:40:16.699+0000] {dag.py:3820} INFO - Setting next_dagrun for example_xcom_args_with_operators to None, run_after=None
[2026-01-02T04:40:16.707+0000] {processor.py:183} INFO - Processing /home/airflow/.local/lib/python3.8/site-packages/airflow/example_dags/example_xcomargs.py took 0.031 seconds
[2026-01-02T04:40:46.884+0000] {processor.py:161} INFO - Started process (PID=296) to work on /home/airflow/.local/lib/python3.8/site-packages/airflow/example_dags/example_xcomargs.py
[2026-01-02T04:40:46.885+0000] {processor.py:830} INFO - Processing file /home/airflow/.local/lib/python3.8/site-packages/airflow/example_dags/example_xcomargs.py for tasks to queue
[2026-01-02T04:40:46.886+0000] {logging_mixin.py:188} INFO - [2026-01-02T04:40:46.886+0000] {dagbag.py:538} INFO - Filling up the DagBag from /home/airflow/.local/lib/python3.8/site-packages/airflow/example_dags/example_xcomargs.py
[2026-01-02T04:40:46.890+0000] {processor.py:840} INFO - DAG(s) 'example_xcom_args', 'example_xcom_args_with_operators' retrieved from /home/airflow/.local/lib/python3.8/site-packages/airflow/example_dags/example_xcomargs.py
[2026-01-02T04:40:46.900+0000] {logging_mixin.py:188} INFO - [2026-01-02T04:40:46.900+0000] {dag.py:3033} INFO - Sync 2 DAGs
[2026-01-02T04:40:46.906+0000] {logging_mixin.py:188} INFO - [2026-01-02T04:40:46.906+0000] {dag.py:3820} INFO - Setting next_dagrun for example_xcom_args to None, run_after=None
[2026-01-02T04:40:46.907+0000] {logging_mixin.py:188} INFO - [2026-01-02T04:40:46.907+0000] {dag.py:3820} INFO - Setting next_dagrun for example_xcom_args_with_operators to None, run_after=None
[2026-01-02T04:40:46.916+0000] {processor.py:183} INFO - Processing /home/airflow/.local/lib/python3.8/site-packages/airflow/example_dags/example_xcomargs.py took 0.032 seconds
[2026-01-02T04:41:17.020+0000] {processor.py:161} INFO - Started process (PID=351) to work on /home/airflow/.local/lib/python3.8/site-packages/airflow/example_dags/example_xcomargs.py
[2026-01-02T04:41:17.021+0000] {processor.py:830} INFO - Processing file /home/airflow/.local/lib/python3.8/site-packages/airflow/example_dags/example_xcomargs.py for tasks to queue
[2026-01-02T04:41:17.022+0000] {logging_mixin.py:188} INFO - [2026-01-02T04:41:17.021+0000] {dagbag.py:538} INFO - Filling up the DagBag from /home/airflow/.local/lib/python3.8/site-packages/airflow/example_dags/example_xcomargs.py
[2026-01-02T04:41:17.025+0000] {processor.py:840} INFO - DAG(s) 'example_xcom_args_with_operators', 'example_xcom_args' retrieved from /home/airflow/.local/lib/python3.8/site-packages/airflow/example_dags/example_xcomargs.py
[2026-01-02T04:41:17.036+0000] {logging_mixin.py:188} INFO - [2026-01-02T04:41:17.035+0000] {dag.py:3033} INFO - Sync 2 DAGs
[2026-01-02T04:41:17.042+0000] {logging_mixin.py:188} INFO - [2026-01-02T04:41:17.042+0000] {dag.py:3820} INFO - Setting next_dagrun for example_xcom_args to None, run_after=None
[2026-01-02T04:41:17.043+0000] {logging_mixin.py:188} INFO - [2026-01-02T04:41:17.043+0000] {dag.py:3820} INFO - Setting next_dagrun for example_xcom_args_with_operators to None, run_after=None
[2026-01-02T04:41:17.052+0000] {processor.py:183} INFO - Processing /home/airflow/.local/lib/python3.8/site-packages/airflow/example_dags/example_xcomargs.py took 0.033 seconds
[2026-01-02T04:41:47.251+0000] {processor.py:161} INFO - Started process (PID=406) to work on /home/airflow/.local/lib/python3.8/site-packages/airflow/example_dags/example_xcomargs.py
[2026-01-02T04:41:47.251+0000] {processor.py:830} INFO - Processing file /home/airflow/.local/lib/python3.8/site-packages/airflow/example_dags/example_xcomargs.py for tasks to queue
[2026-01-02T04:41:47.252+0000] {logging_mixin.py:188} INFO - [2026-01-02T04:41:47.252+0000] {dagbag.py:538} INFO - Filling up the DagBag from /home/airflow/.local/lib/python3.8/site-packages/airflow/example_dags/example_xcomargs.py
[2026-01-02T04:41:47.255+0000] {processor.py:840} INFO - DAG(s) 'example_xcom_args', 'example_xcom_args_with_operators' retrieved from /home/airflow/.local/lib/python3.8/site-packages/airflow/example_dags/example_xcomargs.py
[2026-01-02T04:41:47.265+0000] {logging_mixin.py:188} INFO - [2026-01-02T04:41:47.265+0000] {dag.py:3033} INFO - Sync 2 DAGs
[2026-01-02T04:41:47.271+0000] {logging_mixin.py:188} INFO - [2026-01-02T04:41:47.271+0000] {dag.py:3820} INFO - Setting next_dagrun for example_xcom_args to None, run_after=None
[2026-01-02T04:41:47.272+0000] {logging_mixin.py:188} INFO - [2026-01-02T04:41:47.272+0000] {dag.py:3820} INFO - Setting next_dagrun for example_xcom_args_with_operators to None, run_after=None
[2026-01-02T04:41:47.281+0000] {processor.py:183} INFO - Processing /home/airflow/.local/lib/python3.8/site-packages/airflow/example_dags/example_xcomargs.py took 0.031 seconds
[2026-01-02T04:42:17.425+0000] {processor.py:161} INFO - Started process (PID=461) to work on /home/airflow/.local/lib/python3.8/site-packages/airflow/example_dags/example_xcomargs.py
[2026-01-02T04:42:17.426+0000] {processor.py:830} INFO - Processing file /home/airflow/.local/lib/python3.8/site-packages/airflow/example_dags/example_xcomargs.py for tasks to queue
[2026-01-02T04:42:17.428+0000] {logging_mixin.py:188} INFO - [2026-01-02T04:42:17.427+0000] {dagbag.py:538} INFO - Filling up the DagBag from /home/airflow/.local/lib/python3.8/site-packages/airflow/example_dags/example_xcomargs.py
[2026-01-02T04:42:17.431+0000] {processor.py:840} INFO - DAG(s) 'example_xcom_args_with_operators', 'example_xcom_args' retrieved from /home/airflow/.local/lib/python3.8/site-packages/airflow/example_dags/example_xcomargs.py
[2026-01-02T04:42:17.444+0000] {logging_mixin.py:188} INFO - [2026-01-02T04:42:17.444+0000] {dag.py:3033} INFO - Sync 2 DAGs
[2026-01-02T04:42:17.449+0000] {logging_mixin.py:188} INFO - [2026-01-02T04:42:17.449+0000] {dag.py:3820} INFO - Setting next_dagrun for example_xcom_args to None, run_after=None
[2026-01-02T04:42:17.451+0000] {logging_mixin.py:188} INFO - [2026-01-02T04:42:17.451+0000] {dag.py:3820} INFO - Setting next_dagrun for example_xcom_args_with_operators to None, run_after=None
[2026-01-02T04:42:17.460+0000] {processor.py:183} INFO - Processing /home/airflow/.local/lib/python3.8/site-packages/airflow/example_dags/example_xcomargs.py took 0.037 seconds
[2026-01-02T04:42:47.664+0000] {processor.py:161} INFO - Started process (PID=516) to work on /home/airflow/.local/lib/python3.8/site-packages/airflow/example_dags/example_xcomargs.py
[2026-01-02T04:42:47.664+0000] {processor.py:830} INFO - Processing file /home/airflow/.local/lib/python3.8/site-packages/airflow/example_dags/example_xcomargs.py for tasks to queue
[2026-01-02T04:42:47.665+0000] {logging_mixin.py:188} INFO - [2026-01-02T04:42:47.665+0000] {dagbag.py:538} INFO - Filling up the DagBag from /home/airflow/.local/lib/python3.8/site-packages/airflow/example_dags/example_xcomargs.py
[2026-01-02T04:42:47.669+0000] {processor.py:840} INFO - DAG(s) 'example_xcom_args', 'example_xcom_args_with_operators' retrieved from /home/airflow/.local/lib/python3.8/site-packages/airflow/example_dags/example_xcomargs.py
[2026-01-02T04:42:47.680+0000] {logging_mixin.py:188} INFO - [2026-01-02T04:42:47.679+0000] {dag.py:3033} INFO - Sync 2 DAGs
[2026-01-02T04:42:47.687+0000] {logging_mixin.py:188} INFO - [2026-01-02T04:42:47.686+0000] {dag.py:3820} INFO - Setting next_dagrun for example_xcom_args to None, run_after=None
[2026-01-02T04:42:47.689+0000] {logging_mixin.py:188} INFO - [2026-01-02T04:42:47.688+0000] {dag.py:3820} INFO - Setting next_dagrun for example_xcom_args_with_operators to None, run_after=None
[2026-01-02T04:42:47.698+0000] {processor.py:183} INFO - Processing /home/airflow/.local/lib/python3.8/site-packages/airflow/example_dags/example_xcomargs.py took 0.035 seconds
[2026-01-02T04:43:17.873+0000] {processor.py:161} INFO - Started process (PID=571) to work on /home/airflow/.local/lib/python3.8/site-packages/airflow/example_dags/example_xcomargs.py
[2026-01-02T04:43:17.874+0000] {processor.py:830} INFO - Processing file /home/airflow/.local/lib/python3.8/site-packages/airflow/example_dags/example_xcomargs.py for tasks to queue
[2026-01-02T04:43:17.874+0000] {logging_mixin.py:188} INFO - [2026-01-02T04:43:17.874+0000] {dagbag.py:538} INFO - Filling up the DagBag from /home/airflow/.local/lib/python3.8/site-packages/airflow/example_dags/example_xcomargs.py
[2026-01-02T04:43:17.878+0000] {processor.py:840} INFO - DAG(s) 'example_xcom_args_with_operators', 'example_xcom_args' retrieved from /home/airflow/.local/lib/python3.8/site-packages/airflow/example_dags/example_xcomargs.py
[2026-01-02T04:43:17.889+0000] {logging_mixin.py:188} INFO - [2026-01-02T04:43:17.889+0000] {dag.py:3033} INFO - Sync 2 DAGs
[2026-01-02T04:43:17.895+0000] {logging_mixin.py:188} INFO - [2026-01-02T04:43:17.895+0000] {dag.py:3820} INFO - Setting next_dagrun for example_xcom_args to None, run_after=None
[2026-01-02T04:43:17.897+0000] {logging_mixin.py:188} INFO - [2026-01-02T04:43:17.897+0000] {dag.py:3820} INFO - Setting next_dagrun for example_xcom_args_with_operators to None, run_after=None
[2026-01-02T04:43:17.908+0000] {processor.py:183} INFO - Processing /home/airflow/.local/lib/python3.8/site-packages/airflow/example_dags/example_xcomargs.py took 0.036 seconds
[2026-01-02T04:43:48.108+0000] {processor.py:161} INFO - Started process (PID=626) to work on /home/airflow/.local/lib/python3.8/site-packages/airflow/example_dags/example_xcomargs.py
[2026-01-02T04:43:48.109+0000] {processor.py:830} INFO - Processing file /home/airflow/.local/lib/python3.8/site-packages/airflow/example_dags/example_xcomargs.py for tasks to queue
[2026-01-02T04:43:48.110+0000] {logging_mixin.py:188} INFO - [2026-01-02T04:43:48.109+0000] {dagbag.py:538} INFO - Filling up the DagBag from /home/airflow/.local/lib/python3.8/site-packages/airflow/example_dags/example_xcomargs.py
[2026-01-02T04:43:48.114+0000] {processor.py:840} INFO - DAG(s) 'example_xcom_args', 'example_xcom_args_with_operators' retrieved from /home/airflow/.local/lib/python3.8/site-packages/airflow/example_dags/example_xcomargs.py
[2026-01-02T04:43:48.126+0000] {logging_mixin.py:188} INFO - [2026-01-02T04:43:48.126+0000] {dag.py:3033} INFO - Sync 2 DAGs
[2026-01-02T04:43:48.132+0000] {logging_mixin.py:188} INFO - [2026-01-02T04:43:48.132+0000] {dag.py:3820} INFO - Setting next_dagrun for example_xcom_args to None, run_after=None
[2026-01-02T04:43:48.134+0000] {logging_mixin.py:188} INFO - [2026-01-02T04:43:48.134+0000] {dag.py:3820} INFO - Setting next_dagrun for example_xcom_args_with_operators to None, run_after=None
[2026-01-02T04:43:48.145+0000] {processor.py:183} INFO - Processing /home/airflow/.local/lib/python3.8/site-packages/airflow/example_dags/example_xcomargs.py took 0.038 seconds
[2026-01-02T04:44:18.376+0000] {processor.py:161} INFO - Started process (PID=688) to work on /home/airflow/.local/lib/python3.8/site-packages/airflow/example_dags/example_xcomargs.py
[2026-01-02T04:44:18.377+0000] {processor.py:830} INFO - Processing file /home/airflow/.local/lib/python3.8/site-packages/airflow/example_dags/example_xcomargs.py for tasks to queue
[2026-01-02T04:44:18.378+0000] {logging_mixin.py:188} INFO - [2026-01-02T04:44:18.377+0000] {dagbag.py:538} INFO - Filling up the DagBag from /home/airflow/.local/lib/python3.8/site-packages/airflow/example_dags/example_xcomargs.py
[2026-01-02T04:44:18.381+0000] {processor.py:840} INFO - DAG(s) 'example_xcom_args_with_operators', 'example_xcom_args' retrieved from /home/airflow/.local/lib/python3.8/site-packages/airflow/example_dags/example_xcomargs.py
[2026-01-02T04:44:18.395+0000] {logging_mixin.py:188} INFO - [2026-01-02T04:44:18.395+0000] {dag.py:3033} INFO - Sync 2 DAGs
[2026-01-02T04:44:18.402+0000] {logging_mixin.py:188} INFO - [2026-01-02T04:44:18.402+0000] {dag.py:3820} INFO - Setting next_dagrun for example_xcom_args to None, run_after=None
[2026-01-02T04:44:18.404+0000] {logging_mixin.py:188} INFO - [2026-01-02T04:44:18.404+0000] {dag.py:3820} INFO - Setting next_dagrun for example_xcom_args_with_operators to None, run_after=None
[2026-01-02T04:44:18.414+0000] {processor.py:183} INFO - Processing /home/airflow/.local/lib/python3.8/site-packages/airflow/example_dags/example_xcomargs.py took 0.039 seconds
[2026-01-02T04:44:48.616+0000] {processor.py:161} INFO - Started process (PID=750) to work on /home/airflow/.local/lib/python3.8/site-packages/airflow/example_dags/example_xcomargs.py
[2026-01-02T04:44:48.616+0000] {processor.py:830} INFO - Processing file /home/airflow/.local/lib/python3.8/site-packages/airflow/example_dags/example_xcomargs.py for tasks to queue
[2026-01-02T04:44:48.618+0000] {logging_mixin.py:188} INFO - [2026-01-02T04:44:48.617+0000] {dagbag.py:538} INFO - Filling up the DagBag from /home/airflow/.local/lib/python3.8/site-packages/airflow/example_dags/example_xcomargs.py
[2026-01-02T04:44:48.621+0000] {processor.py:840} INFO - DAG(s) 'example_xcom_args_with_operators', 'example_xcom_args' retrieved from /home/airflow/.local/lib/python3.8/site-packages/airflow/example_dags/example_xcomargs.py
[2026-01-02T04:44:48.634+0000] {logging_mixin.py:188} INFO - [2026-01-02T04:44:48.634+0000] {dag.py:3033} INFO - Sync 2 DAGs
[2026-01-02T04:44:48.641+0000] {logging_mixin.py:188} INFO - [2026-01-02T04:44:48.641+0000] {dag.py:3820} INFO - Setting next_dagrun for example_xcom_args to None, run_after=None
[2026-01-02T04:44:48.643+0000] {logging_mixin.py:188} INFO - [2026-01-02T04:44:48.642+0000] {dag.py:3820} INFO - Setting next_dagrun for example_xcom_args_with_operators to None, run_after=None
[2026-01-02T04:44:48.657+0000] {processor.py:183} INFO - Processing /home/airflow/.local/lib/python3.8/site-packages/airflow/example_dags/example_xcomargs.py took 0.042 seconds
[2026-01-02T04:45:18.954+0000] {processor.py:161} INFO - Started process (PID=805) to work on /home/airflow/.local/lib/python3.8/site-packages/airflow/example_dags/example_xcomargs.py
[2026-01-02T04:45:18.955+0000] {processor.py:830} INFO - Processing file /home/airflow/.local/lib/python3.8/site-packages/airflow/example_dags/example_xcomargs.py for tasks to queue
[2026-01-02T04:45:18.956+0000] {logging_mixin.py:188} INFO - [2026-01-02T04:45:18.956+0000] {dagbag.py:538} INFO - Filling up the DagBag from /home/airflow/.local/lib/python3.8/site-packages/airflow/example_dags/example_xcomargs.py
[2026-01-02T04:45:18.960+0000] {processor.py:840} INFO - DAG(s) 'example_xcom_args_with_operators', 'example_xcom_args' retrieved from /home/airflow/.local/lib/python3.8/site-packages/airflow/example_dags/example_xcomargs.py
[2026-01-02T04:45:18.973+0000] {logging_mixin.py:188} INFO - [2026-01-02T04:45:18.973+0000] {dag.py:3033} INFO - Sync 2 DAGs
[2026-01-02T04:45:18.979+0000] {logging_mixin.py:188} INFO - [2026-01-02T04:45:18.979+0000] {dag.py:3820} INFO - Setting next_dagrun for example_xcom_args to None, run_after=None
[2026-01-02T04:45:18.981+0000] {logging_mixin.py:188} INFO - [2026-01-02T04:45:18.981+0000] {dag.py:3820} INFO - Setting next_dagrun for example_xcom_args_with_operators to None, run_after=None
[2026-01-02T04:45:18.992+0000] {processor.py:183} INFO - Processing /home/airflow/.local/lib/python3.8/site-packages/airflow/example_dags/example_xcomargs.py took 0.039 seconds
[2026-01-02T04:45:49.320+0000] {processor.py:161} INFO - Started process (PID=860) to work on /home/airflow/.local/lib/python3.8/site-packages/airflow/example_dags/example_xcomargs.py
[2026-01-02T04:45:49.321+0000] {processor.py:830} INFO - Processing file /home/airflow/.local/lib/python3.8/site-packages/airflow/example_dags/example_xcomargs.py for tasks to queue
[2026-01-02T04:45:49.322+0000] {logging_mixin.py:188} INFO - [2026-01-02T04:45:49.322+0000] {dagbag.py:538} INFO - Filling up the DagBag from /home/airflow/.local/lib/python3.8/site-packages/airflow/example_dags/example_xcomargs.py
[2026-01-02T04:45:49.326+0000] {processor.py:840} INFO - DAG(s) 'example_xcom_args', 'example_xcom_args_with_operators' retrieved from /home/airflow/.local/lib/python3.8/site-packages/airflow/example_dags/example_xcomargs.py
[2026-01-02T04:45:49.339+0000] {logging_mixin.py:188} INFO - [2026-01-02T04:45:49.339+0000] {dag.py:3033} INFO - Sync 2 DAGs
[2026-01-02T04:45:49.345+0000] {logging_mixin.py:188} INFO - [2026-01-02T04:45:49.345+0000] {dag.py:3820} INFO - Setting next_dagrun for example_xcom_args to None, run_after=None
[2026-01-02T04:45:49.348+0000] {logging_mixin.py:188} INFO - [2026-01-02T04:45:49.348+0000] {dag.py:3820} INFO - Setting next_dagrun for example_xcom_args_with_operators to None, run_after=None
[2026-01-02T04:45:49.359+0000] {processor.py:183} INFO - Processing /home/airflow/.local/lib/python3.8/site-packages/airflow/example_dags/example_xcomargs.py took 0.040 seconds
[2026-01-02T04:46:19.588+0000] {processor.py:161} INFO - Started process (PID=915) to work on /home/airflow/.local/lib/python3.8/site-packages/airflow/example_dags/example_xcomargs.py
[2026-01-02T04:46:19.588+0000] {processor.py:830} INFO - Processing file /home/airflow/.local/lib/python3.8/site-packages/airflow/example_dags/example_xcomargs.py for tasks to queue
[2026-01-02T04:46:19.589+0000] {logging_mixin.py:188} INFO - [2026-01-02T04:46:19.589+0000] {dagbag.py:538} INFO - Filling up the DagBag from /home/airflow/.local/lib/python3.8/site-packages/airflow/example_dags/example_xcomargs.py
[2026-01-02T04:46:19.592+0000] {processor.py:840} INFO - DAG(s) 'example_xcom_args_with_operators', 'example_xcom_args' retrieved from /home/airflow/.local/lib/python3.8/site-packages/airflow/example_dags/example_xcomargs.py
[2026-01-02T04:46:19.604+0000] {logging_mixin.py:188} INFO - [2026-01-02T04:46:19.604+0000] {dag.py:3033} INFO - Sync 2 DAGs
[2026-01-02T04:46:19.610+0000] {logging_mixin.py:188} INFO - [2026-01-02T04:46:19.609+0000] {dag.py:3820} INFO - Setting next_dagrun for example_xcom_args to None, run_after=None
[2026-01-02T04:46:19.611+0000] {logging_mixin.py:188} INFO - [2026-01-02T04:46:19.611+0000] {dag.py:3820} INFO - Setting next_dagrun for example_xcom_args_with_operators to None, run_after=None
[2026-01-02T04:46:19.622+0000] {processor.py:183} INFO - Processing /home/airflow/.local/lib/python3.8/site-packages/airflow/example_dags/example_xcomargs.py took 0.036 seconds
[2026-01-02T04:46:49.916+0000] {processor.py:161} INFO - Started process (PID=970) to work on /home/airflow/.local/lib/python3.8/site-packages/airflow/example_dags/example_xcomargs.py
[2026-01-02T04:46:49.917+0000] {processor.py:830} INFO - Processing file /home/airflow/.local/lib/python3.8/site-packages/airflow/example_dags/example_xcomargs.py for tasks to queue
[2026-01-02T04:46:49.918+0000] {logging_mixin.py:188} INFO - [2026-01-02T04:46:49.918+0000] {dagbag.py:538} INFO - Filling up the DagBag from /home/airflow/.local/lib/python3.8/site-packages/airflow/example_dags/example_xcomargs.py
[2026-01-02T04:46:49.921+0000] {processor.py:840} INFO - DAG(s) 'example_xcom_args_with_operators', 'example_xcom_args' retrieved from /home/airflow/.local/lib/python3.8/site-packages/airflow/example_dags/example_xcomargs.py
[2026-01-02T04:46:49.935+0000] {logging_mixin.py:188} INFO - [2026-01-02T04:46:49.935+0000] {dag.py:3033} INFO - Sync 2 DAGs
[2026-01-02T04:46:49.942+0000] {logging_mixin.py:188} INFO - [2026-01-02T04:46:49.942+0000] {dag.py:3820} INFO - Setting next_dagrun for example_xcom_args to None, run_after=None
[2026-01-02T04:46:49.944+0000] {logging_mixin.py:188} INFO - [2026-01-02T04:46:49.944+0000] {dag.py:3820} INFO - Setting next_dagrun for example_xcom_args_with_operators to None, run_after=None
[2026-01-02T04:46:49.956+0000] {processor.py:183} INFO - Processing /home/airflow/.local/lib/python3.8/site-packages/airflow/example_dags/example_xcomargs.py took 0.040 seconds
[2026-01-02T04:47:20.175+0000] {processor.py:161} INFO - Started process (PID=1025) to work on /home/airflow/.local/lib/python3.8/site-packages/airflow/example_dags/example_xcomargs.py
[2026-01-02T04:47:20.175+0000] {processor.py:830} INFO - Processing file /home/airflow/.local/lib/python3.8/site-packages/airflow/example_dags/example_xcomargs.py for tasks to queue
[2026-01-02T04:47:20.176+0000] {logging_mixin.py:188} INFO - [2026-01-02T04:47:20.176+0000] {dagbag.py:538} INFO - Filling up the DagBag from /home/airflow/.local/lib/python3.8/site-packages/airflow/example_dags/example_xcomargs.py
[2026-01-02T04:47:20.180+0000] {processor.py:840} INFO - DAG(s) 'example_xcom_args_with_operators', 'example_xcom_args' retrieved from /home/airflow/.local/lib/python3.8/site-packages/airflow/example_dags/example_xcomargs.py
[2026-01-02T04:47:20.191+0000] {logging_mixin.py:188} INFO - [2026-01-02T04:47:20.190+0000] {dag.py:3033} INFO - Sync 2 DAGs
[2026-01-02T04:47:20.196+0000] {logging_mixin.py:188} INFO - [2026-01-02T04:47:20.196+0000] {dag.py:3820} INFO - Setting next_dagrun for example_xcom_args to None, run_after=None
[2026-01-02T04:47:20.198+0000] {logging_mixin.py:188} INFO - [2026-01-02T04:47:20.198+0000] {dag.py:3820} INFO - Setting next_dagrun for example_xcom_args_with_operators to None, run_after=None
[2026-01-02T04:47:20.207+0000] {processor.py:183} INFO - Processing /home/airflow/.local/lib/python3.8/site-packages/airflow/example_dags/example_xcomargs.py took 0.033 seconds
