[2026-01-02T04:28:04.093+0000] {processor.py:161} INFO - Started process (PID=57) to work on /home/airflow/.local/lib/python3.8/site-packages/airflow/example_dags/example_dag_decorator.py
[2026-01-02T04:28:04.093+0000] {processor.py:830} INFO - Processing file /home/airflow/.local/lib/python3.8/site-packages/airflow/example_dags/example_dag_decorator.py for tasks to queue
[2026-01-02T04:28:04.095+0000] {logging_mixin.py:188} INFO - [2026-01-02T04:28:04.094+0000] {dagbag.py:538} INFO - Filling up the DagBag from /home/airflow/.local/lib/python3.8/site-packages/airflow/example_dags/example_dag_decorator.py
[2026-01-02T04:28:04.224+0000] {processor.py:840} INFO - DAG(s) 'example_dag_decorator' retrieved from /home/airflow/.local/lib/python3.8/site-packages/airflow/example_dags/example_dag_decorator.py
[2026-01-02T04:28:04.277+0000] {logging_mixin.py:188} INFO - [2026-01-02T04:28:04.277+0000] {override.py:1769} INFO - Created Permission View: can edit on DAG:example_dag_decorator
[2026-01-02T04:28:04.283+0000] {logging_mixin.py:188} INFO - [2026-01-02T04:28:04.283+0000] {override.py:1769} INFO - Created Permission View: can delete on DAG:example_dag_decorator
[2026-01-02T04:28:04.288+0000] {logging_mixin.py:188} INFO - [2026-01-02T04:28:04.287+0000] {override.py:1769} INFO - Created Permission View: can read on DAG:example_dag_decorator
[2026-01-02T04:28:04.288+0000] {logging_mixin.py:188} INFO - [2026-01-02T04:28:04.288+0000] {dag.py:3033} INFO - Sync 1 DAGs
[2026-01-02T04:28:04.293+0000] {logging_mixin.py:188} INFO - [2026-01-02T04:28:04.293+0000] {dag.py:3055} INFO - Creating ORM DAG for example_dag_decorator
[2026-01-02T04:28:04.293+0000] {logging_mixin.py:188} INFO - [2026-01-02T04:28:04.293+0000] {dag.py:3820} INFO - Setting next_dagrun for example_dag_decorator to None, run_after=None
[2026-01-02T04:28:04.303+0000] {processor.py:183} INFO - Processing /home/airflow/.local/lib/python3.8/site-packages/airflow/example_dags/example_dag_decorator.py took 0.211 seconds
[2026-01-02T04:28:35.047+0000] {processor.py:161} INFO - Started process (PID=118) to work on /home/airflow/.local/lib/python3.8/site-packages/airflow/example_dags/example_dag_decorator.py
[2026-01-02T04:28:35.047+0000] {processor.py:830} INFO - Processing file /home/airflow/.local/lib/python3.8/site-packages/airflow/example_dags/example_dag_decorator.py for tasks to queue
[2026-01-02T04:28:35.048+0000] {logging_mixin.py:188} INFO - [2026-01-02T04:28:35.048+0000] {dagbag.py:538} INFO - Filling up the DagBag from /home/airflow/.local/lib/python3.8/site-packages/airflow/example_dags/example_dag_decorator.py
[2026-01-02T04:28:35.086+0000] {processor.py:840} INFO - DAG(s) 'example_dag_decorator' retrieved from /home/airflow/.local/lib/python3.8/site-packages/airflow/example_dags/example_dag_decorator.py
[2026-01-02T04:28:35.138+0000] {logging_mixin.py:188} INFO - [2026-01-02T04:28:35.138+0000] {dag.py:3033} INFO - Sync 1 DAGs
[2026-01-02T04:28:35.142+0000] {logging_mixin.py:188} INFO - [2026-01-02T04:28:35.142+0000] {dag.py:3820} INFO - Setting next_dagrun for example_dag_decorator to None, run_after=None
[2026-01-02T04:28:35.152+0000] {processor.py:183} INFO - Processing /home/airflow/.local/lib/python3.8/site-packages/airflow/example_dags/example_dag_decorator.py took 0.107 seconds
[2026-01-02T04:29:59.840+0000] {processor.py:161} INFO - Started process (PID=49) to work on /home/airflow/.local/lib/python3.8/site-packages/airflow/example_dags/example_dag_decorator.py
[2026-01-02T04:29:59.841+0000] {processor.py:830} INFO - Processing file /home/airflow/.local/lib/python3.8/site-packages/airflow/example_dags/example_dag_decorator.py for tasks to queue
[2026-01-02T04:29:59.842+0000] {logging_mixin.py:188} INFO - [2026-01-02T04:29:59.842+0000] {dagbag.py:538} INFO - Filling up the DagBag from /home/airflow/.local/lib/python3.8/site-packages/airflow/example_dags/example_dag_decorator.py
[2026-01-02T04:29:59.897+0000] {processor.py:840} INFO - DAG(s) 'example_dag_decorator' retrieved from /home/airflow/.local/lib/python3.8/site-packages/airflow/example_dags/example_dag_decorator.py
[2026-01-02T04:29:59.906+0000] {logging_mixin.py:188} INFO - [2026-01-02T04:29:59.906+0000] {dag.py:3033} INFO - Sync 1 DAGs
[2026-01-02T04:29:59.915+0000] {logging_mixin.py:188} INFO - [2026-01-02T04:29:59.915+0000] {dag.py:3820} INFO - Setting next_dagrun for example_dag_decorator to None, run_after=None
[2026-01-02T04:29:59.928+0000] {processor.py:183} INFO - Processing /home/airflow/.local/lib/python3.8/site-packages/airflow/example_dags/example_dag_decorator.py took 0.089 seconds
[2026-01-02T04:30:30.590+0000] {processor.py:161} INFO - Started process (PID=110) to work on /home/airflow/.local/lib/python3.8/site-packages/airflow/example_dags/example_dag_decorator.py
[2026-01-02T04:30:30.591+0000] {processor.py:830} INFO - Processing file /home/airflow/.local/lib/python3.8/site-packages/airflow/example_dags/example_dag_decorator.py for tasks to queue
[2026-01-02T04:30:30.592+0000] {logging_mixin.py:188} INFO - [2026-01-02T04:30:30.592+0000] {dagbag.py:538} INFO - Filling up the DagBag from /home/airflow/.local/lib/python3.8/site-packages/airflow/example_dags/example_dag_decorator.py
[2026-01-02T04:30:30.630+0000] {processor.py:840} INFO - DAG(s) 'example_dag_decorator' retrieved from /home/airflow/.local/lib/python3.8/site-packages/airflow/example_dags/example_dag_decorator.py
[2026-01-02T04:30:30.684+0000] {logging_mixin.py:188} INFO - [2026-01-02T04:30:30.684+0000] {dag.py:3033} INFO - Sync 1 DAGs
[2026-01-02T04:30:30.689+0000] {logging_mixin.py:188} INFO - [2026-01-02T04:30:30.689+0000] {dag.py:3820} INFO - Setting next_dagrun for example_dag_decorator to None, run_after=None
[2026-01-02T04:30:30.704+0000] {processor.py:183} INFO - Processing /home/airflow/.local/lib/python3.8/site-packages/airflow/example_dags/example_dag_decorator.py took 0.115 seconds
[2026-01-02T04:31:00.841+0000] {processor.py:161} INFO - Started process (PID=165) to work on /home/airflow/.local/lib/python3.8/site-packages/airflow/example_dags/example_dag_decorator.py
[2026-01-02T04:31:00.842+0000] {processor.py:830} INFO - Processing file /home/airflow/.local/lib/python3.8/site-packages/airflow/example_dags/example_dag_decorator.py for tasks to queue
[2026-01-02T04:31:00.843+0000] {logging_mixin.py:188} INFO - [2026-01-02T04:31:00.843+0000] {dagbag.py:538} INFO - Filling up the DagBag from /home/airflow/.local/lib/python3.8/site-packages/airflow/example_dags/example_dag_decorator.py
[2026-01-02T04:31:00.882+0000] {processor.py:840} INFO - DAG(s) 'example_dag_decorator' retrieved from /home/airflow/.local/lib/python3.8/site-packages/airflow/example_dags/example_dag_decorator.py
[2026-01-02T04:31:00.934+0000] {logging_mixin.py:188} INFO - [2026-01-02T04:31:00.934+0000] {dag.py:3033} INFO - Sync 1 DAGs
[2026-01-02T04:31:00.939+0000] {logging_mixin.py:188} INFO - [2026-01-02T04:31:00.939+0000] {dag.py:3820} INFO - Setting next_dagrun for example_dag_decorator to None, run_after=None
[2026-01-02T04:31:00.956+0000] {processor.py:183} INFO - Processing /home/airflow/.local/lib/python3.8/site-packages/airflow/example_dags/example_dag_decorator.py took 0.116 seconds
[2026-01-02T04:31:31.319+0000] {processor.py:161} INFO - Started process (PID=220) to work on /home/airflow/.local/lib/python3.8/site-packages/airflow/example_dags/example_dag_decorator.py
[2026-01-02T04:31:31.320+0000] {processor.py:830} INFO - Processing file /home/airflow/.local/lib/python3.8/site-packages/airflow/example_dags/example_dag_decorator.py for tasks to queue
[2026-01-02T04:31:31.322+0000] {logging_mixin.py:188} INFO - [2026-01-02T04:31:31.322+0000] {dagbag.py:538} INFO - Filling up the DagBag from /home/airflow/.local/lib/python3.8/site-packages/airflow/example_dags/example_dag_decorator.py
[2026-01-02T04:31:31.364+0000] {processor.py:840} INFO - DAG(s) 'example_dag_decorator' retrieved from /home/airflow/.local/lib/python3.8/site-packages/airflow/example_dags/example_dag_decorator.py
[2026-01-02T04:31:31.418+0000] {logging_mixin.py:188} INFO - [2026-01-02T04:31:31.418+0000] {dag.py:3033} INFO - Sync 1 DAGs
[2026-01-02T04:31:31.423+0000] {logging_mixin.py:188} INFO - [2026-01-02T04:31:31.423+0000] {dag.py:3820} INFO - Setting next_dagrun for example_dag_decorator to None, run_after=None
[2026-01-02T04:31:31.436+0000] {processor.py:183} INFO - Processing /home/airflow/.local/lib/python3.8/site-packages/airflow/example_dags/example_dag_decorator.py took 0.119 seconds
[2026-01-02T04:32:01.758+0000] {processor.py:161} INFO - Started process (PID=276) to work on /home/airflow/.local/lib/python3.8/site-packages/airflow/example_dags/example_dag_decorator.py
[2026-01-02T04:32:01.758+0000] {processor.py:830} INFO - Processing file /home/airflow/.local/lib/python3.8/site-packages/airflow/example_dags/example_dag_decorator.py for tasks to queue
[2026-01-02T04:32:01.760+0000] {logging_mixin.py:188} INFO - [2026-01-02T04:32:01.760+0000] {dagbag.py:538} INFO - Filling up the DagBag from /home/airflow/.local/lib/python3.8/site-packages/airflow/example_dags/example_dag_decorator.py
[2026-01-02T04:32:01.798+0000] {processor.py:840} INFO - DAG(s) 'example_dag_decorator' retrieved from /home/airflow/.local/lib/python3.8/site-packages/airflow/example_dags/example_dag_decorator.py
[2026-01-02T04:32:01.845+0000] {logging_mixin.py:188} INFO - [2026-01-02T04:32:01.845+0000] {dag.py:3033} INFO - Sync 1 DAGs
[2026-01-02T04:32:01.850+0000] {logging_mixin.py:188} INFO - [2026-01-02T04:32:01.850+0000] {dag.py:3820} INFO - Setting next_dagrun for example_dag_decorator to None, run_after=None
[2026-01-02T04:32:01.862+0000] {processor.py:183} INFO - Processing /home/airflow/.local/lib/python3.8/site-packages/airflow/example_dags/example_dag_decorator.py took 0.105 seconds
[2026-01-02T04:32:32.108+0000] {processor.py:161} INFO - Started process (PID=330) to work on /home/airflow/.local/lib/python3.8/site-packages/airflow/example_dags/example_dag_decorator.py
[2026-01-02T04:32:32.108+0000] {processor.py:830} INFO - Processing file /home/airflow/.local/lib/python3.8/site-packages/airflow/example_dags/example_dag_decorator.py for tasks to queue
[2026-01-02T04:32:32.109+0000] {logging_mixin.py:188} INFO - [2026-01-02T04:32:32.109+0000] {dagbag.py:538} INFO - Filling up the DagBag from /home/airflow/.local/lib/python3.8/site-packages/airflow/example_dags/example_dag_decorator.py
[2026-01-02T04:32:32.147+0000] {processor.py:840} INFO - DAG(s) 'example_dag_decorator' retrieved from /home/airflow/.local/lib/python3.8/site-packages/airflow/example_dags/example_dag_decorator.py
[2026-01-02T04:32:32.196+0000] {logging_mixin.py:188} INFO - [2026-01-02T04:32:32.196+0000] {dag.py:3033} INFO - Sync 1 DAGs
[2026-01-02T04:32:32.202+0000] {logging_mixin.py:188} INFO - [2026-01-02T04:32:32.201+0000] {dag.py:3820} INFO - Setting next_dagrun for example_dag_decorator to None, run_after=None
[2026-01-02T04:32:32.213+0000] {processor.py:183} INFO - Processing /home/airflow/.local/lib/python3.8/site-packages/airflow/example_dags/example_dag_decorator.py took 0.107 seconds
[2026-01-02T04:33:02.359+0000] {processor.py:161} INFO - Started process (PID=385) to work on /home/airflow/.local/lib/python3.8/site-packages/airflow/example_dags/example_dag_decorator.py
[2026-01-02T04:33:02.359+0000] {processor.py:830} INFO - Processing file /home/airflow/.local/lib/python3.8/site-packages/airflow/example_dags/example_dag_decorator.py for tasks to queue
[2026-01-02T04:33:02.360+0000] {logging_mixin.py:188} INFO - [2026-01-02T04:33:02.360+0000] {dagbag.py:538} INFO - Filling up the DagBag from /home/airflow/.local/lib/python3.8/site-packages/airflow/example_dags/example_dag_decorator.py
[2026-01-02T04:33:02.397+0000] {processor.py:840} INFO - DAG(s) 'example_dag_decorator' retrieved from /home/airflow/.local/lib/python3.8/site-packages/airflow/example_dags/example_dag_decorator.py
[2026-01-02T04:33:02.444+0000] {logging_mixin.py:188} INFO - [2026-01-02T04:33:02.444+0000] {dag.py:3033} INFO - Sync 1 DAGs
[2026-01-02T04:33:02.449+0000] {logging_mixin.py:188} INFO - [2026-01-02T04:33:02.449+0000] {dag.py:3820} INFO - Setting next_dagrun for example_dag_decorator to None, run_after=None
[2026-01-02T04:33:02.461+0000] {processor.py:183} INFO - Processing /home/airflow/.local/lib/python3.8/site-packages/airflow/example_dags/example_dag_decorator.py took 0.104 seconds
[2026-01-02T04:33:32.678+0000] {processor.py:161} INFO - Started process (PID=440) to work on /home/airflow/.local/lib/python3.8/site-packages/airflow/example_dags/example_dag_decorator.py
[2026-01-02T04:33:32.679+0000] {processor.py:830} INFO - Processing file /home/airflow/.local/lib/python3.8/site-packages/airflow/example_dags/example_dag_decorator.py for tasks to queue
[2026-01-02T04:33:32.680+0000] {logging_mixin.py:188} INFO - [2026-01-02T04:33:32.680+0000] {dagbag.py:538} INFO - Filling up the DagBag from /home/airflow/.local/lib/python3.8/site-packages/airflow/example_dags/example_dag_decorator.py
[2026-01-02T04:33:32.719+0000] {processor.py:840} INFO - DAG(s) 'example_dag_decorator' retrieved from /home/airflow/.local/lib/python3.8/site-packages/airflow/example_dags/example_dag_decorator.py
[2026-01-02T04:33:32.768+0000] {logging_mixin.py:188} INFO - [2026-01-02T04:33:32.768+0000] {dag.py:3033} INFO - Sync 1 DAGs
[2026-01-02T04:33:32.773+0000] {logging_mixin.py:188} INFO - [2026-01-02T04:33:32.773+0000] {dag.py:3820} INFO - Setting next_dagrun for example_dag_decorator to None, run_after=None
[2026-01-02T04:33:32.785+0000] {processor.py:183} INFO - Processing /home/airflow/.local/lib/python3.8/site-packages/airflow/example_dags/example_dag_decorator.py took 0.108 seconds
[2026-01-02T04:34:02.980+0000] {processor.py:161} INFO - Started process (PID=495) to work on /home/airflow/.local/lib/python3.8/site-packages/airflow/example_dags/example_dag_decorator.py
[2026-01-02T04:34:02.981+0000] {processor.py:830} INFO - Processing file /home/airflow/.local/lib/python3.8/site-packages/airflow/example_dags/example_dag_decorator.py for tasks to queue
[2026-01-02T04:34:02.982+0000] {logging_mixin.py:188} INFO - [2026-01-02T04:34:02.982+0000] {dagbag.py:538} INFO - Filling up the DagBag from /home/airflow/.local/lib/python3.8/site-packages/airflow/example_dags/example_dag_decorator.py
[2026-01-02T04:34:03.021+0000] {processor.py:840} INFO - DAG(s) 'example_dag_decorator' retrieved from /home/airflow/.local/lib/python3.8/site-packages/airflow/example_dags/example_dag_decorator.py
[2026-01-02T04:34:03.070+0000] {logging_mixin.py:188} INFO - [2026-01-02T04:34:03.070+0000] {dag.py:3033} INFO - Sync 1 DAGs
[2026-01-02T04:34:03.075+0000] {logging_mixin.py:188} INFO - [2026-01-02T04:34:03.075+0000] {dag.py:3820} INFO - Setting next_dagrun for example_dag_decorator to None, run_after=None
[2026-01-02T04:34:03.087+0000] {processor.py:183} INFO - Processing /home/airflow/.local/lib/python3.8/site-packages/airflow/example_dags/example_dag_decorator.py took 0.108 seconds
[2026-01-02T04:34:33.286+0000] {processor.py:161} INFO - Started process (PID=550) to work on /home/airflow/.local/lib/python3.8/site-packages/airflow/example_dags/example_dag_decorator.py
[2026-01-02T04:34:33.286+0000] {processor.py:830} INFO - Processing file /home/airflow/.local/lib/python3.8/site-packages/airflow/example_dags/example_dag_decorator.py for tasks to queue
[2026-01-02T04:34:33.287+0000] {logging_mixin.py:188} INFO - [2026-01-02T04:34:33.287+0000] {dagbag.py:538} INFO - Filling up the DagBag from /home/airflow/.local/lib/python3.8/site-packages/airflow/example_dags/example_dag_decorator.py
[2026-01-02T04:34:33.325+0000] {processor.py:840} INFO - DAG(s) 'example_dag_decorator' retrieved from /home/airflow/.local/lib/python3.8/site-packages/airflow/example_dags/example_dag_decorator.py
[2026-01-02T04:34:33.376+0000] {logging_mixin.py:188} INFO - [2026-01-02T04:34:33.376+0000] {dag.py:3033} INFO - Sync 1 DAGs
[2026-01-02T04:34:33.382+0000] {logging_mixin.py:188} INFO - [2026-01-02T04:34:33.382+0000] {dag.py:3820} INFO - Setting next_dagrun for example_dag_decorator to None, run_after=None
[2026-01-02T04:34:33.393+0000] {processor.py:183} INFO - Processing /home/airflow/.local/lib/python3.8/site-packages/airflow/example_dags/example_dag_decorator.py took 0.108 seconds
[2026-01-02T04:35:03.598+0000] {processor.py:161} INFO - Started process (PID=605) to work on /home/airflow/.local/lib/python3.8/site-packages/airflow/example_dags/example_dag_decorator.py
[2026-01-02T04:35:03.599+0000] {processor.py:830} INFO - Processing file /home/airflow/.local/lib/python3.8/site-packages/airflow/example_dags/example_dag_decorator.py for tasks to queue
[2026-01-02T04:35:03.600+0000] {logging_mixin.py:188} INFO - [2026-01-02T04:35:03.600+0000] {dagbag.py:538} INFO - Filling up the DagBag from /home/airflow/.local/lib/python3.8/site-packages/airflow/example_dags/example_dag_decorator.py
[2026-01-02T04:35:03.643+0000] {processor.py:840} INFO - DAG(s) 'example_dag_decorator' retrieved from /home/airflow/.local/lib/python3.8/site-packages/airflow/example_dags/example_dag_decorator.py
[2026-01-02T04:35:03.696+0000] {logging_mixin.py:188} INFO - [2026-01-02T04:35:03.696+0000] {dag.py:3033} INFO - Sync 1 DAGs
[2026-01-02T04:35:03.702+0000] {logging_mixin.py:188} INFO - [2026-01-02T04:35:03.702+0000] {dag.py:3820} INFO - Setting next_dagrun for example_dag_decorator to None, run_after=None
[2026-01-02T04:35:03.715+0000] {processor.py:183} INFO - Processing /home/airflow/.local/lib/python3.8/site-packages/airflow/example_dags/example_dag_decorator.py took 0.118 seconds
[2026-01-02T04:35:33.939+0000] {processor.py:161} INFO - Started process (PID=660) to work on /home/airflow/.local/lib/python3.8/site-packages/airflow/example_dags/example_dag_decorator.py
[2026-01-02T04:35:33.940+0000] {processor.py:830} INFO - Processing file /home/airflow/.local/lib/python3.8/site-packages/airflow/example_dags/example_dag_decorator.py for tasks to queue
[2026-01-02T04:35:33.941+0000] {logging_mixin.py:188} INFO - [2026-01-02T04:35:33.941+0000] {dagbag.py:538} INFO - Filling up the DagBag from /home/airflow/.local/lib/python3.8/site-packages/airflow/example_dags/example_dag_decorator.py
[2026-01-02T04:35:33.978+0000] {processor.py:840} INFO - DAG(s) 'example_dag_decorator' retrieved from /home/airflow/.local/lib/python3.8/site-packages/airflow/example_dags/example_dag_decorator.py
[2026-01-02T04:35:34.026+0000] {logging_mixin.py:188} INFO - [2026-01-02T04:35:34.026+0000] {dag.py:3033} INFO - Sync 1 DAGs
[2026-01-02T04:35:34.031+0000] {logging_mixin.py:188} INFO - [2026-01-02T04:35:34.031+0000] {dag.py:3820} INFO - Setting next_dagrun for example_dag_decorator to None, run_after=None
[2026-01-02T04:35:34.043+0000] {processor.py:183} INFO - Processing /home/airflow/.local/lib/python3.8/site-packages/airflow/example_dags/example_dag_decorator.py took 0.105 seconds
[2026-01-02T04:36:04.177+0000] {processor.py:161} INFO - Started process (PID=715) to work on /home/airflow/.local/lib/python3.8/site-packages/airflow/example_dags/example_dag_decorator.py
[2026-01-02T04:36:04.177+0000] {processor.py:830} INFO - Processing file /home/airflow/.local/lib/python3.8/site-packages/airflow/example_dags/example_dag_decorator.py for tasks to queue
[2026-01-02T04:36:04.179+0000] {logging_mixin.py:188} INFO - [2026-01-02T04:36:04.179+0000] {dagbag.py:538} INFO - Filling up the DagBag from /home/airflow/.local/lib/python3.8/site-packages/airflow/example_dags/example_dag_decorator.py
[2026-01-02T04:36:04.221+0000] {processor.py:840} INFO - DAG(s) 'example_dag_decorator' retrieved from /home/airflow/.local/lib/python3.8/site-packages/airflow/example_dags/example_dag_decorator.py
[2026-01-02T04:36:04.271+0000] {logging_mixin.py:188} INFO - [2026-01-02T04:36:04.271+0000] {dag.py:3033} INFO - Sync 1 DAGs
[2026-01-02T04:36:04.276+0000] {logging_mixin.py:188} INFO - [2026-01-02T04:36:04.276+0000] {dag.py:3820} INFO - Setting next_dagrun for example_dag_decorator to None, run_after=None
[2026-01-02T04:36:04.290+0000] {processor.py:183} INFO - Processing /home/airflow/.local/lib/python3.8/site-packages/airflow/example_dags/example_dag_decorator.py took 0.114 seconds
[2026-01-02T04:38:44.822+0000] {processor.py:161} INFO - Started process (PID=57) to work on /home/airflow/.local/lib/python3.8/site-packages/airflow/example_dags/example_dag_decorator.py
[2026-01-02T04:38:44.822+0000] {processor.py:830} INFO - Processing file /home/airflow/.local/lib/python3.8/site-packages/airflow/example_dags/example_dag_decorator.py for tasks to queue
[2026-01-02T04:38:44.824+0000] {logging_mixin.py:188} INFO - [2026-01-02T04:38:44.824+0000] {dagbag.py:538} INFO - Filling up the DagBag from /home/airflow/.local/lib/python3.8/site-packages/airflow/example_dags/example_dag_decorator.py
[2026-01-02T04:38:44.956+0000] {processor.py:840} INFO - DAG(s) 'example_dag_decorator' retrieved from /home/airflow/.local/lib/python3.8/site-packages/airflow/example_dags/example_dag_decorator.py
[2026-01-02T04:38:44.962+0000] {logging_mixin.py:188} INFO - [2026-01-02T04:38:44.962+0000] {dag.py:3033} INFO - Sync 1 DAGs
[2026-01-02T04:38:44.968+0000] {logging_mixin.py:188} INFO - [2026-01-02T04:38:44.968+0000] {dag.py:3820} INFO - Setting next_dagrun for example_dag_decorator to None, run_after=None
[2026-01-02T04:38:44.979+0000] {processor.py:183} INFO - Processing /home/airflow/.local/lib/python3.8/site-packages/airflow/example_dags/example_dag_decorator.py took 0.158 seconds
[2026-01-02T04:39:15.294+0000] {processor.py:161} INFO - Started process (PID=112) to work on /home/airflow/.local/lib/python3.8/site-packages/airflow/example_dags/example_dag_decorator.py
[2026-01-02T04:39:15.294+0000] {processor.py:830} INFO - Processing file /home/airflow/.local/lib/python3.8/site-packages/airflow/example_dags/example_dag_decorator.py for tasks to queue
[2026-01-02T04:39:15.295+0000] {logging_mixin.py:188} INFO - [2026-01-02T04:39:15.295+0000] {dagbag.py:538} INFO - Filling up the DagBag from /home/airflow/.local/lib/python3.8/site-packages/airflow/example_dags/example_dag_decorator.py
[2026-01-02T04:39:15.331+0000] {processor.py:840} INFO - DAG(s) 'example_dag_decorator' retrieved from /home/airflow/.local/lib/python3.8/site-packages/airflow/example_dags/example_dag_decorator.py
[2026-01-02T04:39:15.373+0000] {logging_mixin.py:188} INFO - [2026-01-02T04:39:15.373+0000] {dag.py:3033} INFO - Sync 1 DAGs
[2026-01-02T04:39:15.378+0000] {logging_mixin.py:188} INFO - [2026-01-02T04:39:15.378+0000] {dag.py:3820} INFO - Setting next_dagrun for example_dag_decorator to None, run_after=None
[2026-01-02T04:39:15.387+0000] {processor.py:183} INFO - Processing /home/airflow/.local/lib/python3.8/site-packages/airflow/example_dags/example_dag_decorator.py took 0.095 seconds
[2026-01-02T04:39:46.147+0000] {processor.py:161} INFO - Started process (PID=173) to work on /home/airflow/.local/lib/python3.8/site-packages/airflow/example_dags/example_dag_decorator.py
[2026-01-02T04:39:46.147+0000] {processor.py:830} INFO - Processing file /home/airflow/.local/lib/python3.8/site-packages/airflow/example_dags/example_dag_decorator.py for tasks to queue
[2026-01-02T04:39:46.148+0000] {logging_mixin.py:188} INFO - [2026-01-02T04:39:46.148+0000] {dagbag.py:538} INFO - Filling up the DagBag from /home/airflow/.local/lib/python3.8/site-packages/airflow/example_dags/example_dag_decorator.py
[2026-01-02T04:39:46.185+0000] {processor.py:840} INFO - DAG(s) 'example_dag_decorator' retrieved from /home/airflow/.local/lib/python3.8/site-packages/airflow/example_dags/example_dag_decorator.py
[2026-01-02T04:39:46.228+0000] {logging_mixin.py:188} INFO - [2026-01-02T04:39:46.228+0000] {dag.py:3033} INFO - Sync 1 DAGs
[2026-01-02T04:39:46.233+0000] {logging_mixin.py:188} INFO - [2026-01-02T04:39:46.233+0000] {dag.py:3820} INFO - Setting next_dagrun for example_dag_decorator to None, run_after=None
[2026-01-02T04:39:46.243+0000] {processor.py:183} INFO - Processing /home/airflow/.local/lib/python3.8/site-packages/airflow/example_dags/example_dag_decorator.py took 0.097 seconds
[2026-01-02T04:40:16.343+0000] {processor.py:161} INFO - Started process (PID=228) to work on /home/airflow/.local/lib/python3.8/site-packages/airflow/example_dags/example_dag_decorator.py
[2026-01-02T04:40:16.343+0000] {processor.py:830} INFO - Processing file /home/airflow/.local/lib/python3.8/site-packages/airflow/example_dags/example_dag_decorator.py for tasks to queue
[2026-01-02T04:40:16.344+0000] {logging_mixin.py:188} INFO - [2026-01-02T04:40:16.344+0000] {dagbag.py:538} INFO - Filling up the DagBag from /home/airflow/.local/lib/python3.8/site-packages/airflow/example_dags/example_dag_decorator.py
[2026-01-02T04:40:16.381+0000] {processor.py:840} INFO - DAG(s) 'example_dag_decorator' retrieved from /home/airflow/.local/lib/python3.8/site-packages/airflow/example_dags/example_dag_decorator.py
[2026-01-02T04:40:16.425+0000] {logging_mixin.py:188} INFO - [2026-01-02T04:40:16.425+0000] {dag.py:3033} INFO - Sync 1 DAGs
[2026-01-02T04:40:16.430+0000] {logging_mixin.py:188} INFO - [2026-01-02T04:40:16.430+0000] {dag.py:3820} INFO - Setting next_dagrun for example_dag_decorator to None, run_after=None
[2026-01-02T04:40:16.440+0000] {processor.py:183} INFO - Processing /home/airflow/.local/lib/python3.8/site-packages/airflow/example_dags/example_dag_decorator.py took 0.099 seconds
[2026-01-02T04:40:46.518+0000] {processor.py:161} INFO - Started process (PID=283) to work on /home/airflow/.local/lib/python3.8/site-packages/airflow/example_dags/example_dag_decorator.py
[2026-01-02T04:40:46.518+0000] {processor.py:830} INFO - Processing file /home/airflow/.local/lib/python3.8/site-packages/airflow/example_dags/example_dag_decorator.py for tasks to queue
[2026-01-02T04:40:46.519+0000] {logging_mixin.py:188} INFO - [2026-01-02T04:40:46.519+0000] {dagbag.py:538} INFO - Filling up the DagBag from /home/airflow/.local/lib/python3.8/site-packages/airflow/example_dags/example_dag_decorator.py
[2026-01-02T04:40:46.558+0000] {processor.py:840} INFO - DAG(s) 'example_dag_decorator' retrieved from /home/airflow/.local/lib/python3.8/site-packages/airflow/example_dags/example_dag_decorator.py
[2026-01-02T04:40:46.601+0000] {logging_mixin.py:188} INFO - [2026-01-02T04:40:46.601+0000] {dag.py:3033} INFO - Sync 1 DAGs
[2026-01-02T04:40:46.606+0000] {logging_mixin.py:188} INFO - [2026-01-02T04:40:46.606+0000] {dag.py:3820} INFO - Setting next_dagrun for example_dag_decorator to None, run_after=None
[2026-01-02T04:40:46.615+0000] {processor.py:183} INFO - Processing /home/airflow/.local/lib/python3.8/site-packages/airflow/example_dags/example_dag_decorator.py took 0.099 seconds
[2026-01-02T04:41:16.705+0000] {processor.py:161} INFO - Started process (PID=338) to work on /home/airflow/.local/lib/python3.8/site-packages/airflow/example_dags/example_dag_decorator.py
[2026-01-02T04:41:16.706+0000] {processor.py:830} INFO - Processing file /home/airflow/.local/lib/python3.8/site-packages/airflow/example_dags/example_dag_decorator.py for tasks to queue
[2026-01-02T04:41:16.707+0000] {logging_mixin.py:188} INFO - [2026-01-02T04:41:16.707+0000] {dagbag.py:538} INFO - Filling up the DagBag from /home/airflow/.local/lib/python3.8/site-packages/airflow/example_dags/example_dag_decorator.py
[2026-01-02T04:41:16.744+0000] {processor.py:840} INFO - DAG(s) 'example_dag_decorator' retrieved from /home/airflow/.local/lib/python3.8/site-packages/airflow/example_dags/example_dag_decorator.py
[2026-01-02T04:41:16.794+0000] {logging_mixin.py:188} INFO - [2026-01-02T04:41:16.794+0000] {dag.py:3033} INFO - Sync 1 DAGs
[2026-01-02T04:41:16.799+0000] {logging_mixin.py:188} INFO - [2026-01-02T04:41:16.799+0000] {dag.py:3820} INFO - Setting next_dagrun for example_dag_decorator to None, run_after=None
[2026-01-02T04:41:16.808+0000] {processor.py:183} INFO - Processing /home/airflow/.local/lib/python3.8/site-packages/airflow/example_dags/example_dag_decorator.py took 0.104 seconds
[2026-01-02T04:41:46.958+0000] {processor.py:161} INFO - Started process (PID=394) to work on /home/airflow/.local/lib/python3.8/site-packages/airflow/example_dags/example_dag_decorator.py
[2026-01-02T04:41:46.959+0000] {processor.py:830} INFO - Processing file /home/airflow/.local/lib/python3.8/site-packages/airflow/example_dags/example_dag_decorator.py for tasks to queue
[2026-01-02T04:41:46.960+0000] {logging_mixin.py:188} INFO - [2026-01-02T04:41:46.959+0000] {dagbag.py:538} INFO - Filling up the DagBag from /home/airflow/.local/lib/python3.8/site-packages/airflow/example_dags/example_dag_decorator.py
[2026-01-02T04:41:46.996+0000] {processor.py:840} INFO - DAG(s) 'example_dag_decorator' retrieved from /home/airflow/.local/lib/python3.8/site-packages/airflow/example_dags/example_dag_decorator.py
[2026-01-02T04:41:47.044+0000] {logging_mixin.py:188} INFO - [2026-01-02T04:41:47.044+0000] {dag.py:3033} INFO - Sync 1 DAGs
[2026-01-02T04:41:47.050+0000] {logging_mixin.py:188} INFO - [2026-01-02T04:41:47.049+0000] {dag.py:3820} INFO - Setting next_dagrun for example_dag_decorator to None, run_after=None
[2026-01-02T04:41:47.059+0000] {processor.py:183} INFO - Processing /home/airflow/.local/lib/python3.8/site-packages/airflow/example_dags/example_dag_decorator.py took 0.102 seconds
[2026-01-02T04:42:17.132+0000] {processor.py:161} INFO - Started process (PID=451) to work on /home/airflow/.local/lib/python3.8/site-packages/airflow/example_dags/example_dag_decorator.py
[2026-01-02T04:42:17.132+0000] {processor.py:830} INFO - Processing file /home/airflow/.local/lib/python3.8/site-packages/airflow/example_dags/example_dag_decorator.py for tasks to queue
[2026-01-02T04:42:17.133+0000] {logging_mixin.py:188} INFO - [2026-01-02T04:42:17.133+0000] {dagbag.py:538} INFO - Filling up the DagBag from /home/airflow/.local/lib/python3.8/site-packages/airflow/example_dags/example_dag_decorator.py
[2026-01-02T04:42:17.170+0000] {processor.py:840} INFO - DAG(s) 'example_dag_decorator' retrieved from /home/airflow/.local/lib/python3.8/site-packages/airflow/example_dags/example_dag_decorator.py
[2026-01-02T04:42:17.214+0000] {logging_mixin.py:188} INFO - [2026-01-02T04:42:17.214+0000] {dag.py:3033} INFO - Sync 1 DAGs
[2026-01-02T04:42:17.305+0000] {logging_mixin.py:188} INFO - [2026-01-02T04:42:17.305+0000] {dag.py:3820} INFO - Setting next_dagrun for example_dag_decorator to None, run_after=None
[2026-01-02T04:42:17.316+0000] {processor.py:183} INFO - Processing /home/airflow/.local/lib/python3.8/site-packages/airflow/example_dags/example_dag_decorator.py took 0.185 seconds
[2026-01-02T04:42:47.359+0000] {processor.py:161} INFO - Started process (PID=506) to work on /home/airflow/.local/lib/python3.8/site-packages/airflow/example_dags/example_dag_decorator.py
[2026-01-02T04:42:47.359+0000] {processor.py:830} INFO - Processing file /home/airflow/.local/lib/python3.8/site-packages/airflow/example_dags/example_dag_decorator.py for tasks to queue
[2026-01-02T04:42:47.360+0000] {logging_mixin.py:188} INFO - [2026-01-02T04:42:47.360+0000] {dagbag.py:538} INFO - Filling up the DagBag from /home/airflow/.local/lib/python3.8/site-packages/airflow/example_dags/example_dag_decorator.py
[2026-01-02T04:42:47.398+0000] {processor.py:840} INFO - DAG(s) 'example_dag_decorator' retrieved from /home/airflow/.local/lib/python3.8/site-packages/airflow/example_dags/example_dag_decorator.py
[2026-01-02T04:42:47.444+0000] {logging_mixin.py:188} INFO - [2026-01-02T04:42:47.444+0000] {dag.py:3033} INFO - Sync 1 DAGs
[2026-01-02T04:42:47.541+0000] {logging_mixin.py:188} INFO - [2026-01-02T04:42:47.541+0000] {dag.py:3820} INFO - Setting next_dagrun for example_dag_decorator to None, run_after=None
[2026-01-02T04:42:47.551+0000] {processor.py:183} INFO - Processing /home/airflow/.local/lib/python3.8/site-packages/airflow/example_dags/example_dag_decorator.py took 0.193 seconds
[2026-01-02T04:43:17.604+0000] {processor.py:161} INFO - Started process (PID=563) to work on /home/airflow/.local/lib/python3.8/site-packages/airflow/example_dags/example_dag_decorator.py
[2026-01-02T04:43:17.604+0000] {processor.py:830} INFO - Processing file /home/airflow/.local/lib/python3.8/site-packages/airflow/example_dags/example_dag_decorator.py for tasks to queue
[2026-01-02T04:43:17.606+0000] {logging_mixin.py:188} INFO - [2026-01-02T04:43:17.606+0000] {dagbag.py:538} INFO - Filling up the DagBag from /home/airflow/.local/lib/python3.8/site-packages/airflow/example_dags/example_dag_decorator.py
[2026-01-02T04:43:17.641+0000] {processor.py:840} INFO - DAG(s) 'example_dag_decorator' retrieved from /home/airflow/.local/lib/python3.8/site-packages/airflow/example_dags/example_dag_decorator.py
[2026-01-02T04:43:17.686+0000] {logging_mixin.py:188} INFO - [2026-01-02T04:43:17.686+0000] {dag.py:3033} INFO - Sync 1 DAGs
[2026-01-02T04:43:17.692+0000] {logging_mixin.py:188} INFO - [2026-01-02T04:43:17.691+0000] {dag.py:3820} INFO - Setting next_dagrun for example_dag_decorator to None, run_after=None
[2026-01-02T04:43:17.798+0000] {processor.py:183} INFO - Processing /home/airflow/.local/lib/python3.8/site-packages/airflow/example_dags/example_dag_decorator.py took 0.195 seconds
[2026-01-02T04:43:47.819+0000] {processor.py:161} INFO - Started process (PID=616) to work on /home/airflow/.local/lib/python3.8/site-packages/airflow/example_dags/example_dag_decorator.py
[2026-01-02T04:43:47.819+0000] {processor.py:830} INFO - Processing file /home/airflow/.local/lib/python3.8/site-packages/airflow/example_dags/example_dag_decorator.py for tasks to queue
[2026-01-02T04:43:47.820+0000] {logging_mixin.py:188} INFO - [2026-01-02T04:43:47.820+0000] {dagbag.py:538} INFO - Filling up the DagBag from /home/airflow/.local/lib/python3.8/site-packages/airflow/example_dags/example_dag_decorator.py
[2026-01-02T04:43:47.859+0000] {processor.py:840} INFO - DAG(s) 'example_dag_decorator' retrieved from /home/airflow/.local/lib/python3.8/site-packages/airflow/example_dags/example_dag_decorator.py
[2026-01-02T04:43:47.909+0000] {logging_mixin.py:188} INFO - [2026-01-02T04:43:47.909+0000] {dag.py:3033} INFO - Sync 1 DAGs
[2026-01-02T04:43:47.914+0000] {logging_mixin.py:188} INFO - [2026-01-02T04:43:47.914+0000] {dag.py:3820} INFO - Setting next_dagrun for example_dag_decorator to None, run_after=None
[2026-01-02T04:43:47.928+0000] {processor.py:183} INFO - Processing /home/airflow/.local/lib/python3.8/site-packages/airflow/example_dags/example_dag_decorator.py took 0.110 seconds
[2026-01-02T04:44:18.121+0000] {processor.py:161} INFO - Started process (PID=679) to work on /home/airflow/.local/lib/python3.8/site-packages/airflow/example_dags/example_dag_decorator.py
[2026-01-02T04:44:18.121+0000] {processor.py:830} INFO - Processing file /home/airflow/.local/lib/python3.8/site-packages/airflow/example_dags/example_dag_decorator.py for tasks to queue
[2026-01-02T04:44:18.123+0000] {logging_mixin.py:188} INFO - [2026-01-02T04:44:18.122+0000] {dagbag.py:538} INFO - Filling up the DagBag from /home/airflow/.local/lib/python3.8/site-packages/airflow/example_dags/example_dag_decorator.py
[2026-01-02T04:44:18.159+0000] {processor.py:840} INFO - DAG(s) 'example_dag_decorator' retrieved from /home/airflow/.local/lib/python3.8/site-packages/airflow/example_dags/example_dag_decorator.py
[2026-01-02T04:44:18.207+0000] {logging_mixin.py:188} INFO - [2026-01-02T04:44:18.207+0000] {dag.py:3033} INFO - Sync 1 DAGs
[2026-01-02T04:44:18.212+0000] {logging_mixin.py:188} INFO - [2026-01-02T04:44:18.212+0000] {dag.py:3820} INFO - Setting next_dagrun for example_dag_decorator to None, run_after=None
[2026-01-02T04:44:18.222+0000] {processor.py:183} INFO - Processing /home/airflow/.local/lib/python3.8/site-packages/airflow/example_dags/example_dag_decorator.py took 0.102 seconds
[2026-01-02T04:44:48.272+0000] {processor.py:161} INFO - Started process (PID=738) to work on /home/airflow/.local/lib/python3.8/site-packages/airflow/example_dags/example_dag_decorator.py
[2026-01-02T04:44:48.272+0000] {processor.py:830} INFO - Processing file /home/airflow/.local/lib/python3.8/site-packages/airflow/example_dags/example_dag_decorator.py for tasks to queue
[2026-01-02T04:44:48.274+0000] {logging_mixin.py:188} INFO - [2026-01-02T04:44:48.274+0000] {dagbag.py:538} INFO - Filling up the DagBag from /home/airflow/.local/lib/python3.8/site-packages/airflow/example_dags/example_dag_decorator.py
[2026-01-02T04:44:48.311+0000] {processor.py:840} INFO - DAG(s) 'example_dag_decorator' retrieved from /home/airflow/.local/lib/python3.8/site-packages/airflow/example_dags/example_dag_decorator.py
[2026-01-02T04:44:48.359+0000] {logging_mixin.py:188} INFO - [2026-01-02T04:44:48.359+0000] {dag.py:3033} INFO - Sync 1 DAGs
[2026-01-02T04:44:48.364+0000] {logging_mixin.py:188} INFO - [2026-01-02T04:44:48.364+0000] {dag.py:3820} INFO - Setting next_dagrun for example_dag_decorator to None, run_after=None
[2026-01-02T04:44:48.374+0000] {processor.py:183} INFO - Processing /home/airflow/.local/lib/python3.8/site-packages/airflow/example_dags/example_dag_decorator.py took 0.104 seconds
[2026-01-02T04:45:18.610+0000] {processor.py:161} INFO - Started process (PID=794) to work on /home/airflow/.local/lib/python3.8/site-packages/airflow/example_dags/example_dag_decorator.py
[2026-01-02T04:45:18.610+0000] {processor.py:830} INFO - Processing file /home/airflow/.local/lib/python3.8/site-packages/airflow/example_dags/example_dag_decorator.py for tasks to queue
[2026-01-02T04:45:18.611+0000] {logging_mixin.py:188} INFO - [2026-01-02T04:45:18.611+0000] {dagbag.py:538} INFO - Filling up the DagBag from /home/airflow/.local/lib/python3.8/site-packages/airflow/example_dags/example_dag_decorator.py
[2026-01-02T04:45:18.650+0000] {processor.py:840} INFO - DAG(s) 'example_dag_decorator' retrieved from /home/airflow/.local/lib/python3.8/site-packages/airflow/example_dags/example_dag_decorator.py
[2026-01-02T04:45:18.793+0000] {logging_mixin.py:188} INFO - [2026-01-02T04:45:18.793+0000] {dag.py:3033} INFO - Sync 1 DAGs
[2026-01-02T04:45:18.798+0000] {logging_mixin.py:188} INFO - [2026-01-02T04:45:18.798+0000] {dag.py:3820} INFO - Setting next_dagrun for example_dag_decorator to None, run_after=None
[2026-01-02T04:45:18.812+0000] {processor.py:183} INFO - Processing /home/airflow/.local/lib/python3.8/site-packages/airflow/example_dags/example_dag_decorator.py took 0.204 seconds
[2026-01-02T04:45:49.032+0000] {processor.py:161} INFO - Started process (PID=851) to work on /home/airflow/.local/lib/python3.8/site-packages/airflow/example_dags/example_dag_decorator.py
[2026-01-02T04:45:49.032+0000] {processor.py:830} INFO - Processing file /home/airflow/.local/lib/python3.8/site-packages/airflow/example_dags/example_dag_decorator.py for tasks to queue
[2026-01-02T04:45:49.034+0000] {logging_mixin.py:188} INFO - [2026-01-02T04:45:49.034+0000] {dagbag.py:538} INFO - Filling up the DagBag from /home/airflow/.local/lib/python3.8/site-packages/airflow/example_dags/example_dag_decorator.py
[2026-01-02T04:45:49.070+0000] {processor.py:840} INFO - DAG(s) 'example_dag_decorator' retrieved from /home/airflow/.local/lib/python3.8/site-packages/airflow/example_dags/example_dag_decorator.py
[2026-01-02T04:45:49.204+0000] {logging_mixin.py:188} INFO - [2026-01-02T04:45:49.204+0000] {dag.py:3033} INFO - Sync 1 DAGs
[2026-01-02T04:45:49.209+0000] {logging_mixin.py:188} INFO - [2026-01-02T04:45:49.209+0000] {dag.py:3820} INFO - Setting next_dagrun for example_dag_decorator to None, run_after=None
[2026-01-02T04:45:49.221+0000] {processor.py:183} INFO - Processing /home/airflow/.local/lib/python3.8/site-packages/airflow/example_dags/example_dag_decorator.py took 0.190 seconds
[2026-01-02T04:46:19.278+0000] {processor.py:161} INFO - Started process (PID=905) to work on /home/airflow/.local/lib/python3.8/site-packages/airflow/example_dags/example_dag_decorator.py
[2026-01-02T04:46:19.278+0000] {processor.py:830} INFO - Processing file /home/airflow/.local/lib/python3.8/site-packages/airflow/example_dags/example_dag_decorator.py for tasks to queue
[2026-01-02T04:46:19.280+0000] {logging_mixin.py:188} INFO - [2026-01-02T04:46:19.280+0000] {dagbag.py:538} INFO - Filling up the DagBag from /home/airflow/.local/lib/python3.8/site-packages/airflow/example_dags/example_dag_decorator.py
[2026-01-02T04:46:19.315+0000] {processor.py:840} INFO - DAG(s) 'example_dag_decorator' retrieved from /home/airflow/.local/lib/python3.8/site-packages/airflow/example_dags/example_dag_decorator.py
[2026-01-02T04:46:19.451+0000] {logging_mixin.py:188} INFO - [2026-01-02T04:46:19.451+0000] {dag.py:3033} INFO - Sync 1 DAGs
[2026-01-02T04:46:19.456+0000] {logging_mixin.py:188} INFO - [2026-01-02T04:46:19.456+0000] {dag.py:3820} INFO - Setting next_dagrun for example_dag_decorator to None, run_after=None
[2026-01-02T04:46:19.472+0000] {processor.py:183} INFO - Processing /home/airflow/.local/lib/python3.8/site-packages/airflow/example_dags/example_dag_decorator.py took 0.195 seconds
[2026-01-02T04:46:49.603+0000] {processor.py:161} INFO - Started process (PID=961) to work on /home/airflow/.local/lib/python3.8/site-packages/airflow/example_dags/example_dag_decorator.py
[2026-01-02T04:46:49.604+0000] {processor.py:830} INFO - Processing file /home/airflow/.local/lib/python3.8/site-packages/airflow/example_dags/example_dag_decorator.py for tasks to queue
[2026-01-02T04:46:49.605+0000] {logging_mixin.py:188} INFO - [2026-01-02T04:46:49.604+0000] {dagbag.py:538} INFO - Filling up the DagBag from /home/airflow/.local/lib/python3.8/site-packages/airflow/example_dags/example_dag_decorator.py
[2026-01-02T04:46:49.645+0000] {processor.py:840} INFO - DAG(s) 'example_dag_decorator' retrieved from /home/airflow/.local/lib/python3.8/site-packages/airflow/example_dags/example_dag_decorator.py
[2026-01-02T04:46:49.791+0000] {logging_mixin.py:188} INFO - [2026-01-02T04:46:49.791+0000] {dag.py:3033} INFO - Sync 1 DAGs
[2026-01-02T04:46:49.796+0000] {logging_mixin.py:188} INFO - [2026-01-02T04:46:49.796+0000] {dag.py:3820} INFO - Setting next_dagrun for example_dag_decorator to None, run_after=None
[2026-01-02T04:46:49.807+0000] {processor.py:183} INFO - Processing /home/airflow/.local/lib/python3.8/site-packages/airflow/example_dags/example_dag_decorator.py took 0.205 seconds
[2026-01-02T04:47:19.866+0000] {processor.py:161} INFO - Started process (PID=1016) to work on /home/airflow/.local/lib/python3.8/site-packages/airflow/example_dags/example_dag_decorator.py
[2026-01-02T04:47:19.866+0000] {processor.py:830} INFO - Processing file /home/airflow/.local/lib/python3.8/site-packages/airflow/example_dags/example_dag_decorator.py for tasks to queue
[2026-01-02T04:47:19.868+0000] {logging_mixin.py:188} INFO - [2026-01-02T04:47:19.867+0000] {dagbag.py:538} INFO - Filling up the DagBag from /home/airflow/.local/lib/python3.8/site-packages/airflow/example_dags/example_dag_decorator.py
[2026-01-02T04:47:19.906+0000] {processor.py:840} INFO - DAG(s) 'example_dag_decorator' retrieved from /home/airflow/.local/lib/python3.8/site-packages/airflow/example_dags/example_dag_decorator.py
[2026-01-02T04:47:19.953+0000] {logging_mixin.py:188} INFO - [2026-01-02T04:47:19.953+0000] {dag.py:3033} INFO - Sync 1 DAGs
[2026-01-02T04:47:20.046+0000] {logging_mixin.py:188} INFO - [2026-01-02T04:47:20.046+0000] {dag.py:3820} INFO - Setting next_dagrun for example_dag_decorator to None, run_after=None
[2026-01-02T04:47:20.056+0000] {processor.py:183} INFO - Processing /home/airflow/.local/lib/python3.8/site-packages/airflow/example_dags/example_dag_decorator.py took 0.192 seconds
