[2026-01-02T04:28:03.677+0000] {processor.py:161} INFO - Started process (PID=50) to work on /home/airflow/.local/lib/python3.8/site-packages/airflow/example_dags/example_nested_branch_dag.py
[2026-01-02T04:28:03.678+0000] {processor.py:830} INFO - Processing file /home/airflow/.local/lib/python3.8/site-packages/airflow/example_dags/example_nested_branch_dag.py for tasks to queue
[2026-01-02T04:28:03.679+0000] {logging_mixin.py:188} INFO - [2026-01-02T04:28:03.679+0000] {dagbag.py:538} INFO - Filling up the DagBag from /home/airflow/.local/lib/python3.8/site-packages/airflow/example_dags/example_nested_branch_dag.py
[2026-01-02T04:28:03.684+0000] {processor.py:840} INFO - DAG(s) 'example_nested_branch_dag' retrieved from /home/airflow/.local/lib/python3.8/site-packages/airflow/example_dags/example_nested_branch_dag.py
[2026-01-02T04:28:03.740+0000] {logging_mixin.py:188} INFO - [2026-01-02T04:28:03.739+0000] {override.py:1769} INFO - Created Permission View: can edit on DAG:example_nested_branch_dag
[2026-01-02T04:28:03.747+0000] {logging_mixin.py:188} INFO - [2026-01-02T04:28:03.747+0000] {override.py:1769} INFO - Created Permission View: can delete on DAG:example_nested_branch_dag
[2026-01-02T04:28:03.752+0000] {logging_mixin.py:188} INFO - [2026-01-02T04:28:03.752+0000] {override.py:1769} INFO - Created Permission View: can read on DAG:example_nested_branch_dag
[2026-01-02T04:28:03.752+0000] {logging_mixin.py:188} INFO - [2026-01-02T04:28:03.752+0000] {dag.py:3033} INFO - Sync 1 DAGs
[2026-01-02T04:28:03.758+0000] {logging_mixin.py:188} INFO - [2026-01-02T04:28:03.758+0000] {dag.py:3055} INFO - Creating ORM DAG for example_nested_branch_dag
[2026-01-02T04:28:03.763+0000] {logging_mixin.py:188} INFO - [2026-01-02T04:28:03.763+0000] {dag.py:3820} INFO - Setting next_dagrun for example_nested_branch_dag to 2026-01-01T00:00:00+00:00, run_after=2026-01-02T00:00:00+00:00
[2026-01-02T04:28:03.773+0000] {processor.py:183} INFO - Processing /home/airflow/.local/lib/python3.8/site-packages/airflow/example_dags/example_nested_branch_dag.py took 0.097 seconds
[2026-01-02T04:28:33.869+0000] {processor.py:161} INFO - Started process (PID=105) to work on /home/airflow/.local/lib/python3.8/site-packages/airflow/example_dags/example_nested_branch_dag.py
[2026-01-02T04:28:33.869+0000] {processor.py:830} INFO - Processing file /home/airflow/.local/lib/python3.8/site-packages/airflow/example_dags/example_nested_branch_dag.py for tasks to queue
[2026-01-02T04:28:33.871+0000] {logging_mixin.py:188} INFO - [2026-01-02T04:28:33.871+0000] {dagbag.py:538} INFO - Filling up the DagBag from /home/airflow/.local/lib/python3.8/site-packages/airflow/example_dags/example_nested_branch_dag.py
[2026-01-02T04:28:33.875+0000] {processor.py:840} INFO - DAG(s) 'example_nested_branch_dag' retrieved from /home/airflow/.local/lib/python3.8/site-packages/airflow/example_dags/example_nested_branch_dag.py
[2026-01-02T04:28:33.887+0000] {logging_mixin.py:188} INFO - [2026-01-02T04:28:33.887+0000] {dag.py:3033} INFO - Sync 1 DAGs
[2026-01-02T04:28:33.897+0000] {logging_mixin.py:188} INFO - [2026-01-02T04:28:33.897+0000] {dag.py:3820} INFO - Setting next_dagrun for example_nested_branch_dag to 2026-01-01T00:00:00+00:00, run_after=2026-01-02T00:00:00+00:00
[2026-01-02T04:28:33.909+0000] {processor.py:183} INFO - Processing /home/airflow/.local/lib/python3.8/site-packages/airflow/example_dags/example_nested_branch_dag.py took 0.041 seconds
[2026-01-02T04:29:59.658+0000] {processor.py:161} INFO - Started process (PID=42) to work on /home/airflow/.local/lib/python3.8/site-packages/airflow/example_dags/example_nested_branch_dag.py
[2026-01-02T04:29:59.659+0000] {processor.py:830} INFO - Processing file /home/airflow/.local/lib/python3.8/site-packages/airflow/example_dags/example_nested_branch_dag.py for tasks to queue
[2026-01-02T04:29:59.660+0000] {logging_mixin.py:188} INFO - [2026-01-02T04:29:59.659+0000] {dagbag.py:538} INFO - Filling up the DagBag from /home/airflow/.local/lib/python3.8/site-packages/airflow/example_dags/example_nested_branch_dag.py
[2026-01-02T04:29:59.665+0000] {processor.py:840} INFO - DAG(s) 'example_nested_branch_dag' retrieved from /home/airflow/.local/lib/python3.8/site-packages/airflow/example_dags/example_nested_branch_dag.py
[2026-01-02T04:29:59.673+0000] {logging_mixin.py:188} INFO - [2026-01-02T04:29:59.673+0000] {dag.py:3033} INFO - Sync 1 DAGs
[2026-01-02T04:29:59.684+0000] {logging_mixin.py:188} INFO - [2026-01-02T04:29:59.684+0000] {dag.py:3820} INFO - Setting next_dagrun for example_nested_branch_dag to 2026-01-01T00:00:00+00:00, run_after=2026-01-02T00:00:00+00:00
[2026-01-02T04:29:59.695+0000] {processor.py:183} INFO - Processing /home/airflow/.local/lib/python3.8/site-packages/airflow/example_dags/example_nested_branch_dag.py took 0.038 seconds
[2026-01-02T04:30:30.315+0000] {processor.py:161} INFO - Started process (PID=103) to work on /home/airflow/.local/lib/python3.8/site-packages/airflow/example_dags/example_nested_branch_dag.py
[2026-01-02T04:30:30.315+0000] {processor.py:830} INFO - Processing file /home/airflow/.local/lib/python3.8/site-packages/airflow/example_dags/example_nested_branch_dag.py for tasks to queue
[2026-01-02T04:30:30.317+0000] {logging_mixin.py:188} INFO - [2026-01-02T04:30:30.316+0000] {dagbag.py:538} INFO - Filling up the DagBag from /home/airflow/.local/lib/python3.8/site-packages/airflow/example_dags/example_nested_branch_dag.py
[2026-01-02T04:30:30.321+0000] {processor.py:840} INFO - DAG(s) 'example_nested_branch_dag' retrieved from /home/airflow/.local/lib/python3.8/site-packages/airflow/example_dags/example_nested_branch_dag.py
[2026-01-02T04:30:30.372+0000] {logging_mixin.py:188} INFO - [2026-01-02T04:30:30.372+0000] {dag.py:3033} INFO - Sync 1 DAGs
[2026-01-02T04:30:30.383+0000] {logging_mixin.py:188} INFO - [2026-01-02T04:30:30.383+0000] {dag.py:3820} INFO - Setting next_dagrun for example_nested_branch_dag to 2026-01-01T00:00:00+00:00, run_after=2026-01-02T00:00:00+00:00
[2026-01-02T04:30:30.397+0000] {processor.py:183} INFO - Processing /home/airflow/.local/lib/python3.8/site-packages/airflow/example_dags/example_nested_branch_dag.py took 0.084 seconds
[2026-01-02T04:31:00.584+0000] {processor.py:161} INFO - Started process (PID=158) to work on /home/airflow/.local/lib/python3.8/site-packages/airflow/example_dags/example_nested_branch_dag.py
[2026-01-02T04:31:00.584+0000] {processor.py:830} INFO - Processing file /home/airflow/.local/lib/python3.8/site-packages/airflow/example_dags/example_nested_branch_dag.py for tasks to queue
[2026-01-02T04:31:00.585+0000] {logging_mixin.py:188} INFO - [2026-01-02T04:31:00.585+0000] {dagbag.py:538} INFO - Filling up the DagBag from /home/airflow/.local/lib/python3.8/site-packages/airflow/example_dags/example_nested_branch_dag.py
[2026-01-02T04:31:00.590+0000] {processor.py:840} INFO - DAG(s) 'example_nested_branch_dag' retrieved from /home/airflow/.local/lib/python3.8/site-packages/airflow/example_dags/example_nested_branch_dag.py
[2026-01-02T04:31:00.603+0000] {logging_mixin.py:188} INFO - [2026-01-02T04:31:00.603+0000] {dag.py:3033} INFO - Sync 1 DAGs
[2026-01-02T04:31:00.615+0000] {logging_mixin.py:188} INFO - [2026-01-02T04:31:00.615+0000] {dag.py:3820} INFO - Setting next_dagrun for example_nested_branch_dag to 2026-01-01T00:00:00+00:00, run_after=2026-01-02T00:00:00+00:00
[2026-01-02T04:31:00.625+0000] {processor.py:183} INFO - Processing /home/airflow/.local/lib/python3.8/site-packages/airflow/example_dags/example_nested_branch_dag.py took 0.043 seconds
[2026-01-02T04:31:31.140+0000] {processor.py:161} INFO - Started process (PID=213) to work on /home/airflow/.local/lib/python3.8/site-packages/airflow/example_dags/example_nested_branch_dag.py
[2026-01-02T04:31:31.140+0000] {processor.py:830} INFO - Processing file /home/airflow/.local/lib/python3.8/site-packages/airflow/example_dags/example_nested_branch_dag.py for tasks to queue
[2026-01-02T04:31:31.141+0000] {logging_mixin.py:188} INFO - [2026-01-02T04:31:31.141+0000] {dagbag.py:538} INFO - Filling up the DagBag from /home/airflow/.local/lib/python3.8/site-packages/airflow/example_dags/example_nested_branch_dag.py
[2026-01-02T04:31:31.145+0000] {processor.py:840} INFO - DAG(s) 'example_nested_branch_dag' retrieved from /home/airflow/.local/lib/python3.8/site-packages/airflow/example_dags/example_nested_branch_dag.py
[2026-01-02T04:31:31.157+0000] {logging_mixin.py:188} INFO - [2026-01-02T04:31:31.157+0000] {dag.py:3033} INFO - Sync 1 DAGs
[2026-01-02T04:31:31.170+0000] {logging_mixin.py:188} INFO - [2026-01-02T04:31:31.170+0000] {dag.py:3820} INFO - Setting next_dagrun for example_nested_branch_dag to 2026-01-01T00:00:00+00:00, run_after=2026-01-02T00:00:00+00:00
[2026-01-02T04:31:31.180+0000] {processor.py:183} INFO - Processing /home/airflow/.local/lib/python3.8/site-packages/airflow/example_dags/example_nested_branch_dag.py took 0.042 seconds
[2026-01-02T04:32:01.547+0000] {processor.py:161} INFO - Started process (PID=268) to work on /home/airflow/.local/lib/python3.8/site-packages/airflow/example_dags/example_nested_branch_dag.py
[2026-01-02T04:32:01.547+0000] {processor.py:830} INFO - Processing file /home/airflow/.local/lib/python3.8/site-packages/airflow/example_dags/example_nested_branch_dag.py for tasks to queue
[2026-01-02T04:32:01.549+0000] {logging_mixin.py:188} INFO - [2026-01-02T04:32:01.548+0000] {dagbag.py:538} INFO - Filling up the DagBag from /home/airflow/.local/lib/python3.8/site-packages/airflow/example_dags/example_nested_branch_dag.py
[2026-01-02T04:32:01.554+0000] {processor.py:840} INFO - DAG(s) 'example_nested_branch_dag' retrieved from /home/airflow/.local/lib/python3.8/site-packages/airflow/example_dags/example_nested_branch_dag.py
[2026-01-02T04:32:01.567+0000] {logging_mixin.py:188} INFO - [2026-01-02T04:32:01.566+0000] {dag.py:3033} INFO - Sync 1 DAGs
[2026-01-02T04:32:01.580+0000] {logging_mixin.py:188} INFO - [2026-01-02T04:32:01.580+0000] {dag.py:3820} INFO - Setting next_dagrun for example_nested_branch_dag to 2026-01-01T00:00:00+00:00, run_after=2026-01-02T00:00:00+00:00
[2026-01-02T04:32:01.592+0000] {processor.py:183} INFO - Processing /home/airflow/.local/lib/python3.8/site-packages/airflow/example_dags/example_nested_branch_dag.py took 0.047 seconds
[2026-01-02T04:32:31.961+0000] {processor.py:161} INFO - Started process (PID=323) to work on /home/airflow/.local/lib/python3.8/site-packages/airflow/example_dags/example_nested_branch_dag.py
[2026-01-02T04:32:31.962+0000] {processor.py:830} INFO - Processing file /home/airflow/.local/lib/python3.8/site-packages/airflow/example_dags/example_nested_branch_dag.py for tasks to queue
[2026-01-02T04:32:31.963+0000] {logging_mixin.py:188} INFO - [2026-01-02T04:32:31.963+0000] {dagbag.py:538} INFO - Filling up the DagBag from /home/airflow/.local/lib/python3.8/site-packages/airflow/example_dags/example_nested_branch_dag.py
[2026-01-02T04:32:31.968+0000] {processor.py:840} INFO - DAG(s) 'example_nested_branch_dag' retrieved from /home/airflow/.local/lib/python3.8/site-packages/airflow/example_dags/example_nested_branch_dag.py
[2026-01-02T04:32:31.980+0000] {logging_mixin.py:188} INFO - [2026-01-02T04:32:31.980+0000] {dag.py:3033} INFO - Sync 1 DAGs
[2026-01-02T04:32:31.991+0000] {logging_mixin.py:188} INFO - [2026-01-02T04:32:31.991+0000] {dag.py:3820} INFO - Setting next_dagrun for example_nested_branch_dag to 2026-01-01T00:00:00+00:00, run_after=2026-01-02T00:00:00+00:00
[2026-01-02T04:32:32.004+0000] {processor.py:183} INFO - Processing /home/airflow/.local/lib/python3.8/site-packages/airflow/example_dags/example_nested_branch_dag.py took 0.044 seconds
[2026-01-02T04:33:02.201+0000] {processor.py:161} INFO - Started process (PID=378) to work on /home/airflow/.local/lib/python3.8/site-packages/airflow/example_dags/example_nested_branch_dag.py
[2026-01-02T04:33:02.201+0000] {processor.py:830} INFO - Processing file /home/airflow/.local/lib/python3.8/site-packages/airflow/example_dags/example_nested_branch_dag.py for tasks to queue
[2026-01-02T04:33:02.202+0000] {logging_mixin.py:188} INFO - [2026-01-02T04:33:02.202+0000] {dagbag.py:538} INFO - Filling up the DagBag from /home/airflow/.local/lib/python3.8/site-packages/airflow/example_dags/example_nested_branch_dag.py
[2026-01-02T04:33:02.207+0000] {processor.py:840} INFO - DAG(s) 'example_nested_branch_dag' retrieved from /home/airflow/.local/lib/python3.8/site-packages/airflow/example_dags/example_nested_branch_dag.py
[2026-01-02T04:33:02.216+0000] {logging_mixin.py:188} INFO - [2026-01-02T04:33:02.216+0000] {dag.py:3033} INFO - Sync 1 DAGs
[2026-01-02T04:33:02.227+0000] {logging_mixin.py:188} INFO - [2026-01-02T04:33:02.227+0000] {dag.py:3820} INFO - Setting next_dagrun for example_nested_branch_dag to 2026-01-01T00:00:00+00:00, run_after=2026-01-02T00:00:00+00:00
[2026-01-02T04:33:02.238+0000] {processor.py:183} INFO - Processing /home/airflow/.local/lib/python3.8/site-packages/airflow/example_dags/example_nested_branch_dag.py took 0.038 seconds
[2026-01-02T04:33:32.502+0000] {processor.py:161} INFO - Started process (PID=433) to work on /home/airflow/.local/lib/python3.8/site-packages/airflow/example_dags/example_nested_branch_dag.py
[2026-01-02T04:33:32.503+0000] {processor.py:830} INFO - Processing file /home/airflow/.local/lib/python3.8/site-packages/airflow/example_dags/example_nested_branch_dag.py for tasks to queue
[2026-01-02T04:33:32.504+0000] {logging_mixin.py:188} INFO - [2026-01-02T04:33:32.504+0000] {dagbag.py:538} INFO - Filling up the DagBag from /home/airflow/.local/lib/python3.8/site-packages/airflow/example_dags/example_nested_branch_dag.py
[2026-01-02T04:33:32.508+0000] {processor.py:840} INFO - DAG(s) 'example_nested_branch_dag' retrieved from /home/airflow/.local/lib/python3.8/site-packages/airflow/example_dags/example_nested_branch_dag.py
[2026-01-02T04:33:32.517+0000] {logging_mixin.py:188} INFO - [2026-01-02T04:33:32.517+0000] {dag.py:3033} INFO - Sync 1 DAGs
[2026-01-02T04:33:32.528+0000] {logging_mixin.py:188} INFO - [2026-01-02T04:33:32.528+0000] {dag.py:3820} INFO - Setting next_dagrun for example_nested_branch_dag to 2026-01-01T00:00:00+00:00, run_after=2026-01-02T00:00:00+00:00
[2026-01-02T04:33:32.540+0000] {processor.py:183} INFO - Processing /home/airflow/.local/lib/python3.8/site-packages/airflow/example_dags/example_nested_branch_dag.py took 0.039 seconds
[2026-01-02T04:34:02.803+0000] {processor.py:161} INFO - Started process (PID=488) to work on /home/airflow/.local/lib/python3.8/site-packages/airflow/example_dags/example_nested_branch_dag.py
[2026-01-02T04:34:02.803+0000] {processor.py:830} INFO - Processing file /home/airflow/.local/lib/python3.8/site-packages/airflow/example_dags/example_nested_branch_dag.py for tasks to queue
[2026-01-02T04:34:02.804+0000] {logging_mixin.py:188} INFO - [2026-01-02T04:34:02.804+0000] {dagbag.py:538} INFO - Filling up the DagBag from /home/airflow/.local/lib/python3.8/site-packages/airflow/example_dags/example_nested_branch_dag.py
[2026-01-02T04:34:02.809+0000] {processor.py:840} INFO - DAG(s) 'example_nested_branch_dag' retrieved from /home/airflow/.local/lib/python3.8/site-packages/airflow/example_dags/example_nested_branch_dag.py
[2026-01-02T04:34:02.821+0000] {logging_mixin.py:188} INFO - [2026-01-02T04:34:02.821+0000] {dag.py:3033} INFO - Sync 1 DAGs
[2026-01-02T04:34:02.831+0000] {logging_mixin.py:188} INFO - [2026-01-02T04:34:02.831+0000] {dag.py:3820} INFO - Setting next_dagrun for example_nested_branch_dag to 2026-01-01T00:00:00+00:00, run_after=2026-01-02T00:00:00+00:00
[2026-01-02T04:34:02.843+0000] {processor.py:183} INFO - Processing /home/airflow/.local/lib/python3.8/site-packages/airflow/example_dags/example_nested_branch_dag.py took 0.041 seconds
[2026-01-02T04:34:33.086+0000] {processor.py:161} INFO - Started process (PID=543) to work on /home/airflow/.local/lib/python3.8/site-packages/airflow/example_dags/example_nested_branch_dag.py
[2026-01-02T04:34:33.086+0000] {processor.py:830} INFO - Processing file /home/airflow/.local/lib/python3.8/site-packages/airflow/example_dags/example_nested_branch_dag.py for tasks to queue
[2026-01-02T04:34:33.087+0000] {logging_mixin.py:188} INFO - [2026-01-02T04:34:33.087+0000] {dagbag.py:538} INFO - Filling up the DagBag from /home/airflow/.local/lib/python3.8/site-packages/airflow/example_dags/example_nested_branch_dag.py
[2026-01-02T04:34:33.091+0000] {processor.py:840} INFO - DAG(s) 'example_nested_branch_dag' retrieved from /home/airflow/.local/lib/python3.8/site-packages/airflow/example_dags/example_nested_branch_dag.py
[2026-01-02T04:34:33.101+0000] {logging_mixin.py:188} INFO - [2026-01-02T04:34:33.101+0000] {dag.py:3033} INFO - Sync 1 DAGs
[2026-01-02T04:34:33.112+0000] {logging_mixin.py:188} INFO - [2026-01-02T04:34:33.112+0000] {dag.py:3820} INFO - Setting next_dagrun for example_nested_branch_dag to 2026-01-01T00:00:00+00:00, run_after=2026-01-02T00:00:00+00:00
[2026-01-02T04:34:33.124+0000] {processor.py:183} INFO - Processing /home/airflow/.local/lib/python3.8/site-packages/airflow/example_dags/example_nested_branch_dag.py took 0.039 seconds
[2026-01-02T04:35:03.431+0000] {processor.py:161} INFO - Started process (PID=598) to work on /home/airflow/.local/lib/python3.8/site-packages/airflow/example_dags/example_nested_branch_dag.py
[2026-01-02T04:35:03.431+0000] {processor.py:830} INFO - Processing file /home/airflow/.local/lib/python3.8/site-packages/airflow/example_dags/example_nested_branch_dag.py for tasks to queue
[2026-01-02T04:35:03.433+0000] {logging_mixin.py:188} INFO - [2026-01-02T04:35:03.432+0000] {dagbag.py:538} INFO - Filling up the DagBag from /home/airflow/.local/lib/python3.8/site-packages/airflow/example_dags/example_nested_branch_dag.py
[2026-01-02T04:35:03.437+0000] {processor.py:840} INFO - DAG(s) 'example_nested_branch_dag' retrieved from /home/airflow/.local/lib/python3.8/site-packages/airflow/example_dags/example_nested_branch_dag.py
[2026-01-02T04:35:03.450+0000] {logging_mixin.py:188} INFO - [2026-01-02T04:35:03.450+0000] {dag.py:3033} INFO - Sync 1 DAGs
[2026-01-02T04:35:03.461+0000] {logging_mixin.py:188} INFO - [2026-01-02T04:35:03.461+0000] {dag.py:3820} INFO - Setting next_dagrun for example_nested_branch_dag to 2026-01-01T00:00:00+00:00, run_after=2026-01-02T00:00:00+00:00
[2026-01-02T04:35:03.472+0000] {processor.py:183} INFO - Processing /home/airflow/.local/lib/python3.8/site-packages/airflow/example_dags/example_nested_branch_dag.py took 0.042 seconds
[2026-01-02T04:35:33.756+0000] {processor.py:161} INFO - Started process (PID=653) to work on /home/airflow/.local/lib/python3.8/site-packages/airflow/example_dags/example_nested_branch_dag.py
[2026-01-02T04:35:33.756+0000] {processor.py:830} INFO - Processing file /home/airflow/.local/lib/python3.8/site-packages/airflow/example_dags/example_nested_branch_dag.py for tasks to queue
[2026-01-02T04:35:33.758+0000] {logging_mixin.py:188} INFO - [2026-01-02T04:35:33.757+0000] {dagbag.py:538} INFO - Filling up the DagBag from /home/airflow/.local/lib/python3.8/site-packages/airflow/example_dags/example_nested_branch_dag.py
[2026-01-02T04:35:33.765+0000] {processor.py:840} INFO - DAG(s) 'example_nested_branch_dag' retrieved from /home/airflow/.local/lib/python3.8/site-packages/airflow/example_dags/example_nested_branch_dag.py
[2026-01-02T04:35:33.777+0000] {logging_mixin.py:188} INFO - [2026-01-02T04:35:33.777+0000] {dag.py:3033} INFO - Sync 1 DAGs
[2026-01-02T04:35:33.790+0000] {logging_mixin.py:188} INFO - [2026-01-02T04:35:33.789+0000] {dag.py:3820} INFO - Setting next_dagrun for example_nested_branch_dag to 2026-01-01T00:00:00+00:00, run_after=2026-01-02T00:00:00+00:00
[2026-01-02T04:35:33.802+0000] {processor.py:183} INFO - Processing /home/airflow/.local/lib/python3.8/site-packages/airflow/example_dags/example_nested_branch_dag.py took 0.048 seconds
[2026-01-02T04:36:04.011+0000] {processor.py:161} INFO - Started process (PID=708) to work on /home/airflow/.local/lib/python3.8/site-packages/airflow/example_dags/example_nested_branch_dag.py
[2026-01-02T04:36:04.012+0000] {processor.py:830} INFO - Processing file /home/airflow/.local/lib/python3.8/site-packages/airflow/example_dags/example_nested_branch_dag.py for tasks to queue
[2026-01-02T04:36:04.013+0000] {logging_mixin.py:188} INFO - [2026-01-02T04:36:04.013+0000] {dagbag.py:538} INFO - Filling up the DagBag from /home/airflow/.local/lib/python3.8/site-packages/airflow/example_dags/example_nested_branch_dag.py
[2026-01-02T04:36:04.017+0000] {processor.py:840} INFO - DAG(s) 'example_nested_branch_dag' retrieved from /home/airflow/.local/lib/python3.8/site-packages/airflow/example_dags/example_nested_branch_dag.py
[2026-01-02T04:36:04.027+0000] {logging_mixin.py:188} INFO - [2026-01-02T04:36:04.027+0000] {dag.py:3033} INFO - Sync 1 DAGs
[2026-01-02T04:36:04.038+0000] {logging_mixin.py:188} INFO - [2026-01-02T04:36:04.037+0000] {dag.py:3820} INFO - Setting next_dagrun for example_nested_branch_dag to 2026-01-01T00:00:00+00:00, run_after=2026-01-02T00:00:00+00:00
[2026-01-02T04:36:04.047+0000] {processor.py:183} INFO - Processing /home/airflow/.local/lib/python3.8/site-packages/airflow/example_dags/example_nested_branch_dag.py took 0.037 seconds
[2026-01-02T04:38:44.643+0000] {processor.py:161} INFO - Started process (PID=50) to work on /home/airflow/.local/lib/python3.8/site-packages/airflow/example_dags/example_nested_branch_dag.py
[2026-01-02T04:38:44.643+0000] {processor.py:830} INFO - Processing file /home/airflow/.local/lib/python3.8/site-packages/airflow/example_dags/example_nested_branch_dag.py for tasks to queue
[2026-01-02T04:38:44.644+0000] {logging_mixin.py:188} INFO - [2026-01-02T04:38:44.644+0000] {dagbag.py:538} INFO - Filling up the DagBag from /home/airflow/.local/lib/python3.8/site-packages/airflow/example_dags/example_nested_branch_dag.py
[2026-01-02T04:38:44.650+0000] {processor.py:840} INFO - DAG(s) 'example_nested_branch_dag' retrieved from /home/airflow/.local/lib/python3.8/site-packages/airflow/example_dags/example_nested_branch_dag.py
[2026-01-02T04:38:44.658+0000] {logging_mixin.py:188} INFO - [2026-01-02T04:38:44.658+0000] {dag.py:3033} INFO - Sync 1 DAGs
[2026-01-02T04:38:44.669+0000] {logging_mixin.py:188} INFO - [2026-01-02T04:38:44.669+0000] {dag.py:3820} INFO - Setting next_dagrun for example_nested_branch_dag to 2026-01-01T00:00:00+00:00, run_after=2026-01-02T00:00:00+00:00
[2026-01-02T04:38:44.680+0000] {processor.py:183} INFO - Processing /home/airflow/.local/lib/python3.8/site-packages/airflow/example_dags/example_nested_branch_dag.py took 0.038 seconds
[2026-01-02T04:39:15.001+0000] {processor.py:161} INFO - Started process (PID=105) to work on /home/airflow/.local/lib/python3.8/site-packages/airflow/example_dags/example_nested_branch_dag.py
[2026-01-02T04:39:15.002+0000] {processor.py:830} INFO - Processing file /home/airflow/.local/lib/python3.8/site-packages/airflow/example_dags/example_nested_branch_dag.py for tasks to queue
[2026-01-02T04:39:15.002+0000] {logging_mixin.py:188} INFO - [2026-01-02T04:39:15.002+0000] {dagbag.py:538} INFO - Filling up the DagBag from /home/airflow/.local/lib/python3.8/site-packages/airflow/example_dags/example_nested_branch_dag.py
[2026-01-02T04:39:15.006+0000] {processor.py:840} INFO - DAG(s) 'example_nested_branch_dag' retrieved from /home/airflow/.local/lib/python3.8/site-packages/airflow/example_dags/example_nested_branch_dag.py
[2026-01-02T04:39:15.047+0000] {logging_mixin.py:188} INFO - [2026-01-02T04:39:15.047+0000] {dag.py:3033} INFO - Sync 1 DAGs
[2026-01-02T04:39:15.056+0000] {logging_mixin.py:188} INFO - [2026-01-02T04:39:15.056+0000] {dag.py:3820} INFO - Setting next_dagrun for example_nested_branch_dag to 2026-01-01T00:00:00+00:00, run_after=2026-01-02T00:00:00+00:00
[2026-01-02T04:39:15.065+0000] {processor.py:183} INFO - Processing /home/airflow/.local/lib/python3.8/site-packages/airflow/example_dags/example_nested_branch_dag.py took 0.065 seconds
[2026-01-02T04:39:46.017+0000] {processor.py:161} INFO - Started process (PID=166) to work on /home/airflow/.local/lib/python3.8/site-packages/airflow/example_dags/example_nested_branch_dag.py
[2026-01-02T04:39:46.017+0000] {processor.py:830} INFO - Processing file /home/airflow/.local/lib/python3.8/site-packages/airflow/example_dags/example_nested_branch_dag.py for tasks to queue
[2026-01-02T04:39:46.018+0000] {logging_mixin.py:188} INFO - [2026-01-02T04:39:46.018+0000] {dagbag.py:538} INFO - Filling up the DagBag from /home/airflow/.local/lib/python3.8/site-packages/airflow/example_dags/example_nested_branch_dag.py
[2026-01-02T04:39:46.022+0000] {processor.py:840} INFO - DAG(s) 'example_nested_branch_dag' retrieved from /home/airflow/.local/lib/python3.8/site-packages/airflow/example_dags/example_nested_branch_dag.py
[2026-01-02T04:39:46.032+0000] {logging_mixin.py:188} INFO - [2026-01-02T04:39:46.032+0000] {dag.py:3033} INFO - Sync 1 DAGs
[2026-01-02T04:39:46.041+0000] {logging_mixin.py:188} INFO - [2026-01-02T04:39:46.041+0000] {dag.py:3820} INFO - Setting next_dagrun for example_nested_branch_dag to 2026-01-01T00:00:00+00:00, run_after=2026-01-02T00:00:00+00:00
[2026-01-02T04:39:46.052+0000] {processor.py:183} INFO - Processing /home/airflow/.local/lib/python3.8/site-packages/airflow/example_dags/example_nested_branch_dag.py took 0.036 seconds
[2026-01-02T04:40:16.179+0000] {processor.py:161} INFO - Started process (PID=221) to work on /home/airflow/.local/lib/python3.8/site-packages/airflow/example_dags/example_nested_branch_dag.py
[2026-01-02T04:40:16.180+0000] {processor.py:830} INFO - Processing file /home/airflow/.local/lib/python3.8/site-packages/airflow/example_dags/example_nested_branch_dag.py for tasks to queue
[2026-01-02T04:40:16.180+0000] {logging_mixin.py:188} INFO - [2026-01-02T04:40:16.180+0000] {dagbag.py:538} INFO - Filling up the DagBag from /home/airflow/.local/lib/python3.8/site-packages/airflow/example_dags/example_nested_branch_dag.py
[2026-01-02T04:40:16.185+0000] {processor.py:840} INFO - DAG(s) 'example_nested_branch_dag' retrieved from /home/airflow/.local/lib/python3.8/site-packages/airflow/example_dags/example_nested_branch_dag.py
[2026-01-02T04:40:16.195+0000] {logging_mixin.py:188} INFO - [2026-01-02T04:40:16.195+0000] {dag.py:3033} INFO - Sync 1 DAGs
[2026-01-02T04:40:16.204+0000] {logging_mixin.py:188} INFO - [2026-01-02T04:40:16.204+0000] {dag.py:3820} INFO - Setting next_dagrun for example_nested_branch_dag to 2026-01-01T00:00:00+00:00, run_after=2026-01-02T00:00:00+00:00
[2026-01-02T04:40:16.213+0000] {processor.py:183} INFO - Processing /home/airflow/.local/lib/python3.8/site-packages/airflow/example_dags/example_nested_branch_dag.py took 0.035 seconds
[2026-01-02T04:40:46.385+0000] {processor.py:161} INFO - Started process (PID=276) to work on /home/airflow/.local/lib/python3.8/site-packages/airflow/example_dags/example_nested_branch_dag.py
[2026-01-02T04:40:46.386+0000] {processor.py:830} INFO - Processing file /home/airflow/.local/lib/python3.8/site-packages/airflow/example_dags/example_nested_branch_dag.py for tasks to queue
[2026-01-02T04:40:46.386+0000] {logging_mixin.py:188} INFO - [2026-01-02T04:40:46.386+0000] {dagbag.py:538} INFO - Filling up the DagBag from /home/airflow/.local/lib/python3.8/site-packages/airflow/example_dags/example_nested_branch_dag.py
[2026-01-02T04:40:46.392+0000] {processor.py:840} INFO - DAG(s) 'example_nested_branch_dag' retrieved from /home/airflow/.local/lib/python3.8/site-packages/airflow/example_dags/example_nested_branch_dag.py
[2026-01-02T04:40:46.402+0000] {logging_mixin.py:188} INFO - [2026-01-02T04:40:46.401+0000] {dag.py:3033} INFO - Sync 1 DAGs
[2026-01-02T04:40:46.411+0000] {logging_mixin.py:188} INFO - [2026-01-02T04:40:46.411+0000] {dag.py:3820} INFO - Setting next_dagrun for example_nested_branch_dag to 2026-01-01T00:00:00+00:00, run_after=2026-01-02T00:00:00+00:00
[2026-01-02T04:40:46.420+0000] {processor.py:183} INFO - Processing /home/airflow/.local/lib/python3.8/site-packages/airflow/example_dags/example_nested_branch_dag.py took 0.037 seconds
[2026-01-02T04:41:16.539+0000] {processor.py:161} INFO - Started process (PID=331) to work on /home/airflow/.local/lib/python3.8/site-packages/airflow/example_dags/example_nested_branch_dag.py
[2026-01-02T04:41:16.539+0000] {processor.py:830} INFO - Processing file /home/airflow/.local/lib/python3.8/site-packages/airflow/example_dags/example_nested_branch_dag.py for tasks to queue
[2026-01-02T04:41:16.540+0000] {logging_mixin.py:188} INFO - [2026-01-02T04:41:16.540+0000] {dagbag.py:538} INFO - Filling up the DagBag from /home/airflow/.local/lib/python3.8/site-packages/airflow/example_dags/example_nested_branch_dag.py
[2026-01-02T04:41:16.545+0000] {processor.py:840} INFO - DAG(s) 'example_nested_branch_dag' retrieved from /home/airflow/.local/lib/python3.8/site-packages/airflow/example_dags/example_nested_branch_dag.py
[2026-01-02T04:41:16.555+0000] {logging_mixin.py:188} INFO - [2026-01-02T04:41:16.555+0000] {dag.py:3033} INFO - Sync 1 DAGs
[2026-01-02T04:41:16.565+0000] {logging_mixin.py:188} INFO - [2026-01-02T04:41:16.565+0000] {dag.py:3820} INFO - Setting next_dagrun for example_nested_branch_dag to 2026-01-01T00:00:00+00:00, run_after=2026-01-02T00:00:00+00:00
[2026-01-02T04:41:16.574+0000] {processor.py:183} INFO - Processing /home/airflow/.local/lib/python3.8/site-packages/airflow/example_dags/example_nested_branch_dag.py took 0.036 seconds
[2026-01-02T04:41:46.786+0000] {processor.py:161} INFO - Started process (PID=386) to work on /home/airflow/.local/lib/python3.8/site-packages/airflow/example_dags/example_nested_branch_dag.py
[2026-01-02T04:41:46.787+0000] {processor.py:830} INFO - Processing file /home/airflow/.local/lib/python3.8/site-packages/airflow/example_dags/example_nested_branch_dag.py for tasks to queue
[2026-01-02T04:41:46.788+0000] {logging_mixin.py:188} INFO - [2026-01-02T04:41:46.788+0000] {dagbag.py:538} INFO - Filling up the DagBag from /home/airflow/.local/lib/python3.8/site-packages/airflow/example_dags/example_nested_branch_dag.py
[2026-01-02T04:41:46.793+0000] {processor.py:840} INFO - DAG(s) 'example_nested_branch_dag' retrieved from /home/airflow/.local/lib/python3.8/site-packages/airflow/example_dags/example_nested_branch_dag.py
[2026-01-02T04:41:46.803+0000] {logging_mixin.py:188} INFO - [2026-01-02T04:41:46.802+0000] {dag.py:3033} INFO - Sync 1 DAGs
[2026-01-02T04:41:46.813+0000] {logging_mixin.py:188} INFO - [2026-01-02T04:41:46.812+0000] {dag.py:3820} INFO - Setting next_dagrun for example_nested_branch_dag to 2026-01-01T00:00:00+00:00, run_after=2026-01-02T00:00:00+00:00
[2026-01-02T04:41:46.822+0000] {processor.py:183} INFO - Processing /home/airflow/.local/lib/python3.8/site-packages/airflow/example_dags/example_nested_branch_dag.py took 0.036 seconds
[2026-01-02T04:42:16.926+0000] {processor.py:161} INFO - Started process (PID=441) to work on /home/airflow/.local/lib/python3.8/site-packages/airflow/example_dags/example_nested_branch_dag.py
[2026-01-02T04:42:16.926+0000] {processor.py:830} INFO - Processing file /home/airflow/.local/lib/python3.8/site-packages/airflow/example_dags/example_nested_branch_dag.py for tasks to queue
[2026-01-02T04:42:16.927+0000] {logging_mixin.py:188} INFO - [2026-01-02T04:42:16.927+0000] {dagbag.py:538} INFO - Filling up the DagBag from /home/airflow/.local/lib/python3.8/site-packages/airflow/example_dags/example_nested_branch_dag.py
[2026-01-02T04:42:16.932+0000] {processor.py:840} INFO - DAG(s) 'example_nested_branch_dag' retrieved from /home/airflow/.local/lib/python3.8/site-packages/airflow/example_dags/example_nested_branch_dag.py
[2026-01-02T04:42:16.942+0000] {logging_mixin.py:188} INFO - [2026-01-02T04:42:16.942+0000] {dag.py:3033} INFO - Sync 1 DAGs
[2026-01-02T04:42:16.952+0000] {logging_mixin.py:188} INFO - [2026-01-02T04:42:16.952+0000] {dag.py:3820} INFO - Setting next_dagrun for example_nested_branch_dag to 2026-01-01T00:00:00+00:00, run_after=2026-01-02T00:00:00+00:00
[2026-01-02T04:42:16.962+0000] {processor.py:183} INFO - Processing /home/airflow/.local/lib/python3.8/site-packages/airflow/example_dags/example_nested_branch_dag.py took 0.038 seconds
[2026-01-02T04:42:47.153+0000] {processor.py:161} INFO - Started process (PID=496) to work on /home/airflow/.local/lib/python3.8/site-packages/airflow/example_dags/example_nested_branch_dag.py
[2026-01-02T04:42:47.153+0000] {processor.py:830} INFO - Processing file /home/airflow/.local/lib/python3.8/site-packages/airflow/example_dags/example_nested_branch_dag.py for tasks to queue
[2026-01-02T04:42:47.154+0000] {logging_mixin.py:188} INFO - [2026-01-02T04:42:47.154+0000] {dagbag.py:538} INFO - Filling up the DagBag from /home/airflow/.local/lib/python3.8/site-packages/airflow/example_dags/example_nested_branch_dag.py
[2026-01-02T04:42:47.159+0000] {processor.py:840} INFO - DAG(s) 'example_nested_branch_dag' retrieved from /home/airflow/.local/lib/python3.8/site-packages/airflow/example_dags/example_nested_branch_dag.py
[2026-01-02T04:42:47.168+0000] {logging_mixin.py:188} INFO - [2026-01-02T04:42:47.168+0000] {dag.py:3033} INFO - Sync 1 DAGs
[2026-01-02T04:42:47.177+0000] {logging_mixin.py:188} INFO - [2026-01-02T04:42:47.177+0000] {dag.py:3820} INFO - Setting next_dagrun for example_nested_branch_dag to 2026-01-01T00:00:00+00:00, run_after=2026-01-02T00:00:00+00:00
[2026-01-02T04:42:47.187+0000] {processor.py:183} INFO - Processing /home/airflow/.local/lib/python3.8/site-packages/airflow/example_dags/example_nested_branch_dag.py took 0.035 seconds
[2026-01-02T04:43:17.323+0000] {processor.py:161} INFO - Started process (PID=551) to work on /home/airflow/.local/lib/python3.8/site-packages/airflow/example_dags/example_nested_branch_dag.py
[2026-01-02T04:43:17.323+0000] {processor.py:830} INFO - Processing file /home/airflow/.local/lib/python3.8/site-packages/airflow/example_dags/example_nested_branch_dag.py for tasks to queue
[2026-01-02T04:43:17.324+0000] {logging_mixin.py:188} INFO - [2026-01-02T04:43:17.324+0000] {dagbag.py:538} INFO - Filling up the DagBag from /home/airflow/.local/lib/python3.8/site-packages/airflow/example_dags/example_nested_branch_dag.py
[2026-01-02T04:43:17.328+0000] {processor.py:840} INFO - DAG(s) 'example_nested_branch_dag' retrieved from /home/airflow/.local/lib/python3.8/site-packages/airflow/example_dags/example_nested_branch_dag.py
[2026-01-02T04:43:17.339+0000] {logging_mixin.py:188} INFO - [2026-01-02T04:43:17.338+0000] {dag.py:3033} INFO - Sync 1 DAGs
[2026-01-02T04:43:17.348+0000] {logging_mixin.py:188} INFO - [2026-01-02T04:43:17.348+0000] {dag.py:3820} INFO - Setting next_dagrun for example_nested_branch_dag to 2026-01-01T00:00:00+00:00, run_after=2026-01-02T00:00:00+00:00
[2026-01-02T04:43:17.359+0000] {processor.py:183} INFO - Processing /home/airflow/.local/lib/python3.8/site-packages/airflow/example_dags/example_nested_branch_dag.py took 0.038 seconds
[2026-01-02T04:43:47.597+0000] {processor.py:161} INFO - Started process (PID=606) to work on /home/airflow/.local/lib/python3.8/site-packages/airflow/example_dags/example_nested_branch_dag.py
[2026-01-02T04:43:47.598+0000] {processor.py:830} INFO - Processing file /home/airflow/.local/lib/python3.8/site-packages/airflow/example_dags/example_nested_branch_dag.py for tasks to queue
[2026-01-02T04:43:47.599+0000] {logging_mixin.py:188} INFO - [2026-01-02T04:43:47.599+0000] {dagbag.py:538} INFO - Filling up the DagBag from /home/airflow/.local/lib/python3.8/site-packages/airflow/example_dags/example_nested_branch_dag.py
[2026-01-02T04:43:47.604+0000] {processor.py:840} INFO - DAG(s) 'example_nested_branch_dag' retrieved from /home/airflow/.local/lib/python3.8/site-packages/airflow/example_dags/example_nested_branch_dag.py
[2026-01-02T04:43:47.615+0000] {logging_mixin.py:188} INFO - [2026-01-02T04:43:47.614+0000] {dag.py:3033} INFO - Sync 1 DAGs
[2026-01-02T04:43:47.624+0000] {logging_mixin.py:188} INFO - [2026-01-02T04:43:47.624+0000] {dag.py:3820} INFO - Setting next_dagrun for example_nested_branch_dag to 2026-01-01T00:00:00+00:00, run_after=2026-01-02T00:00:00+00:00
[2026-01-02T04:43:47.637+0000] {processor.py:183} INFO - Processing /home/airflow/.local/lib/python3.8/site-packages/airflow/example_dags/example_nested_branch_dag.py took 0.041 seconds
[2026-01-02T04:44:17.877+0000] {processor.py:161} INFO - Started process (PID=668) to work on /home/airflow/.local/lib/python3.8/site-packages/airflow/example_dags/example_nested_branch_dag.py
[2026-01-02T04:44:17.877+0000] {processor.py:830} INFO - Processing file /home/airflow/.local/lib/python3.8/site-packages/airflow/example_dags/example_nested_branch_dag.py for tasks to queue
[2026-01-02T04:44:17.879+0000] {logging_mixin.py:188} INFO - [2026-01-02T04:44:17.878+0000] {dagbag.py:538} INFO - Filling up the DagBag from /home/airflow/.local/lib/python3.8/site-packages/airflow/example_dags/example_nested_branch_dag.py
[2026-01-02T04:44:17.883+0000] {processor.py:840} INFO - DAG(s) 'example_nested_branch_dag' retrieved from /home/airflow/.local/lib/python3.8/site-packages/airflow/example_dags/example_nested_branch_dag.py
[2026-01-02T04:44:17.893+0000] {logging_mixin.py:188} INFO - [2026-01-02T04:44:17.893+0000] {dag.py:3033} INFO - Sync 1 DAGs
[2026-01-02T04:44:17.904+0000] {logging_mixin.py:188} INFO - [2026-01-02T04:44:17.904+0000] {dag.py:3820} INFO - Setting next_dagrun for example_nested_branch_dag to 2026-01-01T00:00:00+00:00, run_after=2026-01-02T00:00:00+00:00
[2026-01-02T04:44:17.915+0000] {processor.py:183} INFO - Processing /home/airflow/.local/lib/python3.8/site-packages/airflow/example_dags/example_nested_branch_dag.py took 0.039 seconds
[2026-01-02T04:44:48.080+0000] {processor.py:161} INFO - Started process (PID=730) to work on /home/airflow/.local/lib/python3.8/site-packages/airflow/example_dags/example_nested_branch_dag.py
[2026-01-02T04:44:48.081+0000] {processor.py:830} INFO - Processing file /home/airflow/.local/lib/python3.8/site-packages/airflow/example_dags/example_nested_branch_dag.py for tasks to queue
[2026-01-02T04:44:48.082+0000] {logging_mixin.py:188} INFO - [2026-01-02T04:44:48.082+0000] {dagbag.py:538} INFO - Filling up the DagBag from /home/airflow/.local/lib/python3.8/site-packages/airflow/example_dags/example_nested_branch_dag.py
[2026-01-02T04:44:48.088+0000] {processor.py:840} INFO - DAG(s) 'example_nested_branch_dag' retrieved from /home/airflow/.local/lib/python3.8/site-packages/airflow/example_dags/example_nested_branch_dag.py
[2026-01-02T04:44:48.100+0000] {logging_mixin.py:188} INFO - [2026-01-02T04:44:48.100+0000] {dag.py:3033} INFO - Sync 1 DAGs
[2026-01-02T04:44:48.112+0000] {logging_mixin.py:188} INFO - [2026-01-02T04:44:48.112+0000] {dag.py:3820} INFO - Setting next_dagrun for example_nested_branch_dag to 2026-01-01T00:00:00+00:00, run_after=2026-01-02T00:00:00+00:00
[2026-01-02T04:44:48.123+0000] {processor.py:183} INFO - Processing /home/airflow/.local/lib/python3.8/site-packages/airflow/example_dags/example_nested_branch_dag.py took 0.044 seconds
[2026-01-02T04:45:18.372+0000] {processor.py:161} INFO - Started process (PID=785) to work on /home/airflow/.local/lib/python3.8/site-packages/airflow/example_dags/example_nested_branch_dag.py
[2026-01-02T04:45:18.372+0000] {processor.py:830} INFO - Processing file /home/airflow/.local/lib/python3.8/site-packages/airflow/example_dags/example_nested_branch_dag.py for tasks to queue
[2026-01-02T04:45:18.374+0000] {logging_mixin.py:188} INFO - [2026-01-02T04:45:18.374+0000] {dagbag.py:538} INFO - Filling up the DagBag from /home/airflow/.local/lib/python3.8/site-packages/airflow/example_dags/example_nested_branch_dag.py
[2026-01-02T04:45:18.379+0000] {processor.py:840} INFO - DAG(s) 'example_nested_branch_dag' retrieved from /home/airflow/.local/lib/python3.8/site-packages/airflow/example_dags/example_nested_branch_dag.py
[2026-01-02T04:45:18.390+0000] {logging_mixin.py:188} INFO - [2026-01-02T04:45:18.390+0000] {dag.py:3033} INFO - Sync 1 DAGs
[2026-01-02T04:45:18.401+0000] {logging_mixin.py:188} INFO - [2026-01-02T04:45:18.401+0000] {dag.py:3820} INFO - Setting next_dagrun for example_nested_branch_dag to 2026-01-01T00:00:00+00:00, run_after=2026-01-02T00:00:00+00:00
[2026-01-02T04:45:18.411+0000] {processor.py:183} INFO - Processing /home/airflow/.local/lib/python3.8/site-packages/airflow/example_dags/example_nested_branch_dag.py took 0.040 seconds
[2026-01-02T04:45:48.742+0000] {processor.py:161} INFO - Started process (PID=840) to work on /home/airflow/.local/lib/python3.8/site-packages/airflow/example_dags/example_nested_branch_dag.py
[2026-01-02T04:45:48.743+0000] {processor.py:830} INFO - Processing file /home/airflow/.local/lib/python3.8/site-packages/airflow/example_dags/example_nested_branch_dag.py for tasks to queue
[2026-01-02T04:45:48.744+0000] {logging_mixin.py:188} INFO - [2026-01-02T04:45:48.743+0000] {dagbag.py:538} INFO - Filling up the DagBag from /home/airflow/.local/lib/python3.8/site-packages/airflow/example_dags/example_nested_branch_dag.py
[2026-01-02T04:45:48.750+0000] {processor.py:840} INFO - DAG(s) 'example_nested_branch_dag' retrieved from /home/airflow/.local/lib/python3.8/site-packages/airflow/example_dags/example_nested_branch_dag.py
[2026-01-02T04:45:48.761+0000] {logging_mixin.py:188} INFO - [2026-01-02T04:45:48.761+0000] {dag.py:3033} INFO - Sync 1 DAGs
[2026-01-02T04:45:48.771+0000] {logging_mixin.py:188} INFO - [2026-01-02T04:45:48.771+0000] {dag.py:3820} INFO - Setting next_dagrun for example_nested_branch_dag to 2026-01-01T00:00:00+00:00, run_after=2026-01-02T00:00:00+00:00
[2026-01-02T04:45:48.780+0000] {processor.py:183} INFO - Processing /home/airflow/.local/lib/python3.8/site-packages/airflow/example_dags/example_nested_branch_dag.py took 0.039 seconds
[2026-01-02T04:46:19.018+0000] {processor.py:161} INFO - Started process (PID=895) to work on /home/airflow/.local/lib/python3.8/site-packages/airflow/example_dags/example_nested_branch_dag.py
[2026-01-02T04:46:19.019+0000] {processor.py:830} INFO - Processing file /home/airflow/.local/lib/python3.8/site-packages/airflow/example_dags/example_nested_branch_dag.py for tasks to queue
[2026-01-02T04:46:19.021+0000] {logging_mixin.py:188} INFO - [2026-01-02T04:46:19.021+0000] {dagbag.py:538} INFO - Filling up the DagBag from /home/airflow/.local/lib/python3.8/site-packages/airflow/example_dags/example_nested_branch_dag.py
[2026-01-02T04:46:19.025+0000] {processor.py:840} INFO - DAG(s) 'example_nested_branch_dag' retrieved from /home/airflow/.local/lib/python3.8/site-packages/airflow/example_dags/example_nested_branch_dag.py
[2026-01-02T04:46:19.037+0000] {logging_mixin.py:188} INFO - [2026-01-02T04:46:19.037+0000] {dag.py:3033} INFO - Sync 1 DAGs
[2026-01-02T04:46:19.049+0000] {logging_mixin.py:188} INFO - [2026-01-02T04:46:19.049+0000] {dag.py:3820} INFO - Setting next_dagrun for example_nested_branch_dag to 2026-01-01T00:00:00+00:00, run_after=2026-01-02T00:00:00+00:00
[2026-01-02T04:46:19.062+0000] {processor.py:183} INFO - Processing /home/airflow/.local/lib/python3.8/site-packages/airflow/example_dags/example_nested_branch_dag.py took 0.045 seconds
[2026-01-02T04:46:49.328+0000] {processor.py:161} INFO - Started process (PID=950) to work on /home/airflow/.local/lib/python3.8/site-packages/airflow/example_dags/example_nested_branch_dag.py
[2026-01-02T04:46:49.328+0000] {processor.py:830} INFO - Processing file /home/airflow/.local/lib/python3.8/site-packages/airflow/example_dags/example_nested_branch_dag.py for tasks to queue
[2026-01-02T04:46:49.329+0000] {logging_mixin.py:188} INFO - [2026-01-02T04:46:49.329+0000] {dagbag.py:538} INFO - Filling up the DagBag from /home/airflow/.local/lib/python3.8/site-packages/airflow/example_dags/example_nested_branch_dag.py
[2026-01-02T04:46:49.334+0000] {processor.py:840} INFO - DAG(s) 'example_nested_branch_dag' retrieved from /home/airflow/.local/lib/python3.8/site-packages/airflow/example_dags/example_nested_branch_dag.py
[2026-01-02T04:46:49.346+0000] {logging_mixin.py:188} INFO - [2026-01-02T04:46:49.346+0000] {dag.py:3033} INFO - Sync 1 DAGs
[2026-01-02T04:46:49.356+0000] {logging_mixin.py:188} INFO - [2026-01-02T04:46:49.356+0000] {dag.py:3820} INFO - Setting next_dagrun for example_nested_branch_dag to 2026-01-01T00:00:00+00:00, run_after=2026-01-02T00:00:00+00:00
[2026-01-02T04:46:49.369+0000] {processor.py:183} INFO - Processing /home/airflow/.local/lib/python3.8/site-packages/airflow/example_dags/example_nested_branch_dag.py took 0.042 seconds
[2026-01-02T04:47:19.630+0000] {processor.py:161} INFO - Started process (PID=1005) to work on /home/airflow/.local/lib/python3.8/site-packages/airflow/example_dags/example_nested_branch_dag.py
[2026-01-02T04:47:19.630+0000] {processor.py:830} INFO - Processing file /home/airflow/.local/lib/python3.8/site-packages/airflow/example_dags/example_nested_branch_dag.py for tasks to queue
[2026-01-02T04:47:19.631+0000] {logging_mixin.py:188} INFO - [2026-01-02T04:47:19.631+0000] {dagbag.py:538} INFO - Filling up the DagBag from /home/airflow/.local/lib/python3.8/site-packages/airflow/example_dags/example_nested_branch_dag.py
[2026-01-02T04:47:19.637+0000] {processor.py:840} INFO - DAG(s) 'example_nested_branch_dag' retrieved from /home/airflow/.local/lib/python3.8/site-packages/airflow/example_dags/example_nested_branch_dag.py
[2026-01-02T04:47:19.648+0000] {logging_mixin.py:188} INFO - [2026-01-02T04:47:19.648+0000] {dag.py:3033} INFO - Sync 1 DAGs
[2026-01-02T04:47:19.658+0000] {logging_mixin.py:188} INFO - [2026-01-02T04:47:19.658+0000] {dag.py:3820} INFO - Setting next_dagrun for example_nested_branch_dag to 2026-01-01T00:00:00+00:00, run_after=2026-01-02T00:00:00+00:00
[2026-01-02T04:47:19.670+0000] {processor.py:183} INFO - Processing /home/airflow/.local/lib/python3.8/site-packages/airflow/example_dags/example_nested_branch_dag.py took 0.042 seconds
