[2026-01-02T04:28:04.439+0000] {processor.py:161} INFO - Started process (PID=68) to work on /home/airflow/.local/lib/python3.8/site-packages/airflow/example_dags/example_sla_dag.py
[2026-01-02T04:28:04.439+0000] {processor.py:830} INFO - Processing file /home/airflow/.local/lib/python3.8/site-packages/airflow/example_dags/example_sla_dag.py for tasks to queue
[2026-01-02T04:28:04.442+0000] {logging_mixin.py:188} INFO - [2026-01-02T04:28:04.440+0000] {dagbag.py:538} INFO - Filling up the DagBag from /home/airflow/.local/lib/python3.8/site-packages/airflow/example_dags/example_sla_dag.py
[2026-01-02T04:28:04.449+0000] {processor.py:840} INFO - DAG(s) 'example_sla_dag' retrieved from /home/airflow/.local/lib/python3.8/site-packages/airflow/example_dags/example_sla_dag.py
[2026-01-02T04:28:04.498+0000] {logging_mixin.py:188} INFO - [2026-01-02T04:28:04.498+0000] {override.py:1769} INFO - Created Permission View: can edit on DAG:example_sla_dag
[2026-01-02T04:28:04.504+0000] {logging_mixin.py:188} INFO - [2026-01-02T04:28:04.504+0000] {override.py:1769} INFO - Created Permission View: can delete on DAG:example_sla_dag
[2026-01-02T04:28:04.508+0000] {logging_mixin.py:188} INFO - [2026-01-02T04:28:04.508+0000] {override.py:1769} INFO - Created Permission View: can read on DAG:example_sla_dag
[2026-01-02T04:28:04.509+0000] {logging_mixin.py:188} INFO - [2026-01-02T04:28:04.509+0000] {dag.py:3033} INFO - Sync 1 DAGs
[2026-01-02T04:28:04.514+0000] {logging_mixin.py:188} INFO - [2026-01-02T04:28:04.514+0000] {dag.py:3055} INFO - Creating ORM DAG for example_sla_dag
[2026-01-02T04:28:04.520+0000] {logging_mixin.py:188} INFO - [2026-01-02T04:28:04.520+0000] {dag.py:3820} INFO - Setting next_dagrun for example_sla_dag to 2026-01-02T04:26:00+00:00, run_after=2026-01-02T04:28:00+00:00
[2026-01-02T04:28:04.530+0000] {processor.py:183} INFO - Processing /home/airflow/.local/lib/python3.8/site-packages/airflow/example_dags/example_sla_dag.py took 0.093 seconds
[2026-01-02T04:28:35.197+0000] {processor.py:161} INFO - Started process (PID=123) to work on /home/airflow/.local/lib/python3.8/site-packages/airflow/example_dags/example_sla_dag.py
[2026-01-02T04:28:35.197+0000] {processor.py:830} INFO - Processing file /home/airflow/.local/lib/python3.8/site-packages/airflow/example_dags/example_sla_dag.py for tasks to queue
[2026-01-02T04:28:35.198+0000] {logging_mixin.py:188} INFO - [2026-01-02T04:28:35.198+0000] {dagbag.py:538} INFO - Filling up the DagBag from /home/airflow/.local/lib/python3.8/site-packages/airflow/example_dags/example_sla_dag.py
[2026-01-02T04:28:35.202+0000] {processor.py:840} INFO - DAG(s) 'example_sla_dag' retrieved from /home/airflow/.local/lib/python3.8/site-packages/airflow/example_dags/example_sla_dag.py
[2026-01-02T04:28:35.210+0000] {logging_mixin.py:188} INFO - [2026-01-02T04:28:35.210+0000] {dag.py:3033} INFO - Sync 1 DAGs
[2026-01-02T04:28:35.220+0000] {logging_mixin.py:188} INFO - [2026-01-02T04:28:35.220+0000] {dag.py:3820} INFO - Setting next_dagrun for example_sla_dag to 2026-01-02T04:26:00+00:00, run_after=2026-01-02T04:28:00+00:00
[2026-01-02T04:28:35.229+0000] {processor.py:183} INFO - Processing /home/airflow/.local/lib/python3.8/site-packages/airflow/example_dags/example_sla_dag.py took 0.033 seconds
[2026-01-02T04:30:00.003+0000] {processor.py:161} INFO - Started process (PID=60) to work on /home/airflow/.local/lib/python3.8/site-packages/airflow/example_dags/example_sla_dag.py
[2026-01-02T04:30:00.003+0000] {processor.py:830} INFO - Processing file /home/airflow/.local/lib/python3.8/site-packages/airflow/example_dags/example_sla_dag.py for tasks to queue
[2026-01-02T04:30:00.004+0000] {logging_mixin.py:188} INFO - [2026-01-02T04:30:00.004+0000] {dagbag.py:538} INFO - Filling up the DagBag from /home/airflow/.local/lib/python3.8/site-packages/airflow/example_dags/example_sla_dag.py
[2026-01-02T04:30:00.009+0000] {processor.py:840} INFO - DAG(s) 'example_sla_dag' retrieved from /home/airflow/.local/lib/python3.8/site-packages/airflow/example_dags/example_sla_dag.py
[2026-01-02T04:30:00.015+0000] {logging_mixin.py:188} INFO - [2026-01-02T04:30:00.015+0000] {dag.py:3033} INFO - Sync 1 DAGs
[2026-01-02T04:30:00.027+0000] {logging_mixin.py:188} INFO - [2026-01-02T04:30:00.027+0000] {dag.py:3820} INFO - Setting next_dagrun for example_sla_dag to 2026-01-02T04:28:00+00:00, run_after=2026-01-02T04:30:00+00:00
[2026-01-02T04:30:00.037+0000] {processor.py:183} INFO - Processing /home/airflow/.local/lib/python3.8/site-packages/airflow/example_dags/example_sla_dag.py took 0.036 seconds
[2026-01-02T04:30:30.928+0000] {processor.py:161} INFO - Started process (PID=115) to work on /home/airflow/.local/lib/python3.8/site-packages/airflow/example_dags/example_sla_dag.py
[2026-01-02T04:30:30.928+0000] {processor.py:830} INFO - Processing file /home/airflow/.local/lib/python3.8/site-packages/airflow/example_dags/example_sla_dag.py for tasks to queue
[2026-01-02T04:30:30.929+0000] {logging_mixin.py:188} INFO - [2026-01-02T04:30:30.929+0000] {dagbag.py:538} INFO - Filling up the DagBag from /home/airflow/.local/lib/python3.8/site-packages/airflow/example_dags/example_sla_dag.py
[2026-01-02T04:30:30.933+0000] {processor.py:840} INFO - DAG(s) 'example_sla_dag' retrieved from /home/airflow/.local/lib/python3.8/site-packages/airflow/example_dags/example_sla_dag.py
[2026-01-02T04:30:30.985+0000] {logging_mixin.py:188} INFO - [2026-01-02T04:30:30.985+0000] {dag.py:3033} INFO - Sync 1 DAGs
[2026-01-02T04:30:30.996+0000] {logging_mixin.py:188} INFO - [2026-01-02T04:30:30.996+0000] {dag.py:3820} INFO - Setting next_dagrun for example_sla_dag to 2026-01-02T04:28:00+00:00, run_after=2026-01-02T04:30:00+00:00
[2026-01-02T04:30:31.008+0000] {processor.py:183} INFO - Processing /home/airflow/.local/lib/python3.8/site-packages/airflow/example_dags/example_sla_dag.py took 0.081 seconds
[2026-01-02T04:31:01.016+0000] {processor.py:161} INFO - Started process (PID=170) to work on /home/airflow/.local/lib/python3.8/site-packages/airflow/example_dags/example_sla_dag.py
[2026-01-02T04:31:01.017+0000] {processor.py:830} INFO - Processing file /home/airflow/.local/lib/python3.8/site-packages/airflow/example_dags/example_sla_dag.py for tasks to queue
[2026-01-02T04:31:01.018+0000] {logging_mixin.py:188} INFO - [2026-01-02T04:31:01.018+0000] {dagbag.py:538} INFO - Filling up the DagBag from /home/airflow/.local/lib/python3.8/site-packages/airflow/example_dags/example_sla_dag.py
[2026-01-02T04:31:01.021+0000] {processor.py:840} INFO - DAG(s) 'example_sla_dag' retrieved from /home/airflow/.local/lib/python3.8/site-packages/airflow/example_dags/example_sla_dag.py
[2026-01-02T04:31:01.032+0000] {logging_mixin.py:188} INFO - [2026-01-02T04:31:01.032+0000] {dag.py:3033} INFO - Sync 1 DAGs
[2026-01-02T04:31:01.043+0000] {logging_mixin.py:188} INFO - [2026-01-02T04:31:01.043+0000] {dag.py:3820} INFO - Setting next_dagrun for example_sla_dag to 2026-01-02T04:28:00+00:00, run_after=2026-01-02T04:30:00+00:00
[2026-01-02T04:31:01.052+0000] {processor.py:183} INFO - Processing /home/airflow/.local/lib/python3.8/site-packages/airflow/example_dags/example_sla_dag.py took 0.037 seconds
[2026-01-02T04:31:31.489+0000] {processor.py:161} INFO - Started process (PID=225) to work on /home/airflow/.local/lib/python3.8/site-packages/airflow/example_dags/example_sla_dag.py
[2026-01-02T04:31:31.490+0000] {processor.py:830} INFO - Processing file /home/airflow/.local/lib/python3.8/site-packages/airflow/example_dags/example_sla_dag.py for tasks to queue
[2026-01-02T04:31:31.491+0000] {logging_mixin.py:188} INFO - [2026-01-02T04:31:31.491+0000] {dagbag.py:538} INFO - Filling up the DagBag from /home/airflow/.local/lib/python3.8/site-packages/airflow/example_dags/example_sla_dag.py
[2026-01-02T04:31:31.495+0000] {processor.py:840} INFO - DAG(s) 'example_sla_dag' retrieved from /home/airflow/.local/lib/python3.8/site-packages/airflow/example_dags/example_sla_dag.py
[2026-01-02T04:31:31.506+0000] {logging_mixin.py:188} INFO - [2026-01-02T04:31:31.506+0000] {dag.py:3033} INFO - Sync 1 DAGs
[2026-01-02T04:31:31.518+0000] {logging_mixin.py:188} INFO - [2026-01-02T04:31:31.518+0000] {dag.py:3820} INFO - Setting next_dagrun for example_sla_dag to 2026-01-02T04:28:00+00:00, run_after=2026-01-02T04:30:00+00:00
[2026-01-02T04:31:31.530+0000] {processor.py:183} INFO - Processing /home/airflow/.local/lib/python3.8/site-packages/airflow/example_dags/example_sla_dag.py took 0.042 seconds
[2026-01-02T04:32:01.907+0000] {processor.py:161} INFO - Started process (PID=280) to work on /home/airflow/.local/lib/python3.8/site-packages/airflow/example_dags/example_sla_dag.py
[2026-01-02T04:32:01.908+0000] {processor.py:830} INFO - Processing file /home/airflow/.local/lib/python3.8/site-packages/airflow/example_dags/example_sla_dag.py for tasks to queue
[2026-01-02T04:32:01.909+0000] {logging_mixin.py:188} INFO - [2026-01-02T04:32:01.909+0000] {dagbag.py:538} INFO - Filling up the DagBag from /home/airflow/.local/lib/python3.8/site-packages/airflow/example_dags/example_sla_dag.py
[2026-01-02T04:32:01.913+0000] {processor.py:840} INFO - DAG(s) 'example_sla_dag' retrieved from /home/airflow/.local/lib/python3.8/site-packages/airflow/example_dags/example_sla_dag.py
[2026-01-02T04:32:01.972+0000] {logging_mixin.py:188} INFO - [2026-01-02T04:32:01.972+0000] {dag.py:3033} INFO - Sync 1 DAGs
[2026-01-02T04:32:01.984+0000] {logging_mixin.py:188} INFO - [2026-01-02T04:32:01.984+0000] {dag.py:3820} INFO - Setting next_dagrun for example_sla_dag to 2026-01-02T04:30:00+00:00, run_after=2026-01-02T04:32:00+00:00
[2026-01-02T04:32:01.996+0000] {processor.py:183} INFO - Processing /home/airflow/.local/lib/python3.8/site-packages/airflow/example_dags/example_sla_dag.py took 0.090 seconds
[2026-01-02T04:32:32.265+0000] {processor.py:161} INFO - Started process (PID=335) to work on /home/airflow/.local/lib/python3.8/site-packages/airflow/example_dags/example_sla_dag.py
[2026-01-02T04:32:32.266+0000] {processor.py:830} INFO - Processing file /home/airflow/.local/lib/python3.8/site-packages/airflow/example_dags/example_sla_dag.py for tasks to queue
[2026-01-02T04:32:32.267+0000] {logging_mixin.py:188} INFO - [2026-01-02T04:32:32.266+0000] {dagbag.py:538} INFO - Filling up the DagBag from /home/airflow/.local/lib/python3.8/site-packages/airflow/example_dags/example_sla_dag.py
[2026-01-02T04:32:32.270+0000] {processor.py:840} INFO - DAG(s) 'example_sla_dag' retrieved from /home/airflow/.local/lib/python3.8/site-packages/airflow/example_dags/example_sla_dag.py
[2026-01-02T04:32:32.281+0000] {logging_mixin.py:188} INFO - [2026-01-02T04:32:32.281+0000] {dag.py:3033} INFO - Sync 1 DAGs
[2026-01-02T04:32:32.293+0000] {logging_mixin.py:188} INFO - [2026-01-02T04:32:32.293+0000] {dag.py:3820} INFO - Setting next_dagrun for example_sla_dag to 2026-01-02T04:30:00+00:00, run_after=2026-01-02T04:32:00+00:00
[2026-01-02T04:32:32.303+0000] {processor.py:183} INFO - Processing /home/airflow/.local/lib/python3.8/site-packages/airflow/example_dags/example_sla_dag.py took 0.040 seconds
[2026-01-02T04:33:02.541+0000] {processor.py:161} INFO - Started process (PID=390) to work on /home/airflow/.local/lib/python3.8/site-packages/airflow/example_dags/example_sla_dag.py
[2026-01-02T04:33:02.542+0000] {processor.py:830} INFO - Processing file /home/airflow/.local/lib/python3.8/site-packages/airflow/example_dags/example_sla_dag.py for tasks to queue
[2026-01-02T04:33:02.543+0000] {logging_mixin.py:188} INFO - [2026-01-02T04:33:02.542+0000] {dagbag.py:538} INFO - Filling up the DagBag from /home/airflow/.local/lib/python3.8/site-packages/airflow/example_dags/example_sla_dag.py
[2026-01-02T04:33:02.547+0000] {processor.py:840} INFO - DAG(s) 'example_sla_dag' retrieved from /home/airflow/.local/lib/python3.8/site-packages/airflow/example_dags/example_sla_dag.py
[2026-01-02T04:33:02.558+0000] {logging_mixin.py:188} INFO - [2026-01-02T04:33:02.558+0000] {dag.py:3033} INFO - Sync 1 DAGs
[2026-01-02T04:33:02.569+0000] {logging_mixin.py:188} INFO - [2026-01-02T04:33:02.569+0000] {dag.py:3820} INFO - Setting next_dagrun for example_sla_dag to 2026-01-02T04:30:00+00:00, run_after=2026-01-02T04:32:00+00:00
[2026-01-02T04:33:02.580+0000] {processor.py:183} INFO - Processing /home/airflow/.local/lib/python3.8/site-packages/airflow/example_dags/example_sla_dag.py took 0.040 seconds
[2026-01-02T04:33:32.835+0000] {processor.py:161} INFO - Started process (PID=445) to work on /home/airflow/.local/lib/python3.8/site-packages/airflow/example_dags/example_sla_dag.py
[2026-01-02T04:33:32.835+0000] {processor.py:830} INFO - Processing file /home/airflow/.local/lib/python3.8/site-packages/airflow/example_dags/example_sla_dag.py for tasks to queue
[2026-01-02T04:33:32.837+0000] {logging_mixin.py:188} INFO - [2026-01-02T04:33:32.837+0000] {dagbag.py:538} INFO - Filling up the DagBag from /home/airflow/.local/lib/python3.8/site-packages/airflow/example_dags/example_sla_dag.py
[2026-01-02T04:33:32.841+0000] {processor.py:840} INFO - DAG(s) 'example_sla_dag' retrieved from /home/airflow/.local/lib/python3.8/site-packages/airflow/example_dags/example_sla_dag.py
[2026-01-02T04:33:32.850+0000] {logging_mixin.py:188} INFO - [2026-01-02T04:33:32.850+0000] {dag.py:3033} INFO - Sync 1 DAGs
[2026-01-02T04:33:32.863+0000] {logging_mixin.py:188} INFO - [2026-01-02T04:33:32.863+0000] {dag.py:3820} INFO - Setting next_dagrun for example_sla_dag to 2026-01-02T04:30:00+00:00, run_after=2026-01-02T04:32:00+00:00
[2026-01-02T04:33:32.873+0000] {processor.py:183} INFO - Processing /home/airflow/.local/lib/python3.8/site-packages/airflow/example_dags/example_sla_dag.py took 0.039 seconds
[2026-01-02T04:34:03.131+0000] {processor.py:161} INFO - Started process (PID=500) to work on /home/airflow/.local/lib/python3.8/site-packages/airflow/example_dags/example_sla_dag.py
[2026-01-02T04:34:03.131+0000] {processor.py:830} INFO - Processing file /home/airflow/.local/lib/python3.8/site-packages/airflow/example_dags/example_sla_dag.py for tasks to queue
[2026-01-02T04:34:03.132+0000] {logging_mixin.py:188} INFO - [2026-01-02T04:34:03.132+0000] {dagbag.py:538} INFO - Filling up the DagBag from /home/airflow/.local/lib/python3.8/site-packages/airflow/example_dags/example_sla_dag.py
[2026-01-02T04:34:03.137+0000] {processor.py:840} INFO - DAG(s) 'example_sla_dag' retrieved from /home/airflow/.local/lib/python3.8/site-packages/airflow/example_dags/example_sla_dag.py
[2026-01-02T04:34:03.145+0000] {logging_mixin.py:188} INFO - [2026-01-02T04:34:03.145+0000] {dag.py:3033} INFO - Sync 1 DAGs
[2026-01-02T04:34:03.158+0000] {logging_mixin.py:188} INFO - [2026-01-02T04:34:03.158+0000] {dag.py:3820} INFO - Setting next_dagrun for example_sla_dag to 2026-01-02T04:32:00+00:00, run_after=2026-01-02T04:34:00+00:00
[2026-01-02T04:34:03.167+0000] {processor.py:183} INFO - Processing /home/airflow/.local/lib/python3.8/site-packages/airflow/example_dags/example_sla_dag.py took 0.038 seconds
[2026-01-02T04:34:33.449+0000] {processor.py:161} INFO - Started process (PID=555) to work on /home/airflow/.local/lib/python3.8/site-packages/airflow/example_dags/example_sla_dag.py
[2026-01-02T04:34:33.450+0000] {processor.py:830} INFO - Processing file /home/airflow/.local/lib/python3.8/site-packages/airflow/example_dags/example_sla_dag.py for tasks to queue
[2026-01-02T04:34:33.451+0000] {logging_mixin.py:188} INFO - [2026-01-02T04:34:33.450+0000] {dagbag.py:538} INFO - Filling up the DagBag from /home/airflow/.local/lib/python3.8/site-packages/airflow/example_dags/example_sla_dag.py
[2026-01-02T04:34:33.454+0000] {processor.py:840} INFO - DAG(s) 'example_sla_dag' retrieved from /home/airflow/.local/lib/python3.8/site-packages/airflow/example_dags/example_sla_dag.py
[2026-01-02T04:34:33.462+0000] {logging_mixin.py:188} INFO - [2026-01-02T04:34:33.462+0000] {dag.py:3033} INFO - Sync 1 DAGs
[2026-01-02T04:34:33.473+0000] {logging_mixin.py:188} INFO - [2026-01-02T04:34:33.473+0000] {dag.py:3820} INFO - Setting next_dagrun for example_sla_dag to 2026-01-02T04:32:00+00:00, run_after=2026-01-02T04:34:00+00:00
[2026-01-02T04:34:33.488+0000] {processor.py:183} INFO - Processing /home/airflow/.local/lib/python3.8/site-packages/airflow/example_dags/example_sla_dag.py took 0.040 seconds
[2026-01-02T04:35:03.756+0000] {processor.py:161} INFO - Started process (PID=610) to work on /home/airflow/.local/lib/python3.8/site-packages/airflow/example_dags/example_sla_dag.py
[2026-01-02T04:35:03.756+0000] {processor.py:830} INFO - Processing file /home/airflow/.local/lib/python3.8/site-packages/airflow/example_dags/example_sla_dag.py for tasks to queue
[2026-01-02T04:35:03.758+0000] {logging_mixin.py:188} INFO - [2026-01-02T04:35:03.757+0000] {dagbag.py:538} INFO - Filling up the DagBag from /home/airflow/.local/lib/python3.8/site-packages/airflow/example_dags/example_sla_dag.py
[2026-01-02T04:35:03.761+0000] {processor.py:840} INFO - DAG(s) 'example_sla_dag' retrieved from /home/airflow/.local/lib/python3.8/site-packages/airflow/example_dags/example_sla_dag.py
[2026-01-02T04:35:03.772+0000] {logging_mixin.py:188} INFO - [2026-01-02T04:35:03.772+0000] {dag.py:3033} INFO - Sync 1 DAGs
[2026-01-02T04:35:03.783+0000] {logging_mixin.py:188} INFO - [2026-01-02T04:35:03.783+0000] {dag.py:3820} INFO - Setting next_dagrun for example_sla_dag to 2026-01-02T04:32:00+00:00, run_after=2026-01-02T04:34:00+00:00
[2026-01-02T04:35:03.793+0000] {processor.py:183} INFO - Processing /home/airflow/.local/lib/python3.8/site-packages/airflow/example_dags/example_sla_dag.py took 0.038 seconds
[2026-01-02T04:35:34.097+0000] {processor.py:161} INFO - Started process (PID=665) to work on /home/airflow/.local/lib/python3.8/site-packages/airflow/example_dags/example_sla_dag.py
[2026-01-02T04:35:34.098+0000] {processor.py:830} INFO - Processing file /home/airflow/.local/lib/python3.8/site-packages/airflow/example_dags/example_sla_dag.py for tasks to queue
[2026-01-02T04:35:34.099+0000] {logging_mixin.py:188} INFO - [2026-01-02T04:35:34.098+0000] {dagbag.py:538} INFO - Filling up the DagBag from /home/airflow/.local/lib/python3.8/site-packages/airflow/example_dags/example_sla_dag.py
[2026-01-02T04:35:34.102+0000] {processor.py:840} INFO - DAG(s) 'example_sla_dag' retrieved from /home/airflow/.local/lib/python3.8/site-packages/airflow/example_dags/example_sla_dag.py
[2026-01-02T04:35:34.114+0000] {logging_mixin.py:188} INFO - [2026-01-02T04:35:34.113+0000] {dag.py:3033} INFO - Sync 1 DAGs
[2026-01-02T04:35:34.126+0000] {logging_mixin.py:188} INFO - [2026-01-02T04:35:34.126+0000] {dag.py:3820} INFO - Setting next_dagrun for example_sla_dag to 2026-01-02T04:32:00+00:00, run_after=2026-01-02T04:34:00+00:00
[2026-01-02T04:35:34.139+0000] {processor.py:183} INFO - Processing /home/airflow/.local/lib/python3.8/site-packages/airflow/example_dags/example_sla_dag.py took 0.043 seconds
[2026-01-02T04:36:04.350+0000] {processor.py:161} INFO - Started process (PID=720) to work on /home/airflow/.local/lib/python3.8/site-packages/airflow/example_dags/example_sla_dag.py
[2026-01-02T04:36:04.350+0000] {processor.py:830} INFO - Processing file /home/airflow/.local/lib/python3.8/site-packages/airflow/example_dags/example_sla_dag.py for tasks to queue
[2026-01-02T04:36:04.351+0000] {logging_mixin.py:188} INFO - [2026-01-02T04:36:04.351+0000] {dagbag.py:538} INFO - Filling up the DagBag from /home/airflow/.local/lib/python3.8/site-packages/airflow/example_dags/example_sla_dag.py
[2026-01-02T04:36:04.354+0000] {processor.py:840} INFO - DAG(s) 'example_sla_dag' retrieved from /home/airflow/.local/lib/python3.8/site-packages/airflow/example_dags/example_sla_dag.py
[2026-01-02T04:36:04.362+0000] {logging_mixin.py:188} INFO - [2026-01-02T04:36:04.362+0000] {dag.py:3033} INFO - Sync 1 DAGs
[2026-01-02T04:36:04.373+0000] {logging_mixin.py:188} INFO - [2026-01-02T04:36:04.373+0000] {dag.py:3820} INFO - Setting next_dagrun for example_sla_dag to 2026-01-02T04:34:00+00:00, run_after=2026-01-02T04:36:00+00:00
[2026-01-02T04:36:04.382+0000] {processor.py:183} INFO - Processing /home/airflow/.local/lib/python3.8/site-packages/airflow/example_dags/example_sla_dag.py took 0.034 seconds
[2026-01-02T04:38:45.025+0000] {processor.py:161} INFO - Started process (PID=62) to work on /home/airflow/.local/lib/python3.8/site-packages/airflow/example_dags/example_sla_dag.py
[2026-01-02T04:38:45.025+0000] {processor.py:830} INFO - Processing file /home/airflow/.local/lib/python3.8/site-packages/airflow/example_dags/example_sla_dag.py for tasks to queue
[2026-01-02T04:38:45.027+0000] {logging_mixin.py:188} INFO - [2026-01-02T04:38:45.027+0000] {dagbag.py:538} INFO - Filling up the DagBag from /home/airflow/.local/lib/python3.8/site-packages/airflow/example_dags/example_sla_dag.py
[2026-01-02T04:38:45.034+0000] {processor.py:840} INFO - DAG(s) 'example_sla_dag' retrieved from /home/airflow/.local/lib/python3.8/site-packages/airflow/example_dags/example_sla_dag.py
[2026-01-02T04:38:45.041+0000] {logging_mixin.py:188} INFO - [2026-01-02T04:38:45.041+0000] {dag.py:3033} INFO - Sync 1 DAGs
[2026-01-02T04:38:45.054+0000] {logging_mixin.py:188} INFO - [2026-01-02T04:38:45.053+0000] {dag.py:3820} INFO - Setting next_dagrun for example_sla_dag to 2026-01-02T04:36:00+00:00, run_after=2026-01-02T04:38:00+00:00
[2026-01-02T04:38:45.064+0000] {processor.py:183} INFO - Processing /home/airflow/.local/lib/python3.8/site-packages/airflow/example_dags/example_sla_dag.py took 0.041 seconds
[2026-01-02T04:39:15.478+0000] {processor.py:161} INFO - Started process (PID=117) to work on /home/airflow/.local/lib/python3.8/site-packages/airflow/example_dags/example_sla_dag.py
[2026-01-02T04:39:15.478+0000] {processor.py:830} INFO - Processing file /home/airflow/.local/lib/python3.8/site-packages/airflow/example_dags/example_sla_dag.py for tasks to queue
[2026-01-02T04:39:15.479+0000] {logging_mixin.py:188} INFO - [2026-01-02T04:39:15.479+0000] {dagbag.py:538} INFO - Filling up the DagBag from /home/airflow/.local/lib/python3.8/site-packages/airflow/example_dags/example_sla_dag.py
[2026-01-02T04:39:15.483+0000] {processor.py:840} INFO - DAG(s) 'example_sla_dag' retrieved from /home/airflow/.local/lib/python3.8/site-packages/airflow/example_dags/example_sla_dag.py
[2026-01-02T04:39:15.524+0000] {logging_mixin.py:188} INFO - [2026-01-02T04:39:15.523+0000] {dag.py:3033} INFO - Sync 1 DAGs
[2026-01-02T04:39:15.534+0000] {logging_mixin.py:188} INFO - [2026-01-02T04:39:15.534+0000] {dag.py:3820} INFO - Setting next_dagrun for example_sla_dag to 2026-01-02T04:36:00+00:00, run_after=2026-01-02T04:38:00+00:00
[2026-01-02T04:39:15.544+0000] {processor.py:183} INFO - Processing /home/airflow/.local/lib/python3.8/site-packages/airflow/example_dags/example_sla_dag.py took 0.068 seconds
[2026-01-02T04:39:46.292+0000] {processor.py:161} INFO - Started process (PID=178) to work on /home/airflow/.local/lib/python3.8/site-packages/airflow/example_dags/example_sla_dag.py
[2026-01-02T04:39:46.292+0000] {processor.py:830} INFO - Processing file /home/airflow/.local/lib/python3.8/site-packages/airflow/example_dags/example_sla_dag.py for tasks to queue
[2026-01-02T04:39:46.294+0000] {logging_mixin.py:188} INFO - [2026-01-02T04:39:46.294+0000] {dagbag.py:538} INFO - Filling up the DagBag from /home/airflow/.local/lib/python3.8/site-packages/airflow/example_dags/example_sla_dag.py
[2026-01-02T04:39:46.297+0000] {processor.py:840} INFO - DAG(s) 'example_sla_dag' retrieved from /home/airflow/.local/lib/python3.8/site-packages/airflow/example_dags/example_sla_dag.py
[2026-01-02T04:39:46.306+0000] {logging_mixin.py:188} INFO - [2026-01-02T04:39:46.306+0000] {dag.py:3033} INFO - Sync 1 DAGs
[2026-01-02T04:39:46.316+0000] {logging_mixin.py:188} INFO - [2026-01-02T04:39:46.316+0000] {dag.py:3820} INFO - Setting next_dagrun for example_sla_dag to 2026-01-02T04:36:00+00:00, run_after=2026-01-02T04:38:00+00:00
[2026-01-02T04:39:46.325+0000] {processor.py:183} INFO - Processing /home/airflow/.local/lib/python3.8/site-packages/airflow/example_dags/example_sla_dag.py took 0.035 seconds
[2026-01-02T04:40:16.490+0000] {processor.py:161} INFO - Started process (PID=233) to work on /home/airflow/.local/lib/python3.8/site-packages/airflow/example_dags/example_sla_dag.py
[2026-01-02T04:40:16.490+0000] {processor.py:830} INFO - Processing file /home/airflow/.local/lib/python3.8/site-packages/airflow/example_dags/example_sla_dag.py for tasks to queue
[2026-01-02T04:40:16.492+0000] {logging_mixin.py:188} INFO - [2026-01-02T04:40:16.491+0000] {dagbag.py:538} INFO - Filling up the DagBag from /home/airflow/.local/lib/python3.8/site-packages/airflow/example_dags/example_sla_dag.py
[2026-01-02T04:40:16.495+0000] {processor.py:840} INFO - DAG(s) 'example_sla_dag' retrieved from /home/airflow/.local/lib/python3.8/site-packages/airflow/example_dags/example_sla_dag.py
[2026-01-02T04:40:16.504+0000] {logging_mixin.py:188} INFO - [2026-01-02T04:40:16.504+0000] {dag.py:3033} INFO - Sync 1 DAGs
[2026-01-02T04:40:16.515+0000] {logging_mixin.py:188} INFO - [2026-01-02T04:40:16.515+0000] {dag.py:3820} INFO - Setting next_dagrun for example_sla_dag to 2026-01-02T04:38:00+00:00, run_after=2026-01-02T04:40:00+00:00
[2026-01-02T04:40:16.524+0000] {processor.py:183} INFO - Processing /home/airflow/.local/lib/python3.8/site-packages/airflow/example_dags/example_sla_dag.py took 0.035 seconds
[2026-01-02T04:40:46.665+0000] {processor.py:161} INFO - Started process (PID=288) to work on /home/airflow/.local/lib/python3.8/site-packages/airflow/example_dags/example_sla_dag.py
[2026-01-02T04:40:46.665+0000] {processor.py:830} INFO - Processing file /home/airflow/.local/lib/python3.8/site-packages/airflow/example_dags/example_sla_dag.py for tasks to queue
[2026-01-02T04:40:46.666+0000] {logging_mixin.py:188} INFO - [2026-01-02T04:40:46.666+0000] {dagbag.py:538} INFO - Filling up the DagBag from /home/airflow/.local/lib/python3.8/site-packages/airflow/example_dags/example_sla_dag.py
[2026-01-02T04:40:46.670+0000] {processor.py:840} INFO - DAG(s) 'example_sla_dag' retrieved from /home/airflow/.local/lib/python3.8/site-packages/airflow/example_dags/example_sla_dag.py
[2026-01-02T04:40:46.678+0000] {logging_mixin.py:188} INFO - [2026-01-02T04:40:46.678+0000] {dag.py:3033} INFO - Sync 1 DAGs
[2026-01-02T04:40:46.688+0000] {logging_mixin.py:188} INFO - [2026-01-02T04:40:46.688+0000] {dag.py:3820} INFO - Setting next_dagrun for example_sla_dag to 2026-01-02T04:38:00+00:00, run_after=2026-01-02T04:40:00+00:00
[2026-01-02T04:40:46.697+0000] {processor.py:183} INFO - Processing /home/airflow/.local/lib/python3.8/site-packages/airflow/example_dags/example_sla_dag.py took 0.033 seconds
[2026-01-02T04:41:16.840+0000] {processor.py:161} INFO - Started process (PID=343) to work on /home/airflow/.local/lib/python3.8/site-packages/airflow/example_dags/example_sla_dag.py
[2026-01-02T04:41:16.841+0000] {processor.py:830} INFO - Processing file /home/airflow/.local/lib/python3.8/site-packages/airflow/example_dags/example_sla_dag.py for tasks to queue
[2026-01-02T04:41:16.842+0000] {logging_mixin.py:188} INFO - [2026-01-02T04:41:16.841+0000] {dagbag.py:538} INFO - Filling up the DagBag from /home/airflow/.local/lib/python3.8/site-packages/airflow/example_dags/example_sla_dag.py
[2026-01-02T04:41:16.845+0000] {processor.py:840} INFO - DAG(s) 'example_sla_dag' retrieved from /home/airflow/.local/lib/python3.8/site-packages/airflow/example_dags/example_sla_dag.py
[2026-01-02T04:41:16.854+0000] {logging_mixin.py:188} INFO - [2026-01-02T04:41:16.854+0000] {dag.py:3033} INFO - Sync 1 DAGs
[2026-01-02T04:41:16.866+0000] {logging_mixin.py:188} INFO - [2026-01-02T04:41:16.866+0000] {dag.py:3820} INFO - Setting next_dagrun for example_sla_dag to 2026-01-02T04:38:00+00:00, run_after=2026-01-02T04:40:00+00:00
[2026-01-02T04:41:16.875+0000] {processor.py:183} INFO - Processing /home/airflow/.local/lib/python3.8/site-packages/airflow/example_dags/example_sla_dag.py took 0.036 seconds
[2026-01-02T04:41:47.068+0000] {processor.py:161} INFO - Started process (PID=398) to work on /home/airflow/.local/lib/python3.8/site-packages/airflow/example_dags/example_sla_dag.py
[2026-01-02T04:41:47.068+0000] {processor.py:830} INFO - Processing file /home/airflow/.local/lib/python3.8/site-packages/airflow/example_dags/example_sla_dag.py for tasks to queue
[2026-01-02T04:41:47.069+0000] {logging_mixin.py:188} INFO - [2026-01-02T04:41:47.069+0000] {dagbag.py:538} INFO - Filling up the DagBag from /home/airflow/.local/lib/python3.8/site-packages/airflow/example_dags/example_sla_dag.py
[2026-01-02T04:41:47.073+0000] {processor.py:840} INFO - DAG(s) 'example_sla_dag' retrieved from /home/airflow/.local/lib/python3.8/site-packages/airflow/example_dags/example_sla_dag.py
[2026-01-02T04:41:47.081+0000] {logging_mixin.py:188} INFO - [2026-01-02T04:41:47.081+0000] {dag.py:3033} INFO - Sync 1 DAGs
[2026-01-02T04:41:47.092+0000] {logging_mixin.py:188} INFO - [2026-01-02T04:41:47.092+0000] {dag.py:3820} INFO - Setting next_dagrun for example_sla_dag to 2026-01-02T04:38:00+00:00, run_after=2026-01-02T04:40:00+00:00
[2026-01-02T04:41:47.101+0000] {processor.py:183} INFO - Processing /home/airflow/.local/lib/python3.8/site-packages/airflow/example_dags/example_sla_dag.py took 0.035 seconds
[2026-01-02T04:42:17.175+0000] {processor.py:161} INFO - Started process (PID=453) to work on /home/airflow/.local/lib/python3.8/site-packages/airflow/example_dags/example_sla_dag.py
[2026-01-02T04:42:17.176+0000] {processor.py:830} INFO - Processing file /home/airflow/.local/lib/python3.8/site-packages/airflow/example_dags/example_sla_dag.py for tasks to queue
[2026-01-02T04:42:17.176+0000] {logging_mixin.py:188} INFO - [2026-01-02T04:42:17.176+0000] {dagbag.py:538} INFO - Filling up the DagBag from /home/airflow/.local/lib/python3.8/site-packages/airflow/example_dags/example_sla_dag.py
[2026-01-02T04:42:17.180+0000] {processor.py:840} INFO - DAG(s) 'example_sla_dag' retrieved from /home/airflow/.local/lib/python3.8/site-packages/airflow/example_dags/example_sla_dag.py
[2026-01-02T04:42:17.189+0000] {logging_mixin.py:188} INFO - [2026-01-02T04:42:17.189+0000] {dag.py:3033} INFO - Sync 1 DAGs
[2026-01-02T04:42:17.199+0000] {logging_mixin.py:188} INFO - [2026-01-02T04:42:17.199+0000] {dag.py:3820} INFO - Setting next_dagrun for example_sla_dag to 2026-01-02T04:40:00+00:00, run_after=2026-01-02T04:42:00+00:00
[2026-01-02T04:42:17.208+0000] {processor.py:183} INFO - Processing /home/airflow/.local/lib/python3.8/site-packages/airflow/example_dags/example_sla_dag.py took 0.034 seconds
[2026-01-02T04:42:47.401+0000] {processor.py:161} INFO - Started process (PID=508) to work on /home/airflow/.local/lib/python3.8/site-packages/airflow/example_dags/example_sla_dag.py
[2026-01-02T04:42:47.401+0000] {processor.py:830} INFO - Processing file /home/airflow/.local/lib/python3.8/site-packages/airflow/example_dags/example_sla_dag.py for tasks to queue
[2026-01-02T04:42:47.402+0000] {logging_mixin.py:188} INFO - [2026-01-02T04:42:47.402+0000] {dagbag.py:538} INFO - Filling up the DagBag from /home/airflow/.local/lib/python3.8/site-packages/airflow/example_dags/example_sla_dag.py
[2026-01-02T04:42:47.406+0000] {processor.py:840} INFO - DAG(s) 'example_sla_dag' retrieved from /home/airflow/.local/lib/python3.8/site-packages/airflow/example_dags/example_sla_dag.py
[2026-01-02T04:42:47.415+0000] {logging_mixin.py:188} INFO - [2026-01-02T04:42:47.415+0000] {dag.py:3033} INFO - Sync 1 DAGs
[2026-01-02T04:42:47.425+0000] {logging_mixin.py:188} INFO - [2026-01-02T04:42:47.425+0000] {dag.py:3820} INFO - Setting next_dagrun for example_sla_dag to 2026-01-02T04:40:00+00:00, run_after=2026-01-02T04:42:00+00:00
[2026-01-02T04:42:47.434+0000] {processor.py:183} INFO - Processing /home/airflow/.local/lib/python3.8/site-packages/airflow/example_dags/example_sla_dag.py took 0.034 seconds
[2026-01-02T04:43:17.568+0000] {processor.py:161} INFO - Started process (PID=562) to work on /home/airflow/.local/lib/python3.8/site-packages/airflow/example_dags/example_sla_dag.py
[2026-01-02T04:43:17.568+0000] {processor.py:830} INFO - Processing file /home/airflow/.local/lib/python3.8/site-packages/airflow/example_dags/example_sla_dag.py for tasks to queue
[2026-01-02T04:43:17.569+0000] {logging_mixin.py:188} INFO - [2026-01-02T04:43:17.569+0000] {dagbag.py:538} INFO - Filling up the DagBag from /home/airflow/.local/lib/python3.8/site-packages/airflow/example_dags/example_sla_dag.py
[2026-01-02T04:43:17.572+0000] {processor.py:840} INFO - DAG(s) 'example_sla_dag' retrieved from /home/airflow/.local/lib/python3.8/site-packages/airflow/example_dags/example_sla_dag.py
[2026-01-02T04:43:17.581+0000] {logging_mixin.py:188} INFO - [2026-01-02T04:43:17.581+0000] {dag.py:3033} INFO - Sync 1 DAGs
[2026-01-02T04:43:17.591+0000] {logging_mixin.py:188} INFO - [2026-01-02T04:43:17.591+0000] {dag.py:3820} INFO - Setting next_dagrun for example_sla_dag to 2026-01-02T04:40:00+00:00, run_after=2026-01-02T04:42:00+00:00
[2026-01-02T04:43:17.601+0000] {processor.py:183} INFO - Processing /home/airflow/.local/lib/python3.8/site-packages/airflow/example_dags/example_sla_dag.py took 0.035 seconds
[2026-01-02T04:43:47.862+0000] {processor.py:161} INFO - Started process (PID=618) to work on /home/airflow/.local/lib/python3.8/site-packages/airflow/example_dags/example_sla_dag.py
[2026-01-02T04:43:47.863+0000] {processor.py:830} INFO - Processing file /home/airflow/.local/lib/python3.8/site-packages/airflow/example_dags/example_sla_dag.py for tasks to queue
[2026-01-02T04:43:47.864+0000] {logging_mixin.py:188} INFO - [2026-01-02T04:43:47.864+0000] {dagbag.py:538} INFO - Filling up the DagBag from /home/airflow/.local/lib/python3.8/site-packages/airflow/example_dags/example_sla_dag.py
[2026-01-02T04:43:47.869+0000] {processor.py:840} INFO - DAG(s) 'example_sla_dag' retrieved from /home/airflow/.local/lib/python3.8/site-packages/airflow/example_dags/example_sla_dag.py
[2026-01-02T04:43:47.879+0000] {logging_mixin.py:188} INFO - [2026-01-02T04:43:47.879+0000] {dag.py:3033} INFO - Sync 1 DAGs
[2026-01-02T04:43:47.889+0000] {logging_mixin.py:188} INFO - [2026-01-02T04:43:47.889+0000] {dag.py:3820} INFO - Setting next_dagrun for example_sla_dag to 2026-01-02T04:40:00+00:00, run_after=2026-01-02T04:42:00+00:00
[2026-01-02T04:43:47.898+0000] {processor.py:183} INFO - Processing /home/airflow/.local/lib/python3.8/site-packages/airflow/example_dags/example_sla_dag.py took 0.037 seconds
[2026-01-02T04:44:18.148+0000] {processor.py:161} INFO - Started process (PID=680) to work on /home/airflow/.local/lib/python3.8/site-packages/airflow/example_dags/example_sla_dag.py
[2026-01-02T04:44:18.148+0000] {processor.py:830} INFO - Processing file /home/airflow/.local/lib/python3.8/site-packages/airflow/example_dags/example_sla_dag.py for tasks to queue
[2026-01-02T04:44:18.149+0000] {logging_mixin.py:188} INFO - [2026-01-02T04:44:18.149+0000] {dagbag.py:538} INFO - Filling up the DagBag from /home/airflow/.local/lib/python3.8/site-packages/airflow/example_dags/example_sla_dag.py
[2026-01-02T04:44:18.153+0000] {processor.py:840} INFO - DAG(s) 'example_sla_dag' retrieved from /home/airflow/.local/lib/python3.8/site-packages/airflow/example_dags/example_sla_dag.py
[2026-01-02T04:44:18.162+0000] {logging_mixin.py:188} INFO - [2026-01-02T04:44:18.161+0000] {dag.py:3033} INFO - Sync 1 DAGs
[2026-01-02T04:44:18.173+0000] {logging_mixin.py:188} INFO - [2026-01-02T04:44:18.172+0000] {dag.py:3820} INFO - Setting next_dagrun for example_sla_dag to 2026-01-02T04:42:00+00:00, run_after=2026-01-02T04:44:00+00:00
[2026-01-02T04:44:18.182+0000] {processor.py:183} INFO - Processing /home/airflow/.local/lib/python3.8/site-packages/airflow/example_dags/example_sla_dag.py took 0.036 seconds
[2026-01-02T04:44:48.393+0000] {processor.py:161} INFO - Started process (PID=742) to work on /home/airflow/.local/lib/python3.8/site-packages/airflow/example_dags/example_sla_dag.py
[2026-01-02T04:44:48.394+0000] {processor.py:830} INFO - Processing file /home/airflow/.local/lib/python3.8/site-packages/airflow/example_dags/example_sla_dag.py for tasks to queue
[2026-01-02T04:44:48.395+0000] {logging_mixin.py:188} INFO - [2026-01-02T04:44:48.395+0000] {dagbag.py:538} INFO - Filling up the DagBag from /home/airflow/.local/lib/python3.8/site-packages/airflow/example_dags/example_sla_dag.py
[2026-01-02T04:44:48.399+0000] {processor.py:840} INFO - DAG(s) 'example_sla_dag' retrieved from /home/airflow/.local/lib/python3.8/site-packages/airflow/example_dags/example_sla_dag.py
[2026-01-02T04:44:48.409+0000] {logging_mixin.py:188} INFO - [2026-01-02T04:44:48.409+0000] {dag.py:3033} INFO - Sync 1 DAGs
[2026-01-02T04:44:48.420+0000] {logging_mixin.py:188} INFO - [2026-01-02T04:44:48.420+0000] {dag.py:3820} INFO - Setting next_dagrun for example_sla_dag to 2026-01-02T04:42:00+00:00, run_after=2026-01-02T04:44:00+00:00
[2026-01-02T04:44:48.434+0000] {processor.py:183} INFO - Processing /home/airflow/.local/lib/python3.8/site-packages/airflow/example_dags/example_sla_dag.py took 0.041 seconds
[2026-01-02T04:45:18.699+0000] {processor.py:161} INFO - Started process (PID=797) to work on /home/airflow/.local/lib/python3.8/site-packages/airflow/example_dags/example_sla_dag.py
[2026-01-02T04:45:18.699+0000] {processor.py:830} INFO - Processing file /home/airflow/.local/lib/python3.8/site-packages/airflow/example_dags/example_sla_dag.py for tasks to queue
[2026-01-02T04:45:18.700+0000] {logging_mixin.py:188} INFO - [2026-01-02T04:45:18.700+0000] {dagbag.py:538} INFO - Filling up the DagBag from /home/airflow/.local/lib/python3.8/site-packages/airflow/example_dags/example_sla_dag.py
[2026-01-02T04:45:18.704+0000] {processor.py:840} INFO - DAG(s) 'example_sla_dag' retrieved from /home/airflow/.local/lib/python3.8/site-packages/airflow/example_dags/example_sla_dag.py
[2026-01-02T04:45:18.714+0000] {logging_mixin.py:188} INFO - [2026-01-02T04:45:18.714+0000] {dag.py:3033} INFO - Sync 1 DAGs
[2026-01-02T04:45:18.726+0000] {logging_mixin.py:188} INFO - [2026-01-02T04:45:18.725+0000] {dag.py:3820} INFO - Setting next_dagrun for example_sla_dag to 2026-01-02T04:42:00+00:00, run_after=2026-01-02T04:44:00+00:00
[2026-01-02T04:45:18.735+0000] {processor.py:183} INFO - Processing /home/airflow/.local/lib/python3.8/site-packages/airflow/example_dags/example_sla_dag.py took 0.038 seconds
[2026-01-02T04:45:49.035+0000] {processor.py:161} INFO - Started process (PID=852) to work on /home/airflow/.local/lib/python3.8/site-packages/airflow/example_dags/example_sla_dag.py
[2026-01-02T04:45:49.036+0000] {processor.py:830} INFO - Processing file /home/airflow/.local/lib/python3.8/site-packages/airflow/example_dags/example_sla_dag.py for tasks to queue
[2026-01-02T04:45:49.037+0000] {logging_mixin.py:188} INFO - [2026-01-02T04:45:49.037+0000] {dagbag.py:538} INFO - Filling up the DagBag from /home/airflow/.local/lib/python3.8/site-packages/airflow/example_dags/example_sla_dag.py
[2026-01-02T04:45:49.040+0000] {processor.py:840} INFO - DAG(s) 'example_sla_dag' retrieved from /home/airflow/.local/lib/python3.8/site-packages/airflow/example_dags/example_sla_dag.py
[2026-01-02T04:45:49.049+0000] {logging_mixin.py:188} INFO - [2026-01-02T04:45:49.049+0000] {dag.py:3033} INFO - Sync 1 DAGs
[2026-01-02T04:45:49.059+0000] {logging_mixin.py:188} INFO - [2026-01-02T04:45:49.059+0000] {dag.py:3820} INFO - Setting next_dagrun for example_sla_dag to 2026-01-02T04:42:00+00:00, run_after=2026-01-02T04:44:00+00:00
[2026-01-02T04:45:49.068+0000] {processor.py:183} INFO - Processing /home/airflow/.local/lib/python3.8/site-packages/airflow/example_dags/example_sla_dag.py took 0.035 seconds
[2026-01-02T04:46:19.315+0000] {processor.py:161} INFO - Started process (PID=907) to work on /home/airflow/.local/lib/python3.8/site-packages/airflow/example_dags/example_sla_dag.py
[2026-01-02T04:46:19.316+0000] {processor.py:830} INFO - Processing file /home/airflow/.local/lib/python3.8/site-packages/airflow/example_dags/example_sla_dag.py for tasks to queue
[2026-01-02T04:46:19.317+0000] {logging_mixin.py:188} INFO - [2026-01-02T04:46:19.317+0000] {dagbag.py:538} INFO - Filling up the DagBag from /home/airflow/.local/lib/python3.8/site-packages/airflow/example_dags/example_sla_dag.py
[2026-01-02T04:46:19.322+0000] {processor.py:840} INFO - DAG(s) 'example_sla_dag' retrieved from /home/airflow/.local/lib/python3.8/site-packages/airflow/example_dags/example_sla_dag.py
[2026-01-02T04:46:19.334+0000] {logging_mixin.py:188} INFO - [2026-01-02T04:46:19.334+0000] {dag.py:3033} INFO - Sync 1 DAGs
[2026-01-02T04:46:19.344+0000] {logging_mixin.py:188} INFO - [2026-01-02T04:46:19.344+0000] {dag.py:3820} INFO - Setting next_dagrun for example_sla_dag to 2026-01-02T04:44:00+00:00, run_after=2026-01-02T04:46:00+00:00
[2026-01-02T04:46:19.353+0000] {processor.py:183} INFO - Processing /home/airflow/.local/lib/python3.8/site-packages/airflow/example_dags/example_sla_dag.py took 0.039 seconds
[2026-01-02T04:46:49.610+0000] {processor.py:161} INFO - Started process (PID=962) to work on /home/airflow/.local/lib/python3.8/site-packages/airflow/example_dags/example_sla_dag.py
[2026-01-02T04:46:49.611+0000] {processor.py:830} INFO - Processing file /home/airflow/.local/lib/python3.8/site-packages/airflow/example_dags/example_sla_dag.py for tasks to queue
[2026-01-02T04:46:49.612+0000] {logging_mixin.py:188} INFO - [2026-01-02T04:46:49.612+0000] {dagbag.py:538} INFO - Filling up the DagBag from /home/airflow/.local/lib/python3.8/site-packages/airflow/example_dags/example_sla_dag.py
[2026-01-02T04:46:49.616+0000] {processor.py:840} INFO - DAG(s) 'example_sla_dag' retrieved from /home/airflow/.local/lib/python3.8/site-packages/airflow/example_dags/example_sla_dag.py
[2026-01-02T04:46:49.628+0000] {logging_mixin.py:188} INFO - [2026-01-02T04:46:49.628+0000] {dag.py:3033} INFO - Sync 1 DAGs
[2026-01-02T04:46:49.639+0000] {logging_mixin.py:188} INFO - [2026-01-02T04:46:49.639+0000] {dag.py:3820} INFO - Setting next_dagrun for example_sla_dag to 2026-01-02T04:44:00+00:00, run_after=2026-01-02T04:46:00+00:00
[2026-01-02T04:46:49.649+0000] {processor.py:183} INFO - Processing /home/airflow/.local/lib/python3.8/site-packages/airflow/example_dags/example_sla_dag.py took 0.040 seconds
[2026-01-02T04:47:19.898+0000] {processor.py:161} INFO - Started process (PID=1017) to work on /home/airflow/.local/lib/python3.8/site-packages/airflow/example_dags/example_sla_dag.py
[2026-01-02T04:47:19.899+0000] {processor.py:830} INFO - Processing file /home/airflow/.local/lib/python3.8/site-packages/airflow/example_dags/example_sla_dag.py for tasks to queue
[2026-01-02T04:47:19.899+0000] {logging_mixin.py:188} INFO - [2026-01-02T04:47:19.899+0000] {dagbag.py:538} INFO - Filling up the DagBag from /home/airflow/.local/lib/python3.8/site-packages/airflow/example_dags/example_sla_dag.py
[2026-01-02T04:47:19.903+0000] {processor.py:840} INFO - DAG(s) 'example_sla_dag' retrieved from /home/airflow/.local/lib/python3.8/site-packages/airflow/example_dags/example_sla_dag.py
[2026-01-02T04:47:19.912+0000] {logging_mixin.py:188} INFO - [2026-01-02T04:47:19.912+0000] {dag.py:3033} INFO - Sync 1 DAGs
[2026-01-02T04:47:19.923+0000] {logging_mixin.py:188} INFO - [2026-01-02T04:47:19.923+0000] {dag.py:3820} INFO - Setting next_dagrun for example_sla_dag to 2026-01-02T04:44:00+00:00, run_after=2026-01-02T04:46:00+00:00
[2026-01-02T04:47:19.932+0000] {processor.py:183} INFO - Processing /home/airflow/.local/lib/python3.8/site-packages/airflow/example_dags/example_sla_dag.py took 0.035 seconds
