[2026-01-02T04:28:03.695+0000] {processor.py:161} INFO - Started process (PID=51) to work on /home/airflow/.local/lib/python3.8/site-packages/airflow/example_dags/example_sensor_decorator.py
[2026-01-02T04:28:03.695+0000] {processor.py:830} INFO - Processing file /home/airflow/.local/lib/python3.8/site-packages/airflow/example_dags/example_sensor_decorator.py for tasks to queue
[2026-01-02T04:28:03.696+0000] {logging_mixin.py:188} INFO - [2026-01-02T04:28:03.696+0000] {dagbag.py:538} INFO - Filling up the DagBag from /home/airflow/.local/lib/python3.8/site-packages/airflow/example_dags/example_sensor_decorator.py
[2026-01-02T04:28:03.700+0000] {processor.py:840} INFO - DAG(s) 'example_sensor_decorator' retrieved from /home/airflow/.local/lib/python3.8/site-packages/airflow/example_dags/example_sensor_decorator.py
[2026-01-02T04:28:03.749+0000] {logging_mixin.py:188} INFO - [2026-01-02T04:28:03.749+0000] {override.py:1769} INFO - Created Permission View: can edit on DAG:example_sensor_decorator
[2026-01-02T04:28:03.755+0000] {logging_mixin.py:188} INFO - [2026-01-02T04:28:03.755+0000] {override.py:1769} INFO - Created Permission View: can delete on DAG:example_sensor_decorator
[2026-01-02T04:28:03.760+0000] {logging_mixin.py:188} INFO - [2026-01-02T04:28:03.760+0000] {override.py:1769} INFO - Created Permission View: can read on DAG:example_sensor_decorator
[2026-01-02T04:28:03.760+0000] {logging_mixin.py:188} INFO - [2026-01-02T04:28:03.760+0000] {dag.py:3033} INFO - Sync 1 DAGs
[2026-01-02T04:28:03.765+0000] {logging_mixin.py:188} INFO - [2026-01-02T04:28:03.765+0000] {dag.py:3055} INFO - Creating ORM DAG for example_sensor_decorator
[2026-01-02T04:28:03.766+0000] {logging_mixin.py:188} INFO - [2026-01-02T04:28:03.766+0000] {dag.py:3820} INFO - Setting next_dagrun for example_sensor_decorator to None, run_after=None
[2026-01-02T04:28:03.775+0000] {processor.py:183} INFO - Processing /home/airflow/.local/lib/python3.8/site-packages/airflow/example_dags/example_sensor_decorator.py took 0.082 seconds
[2026-01-02T04:28:33.913+0000] {processor.py:161} INFO - Started process (PID=106) to work on /home/airflow/.local/lib/python3.8/site-packages/airflow/example_dags/example_sensor_decorator.py
[2026-01-02T04:28:33.913+0000] {processor.py:830} INFO - Processing file /home/airflow/.local/lib/python3.8/site-packages/airflow/example_dags/example_sensor_decorator.py for tasks to queue
[2026-01-02T04:28:33.914+0000] {logging_mixin.py:188} INFO - [2026-01-02T04:28:33.914+0000] {dagbag.py:538} INFO - Filling up the DagBag from /home/airflow/.local/lib/python3.8/site-packages/airflow/example_dags/example_sensor_decorator.py
[2026-01-02T04:28:33.917+0000] {processor.py:840} INFO - DAG(s) 'example_sensor_decorator' retrieved from /home/airflow/.local/lib/python3.8/site-packages/airflow/example_dags/example_sensor_decorator.py
[2026-01-02T04:28:33.928+0000] {logging_mixin.py:188} INFO - [2026-01-02T04:28:33.928+0000] {dag.py:3033} INFO - Sync 1 DAGs
[2026-01-02T04:28:33.935+0000] {logging_mixin.py:188} INFO - [2026-01-02T04:28:33.935+0000] {dag.py:3820} INFO - Setting next_dagrun for example_sensor_decorator to None, run_after=None
[2026-01-02T04:28:33.945+0000] {processor.py:183} INFO - Processing /home/airflow/.local/lib/python3.8/site-packages/airflow/example_dags/example_sensor_decorator.py took 0.034 seconds
[2026-01-02T04:29:59.661+0000] {processor.py:161} INFO - Started process (PID=43) to work on /home/airflow/.local/lib/python3.8/site-packages/airflow/example_dags/example_sensor_decorator.py
[2026-01-02T04:29:59.661+0000] {processor.py:830} INFO - Processing file /home/airflow/.local/lib/python3.8/site-packages/airflow/example_dags/example_sensor_decorator.py for tasks to queue
[2026-01-02T04:29:59.662+0000] {logging_mixin.py:188} INFO - [2026-01-02T04:29:59.662+0000] {dagbag.py:538} INFO - Filling up the DagBag from /home/airflow/.local/lib/python3.8/site-packages/airflow/example_dags/example_sensor_decorator.py
[2026-01-02T04:29:59.666+0000] {processor.py:840} INFO - DAG(s) 'example_sensor_decorator' retrieved from /home/airflow/.local/lib/python3.8/site-packages/airflow/example_dags/example_sensor_decorator.py
[2026-01-02T04:29:59.672+0000] {logging_mixin.py:188} INFO - [2026-01-02T04:29:59.672+0000] {dag.py:3033} INFO - Sync 1 DAGs
[2026-01-02T04:29:59.678+0000] {logging_mixin.py:188} INFO - [2026-01-02T04:29:59.677+0000] {dag.py:3820} INFO - Setting next_dagrun for example_sensor_decorator to None, run_after=None
[2026-01-02T04:29:59.690+0000] {processor.py:183} INFO - Processing /home/airflow/.local/lib/python3.8/site-packages/airflow/example_dags/example_sensor_decorator.py took 0.031 seconds
[2026-01-02T04:30:30.317+0000] {processor.py:161} INFO - Started process (PID=104) to work on /home/airflow/.local/lib/python3.8/site-packages/airflow/example_dags/example_sensor_decorator.py
[2026-01-02T04:30:30.317+0000] {processor.py:830} INFO - Processing file /home/airflow/.local/lib/python3.8/site-packages/airflow/example_dags/example_sensor_decorator.py for tasks to queue
[2026-01-02T04:30:30.319+0000] {logging_mixin.py:188} INFO - [2026-01-02T04:30:30.318+0000] {dagbag.py:538} INFO - Filling up the DagBag from /home/airflow/.local/lib/python3.8/site-packages/airflow/example_dags/example_sensor_decorator.py
[2026-01-02T04:30:30.321+0000] {processor.py:840} INFO - DAG(s) 'example_sensor_decorator' retrieved from /home/airflow/.local/lib/python3.8/site-packages/airflow/example_dags/example_sensor_decorator.py
[2026-01-02T04:30:30.370+0000] {logging_mixin.py:188} INFO - [2026-01-02T04:30:30.370+0000] {dag.py:3033} INFO - Sync 1 DAGs
[2026-01-02T04:30:30.376+0000] {logging_mixin.py:188} INFO - [2026-01-02T04:30:30.375+0000] {dag.py:3820} INFO - Setting next_dagrun for example_sensor_decorator to None, run_after=None
[2026-01-02T04:30:30.389+0000] {processor.py:183} INFO - Processing /home/airflow/.local/lib/python3.8/site-packages/airflow/example_dags/example_sensor_decorator.py took 0.074 seconds
[2026-01-02T04:31:00.590+0000] {processor.py:161} INFO - Started process (PID=159) to work on /home/airflow/.local/lib/python3.8/site-packages/airflow/example_dags/example_sensor_decorator.py
[2026-01-02T04:31:00.591+0000] {processor.py:830} INFO - Processing file /home/airflow/.local/lib/python3.8/site-packages/airflow/example_dags/example_sensor_decorator.py for tasks to queue
[2026-01-02T04:31:00.592+0000] {logging_mixin.py:188} INFO - [2026-01-02T04:31:00.592+0000] {dagbag.py:538} INFO - Filling up the DagBag from /home/airflow/.local/lib/python3.8/site-packages/airflow/example_dags/example_sensor_decorator.py
[2026-01-02T04:31:00.595+0000] {processor.py:840} INFO - DAG(s) 'example_sensor_decorator' retrieved from /home/airflow/.local/lib/python3.8/site-packages/airflow/example_dags/example_sensor_decorator.py
[2026-01-02T04:31:00.607+0000] {logging_mixin.py:188} INFO - [2026-01-02T04:31:00.607+0000] {dag.py:3033} INFO - Sync 1 DAGs
[2026-01-02T04:31:00.612+0000] {logging_mixin.py:188} INFO - [2026-01-02T04:31:00.612+0000] {dag.py:3820} INFO - Setting next_dagrun for example_sensor_decorator to None, run_after=None
[2026-01-02T04:31:00.623+0000] {processor.py:183} INFO - Processing /home/airflow/.local/lib/python3.8/site-packages/airflow/example_dags/example_sensor_decorator.py took 0.034 seconds
[2026-01-02T04:31:31.181+0000] {processor.py:161} INFO - Started process (PID=214) to work on /home/airflow/.local/lib/python3.8/site-packages/airflow/example_dags/example_sensor_decorator.py
[2026-01-02T04:31:31.181+0000] {processor.py:830} INFO - Processing file /home/airflow/.local/lib/python3.8/site-packages/airflow/example_dags/example_sensor_decorator.py for tasks to queue
[2026-01-02T04:31:31.183+0000] {logging_mixin.py:188} INFO - [2026-01-02T04:31:31.183+0000] {dagbag.py:538} INFO - Filling up the DagBag from /home/airflow/.local/lib/python3.8/site-packages/airflow/example_dags/example_sensor_decorator.py
[2026-01-02T04:31:31.186+0000] {processor.py:840} INFO - DAG(s) 'example_sensor_decorator' retrieved from /home/airflow/.local/lib/python3.8/site-packages/airflow/example_dags/example_sensor_decorator.py
[2026-01-02T04:31:31.196+0000] {logging_mixin.py:188} INFO - [2026-01-02T04:31:31.196+0000] {dag.py:3033} INFO - Sync 1 DAGs
[2026-01-02T04:31:31.202+0000] {logging_mixin.py:188} INFO - [2026-01-02T04:31:31.202+0000] {dag.py:3820} INFO - Setting next_dagrun for example_sensor_decorator to None, run_after=None
[2026-01-02T04:31:31.213+0000] {processor.py:183} INFO - Processing /home/airflow/.local/lib/python3.8/site-packages/airflow/example_dags/example_sensor_decorator.py took 0.034 seconds
[2026-01-02T04:32:01.555+0000] {processor.py:161} INFO - Started process (PID=269) to work on /home/airflow/.local/lib/python3.8/site-packages/airflow/example_dags/example_sensor_decorator.py
[2026-01-02T04:32:01.555+0000] {processor.py:830} INFO - Processing file /home/airflow/.local/lib/python3.8/site-packages/airflow/example_dags/example_sensor_decorator.py for tasks to queue
[2026-01-02T04:32:01.556+0000] {logging_mixin.py:188} INFO - [2026-01-02T04:32:01.556+0000] {dagbag.py:538} INFO - Filling up the DagBag from /home/airflow/.local/lib/python3.8/site-packages/airflow/example_dags/example_sensor_decorator.py
[2026-01-02T04:32:01.560+0000] {processor.py:840} INFO - DAG(s) 'example_sensor_decorator' retrieved from /home/airflow/.local/lib/python3.8/site-packages/airflow/example_dags/example_sensor_decorator.py
[2026-01-02T04:32:01.573+0000] {logging_mixin.py:188} INFO - [2026-01-02T04:32:01.572+0000] {dag.py:3033} INFO - Sync 1 DAGs
[2026-01-02T04:32:01.578+0000] {logging_mixin.py:188} INFO - [2026-01-02T04:32:01.578+0000] {dag.py:3820} INFO - Setting next_dagrun for example_sensor_decorator to None, run_after=None
[2026-01-02T04:32:01.589+0000] {processor.py:183} INFO - Processing /home/airflow/.local/lib/python3.8/site-packages/airflow/example_dags/example_sensor_decorator.py took 0.036 seconds
[2026-01-02T04:32:31.964+0000] {processor.py:161} INFO - Started process (PID=324) to work on /home/airflow/.local/lib/python3.8/site-packages/airflow/example_dags/example_sensor_decorator.py
[2026-01-02T04:32:31.964+0000] {processor.py:830} INFO - Processing file /home/airflow/.local/lib/python3.8/site-packages/airflow/example_dags/example_sensor_decorator.py for tasks to queue
[2026-01-02T04:32:31.965+0000] {logging_mixin.py:188} INFO - [2026-01-02T04:32:31.965+0000] {dagbag.py:538} INFO - Filling up the DagBag from /home/airflow/.local/lib/python3.8/site-packages/airflow/example_dags/example_sensor_decorator.py
[2026-01-02T04:32:31.968+0000] {processor.py:840} INFO - DAG(s) 'example_sensor_decorator' retrieved from /home/airflow/.local/lib/python3.8/site-packages/airflow/example_dags/example_sensor_decorator.py
[2026-01-02T04:32:31.978+0000] {logging_mixin.py:188} INFO - [2026-01-02T04:32:31.977+0000] {dag.py:3033} INFO - Sync 1 DAGs
[2026-01-02T04:32:31.984+0000] {logging_mixin.py:188} INFO - [2026-01-02T04:32:31.984+0000] {dag.py:3820} INFO - Setting next_dagrun for example_sensor_decorator to None, run_after=None
[2026-01-02T04:32:31.996+0000] {processor.py:183} INFO - Processing /home/airflow/.local/lib/python3.8/site-packages/airflow/example_dags/example_sensor_decorator.py took 0.034 seconds
[2026-01-02T04:33:02.239+0000] {processor.py:161} INFO - Started process (PID=379) to work on /home/airflow/.local/lib/python3.8/site-packages/airflow/example_dags/example_sensor_decorator.py
[2026-01-02T04:33:02.239+0000] {processor.py:830} INFO - Processing file /home/airflow/.local/lib/python3.8/site-packages/airflow/example_dags/example_sensor_decorator.py for tasks to queue
[2026-01-02T04:33:02.240+0000] {logging_mixin.py:188} INFO - [2026-01-02T04:33:02.240+0000] {dagbag.py:538} INFO - Filling up the DagBag from /home/airflow/.local/lib/python3.8/site-packages/airflow/example_dags/example_sensor_decorator.py
[2026-01-02T04:33:02.243+0000] {processor.py:840} INFO - DAG(s) 'example_sensor_decorator' retrieved from /home/airflow/.local/lib/python3.8/site-packages/airflow/example_dags/example_sensor_decorator.py
[2026-01-02T04:33:02.252+0000] {logging_mixin.py:188} INFO - [2026-01-02T04:33:02.252+0000] {dag.py:3033} INFO - Sync 1 DAGs
[2026-01-02T04:33:02.258+0000] {logging_mixin.py:188} INFO - [2026-01-02T04:33:02.258+0000] {dag.py:3820} INFO - Setting next_dagrun for example_sensor_decorator to None, run_after=None
[2026-01-02T04:33:02.267+0000] {processor.py:183} INFO - Processing /home/airflow/.local/lib/python3.8/site-packages/airflow/example_dags/example_sensor_decorator.py took 0.029 seconds
[2026-01-02T04:33:32.544+0000] {processor.py:161} INFO - Started process (PID=434) to work on /home/airflow/.local/lib/python3.8/site-packages/airflow/example_dags/example_sensor_decorator.py
[2026-01-02T04:33:32.544+0000] {processor.py:830} INFO - Processing file /home/airflow/.local/lib/python3.8/site-packages/airflow/example_dags/example_sensor_decorator.py for tasks to queue
[2026-01-02T04:33:32.545+0000] {logging_mixin.py:188} INFO - [2026-01-02T04:33:32.545+0000] {dagbag.py:538} INFO - Filling up the DagBag from /home/airflow/.local/lib/python3.8/site-packages/airflow/example_dags/example_sensor_decorator.py
[2026-01-02T04:33:32.547+0000] {processor.py:840} INFO - DAG(s) 'example_sensor_decorator' retrieved from /home/airflow/.local/lib/python3.8/site-packages/airflow/example_dags/example_sensor_decorator.py
[2026-01-02T04:33:32.560+0000] {logging_mixin.py:188} INFO - [2026-01-02T04:33:32.560+0000] {dag.py:3033} INFO - Sync 1 DAGs
[2026-01-02T04:33:32.567+0000] {logging_mixin.py:188} INFO - [2026-01-02T04:33:32.566+0000] {dag.py:3820} INFO - Setting next_dagrun for example_sensor_decorator to None, run_after=None
[2026-01-02T04:33:32.577+0000] {processor.py:183} INFO - Processing /home/airflow/.local/lib/python3.8/site-packages/airflow/example_dags/example_sensor_decorator.py took 0.034 seconds
[2026-01-02T04:34:02.805+0000] {processor.py:161} INFO - Started process (PID=489) to work on /home/airflow/.local/lib/python3.8/site-packages/airflow/example_dags/example_sensor_decorator.py
[2026-01-02T04:34:02.806+0000] {processor.py:830} INFO - Processing file /home/airflow/.local/lib/python3.8/site-packages/airflow/example_dags/example_sensor_decorator.py for tasks to queue
[2026-01-02T04:34:02.807+0000] {logging_mixin.py:188} INFO - [2026-01-02T04:34:02.807+0000] {dagbag.py:538} INFO - Filling up the DagBag from /home/airflow/.local/lib/python3.8/site-packages/airflow/example_dags/example_sensor_decorator.py
[2026-01-02T04:34:02.809+0000] {processor.py:840} INFO - DAG(s) 'example_sensor_decorator' retrieved from /home/airflow/.local/lib/python3.8/site-packages/airflow/example_dags/example_sensor_decorator.py
[2026-01-02T04:34:02.822+0000] {logging_mixin.py:188} INFO - [2026-01-02T04:34:02.822+0000] {dag.py:3033} INFO - Sync 1 DAGs
[2026-01-02T04:34:02.828+0000] {logging_mixin.py:188} INFO - [2026-01-02T04:34:02.828+0000] {dag.py:3820} INFO - Setting next_dagrun for example_sensor_decorator to None, run_after=None
[2026-01-02T04:34:02.840+0000] {processor.py:183} INFO - Processing /home/airflow/.local/lib/python3.8/site-packages/airflow/example_dags/example_sensor_decorator.py took 0.036 seconds
[2026-01-02T04:34:33.132+0000] {processor.py:161} INFO - Started process (PID=544) to work on /home/airflow/.local/lib/python3.8/site-packages/airflow/example_dags/example_sensor_decorator.py
[2026-01-02T04:34:33.132+0000] {processor.py:830} INFO - Processing file /home/airflow/.local/lib/python3.8/site-packages/airflow/example_dags/example_sensor_decorator.py for tasks to queue
[2026-01-02T04:34:33.133+0000] {logging_mixin.py:188} INFO - [2026-01-02T04:34:33.133+0000] {dagbag.py:538} INFO - Filling up the DagBag from /home/airflow/.local/lib/python3.8/site-packages/airflow/example_dags/example_sensor_decorator.py
[2026-01-02T04:34:33.136+0000] {processor.py:840} INFO - DAG(s) 'example_sensor_decorator' retrieved from /home/airflow/.local/lib/python3.8/site-packages/airflow/example_dags/example_sensor_decorator.py
[2026-01-02T04:34:33.147+0000] {logging_mixin.py:188} INFO - [2026-01-02T04:34:33.147+0000] {dag.py:3033} INFO - Sync 1 DAGs
[2026-01-02T04:34:33.153+0000] {logging_mixin.py:188} INFO - [2026-01-02T04:34:33.152+0000] {dag.py:3820} INFO - Setting next_dagrun for example_sensor_decorator to None, run_after=None
[2026-01-02T04:34:33.172+0000] {processor.py:183} INFO - Processing /home/airflow/.local/lib/python3.8/site-packages/airflow/example_dags/example_sensor_decorator.py took 0.041 seconds
[2026-01-02T04:35:03.474+0000] {processor.py:161} INFO - Started process (PID=599) to work on /home/airflow/.local/lib/python3.8/site-packages/airflow/example_dags/example_sensor_decorator.py
[2026-01-02T04:35:03.475+0000] {processor.py:830} INFO - Processing file /home/airflow/.local/lib/python3.8/site-packages/airflow/example_dags/example_sensor_decorator.py for tasks to queue
[2026-01-02T04:35:03.476+0000] {logging_mixin.py:188} INFO - [2026-01-02T04:35:03.476+0000] {dagbag.py:538} INFO - Filling up the DagBag from /home/airflow/.local/lib/python3.8/site-packages/airflow/example_dags/example_sensor_decorator.py
[2026-01-02T04:35:03.479+0000] {processor.py:840} INFO - DAG(s) 'example_sensor_decorator' retrieved from /home/airflow/.local/lib/python3.8/site-packages/airflow/example_dags/example_sensor_decorator.py
[2026-01-02T04:35:03.488+0000] {logging_mixin.py:188} INFO - [2026-01-02T04:35:03.488+0000] {dag.py:3033} INFO - Sync 1 DAGs
[2026-01-02T04:35:03.494+0000] {logging_mixin.py:188} INFO - [2026-01-02T04:35:03.494+0000] {dag.py:3820} INFO - Setting next_dagrun for example_sensor_decorator to None, run_after=None
[2026-01-02T04:35:03.504+0000] {processor.py:183} INFO - Processing /home/airflow/.local/lib/python3.8/site-packages/airflow/example_dags/example_sensor_decorator.py took 0.031 seconds
[2026-01-02T04:35:33.804+0000] {processor.py:161} INFO - Started process (PID=654) to work on /home/airflow/.local/lib/python3.8/site-packages/airflow/example_dags/example_sensor_decorator.py
[2026-01-02T04:35:33.804+0000] {processor.py:830} INFO - Processing file /home/airflow/.local/lib/python3.8/site-packages/airflow/example_dags/example_sensor_decorator.py for tasks to queue
[2026-01-02T04:35:33.805+0000] {logging_mixin.py:188} INFO - [2026-01-02T04:35:33.805+0000] {dagbag.py:538} INFO - Filling up the DagBag from /home/airflow/.local/lib/python3.8/site-packages/airflow/example_dags/example_sensor_decorator.py
[2026-01-02T04:35:33.808+0000] {processor.py:840} INFO - DAG(s) 'example_sensor_decorator' retrieved from /home/airflow/.local/lib/python3.8/site-packages/airflow/example_dags/example_sensor_decorator.py
[2026-01-02T04:35:33.820+0000] {logging_mixin.py:188} INFO - [2026-01-02T04:35:33.820+0000] {dag.py:3033} INFO - Sync 1 DAGs
[2026-01-02T04:35:33.826+0000] {logging_mixin.py:188} INFO - [2026-01-02T04:35:33.826+0000] {dag.py:3820} INFO - Setting next_dagrun for example_sensor_decorator to None, run_after=None
[2026-01-02T04:35:33.837+0000] {processor.py:183} INFO - Processing /home/airflow/.local/lib/python3.8/site-packages/airflow/example_dags/example_sensor_decorator.py took 0.035 seconds
[2026-01-02T04:36:04.043+0000] {processor.py:161} INFO - Started process (PID=709) to work on /home/airflow/.local/lib/python3.8/site-packages/airflow/example_dags/example_sensor_decorator.py
[2026-01-02T04:36:04.043+0000] {processor.py:830} INFO - Processing file /home/airflow/.local/lib/python3.8/site-packages/airflow/example_dags/example_sensor_decorator.py for tasks to queue
[2026-01-02T04:36:04.045+0000] {logging_mixin.py:188} INFO - [2026-01-02T04:36:04.044+0000] {dagbag.py:538} INFO - Filling up the DagBag from /home/airflow/.local/lib/python3.8/site-packages/airflow/example_dags/example_sensor_decorator.py
[2026-01-02T04:36:04.048+0000] {processor.py:840} INFO - DAG(s) 'example_sensor_decorator' retrieved from /home/airflow/.local/lib/python3.8/site-packages/airflow/example_dags/example_sensor_decorator.py
[2026-01-02T04:36:04.057+0000] {logging_mixin.py:188} INFO - [2026-01-02T04:36:04.057+0000] {dag.py:3033} INFO - Sync 1 DAGs
[2026-01-02T04:36:04.062+0000] {logging_mixin.py:188} INFO - [2026-01-02T04:36:04.062+0000] {dag.py:3820} INFO - Setting next_dagrun for example_sensor_decorator to None, run_after=None
[2026-01-02T04:36:04.072+0000] {processor.py:183} INFO - Processing /home/airflow/.local/lib/python3.8/site-packages/airflow/example_dags/example_sensor_decorator.py took 0.030 seconds
[2026-01-02T04:38:44.690+0000] {processor.py:161} INFO - Started process (PID=51) to work on /home/airflow/.local/lib/python3.8/site-packages/airflow/example_dags/example_sensor_decorator.py
[2026-01-02T04:38:44.690+0000] {processor.py:830} INFO - Processing file /home/airflow/.local/lib/python3.8/site-packages/airflow/example_dags/example_sensor_decorator.py for tasks to queue
[2026-01-02T04:38:44.691+0000] {logging_mixin.py:188} INFO - [2026-01-02T04:38:44.691+0000] {dagbag.py:538} INFO - Filling up the DagBag from /home/airflow/.local/lib/python3.8/site-packages/airflow/example_dags/example_sensor_decorator.py
[2026-01-02T04:38:44.695+0000] {processor.py:840} INFO - DAG(s) 'example_sensor_decorator' retrieved from /home/airflow/.local/lib/python3.8/site-packages/airflow/example_dags/example_sensor_decorator.py
[2026-01-02T04:38:44.703+0000] {logging_mixin.py:188} INFO - [2026-01-02T04:38:44.703+0000] {dag.py:3033} INFO - Sync 1 DAGs
[2026-01-02T04:38:44.709+0000] {logging_mixin.py:188} INFO - [2026-01-02T04:38:44.709+0000] {dag.py:3820} INFO - Setting next_dagrun for example_sensor_decorator to None, run_after=None
[2026-01-02T04:38:44.719+0000] {processor.py:183} INFO - Processing /home/airflow/.local/lib/python3.8/site-packages/airflow/example_dags/example_sensor_decorator.py took 0.031 seconds
[2026-01-02T04:39:15.074+0000] {processor.py:161} INFO - Started process (PID=106) to work on /home/airflow/.local/lib/python3.8/site-packages/airflow/example_dags/example_sensor_decorator.py
[2026-01-02T04:39:15.074+0000] {processor.py:830} INFO - Processing file /home/airflow/.local/lib/python3.8/site-packages/airflow/example_dags/example_sensor_decorator.py for tasks to queue
[2026-01-02T04:39:15.075+0000] {logging_mixin.py:188} INFO - [2026-01-02T04:39:15.075+0000] {dagbag.py:538} INFO - Filling up the DagBag from /home/airflow/.local/lib/python3.8/site-packages/airflow/example_dags/example_sensor_decorator.py
[2026-01-02T04:39:15.078+0000] {processor.py:840} INFO - DAG(s) 'example_sensor_decorator' retrieved from /home/airflow/.local/lib/python3.8/site-packages/airflow/example_dags/example_sensor_decorator.py
[2026-01-02T04:39:15.120+0000] {logging_mixin.py:188} INFO - [2026-01-02T04:39:15.120+0000] {dag.py:3033} INFO - Sync 1 DAGs
[2026-01-02T04:39:15.125+0000] {logging_mixin.py:188} INFO - [2026-01-02T04:39:15.124+0000] {dag.py:3820} INFO - Setting next_dagrun for example_sensor_decorator to None, run_after=None
[2026-01-02T04:39:15.136+0000] {processor.py:183} INFO - Processing /home/airflow/.local/lib/python3.8/site-packages/airflow/example_dags/example_sensor_decorator.py took 0.063 seconds
[2026-01-02T04:39:46.019+0000] {processor.py:161} INFO - Started process (PID=167) to work on /home/airflow/.local/lib/python3.8/site-packages/airflow/example_dags/example_sensor_decorator.py
[2026-01-02T04:39:46.020+0000] {processor.py:830} INFO - Processing file /home/airflow/.local/lib/python3.8/site-packages/airflow/example_dags/example_sensor_decorator.py for tasks to queue
[2026-01-02T04:39:46.021+0000] {logging_mixin.py:188} INFO - [2026-01-02T04:39:46.020+0000] {dagbag.py:538} INFO - Filling up the DagBag from /home/airflow/.local/lib/python3.8/site-packages/airflow/example_dags/example_sensor_decorator.py
[2026-01-02T04:39:46.023+0000] {processor.py:840} INFO - DAG(s) 'example_sensor_decorator' retrieved from /home/airflow/.local/lib/python3.8/site-packages/airflow/example_dags/example_sensor_decorator.py
[2026-01-02T04:39:46.031+0000] {logging_mixin.py:188} INFO - [2026-01-02T04:39:46.031+0000] {dag.py:3033} INFO - Sync 1 DAGs
[2026-01-02T04:39:46.037+0000] {logging_mixin.py:188} INFO - [2026-01-02T04:39:46.037+0000] {dag.py:3820} INFO - Setting next_dagrun for example_sensor_decorator to None, run_after=None
[2026-01-02T04:39:46.046+0000] {processor.py:183} INFO - Processing /home/airflow/.local/lib/python3.8/site-packages/airflow/example_dags/example_sensor_decorator.py took 0.028 seconds
[2026-01-02T04:40:16.181+0000] {processor.py:161} INFO - Started process (PID=222) to work on /home/airflow/.local/lib/python3.8/site-packages/airflow/example_dags/example_sensor_decorator.py
[2026-01-02T04:40:16.182+0000] {processor.py:830} INFO - Processing file /home/airflow/.local/lib/python3.8/site-packages/airflow/example_dags/example_sensor_decorator.py for tasks to queue
[2026-01-02T04:40:16.183+0000] {logging_mixin.py:188} INFO - [2026-01-02T04:40:16.182+0000] {dagbag.py:538} INFO - Filling up the DagBag from /home/airflow/.local/lib/python3.8/site-packages/airflow/example_dags/example_sensor_decorator.py
[2026-01-02T04:40:16.185+0000] {processor.py:840} INFO - DAG(s) 'example_sensor_decorator' retrieved from /home/airflow/.local/lib/python3.8/site-packages/airflow/example_dags/example_sensor_decorator.py
[2026-01-02T04:40:16.194+0000] {logging_mixin.py:188} INFO - [2026-01-02T04:40:16.194+0000] {dag.py:3033} INFO - Sync 1 DAGs
[2026-01-02T04:40:16.199+0000] {logging_mixin.py:188} INFO - [2026-01-02T04:40:16.199+0000] {dag.py:3820} INFO - Setting next_dagrun for example_sensor_decorator to None, run_after=None
[2026-01-02T04:40:16.210+0000] {processor.py:183} INFO - Processing /home/airflow/.local/lib/python3.8/site-packages/airflow/example_dags/example_sensor_decorator.py took 0.030 seconds
[2026-01-02T04:40:46.388+0000] {processor.py:161} INFO - Started process (PID=277) to work on /home/airflow/.local/lib/python3.8/site-packages/airflow/example_dags/example_sensor_decorator.py
[2026-01-02T04:40:46.388+0000] {processor.py:830} INFO - Processing file /home/airflow/.local/lib/python3.8/site-packages/airflow/example_dags/example_sensor_decorator.py for tasks to queue
[2026-01-02T04:40:46.389+0000] {logging_mixin.py:188} INFO - [2026-01-02T04:40:46.389+0000] {dagbag.py:538} INFO - Filling up the DagBag from /home/airflow/.local/lib/python3.8/site-packages/airflow/example_dags/example_sensor_decorator.py
[2026-01-02T04:40:46.392+0000] {processor.py:840} INFO - DAG(s) 'example_sensor_decorator' retrieved from /home/airflow/.local/lib/python3.8/site-packages/airflow/example_dags/example_sensor_decorator.py
[2026-01-02T04:40:46.401+0000] {logging_mixin.py:188} INFO - [2026-01-02T04:40:46.401+0000] {dag.py:3033} INFO - Sync 1 DAGs
[2026-01-02T04:40:46.406+0000] {logging_mixin.py:188} INFO - [2026-01-02T04:40:46.406+0000] {dag.py:3820} INFO - Setting next_dagrun for example_sensor_decorator to None, run_after=None
[2026-01-02T04:40:46.415+0000] {processor.py:183} INFO - Processing /home/airflow/.local/lib/python3.8/site-packages/airflow/example_dags/example_sensor_decorator.py took 0.029 seconds
[2026-01-02T04:41:16.541+0000] {processor.py:161} INFO - Started process (PID=332) to work on /home/airflow/.local/lib/python3.8/site-packages/airflow/example_dags/example_sensor_decorator.py
[2026-01-02T04:41:16.541+0000] {processor.py:830} INFO - Processing file /home/airflow/.local/lib/python3.8/site-packages/airflow/example_dags/example_sensor_decorator.py for tasks to queue
[2026-01-02T04:41:16.542+0000] {logging_mixin.py:188} INFO - [2026-01-02T04:41:16.542+0000] {dagbag.py:538} INFO - Filling up the DagBag from /home/airflow/.local/lib/python3.8/site-packages/airflow/example_dags/example_sensor_decorator.py
[2026-01-02T04:41:16.545+0000] {processor.py:840} INFO - DAG(s) 'example_sensor_decorator' retrieved from /home/airflow/.local/lib/python3.8/site-packages/airflow/example_dags/example_sensor_decorator.py
[2026-01-02T04:41:16.554+0000] {logging_mixin.py:188} INFO - [2026-01-02T04:41:16.554+0000] {dag.py:3033} INFO - Sync 1 DAGs
[2026-01-02T04:41:16.560+0000] {logging_mixin.py:188} INFO - [2026-01-02T04:41:16.560+0000] {dag.py:3820} INFO - Setting next_dagrun for example_sensor_decorator to None, run_after=None
[2026-01-02T04:41:16.570+0000] {processor.py:183} INFO - Processing /home/airflow/.local/lib/python3.8/site-packages/airflow/example_dags/example_sensor_decorator.py took 0.030 seconds
[2026-01-02T04:41:46.789+0000] {processor.py:161} INFO - Started process (PID=387) to work on /home/airflow/.local/lib/python3.8/site-packages/airflow/example_dags/example_sensor_decorator.py
[2026-01-02T04:41:46.789+0000] {processor.py:830} INFO - Processing file /home/airflow/.local/lib/python3.8/site-packages/airflow/example_dags/example_sensor_decorator.py for tasks to queue
[2026-01-02T04:41:46.790+0000] {logging_mixin.py:188} INFO - [2026-01-02T04:41:46.790+0000] {dagbag.py:538} INFO - Filling up the DagBag from /home/airflow/.local/lib/python3.8/site-packages/airflow/example_dags/example_sensor_decorator.py
[2026-01-02T04:41:46.792+0000] {processor.py:840} INFO - DAG(s) 'example_sensor_decorator' retrieved from /home/airflow/.local/lib/python3.8/site-packages/airflow/example_dags/example_sensor_decorator.py
[2026-01-02T04:41:46.802+0000] {logging_mixin.py:188} INFO - [2026-01-02T04:41:46.802+0000] {dag.py:3033} INFO - Sync 1 DAGs
[2026-01-02T04:41:46.808+0000] {logging_mixin.py:188} INFO - [2026-01-02T04:41:46.807+0000] {dag.py:3820} INFO - Setting next_dagrun for example_sensor_decorator to None, run_after=None
[2026-01-02T04:41:46.819+0000] {processor.py:183} INFO - Processing /home/airflow/.local/lib/python3.8/site-packages/airflow/example_dags/example_sensor_decorator.py took 0.031 seconds
[2026-01-02T04:42:16.928+0000] {processor.py:161} INFO - Started process (PID=442) to work on /home/airflow/.local/lib/python3.8/site-packages/airflow/example_dags/example_sensor_decorator.py
[2026-01-02T04:42:16.929+0000] {processor.py:830} INFO - Processing file /home/airflow/.local/lib/python3.8/site-packages/airflow/example_dags/example_sensor_decorator.py for tasks to queue
[2026-01-02T04:42:16.930+0000] {logging_mixin.py:188} INFO - [2026-01-02T04:42:16.929+0000] {dagbag.py:538} INFO - Filling up the DagBag from /home/airflow/.local/lib/python3.8/site-packages/airflow/example_dags/example_sensor_decorator.py
[2026-01-02T04:42:16.932+0000] {processor.py:840} INFO - DAG(s) 'example_sensor_decorator' retrieved from /home/airflow/.local/lib/python3.8/site-packages/airflow/example_dags/example_sensor_decorator.py
[2026-01-02T04:42:16.941+0000] {logging_mixin.py:188} INFO - [2026-01-02T04:42:16.941+0000] {dag.py:3033} INFO - Sync 1 DAGs
[2026-01-02T04:42:16.947+0000] {logging_mixin.py:188} INFO - [2026-01-02T04:42:16.947+0000] {dag.py:3820} INFO - Setting next_dagrun for example_sensor_decorator to None, run_after=None
[2026-01-02T04:42:16.957+0000] {processor.py:183} INFO - Processing /home/airflow/.local/lib/python3.8/site-packages/airflow/example_dags/example_sensor_decorator.py took 0.030 seconds
[2026-01-02T04:42:47.155+0000] {processor.py:161} INFO - Started process (PID=497) to work on /home/airflow/.local/lib/python3.8/site-packages/airflow/example_dags/example_sensor_decorator.py
[2026-01-02T04:42:47.155+0000] {processor.py:830} INFO - Processing file /home/airflow/.local/lib/python3.8/site-packages/airflow/example_dags/example_sensor_decorator.py for tasks to queue
[2026-01-02T04:42:47.156+0000] {logging_mixin.py:188} INFO - [2026-01-02T04:42:47.156+0000] {dagbag.py:538} INFO - Filling up the DagBag from /home/airflow/.local/lib/python3.8/site-packages/airflow/example_dags/example_sensor_decorator.py
[2026-01-02T04:42:47.158+0000] {processor.py:840} INFO - DAG(s) 'example_sensor_decorator' retrieved from /home/airflow/.local/lib/python3.8/site-packages/airflow/example_dags/example_sensor_decorator.py
[2026-01-02T04:42:47.167+0000] {logging_mixin.py:188} INFO - [2026-01-02T04:42:47.167+0000] {dag.py:3033} INFO - Sync 1 DAGs
[2026-01-02T04:42:47.173+0000] {logging_mixin.py:188} INFO - [2026-01-02T04:42:47.173+0000] {dag.py:3820} INFO - Setting next_dagrun for example_sensor_decorator to None, run_after=None
[2026-01-02T04:42:47.181+0000] {processor.py:183} INFO - Processing /home/airflow/.local/lib/python3.8/site-packages/airflow/example_dags/example_sensor_decorator.py took 0.028 seconds
[2026-01-02T04:43:17.325+0000] {processor.py:161} INFO - Started process (PID=552) to work on /home/airflow/.local/lib/python3.8/site-packages/airflow/example_dags/example_sensor_decorator.py
[2026-01-02T04:43:17.325+0000] {processor.py:830} INFO - Processing file /home/airflow/.local/lib/python3.8/site-packages/airflow/example_dags/example_sensor_decorator.py for tasks to queue
[2026-01-02T04:43:17.326+0000] {logging_mixin.py:188} INFO - [2026-01-02T04:43:17.326+0000] {dagbag.py:538} INFO - Filling up the DagBag from /home/airflow/.local/lib/python3.8/site-packages/airflow/example_dags/example_sensor_decorator.py
[2026-01-02T04:43:17.329+0000] {processor.py:840} INFO - DAG(s) 'example_sensor_decorator' retrieved from /home/airflow/.local/lib/python3.8/site-packages/airflow/example_dags/example_sensor_decorator.py
[2026-01-02T04:43:17.338+0000] {logging_mixin.py:188} INFO - [2026-01-02T04:43:17.338+0000] {dag.py:3033} INFO - Sync 1 DAGs
[2026-01-02T04:43:17.343+0000] {logging_mixin.py:188} INFO - [2026-01-02T04:43:17.343+0000] {dag.py:3820} INFO - Setting next_dagrun for example_sensor_decorator to None, run_after=None
[2026-01-02T04:43:17.352+0000] {processor.py:183} INFO - Processing /home/airflow/.local/lib/python3.8/site-packages/airflow/example_dags/example_sensor_decorator.py took 0.029 seconds
[2026-01-02T04:43:47.600+0000] {processor.py:161} INFO - Started process (PID=607) to work on /home/airflow/.local/lib/python3.8/site-packages/airflow/example_dags/example_sensor_decorator.py
[2026-01-02T04:43:47.600+0000] {processor.py:830} INFO - Processing file /home/airflow/.local/lib/python3.8/site-packages/airflow/example_dags/example_sensor_decorator.py for tasks to queue
[2026-01-02T04:43:47.601+0000] {logging_mixin.py:188} INFO - [2026-01-02T04:43:47.601+0000] {dagbag.py:538} INFO - Filling up the DagBag from /home/airflow/.local/lib/python3.8/site-packages/airflow/example_dags/example_sensor_decorator.py
[2026-01-02T04:43:47.604+0000] {processor.py:840} INFO - DAG(s) 'example_sensor_decorator' retrieved from /home/airflow/.local/lib/python3.8/site-packages/airflow/example_dags/example_sensor_decorator.py
[2026-01-02T04:43:47.615+0000] {logging_mixin.py:188} INFO - [2026-01-02T04:43:47.614+0000] {dag.py:3033} INFO - Sync 1 DAGs
[2026-01-02T04:43:47.620+0000] {logging_mixin.py:188} INFO - [2026-01-02T04:43:47.620+0000] {dag.py:3820} INFO - Setting next_dagrun for example_sensor_decorator to None, run_after=None
[2026-01-02T04:43:47.632+0000] {processor.py:183} INFO - Processing /home/airflow/.local/lib/python3.8/site-packages/airflow/example_dags/example_sensor_decorator.py took 0.033 seconds
[2026-01-02T04:44:17.879+0000] {processor.py:161} INFO - Started process (PID=669) to work on /home/airflow/.local/lib/python3.8/site-packages/airflow/example_dags/example_sensor_decorator.py
[2026-01-02T04:44:17.880+0000] {processor.py:830} INFO - Processing file /home/airflow/.local/lib/python3.8/site-packages/airflow/example_dags/example_sensor_decorator.py for tasks to queue
[2026-01-02T04:44:17.881+0000] {logging_mixin.py:188} INFO - [2026-01-02T04:44:17.881+0000] {dagbag.py:538} INFO - Filling up the DagBag from /home/airflow/.local/lib/python3.8/site-packages/airflow/example_dags/example_sensor_decorator.py
[2026-01-02T04:44:17.884+0000] {processor.py:840} INFO - DAG(s) 'example_sensor_decorator' retrieved from /home/airflow/.local/lib/python3.8/site-packages/airflow/example_dags/example_sensor_decorator.py
[2026-01-02T04:44:17.894+0000] {logging_mixin.py:188} INFO - [2026-01-02T04:44:17.894+0000] {dag.py:3033} INFO - Sync 1 DAGs
[2026-01-02T04:44:17.899+0000] {logging_mixin.py:188} INFO - [2026-01-02T04:44:17.899+0000] {dag.py:3820} INFO - Setting next_dagrun for example_sensor_decorator to None, run_after=None
[2026-01-02T04:44:17.911+0000] {processor.py:183} INFO - Processing /home/airflow/.local/lib/python3.8/site-packages/airflow/example_dags/example_sensor_decorator.py took 0.033 seconds
[2026-01-02T04:44:48.082+0000] {processor.py:161} INFO - Started process (PID=731) to work on /home/airflow/.local/lib/python3.8/site-packages/airflow/example_dags/example_sensor_decorator.py
[2026-01-02T04:44:48.083+0000] {processor.py:830} INFO - Processing file /home/airflow/.local/lib/python3.8/site-packages/airflow/example_dags/example_sensor_decorator.py for tasks to queue
[2026-01-02T04:44:48.084+0000] {logging_mixin.py:188} INFO - [2026-01-02T04:44:48.084+0000] {dagbag.py:538} INFO - Filling up the DagBag from /home/airflow/.local/lib/python3.8/site-packages/airflow/example_dags/example_sensor_decorator.py
[2026-01-02T04:44:48.087+0000] {processor.py:840} INFO - DAG(s) 'example_sensor_decorator' retrieved from /home/airflow/.local/lib/python3.8/site-packages/airflow/example_dags/example_sensor_decorator.py
[2026-01-02T04:44:48.099+0000] {logging_mixin.py:188} INFO - [2026-01-02T04:44:48.098+0000] {dag.py:3033} INFO - Sync 1 DAGs
[2026-01-02T04:44:48.106+0000] {logging_mixin.py:188} INFO - [2026-01-02T04:44:48.106+0000] {dag.py:3820} INFO - Setting next_dagrun for example_sensor_decorator to None, run_after=None
[2026-01-02T04:44:48.117+0000] {processor.py:183} INFO - Processing /home/airflow/.local/lib/python3.8/site-packages/airflow/example_dags/example_sensor_decorator.py took 0.036 seconds
[2026-01-02T04:45:18.374+0000] {processor.py:161} INFO - Started process (PID=786) to work on /home/airflow/.local/lib/python3.8/site-packages/airflow/example_dags/example_sensor_decorator.py
[2026-01-02T04:45:18.374+0000] {processor.py:830} INFO - Processing file /home/airflow/.local/lib/python3.8/site-packages/airflow/example_dags/example_sensor_decorator.py for tasks to queue
[2026-01-02T04:45:18.376+0000] {logging_mixin.py:188} INFO - [2026-01-02T04:45:18.375+0000] {dagbag.py:538} INFO - Filling up the DagBag from /home/airflow/.local/lib/python3.8/site-packages/airflow/example_dags/example_sensor_decorator.py
[2026-01-02T04:45:18.378+0000] {processor.py:840} INFO - DAG(s) 'example_sensor_decorator' retrieved from /home/airflow/.local/lib/python3.8/site-packages/airflow/example_dags/example_sensor_decorator.py
[2026-01-02T04:45:18.389+0000] {logging_mixin.py:188} INFO - [2026-01-02T04:45:18.389+0000] {dag.py:3033} INFO - Sync 1 DAGs
[2026-01-02T04:45:18.395+0000] {logging_mixin.py:188} INFO - [2026-01-02T04:45:18.395+0000] {dag.py:3820} INFO - Setting next_dagrun for example_sensor_decorator to None, run_after=None
[2026-01-02T04:45:18.406+0000] {processor.py:183} INFO - Processing /home/airflow/.local/lib/python3.8/site-packages/airflow/example_dags/example_sensor_decorator.py took 0.034 seconds
[2026-01-02T04:45:48.745+0000] {processor.py:161} INFO - Started process (PID=841) to work on /home/airflow/.local/lib/python3.8/site-packages/airflow/example_dags/example_sensor_decorator.py
[2026-01-02T04:45:48.746+0000] {processor.py:830} INFO - Processing file /home/airflow/.local/lib/python3.8/site-packages/airflow/example_dags/example_sensor_decorator.py for tasks to queue
[2026-01-02T04:45:48.747+0000] {logging_mixin.py:188} INFO - [2026-01-02T04:45:48.746+0000] {dagbag.py:538} INFO - Filling up the DagBag from /home/airflow/.local/lib/python3.8/site-packages/airflow/example_dags/example_sensor_decorator.py
[2026-01-02T04:45:48.749+0000] {processor.py:840} INFO - DAG(s) 'example_sensor_decorator' retrieved from /home/airflow/.local/lib/python3.8/site-packages/airflow/example_dags/example_sensor_decorator.py
[2026-01-02T04:45:48.759+0000] {logging_mixin.py:188} INFO - [2026-01-02T04:45:48.759+0000] {dag.py:3033} INFO - Sync 1 DAGs
[2026-01-02T04:45:48.765+0000] {logging_mixin.py:188} INFO - [2026-01-02T04:45:48.764+0000] {dag.py:3820} INFO - Setting next_dagrun for example_sensor_decorator to None, run_after=None
[2026-01-02T04:45:48.775+0000] {processor.py:183} INFO - Processing /home/airflow/.local/lib/python3.8/site-packages/airflow/example_dags/example_sensor_decorator.py took 0.031 seconds
[2026-01-02T04:46:19.021+0000] {processor.py:161} INFO - Started process (PID=896) to work on /home/airflow/.local/lib/python3.8/site-packages/airflow/example_dags/example_sensor_decorator.py
[2026-01-02T04:46:19.022+0000] {processor.py:830} INFO - Processing file /home/airflow/.local/lib/python3.8/site-packages/airflow/example_dags/example_sensor_decorator.py for tasks to queue
[2026-01-02T04:46:19.023+0000] {logging_mixin.py:188} INFO - [2026-01-02T04:46:19.023+0000] {dagbag.py:538} INFO - Filling up the DagBag from /home/airflow/.local/lib/python3.8/site-packages/airflow/example_dags/example_sensor_decorator.py
[2026-01-02T04:46:19.025+0000] {processor.py:840} INFO - DAG(s) 'example_sensor_decorator' retrieved from /home/airflow/.local/lib/python3.8/site-packages/airflow/example_dags/example_sensor_decorator.py
[2026-01-02T04:46:19.035+0000] {logging_mixin.py:188} INFO - [2026-01-02T04:46:19.035+0000] {dag.py:3033} INFO - Sync 1 DAGs
[2026-01-02T04:46:19.041+0000] {logging_mixin.py:188} INFO - [2026-01-02T04:46:19.041+0000] {dag.py:3820} INFO - Setting next_dagrun for example_sensor_decorator to None, run_after=None
[2026-01-02T04:46:19.055+0000] {processor.py:183} INFO - Processing /home/airflow/.local/lib/python3.8/site-packages/airflow/example_dags/example_sensor_decorator.py took 0.035 seconds
[2026-01-02T04:46:49.333+0000] {processor.py:161} INFO - Started process (PID=951) to work on /home/airflow/.local/lib/python3.8/site-packages/airflow/example_dags/example_sensor_decorator.py
[2026-01-02T04:46:49.333+0000] {processor.py:830} INFO - Processing file /home/airflow/.local/lib/python3.8/site-packages/airflow/example_dags/example_sensor_decorator.py for tasks to queue
[2026-01-02T04:46:49.334+0000] {logging_mixin.py:188} INFO - [2026-01-02T04:46:49.334+0000] {dagbag.py:538} INFO - Filling up the DagBag from /home/airflow/.local/lib/python3.8/site-packages/airflow/example_dags/example_sensor_decorator.py
[2026-01-02T04:46:49.337+0000] {processor.py:840} INFO - DAG(s) 'example_sensor_decorator' retrieved from /home/airflow/.local/lib/python3.8/site-packages/airflow/example_dags/example_sensor_decorator.py
[2026-01-02T04:46:49.350+0000] {logging_mixin.py:188} INFO - [2026-01-02T04:46:49.350+0000] {dag.py:3033} INFO - Sync 1 DAGs
[2026-01-02T04:46:49.355+0000] {logging_mixin.py:188} INFO - [2026-01-02T04:46:49.355+0000] {dag.py:3820} INFO - Setting next_dagrun for example_sensor_decorator to None, run_after=None
[2026-01-02T04:46:49.366+0000] {processor.py:183} INFO - Processing /home/airflow/.local/lib/python3.8/site-packages/airflow/example_dags/example_sensor_decorator.py took 0.034 seconds
[2026-01-02T04:47:19.633+0000] {processor.py:161} INFO - Started process (PID=1006) to work on /home/airflow/.local/lib/python3.8/site-packages/airflow/example_dags/example_sensor_decorator.py
[2026-01-02T04:47:19.633+0000] {processor.py:830} INFO - Processing file /home/airflow/.local/lib/python3.8/site-packages/airflow/example_dags/example_sensor_decorator.py for tasks to queue
[2026-01-02T04:47:19.634+0000] {logging_mixin.py:188} INFO - [2026-01-02T04:47:19.634+0000] {dagbag.py:538} INFO - Filling up the DagBag from /home/airflow/.local/lib/python3.8/site-packages/airflow/example_dags/example_sensor_decorator.py
[2026-01-02T04:47:19.637+0000] {processor.py:840} INFO - DAG(s) 'example_sensor_decorator' retrieved from /home/airflow/.local/lib/python3.8/site-packages/airflow/example_dags/example_sensor_decorator.py
[2026-01-02T04:47:19.647+0000] {logging_mixin.py:188} INFO - [2026-01-02T04:47:19.647+0000] {dag.py:3033} INFO - Sync 1 DAGs
[2026-01-02T04:47:19.652+0000] {logging_mixin.py:188} INFO - [2026-01-02T04:47:19.652+0000] {dag.py:3820} INFO - Setting next_dagrun for example_sensor_decorator to None, run_after=None
[2026-01-02T04:47:19.665+0000] {processor.py:183} INFO - Processing /home/airflow/.local/lib/python3.8/site-packages/airflow/example_dags/example_sensor_decorator.py took 0.034 seconds
