[2026-01-02T04:28:04.156+0000] {processor.py:161} INFO - Started process (PID=58) to work on /home/airflow/.local/lib/python3.8/site-packages/airflow/example_dags/example_branch_day_of_week_operator.py
[2026-01-02T04:28:04.157+0000] {processor.py:830} INFO - Processing file /home/airflow/.local/lib/python3.8/site-packages/airflow/example_dags/example_branch_day_of_week_operator.py for tasks to queue
[2026-01-02T04:28:04.158+0000] {logging_mixin.py:188} INFO - [2026-01-02T04:28:04.158+0000] {dagbag.py:538} INFO - Filling up the DagBag from /home/airflow/.local/lib/python3.8/site-packages/airflow/example_dags/example_branch_day_of_week_operator.py
[2026-01-02T04:28:04.164+0000] {processor.py:840} INFO - DAG(s) 'example_weekday_branch_operator' retrieved from /home/airflow/.local/lib/python3.8/site-packages/airflow/example_dags/example_branch_day_of_week_operator.py
[2026-01-02T04:28:04.212+0000] {logging_mixin.py:188} INFO - [2026-01-02T04:28:04.211+0000] {override.py:1769} INFO - Created Permission View: can edit on DAG:example_weekday_branch_operator
[2026-01-02T04:28:04.218+0000] {logging_mixin.py:188} INFO - [2026-01-02T04:28:04.218+0000] {override.py:1769} INFO - Created Permission View: can delete on DAG:example_weekday_branch_operator
[2026-01-02T04:28:04.222+0000] {logging_mixin.py:188} INFO - [2026-01-02T04:28:04.222+0000] {override.py:1769} INFO - Created Permission View: can read on DAG:example_weekday_branch_operator
[2026-01-02T04:28:04.223+0000] {logging_mixin.py:188} INFO - [2026-01-02T04:28:04.223+0000] {dag.py:3033} INFO - Sync 1 DAGs
[2026-01-02T04:28:04.229+0000] {logging_mixin.py:188} INFO - [2026-01-02T04:28:04.228+0000] {dag.py:3055} INFO - Creating ORM DAG for example_weekday_branch_operator
[2026-01-02T04:28:04.234+0000] {logging_mixin.py:188} INFO - [2026-01-02T04:28:04.234+0000] {dag.py:3820} INFO - Setting next_dagrun for example_weekday_branch_operator to 2026-01-01T00:00:00+00:00, run_after=2026-01-02T00:00:00+00:00
[2026-01-02T04:28:04.245+0000] {processor.py:183} INFO - Processing /home/airflow/.local/lib/python3.8/site-packages/airflow/example_dags/example_branch_day_of_week_operator.py took 0.090 seconds
[2026-01-02T04:28:35.061+0000] {processor.py:161} INFO - Started process (PID=119) to work on /home/airflow/.local/lib/python3.8/site-packages/airflow/example_dags/example_branch_day_of_week_operator.py
[2026-01-02T04:28:35.062+0000] {processor.py:830} INFO - Processing file /home/airflow/.local/lib/python3.8/site-packages/airflow/example_dags/example_branch_day_of_week_operator.py for tasks to queue
[2026-01-02T04:28:35.064+0000] {logging_mixin.py:188} INFO - [2026-01-02T04:28:35.064+0000] {dagbag.py:538} INFO - Filling up the DagBag from /home/airflow/.local/lib/python3.8/site-packages/airflow/example_dags/example_branch_day_of_week_operator.py
[2026-01-02T04:28:35.067+0000] {processor.py:840} INFO - DAG(s) 'example_weekday_branch_operator' retrieved from /home/airflow/.local/lib/python3.8/site-packages/airflow/example_dags/example_branch_day_of_week_operator.py
[2026-01-02T04:28:35.077+0000] {logging_mixin.py:188} INFO - [2026-01-02T04:28:35.077+0000] {dag.py:3033} INFO - Sync 1 DAGs
[2026-01-02T04:28:35.087+0000] {logging_mixin.py:188} INFO - [2026-01-02T04:28:35.087+0000] {dag.py:3820} INFO - Setting next_dagrun for example_weekday_branch_operator to 2026-01-01T00:00:00+00:00, run_after=2026-01-02T00:00:00+00:00
[2026-01-02T04:28:35.100+0000] {processor.py:183} INFO - Processing /home/airflow/.local/lib/python3.8/site-packages/airflow/example_dags/example_branch_day_of_week_operator.py took 0.040 seconds
[2026-01-02T04:29:59.848+0000] {processor.py:161} INFO - Started process (PID=50) to work on /home/airflow/.local/lib/python3.8/site-packages/airflow/example_dags/example_branch_day_of_week_operator.py
[2026-01-02T04:29:59.849+0000] {processor.py:830} INFO - Processing file /home/airflow/.local/lib/python3.8/site-packages/airflow/example_dags/example_branch_day_of_week_operator.py for tasks to queue
[2026-01-02T04:29:59.850+0000] {logging_mixin.py:188} INFO - [2026-01-02T04:29:59.850+0000] {dagbag.py:538} INFO - Filling up the DagBag from /home/airflow/.local/lib/python3.8/site-packages/airflow/example_dags/example_branch_day_of_week_operator.py
[2026-01-02T04:29:59.858+0000] {processor.py:840} INFO - DAG(s) 'example_weekday_branch_operator' retrieved from /home/airflow/.local/lib/python3.8/site-packages/airflow/example_dags/example_branch_day_of_week_operator.py
[2026-01-02T04:29:59.867+0000] {logging_mixin.py:188} INFO - [2026-01-02T04:29:59.867+0000] {dag.py:3033} INFO - Sync 1 DAGs
[2026-01-02T04:29:59.893+0000] {logging_mixin.py:188} INFO - [2026-01-02T04:29:59.893+0000] {dag.py:3820} INFO - Setting next_dagrun for example_weekday_branch_operator to 2026-01-01T00:00:00+00:00, run_after=2026-01-02T00:00:00+00:00
[2026-01-02T04:29:59.909+0000] {processor.py:183} INFO - Processing /home/airflow/.local/lib/python3.8/site-packages/airflow/example_dags/example_branch_day_of_week_operator.py took 0.062 seconds
[2026-01-02T04:30:30.660+0000] {processor.py:161} INFO - Started process (PID=111) to work on /home/airflow/.local/lib/python3.8/site-packages/airflow/example_dags/example_branch_day_of_week_operator.py
[2026-01-02T04:30:30.661+0000] {processor.py:830} INFO - Processing file /home/airflow/.local/lib/python3.8/site-packages/airflow/example_dags/example_branch_day_of_week_operator.py for tasks to queue
[2026-01-02T04:30:30.662+0000] {logging_mixin.py:188} INFO - [2026-01-02T04:30:30.662+0000] {dagbag.py:538} INFO - Filling up the DagBag from /home/airflow/.local/lib/python3.8/site-packages/airflow/example_dags/example_branch_day_of_week_operator.py
[2026-01-02T04:30:30.666+0000] {processor.py:840} INFO - DAG(s) 'example_weekday_branch_operator' retrieved from /home/airflow/.local/lib/python3.8/site-packages/airflow/example_dags/example_branch_day_of_week_operator.py
[2026-01-02T04:30:30.718+0000] {logging_mixin.py:188} INFO - [2026-01-02T04:30:30.717+0000] {dag.py:3033} INFO - Sync 1 DAGs
[2026-01-02T04:30:30.728+0000] {logging_mixin.py:188} INFO - [2026-01-02T04:30:30.728+0000] {dag.py:3820} INFO - Setting next_dagrun for example_weekday_branch_operator to 2026-01-01T00:00:00+00:00, run_after=2026-01-02T00:00:00+00:00
[2026-01-02T04:30:30.769+0000] {processor.py:183} INFO - Processing /home/airflow/.local/lib/python3.8/site-packages/airflow/example_dags/example_branch_day_of_week_operator.py took 0.110 seconds
[2026-01-02T04:31:00.930+0000] {processor.py:161} INFO - Started process (PID=166) to work on /home/airflow/.local/lib/python3.8/site-packages/airflow/example_dags/example_branch_day_of_week_operator.py
[2026-01-02T04:31:00.931+0000] {processor.py:830} INFO - Processing file /home/airflow/.local/lib/python3.8/site-packages/airflow/example_dags/example_branch_day_of_week_operator.py for tasks to queue
[2026-01-02T04:31:00.932+0000] {logging_mixin.py:188} INFO - [2026-01-02T04:31:00.931+0000] {dagbag.py:538} INFO - Filling up the DagBag from /home/airflow/.local/lib/python3.8/site-packages/airflow/example_dags/example_branch_day_of_week_operator.py
[2026-01-02T04:31:00.935+0000] {processor.py:840} INFO - DAG(s) 'example_weekday_branch_operator' retrieved from /home/airflow/.local/lib/python3.8/site-packages/airflow/example_dags/example_branch_day_of_week_operator.py
[2026-01-02T04:31:00.945+0000] {logging_mixin.py:188} INFO - [2026-01-02T04:31:00.945+0000] {dag.py:3033} INFO - Sync 1 DAGs
[2026-01-02T04:31:00.956+0000] {logging_mixin.py:188} INFO - [2026-01-02T04:31:00.956+0000] {dag.py:3820} INFO - Setting next_dagrun for example_weekday_branch_operator to 2026-01-01T00:00:00+00:00, run_after=2026-01-02T00:00:00+00:00
[2026-01-02T04:31:00.966+0000] {processor.py:183} INFO - Processing /home/airflow/.local/lib/python3.8/site-packages/airflow/example_dags/example_branch_day_of_week_operator.py took 0.037 seconds
[2026-01-02T04:31:31.349+0000] {processor.py:161} INFO - Started process (PID=221) to work on /home/airflow/.local/lib/python3.8/site-packages/airflow/example_dags/example_branch_day_of_week_operator.py
[2026-01-02T04:31:31.349+0000] {processor.py:830} INFO - Processing file /home/airflow/.local/lib/python3.8/site-packages/airflow/example_dags/example_branch_day_of_week_operator.py for tasks to queue
[2026-01-02T04:31:31.350+0000] {logging_mixin.py:188} INFO - [2026-01-02T04:31:31.350+0000] {dagbag.py:538} INFO - Filling up the DagBag from /home/airflow/.local/lib/python3.8/site-packages/airflow/example_dags/example_branch_day_of_week_operator.py
[2026-01-02T04:31:31.354+0000] {processor.py:840} INFO - DAG(s) 'example_weekday_branch_operator' retrieved from /home/airflow/.local/lib/python3.8/site-packages/airflow/example_dags/example_branch_day_of_week_operator.py
[2026-01-02T04:31:31.365+0000] {logging_mixin.py:188} INFO - [2026-01-02T04:31:31.365+0000] {dag.py:3033} INFO - Sync 1 DAGs
[2026-01-02T04:31:31.377+0000] {logging_mixin.py:188} INFO - [2026-01-02T04:31:31.377+0000] {dag.py:3820} INFO - Setting next_dagrun for example_weekday_branch_operator to 2026-01-01T00:00:00+00:00, run_after=2026-01-02T00:00:00+00:00
[2026-01-02T04:31:31.390+0000] {processor.py:183} INFO - Processing /home/airflow/.local/lib/python3.8/site-packages/airflow/example_dags/example_branch_day_of_week_operator.py took 0.043 seconds
[2026-01-02T04:32:01.741+0000] {processor.py:161} INFO - Started process (PID=275) to work on /home/airflow/.local/lib/python3.8/site-packages/airflow/example_dags/example_branch_day_of_week_operator.py
[2026-01-02T04:32:01.741+0000] {processor.py:830} INFO - Processing file /home/airflow/.local/lib/python3.8/site-packages/airflow/example_dags/example_branch_day_of_week_operator.py for tasks to queue
[2026-01-02T04:32:01.743+0000] {logging_mixin.py:188} INFO - [2026-01-02T04:32:01.743+0000] {dagbag.py:538} INFO - Filling up the DagBag from /home/airflow/.local/lib/python3.8/site-packages/airflow/example_dags/example_branch_day_of_week_operator.py
[2026-01-02T04:32:01.747+0000] {processor.py:840} INFO - DAG(s) 'example_weekday_branch_operator' retrieved from /home/airflow/.local/lib/python3.8/site-packages/airflow/example_dags/example_branch_day_of_week_operator.py
[2026-01-02T04:32:01.759+0000] {logging_mixin.py:188} INFO - [2026-01-02T04:32:01.758+0000] {dag.py:3033} INFO - Sync 1 DAGs
[2026-01-02T04:32:01.770+0000] {logging_mixin.py:188} INFO - [2026-01-02T04:32:01.770+0000] {dag.py:3820} INFO - Setting next_dagrun for example_weekday_branch_operator to 2026-01-01T00:00:00+00:00, run_after=2026-01-02T00:00:00+00:00
[2026-01-02T04:32:01.780+0000] {processor.py:183} INFO - Processing /home/airflow/.local/lib/python3.8/site-packages/airflow/example_dags/example_branch_day_of_week_operator.py took 0.042 seconds
[2026-01-02T04:32:32.144+0000] {processor.py:161} INFO - Started process (PID=331) to work on /home/airflow/.local/lib/python3.8/site-packages/airflow/example_dags/example_branch_day_of_week_operator.py
[2026-01-02T04:32:32.144+0000] {processor.py:830} INFO - Processing file /home/airflow/.local/lib/python3.8/site-packages/airflow/example_dags/example_branch_day_of_week_operator.py for tasks to queue
[2026-01-02T04:32:32.145+0000] {logging_mixin.py:188} INFO - [2026-01-02T04:32:32.145+0000] {dagbag.py:538} INFO - Filling up the DagBag from /home/airflow/.local/lib/python3.8/site-packages/airflow/example_dags/example_branch_day_of_week_operator.py
[2026-01-02T04:32:32.149+0000] {processor.py:840} INFO - DAG(s) 'example_weekday_branch_operator' retrieved from /home/airflow/.local/lib/python3.8/site-packages/airflow/example_dags/example_branch_day_of_week_operator.py
[2026-01-02T04:32:32.161+0000] {logging_mixin.py:188} INFO - [2026-01-02T04:32:32.161+0000] {dag.py:3033} INFO - Sync 1 DAGs
[2026-01-02T04:32:32.171+0000] {logging_mixin.py:188} INFO - [2026-01-02T04:32:32.171+0000] {dag.py:3820} INFO - Setting next_dagrun for example_weekday_branch_operator to 2026-01-01T00:00:00+00:00, run_after=2026-01-02T00:00:00+00:00
[2026-01-02T04:32:32.181+0000] {processor.py:183} INFO - Processing /home/airflow/.local/lib/python3.8/site-packages/airflow/example_dags/example_branch_day_of_week_operator.py took 0.038 seconds
[2026-01-02T04:33:02.387+0000] {processor.py:161} INFO - Started process (PID=386) to work on /home/airflow/.local/lib/python3.8/site-packages/airflow/example_dags/example_branch_day_of_week_operator.py
[2026-01-02T04:33:02.387+0000] {processor.py:830} INFO - Processing file /home/airflow/.local/lib/python3.8/site-packages/airflow/example_dags/example_branch_day_of_week_operator.py for tasks to queue
[2026-01-02T04:33:02.388+0000] {logging_mixin.py:188} INFO - [2026-01-02T04:33:02.388+0000] {dagbag.py:538} INFO - Filling up the DagBag from /home/airflow/.local/lib/python3.8/site-packages/airflow/example_dags/example_branch_day_of_week_operator.py
[2026-01-02T04:33:02.392+0000] {processor.py:840} INFO - DAG(s) 'example_weekday_branch_operator' retrieved from /home/airflow/.local/lib/python3.8/site-packages/airflow/example_dags/example_branch_day_of_week_operator.py
[2026-01-02T04:33:02.402+0000] {logging_mixin.py:188} INFO - [2026-01-02T04:33:02.402+0000] {dag.py:3033} INFO - Sync 1 DAGs
[2026-01-02T04:33:02.412+0000] {logging_mixin.py:188} INFO - [2026-01-02T04:33:02.412+0000] {dag.py:3820} INFO - Setting next_dagrun for example_weekday_branch_operator to 2026-01-01T00:00:00+00:00, run_after=2026-01-02T00:00:00+00:00
[2026-01-02T04:33:02.422+0000] {processor.py:183} INFO - Processing /home/airflow/.local/lib/python3.8/site-packages/airflow/example_dags/example_branch_day_of_week_operator.py took 0.037 seconds
[2026-01-02T04:33:32.707+0000] {processor.py:161} INFO - Started process (PID=441) to work on /home/airflow/.local/lib/python3.8/site-packages/airflow/example_dags/example_branch_day_of_week_operator.py
[2026-01-02T04:33:32.708+0000] {processor.py:830} INFO - Processing file /home/airflow/.local/lib/python3.8/site-packages/airflow/example_dags/example_branch_day_of_week_operator.py for tasks to queue
[2026-01-02T04:33:32.709+0000] {logging_mixin.py:188} INFO - [2026-01-02T04:33:32.709+0000] {dagbag.py:538} INFO - Filling up the DagBag from /home/airflow/.local/lib/python3.8/site-packages/airflow/example_dags/example_branch_day_of_week_operator.py
[2026-01-02T04:33:32.712+0000] {processor.py:840} INFO - DAG(s) 'example_weekday_branch_operator' retrieved from /home/airflow/.local/lib/python3.8/site-packages/airflow/example_dags/example_branch_day_of_week_operator.py
[2026-01-02T04:33:32.722+0000] {logging_mixin.py:188} INFO - [2026-01-02T04:33:32.722+0000] {dag.py:3033} INFO - Sync 1 DAGs
[2026-01-02T04:33:32.733+0000] {logging_mixin.py:188} INFO - [2026-01-02T04:33:32.732+0000] {dag.py:3820} INFO - Setting next_dagrun for example_weekday_branch_operator to 2026-01-01T00:00:00+00:00, run_after=2026-01-02T00:00:00+00:00
[2026-01-02T04:33:32.742+0000] {processor.py:183} INFO - Processing /home/airflow/.local/lib/python3.8/site-packages/airflow/example_dags/example_branch_day_of_week_operator.py took 0.036 seconds
[2026-01-02T04:34:02.993+0000] {processor.py:161} INFO - Started process (PID=496) to work on /home/airflow/.local/lib/python3.8/site-packages/airflow/example_dags/example_branch_day_of_week_operator.py
[2026-01-02T04:34:02.993+0000] {processor.py:830} INFO - Processing file /home/airflow/.local/lib/python3.8/site-packages/airflow/example_dags/example_branch_day_of_week_operator.py for tasks to queue
[2026-01-02T04:34:02.994+0000] {logging_mixin.py:188} INFO - [2026-01-02T04:34:02.994+0000] {dagbag.py:538} INFO - Filling up the DagBag from /home/airflow/.local/lib/python3.8/site-packages/airflow/example_dags/example_branch_day_of_week_operator.py
[2026-01-02T04:34:02.997+0000] {processor.py:840} INFO - DAG(s) 'example_weekday_branch_operator' retrieved from /home/airflow/.local/lib/python3.8/site-packages/airflow/example_dags/example_branch_day_of_week_operator.py
[2026-01-02T04:34:03.007+0000] {logging_mixin.py:188} INFO - [2026-01-02T04:34:03.007+0000] {dag.py:3033} INFO - Sync 1 DAGs
[2026-01-02T04:34:03.018+0000] {logging_mixin.py:188} INFO - [2026-01-02T04:34:03.018+0000] {dag.py:3820} INFO - Setting next_dagrun for example_weekday_branch_operator to 2026-01-01T00:00:00+00:00, run_after=2026-01-02T00:00:00+00:00
[2026-01-02T04:34:03.029+0000] {processor.py:183} INFO - Processing /home/airflow/.local/lib/python3.8/site-packages/airflow/example_dags/example_branch_day_of_week_operator.py took 0.037 seconds
[2026-01-02T04:34:33.321+0000] {processor.py:161} INFO - Started process (PID=551) to work on /home/airflow/.local/lib/python3.8/site-packages/airflow/example_dags/example_branch_day_of_week_operator.py
[2026-01-02T04:34:33.322+0000] {processor.py:830} INFO - Processing file /home/airflow/.local/lib/python3.8/site-packages/airflow/example_dags/example_branch_day_of_week_operator.py for tasks to queue
[2026-01-02T04:34:33.323+0000] {logging_mixin.py:188} INFO - [2026-01-02T04:34:33.322+0000] {dagbag.py:538} INFO - Filling up the DagBag from /home/airflow/.local/lib/python3.8/site-packages/airflow/example_dags/example_branch_day_of_week_operator.py
[2026-01-02T04:34:33.326+0000] {processor.py:840} INFO - DAG(s) 'example_weekday_branch_operator' retrieved from /home/airflow/.local/lib/python3.8/site-packages/airflow/example_dags/example_branch_day_of_week_operator.py
[2026-01-02T04:34:33.337+0000] {logging_mixin.py:188} INFO - [2026-01-02T04:34:33.337+0000] {dag.py:3033} INFO - Sync 1 DAGs
[2026-01-02T04:34:33.347+0000] {logging_mixin.py:188} INFO - [2026-01-02T04:34:33.347+0000] {dag.py:3820} INFO - Setting next_dagrun for example_weekday_branch_operator to 2026-01-01T00:00:00+00:00, run_after=2026-01-02T00:00:00+00:00
[2026-01-02T04:34:33.357+0000] {processor.py:183} INFO - Processing /home/airflow/.local/lib/python3.8/site-packages/airflow/example_dags/example_branch_day_of_week_operator.py took 0.037 seconds
[2026-01-02T04:35:03.616+0000] {processor.py:161} INFO - Started process (PID=606) to work on /home/airflow/.local/lib/python3.8/site-packages/airflow/example_dags/example_branch_day_of_week_operator.py
[2026-01-02T04:35:03.616+0000] {processor.py:830} INFO - Processing file /home/airflow/.local/lib/python3.8/site-packages/airflow/example_dags/example_branch_day_of_week_operator.py for tasks to queue
[2026-01-02T04:35:03.617+0000] {logging_mixin.py:188} INFO - [2026-01-02T04:35:03.617+0000] {dagbag.py:538} INFO - Filling up the DagBag from /home/airflow/.local/lib/python3.8/site-packages/airflow/example_dags/example_branch_day_of_week_operator.py
[2026-01-02T04:35:03.621+0000] {processor.py:840} INFO - DAG(s) 'example_weekday_branch_operator' retrieved from /home/airflow/.local/lib/python3.8/site-packages/airflow/example_dags/example_branch_day_of_week_operator.py
[2026-01-02T04:35:03.633+0000] {logging_mixin.py:188} INFO - [2026-01-02T04:35:03.633+0000] {dag.py:3033} INFO - Sync 1 DAGs
[2026-01-02T04:35:03.643+0000] {logging_mixin.py:188} INFO - [2026-01-02T04:35:03.643+0000] {dag.py:3820} INFO - Setting next_dagrun for example_weekday_branch_operator to 2026-01-01T00:00:00+00:00, run_after=2026-01-02T00:00:00+00:00
[2026-01-02T04:35:03.657+0000] {processor.py:183} INFO - Processing /home/airflow/.local/lib/python3.8/site-packages/airflow/example_dags/example_branch_day_of_week_operator.py took 0.042 seconds
[2026-01-02T04:35:33.969+0000] {processor.py:161} INFO - Started process (PID=661) to work on /home/airflow/.local/lib/python3.8/site-packages/airflow/example_dags/example_branch_day_of_week_operator.py
[2026-01-02T04:35:33.969+0000] {processor.py:830} INFO - Processing file /home/airflow/.local/lib/python3.8/site-packages/airflow/example_dags/example_branch_day_of_week_operator.py for tasks to queue
[2026-01-02T04:35:33.970+0000] {logging_mixin.py:188} INFO - [2026-01-02T04:35:33.970+0000] {dagbag.py:538} INFO - Filling up the DagBag from /home/airflow/.local/lib/python3.8/site-packages/airflow/example_dags/example_branch_day_of_week_operator.py
[2026-01-02T04:35:33.973+0000] {processor.py:840} INFO - DAG(s) 'example_weekday_branch_operator' retrieved from /home/airflow/.local/lib/python3.8/site-packages/airflow/example_dags/example_branch_day_of_week_operator.py
[2026-01-02T04:35:33.984+0000] {logging_mixin.py:188} INFO - [2026-01-02T04:35:33.984+0000] {dag.py:3033} INFO - Sync 1 DAGs
[2026-01-02T04:35:33.995+0000] {logging_mixin.py:188} INFO - [2026-01-02T04:35:33.995+0000] {dag.py:3820} INFO - Setting next_dagrun for example_weekday_branch_operator to 2026-01-01T00:00:00+00:00, run_after=2026-01-02T00:00:00+00:00
[2026-01-02T04:35:34.006+0000] {processor.py:183} INFO - Processing /home/airflow/.local/lib/python3.8/site-packages/airflow/example_dags/example_branch_day_of_week_operator.py took 0.039 seconds
[2026-01-02T04:36:04.212+0000] {processor.py:161} INFO - Started process (PID=716) to work on /home/airflow/.local/lib/python3.8/site-packages/airflow/example_dags/example_branch_day_of_week_operator.py
[2026-01-02T04:36:04.212+0000] {processor.py:830} INFO - Processing file /home/airflow/.local/lib/python3.8/site-packages/airflow/example_dags/example_branch_day_of_week_operator.py for tasks to queue
[2026-01-02T04:36:04.213+0000] {logging_mixin.py:188} INFO - [2026-01-02T04:36:04.213+0000] {dagbag.py:538} INFO - Filling up the DagBag from /home/airflow/.local/lib/python3.8/site-packages/airflow/example_dags/example_branch_day_of_week_operator.py
[2026-01-02T04:36:04.216+0000] {processor.py:840} INFO - DAG(s) 'example_weekday_branch_operator' retrieved from /home/airflow/.local/lib/python3.8/site-packages/airflow/example_dags/example_branch_day_of_week_operator.py
[2026-01-02T04:36:04.227+0000] {logging_mixin.py:188} INFO - [2026-01-02T04:36:04.227+0000] {dag.py:3033} INFO - Sync 1 DAGs
[2026-01-02T04:36:04.237+0000] {logging_mixin.py:188} INFO - [2026-01-02T04:36:04.237+0000] {dag.py:3820} INFO - Setting next_dagrun for example_weekday_branch_operator to 2026-01-01T00:00:00+00:00, run_after=2026-01-02T00:00:00+00:00
[2026-01-02T04:36:04.255+0000] {processor.py:183} INFO - Processing /home/airflow/.local/lib/python3.8/site-packages/airflow/example_dags/example_branch_day_of_week_operator.py took 0.045 seconds
[2026-01-02T04:38:44.849+0000] {processor.py:161} INFO - Started process (PID=58) to work on /home/airflow/.local/lib/python3.8/site-packages/airflow/example_dags/example_branch_day_of_week_operator.py
[2026-01-02T04:38:44.849+0000] {processor.py:830} INFO - Processing file /home/airflow/.local/lib/python3.8/site-packages/airflow/example_dags/example_branch_day_of_week_operator.py for tasks to queue
[2026-01-02T04:38:44.851+0000] {logging_mixin.py:188} INFO - [2026-01-02T04:38:44.850+0000] {dagbag.py:538} INFO - Filling up the DagBag from /home/airflow/.local/lib/python3.8/site-packages/airflow/example_dags/example_branch_day_of_week_operator.py
[2026-01-02T04:38:44.856+0000] {processor.py:840} INFO - DAG(s) 'example_weekday_branch_operator' retrieved from /home/airflow/.local/lib/python3.8/site-packages/airflow/example_dags/example_branch_day_of_week_operator.py
[2026-01-02T04:38:44.863+0000] {logging_mixin.py:188} INFO - [2026-01-02T04:38:44.863+0000] {dag.py:3033} INFO - Sync 1 DAGs
[2026-01-02T04:38:44.874+0000] {logging_mixin.py:188} INFO - [2026-01-02T04:38:44.874+0000] {dag.py:3820} INFO - Setting next_dagrun for example_weekday_branch_operator to 2026-01-01T00:00:00+00:00, run_after=2026-01-02T00:00:00+00:00
[2026-01-02T04:38:44.885+0000] {processor.py:183} INFO - Processing /home/airflow/.local/lib/python3.8/site-packages/airflow/example_dags/example_branch_day_of_week_operator.py took 0.037 seconds
[2026-01-02T04:39:15.315+0000] {processor.py:161} INFO - Started process (PID=113) to work on /home/airflow/.local/lib/python3.8/site-packages/airflow/example_dags/example_branch_day_of_week_operator.py
[2026-01-02T04:39:15.316+0000] {processor.py:830} INFO - Processing file /home/airflow/.local/lib/python3.8/site-packages/airflow/example_dags/example_branch_day_of_week_operator.py for tasks to queue
[2026-01-02T04:39:15.317+0000] {logging_mixin.py:188} INFO - [2026-01-02T04:39:15.317+0000] {dagbag.py:538} INFO - Filling up the DagBag from /home/airflow/.local/lib/python3.8/site-packages/airflow/example_dags/example_branch_day_of_week_operator.py
[2026-01-02T04:39:15.320+0000] {processor.py:840} INFO - DAG(s) 'example_weekday_branch_operator' retrieved from /home/airflow/.local/lib/python3.8/site-packages/airflow/example_dags/example_branch_day_of_week_operator.py
[2026-01-02T04:39:15.363+0000] {logging_mixin.py:188} INFO - [2026-01-02T04:39:15.362+0000] {dag.py:3033} INFO - Sync 1 DAGs
[2026-01-02T04:39:15.372+0000] {logging_mixin.py:188} INFO - [2026-01-02T04:39:15.372+0000] {dag.py:3820} INFO - Setting next_dagrun for example_weekday_branch_operator to 2026-01-01T00:00:00+00:00, run_after=2026-01-02T00:00:00+00:00
[2026-01-02T04:39:15.382+0000] {processor.py:183} INFO - Processing /home/airflow/.local/lib/python3.8/site-packages/airflow/example_dags/example_branch_day_of_week_operator.py took 0.068 seconds
[2026-01-02T04:39:46.180+0000] {processor.py:161} INFO - Started process (PID=174) to work on /home/airflow/.local/lib/python3.8/site-packages/airflow/example_dags/example_branch_day_of_week_operator.py
[2026-01-02T04:39:46.181+0000] {processor.py:830} INFO - Processing file /home/airflow/.local/lib/python3.8/site-packages/airflow/example_dags/example_branch_day_of_week_operator.py for tasks to queue
[2026-01-02T04:39:46.182+0000] {logging_mixin.py:188} INFO - [2026-01-02T04:39:46.182+0000] {dagbag.py:538} INFO - Filling up the DagBag from /home/airflow/.local/lib/python3.8/site-packages/airflow/example_dags/example_branch_day_of_week_operator.py
[2026-01-02T04:39:46.185+0000] {processor.py:840} INFO - DAG(s) 'example_weekday_branch_operator' retrieved from /home/airflow/.local/lib/python3.8/site-packages/airflow/example_dags/example_branch_day_of_week_operator.py
[2026-01-02T04:39:46.194+0000] {logging_mixin.py:188} INFO - [2026-01-02T04:39:46.194+0000] {dag.py:3033} INFO - Sync 1 DAGs
[2026-01-02T04:39:46.204+0000] {logging_mixin.py:188} INFO - [2026-01-02T04:39:46.203+0000] {dag.py:3820} INFO - Setting next_dagrun for example_weekday_branch_operator to 2026-01-01T00:00:00+00:00, run_after=2026-01-02T00:00:00+00:00
[2026-01-02T04:39:46.213+0000] {processor.py:183} INFO - Processing /home/airflow/.local/lib/python3.8/site-packages/airflow/example_dags/example_branch_day_of_week_operator.py took 0.033 seconds
[2026-01-02T04:40:16.381+0000] {processor.py:161} INFO - Started process (PID=229) to work on /home/airflow/.local/lib/python3.8/site-packages/airflow/example_dags/example_branch_day_of_week_operator.py
[2026-01-02T04:40:16.381+0000] {processor.py:830} INFO - Processing file /home/airflow/.local/lib/python3.8/site-packages/airflow/example_dags/example_branch_day_of_week_operator.py for tasks to queue
[2026-01-02T04:40:16.383+0000] {logging_mixin.py:188} INFO - [2026-01-02T04:40:16.383+0000] {dagbag.py:538} INFO - Filling up the DagBag from /home/airflow/.local/lib/python3.8/site-packages/airflow/example_dags/example_branch_day_of_week_operator.py
[2026-01-02T04:40:16.386+0000] {processor.py:840} INFO - DAG(s) 'example_weekday_branch_operator' retrieved from /home/airflow/.local/lib/python3.8/site-packages/airflow/example_dags/example_branch_day_of_week_operator.py
[2026-01-02T04:40:16.395+0000] {logging_mixin.py:188} INFO - [2026-01-02T04:40:16.395+0000] {dag.py:3033} INFO - Sync 1 DAGs
[2026-01-02T04:40:16.404+0000] {logging_mixin.py:188} INFO - [2026-01-02T04:40:16.404+0000] {dag.py:3820} INFO - Setting next_dagrun for example_weekday_branch_operator to 2026-01-01T00:00:00+00:00, run_after=2026-01-02T00:00:00+00:00
[2026-01-02T04:40:16.413+0000] {processor.py:183} INFO - Processing /home/airflow/.local/lib/python3.8/site-packages/airflow/example_dags/example_branch_day_of_week_operator.py took 0.033 seconds
[2026-01-02T04:40:46.552+0000] {processor.py:161} INFO - Started process (PID=284) to work on /home/airflow/.local/lib/python3.8/site-packages/airflow/example_dags/example_branch_day_of_week_operator.py
[2026-01-02T04:40:46.553+0000] {processor.py:830} INFO - Processing file /home/airflow/.local/lib/python3.8/site-packages/airflow/example_dags/example_branch_day_of_week_operator.py for tasks to queue
[2026-01-02T04:40:46.554+0000] {logging_mixin.py:188} INFO - [2026-01-02T04:40:46.554+0000] {dagbag.py:538} INFO - Filling up the DagBag from /home/airflow/.local/lib/python3.8/site-packages/airflow/example_dags/example_branch_day_of_week_operator.py
[2026-01-02T04:40:46.557+0000] {processor.py:840} INFO - DAG(s) 'example_weekday_branch_operator' retrieved from /home/airflow/.local/lib/python3.8/site-packages/airflow/example_dags/example_branch_day_of_week_operator.py
[2026-01-02T04:40:46.566+0000] {logging_mixin.py:188} INFO - [2026-01-02T04:40:46.566+0000] {dag.py:3033} INFO - Sync 1 DAGs
[2026-01-02T04:40:46.576+0000] {logging_mixin.py:188} INFO - [2026-01-02T04:40:46.576+0000] {dag.py:3820} INFO - Setting next_dagrun for example_weekday_branch_operator to 2026-01-01T00:00:00+00:00, run_after=2026-01-02T00:00:00+00:00
[2026-01-02T04:40:46.585+0000] {processor.py:183} INFO - Processing /home/airflow/.local/lib/python3.8/site-packages/airflow/example_dags/example_branch_day_of_week_operator.py took 0.034 seconds
[2026-01-02T04:41:16.714+0000] {processor.py:161} INFO - Started process (PID=339) to work on /home/airflow/.local/lib/python3.8/site-packages/airflow/example_dags/example_branch_day_of_week_operator.py
[2026-01-02T04:41:16.714+0000] {processor.py:830} INFO - Processing file /home/airflow/.local/lib/python3.8/site-packages/airflow/example_dags/example_branch_day_of_week_operator.py for tasks to queue
[2026-01-02T04:41:16.715+0000] {logging_mixin.py:188} INFO - [2026-01-02T04:41:16.715+0000] {dagbag.py:538} INFO - Filling up the DagBag from /home/airflow/.local/lib/python3.8/site-packages/airflow/example_dags/example_branch_day_of_week_operator.py
[2026-01-02T04:41:16.718+0000] {processor.py:840} INFO - DAG(s) 'example_weekday_branch_operator' retrieved from /home/airflow/.local/lib/python3.8/site-packages/airflow/example_dags/example_branch_day_of_week_operator.py
[2026-01-02T04:41:16.728+0000] {logging_mixin.py:188} INFO - [2026-01-02T04:41:16.728+0000] {dag.py:3033} INFO - Sync 1 DAGs
[2026-01-02T04:41:16.738+0000] {logging_mixin.py:188} INFO - [2026-01-02T04:41:16.738+0000] {dag.py:3820} INFO - Setting next_dagrun for example_weekday_branch_operator to 2026-01-01T00:00:00+00:00, run_after=2026-01-02T00:00:00+00:00
[2026-01-02T04:41:16.747+0000] {processor.py:183} INFO - Processing /home/airflow/.local/lib/python3.8/site-packages/airflow/example_dags/example_branch_day_of_week_operator.py took 0.035 seconds
[2026-01-02T04:41:46.922+0000] {processor.py:161} INFO - Started process (PID=393) to work on /home/airflow/.local/lib/python3.8/site-packages/airflow/example_dags/example_branch_day_of_week_operator.py
[2026-01-02T04:41:46.923+0000] {processor.py:830} INFO - Processing file /home/airflow/.local/lib/python3.8/site-packages/airflow/example_dags/example_branch_day_of_week_operator.py for tasks to queue
[2026-01-02T04:41:46.924+0000] {logging_mixin.py:188} INFO - [2026-01-02T04:41:46.924+0000] {dagbag.py:538} INFO - Filling up the DagBag from /home/airflow/.local/lib/python3.8/site-packages/airflow/example_dags/example_branch_day_of_week_operator.py
[2026-01-02T04:41:46.927+0000] {processor.py:840} INFO - DAG(s) 'example_weekday_branch_operator' retrieved from /home/airflow/.local/lib/python3.8/site-packages/airflow/example_dags/example_branch_day_of_week_operator.py
[2026-01-02T04:41:46.936+0000] {logging_mixin.py:188} INFO - [2026-01-02T04:41:46.936+0000] {dag.py:3033} INFO - Sync 1 DAGs
[2026-01-02T04:41:46.946+0000] {logging_mixin.py:188} INFO - [2026-01-02T04:41:46.946+0000] {dag.py:3820} INFO - Setting next_dagrun for example_weekday_branch_operator to 2026-01-01T00:00:00+00:00, run_after=2026-01-02T00:00:00+00:00
[2026-01-02T04:41:46.955+0000] {processor.py:183} INFO - Processing /home/airflow/.local/lib/python3.8/site-packages/airflow/example_dags/example_branch_day_of_week_operator.py took 0.034 seconds
[2026-01-02T04:42:17.059+0000] {processor.py:161} INFO - Started process (PID=448) to work on /home/airflow/.local/lib/python3.8/site-packages/airflow/example_dags/example_branch_day_of_week_operator.py
[2026-01-02T04:42:17.060+0000] {processor.py:830} INFO - Processing file /home/airflow/.local/lib/python3.8/site-packages/airflow/example_dags/example_branch_day_of_week_operator.py for tasks to queue
[2026-01-02T04:42:17.061+0000] {logging_mixin.py:188} INFO - [2026-01-02T04:42:17.061+0000] {dagbag.py:538} INFO - Filling up the DagBag from /home/airflow/.local/lib/python3.8/site-packages/airflow/example_dags/example_branch_day_of_week_operator.py
[2026-01-02T04:42:17.064+0000] {processor.py:840} INFO - DAG(s) 'example_weekday_branch_operator' retrieved from /home/airflow/.local/lib/python3.8/site-packages/airflow/example_dags/example_branch_day_of_week_operator.py
[2026-01-02T04:42:17.073+0000] {logging_mixin.py:188} INFO - [2026-01-02T04:42:17.073+0000] {dag.py:3033} INFO - Sync 1 DAGs
[2026-01-02T04:42:17.083+0000] {logging_mixin.py:188} INFO - [2026-01-02T04:42:17.083+0000] {dag.py:3820} INFO - Setting next_dagrun for example_weekday_branch_operator to 2026-01-01T00:00:00+00:00, run_after=2026-01-02T00:00:00+00:00
[2026-01-02T04:42:17.093+0000] {processor.py:183} INFO - Processing /home/airflow/.local/lib/python3.8/site-packages/airflow/example_dags/example_branch_day_of_week_operator.py took 0.035 seconds
[2026-01-02T04:42:47.284+0000] {processor.py:161} INFO - Started process (PID=503) to work on /home/airflow/.local/lib/python3.8/site-packages/airflow/example_dags/example_branch_day_of_week_operator.py
[2026-01-02T04:42:47.284+0000] {processor.py:830} INFO - Processing file /home/airflow/.local/lib/python3.8/site-packages/airflow/example_dags/example_branch_day_of_week_operator.py for tasks to queue
[2026-01-02T04:42:47.285+0000] {logging_mixin.py:188} INFO - [2026-01-02T04:42:47.285+0000] {dagbag.py:538} INFO - Filling up the DagBag from /home/airflow/.local/lib/python3.8/site-packages/airflow/example_dags/example_branch_day_of_week_operator.py
[2026-01-02T04:42:47.288+0000] {processor.py:840} INFO - DAG(s) 'example_weekday_branch_operator' retrieved from /home/airflow/.local/lib/python3.8/site-packages/airflow/example_dags/example_branch_day_of_week_operator.py
[2026-01-02T04:42:47.297+0000] {logging_mixin.py:188} INFO - [2026-01-02T04:42:47.297+0000] {dag.py:3033} INFO - Sync 1 DAGs
[2026-01-02T04:42:47.307+0000] {logging_mixin.py:188} INFO - [2026-01-02T04:42:47.307+0000] {dag.py:3820} INFO - Setting next_dagrun for example_weekday_branch_operator to 2026-01-01T00:00:00+00:00, run_after=2026-01-02T00:00:00+00:00
[2026-01-02T04:42:47.317+0000] {processor.py:183} INFO - Processing /home/airflow/.local/lib/python3.8/site-packages/airflow/example_dags/example_branch_day_of_week_operator.py took 0.034 seconds
[2026-01-02T04:43:17.488+0000] {processor.py:161} INFO - Started process (PID=558) to work on /home/airflow/.local/lib/python3.8/site-packages/airflow/example_dags/example_branch_day_of_week_operator.py
[2026-01-02T04:43:17.488+0000] {processor.py:830} INFO - Processing file /home/airflow/.local/lib/python3.8/site-packages/airflow/example_dags/example_branch_day_of_week_operator.py for tasks to queue
[2026-01-02T04:43:17.489+0000] {logging_mixin.py:188} INFO - [2026-01-02T04:43:17.489+0000] {dagbag.py:538} INFO - Filling up the DagBag from /home/airflow/.local/lib/python3.8/site-packages/airflow/example_dags/example_branch_day_of_week_operator.py
[2026-01-02T04:43:17.492+0000] {processor.py:840} INFO - DAG(s) 'example_weekday_branch_operator' retrieved from /home/airflow/.local/lib/python3.8/site-packages/airflow/example_dags/example_branch_day_of_week_operator.py
[2026-01-02T04:43:17.502+0000] {logging_mixin.py:188} INFO - [2026-01-02T04:43:17.502+0000] {dag.py:3033} INFO - Sync 1 DAGs
[2026-01-02T04:43:17.512+0000] {logging_mixin.py:188} INFO - [2026-01-02T04:43:17.512+0000] {dag.py:3820} INFO - Setting next_dagrun for example_weekday_branch_operator to 2026-01-01T00:00:00+00:00, run_after=2026-01-02T00:00:00+00:00
[2026-01-02T04:43:17.521+0000] {processor.py:183} INFO - Processing /home/airflow/.local/lib/python3.8/site-packages/airflow/example_dags/example_branch_day_of_week_operator.py took 0.035 seconds
[2026-01-02T04:43:47.740+0000] {processor.py:161} INFO - Started process (PID=613) to work on /home/airflow/.local/lib/python3.8/site-packages/airflow/example_dags/example_branch_day_of_week_operator.py
[2026-01-02T04:43:47.741+0000] {processor.py:830} INFO - Processing file /home/airflow/.local/lib/python3.8/site-packages/airflow/example_dags/example_branch_day_of_week_operator.py for tasks to queue
[2026-01-02T04:43:47.742+0000] {logging_mixin.py:188} INFO - [2026-01-02T04:43:47.742+0000] {dagbag.py:538} INFO - Filling up the DagBag from /home/airflow/.local/lib/python3.8/site-packages/airflow/example_dags/example_branch_day_of_week_operator.py
[2026-01-02T04:43:47.745+0000] {processor.py:840} INFO - DAG(s) 'example_weekday_branch_operator' retrieved from /home/airflow/.local/lib/python3.8/site-packages/airflow/example_dags/example_branch_day_of_week_operator.py
[2026-01-02T04:43:47.754+0000] {logging_mixin.py:188} INFO - [2026-01-02T04:43:47.754+0000] {dag.py:3033} INFO - Sync 1 DAGs
[2026-01-02T04:43:47.765+0000] {logging_mixin.py:188} INFO - [2026-01-02T04:43:47.764+0000] {dag.py:3820} INFO - Setting next_dagrun for example_weekday_branch_operator to 2026-01-01T00:00:00+00:00, run_after=2026-01-02T00:00:00+00:00
[2026-01-02T04:43:47.776+0000] {processor.py:183} INFO - Processing /home/airflow/.local/lib/python3.8/site-packages/airflow/example_dags/example_branch_day_of_week_operator.py took 0.037 seconds
[2026-01-02T04:44:18.025+0000] {processor.py:161} INFO - Started process (PID=675) to work on /home/airflow/.local/lib/python3.8/site-packages/airflow/example_dags/example_branch_day_of_week_operator.py
[2026-01-02T04:44:18.025+0000] {processor.py:830} INFO - Processing file /home/airflow/.local/lib/python3.8/site-packages/airflow/example_dags/example_branch_day_of_week_operator.py for tasks to queue
[2026-01-02T04:44:18.027+0000] {logging_mixin.py:188} INFO - [2026-01-02T04:44:18.027+0000] {dagbag.py:538} INFO - Filling up the DagBag from /home/airflow/.local/lib/python3.8/site-packages/airflow/example_dags/example_branch_day_of_week_operator.py
[2026-01-02T04:44:18.030+0000] {processor.py:840} INFO - DAG(s) 'example_weekday_branch_operator' retrieved from /home/airflow/.local/lib/python3.8/site-packages/airflow/example_dags/example_branch_day_of_week_operator.py
[2026-01-02T04:44:18.042+0000] {logging_mixin.py:188} INFO - [2026-01-02T04:44:18.042+0000] {dag.py:3033} INFO - Sync 1 DAGs
[2026-01-02T04:44:18.052+0000] {logging_mixin.py:188} INFO - [2026-01-02T04:44:18.052+0000] {dag.py:3820} INFO - Setting next_dagrun for example_weekday_branch_operator to 2026-01-01T00:00:00+00:00, run_after=2026-01-02T00:00:00+00:00
[2026-01-02T04:44:18.065+0000] {processor.py:183} INFO - Processing /home/airflow/.local/lib/python3.8/site-packages/airflow/example_dags/example_branch_day_of_week_operator.py took 0.041 seconds
[2026-01-02T04:44:48.264+0000] {processor.py:161} INFO - Started process (PID=737) to work on /home/airflow/.local/lib/python3.8/site-packages/airflow/example_dags/example_branch_day_of_week_operator.py
[2026-01-02T04:44:48.265+0000] {processor.py:830} INFO - Processing file /home/airflow/.local/lib/python3.8/site-packages/airflow/example_dags/example_branch_day_of_week_operator.py for tasks to queue
[2026-01-02T04:44:48.266+0000] {logging_mixin.py:188} INFO - [2026-01-02T04:44:48.266+0000] {dagbag.py:538} INFO - Filling up the DagBag from /home/airflow/.local/lib/python3.8/site-packages/airflow/example_dags/example_branch_day_of_week_operator.py
[2026-01-02T04:44:48.269+0000] {processor.py:840} INFO - DAG(s) 'example_weekday_branch_operator' retrieved from /home/airflow/.local/lib/python3.8/site-packages/airflow/example_dags/example_branch_day_of_week_operator.py
[2026-01-02T04:44:48.280+0000] {logging_mixin.py:188} INFO - [2026-01-02T04:44:48.280+0000] {dag.py:3033} INFO - Sync 1 DAGs
[2026-01-02T04:44:48.290+0000] {logging_mixin.py:188} INFO - [2026-01-02T04:44:48.290+0000] {dag.py:3820} INFO - Setting next_dagrun for example_weekday_branch_operator to 2026-01-01T00:00:00+00:00, run_after=2026-01-02T00:00:00+00:00
[2026-01-02T04:44:48.301+0000] {processor.py:183} INFO - Processing /home/airflow/.local/lib/python3.8/site-packages/airflow/example_dags/example_branch_day_of_week_operator.py took 0.037 seconds
[2026-01-02T04:45:18.561+0000] {processor.py:161} INFO - Started process (PID=792) to work on /home/airflow/.local/lib/python3.8/site-packages/airflow/example_dags/example_branch_day_of_week_operator.py
[2026-01-02T04:45:18.562+0000] {processor.py:830} INFO - Processing file /home/airflow/.local/lib/python3.8/site-packages/airflow/example_dags/example_branch_day_of_week_operator.py for tasks to queue
[2026-01-02T04:45:18.563+0000] {logging_mixin.py:188} INFO - [2026-01-02T04:45:18.563+0000] {dagbag.py:538} INFO - Filling up the DagBag from /home/airflow/.local/lib/python3.8/site-packages/airflow/example_dags/example_branch_day_of_week_operator.py
[2026-01-02T04:45:18.567+0000] {processor.py:840} INFO - DAG(s) 'example_weekday_branch_operator' retrieved from /home/airflow/.local/lib/python3.8/site-packages/airflow/example_dags/example_branch_day_of_week_operator.py
[2026-01-02T04:45:18.577+0000] {logging_mixin.py:188} INFO - [2026-01-02T04:45:18.577+0000] {dag.py:3033} INFO - Sync 1 DAGs
[2026-01-02T04:45:18.587+0000] {logging_mixin.py:188} INFO - [2026-01-02T04:45:18.587+0000] {dag.py:3820} INFO - Setting next_dagrun for example_weekday_branch_operator to 2026-01-01T00:00:00+00:00, run_after=2026-01-02T00:00:00+00:00
[2026-01-02T04:45:18.599+0000] {processor.py:183} INFO - Processing /home/airflow/.local/lib/python3.8/site-packages/airflow/example_dags/example_branch_day_of_week_operator.py took 0.039 seconds
[2026-01-02T04:45:48.917+0000] {processor.py:161} INFO - Started process (PID=847) to work on /home/airflow/.local/lib/python3.8/site-packages/airflow/example_dags/example_branch_day_of_week_operator.py
[2026-01-02T04:45:48.917+0000] {processor.py:830} INFO - Processing file /home/airflow/.local/lib/python3.8/site-packages/airflow/example_dags/example_branch_day_of_week_operator.py for tasks to queue
[2026-01-02T04:45:48.918+0000] {logging_mixin.py:188} INFO - [2026-01-02T04:45:48.918+0000] {dagbag.py:538} INFO - Filling up the DagBag from /home/airflow/.local/lib/python3.8/site-packages/airflow/example_dags/example_branch_day_of_week_operator.py
[2026-01-02T04:45:48.922+0000] {processor.py:840} INFO - DAG(s) 'example_weekday_branch_operator' retrieved from /home/airflow/.local/lib/python3.8/site-packages/airflow/example_dags/example_branch_day_of_week_operator.py
[2026-01-02T04:45:48.932+0000] {logging_mixin.py:188} INFO - [2026-01-02T04:45:48.932+0000] {dag.py:3033} INFO - Sync 1 DAGs
[2026-01-02T04:45:48.941+0000] {logging_mixin.py:188} INFO - [2026-01-02T04:45:48.941+0000] {dag.py:3820} INFO - Setting next_dagrun for example_weekday_branch_operator to 2026-01-01T00:00:00+00:00, run_after=2026-01-02T00:00:00+00:00
[2026-01-02T04:45:48.953+0000] {processor.py:183} INFO - Processing /home/airflow/.local/lib/python3.8/site-packages/airflow/example_dags/example_branch_day_of_week_operator.py took 0.037 seconds
[2026-01-02T04:46:19.161+0000] {processor.py:161} INFO - Started process (PID=902) to work on /home/airflow/.local/lib/python3.8/site-packages/airflow/example_dags/example_branch_day_of_week_operator.py
[2026-01-02T04:46:19.161+0000] {processor.py:830} INFO - Processing file /home/airflow/.local/lib/python3.8/site-packages/airflow/example_dags/example_branch_day_of_week_operator.py for tasks to queue
[2026-01-02T04:46:19.163+0000] {logging_mixin.py:188} INFO - [2026-01-02T04:46:19.162+0000] {dagbag.py:538} INFO - Filling up the DagBag from /home/airflow/.local/lib/python3.8/site-packages/airflow/example_dags/example_branch_day_of_week_operator.py
[2026-01-02T04:46:19.166+0000] {processor.py:840} INFO - DAG(s) 'example_weekday_branch_operator' retrieved from /home/airflow/.local/lib/python3.8/site-packages/airflow/example_dags/example_branch_day_of_week_operator.py
[2026-01-02T04:46:19.179+0000] {logging_mixin.py:188} INFO - [2026-01-02T04:46:19.179+0000] {dag.py:3033} INFO - Sync 1 DAGs
[2026-01-02T04:46:19.188+0000] {logging_mixin.py:188} INFO - [2026-01-02T04:46:19.188+0000] {dag.py:3820} INFO - Setting next_dagrun for example_weekday_branch_operator to 2026-01-01T00:00:00+00:00, run_after=2026-01-02T00:00:00+00:00
[2026-01-02T04:46:19.198+0000] {processor.py:183} INFO - Processing /home/airflow/.local/lib/python3.8/site-packages/airflow/example_dags/example_branch_day_of_week_operator.py took 0.039 seconds
[2026-01-02T04:46:49.507+0000] {processor.py:161} INFO - Started process (PID=957) to work on /home/airflow/.local/lib/python3.8/site-packages/airflow/example_dags/example_branch_day_of_week_operator.py
[2026-01-02T04:46:49.508+0000] {processor.py:830} INFO - Processing file /home/airflow/.local/lib/python3.8/site-packages/airflow/example_dags/example_branch_day_of_week_operator.py for tasks to queue
[2026-01-02T04:46:49.509+0000] {logging_mixin.py:188} INFO - [2026-01-02T04:46:49.509+0000] {dagbag.py:538} INFO - Filling up the DagBag from /home/airflow/.local/lib/python3.8/site-packages/airflow/example_dags/example_branch_day_of_week_operator.py
[2026-01-02T04:46:49.512+0000] {processor.py:840} INFO - DAG(s) 'example_weekday_branch_operator' retrieved from /home/airflow/.local/lib/python3.8/site-packages/airflow/example_dags/example_branch_day_of_week_operator.py
[2026-01-02T04:46:49.524+0000] {logging_mixin.py:188} INFO - [2026-01-02T04:46:49.523+0000] {dag.py:3033} INFO - Sync 1 DAGs
[2026-01-02T04:46:49.534+0000] {logging_mixin.py:188} INFO - [2026-01-02T04:46:49.534+0000] {dag.py:3820} INFO - Setting next_dagrun for example_weekday_branch_operator to 2026-01-01T00:00:00+00:00, run_after=2026-01-02T00:00:00+00:00
[2026-01-02T04:46:49.546+0000] {processor.py:183} INFO - Processing /home/airflow/.local/lib/python3.8/site-packages/airflow/example_dags/example_branch_day_of_week_operator.py took 0.040 seconds
[2026-01-02T04:47:19.772+0000] {processor.py:161} INFO - Started process (PID=1012) to work on /home/airflow/.local/lib/python3.8/site-packages/airflow/example_dags/example_branch_day_of_week_operator.py
[2026-01-02T04:47:19.773+0000] {processor.py:830} INFO - Processing file /home/airflow/.local/lib/python3.8/site-packages/airflow/example_dags/example_branch_day_of_week_operator.py for tasks to queue
[2026-01-02T04:47:19.774+0000] {logging_mixin.py:188} INFO - [2026-01-02T04:47:19.774+0000] {dagbag.py:538} INFO - Filling up the DagBag from /home/airflow/.local/lib/python3.8/site-packages/airflow/example_dags/example_branch_day_of_week_operator.py
[2026-01-02T04:47:19.777+0000] {processor.py:840} INFO - DAG(s) 'example_weekday_branch_operator' retrieved from /home/airflow/.local/lib/python3.8/site-packages/airflow/example_dags/example_branch_day_of_week_operator.py
[2026-01-02T04:47:19.791+0000] {logging_mixin.py:188} INFO - [2026-01-02T04:47:19.791+0000] {dag.py:3033} INFO - Sync 1 DAGs
[2026-01-02T04:47:19.802+0000] {logging_mixin.py:188} INFO - [2026-01-02T04:47:19.802+0000] {dag.py:3820} INFO - Setting next_dagrun for example_weekday_branch_operator to 2026-01-01T00:00:00+00:00, run_after=2026-01-02T00:00:00+00:00
[2026-01-02T04:47:19.812+0000] {processor.py:183} INFO - Processing /home/airflow/.local/lib/python3.8/site-packages/airflow/example_dags/example_branch_day_of_week_operator.py took 0.041 seconds
