[2026-01-02T04:28:03.246+0000] {processor.py:161} INFO - Started process (PID=46) to work on /home/airflow/.local/lib/python3.8/site-packages/airflow/example_dags/example_latest_only_with_trigger.py
[2026-01-02T04:28:03.247+0000] {processor.py:830} INFO - Processing file /home/airflow/.local/lib/python3.8/site-packages/airflow/example_dags/example_latest_only_with_trigger.py for tasks to queue
[2026-01-02T04:28:03.248+0000] {logging_mixin.py:188} INFO - [2026-01-02T04:28:03.248+0000] {dagbag.py:538} INFO - Filling up the DagBag from /home/airflow/.local/lib/python3.8/site-packages/airflow/example_dags/example_latest_only_with_trigger.py
[2026-01-02T04:28:03.263+0000] {processor.py:840} INFO - DAG(s) 'latest_only_with_trigger' retrieved from /home/airflow/.local/lib/python3.8/site-packages/airflow/example_dags/example_latest_only_with_trigger.py
[2026-01-02T04:28:03.439+0000] {logging_mixin.py:188} INFO - [2026-01-02T04:28:03.438+0000] {override.py:1769} INFO - Created Permission View: can edit on DAG:latest_only_with_trigger
[2026-01-02T04:28:03.445+0000] {logging_mixin.py:188} INFO - [2026-01-02T04:28:03.445+0000] {override.py:1769} INFO - Created Permission View: can delete on DAG:latest_only_with_trigger
[2026-01-02T04:28:03.450+0000] {logging_mixin.py:188} INFO - [2026-01-02T04:28:03.450+0000] {override.py:1769} INFO - Created Permission View: can read on DAG:latest_only_with_trigger
[2026-01-02T04:28:03.450+0000] {logging_mixin.py:188} INFO - [2026-01-02T04:28:03.450+0000] {dag.py:3033} INFO - Sync 1 DAGs
[2026-01-02T04:28:03.456+0000] {logging_mixin.py:188} INFO - [2026-01-02T04:28:03.456+0000] {dag.py:3055} INFO - Creating ORM DAG for latest_only_with_trigger
[2026-01-02T04:28:03.462+0000] {logging_mixin.py:188} INFO - [2026-01-02T04:28:03.461+0000] {dag.py:3820} INFO - Setting next_dagrun for latest_only_with_trigger to 2026-01-02T00:00:00+00:00, run_after=2026-01-02T04:00:00+00:00
[2026-01-02T04:28:03.472+0000] {processor.py:183} INFO - Processing /home/airflow/.local/lib/python3.8/site-packages/airflow/example_dags/example_latest_only_with_trigger.py took 0.227 seconds
[2026-01-02T04:28:33.777+0000] {processor.py:161} INFO - Started process (PID=101) to work on /home/airflow/.local/lib/python3.8/site-packages/airflow/example_dags/example_latest_only_with_trigger.py
[2026-01-02T04:28:33.778+0000] {processor.py:830} INFO - Processing file /home/airflow/.local/lib/python3.8/site-packages/airflow/example_dags/example_latest_only_with_trigger.py for tasks to queue
[2026-01-02T04:28:33.779+0000] {logging_mixin.py:188} INFO - [2026-01-02T04:28:33.779+0000] {dagbag.py:538} INFO - Filling up the DagBag from /home/airflow/.local/lib/python3.8/site-packages/airflow/example_dags/example_latest_only_with_trigger.py
[2026-01-02T04:28:33.781+0000] {processor.py:840} INFO - DAG(s) 'latest_only_with_trigger' retrieved from /home/airflow/.local/lib/python3.8/site-packages/airflow/example_dags/example_latest_only_with_trigger.py
[2026-01-02T04:28:33.793+0000] {logging_mixin.py:188} INFO - [2026-01-02T04:28:33.792+0000] {dag.py:3033} INFO - Sync 1 DAGs
[2026-01-02T04:28:33.803+0000] {logging_mixin.py:188} INFO - [2026-01-02T04:28:33.803+0000] {dag.py:3820} INFO - Setting next_dagrun for latest_only_with_trigger to 2026-01-02T00:00:00+00:00, run_after=2026-01-02T04:00:00+00:00
[2026-01-02T04:28:33.814+0000] {processor.py:183} INFO - Processing /home/airflow/.local/lib/python3.8/site-packages/airflow/example_dags/example_latest_only_with_trigger.py took 0.038 seconds
[2026-01-02T04:29:59.524+0000] {processor.py:161} INFO - Started process (PID=38) to work on /home/airflow/.local/lib/python3.8/site-packages/airflow/example_dags/example_latest_only_with_trigger.py
[2026-01-02T04:29:59.524+0000] {processor.py:830} INFO - Processing file /home/airflow/.local/lib/python3.8/site-packages/airflow/example_dags/example_latest_only_with_trigger.py for tasks to queue
[2026-01-02T04:29:59.526+0000] {logging_mixin.py:188} INFO - [2026-01-02T04:29:59.526+0000] {dagbag.py:538} INFO - Filling up the DagBag from /home/airflow/.local/lib/python3.8/site-packages/airflow/example_dags/example_latest_only_with_trigger.py
[2026-01-02T04:29:59.536+0000] {processor.py:840} INFO - DAG(s) 'latest_only_with_trigger' retrieved from /home/airflow/.local/lib/python3.8/site-packages/airflow/example_dags/example_latest_only_with_trigger.py
[2026-01-02T04:29:59.548+0000] {logging_mixin.py:188} INFO - [2026-01-02T04:29:59.548+0000] {dag.py:3033} INFO - Sync 1 DAGs
[2026-01-02T04:29:59.557+0000] {logging_mixin.py:188} INFO - [2026-01-02T04:29:59.557+0000] {dag.py:3820} INFO - Setting next_dagrun for latest_only_with_trigger to 2026-01-02T00:00:00+00:00, run_after=2026-01-02T04:00:00+00:00
[2026-01-02T04:29:59.569+0000] {processor.py:183} INFO - Processing /home/airflow/.local/lib/python3.8/site-packages/airflow/example_dags/example_latest_only_with_trigger.py took 0.046 seconds
[2026-01-02T04:30:30.051+0000] {processor.py:161} INFO - Started process (PID=99) to work on /home/airflow/.local/lib/python3.8/site-packages/airflow/example_dags/example_latest_only_with_trigger.py
[2026-01-02T04:30:30.052+0000] {processor.py:830} INFO - Processing file /home/airflow/.local/lib/python3.8/site-packages/airflow/example_dags/example_latest_only_with_trigger.py for tasks to queue
[2026-01-02T04:30:30.055+0000] {logging_mixin.py:188} INFO - [2026-01-02T04:30:30.054+0000] {dagbag.py:538} INFO - Filling up the DagBag from /home/airflow/.local/lib/python3.8/site-packages/airflow/example_dags/example_latest_only_with_trigger.py
[2026-01-02T04:30:30.058+0000] {processor.py:840} INFO - DAG(s) 'latest_only_with_trigger' retrieved from /home/airflow/.local/lib/python3.8/site-packages/airflow/example_dags/example_latest_only_with_trigger.py
[2026-01-02T04:30:30.116+0000] {logging_mixin.py:188} INFO - [2026-01-02T04:30:30.116+0000] {dag.py:3033} INFO - Sync 1 DAGs
[2026-01-02T04:30:30.127+0000] {logging_mixin.py:188} INFO - [2026-01-02T04:30:30.127+0000] {dag.py:3820} INFO - Setting next_dagrun for latest_only_with_trigger to 2026-01-02T00:00:00+00:00, run_after=2026-01-02T04:00:00+00:00
[2026-01-02T04:30:30.141+0000] {processor.py:183} INFO - Processing /home/airflow/.local/lib/python3.8/site-packages/airflow/example_dags/example_latest_only_with_trigger.py took 0.092 seconds
[2026-01-02T04:31:00.445+0000] {processor.py:161} INFO - Started process (PID=154) to work on /home/airflow/.local/lib/python3.8/site-packages/airflow/example_dags/example_latest_only_with_trigger.py
[2026-01-02T04:31:00.446+0000] {processor.py:830} INFO - Processing file /home/airflow/.local/lib/python3.8/site-packages/airflow/example_dags/example_latest_only_with_trigger.py for tasks to queue
[2026-01-02T04:31:00.447+0000] {logging_mixin.py:188} INFO - [2026-01-02T04:31:00.447+0000] {dagbag.py:538} INFO - Filling up the DagBag from /home/airflow/.local/lib/python3.8/site-packages/airflow/example_dags/example_latest_only_with_trigger.py
[2026-01-02T04:31:00.450+0000] {processor.py:840} INFO - DAG(s) 'latest_only_with_trigger' retrieved from /home/airflow/.local/lib/python3.8/site-packages/airflow/example_dags/example_latest_only_with_trigger.py
[2026-01-02T04:31:00.464+0000] {logging_mixin.py:188} INFO - [2026-01-02T04:31:00.464+0000] {dag.py:3033} INFO - Sync 1 DAGs
[2026-01-02T04:31:00.474+0000] {logging_mixin.py:188} INFO - [2026-01-02T04:31:00.474+0000] {dag.py:3820} INFO - Setting next_dagrun for latest_only_with_trigger to 2026-01-02T00:00:00+00:00, run_after=2026-01-02T04:00:00+00:00
[2026-01-02T04:31:00.486+0000] {processor.py:183} INFO - Processing /home/airflow/.local/lib/python3.8/site-packages/airflow/example_dags/example_latest_only_with_trigger.py took 0.042 seconds
[2026-01-02T04:31:31.038+0000] {processor.py:161} INFO - Started process (PID=209) to work on /home/airflow/.local/lib/python3.8/site-packages/airflow/example_dags/example_latest_only_with_trigger.py
[2026-01-02T04:31:31.038+0000] {processor.py:830} INFO - Processing file /home/airflow/.local/lib/python3.8/site-packages/airflow/example_dags/example_latest_only_with_trigger.py for tasks to queue
[2026-01-02T04:31:31.040+0000] {logging_mixin.py:188} INFO - [2026-01-02T04:31:31.039+0000] {dagbag.py:538} INFO - Filling up the DagBag from /home/airflow/.local/lib/python3.8/site-packages/airflow/example_dags/example_latest_only_with_trigger.py
[2026-01-02T04:31:31.043+0000] {processor.py:840} INFO - DAG(s) 'latest_only_with_trigger' retrieved from /home/airflow/.local/lib/python3.8/site-packages/airflow/example_dags/example_latest_only_with_trigger.py
[2026-01-02T04:31:31.054+0000] {logging_mixin.py:188} INFO - [2026-01-02T04:31:31.054+0000] {dag.py:3033} INFO - Sync 1 DAGs
[2026-01-02T04:31:31.065+0000] {logging_mixin.py:188} INFO - [2026-01-02T04:31:31.064+0000] {dag.py:3820} INFO - Setting next_dagrun for latest_only_with_trigger to 2026-01-02T00:00:00+00:00, run_after=2026-01-02T04:00:00+00:00
[2026-01-02T04:31:31.076+0000] {processor.py:183} INFO - Processing /home/airflow/.local/lib/python3.8/site-packages/airflow/example_dags/example_latest_only_with_trigger.py took 0.040 seconds
[2026-01-02T04:32:01.407+0000] {processor.py:161} INFO - Started process (PID=264) to work on /home/airflow/.local/lib/python3.8/site-packages/airflow/example_dags/example_latest_only_with_trigger.py
[2026-01-02T04:32:01.408+0000] {processor.py:830} INFO - Processing file /home/airflow/.local/lib/python3.8/site-packages/airflow/example_dags/example_latest_only_with_trigger.py for tasks to queue
[2026-01-02T04:32:01.409+0000] {logging_mixin.py:188} INFO - [2026-01-02T04:32:01.409+0000] {dagbag.py:538} INFO - Filling up the DagBag from /home/airflow/.local/lib/python3.8/site-packages/airflow/example_dags/example_latest_only_with_trigger.py
[2026-01-02T04:32:01.412+0000] {processor.py:840} INFO - DAG(s) 'latest_only_with_trigger' retrieved from /home/airflow/.local/lib/python3.8/site-packages/airflow/example_dags/example_latest_only_with_trigger.py
[2026-01-02T04:32:01.425+0000] {logging_mixin.py:188} INFO - [2026-01-02T04:32:01.425+0000] {dag.py:3033} INFO - Sync 1 DAGs
[2026-01-02T04:32:01.436+0000] {logging_mixin.py:188} INFO - [2026-01-02T04:32:01.436+0000] {dag.py:3820} INFO - Setting next_dagrun for latest_only_with_trigger to 2026-01-02T00:00:00+00:00, run_after=2026-01-02T04:00:00+00:00
[2026-01-02T04:32:01.446+0000] {processor.py:183} INFO - Processing /home/airflow/.local/lib/python3.8/site-packages/airflow/example_dags/example_latest_only_with_trigger.py took 0.041 seconds
[2026-01-02T04:32:31.788+0000] {processor.py:161} INFO - Started process (PID=319) to work on /home/airflow/.local/lib/python3.8/site-packages/airflow/example_dags/example_latest_only_with_trigger.py
[2026-01-02T04:32:31.788+0000] {processor.py:830} INFO - Processing file /home/airflow/.local/lib/python3.8/site-packages/airflow/example_dags/example_latest_only_with_trigger.py for tasks to queue
[2026-01-02T04:32:31.789+0000] {logging_mixin.py:188} INFO - [2026-01-02T04:32:31.789+0000] {dagbag.py:538} INFO - Filling up the DagBag from /home/airflow/.local/lib/python3.8/site-packages/airflow/example_dags/example_latest_only_with_trigger.py
[2026-01-02T04:32:31.792+0000] {processor.py:840} INFO - DAG(s) 'latest_only_with_trigger' retrieved from /home/airflow/.local/lib/python3.8/site-packages/airflow/example_dags/example_latest_only_with_trigger.py
[2026-01-02T04:32:31.806+0000] {logging_mixin.py:188} INFO - [2026-01-02T04:32:31.806+0000] {dag.py:3033} INFO - Sync 1 DAGs
[2026-01-02T04:32:31.816+0000] {logging_mixin.py:188} INFO - [2026-01-02T04:32:31.816+0000] {dag.py:3820} INFO - Setting next_dagrun for latest_only_with_trigger to 2026-01-02T00:00:00+00:00, run_after=2026-01-02T04:00:00+00:00
[2026-01-02T04:32:31.828+0000] {processor.py:183} INFO - Processing /home/airflow/.local/lib/python3.8/site-packages/airflow/example_dags/example_latest_only_with_trigger.py took 0.041 seconds
[2026-01-02T04:33:02.099+0000] {processor.py:161} INFO - Started process (PID=374) to work on /home/airflow/.local/lib/python3.8/site-packages/airflow/example_dags/example_latest_only_with_trigger.py
[2026-01-02T04:33:02.100+0000] {processor.py:830} INFO - Processing file /home/airflow/.local/lib/python3.8/site-packages/airflow/example_dags/example_latest_only_with_trigger.py for tasks to queue
[2026-01-02T04:33:02.101+0000] {logging_mixin.py:188} INFO - [2026-01-02T04:33:02.101+0000] {dagbag.py:538} INFO - Filling up the DagBag from /home/airflow/.local/lib/python3.8/site-packages/airflow/example_dags/example_latest_only_with_trigger.py
[2026-01-02T04:33:02.104+0000] {processor.py:840} INFO - DAG(s) 'latest_only_with_trigger' retrieved from /home/airflow/.local/lib/python3.8/site-packages/airflow/example_dags/example_latest_only_with_trigger.py
[2026-01-02T04:33:02.117+0000] {logging_mixin.py:188} INFO - [2026-01-02T04:33:02.116+0000] {dag.py:3033} INFO - Sync 1 DAGs
[2026-01-02T04:33:02.128+0000] {logging_mixin.py:188} INFO - [2026-01-02T04:33:02.128+0000] {dag.py:3820} INFO - Setting next_dagrun for latest_only_with_trigger to 2026-01-02T00:00:00+00:00, run_after=2026-01-02T04:00:00+00:00
[2026-01-02T04:33:02.141+0000] {processor.py:183} INFO - Processing /home/airflow/.local/lib/python3.8/site-packages/airflow/example_dags/example_latest_only_with_trigger.py took 0.043 seconds
[2026-01-02T04:33:32.410+0000] {processor.py:161} INFO - Started process (PID=429) to work on /home/airflow/.local/lib/python3.8/site-packages/airflow/example_dags/example_latest_only_with_trigger.py
[2026-01-02T04:33:32.411+0000] {processor.py:830} INFO - Processing file /home/airflow/.local/lib/python3.8/site-packages/airflow/example_dags/example_latest_only_with_trigger.py for tasks to queue
[2026-01-02T04:33:32.412+0000] {logging_mixin.py:188} INFO - [2026-01-02T04:33:32.412+0000] {dagbag.py:538} INFO - Filling up the DagBag from /home/airflow/.local/lib/python3.8/site-packages/airflow/example_dags/example_latest_only_with_trigger.py
[2026-01-02T04:33:32.415+0000] {processor.py:840} INFO - DAG(s) 'latest_only_with_trigger' retrieved from /home/airflow/.local/lib/python3.8/site-packages/airflow/example_dags/example_latest_only_with_trigger.py
[2026-01-02T04:33:32.428+0000] {logging_mixin.py:188} INFO - [2026-01-02T04:33:32.428+0000] {dag.py:3033} INFO - Sync 1 DAGs
[2026-01-02T04:33:32.438+0000] {logging_mixin.py:188} INFO - [2026-01-02T04:33:32.438+0000] {dag.py:3820} INFO - Setting next_dagrun for latest_only_with_trigger to 2026-01-02T00:00:00+00:00, run_after=2026-01-02T04:00:00+00:00
[2026-01-02T04:33:32.450+0000] {processor.py:183} INFO - Processing /home/airflow/.local/lib/python3.8/site-packages/airflow/example_dags/example_latest_only_with_trigger.py took 0.041 seconds
[2026-01-02T04:34:02.664+0000] {processor.py:161} INFO - Started process (PID=484) to work on /home/airflow/.local/lib/python3.8/site-packages/airflow/example_dags/example_latest_only_with_trigger.py
[2026-01-02T04:34:02.664+0000] {processor.py:830} INFO - Processing file /home/airflow/.local/lib/python3.8/site-packages/airflow/example_dags/example_latest_only_with_trigger.py for tasks to queue
[2026-01-02T04:34:02.666+0000] {logging_mixin.py:188} INFO - [2026-01-02T04:34:02.666+0000] {dagbag.py:538} INFO - Filling up the DagBag from /home/airflow/.local/lib/python3.8/site-packages/airflow/example_dags/example_latest_only_with_trigger.py
[2026-01-02T04:34:02.669+0000] {processor.py:840} INFO - DAG(s) 'latest_only_with_trigger' retrieved from /home/airflow/.local/lib/python3.8/site-packages/airflow/example_dags/example_latest_only_with_trigger.py
[2026-01-02T04:34:02.684+0000] {logging_mixin.py:188} INFO - [2026-01-02T04:34:02.684+0000] {dag.py:3033} INFO - Sync 1 DAGs
[2026-01-02T04:34:02.695+0000] {logging_mixin.py:188} INFO - [2026-01-02T04:34:02.695+0000] {dag.py:3820} INFO - Setting next_dagrun for latest_only_with_trigger to 2026-01-02T00:00:00+00:00, run_after=2026-01-02T04:00:00+00:00
[2026-01-02T04:34:02.706+0000] {processor.py:183} INFO - Processing /home/airflow/.local/lib/python3.8/site-packages/airflow/example_dags/example_latest_only_with_trigger.py took 0.044 seconds
[2026-01-02T04:34:32.942+0000] {processor.py:161} INFO - Started process (PID=539) to work on /home/airflow/.local/lib/python3.8/site-packages/airflow/example_dags/example_latest_only_with_trigger.py
[2026-01-02T04:34:32.943+0000] {processor.py:830} INFO - Processing file /home/airflow/.local/lib/python3.8/site-packages/airflow/example_dags/example_latest_only_with_trigger.py for tasks to queue
[2026-01-02T04:34:32.944+0000] {logging_mixin.py:188} INFO - [2026-01-02T04:34:32.944+0000] {dagbag.py:538} INFO - Filling up the DagBag from /home/airflow/.local/lib/python3.8/site-packages/airflow/example_dags/example_latest_only_with_trigger.py
[2026-01-02T04:34:32.947+0000] {processor.py:840} INFO - DAG(s) 'latest_only_with_trigger' retrieved from /home/airflow/.local/lib/python3.8/site-packages/airflow/example_dags/example_latest_only_with_trigger.py
[2026-01-02T04:34:32.959+0000] {logging_mixin.py:188} INFO - [2026-01-02T04:34:32.959+0000] {dag.py:3033} INFO - Sync 1 DAGs
[2026-01-02T04:34:32.968+0000] {logging_mixin.py:188} INFO - [2026-01-02T04:34:32.968+0000] {dag.py:3820} INFO - Setting next_dagrun for latest_only_with_trigger to 2026-01-02T00:00:00+00:00, run_after=2026-01-02T04:00:00+00:00
[2026-01-02T04:34:32.980+0000] {processor.py:183} INFO - Processing /home/airflow/.local/lib/python3.8/site-packages/airflow/example_dags/example_latest_only_with_trigger.py took 0.039 seconds
[2026-01-02T04:35:03.342+0000] {processor.py:161} INFO - Started process (PID=594) to work on /home/airflow/.local/lib/python3.8/site-packages/airflow/example_dags/example_latest_only_with_trigger.py
[2026-01-02T04:35:03.342+0000] {processor.py:830} INFO - Processing file /home/airflow/.local/lib/python3.8/site-packages/airflow/example_dags/example_latest_only_with_trigger.py for tasks to queue
[2026-01-02T04:35:03.343+0000] {logging_mixin.py:188} INFO - [2026-01-02T04:35:03.343+0000] {dagbag.py:538} INFO - Filling up the DagBag from /home/airflow/.local/lib/python3.8/site-packages/airflow/example_dags/example_latest_only_with_trigger.py
[2026-01-02T04:35:03.346+0000] {processor.py:840} INFO - DAG(s) 'latest_only_with_trigger' retrieved from /home/airflow/.local/lib/python3.8/site-packages/airflow/example_dags/example_latest_only_with_trigger.py
[2026-01-02T04:35:03.359+0000] {logging_mixin.py:188} INFO - [2026-01-02T04:35:03.359+0000] {dag.py:3033} INFO - Sync 1 DAGs
[2026-01-02T04:35:03.369+0000] {logging_mixin.py:188} INFO - [2026-01-02T04:35:03.369+0000] {dag.py:3820} INFO - Setting next_dagrun for latest_only_with_trigger to 2026-01-02T00:00:00+00:00, run_after=2026-01-02T04:00:00+00:00
[2026-01-02T04:35:03.378+0000] {processor.py:183} INFO - Processing /home/airflow/.local/lib/python3.8/site-packages/airflow/example_dags/example_latest_only_with_trigger.py took 0.038 seconds
[2026-01-02T04:35:33.660+0000] {processor.py:161} INFO - Started process (PID=649) to work on /home/airflow/.local/lib/python3.8/site-packages/airflow/example_dags/example_latest_only_with_trigger.py
[2026-01-02T04:35:33.661+0000] {processor.py:830} INFO - Processing file /home/airflow/.local/lib/python3.8/site-packages/airflow/example_dags/example_latest_only_with_trigger.py for tasks to queue
[2026-01-02T04:35:33.662+0000] {logging_mixin.py:188} INFO - [2026-01-02T04:35:33.662+0000] {dagbag.py:538} INFO - Filling up the DagBag from /home/airflow/.local/lib/python3.8/site-packages/airflow/example_dags/example_latest_only_with_trigger.py
[2026-01-02T04:35:33.664+0000] {processor.py:840} INFO - DAG(s) 'latest_only_with_trigger' retrieved from /home/airflow/.local/lib/python3.8/site-packages/airflow/example_dags/example_latest_only_with_trigger.py
[2026-01-02T04:35:33.676+0000] {logging_mixin.py:188} INFO - [2026-01-02T04:35:33.676+0000] {dag.py:3033} INFO - Sync 1 DAGs
[2026-01-02T04:35:33.688+0000] {logging_mixin.py:188} INFO - [2026-01-02T04:35:33.687+0000] {dag.py:3820} INFO - Setting next_dagrun for latest_only_with_trigger to 2026-01-02T00:00:00+00:00, run_after=2026-01-02T04:00:00+00:00
[2026-01-02T04:35:33.698+0000] {processor.py:183} INFO - Processing /home/airflow/.local/lib/python3.8/site-packages/airflow/example_dags/example_latest_only_with_trigger.py took 0.039 seconds
[2026-01-02T04:36:03.912+0000] {processor.py:161} INFO - Started process (PID=704) to work on /home/airflow/.local/lib/python3.8/site-packages/airflow/example_dags/example_latest_only_with_trigger.py
[2026-01-02T04:36:03.913+0000] {processor.py:830} INFO - Processing file /home/airflow/.local/lib/python3.8/site-packages/airflow/example_dags/example_latest_only_with_trigger.py for tasks to queue
[2026-01-02T04:36:03.914+0000] {logging_mixin.py:188} INFO - [2026-01-02T04:36:03.914+0000] {dagbag.py:538} INFO - Filling up the DagBag from /home/airflow/.local/lib/python3.8/site-packages/airflow/example_dags/example_latest_only_with_trigger.py
[2026-01-02T04:36:03.916+0000] {processor.py:840} INFO - DAG(s) 'latest_only_with_trigger' retrieved from /home/airflow/.local/lib/python3.8/site-packages/airflow/example_dags/example_latest_only_with_trigger.py
[2026-01-02T04:36:03.931+0000] {logging_mixin.py:188} INFO - [2026-01-02T04:36:03.931+0000] {dag.py:3033} INFO - Sync 1 DAGs
[2026-01-02T04:36:03.942+0000] {logging_mixin.py:188} INFO - [2026-01-02T04:36:03.941+0000] {dag.py:3820} INFO - Setting next_dagrun for latest_only_with_trigger to 2026-01-02T00:00:00+00:00, run_after=2026-01-02T04:00:00+00:00
[2026-01-02T04:36:03.952+0000] {processor.py:183} INFO - Processing /home/airflow/.local/lib/python3.8/site-packages/airflow/example_dags/example_latest_only_with_trigger.py took 0.041 seconds
[2026-01-02T04:38:44.483+0000] {processor.py:161} INFO - Started process (PID=46) to work on /home/airflow/.local/lib/python3.8/site-packages/airflow/example_dags/example_latest_only_with_trigger.py
[2026-01-02T04:38:44.484+0000] {processor.py:830} INFO - Processing file /home/airflow/.local/lib/python3.8/site-packages/airflow/example_dags/example_latest_only_with_trigger.py for tasks to queue
[2026-01-02T04:38:44.485+0000] {logging_mixin.py:188} INFO - [2026-01-02T04:38:44.485+0000] {dagbag.py:538} INFO - Filling up the DagBag from /home/airflow/.local/lib/python3.8/site-packages/airflow/example_dags/example_latest_only_with_trigger.py
[2026-01-02T04:38:44.497+0000] {processor.py:840} INFO - DAG(s) 'latest_only_with_trigger' retrieved from /home/airflow/.local/lib/python3.8/site-packages/airflow/example_dags/example_latest_only_with_trigger.py
[2026-01-02T04:38:44.510+0000] {logging_mixin.py:188} INFO - [2026-01-02T04:38:44.510+0000] {dag.py:3033} INFO - Sync 1 DAGs
[2026-01-02T04:38:44.522+0000] {logging_mixin.py:188} INFO - [2026-01-02T04:38:44.522+0000] {dag.py:3820} INFO - Setting next_dagrun for latest_only_with_trigger to 2026-01-02T00:00:00+00:00, run_after=2026-01-02T04:00:00+00:00
[2026-01-02T04:38:44.533+0000] {processor.py:183} INFO - Processing /home/airflow/.local/lib/python3.8/site-packages/airflow/example_dags/example_latest_only_with_trigger.py took 0.051 seconds
[2026-01-02T04:39:14.701+0000] {processor.py:161} INFO - Started process (PID=101) to work on /home/airflow/.local/lib/python3.8/site-packages/airflow/example_dags/example_latest_only_with_trigger.py
[2026-01-02T04:39:14.701+0000] {processor.py:830} INFO - Processing file /home/airflow/.local/lib/python3.8/site-packages/airflow/example_dags/example_latest_only_with_trigger.py for tasks to queue
[2026-01-02T04:39:14.702+0000] {logging_mixin.py:188} INFO - [2026-01-02T04:39:14.702+0000] {dagbag.py:538} INFO - Filling up the DagBag from /home/airflow/.local/lib/python3.8/site-packages/airflow/example_dags/example_latest_only_with_trigger.py
[2026-01-02T04:39:14.704+0000] {processor.py:840} INFO - DAG(s) 'latest_only_with_trigger' retrieved from /home/airflow/.local/lib/python3.8/site-packages/airflow/example_dags/example_latest_only_with_trigger.py
[2026-01-02T04:39:14.832+0000] {logging_mixin.py:188} INFO - [2026-01-02T04:39:14.832+0000] {dag.py:3033} INFO - Sync 1 DAGs
[2026-01-02T04:39:14.841+0000] {logging_mixin.py:188} INFO - [2026-01-02T04:39:14.841+0000] {dag.py:3820} INFO - Setting next_dagrun for latest_only_with_trigger to 2026-01-02T00:00:00+00:00, run_after=2026-01-02T04:00:00+00:00
[2026-01-02T04:39:14.851+0000] {processor.py:183} INFO - Processing /home/airflow/.local/lib/python3.8/site-packages/airflow/example_dags/example_latest_only_with_trigger.py took 0.151 seconds
[2026-01-02T04:39:44.935+0000] {processor.py:161} INFO - Started process (PID=156) to work on /home/airflow/.local/lib/python3.8/site-packages/airflow/example_dags/example_latest_only_with_trigger.py
[2026-01-02T04:39:44.936+0000] {processor.py:830} INFO - Processing file /home/airflow/.local/lib/python3.8/site-packages/airflow/example_dags/example_latest_only_with_trigger.py for tasks to queue
[2026-01-02T04:39:44.936+0000] {logging_mixin.py:188} INFO - [2026-01-02T04:39:44.936+0000] {dagbag.py:538} INFO - Filling up the DagBag from /home/airflow/.local/lib/python3.8/site-packages/airflow/example_dags/example_latest_only_with_trigger.py
[2026-01-02T04:39:44.939+0000] {processor.py:840} INFO - DAG(s) 'latest_only_with_trigger' retrieved from /home/airflow/.local/lib/python3.8/site-packages/airflow/example_dags/example_latest_only_with_trigger.py
[2026-01-02T04:39:44.947+0000] {logging_mixin.py:188} INFO - [2026-01-02T04:39:44.947+0000] {dag.py:3033} INFO - Sync 1 DAGs
[2026-01-02T04:39:44.956+0000] {logging_mixin.py:188} INFO - [2026-01-02T04:39:44.956+0000] {dag.py:3820} INFO - Setting next_dagrun for latest_only_with_trigger to 2026-01-02T00:00:00+00:00, run_after=2026-01-02T04:00:00+00:00
[2026-01-02T04:39:44.965+0000] {processor.py:183} INFO - Processing /home/airflow/.local/lib/python3.8/site-packages/airflow/example_dags/example_latest_only_with_trigger.py took 0.031 seconds
[2026-01-02T04:40:15.093+0000] {processor.py:161} INFO - Started process (PID=211) to work on /home/airflow/.local/lib/python3.8/site-packages/airflow/example_dags/example_latest_only_with_trigger.py
[2026-01-02T04:40:15.095+0000] {processor.py:830} INFO - Processing file /home/airflow/.local/lib/python3.8/site-packages/airflow/example_dags/example_latest_only_with_trigger.py for tasks to queue
[2026-01-02T04:40:15.095+0000] {logging_mixin.py:188} INFO - [2026-01-02T04:40:15.095+0000] {dagbag.py:538} INFO - Filling up the DagBag from /home/airflow/.local/lib/python3.8/site-packages/airflow/example_dags/example_latest_only_with_trigger.py
[2026-01-02T04:40:15.098+0000] {processor.py:840} INFO - DAG(s) 'latest_only_with_trigger' retrieved from /home/airflow/.local/lib/python3.8/site-packages/airflow/example_dags/example_latest_only_with_trigger.py
[2026-01-02T04:40:15.107+0000] {logging_mixin.py:188} INFO - [2026-01-02T04:40:15.107+0000] {dag.py:3033} INFO - Sync 1 DAGs
[2026-01-02T04:40:15.115+0000] {logging_mixin.py:188} INFO - [2026-01-02T04:40:15.115+0000] {dag.py:3820} INFO - Setting next_dagrun for latest_only_with_trigger to 2026-01-02T00:00:00+00:00, run_after=2026-01-02T04:00:00+00:00
[2026-01-02T04:40:15.124+0000] {processor.py:183} INFO - Processing /home/airflow/.local/lib/python3.8/site-packages/airflow/example_dags/example_latest_only_with_trigger.py took 0.033 seconds
[2026-01-02T04:40:45.300+0000] {processor.py:161} INFO - Started process (PID=266) to work on /home/airflow/.local/lib/python3.8/site-packages/airflow/example_dags/example_latest_only_with_trigger.py
[2026-01-02T04:40:45.300+0000] {processor.py:830} INFO - Processing file /home/airflow/.local/lib/python3.8/site-packages/airflow/example_dags/example_latest_only_with_trigger.py for tasks to queue
[2026-01-02T04:40:45.301+0000] {logging_mixin.py:188} INFO - [2026-01-02T04:40:45.301+0000] {dagbag.py:538} INFO - Filling up the DagBag from /home/airflow/.local/lib/python3.8/site-packages/airflow/example_dags/example_latest_only_with_trigger.py
[2026-01-02T04:40:45.303+0000] {processor.py:840} INFO - DAG(s) 'latest_only_with_trigger' retrieved from /home/airflow/.local/lib/python3.8/site-packages/airflow/example_dags/example_latest_only_with_trigger.py
[2026-01-02T04:40:45.312+0000] {logging_mixin.py:188} INFO - [2026-01-02T04:40:45.312+0000] {dag.py:3033} INFO - Sync 1 DAGs
[2026-01-02T04:40:45.321+0000] {logging_mixin.py:188} INFO - [2026-01-02T04:40:45.321+0000] {dag.py:3820} INFO - Setting next_dagrun for latest_only_with_trigger to 2026-01-02T00:00:00+00:00, run_after=2026-01-02T04:00:00+00:00
[2026-01-02T04:40:45.330+0000] {processor.py:183} INFO - Processing /home/airflow/.local/lib/python3.8/site-packages/airflow/example_dags/example_latest_only_with_trigger.py took 0.032 seconds
[2026-01-02T04:41:15.446+0000] {processor.py:161} INFO - Started process (PID=321) to work on /home/airflow/.local/lib/python3.8/site-packages/airflow/example_dags/example_latest_only_with_trigger.py
[2026-01-02T04:41:15.446+0000] {processor.py:830} INFO - Processing file /home/airflow/.local/lib/python3.8/site-packages/airflow/example_dags/example_latest_only_with_trigger.py for tasks to queue
[2026-01-02T04:41:15.447+0000] {logging_mixin.py:188} INFO - [2026-01-02T04:41:15.447+0000] {dagbag.py:538} INFO - Filling up the DagBag from /home/airflow/.local/lib/python3.8/site-packages/airflow/example_dags/example_latest_only_with_trigger.py
[2026-01-02T04:41:15.449+0000] {processor.py:840} INFO - DAG(s) 'latest_only_with_trigger' retrieved from /home/airflow/.local/lib/python3.8/site-packages/airflow/example_dags/example_latest_only_with_trigger.py
[2026-01-02T04:41:15.461+0000] {logging_mixin.py:188} INFO - [2026-01-02T04:41:15.461+0000] {dag.py:3033} INFO - Sync 1 DAGs
[2026-01-02T04:41:15.472+0000] {logging_mixin.py:188} INFO - [2026-01-02T04:41:15.472+0000] {dag.py:3820} INFO - Setting next_dagrun for latest_only_with_trigger to 2026-01-02T00:00:00+00:00, run_after=2026-01-02T04:00:00+00:00
[2026-01-02T04:41:15.482+0000] {processor.py:183} INFO - Processing /home/airflow/.local/lib/python3.8/site-packages/airflow/example_dags/example_latest_only_with_trigger.py took 0.038 seconds
[2026-01-02T04:41:45.700+0000] {processor.py:161} INFO - Started process (PID=376) to work on /home/airflow/.local/lib/python3.8/site-packages/airflow/example_dags/example_latest_only_with_trigger.py
[2026-01-02T04:41:45.700+0000] {processor.py:830} INFO - Processing file /home/airflow/.local/lib/python3.8/site-packages/airflow/example_dags/example_latest_only_with_trigger.py for tasks to queue
[2026-01-02T04:41:45.701+0000] {logging_mixin.py:188} INFO - [2026-01-02T04:41:45.701+0000] {dagbag.py:538} INFO - Filling up the DagBag from /home/airflow/.local/lib/python3.8/site-packages/airflow/example_dags/example_latest_only_with_trigger.py
[2026-01-02T04:41:45.703+0000] {processor.py:840} INFO - DAG(s) 'latest_only_with_trigger' retrieved from /home/airflow/.local/lib/python3.8/site-packages/airflow/example_dags/example_latest_only_with_trigger.py
[2026-01-02T04:41:45.712+0000] {logging_mixin.py:188} INFO - [2026-01-02T04:41:45.712+0000] {dag.py:3033} INFO - Sync 1 DAGs
[2026-01-02T04:41:45.721+0000] {logging_mixin.py:188} INFO - [2026-01-02T04:41:45.721+0000] {dag.py:3820} INFO - Setting next_dagrun for latest_only_with_trigger to 2026-01-02T00:00:00+00:00, run_after=2026-01-02T04:00:00+00:00
[2026-01-02T04:41:45.731+0000] {processor.py:183} INFO - Processing /home/airflow/.local/lib/python3.8/site-packages/airflow/example_dags/example_latest_only_with_trigger.py took 0.032 seconds
[2026-01-02T04:42:15.842+0000] {processor.py:161} INFO - Started process (PID=431) to work on /home/airflow/.local/lib/python3.8/site-packages/airflow/example_dags/example_latest_only_with_trigger.py
[2026-01-02T04:42:15.842+0000] {processor.py:830} INFO - Processing file /home/airflow/.local/lib/python3.8/site-packages/airflow/example_dags/example_latest_only_with_trigger.py for tasks to queue
[2026-01-02T04:42:15.843+0000] {logging_mixin.py:188} INFO - [2026-01-02T04:42:15.843+0000] {dagbag.py:538} INFO - Filling up the DagBag from /home/airflow/.local/lib/python3.8/site-packages/airflow/example_dags/example_latest_only_with_trigger.py
[2026-01-02T04:42:15.845+0000] {processor.py:840} INFO - DAG(s) 'latest_only_with_trigger' retrieved from /home/airflow/.local/lib/python3.8/site-packages/airflow/example_dags/example_latest_only_with_trigger.py
[2026-01-02T04:42:15.854+0000] {logging_mixin.py:188} INFO - [2026-01-02T04:42:15.854+0000] {dag.py:3033} INFO - Sync 1 DAGs
[2026-01-02T04:42:15.862+0000] {logging_mixin.py:188} INFO - [2026-01-02T04:42:15.862+0000] {dag.py:3820} INFO - Setting next_dagrun for latest_only_with_trigger to 2026-01-02T00:00:00+00:00, run_after=2026-01-02T04:00:00+00:00
[2026-01-02T04:42:15.872+0000] {processor.py:183} INFO - Processing /home/airflow/.local/lib/python3.8/site-packages/airflow/example_dags/example_latest_only_with_trigger.py took 0.031 seconds
[2026-01-02T04:42:46.063+0000] {processor.py:161} INFO - Started process (PID=486) to work on /home/airflow/.local/lib/python3.8/site-packages/airflow/example_dags/example_latest_only_with_trigger.py
[2026-01-02T04:42:46.063+0000] {processor.py:830} INFO - Processing file /home/airflow/.local/lib/python3.8/site-packages/airflow/example_dags/example_latest_only_with_trigger.py for tasks to queue
[2026-01-02T04:42:46.065+0000] {logging_mixin.py:188} INFO - [2026-01-02T04:42:46.064+0000] {dagbag.py:538} INFO - Filling up the DagBag from /home/airflow/.local/lib/python3.8/site-packages/airflow/example_dags/example_latest_only_with_trigger.py
[2026-01-02T04:42:46.068+0000] {processor.py:840} INFO - DAG(s) 'latest_only_with_trigger' retrieved from /home/airflow/.local/lib/python3.8/site-packages/airflow/example_dags/example_latest_only_with_trigger.py
[2026-01-02T04:42:46.077+0000] {logging_mixin.py:188} INFO - [2026-01-02T04:42:46.077+0000] {dag.py:3033} INFO - Sync 1 DAGs
[2026-01-02T04:42:46.087+0000] {logging_mixin.py:188} INFO - [2026-01-02T04:42:46.087+0000] {dag.py:3820} INFO - Setting next_dagrun for latest_only_with_trigger to 2026-01-02T00:00:00+00:00, run_after=2026-01-02T04:00:00+00:00
[2026-01-02T04:42:46.097+0000] {processor.py:183} INFO - Processing /home/airflow/.local/lib/python3.8/site-packages/airflow/example_dags/example_latest_only_with_trigger.py took 0.035 seconds
[2026-01-02T04:43:16.240+0000] {processor.py:161} INFO - Started process (PID=547) to work on /home/airflow/.local/lib/python3.8/site-packages/airflow/example_dags/example_latest_only_with_trigger.py
[2026-01-02T04:43:16.241+0000] {processor.py:830} INFO - Processing file /home/airflow/.local/lib/python3.8/site-packages/airflow/example_dags/example_latest_only_with_trigger.py for tasks to queue
[2026-01-02T04:43:16.242+0000] {logging_mixin.py:188} INFO - [2026-01-02T04:43:16.242+0000] {dagbag.py:538} INFO - Filling up the DagBag from /home/airflow/.local/lib/python3.8/site-packages/airflow/example_dags/example_latest_only_with_trigger.py
[2026-01-02T04:43:16.244+0000] {processor.py:840} INFO - DAG(s) 'latest_only_with_trigger' retrieved from /home/airflow/.local/lib/python3.8/site-packages/airflow/example_dags/example_latest_only_with_trigger.py
[2026-01-02T04:43:16.253+0000] {logging_mixin.py:188} INFO - [2026-01-02T04:43:16.253+0000] {dag.py:3033} INFO - Sync 1 DAGs
[2026-01-02T04:43:16.261+0000] {logging_mixin.py:188} INFO - [2026-01-02T04:43:16.261+0000] {dag.py:3820} INFO - Setting next_dagrun for latest_only_with_trigger to 2026-01-02T00:00:00+00:00, run_after=2026-01-02T04:00:00+00:00
[2026-01-02T04:43:16.270+0000] {processor.py:183} INFO - Processing /home/airflow/.local/lib/python3.8/site-packages/airflow/example_dags/example_latest_only_with_trigger.py took 0.031 seconds
[2026-01-02T04:43:46.503+0000] {processor.py:161} INFO - Started process (PID=602) to work on /home/airflow/.local/lib/python3.8/site-packages/airflow/example_dags/example_latest_only_with_trigger.py
[2026-01-02T04:43:46.503+0000] {processor.py:830} INFO - Processing file /home/airflow/.local/lib/python3.8/site-packages/airflow/example_dags/example_latest_only_with_trigger.py for tasks to queue
[2026-01-02T04:43:46.504+0000] {logging_mixin.py:188} INFO - [2026-01-02T04:43:46.504+0000] {dagbag.py:538} INFO - Filling up the DagBag from /home/airflow/.local/lib/python3.8/site-packages/airflow/example_dags/example_latest_only_with_trigger.py
[2026-01-02T04:43:46.508+0000] {processor.py:840} INFO - DAG(s) 'latest_only_with_trigger' retrieved from /home/airflow/.local/lib/python3.8/site-packages/airflow/example_dags/example_latest_only_with_trigger.py
[2026-01-02T04:43:46.521+0000] {logging_mixin.py:188} INFO - [2026-01-02T04:43:46.521+0000] {dag.py:3033} INFO - Sync 1 DAGs
[2026-01-02T04:43:46.530+0000] {logging_mixin.py:188} INFO - [2026-01-02T04:43:46.530+0000] {dag.py:3820} INFO - Setting next_dagrun for latest_only_with_trigger to 2026-01-02T00:00:00+00:00, run_after=2026-01-02T04:00:00+00:00
[2026-01-02T04:43:46.541+0000] {processor.py:183} INFO - Processing /home/airflow/.local/lib/python3.8/site-packages/airflow/example_dags/example_latest_only_with_trigger.py took 0.040 seconds
[2026-01-02T04:44:16.749+0000] {processor.py:161} INFO - Started process (PID=664) to work on /home/airflow/.local/lib/python3.8/site-packages/airflow/example_dags/example_latest_only_with_trigger.py
[2026-01-02T04:44:16.750+0000] {processor.py:830} INFO - Processing file /home/airflow/.local/lib/python3.8/site-packages/airflow/example_dags/example_latest_only_with_trigger.py for tasks to queue
[2026-01-02T04:44:16.751+0000] {logging_mixin.py:188} INFO - [2026-01-02T04:44:16.751+0000] {dagbag.py:538} INFO - Filling up the DagBag from /home/airflow/.local/lib/python3.8/site-packages/airflow/example_dags/example_latest_only_with_trigger.py
[2026-01-02T04:44:16.753+0000] {processor.py:840} INFO - DAG(s) 'latest_only_with_trigger' retrieved from /home/airflow/.local/lib/python3.8/site-packages/airflow/example_dags/example_latest_only_with_trigger.py
[2026-01-02T04:44:16.765+0000] {logging_mixin.py:188} INFO - [2026-01-02T04:44:16.765+0000] {dag.py:3033} INFO - Sync 1 DAGs
[2026-01-02T04:44:16.774+0000] {logging_mixin.py:188} INFO - [2026-01-02T04:44:16.774+0000] {dag.py:3820} INFO - Setting next_dagrun for latest_only_with_trigger to 2026-01-02T00:00:00+00:00, run_after=2026-01-02T04:00:00+00:00
[2026-01-02T04:44:16.784+0000] {processor.py:183} INFO - Processing /home/airflow/.local/lib/python3.8/site-packages/airflow/example_dags/example_latest_only_with_trigger.py took 0.037 seconds
[2026-01-02T04:44:46.978+0000] {processor.py:161} INFO - Started process (PID=726) to work on /home/airflow/.local/lib/python3.8/site-packages/airflow/example_dags/example_latest_only_with_trigger.py
[2026-01-02T04:44:46.981+0000] {processor.py:830} INFO - Processing file /home/airflow/.local/lib/python3.8/site-packages/airflow/example_dags/example_latest_only_with_trigger.py for tasks to queue
[2026-01-02T04:44:46.982+0000] {logging_mixin.py:188} INFO - [2026-01-02T04:44:46.982+0000] {dagbag.py:538} INFO - Filling up the DagBag from /home/airflow/.local/lib/python3.8/site-packages/airflow/example_dags/example_latest_only_with_trigger.py
[2026-01-02T04:44:46.985+0000] {processor.py:840} INFO - DAG(s) 'latest_only_with_trigger' retrieved from /home/airflow/.local/lib/python3.8/site-packages/airflow/example_dags/example_latest_only_with_trigger.py
[2026-01-02T04:44:46.997+0000] {logging_mixin.py:188} INFO - [2026-01-02T04:44:46.996+0000] {dag.py:3033} INFO - Sync 1 DAGs
[2026-01-02T04:44:47.008+0000] {logging_mixin.py:188} INFO - [2026-01-02T04:44:47.008+0000] {dag.py:3820} INFO - Setting next_dagrun for latest_only_with_trigger to 2026-01-02T00:00:00+00:00, run_after=2026-01-02T04:00:00+00:00
[2026-01-02T04:44:47.021+0000] {processor.py:183} INFO - Processing /home/airflow/.local/lib/python3.8/site-packages/airflow/example_dags/example_latest_only_with_trigger.py took 0.044 seconds
[2026-01-02T04:45:17.270+0000] {processor.py:161} INFO - Started process (PID=781) to work on /home/airflow/.local/lib/python3.8/site-packages/airflow/example_dags/example_latest_only_with_trigger.py
[2026-01-02T04:45:17.271+0000] {processor.py:830} INFO - Processing file /home/airflow/.local/lib/python3.8/site-packages/airflow/example_dags/example_latest_only_with_trigger.py for tasks to queue
[2026-01-02T04:45:17.272+0000] {logging_mixin.py:188} INFO - [2026-01-02T04:45:17.272+0000] {dagbag.py:538} INFO - Filling up the DagBag from /home/airflow/.local/lib/python3.8/site-packages/airflow/example_dags/example_latest_only_with_trigger.py
[2026-01-02T04:45:17.275+0000] {processor.py:840} INFO - DAG(s) 'latest_only_with_trigger' retrieved from /home/airflow/.local/lib/python3.8/site-packages/airflow/example_dags/example_latest_only_with_trigger.py
[2026-01-02T04:45:17.288+0000] {logging_mixin.py:188} INFO - [2026-01-02T04:45:17.288+0000] {dag.py:3033} INFO - Sync 1 DAGs
[2026-01-02T04:45:17.299+0000] {logging_mixin.py:188} INFO - [2026-01-02T04:45:17.299+0000] {dag.py:3820} INFO - Setting next_dagrun for latest_only_with_trigger to 2026-01-02T00:00:00+00:00, run_after=2026-01-02T04:00:00+00:00
[2026-01-02T04:45:17.309+0000] {processor.py:183} INFO - Processing /home/airflow/.local/lib/python3.8/site-packages/airflow/example_dags/example_latest_only_with_trigger.py took 0.041 seconds
[2026-01-02T04:45:47.648+0000] {processor.py:161} INFO - Started process (PID=836) to work on /home/airflow/.local/lib/python3.8/site-packages/airflow/example_dags/example_latest_only_with_trigger.py
[2026-01-02T04:45:47.649+0000] {processor.py:830} INFO - Processing file /home/airflow/.local/lib/python3.8/site-packages/airflow/example_dags/example_latest_only_with_trigger.py for tasks to queue
[2026-01-02T04:45:47.650+0000] {logging_mixin.py:188} INFO - [2026-01-02T04:45:47.650+0000] {dagbag.py:538} INFO - Filling up the DagBag from /home/airflow/.local/lib/python3.8/site-packages/airflow/example_dags/example_latest_only_with_trigger.py
[2026-01-02T04:45:47.653+0000] {processor.py:840} INFO - DAG(s) 'latest_only_with_trigger' retrieved from /home/airflow/.local/lib/python3.8/site-packages/airflow/example_dags/example_latest_only_with_trigger.py
[2026-01-02T04:45:47.663+0000] {logging_mixin.py:188} INFO - [2026-01-02T04:45:47.663+0000] {dag.py:3033} INFO - Sync 1 DAGs
[2026-01-02T04:45:47.672+0000] {logging_mixin.py:188} INFO - [2026-01-02T04:45:47.672+0000] {dag.py:3820} INFO - Setting next_dagrun for latest_only_with_trigger to 2026-01-02T00:00:00+00:00, run_after=2026-01-02T04:00:00+00:00
[2026-01-02T04:45:47.683+0000] {processor.py:183} INFO - Processing /home/airflow/.local/lib/python3.8/site-packages/airflow/example_dags/example_latest_only_with_trigger.py took 0.036 seconds
[2026-01-02T04:46:17.925+0000] {processor.py:161} INFO - Started process (PID=891) to work on /home/airflow/.local/lib/python3.8/site-packages/airflow/example_dags/example_latest_only_with_trigger.py
[2026-01-02T04:46:17.925+0000] {processor.py:830} INFO - Processing file /home/airflow/.local/lib/python3.8/site-packages/airflow/example_dags/example_latest_only_with_trigger.py for tasks to queue
[2026-01-02T04:46:17.927+0000] {logging_mixin.py:188} INFO - [2026-01-02T04:46:17.926+0000] {dagbag.py:538} INFO - Filling up the DagBag from /home/airflow/.local/lib/python3.8/site-packages/airflow/example_dags/example_latest_only_with_trigger.py
[2026-01-02T04:46:17.930+0000] {processor.py:840} INFO - DAG(s) 'latest_only_with_trigger' retrieved from /home/airflow/.local/lib/python3.8/site-packages/airflow/example_dags/example_latest_only_with_trigger.py
[2026-01-02T04:46:17.942+0000] {logging_mixin.py:188} INFO - [2026-01-02T04:46:17.941+0000] {dag.py:3033} INFO - Sync 1 DAGs
[2026-01-02T04:46:17.952+0000] {logging_mixin.py:188} INFO - [2026-01-02T04:46:17.952+0000] {dag.py:3820} INFO - Setting next_dagrun for latest_only_with_trigger to 2026-01-02T00:00:00+00:00, run_after=2026-01-02T04:00:00+00:00
[2026-01-02T04:46:17.963+0000] {processor.py:183} INFO - Processing /home/airflow/.local/lib/python3.8/site-packages/airflow/example_dags/example_latest_only_with_trigger.py took 0.040 seconds
[2026-01-02T04:46:48.190+0000] {processor.py:161} INFO - Started process (PID=946) to work on /home/airflow/.local/lib/python3.8/site-packages/airflow/example_dags/example_latest_only_with_trigger.py
[2026-01-02T04:46:48.191+0000] {processor.py:830} INFO - Processing file /home/airflow/.local/lib/python3.8/site-packages/airflow/example_dags/example_latest_only_with_trigger.py for tasks to queue
[2026-01-02T04:46:48.192+0000] {logging_mixin.py:188} INFO - [2026-01-02T04:46:48.192+0000] {dagbag.py:538} INFO - Filling up the DagBag from /home/airflow/.local/lib/python3.8/site-packages/airflow/example_dags/example_latest_only_with_trigger.py
[2026-01-02T04:46:48.195+0000] {processor.py:840} INFO - DAG(s) 'latest_only_with_trigger' retrieved from /home/airflow/.local/lib/python3.8/site-packages/airflow/example_dags/example_latest_only_with_trigger.py
[2026-01-02T04:46:48.208+0000] {logging_mixin.py:188} INFO - [2026-01-02T04:46:48.208+0000] {dag.py:3033} INFO - Sync 1 DAGs
[2026-01-02T04:46:48.218+0000] {logging_mixin.py:188} INFO - [2026-01-02T04:46:48.218+0000] {dag.py:3820} INFO - Setting next_dagrun for latest_only_with_trigger to 2026-01-02T00:00:00+00:00, run_after=2026-01-02T04:00:00+00:00
[2026-01-02T04:46:48.228+0000] {processor.py:183} INFO - Processing /home/airflow/.local/lib/python3.8/site-packages/airflow/example_dags/example_latest_only_with_trigger.py took 0.039 seconds
[2026-01-02T04:47:18.534+0000] {processor.py:161} INFO - Started process (PID=1001) to work on /home/airflow/.local/lib/python3.8/site-packages/airflow/example_dags/example_latest_only_with_trigger.py
[2026-01-02T04:47:18.535+0000] {processor.py:830} INFO - Processing file /home/airflow/.local/lib/python3.8/site-packages/airflow/example_dags/example_latest_only_with_trigger.py for tasks to queue
[2026-01-02T04:47:18.536+0000] {logging_mixin.py:188} INFO - [2026-01-02T04:47:18.536+0000] {dagbag.py:538} INFO - Filling up the DagBag from /home/airflow/.local/lib/python3.8/site-packages/airflow/example_dags/example_latest_only_with_trigger.py
[2026-01-02T04:47:18.538+0000] {processor.py:840} INFO - DAG(s) 'latest_only_with_trigger' retrieved from /home/airflow/.local/lib/python3.8/site-packages/airflow/example_dags/example_latest_only_with_trigger.py
[2026-01-02T04:47:18.549+0000] {logging_mixin.py:188} INFO - [2026-01-02T04:47:18.549+0000] {dag.py:3033} INFO - Sync 1 DAGs
[2026-01-02T04:47:18.558+0000] {logging_mixin.py:188} INFO - [2026-01-02T04:47:18.558+0000] {dag.py:3820} INFO - Setting next_dagrun for latest_only_with_trigger to 2026-01-02T00:00:00+00:00, run_after=2026-01-02T04:00:00+00:00
[2026-01-02T04:47:18.567+0000] {processor.py:183} INFO - Processing /home/airflow/.local/lib/python3.8/site-packages/airflow/example_dags/example_latest_only_with_trigger.py took 0.034 seconds
