[2026-01-02T04:28:03.482+0000] {processor.py:161} INFO - Started process (PID=47) to work on /home/airflow/.local/lib/python3.8/site-packages/airflow/example_dags/example_trigger_controller_dag.py
[2026-01-02T04:28:03.482+0000] {processor.py:830} INFO - Processing file /home/airflow/.local/lib/python3.8/site-packages/airflow/example_dags/example_trigger_controller_dag.py for tasks to queue
[2026-01-02T04:28:03.484+0000] {logging_mixin.py:188} INFO - [2026-01-02T04:28:03.483+0000] {dagbag.py:538} INFO - Filling up the DagBag from /home/airflow/.local/lib/python3.8/site-packages/airflow/example_dags/example_trigger_controller_dag.py
[2026-01-02T04:28:03.487+0000] {processor.py:840} INFO - DAG(s) 'example_trigger_controller_dag' retrieved from /home/airflow/.local/lib/python3.8/site-packages/airflow/example_dags/example_trigger_controller_dag.py
[2026-01-02T04:28:03.537+0000] {logging_mixin.py:188} INFO - [2026-01-02T04:28:03.537+0000] {override.py:1769} INFO - Created Permission View: can edit on DAG:example_trigger_controller_dag
[2026-01-02T04:28:03.543+0000] {logging_mixin.py:188} INFO - [2026-01-02T04:28:03.543+0000] {override.py:1769} INFO - Created Permission View: can delete on DAG:example_trigger_controller_dag
[2026-01-02T04:28:03.547+0000] {logging_mixin.py:188} INFO - [2026-01-02T04:28:03.547+0000] {override.py:1769} INFO - Created Permission View: can read on DAG:example_trigger_controller_dag
[2026-01-02T04:28:03.548+0000] {logging_mixin.py:188} INFO - [2026-01-02T04:28:03.548+0000] {dag.py:3033} INFO - Sync 1 DAGs
[2026-01-02T04:28:03.554+0000] {logging_mixin.py:188} INFO - [2026-01-02T04:28:03.554+0000] {dag.py:3055} INFO - Creating ORM DAG for example_trigger_controller_dag
[2026-01-02T04:28:03.560+0000] {logging_mixin.py:188} INFO - [2026-01-02T04:28:03.559+0000] {dag.py:3820} INFO - Setting next_dagrun for example_trigger_controller_dag to 2021-01-01T00:00:00+00:00, run_after=2021-01-01T00:00:00+00:00
[2026-01-02T04:28:03.569+0000] {processor.py:183} INFO - Processing /home/airflow/.local/lib/python3.8/site-packages/airflow/example_dags/example_trigger_controller_dag.py took 0.088 seconds
[2026-01-02T04:28:33.818+0000] {processor.py:161} INFO - Started process (PID=102) to work on /home/airflow/.local/lib/python3.8/site-packages/airflow/example_dags/example_trigger_controller_dag.py
[2026-01-02T04:28:33.819+0000] {processor.py:830} INFO - Processing file /home/airflow/.local/lib/python3.8/site-packages/airflow/example_dags/example_trigger_controller_dag.py for tasks to queue
[2026-01-02T04:28:33.820+0000] {logging_mixin.py:188} INFO - [2026-01-02T04:28:33.819+0000] {dagbag.py:538} INFO - Filling up the DagBag from /home/airflow/.local/lib/python3.8/site-packages/airflow/example_dags/example_trigger_controller_dag.py
[2026-01-02T04:28:33.822+0000] {processor.py:840} INFO - DAG(s) 'example_trigger_controller_dag' retrieved from /home/airflow/.local/lib/python3.8/site-packages/airflow/example_dags/example_trigger_controller_dag.py
[2026-01-02T04:28:33.832+0000] {logging_mixin.py:188} INFO - [2026-01-02T04:28:33.832+0000] {dag.py:3033} INFO - Sync 1 DAGs
[2026-01-02T04:28:33.842+0000] {logging_mixin.py:188} INFO - [2026-01-02T04:28:33.842+0000] {dag.py:3820} INFO - Setting next_dagrun for example_trigger_controller_dag to 2021-01-01T00:00:00+00:00, run_after=2021-01-01T00:00:00+00:00
[2026-01-02T04:28:33.855+0000] {processor.py:183} INFO - Processing /home/airflow/.local/lib/python3.8/site-packages/airflow/example_dags/example_trigger_controller_dag.py took 0.038 seconds
[2026-01-02T04:29:59.574+0000] {processor.py:161} INFO - Started process (PID=39) to work on /home/airflow/.local/lib/python3.8/site-packages/airflow/example_dags/example_trigger_controller_dag.py
[2026-01-02T04:29:59.574+0000] {processor.py:830} INFO - Processing file /home/airflow/.local/lib/python3.8/site-packages/airflow/example_dags/example_trigger_controller_dag.py for tasks to queue
[2026-01-02T04:29:59.575+0000] {logging_mixin.py:188} INFO - [2026-01-02T04:29:59.575+0000] {dagbag.py:538} INFO - Filling up the DagBag from /home/airflow/.local/lib/python3.8/site-packages/airflow/example_dags/example_trigger_controller_dag.py
[2026-01-02T04:29:59.578+0000] {processor.py:840} INFO - DAG(s) 'example_trigger_controller_dag' retrieved from /home/airflow/.local/lib/python3.8/site-packages/airflow/example_dags/example_trigger_controller_dag.py
[2026-01-02T04:29:59.584+0000] {logging_mixin.py:188} INFO - [2026-01-02T04:29:59.584+0000] {dag.py:3033} INFO - Sync 1 DAGs
[2026-01-02T04:29:59.592+0000] {logging_mixin.py:188} INFO - [2026-01-02T04:29:59.592+0000] {dag.py:3820} INFO - Setting next_dagrun for example_trigger_controller_dag to 2021-01-01T00:00:00+00:00, run_after=2021-01-01T00:00:00+00:00
[2026-01-02T04:29:59.602+0000] {processor.py:183} INFO - Processing /home/airflow/.local/lib/python3.8/site-packages/airflow/example_dags/example_trigger_controller_dag.py took 0.029 seconds
[2026-01-02T04:30:30.150+0000] {processor.py:161} INFO - Started process (PID=100) to work on /home/airflow/.local/lib/python3.8/site-packages/airflow/example_dags/example_trigger_controller_dag.py
[2026-01-02T04:30:30.150+0000] {processor.py:830} INFO - Processing file /home/airflow/.local/lib/python3.8/site-packages/airflow/example_dags/example_trigger_controller_dag.py for tasks to queue
[2026-01-02T04:30:30.152+0000] {logging_mixin.py:188} INFO - [2026-01-02T04:30:30.152+0000] {dagbag.py:538} INFO - Filling up the DagBag from /home/airflow/.local/lib/python3.8/site-packages/airflow/example_dags/example_trigger_controller_dag.py
[2026-01-02T04:30:30.154+0000] {processor.py:840} INFO - DAG(s) 'example_trigger_controller_dag' retrieved from /home/airflow/.local/lib/python3.8/site-packages/airflow/example_dags/example_trigger_controller_dag.py
[2026-01-02T04:30:30.202+0000] {logging_mixin.py:188} INFO - [2026-01-02T04:30:30.202+0000] {dag.py:3033} INFO - Sync 1 DAGs
[2026-01-02T04:30:30.213+0000] {logging_mixin.py:188} INFO - [2026-01-02T04:30:30.212+0000] {dag.py:3820} INFO - Setting next_dagrun for example_trigger_controller_dag to 2021-01-01T00:00:00+00:00, run_after=2021-01-01T00:00:00+00:00
[2026-01-02T04:30:30.224+0000] {processor.py:183} INFO - Processing /home/airflow/.local/lib/python3.8/site-packages/airflow/example_dags/example_trigger_controller_dag.py took 0.076 seconds
[2026-01-02T04:31:00.491+0000] {processor.py:161} INFO - Started process (PID=155) to work on /home/airflow/.local/lib/python3.8/site-packages/airflow/example_dags/example_trigger_controller_dag.py
[2026-01-02T04:31:00.492+0000] {processor.py:830} INFO - Processing file /home/airflow/.local/lib/python3.8/site-packages/airflow/example_dags/example_trigger_controller_dag.py for tasks to queue
[2026-01-02T04:31:00.493+0000] {logging_mixin.py:188} INFO - [2026-01-02T04:31:00.493+0000] {dagbag.py:538} INFO - Filling up the DagBag from /home/airflow/.local/lib/python3.8/site-packages/airflow/example_dags/example_trigger_controller_dag.py
[2026-01-02T04:31:00.495+0000] {processor.py:840} INFO - DAG(s) 'example_trigger_controller_dag' retrieved from /home/airflow/.local/lib/python3.8/site-packages/airflow/example_dags/example_trigger_controller_dag.py
[2026-01-02T04:31:00.504+0000] {logging_mixin.py:188} INFO - [2026-01-02T04:31:00.504+0000] {dag.py:3033} INFO - Sync 1 DAGs
[2026-01-02T04:31:00.513+0000] {logging_mixin.py:188} INFO - [2026-01-02T04:31:00.513+0000] {dag.py:3820} INFO - Setting next_dagrun for example_trigger_controller_dag to 2021-01-01T00:00:00+00:00, run_after=2021-01-01T00:00:00+00:00
[2026-01-02T04:31:00.523+0000] {processor.py:183} INFO - Processing /home/airflow/.local/lib/python3.8/site-packages/airflow/example_dags/example_trigger_controller_dag.py took 0.033 seconds
[2026-01-02T04:31:31.081+0000] {processor.py:161} INFO - Started process (PID=210) to work on /home/airflow/.local/lib/python3.8/site-packages/airflow/example_dags/example_trigger_controller_dag.py
[2026-01-02T04:31:31.082+0000] {processor.py:830} INFO - Processing file /home/airflow/.local/lib/python3.8/site-packages/airflow/example_dags/example_trigger_controller_dag.py for tasks to queue
[2026-01-02T04:31:31.083+0000] {logging_mixin.py:188} INFO - [2026-01-02T04:31:31.083+0000] {dagbag.py:538} INFO - Filling up the DagBag from /home/airflow/.local/lib/python3.8/site-packages/airflow/example_dags/example_trigger_controller_dag.py
[2026-01-02T04:31:31.085+0000] {processor.py:840} INFO - DAG(s) 'example_trigger_controller_dag' retrieved from /home/airflow/.local/lib/python3.8/site-packages/airflow/example_dags/example_trigger_controller_dag.py
[2026-01-02T04:31:31.095+0000] {logging_mixin.py:188} INFO - [2026-01-02T04:31:31.095+0000] {dag.py:3033} INFO - Sync 1 DAGs
[2026-01-02T04:31:31.107+0000] {logging_mixin.py:188} INFO - [2026-01-02T04:31:31.106+0000] {dag.py:3820} INFO - Setting next_dagrun for example_trigger_controller_dag to 2021-01-01T00:00:00+00:00, run_after=2021-01-01T00:00:00+00:00
[2026-01-02T04:31:31.120+0000] {processor.py:183} INFO - Processing /home/airflow/.local/lib/python3.8/site-packages/airflow/example_dags/example_trigger_controller_dag.py took 0.040 seconds
[2026-01-02T04:32:01.452+0000] {processor.py:161} INFO - Started process (PID=265) to work on /home/airflow/.local/lib/python3.8/site-packages/airflow/example_dags/example_trigger_controller_dag.py
[2026-01-02T04:32:01.453+0000] {processor.py:830} INFO - Processing file /home/airflow/.local/lib/python3.8/site-packages/airflow/example_dags/example_trigger_controller_dag.py for tasks to queue
[2026-01-02T04:32:01.455+0000] {logging_mixin.py:188} INFO - [2026-01-02T04:32:01.455+0000] {dagbag.py:538} INFO - Filling up the DagBag from /home/airflow/.local/lib/python3.8/site-packages/airflow/example_dags/example_trigger_controller_dag.py
[2026-01-02T04:32:01.457+0000] {processor.py:840} INFO - DAG(s) 'example_trigger_controller_dag' retrieved from /home/airflow/.local/lib/python3.8/site-packages/airflow/example_dags/example_trigger_controller_dag.py
[2026-01-02T04:32:01.466+0000] {logging_mixin.py:188} INFO - [2026-01-02T04:32:01.466+0000] {dag.py:3033} INFO - Sync 1 DAGs
[2026-01-02T04:32:01.476+0000] {logging_mixin.py:188} INFO - [2026-01-02T04:32:01.476+0000] {dag.py:3820} INFO - Setting next_dagrun for example_trigger_controller_dag to 2021-01-01T00:00:00+00:00, run_after=2021-01-01T00:00:00+00:00
[2026-01-02T04:32:01.485+0000] {processor.py:183} INFO - Processing /home/airflow/.local/lib/python3.8/site-packages/airflow/example_dags/example_trigger_controller_dag.py took 0.035 seconds
[2026-01-02T04:32:31.831+0000] {processor.py:161} INFO - Started process (PID=320) to work on /home/airflow/.local/lib/python3.8/site-packages/airflow/example_dags/example_trigger_controller_dag.py
[2026-01-02T04:32:31.832+0000] {processor.py:830} INFO - Processing file /home/airflow/.local/lib/python3.8/site-packages/airflow/example_dags/example_trigger_controller_dag.py for tasks to queue
[2026-01-02T04:32:31.833+0000] {logging_mixin.py:188} INFO - [2026-01-02T04:32:31.833+0000] {dagbag.py:538} INFO - Filling up the DagBag from /home/airflow/.local/lib/python3.8/site-packages/airflow/example_dags/example_trigger_controller_dag.py
[2026-01-02T04:32:31.835+0000] {processor.py:840} INFO - DAG(s) 'example_trigger_controller_dag' retrieved from /home/airflow/.local/lib/python3.8/site-packages/airflow/example_dags/example_trigger_controller_dag.py
[2026-01-02T04:32:31.846+0000] {logging_mixin.py:188} INFO - [2026-01-02T04:32:31.846+0000] {dag.py:3033} INFO - Sync 1 DAGs
[2026-01-02T04:32:31.856+0000] {logging_mixin.py:188} INFO - [2026-01-02T04:32:31.856+0000] {dag.py:3820} INFO - Setting next_dagrun for example_trigger_controller_dag to 2021-01-01T00:00:00+00:00, run_after=2021-01-01T00:00:00+00:00
[2026-01-02T04:32:31.867+0000] {processor.py:183} INFO - Processing /home/airflow/.local/lib/python3.8/site-packages/airflow/example_dags/example_trigger_controller_dag.py took 0.037 seconds
[2026-01-02T04:33:02.145+0000] {processor.py:161} INFO - Started process (PID=375) to work on /home/airflow/.local/lib/python3.8/site-packages/airflow/example_dags/example_trigger_controller_dag.py
[2026-01-02T04:33:02.145+0000] {processor.py:830} INFO - Processing file /home/airflow/.local/lib/python3.8/site-packages/airflow/example_dags/example_trigger_controller_dag.py for tasks to queue
[2026-01-02T04:33:02.146+0000] {logging_mixin.py:188} INFO - [2026-01-02T04:33:02.146+0000] {dagbag.py:538} INFO - Filling up the DagBag from /home/airflow/.local/lib/python3.8/site-packages/airflow/example_dags/example_trigger_controller_dag.py
[2026-01-02T04:33:02.148+0000] {processor.py:840} INFO - DAG(s) 'example_trigger_controller_dag' retrieved from /home/airflow/.local/lib/python3.8/site-packages/airflow/example_dags/example_trigger_controller_dag.py
[2026-01-02T04:33:02.158+0000] {logging_mixin.py:188} INFO - [2026-01-02T04:33:02.158+0000] {dag.py:3033} INFO - Sync 1 DAGs
[2026-01-02T04:33:02.170+0000] {logging_mixin.py:188} INFO - [2026-01-02T04:33:02.170+0000] {dag.py:3820} INFO - Setting next_dagrun for example_trigger_controller_dag to 2021-01-01T00:00:00+00:00, run_after=2021-01-01T00:00:00+00:00
[2026-01-02T04:33:02.183+0000] {processor.py:183} INFO - Processing /home/airflow/.local/lib/python3.8/site-packages/airflow/example_dags/example_trigger_controller_dag.py took 0.039 seconds
[2026-01-02T04:33:32.449+0000] {processor.py:161} INFO - Started process (PID=430) to work on /home/airflow/.local/lib/python3.8/site-packages/airflow/example_dags/example_trigger_controller_dag.py
[2026-01-02T04:33:32.450+0000] {processor.py:830} INFO - Processing file /home/airflow/.local/lib/python3.8/site-packages/airflow/example_dags/example_trigger_controller_dag.py for tasks to queue
[2026-01-02T04:33:32.451+0000] {logging_mixin.py:188} INFO - [2026-01-02T04:33:32.451+0000] {dagbag.py:538} INFO - Filling up the DagBag from /home/airflow/.local/lib/python3.8/site-packages/airflow/example_dags/example_trigger_controller_dag.py
[2026-01-02T04:33:32.454+0000] {processor.py:840} INFO - DAG(s) 'example_trigger_controller_dag' retrieved from /home/airflow/.local/lib/python3.8/site-packages/airflow/example_dags/example_trigger_controller_dag.py
[2026-01-02T04:33:32.463+0000] {logging_mixin.py:188} INFO - [2026-01-02T04:33:32.463+0000] {dag.py:3033} INFO - Sync 1 DAGs
[2026-01-02T04:33:32.473+0000] {logging_mixin.py:188} INFO - [2026-01-02T04:33:32.473+0000] {dag.py:3820} INFO - Setting next_dagrun for example_trigger_controller_dag to 2021-01-01T00:00:00+00:00, run_after=2021-01-01T00:00:00+00:00
[2026-01-02T04:33:32.484+0000] {processor.py:183} INFO - Processing /home/airflow/.local/lib/python3.8/site-packages/airflow/example_dags/example_trigger_controller_dag.py took 0.035 seconds
[2026-01-02T04:34:02.711+0000] {processor.py:161} INFO - Started process (PID=485) to work on /home/airflow/.local/lib/python3.8/site-packages/airflow/example_dags/example_trigger_controller_dag.py
[2026-01-02T04:34:02.711+0000] {processor.py:830} INFO - Processing file /home/airflow/.local/lib/python3.8/site-packages/airflow/example_dags/example_trigger_controller_dag.py for tasks to queue
[2026-01-02T04:34:02.712+0000] {logging_mixin.py:188} INFO - [2026-01-02T04:34:02.712+0000] {dagbag.py:538} INFO - Filling up the DagBag from /home/airflow/.local/lib/python3.8/site-packages/airflow/example_dags/example_trigger_controller_dag.py
[2026-01-02T04:34:02.714+0000] {processor.py:840} INFO - DAG(s) 'example_trigger_controller_dag' retrieved from /home/airflow/.local/lib/python3.8/site-packages/airflow/example_dags/example_trigger_controller_dag.py
[2026-01-02T04:34:02.729+0000] {logging_mixin.py:188} INFO - [2026-01-02T04:34:02.729+0000] {dag.py:3033} INFO - Sync 1 DAGs
[2026-01-02T04:34:02.738+0000] {logging_mixin.py:188} INFO - [2026-01-02T04:34:02.738+0000] {dag.py:3820} INFO - Setting next_dagrun for example_trigger_controller_dag to 2021-01-01T00:00:00+00:00, run_after=2021-01-01T00:00:00+00:00
[2026-01-02T04:34:02.750+0000] {processor.py:183} INFO - Processing /home/airflow/.local/lib/python3.8/site-packages/airflow/example_dags/example_trigger_controller_dag.py took 0.041 seconds
[2026-01-02T04:34:32.986+0000] {processor.py:161} INFO - Started process (PID=540) to work on /home/airflow/.local/lib/python3.8/site-packages/airflow/example_dags/example_trigger_controller_dag.py
[2026-01-02T04:34:32.986+0000] {processor.py:830} INFO - Processing file /home/airflow/.local/lib/python3.8/site-packages/airflow/example_dags/example_trigger_controller_dag.py for tasks to queue
[2026-01-02T04:34:32.987+0000] {logging_mixin.py:188} INFO - [2026-01-02T04:34:32.987+0000] {dagbag.py:538} INFO - Filling up the DagBag from /home/airflow/.local/lib/python3.8/site-packages/airflow/example_dags/example_trigger_controller_dag.py
[2026-01-02T04:34:32.989+0000] {processor.py:840} INFO - DAG(s) 'example_trigger_controller_dag' retrieved from /home/airflow/.local/lib/python3.8/site-packages/airflow/example_dags/example_trigger_controller_dag.py
[2026-01-02T04:34:32.998+0000] {logging_mixin.py:188} INFO - [2026-01-02T04:34:32.998+0000] {dag.py:3033} INFO - Sync 1 DAGs
[2026-01-02T04:34:33.007+0000] {logging_mixin.py:188} INFO - [2026-01-02T04:34:33.007+0000] {dag.py:3820} INFO - Setting next_dagrun for example_trigger_controller_dag to 2021-01-01T00:00:00+00:00, run_after=2021-01-01T00:00:00+00:00
[2026-01-02T04:34:33.026+0000] {processor.py:183} INFO - Processing /home/airflow/.local/lib/python3.8/site-packages/airflow/example_dags/example_trigger_controller_dag.py took 0.041 seconds
[2026-01-02T04:35:03.380+0000] {processor.py:161} INFO - Started process (PID=595) to work on /home/airflow/.local/lib/python3.8/site-packages/airflow/example_dags/example_trigger_controller_dag.py
[2026-01-02T04:35:03.381+0000] {processor.py:830} INFO - Processing file /home/airflow/.local/lib/python3.8/site-packages/airflow/example_dags/example_trigger_controller_dag.py for tasks to queue
[2026-01-02T04:35:03.382+0000] {logging_mixin.py:188} INFO - [2026-01-02T04:35:03.382+0000] {dagbag.py:538} INFO - Filling up the DagBag from /home/airflow/.local/lib/python3.8/site-packages/airflow/example_dags/example_trigger_controller_dag.py
[2026-01-02T04:35:03.384+0000] {processor.py:840} INFO - DAG(s) 'example_trigger_controller_dag' retrieved from /home/airflow/.local/lib/python3.8/site-packages/airflow/example_dags/example_trigger_controller_dag.py
[2026-01-02T04:35:03.393+0000] {logging_mixin.py:188} INFO - [2026-01-02T04:35:03.393+0000] {dag.py:3033} INFO - Sync 1 DAGs
[2026-01-02T04:35:03.402+0000] {logging_mixin.py:188} INFO - [2026-01-02T04:35:03.402+0000] {dag.py:3820} INFO - Setting next_dagrun for example_trigger_controller_dag to 2021-01-01T00:00:00+00:00, run_after=2021-01-01T00:00:00+00:00
[2026-01-02T04:35:03.415+0000] {processor.py:183} INFO - Processing /home/airflow/.local/lib/python3.8/site-packages/airflow/example_dags/example_trigger_controller_dag.py took 0.036 seconds
[2026-01-02T04:35:33.700+0000] {processor.py:161} INFO - Started process (PID=650) to work on /home/airflow/.local/lib/python3.8/site-packages/airflow/example_dags/example_trigger_controller_dag.py
[2026-01-02T04:35:33.701+0000] {processor.py:830} INFO - Processing file /home/airflow/.local/lib/python3.8/site-packages/airflow/example_dags/example_trigger_controller_dag.py for tasks to queue
[2026-01-02T04:35:33.702+0000] {logging_mixin.py:188} INFO - [2026-01-02T04:35:33.702+0000] {dagbag.py:538} INFO - Filling up the DagBag from /home/airflow/.local/lib/python3.8/site-packages/airflow/example_dags/example_trigger_controller_dag.py
[2026-01-02T04:35:33.704+0000] {processor.py:840} INFO - DAG(s) 'example_trigger_controller_dag' retrieved from /home/airflow/.local/lib/python3.8/site-packages/airflow/example_dags/example_trigger_controller_dag.py
[2026-01-02T04:35:33.713+0000] {logging_mixin.py:188} INFO - [2026-01-02T04:35:33.713+0000] {dag.py:3033} INFO - Sync 1 DAGs
[2026-01-02T04:35:33.724+0000] {logging_mixin.py:188} INFO - [2026-01-02T04:35:33.724+0000] {dag.py:3820} INFO - Setting next_dagrun for example_trigger_controller_dag to 2021-01-01T00:00:00+00:00, run_after=2021-01-01T00:00:00+00:00
[2026-01-02T04:35:33.739+0000] {processor.py:183} INFO - Processing /home/airflow/.local/lib/python3.8/site-packages/airflow/example_dags/example_trigger_controller_dag.py took 0.040 seconds
[2026-01-02T04:36:03.951+0000] {processor.py:161} INFO - Started process (PID=705) to work on /home/airflow/.local/lib/python3.8/site-packages/airflow/example_dags/example_trigger_controller_dag.py
[2026-01-02T04:36:03.952+0000] {processor.py:830} INFO - Processing file /home/airflow/.local/lib/python3.8/site-packages/airflow/example_dags/example_trigger_controller_dag.py for tasks to queue
[2026-01-02T04:36:03.954+0000] {logging_mixin.py:188} INFO - [2026-01-02T04:36:03.954+0000] {dagbag.py:538} INFO - Filling up the DagBag from /home/airflow/.local/lib/python3.8/site-packages/airflow/example_dags/example_trigger_controller_dag.py
[2026-01-02T04:36:03.956+0000] {processor.py:840} INFO - DAG(s) 'example_trigger_controller_dag' retrieved from /home/airflow/.local/lib/python3.8/site-packages/airflow/example_dags/example_trigger_controller_dag.py
[2026-01-02T04:36:03.966+0000] {logging_mixin.py:188} INFO - [2026-01-02T04:36:03.966+0000] {dag.py:3033} INFO - Sync 1 DAGs
[2026-01-02T04:36:03.977+0000] {logging_mixin.py:188} INFO - [2026-01-02T04:36:03.977+0000] {dag.py:3820} INFO - Setting next_dagrun for example_trigger_controller_dag to 2021-01-01T00:00:00+00:00, run_after=2021-01-01T00:00:00+00:00
[2026-01-02T04:36:03.987+0000] {processor.py:183} INFO - Processing /home/airflow/.local/lib/python3.8/site-packages/airflow/example_dags/example_trigger_controller_dag.py took 0.037 seconds
[2026-01-02T04:38:44.552+0000] {processor.py:161} INFO - Started process (PID=47) to work on /home/airflow/.local/lib/python3.8/site-packages/airflow/example_dags/example_trigger_controller_dag.py
[2026-01-02T04:38:44.552+0000] {processor.py:830} INFO - Processing file /home/airflow/.local/lib/python3.8/site-packages/airflow/example_dags/example_trigger_controller_dag.py for tasks to queue
[2026-01-02T04:38:44.553+0000] {logging_mixin.py:188} INFO - [2026-01-02T04:38:44.553+0000] {dagbag.py:538} INFO - Filling up the DagBag from /home/airflow/.local/lib/python3.8/site-packages/airflow/example_dags/example_trigger_controller_dag.py
[2026-01-02T04:38:44.556+0000] {processor.py:840} INFO - DAG(s) 'example_trigger_controller_dag' retrieved from /home/airflow/.local/lib/python3.8/site-packages/airflow/example_dags/example_trigger_controller_dag.py
[2026-01-02T04:38:44.563+0000] {logging_mixin.py:188} INFO - [2026-01-02T04:38:44.563+0000] {dag.py:3033} INFO - Sync 1 DAGs
[2026-01-02T04:38:44.577+0000] {logging_mixin.py:188} INFO - [2026-01-02T04:38:44.576+0000] {dag.py:3820} INFO - Setting next_dagrun for example_trigger_controller_dag to 2021-01-01T00:00:00+00:00, run_after=2021-01-01T00:00:00+00:00
[2026-01-02T04:38:44.588+0000] {processor.py:183} INFO - Processing /home/airflow/.local/lib/python3.8/site-packages/airflow/example_dags/example_trigger_controller_dag.py took 0.037 seconds
[2026-01-02T04:39:14.856+0000] {processor.py:161} INFO - Started process (PID=102) to work on /home/airflow/.local/lib/python3.8/site-packages/airflow/example_dags/example_trigger_controller_dag.py
[2026-01-02T04:39:14.857+0000] {processor.py:830} INFO - Processing file /home/airflow/.local/lib/python3.8/site-packages/airflow/example_dags/example_trigger_controller_dag.py for tasks to queue
[2026-01-02T04:39:14.858+0000] {logging_mixin.py:188} INFO - [2026-01-02T04:39:14.858+0000] {dagbag.py:538} INFO - Filling up the DagBag from /home/airflow/.local/lib/python3.8/site-packages/airflow/example_dags/example_trigger_controller_dag.py
[2026-01-02T04:39:14.860+0000] {processor.py:840} INFO - DAG(s) 'example_trigger_controller_dag' retrieved from /home/airflow/.local/lib/python3.8/site-packages/airflow/example_dags/example_trigger_controller_dag.py
[2026-01-02T04:39:14.901+0000] {logging_mixin.py:188} INFO - [2026-01-02T04:39:14.901+0000] {dag.py:3033} INFO - Sync 1 DAGs
[2026-01-02T04:39:14.909+0000] {logging_mixin.py:188} INFO - [2026-01-02T04:39:14.909+0000] {dag.py:3820} INFO - Setting next_dagrun for example_trigger_controller_dag to 2021-01-01T00:00:00+00:00, run_after=2021-01-01T00:00:00+00:00
[2026-01-02T04:39:14.918+0000] {processor.py:183} INFO - Processing /home/airflow/.local/lib/python3.8/site-packages/airflow/example_dags/example_trigger_controller_dag.py took 0.063 seconds
[2026-01-02T04:39:44.970+0000] {processor.py:161} INFO - Started process (PID=157) to work on /home/airflow/.local/lib/python3.8/site-packages/airflow/example_dags/example_trigger_controller_dag.py
[2026-01-02T04:39:44.971+0000] {processor.py:830} INFO - Processing file /home/airflow/.local/lib/python3.8/site-packages/airflow/example_dags/example_trigger_controller_dag.py for tasks to queue
[2026-01-02T04:39:44.972+0000] {logging_mixin.py:188} INFO - [2026-01-02T04:39:44.972+0000] {dagbag.py:538} INFO - Filling up the DagBag from /home/airflow/.local/lib/python3.8/site-packages/airflow/example_dags/example_trigger_controller_dag.py
[2026-01-02T04:39:44.974+0000] {processor.py:840} INFO - DAG(s) 'example_trigger_controller_dag' retrieved from /home/airflow/.local/lib/python3.8/site-packages/airflow/example_dags/example_trigger_controller_dag.py
[2026-01-02T04:39:44.982+0000] {logging_mixin.py:188} INFO - [2026-01-02T04:39:44.982+0000] {dag.py:3033} INFO - Sync 1 DAGs
[2026-01-02T04:39:44.991+0000] {logging_mixin.py:188} INFO - [2026-01-02T04:39:44.991+0000] {dag.py:3820} INFO - Setting next_dagrun for example_trigger_controller_dag to 2021-01-01T00:00:00+00:00, run_after=2021-01-01T00:00:00+00:00
[2026-01-02T04:39:45.000+0000] {processor.py:183} INFO - Processing /home/airflow/.local/lib/python3.8/site-packages/airflow/example_dags/example_trigger_controller_dag.py took 0.031 seconds
[2026-01-02T04:40:15.127+0000] {processor.py:161} INFO - Started process (PID=212) to work on /home/airflow/.local/lib/python3.8/site-packages/airflow/example_dags/example_trigger_controller_dag.py
[2026-01-02T04:40:15.128+0000] {processor.py:830} INFO - Processing file /home/airflow/.local/lib/python3.8/site-packages/airflow/example_dags/example_trigger_controller_dag.py for tasks to queue
[2026-01-02T04:40:15.129+0000] {logging_mixin.py:188} INFO - [2026-01-02T04:40:15.129+0000] {dagbag.py:538} INFO - Filling up the DagBag from /home/airflow/.local/lib/python3.8/site-packages/airflow/example_dags/example_trigger_controller_dag.py
[2026-01-02T04:40:15.131+0000] {processor.py:840} INFO - DAG(s) 'example_trigger_controller_dag' retrieved from /home/airflow/.local/lib/python3.8/site-packages/airflow/example_dags/example_trigger_controller_dag.py
[2026-01-02T04:40:15.140+0000] {logging_mixin.py:188} INFO - [2026-01-02T04:40:15.140+0000] {dag.py:3033} INFO - Sync 1 DAGs
[2026-01-02T04:40:15.149+0000] {logging_mixin.py:188} INFO - [2026-01-02T04:40:15.149+0000] {dag.py:3820} INFO - Setting next_dagrun for example_trigger_controller_dag to 2021-01-01T00:00:00+00:00, run_after=2021-01-01T00:00:00+00:00
[2026-01-02T04:40:15.158+0000] {processor.py:183} INFO - Processing /home/airflow/.local/lib/python3.8/site-packages/airflow/example_dags/example_trigger_controller_dag.py took 0.032 seconds
[2026-01-02T04:40:45.335+0000] {processor.py:161} INFO - Started process (PID=267) to work on /home/airflow/.local/lib/python3.8/site-packages/airflow/example_dags/example_trigger_controller_dag.py
[2026-01-02T04:40:45.336+0000] {processor.py:830} INFO - Processing file /home/airflow/.local/lib/python3.8/site-packages/airflow/example_dags/example_trigger_controller_dag.py for tasks to queue
[2026-01-02T04:40:45.337+0000] {logging_mixin.py:188} INFO - [2026-01-02T04:40:45.337+0000] {dagbag.py:538} INFO - Filling up the DagBag from /home/airflow/.local/lib/python3.8/site-packages/airflow/example_dags/example_trigger_controller_dag.py
[2026-01-02T04:40:45.339+0000] {processor.py:840} INFO - DAG(s) 'example_trigger_controller_dag' retrieved from /home/airflow/.local/lib/python3.8/site-packages/airflow/example_dags/example_trigger_controller_dag.py
[2026-01-02T04:40:45.348+0000] {logging_mixin.py:188} INFO - [2026-01-02T04:40:45.348+0000] {dag.py:3033} INFO - Sync 1 DAGs
[2026-01-02T04:40:45.358+0000] {logging_mixin.py:188} INFO - [2026-01-02T04:40:45.358+0000] {dag.py:3820} INFO - Setting next_dagrun for example_trigger_controller_dag to 2021-01-01T00:00:00+00:00, run_after=2021-01-01T00:00:00+00:00
[2026-01-02T04:40:45.367+0000] {processor.py:183} INFO - Processing /home/airflow/.local/lib/python3.8/site-packages/airflow/example_dags/example_trigger_controller_dag.py took 0.033 seconds
[2026-01-02T04:41:15.480+0000] {processor.py:161} INFO - Started process (PID=322) to work on /home/airflow/.local/lib/python3.8/site-packages/airflow/example_dags/example_trigger_controller_dag.py
[2026-01-02T04:41:15.481+0000] {processor.py:830} INFO - Processing file /home/airflow/.local/lib/python3.8/site-packages/airflow/example_dags/example_trigger_controller_dag.py for tasks to queue
[2026-01-02T04:41:15.482+0000] {logging_mixin.py:188} INFO - [2026-01-02T04:41:15.482+0000] {dagbag.py:538} INFO - Filling up the DagBag from /home/airflow/.local/lib/python3.8/site-packages/airflow/example_dags/example_trigger_controller_dag.py
[2026-01-02T04:41:15.484+0000] {processor.py:840} INFO - DAG(s) 'example_trigger_controller_dag' retrieved from /home/airflow/.local/lib/python3.8/site-packages/airflow/example_dags/example_trigger_controller_dag.py
[2026-01-02T04:41:15.495+0000] {logging_mixin.py:188} INFO - [2026-01-02T04:41:15.495+0000] {dag.py:3033} INFO - Sync 1 DAGs
[2026-01-02T04:41:15.505+0000] {logging_mixin.py:188} INFO - [2026-01-02T04:41:15.505+0000] {dag.py:3820} INFO - Setting next_dagrun for example_trigger_controller_dag to 2021-01-01T00:00:00+00:00, run_after=2021-01-01T00:00:00+00:00
[2026-01-02T04:41:15.514+0000] {processor.py:183} INFO - Processing /home/airflow/.local/lib/python3.8/site-packages/airflow/example_dags/example_trigger_controller_dag.py took 0.035 seconds
[2026-01-02T04:41:45.735+0000] {processor.py:161} INFO - Started process (PID=377) to work on /home/airflow/.local/lib/python3.8/site-packages/airflow/example_dags/example_trigger_controller_dag.py
[2026-01-02T04:41:45.736+0000] {processor.py:830} INFO - Processing file /home/airflow/.local/lib/python3.8/site-packages/airflow/example_dags/example_trigger_controller_dag.py for tasks to queue
[2026-01-02T04:41:45.737+0000] {logging_mixin.py:188} INFO - [2026-01-02T04:41:45.736+0000] {dagbag.py:538} INFO - Filling up the DagBag from /home/airflow/.local/lib/python3.8/site-packages/airflow/example_dags/example_trigger_controller_dag.py
[2026-01-02T04:41:45.739+0000] {processor.py:840} INFO - DAG(s) 'example_trigger_controller_dag' retrieved from /home/airflow/.local/lib/python3.8/site-packages/airflow/example_dags/example_trigger_controller_dag.py
[2026-01-02T04:41:45.749+0000] {logging_mixin.py:188} INFO - [2026-01-02T04:41:45.749+0000] {dag.py:3033} INFO - Sync 1 DAGs
[2026-01-02T04:41:45.759+0000] {logging_mixin.py:188} INFO - [2026-01-02T04:41:45.759+0000] {dag.py:3820} INFO - Setting next_dagrun for example_trigger_controller_dag to 2021-01-01T00:00:00+00:00, run_after=2021-01-01T00:00:00+00:00
[2026-01-02T04:41:45.768+0000] {processor.py:183} INFO - Processing /home/airflow/.local/lib/python3.8/site-packages/airflow/example_dags/example_trigger_controller_dag.py took 0.034 seconds
[2026-01-02T04:42:15.876+0000] {processor.py:161} INFO - Started process (PID=432) to work on /home/airflow/.local/lib/python3.8/site-packages/airflow/example_dags/example_trigger_controller_dag.py
[2026-01-02T04:42:15.876+0000] {processor.py:830} INFO - Processing file /home/airflow/.local/lib/python3.8/site-packages/airflow/example_dags/example_trigger_controller_dag.py for tasks to queue
[2026-01-02T04:42:15.877+0000] {logging_mixin.py:188} INFO - [2026-01-02T04:42:15.877+0000] {dagbag.py:538} INFO - Filling up the DagBag from /home/airflow/.local/lib/python3.8/site-packages/airflow/example_dags/example_trigger_controller_dag.py
[2026-01-02T04:42:15.880+0000] {processor.py:840} INFO - DAG(s) 'example_trigger_controller_dag' retrieved from /home/airflow/.local/lib/python3.8/site-packages/airflow/example_dags/example_trigger_controller_dag.py
[2026-01-02T04:42:15.889+0000] {logging_mixin.py:188} INFO - [2026-01-02T04:42:15.889+0000] {dag.py:3033} INFO - Sync 1 DAGs
[2026-01-02T04:42:15.898+0000] {logging_mixin.py:188} INFO - [2026-01-02T04:42:15.898+0000] {dag.py:3820} INFO - Setting next_dagrun for example_trigger_controller_dag to 2021-01-01T00:00:00+00:00, run_after=2021-01-01T00:00:00+00:00
[2026-01-02T04:42:15.907+0000] {processor.py:183} INFO - Processing /home/airflow/.local/lib/python3.8/site-packages/airflow/example_dags/example_trigger_controller_dag.py took 0.033 seconds
[2026-01-02T04:42:46.099+0000] {processor.py:161} INFO - Started process (PID=493) to work on /home/airflow/.local/lib/python3.8/site-packages/airflow/example_dags/example_trigger_controller_dag.py
[2026-01-02T04:42:46.099+0000] {processor.py:830} INFO - Processing file /home/airflow/.local/lib/python3.8/site-packages/airflow/example_dags/example_trigger_controller_dag.py for tasks to queue
[2026-01-02T04:42:46.100+0000] {logging_mixin.py:188} INFO - [2026-01-02T04:42:46.100+0000] {dagbag.py:538} INFO - Filling up the DagBag from /home/airflow/.local/lib/python3.8/site-packages/airflow/example_dags/example_trigger_controller_dag.py
[2026-01-02T04:42:46.102+0000] {processor.py:840} INFO - DAG(s) 'example_trigger_controller_dag' retrieved from /home/airflow/.local/lib/python3.8/site-packages/airflow/example_dags/example_trigger_controller_dag.py
[2026-01-02T04:42:46.112+0000] {logging_mixin.py:188} INFO - [2026-01-02T04:42:46.111+0000] {dag.py:3033} INFO - Sync 1 DAGs
[2026-01-02T04:42:46.122+0000] {logging_mixin.py:188} INFO - [2026-01-02T04:42:46.122+0000] {dag.py:3820} INFO - Setting next_dagrun for example_trigger_controller_dag to 2021-01-01T00:00:00+00:00, run_after=2021-01-01T00:00:00+00:00
[2026-01-02T04:42:46.132+0000] {processor.py:183} INFO - Processing /home/airflow/.local/lib/python3.8/site-packages/airflow/example_dags/example_trigger_controller_dag.py took 0.034 seconds
[2026-01-02T04:43:16.276+0000] {processor.py:161} INFO - Started process (PID=548) to work on /home/airflow/.local/lib/python3.8/site-packages/airflow/example_dags/example_trigger_controller_dag.py
[2026-01-02T04:43:16.276+0000] {processor.py:830} INFO - Processing file /home/airflow/.local/lib/python3.8/site-packages/airflow/example_dags/example_trigger_controller_dag.py for tasks to queue
[2026-01-02T04:43:16.277+0000] {logging_mixin.py:188} INFO - [2026-01-02T04:43:16.277+0000] {dagbag.py:538} INFO - Filling up the DagBag from /home/airflow/.local/lib/python3.8/site-packages/airflow/example_dags/example_trigger_controller_dag.py
[2026-01-02T04:43:16.279+0000] {processor.py:840} INFO - DAG(s) 'example_trigger_controller_dag' retrieved from /home/airflow/.local/lib/python3.8/site-packages/airflow/example_dags/example_trigger_controller_dag.py
[2026-01-02T04:43:16.287+0000] {logging_mixin.py:188} INFO - [2026-01-02T04:43:16.287+0000] {dag.py:3033} INFO - Sync 1 DAGs
[2026-01-02T04:43:16.296+0000] {logging_mixin.py:188} INFO - [2026-01-02T04:43:16.296+0000] {dag.py:3820} INFO - Setting next_dagrun for example_trigger_controller_dag to 2021-01-01T00:00:00+00:00, run_after=2021-01-01T00:00:00+00:00
[2026-01-02T04:43:16.305+0000] {processor.py:183} INFO - Processing /home/airflow/.local/lib/python3.8/site-packages/airflow/example_dags/example_trigger_controller_dag.py took 0.031 seconds
[2026-01-02T04:43:46.545+0000] {processor.py:161} INFO - Started process (PID=603) to work on /home/airflow/.local/lib/python3.8/site-packages/airflow/example_dags/example_trigger_controller_dag.py
[2026-01-02T04:43:46.545+0000] {processor.py:830} INFO - Processing file /home/airflow/.local/lib/python3.8/site-packages/airflow/example_dags/example_trigger_controller_dag.py for tasks to queue
[2026-01-02T04:43:46.546+0000] {logging_mixin.py:188} INFO - [2026-01-02T04:43:46.546+0000] {dagbag.py:538} INFO - Filling up the DagBag from /home/airflow/.local/lib/python3.8/site-packages/airflow/example_dags/example_trigger_controller_dag.py
[2026-01-02T04:43:46.548+0000] {processor.py:840} INFO - DAG(s) 'example_trigger_controller_dag' retrieved from /home/airflow/.local/lib/python3.8/site-packages/airflow/example_dags/example_trigger_controller_dag.py
[2026-01-02T04:43:46.558+0000] {logging_mixin.py:188} INFO - [2026-01-02T04:43:46.558+0000] {dag.py:3033} INFO - Sync 1 DAGs
[2026-01-02T04:43:46.568+0000] {logging_mixin.py:188} INFO - [2026-01-02T04:43:46.568+0000] {dag.py:3820} INFO - Setting next_dagrun for example_trigger_controller_dag to 2021-01-01T00:00:00+00:00, run_after=2021-01-01T00:00:00+00:00
[2026-01-02T04:43:46.578+0000] {processor.py:183} INFO - Processing /home/airflow/.local/lib/python3.8/site-packages/airflow/example_dags/example_trigger_controller_dag.py took 0.034 seconds
[2026-01-02T04:44:16.789+0000] {processor.py:161} INFO - Started process (PID=665) to work on /home/airflow/.local/lib/python3.8/site-packages/airflow/example_dags/example_trigger_controller_dag.py
[2026-01-02T04:44:16.789+0000] {processor.py:830} INFO - Processing file /home/airflow/.local/lib/python3.8/site-packages/airflow/example_dags/example_trigger_controller_dag.py for tasks to queue
[2026-01-02T04:44:16.791+0000] {logging_mixin.py:188} INFO - [2026-01-02T04:44:16.790+0000] {dagbag.py:538} INFO - Filling up the DagBag from /home/airflow/.local/lib/python3.8/site-packages/airflow/example_dags/example_trigger_controller_dag.py
[2026-01-02T04:44:16.792+0000] {processor.py:840} INFO - DAG(s) 'example_trigger_controller_dag' retrieved from /home/airflow/.local/lib/python3.8/site-packages/airflow/example_dags/example_trigger_controller_dag.py
[2026-01-02T04:44:16.801+0000] {logging_mixin.py:188} INFO - [2026-01-02T04:44:16.801+0000] {dag.py:3033} INFO - Sync 1 DAGs
[2026-01-02T04:44:16.809+0000] {logging_mixin.py:188} INFO - [2026-01-02T04:44:16.809+0000] {dag.py:3820} INFO - Setting next_dagrun for example_trigger_controller_dag to 2021-01-01T00:00:00+00:00, run_after=2021-01-01T00:00:00+00:00
[2026-01-02T04:44:16.818+0000] {processor.py:183} INFO - Processing /home/airflow/.local/lib/python3.8/site-packages/airflow/example_dags/example_trigger_controller_dag.py took 0.030 seconds
[2026-01-02T04:44:47.025+0000] {processor.py:161} INFO - Started process (PID=727) to work on /home/airflow/.local/lib/python3.8/site-packages/airflow/example_dags/example_trigger_controller_dag.py
[2026-01-02T04:44:47.026+0000] {processor.py:830} INFO - Processing file /home/airflow/.local/lib/python3.8/site-packages/airflow/example_dags/example_trigger_controller_dag.py for tasks to queue
[2026-01-02T04:44:47.027+0000] {logging_mixin.py:188} INFO - [2026-01-02T04:44:47.027+0000] {dagbag.py:538} INFO - Filling up the DagBag from /home/airflow/.local/lib/python3.8/site-packages/airflow/example_dags/example_trigger_controller_dag.py
[2026-01-02T04:44:47.029+0000] {processor.py:840} INFO - DAG(s) 'example_trigger_controller_dag' retrieved from /home/airflow/.local/lib/python3.8/site-packages/airflow/example_dags/example_trigger_controller_dag.py
[2026-01-02T04:44:47.040+0000] {logging_mixin.py:188} INFO - [2026-01-02T04:44:47.040+0000] {dag.py:3033} INFO - Sync 1 DAGs
[2026-01-02T04:44:47.051+0000] {logging_mixin.py:188} INFO - [2026-01-02T04:44:47.051+0000] {dag.py:3820} INFO - Setting next_dagrun for example_trigger_controller_dag to 2021-01-01T00:00:00+00:00, run_after=2021-01-01T00:00:00+00:00
[2026-01-02T04:44:47.062+0000] {processor.py:183} INFO - Processing /home/airflow/.local/lib/python3.8/site-packages/airflow/example_dags/example_trigger_controller_dag.py took 0.038 seconds
[2026-01-02T04:45:17.310+0000] {processor.py:161} INFO - Started process (PID=782) to work on /home/airflow/.local/lib/python3.8/site-packages/airflow/example_dags/example_trigger_controller_dag.py
[2026-01-02T04:45:17.311+0000] {processor.py:830} INFO - Processing file /home/airflow/.local/lib/python3.8/site-packages/airflow/example_dags/example_trigger_controller_dag.py for tasks to queue
[2026-01-02T04:45:17.312+0000] {logging_mixin.py:188} INFO - [2026-01-02T04:45:17.312+0000] {dagbag.py:538} INFO - Filling up the DagBag from /home/airflow/.local/lib/python3.8/site-packages/airflow/example_dags/example_trigger_controller_dag.py
[2026-01-02T04:45:17.314+0000] {processor.py:840} INFO - DAG(s) 'example_trigger_controller_dag' retrieved from /home/airflow/.local/lib/python3.8/site-packages/airflow/example_dags/example_trigger_controller_dag.py
[2026-01-02T04:45:17.324+0000] {logging_mixin.py:188} INFO - [2026-01-02T04:45:17.324+0000] {dag.py:3033} INFO - Sync 1 DAGs
[2026-01-02T04:45:17.336+0000] {logging_mixin.py:188} INFO - [2026-01-02T04:45:17.336+0000] {dag.py:3820} INFO - Setting next_dagrun for example_trigger_controller_dag to 2021-01-01T00:00:00+00:00, run_after=2021-01-01T00:00:00+00:00
[2026-01-02T04:45:17.349+0000] {processor.py:183} INFO - Processing /home/airflow/.local/lib/python3.8/site-packages/airflow/example_dags/example_trigger_controller_dag.py took 0.040 seconds
[2026-01-02T04:45:47.687+0000] {processor.py:161} INFO - Started process (PID=837) to work on /home/airflow/.local/lib/python3.8/site-packages/airflow/example_dags/example_trigger_controller_dag.py
[2026-01-02T04:45:47.687+0000] {processor.py:830} INFO - Processing file /home/airflow/.local/lib/python3.8/site-packages/airflow/example_dags/example_trigger_controller_dag.py for tasks to queue
[2026-01-02T04:45:47.688+0000] {logging_mixin.py:188} INFO - [2026-01-02T04:45:47.688+0000] {dagbag.py:538} INFO - Filling up the DagBag from /home/airflow/.local/lib/python3.8/site-packages/airflow/example_dags/example_trigger_controller_dag.py
[2026-01-02T04:45:47.690+0000] {processor.py:840} INFO - DAG(s) 'example_trigger_controller_dag' retrieved from /home/airflow/.local/lib/python3.8/site-packages/airflow/example_dags/example_trigger_controller_dag.py
[2026-01-02T04:45:47.703+0000] {logging_mixin.py:188} INFO - [2026-01-02T04:45:47.703+0000] {dag.py:3033} INFO - Sync 1 DAGs
[2026-01-02T04:45:47.713+0000] {logging_mixin.py:188} INFO - [2026-01-02T04:45:47.713+0000] {dag.py:3820} INFO - Setting next_dagrun for example_trigger_controller_dag to 2021-01-01T00:00:00+00:00, run_after=2021-01-01T00:00:00+00:00
[2026-01-02T04:45:47.724+0000] {processor.py:183} INFO - Processing /home/airflow/.local/lib/python3.8/site-packages/airflow/example_dags/example_trigger_controller_dag.py took 0.038 seconds
[2026-01-02T04:46:17.964+0000] {processor.py:161} INFO - Started process (PID=892) to work on /home/airflow/.local/lib/python3.8/site-packages/airflow/example_dags/example_trigger_controller_dag.py
[2026-01-02T04:46:17.964+0000] {processor.py:830} INFO - Processing file /home/airflow/.local/lib/python3.8/site-packages/airflow/example_dags/example_trigger_controller_dag.py for tasks to queue
[2026-01-02T04:46:17.965+0000] {logging_mixin.py:188} INFO - [2026-01-02T04:46:17.965+0000] {dagbag.py:538} INFO - Filling up the DagBag from /home/airflow/.local/lib/python3.8/site-packages/airflow/example_dags/example_trigger_controller_dag.py
[2026-01-02T04:46:17.967+0000] {processor.py:840} INFO - DAG(s) 'example_trigger_controller_dag' retrieved from /home/airflow/.local/lib/python3.8/site-packages/airflow/example_dags/example_trigger_controller_dag.py
[2026-01-02T04:46:17.976+0000] {logging_mixin.py:188} INFO - [2026-01-02T04:46:17.976+0000] {dag.py:3033} INFO - Sync 1 DAGs
[2026-01-02T04:46:17.986+0000] {logging_mixin.py:188} INFO - [2026-01-02T04:46:17.986+0000] {dag.py:3820} INFO - Setting next_dagrun for example_trigger_controller_dag to 2021-01-01T00:00:00+00:00, run_after=2021-01-01T00:00:00+00:00
[2026-01-02T04:46:17.999+0000] {processor.py:183} INFO - Processing /home/airflow/.local/lib/python3.8/site-packages/airflow/example_dags/example_trigger_controller_dag.py took 0.036 seconds
[2026-01-02T04:46:48.234+0000] {processor.py:161} INFO - Started process (PID=947) to work on /home/airflow/.local/lib/python3.8/site-packages/airflow/example_dags/example_trigger_controller_dag.py
[2026-01-02T04:46:48.235+0000] {processor.py:830} INFO - Processing file /home/airflow/.local/lib/python3.8/site-packages/airflow/example_dags/example_trigger_controller_dag.py for tasks to queue
[2026-01-02T04:46:48.236+0000] {logging_mixin.py:188} INFO - [2026-01-02T04:46:48.236+0000] {dagbag.py:538} INFO - Filling up the DagBag from /home/airflow/.local/lib/python3.8/site-packages/airflow/example_dags/example_trigger_controller_dag.py
[2026-01-02T04:46:48.238+0000] {processor.py:840} INFO - DAG(s) 'example_trigger_controller_dag' retrieved from /home/airflow/.local/lib/python3.8/site-packages/airflow/example_dags/example_trigger_controller_dag.py
[2026-01-02T04:46:48.247+0000] {logging_mixin.py:188} INFO - [2026-01-02T04:46:48.247+0000] {dag.py:3033} INFO - Sync 1 DAGs
[2026-01-02T04:46:48.256+0000] {logging_mixin.py:188} INFO - [2026-01-02T04:46:48.256+0000] {dag.py:3820} INFO - Setting next_dagrun for example_trigger_controller_dag to 2021-01-01T00:00:00+00:00, run_after=2021-01-01T00:00:00+00:00
[2026-01-02T04:46:48.266+0000] {processor.py:183} INFO - Processing /home/airflow/.local/lib/python3.8/site-packages/airflow/example_dags/example_trigger_controller_dag.py took 0.033 seconds
[2026-01-02T04:47:18.571+0000] {processor.py:161} INFO - Started process (PID=1002) to work on /home/airflow/.local/lib/python3.8/site-packages/airflow/example_dags/example_trigger_controller_dag.py
[2026-01-02T04:47:18.571+0000] {processor.py:830} INFO - Processing file /home/airflow/.local/lib/python3.8/site-packages/airflow/example_dags/example_trigger_controller_dag.py for tasks to queue
[2026-01-02T04:47:18.572+0000] {logging_mixin.py:188} INFO - [2026-01-02T04:47:18.572+0000] {dagbag.py:538} INFO - Filling up the DagBag from /home/airflow/.local/lib/python3.8/site-packages/airflow/example_dags/example_trigger_controller_dag.py
[2026-01-02T04:47:18.574+0000] {processor.py:840} INFO - DAG(s) 'example_trigger_controller_dag' retrieved from /home/airflow/.local/lib/python3.8/site-packages/airflow/example_dags/example_trigger_controller_dag.py
[2026-01-02T04:47:18.585+0000] {logging_mixin.py:188} INFO - [2026-01-02T04:47:18.585+0000] {dag.py:3033} INFO - Sync 1 DAGs
[2026-01-02T04:47:18.596+0000] {logging_mixin.py:188} INFO - [2026-01-02T04:47:18.595+0000] {dag.py:3820} INFO - Setting next_dagrun for example_trigger_controller_dag to 2021-01-01T00:00:00+00:00, run_after=2021-01-01T00:00:00+00:00
[2026-01-02T04:47:18.606+0000] {processor.py:183} INFO - Processing /home/airflow/.local/lib/python3.8/site-packages/airflow/example_dags/example_trigger_controller_dag.py took 0.036 seconds
