[2026-01-02T04:28:03.782+0000] {processor.py:161} INFO - Started process (PID=52) to work on /home/airflow/.local/lib/python3.8/site-packages/airflow/example_dags/example_setup_teardown.py
[2026-01-02T04:28:03.783+0000] {processor.py:830} INFO - Processing file /home/airflow/.local/lib/python3.8/site-packages/airflow/example_dags/example_setup_teardown.py for tasks to queue
[2026-01-02T04:28:03.784+0000] {logging_mixin.py:188} INFO - [2026-01-02T04:28:03.783+0000] {dagbag.py:538} INFO - Filling up the DagBag from /home/airflow/.local/lib/python3.8/site-packages/airflow/example_dags/example_setup_teardown.py
[2026-01-02T04:28:03.788+0000] {processor.py:840} INFO - DAG(s) 'example_setup_teardown' retrieved from /home/airflow/.local/lib/python3.8/site-packages/airflow/example_dags/example_setup_teardown.py
[2026-01-02T04:28:03.839+0000] {logging_mixin.py:188} INFO - [2026-01-02T04:28:03.838+0000] {override.py:1769} INFO - Created Permission View: can edit on DAG:example_setup_teardown
[2026-01-02T04:28:03.845+0000] {logging_mixin.py:188} INFO - [2026-01-02T04:28:03.845+0000] {override.py:1769} INFO - Created Permission View: can delete on DAG:example_setup_teardown
[2026-01-02T04:28:03.849+0000] {logging_mixin.py:188} INFO - [2026-01-02T04:28:03.849+0000] {override.py:1769} INFO - Created Permission View: can read on DAG:example_setup_teardown
[2026-01-02T04:28:03.850+0000] {logging_mixin.py:188} INFO - [2026-01-02T04:28:03.850+0000] {dag.py:3033} INFO - Sync 1 DAGs
[2026-01-02T04:28:03.855+0000] {logging_mixin.py:188} INFO - [2026-01-02T04:28:03.855+0000] {dag.py:3055} INFO - Creating ORM DAG for example_setup_teardown
[2026-01-02T04:28:03.860+0000] {logging_mixin.py:188} INFO - [2026-01-02T04:28:03.860+0000] {dag.py:3820} INFO - Setting next_dagrun for example_setup_teardown to 2026-01-01T00:00:00+00:00, run_after=2026-01-02T00:00:00+00:00
[2026-01-02T04:28:03.869+0000] {processor.py:183} INFO - Processing /home/airflow/.local/lib/python3.8/site-packages/airflow/example_dags/example_setup_teardown.py took 0.088 seconds
[2026-01-02T04:28:33.918+0000] {processor.py:161} INFO - Started process (PID=107) to work on /home/airflow/.local/lib/python3.8/site-packages/airflow/example_dags/example_setup_teardown.py
[2026-01-02T04:28:33.918+0000] {processor.py:830} INFO - Processing file /home/airflow/.local/lib/python3.8/site-packages/airflow/example_dags/example_setup_teardown.py for tasks to queue
[2026-01-02T04:28:33.919+0000] {logging_mixin.py:188} INFO - [2026-01-02T04:28:33.919+0000] {dagbag.py:538} INFO - Filling up the DagBag from /home/airflow/.local/lib/python3.8/site-packages/airflow/example_dags/example_setup_teardown.py
[2026-01-02T04:28:33.922+0000] {processor.py:840} INFO - DAG(s) 'example_setup_teardown' retrieved from /home/airflow/.local/lib/python3.8/site-packages/airflow/example_dags/example_setup_teardown.py
[2026-01-02T04:28:33.935+0000] {logging_mixin.py:188} INFO - [2026-01-02T04:28:33.935+0000] {dag.py:3033} INFO - Sync 1 DAGs
[2026-01-02T04:28:33.945+0000] {logging_mixin.py:188} INFO - [2026-01-02T04:28:33.945+0000] {dag.py:3820} INFO - Setting next_dagrun for example_setup_teardown to 2026-01-01T00:00:00+00:00, run_after=2026-01-02T00:00:00+00:00
[2026-01-02T04:28:33.955+0000] {processor.py:183} INFO - Processing /home/airflow/.local/lib/python3.8/site-packages/airflow/example_dags/example_setup_teardown.py took 0.038 seconds
[2026-01-02T04:29:59.699+0000] {processor.py:161} INFO - Started process (PID=44) to work on /home/airflow/.local/lib/python3.8/site-packages/airflow/example_dags/example_setup_teardown.py
[2026-01-02T04:29:59.699+0000] {processor.py:830} INFO - Processing file /home/airflow/.local/lib/python3.8/site-packages/airflow/example_dags/example_setup_teardown.py for tasks to queue
[2026-01-02T04:29:59.700+0000] {logging_mixin.py:188} INFO - [2026-01-02T04:29:59.700+0000] {dagbag.py:538} INFO - Filling up the DagBag from /home/airflow/.local/lib/python3.8/site-packages/airflow/example_dags/example_setup_teardown.py
[2026-01-02T04:29:59.703+0000] {processor.py:840} INFO - DAG(s) 'example_setup_teardown' retrieved from /home/airflow/.local/lib/python3.8/site-packages/airflow/example_dags/example_setup_teardown.py
[2026-01-02T04:29:59.711+0000] {logging_mixin.py:188} INFO - [2026-01-02T04:29:59.711+0000] {dag.py:3033} INFO - Sync 1 DAGs
[2026-01-02T04:29:59.724+0000] {logging_mixin.py:188} INFO - [2026-01-02T04:29:59.724+0000] {dag.py:3820} INFO - Setting next_dagrun for example_setup_teardown to 2026-01-01T00:00:00+00:00, run_after=2026-01-02T00:00:00+00:00
[2026-01-02T04:29:59.735+0000] {processor.py:183} INFO - Processing /home/airflow/.local/lib/python3.8/site-packages/airflow/example_dags/example_setup_teardown.py took 0.038 seconds
[2026-01-02T04:30:30.399+0000] {processor.py:161} INFO - Started process (PID=105) to work on /home/airflow/.local/lib/python3.8/site-packages/airflow/example_dags/example_setup_teardown.py
[2026-01-02T04:30:30.399+0000] {processor.py:830} INFO - Processing file /home/airflow/.local/lib/python3.8/site-packages/airflow/example_dags/example_setup_teardown.py for tasks to queue
[2026-01-02T04:30:30.400+0000] {logging_mixin.py:188} INFO - [2026-01-02T04:30:30.400+0000] {dagbag.py:538} INFO - Filling up the DagBag from /home/airflow/.local/lib/python3.8/site-packages/airflow/example_dags/example_setup_teardown.py
[2026-01-02T04:30:30.403+0000] {processor.py:840} INFO - DAG(s) 'example_setup_teardown' retrieved from /home/airflow/.local/lib/python3.8/site-packages/airflow/example_dags/example_setup_teardown.py
[2026-01-02T04:30:30.452+0000] {logging_mixin.py:188} INFO - [2026-01-02T04:30:30.452+0000] {dag.py:3033} INFO - Sync 1 DAGs
[2026-01-02T04:30:30.463+0000] {logging_mixin.py:188} INFO - [2026-01-02T04:30:30.463+0000] {dag.py:3820} INFO - Setting next_dagrun for example_setup_teardown to 2026-01-01T00:00:00+00:00, run_after=2026-01-02T00:00:00+00:00
[2026-01-02T04:30:30.475+0000] {processor.py:183} INFO - Processing /home/airflow/.local/lib/python3.8/site-packages/airflow/example_dags/example_setup_teardown.py took 0.077 seconds
[2026-01-02T04:31:00.633+0000] {processor.py:161} INFO - Started process (PID=160) to work on /home/airflow/.local/lib/python3.8/site-packages/airflow/example_dags/example_setup_teardown.py
[2026-01-02T04:31:00.633+0000] {processor.py:830} INFO - Processing file /home/airflow/.local/lib/python3.8/site-packages/airflow/example_dags/example_setup_teardown.py for tasks to queue
[2026-01-02T04:31:00.635+0000] {logging_mixin.py:188} INFO - [2026-01-02T04:31:00.635+0000] {dagbag.py:538} INFO - Filling up the DagBag from /home/airflow/.local/lib/python3.8/site-packages/airflow/example_dags/example_setup_teardown.py
[2026-01-02T04:31:00.638+0000] {processor.py:840} INFO - DAG(s) 'example_setup_teardown' retrieved from /home/airflow/.local/lib/python3.8/site-packages/airflow/example_dags/example_setup_teardown.py
[2026-01-02T04:31:00.649+0000] {logging_mixin.py:188} INFO - [2026-01-02T04:31:00.649+0000] {dag.py:3033} INFO - Sync 1 DAGs
[2026-01-02T04:31:00.659+0000] {logging_mixin.py:188} INFO - [2026-01-02T04:31:00.659+0000] {dag.py:3820} INFO - Setting next_dagrun for example_setup_teardown to 2026-01-01T00:00:00+00:00, run_after=2026-01-02T00:00:00+00:00
[2026-01-02T04:31:00.669+0000] {processor.py:183} INFO - Processing /home/airflow/.local/lib/python3.8/site-packages/airflow/example_dags/example_setup_teardown.py took 0.038 seconds
[2026-01-02T04:31:31.190+0000] {processor.py:161} INFO - Started process (PID=215) to work on /home/airflow/.local/lib/python3.8/site-packages/airflow/example_dags/example_setup_teardown.py
[2026-01-02T04:31:31.191+0000] {processor.py:830} INFO - Processing file /home/airflow/.local/lib/python3.8/site-packages/airflow/example_dags/example_setup_teardown.py for tasks to queue
[2026-01-02T04:31:31.192+0000] {logging_mixin.py:188} INFO - [2026-01-02T04:31:31.192+0000] {dagbag.py:538} INFO - Filling up the DagBag from /home/airflow/.local/lib/python3.8/site-packages/airflow/example_dags/example_setup_teardown.py
[2026-01-02T04:31:31.195+0000] {processor.py:840} INFO - DAG(s) 'example_setup_teardown' retrieved from /home/airflow/.local/lib/python3.8/site-packages/airflow/example_dags/example_setup_teardown.py
[2026-01-02T04:31:31.205+0000] {logging_mixin.py:188} INFO - [2026-01-02T04:31:31.205+0000] {dag.py:3033} INFO - Sync 1 DAGs
[2026-01-02T04:31:31.217+0000] {logging_mixin.py:188} INFO - [2026-01-02T04:31:31.217+0000] {dag.py:3820} INFO - Setting next_dagrun for example_setup_teardown to 2026-01-01T00:00:00+00:00, run_after=2026-01-02T00:00:00+00:00
[2026-01-02T04:31:31.228+0000] {processor.py:183} INFO - Processing /home/airflow/.local/lib/python3.8/site-packages/airflow/example_dags/example_setup_teardown.py took 0.039 seconds
[2026-01-02T04:32:01.598+0000] {processor.py:161} INFO - Started process (PID=270) to work on /home/airflow/.local/lib/python3.8/site-packages/airflow/example_dags/example_setup_teardown.py
[2026-01-02T04:32:01.599+0000] {processor.py:830} INFO - Processing file /home/airflow/.local/lib/python3.8/site-packages/airflow/example_dags/example_setup_teardown.py for tasks to queue
[2026-01-02T04:32:01.600+0000] {logging_mixin.py:188} INFO - [2026-01-02T04:32:01.600+0000] {dagbag.py:538} INFO - Filling up the DagBag from /home/airflow/.local/lib/python3.8/site-packages/airflow/example_dags/example_setup_teardown.py
[2026-01-02T04:32:01.603+0000] {processor.py:840} INFO - DAG(s) 'example_setup_teardown' retrieved from /home/airflow/.local/lib/python3.8/site-packages/airflow/example_dags/example_setup_teardown.py
[2026-01-02T04:32:01.612+0000] {logging_mixin.py:188} INFO - [2026-01-02T04:32:01.612+0000] {dag.py:3033} INFO - Sync 1 DAGs
[2026-01-02T04:32:01.622+0000] {logging_mixin.py:188} INFO - [2026-01-02T04:32:01.622+0000] {dag.py:3820} INFO - Setting next_dagrun for example_setup_teardown to 2026-01-01T00:00:00+00:00, run_after=2026-01-02T00:00:00+00:00
[2026-01-02T04:32:01.633+0000] {processor.py:183} INFO - Processing /home/airflow/.local/lib/python3.8/site-packages/airflow/example_dags/example_setup_teardown.py took 0.036 seconds
[2026-01-02T04:32:32.006+0000] {processor.py:161} INFO - Started process (PID=325) to work on /home/airflow/.local/lib/python3.8/site-packages/airflow/example_dags/example_setup_teardown.py
[2026-01-02T04:32:32.007+0000] {processor.py:830} INFO - Processing file /home/airflow/.local/lib/python3.8/site-packages/airflow/example_dags/example_setup_teardown.py for tasks to queue
[2026-01-02T04:32:32.008+0000] {logging_mixin.py:188} INFO - [2026-01-02T04:32:32.008+0000] {dagbag.py:538} INFO - Filling up the DagBag from /home/airflow/.local/lib/python3.8/site-packages/airflow/example_dags/example_setup_teardown.py
[2026-01-02T04:32:32.010+0000] {processor.py:840} INFO - DAG(s) 'example_setup_teardown' retrieved from /home/airflow/.local/lib/python3.8/site-packages/airflow/example_dags/example_setup_teardown.py
[2026-01-02T04:32:32.021+0000] {logging_mixin.py:188} INFO - [2026-01-02T04:32:32.021+0000] {dag.py:3033} INFO - Sync 1 DAGs
[2026-01-02T04:32:32.030+0000] {logging_mixin.py:188} INFO - [2026-01-02T04:32:32.030+0000] {dag.py:3820} INFO - Setting next_dagrun for example_setup_teardown to 2026-01-01T00:00:00+00:00, run_after=2026-01-02T00:00:00+00:00
[2026-01-02T04:32:32.040+0000] {processor.py:183} INFO - Processing /home/airflow/.local/lib/python3.8/site-packages/airflow/example_dags/example_setup_teardown.py took 0.035 seconds
[2026-01-02T04:33:02.247+0000] {processor.py:161} INFO - Started process (PID=380) to work on /home/airflow/.local/lib/python3.8/site-packages/airflow/example_dags/example_setup_teardown.py
[2026-01-02T04:33:02.247+0000] {processor.py:830} INFO - Processing file /home/airflow/.local/lib/python3.8/site-packages/airflow/example_dags/example_setup_teardown.py for tasks to queue
[2026-01-02T04:33:02.248+0000] {logging_mixin.py:188} INFO - [2026-01-02T04:33:02.248+0000] {dagbag.py:538} INFO - Filling up the DagBag from /home/airflow/.local/lib/python3.8/site-packages/airflow/example_dags/example_setup_teardown.py
[2026-01-02T04:33:02.251+0000] {processor.py:840} INFO - DAG(s) 'example_setup_teardown' retrieved from /home/airflow/.local/lib/python3.8/site-packages/airflow/example_dags/example_setup_teardown.py
[2026-01-02T04:33:02.260+0000] {logging_mixin.py:188} INFO - [2026-01-02T04:33:02.260+0000] {dag.py:3033} INFO - Sync 1 DAGs
[2026-01-02T04:33:02.270+0000] {logging_mixin.py:188} INFO - [2026-01-02T04:33:02.270+0000] {dag.py:3820} INFO - Setting next_dagrun for example_setup_teardown to 2026-01-01T00:00:00+00:00, run_after=2026-01-02T00:00:00+00:00
[2026-01-02T04:33:02.283+0000] {processor.py:183} INFO - Processing /home/airflow/.local/lib/python3.8/site-packages/airflow/example_dags/example_setup_teardown.py took 0.038 seconds
[2026-01-02T04:33:32.549+0000] {processor.py:161} INFO - Started process (PID=435) to work on /home/airflow/.local/lib/python3.8/site-packages/airflow/example_dags/example_setup_teardown.py
[2026-01-02T04:33:32.550+0000] {processor.py:830} INFO - Processing file /home/airflow/.local/lib/python3.8/site-packages/airflow/example_dags/example_setup_teardown.py for tasks to queue
[2026-01-02T04:33:32.550+0000] {logging_mixin.py:188} INFO - [2026-01-02T04:33:32.550+0000] {dagbag.py:538} INFO - Filling up the DagBag from /home/airflow/.local/lib/python3.8/site-packages/airflow/example_dags/example_setup_teardown.py
[2026-01-02T04:33:32.554+0000] {processor.py:840} INFO - DAG(s) 'example_setup_teardown' retrieved from /home/airflow/.local/lib/python3.8/site-packages/airflow/example_dags/example_setup_teardown.py
[2026-01-02T04:33:32.567+0000] {logging_mixin.py:188} INFO - [2026-01-02T04:33:32.567+0000] {dag.py:3033} INFO - Sync 1 DAGs
[2026-01-02T04:33:32.577+0000] {logging_mixin.py:188} INFO - [2026-01-02T04:33:32.577+0000] {dag.py:3820} INFO - Setting next_dagrun for example_setup_teardown to 2026-01-01T00:00:00+00:00, run_after=2026-01-02T00:00:00+00:00
[2026-01-02T04:33:32.587+0000] {processor.py:183} INFO - Processing /home/airflow/.local/lib/python3.8/site-packages/airflow/example_dags/example_setup_teardown.py took 0.040 seconds
[2026-01-02T04:34:02.848+0000] {processor.py:161} INFO - Started process (PID=490) to work on /home/airflow/.local/lib/python3.8/site-packages/airflow/example_dags/example_setup_teardown.py
[2026-01-02T04:34:02.849+0000] {processor.py:830} INFO - Processing file /home/airflow/.local/lib/python3.8/site-packages/airflow/example_dags/example_setup_teardown.py for tasks to queue
[2026-01-02T04:34:02.850+0000] {logging_mixin.py:188} INFO - [2026-01-02T04:34:02.850+0000] {dagbag.py:538} INFO - Filling up the DagBag from /home/airflow/.local/lib/python3.8/site-packages/airflow/example_dags/example_setup_teardown.py
[2026-01-02T04:34:02.853+0000] {processor.py:840} INFO - DAG(s) 'example_setup_teardown' retrieved from /home/airflow/.local/lib/python3.8/site-packages/airflow/example_dags/example_setup_teardown.py
[2026-01-02T04:34:02.862+0000] {logging_mixin.py:188} INFO - [2026-01-02T04:34:02.862+0000] {dag.py:3033} INFO - Sync 1 DAGs
[2026-01-02T04:34:02.871+0000] {logging_mixin.py:188} INFO - [2026-01-02T04:34:02.871+0000] {dag.py:3820} INFO - Setting next_dagrun for example_setup_teardown to 2026-01-01T00:00:00+00:00, run_after=2026-01-02T00:00:00+00:00
[2026-01-02T04:34:02.880+0000] {processor.py:183} INFO - Processing /home/airflow/.local/lib/python3.8/site-packages/airflow/example_dags/example_setup_teardown.py took 0.033 seconds
[2026-01-02T04:34:33.135+0000] {processor.py:161} INFO - Started process (PID=545) to work on /home/airflow/.local/lib/python3.8/site-packages/airflow/example_dags/example_setup_teardown.py
[2026-01-02T04:34:33.135+0000] {processor.py:830} INFO - Processing file /home/airflow/.local/lib/python3.8/site-packages/airflow/example_dags/example_setup_teardown.py for tasks to queue
[2026-01-02T04:34:33.136+0000] {logging_mixin.py:188} INFO - [2026-01-02T04:34:33.136+0000] {dagbag.py:538} INFO - Filling up the DagBag from /home/airflow/.local/lib/python3.8/site-packages/airflow/example_dags/example_setup_teardown.py
[2026-01-02T04:34:33.139+0000] {processor.py:840} INFO - DAG(s) 'example_setup_teardown' retrieved from /home/airflow/.local/lib/python3.8/site-packages/airflow/example_dags/example_setup_teardown.py
[2026-01-02T04:34:33.152+0000] {logging_mixin.py:188} INFO - [2026-01-02T04:34:33.152+0000] {dag.py:3033} INFO - Sync 1 DAGs
[2026-01-02T04:34:33.162+0000] {logging_mixin.py:188} INFO - [2026-01-02T04:34:33.162+0000] {dag.py:3820} INFO - Setting next_dagrun for example_setup_teardown to 2026-01-01T00:00:00+00:00, run_after=2026-01-02T00:00:00+00:00
[2026-01-02T04:34:33.175+0000] {processor.py:183} INFO - Processing /home/airflow/.local/lib/python3.8/site-packages/airflow/example_dags/example_setup_teardown.py took 0.042 seconds
[2026-01-02T04:35:03.481+0000] {processor.py:161} INFO - Started process (PID=600) to work on /home/airflow/.local/lib/python3.8/site-packages/airflow/example_dags/example_setup_teardown.py
[2026-01-02T04:35:03.482+0000] {processor.py:830} INFO - Processing file /home/airflow/.local/lib/python3.8/site-packages/airflow/example_dags/example_setup_teardown.py for tasks to queue
[2026-01-02T04:35:03.483+0000] {logging_mixin.py:188} INFO - [2026-01-02T04:35:03.482+0000] {dagbag.py:538} INFO - Filling up the DagBag from /home/airflow/.local/lib/python3.8/site-packages/airflow/example_dags/example_setup_teardown.py
[2026-01-02T04:35:03.485+0000] {processor.py:840} INFO - DAG(s) 'example_setup_teardown' retrieved from /home/airflow/.local/lib/python3.8/site-packages/airflow/example_dags/example_setup_teardown.py
[2026-01-02T04:35:03.494+0000] {logging_mixin.py:188} INFO - [2026-01-02T04:35:03.494+0000] {dag.py:3033} INFO - Sync 1 DAGs
[2026-01-02T04:35:03.503+0000] {logging_mixin.py:188} INFO - [2026-01-02T04:35:03.503+0000] {dag.py:3820} INFO - Setting next_dagrun for example_setup_teardown to 2026-01-01T00:00:00+00:00, run_after=2026-01-02T00:00:00+00:00
[2026-01-02T04:35:03.513+0000] {processor.py:183} INFO - Processing /home/airflow/.local/lib/python3.8/site-packages/airflow/example_dags/example_setup_teardown.py took 0.033 seconds
[2026-01-02T04:35:33.812+0000] {processor.py:161} INFO - Started process (PID=655) to work on /home/airflow/.local/lib/python3.8/site-packages/airflow/example_dags/example_setup_teardown.py
[2026-01-02T04:35:33.812+0000] {processor.py:830} INFO - Processing file /home/airflow/.local/lib/python3.8/site-packages/airflow/example_dags/example_setup_teardown.py for tasks to queue
[2026-01-02T04:35:33.813+0000] {logging_mixin.py:188} INFO - [2026-01-02T04:35:33.813+0000] {dagbag.py:538} INFO - Filling up the DagBag from /home/airflow/.local/lib/python3.8/site-packages/airflow/example_dags/example_setup_teardown.py
[2026-01-02T04:35:33.817+0000] {processor.py:840} INFO - DAG(s) 'example_setup_teardown' retrieved from /home/airflow/.local/lib/python3.8/site-packages/airflow/example_dags/example_setup_teardown.py
[2026-01-02T04:35:33.828+0000] {logging_mixin.py:188} INFO - [2026-01-02T04:35:33.828+0000] {dag.py:3033} INFO - Sync 1 DAGs
[2026-01-02T04:35:33.839+0000] {logging_mixin.py:188} INFO - [2026-01-02T04:35:33.839+0000] {dag.py:3820} INFO - Setting next_dagrun for example_setup_teardown to 2026-01-01T00:00:00+00:00, run_after=2026-01-02T00:00:00+00:00
[2026-01-02T04:35:33.851+0000] {processor.py:183} INFO - Processing /home/airflow/.local/lib/python3.8/site-packages/airflow/example_dags/example_setup_teardown.py took 0.040 seconds
[2026-01-02T04:36:04.057+0000] {processor.py:161} INFO - Started process (PID=710) to work on /home/airflow/.local/lib/python3.8/site-packages/airflow/example_dags/example_setup_teardown.py
[2026-01-02T04:36:04.057+0000] {processor.py:830} INFO - Processing file /home/airflow/.local/lib/python3.8/site-packages/airflow/example_dags/example_setup_teardown.py for tasks to queue
[2026-01-02T04:36:04.059+0000] {logging_mixin.py:188} INFO - [2026-01-02T04:36:04.058+0000] {dagbag.py:538} INFO - Filling up the DagBag from /home/airflow/.local/lib/python3.8/site-packages/airflow/example_dags/example_setup_teardown.py
[2026-01-02T04:36:04.062+0000] {processor.py:840} INFO - DAG(s) 'example_setup_teardown' retrieved from /home/airflow/.local/lib/python3.8/site-packages/airflow/example_dags/example_setup_teardown.py
[2026-01-02T04:36:04.071+0000] {logging_mixin.py:188} INFO - [2026-01-02T04:36:04.071+0000] {dag.py:3033} INFO - Sync 1 DAGs
[2026-01-02T04:36:04.080+0000] {logging_mixin.py:188} INFO - [2026-01-02T04:36:04.080+0000] {dag.py:3820} INFO - Setting next_dagrun for example_setup_teardown to 2026-01-01T00:00:00+00:00, run_after=2026-01-02T00:00:00+00:00
[2026-01-02T04:36:04.090+0000] {processor.py:183} INFO - Processing /home/airflow/.local/lib/python3.8/site-packages/airflow/example_dags/example_setup_teardown.py took 0.035 seconds
[2026-01-02T04:38:44.692+0000] {processor.py:161} INFO - Started process (PID=52) to work on /home/airflow/.local/lib/python3.8/site-packages/airflow/example_dags/example_setup_teardown.py
[2026-01-02T04:38:44.692+0000] {processor.py:830} INFO - Processing file /home/airflow/.local/lib/python3.8/site-packages/airflow/example_dags/example_setup_teardown.py for tasks to queue
[2026-01-02T04:38:44.693+0000] {logging_mixin.py:188} INFO - [2026-01-02T04:38:44.693+0000] {dagbag.py:538} INFO - Filling up the DagBag from /home/airflow/.local/lib/python3.8/site-packages/airflow/example_dags/example_setup_teardown.py
[2026-01-02T04:38:44.699+0000] {processor.py:840} INFO - DAG(s) 'example_setup_teardown' retrieved from /home/airflow/.local/lib/python3.8/site-packages/airflow/example_dags/example_setup_teardown.py
[2026-01-02T04:38:44.704+0000] {logging_mixin.py:188} INFO - [2026-01-02T04:38:44.704+0000] {dag.py:3033} INFO - Sync 1 DAGs
[2026-01-02T04:38:44.715+0000] {logging_mixin.py:188} INFO - [2026-01-02T04:38:44.715+0000] {dag.py:3820} INFO - Setting next_dagrun for example_setup_teardown to 2026-01-01T00:00:00+00:00, run_after=2026-01-02T00:00:00+00:00
[2026-01-02T04:38:44.725+0000] {processor.py:183} INFO - Processing /home/airflow/.local/lib/python3.8/site-packages/airflow/example_dags/example_setup_teardown.py took 0.035 seconds
[2026-01-02T04:39:15.076+0000] {processor.py:161} INFO - Started process (PID=107) to work on /home/airflow/.local/lib/python3.8/site-packages/airflow/example_dags/example_setup_teardown.py
[2026-01-02T04:39:15.076+0000] {processor.py:830} INFO - Processing file /home/airflow/.local/lib/python3.8/site-packages/airflow/example_dags/example_setup_teardown.py for tasks to queue
[2026-01-02T04:39:15.077+0000] {logging_mixin.py:188} INFO - [2026-01-02T04:39:15.077+0000] {dagbag.py:538} INFO - Filling up the DagBag from /home/airflow/.local/lib/python3.8/site-packages/airflow/example_dags/example_setup_teardown.py
[2026-01-02T04:39:15.081+0000] {processor.py:840} INFO - DAG(s) 'example_setup_teardown' retrieved from /home/airflow/.local/lib/python3.8/site-packages/airflow/example_dags/example_setup_teardown.py
[2026-01-02T04:39:15.120+0000] {logging_mixin.py:188} INFO - [2026-01-02T04:39:15.120+0000] {dag.py:3033} INFO - Sync 1 DAGs
[2026-01-02T04:39:15.129+0000] {logging_mixin.py:188} INFO - [2026-01-02T04:39:15.129+0000] {dag.py:3820} INFO - Setting next_dagrun for example_setup_teardown to 2026-01-01T00:00:00+00:00, run_after=2026-01-02T00:00:00+00:00
[2026-01-02T04:39:15.140+0000] {processor.py:183} INFO - Processing /home/airflow/.local/lib/python3.8/site-packages/airflow/example_dags/example_setup_teardown.py took 0.066 seconds
[2026-01-02T04:39:46.056+0000] {processor.py:161} INFO - Started process (PID=168) to work on /home/airflow/.local/lib/python3.8/site-packages/airflow/example_dags/example_setup_teardown.py
[2026-01-02T04:39:46.056+0000] {processor.py:830} INFO - Processing file /home/airflow/.local/lib/python3.8/site-packages/airflow/example_dags/example_setup_teardown.py for tasks to queue
[2026-01-02T04:39:46.057+0000] {logging_mixin.py:188} INFO - [2026-01-02T04:39:46.057+0000] {dagbag.py:538} INFO - Filling up the DagBag from /home/airflow/.local/lib/python3.8/site-packages/airflow/example_dags/example_setup_teardown.py
[2026-01-02T04:39:46.060+0000] {processor.py:840} INFO - DAG(s) 'example_setup_teardown' retrieved from /home/airflow/.local/lib/python3.8/site-packages/airflow/example_dags/example_setup_teardown.py
[2026-01-02T04:39:46.069+0000] {logging_mixin.py:188} INFO - [2026-01-02T04:39:46.069+0000] {dag.py:3033} INFO - Sync 1 DAGs
[2026-01-02T04:39:46.079+0000] {logging_mixin.py:188} INFO - [2026-01-02T04:39:46.078+0000] {dag.py:3820} INFO - Setting next_dagrun for example_setup_teardown to 2026-01-01T00:00:00+00:00, run_after=2026-01-02T00:00:00+00:00
[2026-01-02T04:39:46.088+0000] {processor.py:183} INFO - Processing /home/airflow/.local/lib/python3.8/site-packages/airflow/example_dags/example_setup_teardown.py took 0.034 seconds
[2026-01-02T04:40:16.217+0000] {processor.py:161} INFO - Started process (PID=223) to work on /home/airflow/.local/lib/python3.8/site-packages/airflow/example_dags/example_setup_teardown.py
[2026-01-02T04:40:16.218+0000] {processor.py:830} INFO - Processing file /home/airflow/.local/lib/python3.8/site-packages/airflow/example_dags/example_setup_teardown.py for tasks to queue
[2026-01-02T04:40:16.219+0000] {logging_mixin.py:188} INFO - [2026-01-02T04:40:16.219+0000] {dagbag.py:538} INFO - Filling up the DagBag from /home/airflow/.local/lib/python3.8/site-packages/airflow/example_dags/example_setup_teardown.py
[2026-01-02T04:40:16.222+0000] {processor.py:840} INFO - DAG(s) 'example_setup_teardown' retrieved from /home/airflow/.local/lib/python3.8/site-packages/airflow/example_dags/example_setup_teardown.py
[2026-01-02T04:40:16.231+0000] {logging_mixin.py:188} INFO - [2026-01-02T04:40:16.231+0000] {dag.py:3033} INFO - Sync 1 DAGs
[2026-01-02T04:40:16.241+0000] {logging_mixin.py:188} INFO - [2026-01-02T04:40:16.241+0000] {dag.py:3820} INFO - Setting next_dagrun for example_setup_teardown to 2026-01-01T00:00:00+00:00, run_after=2026-01-02T00:00:00+00:00
[2026-01-02T04:40:16.250+0000] {processor.py:183} INFO - Processing /home/airflow/.local/lib/python3.8/site-packages/airflow/example_dags/example_setup_teardown.py took 0.034 seconds
[2026-01-02T04:40:46.423+0000] {processor.py:161} INFO - Started process (PID=278) to work on /home/airflow/.local/lib/python3.8/site-packages/airflow/example_dags/example_setup_teardown.py
[2026-01-02T04:40:46.424+0000] {processor.py:830} INFO - Processing file /home/airflow/.local/lib/python3.8/site-packages/airflow/example_dags/example_setup_teardown.py for tasks to queue
[2026-01-02T04:40:46.425+0000] {logging_mixin.py:188} INFO - [2026-01-02T04:40:46.425+0000] {dagbag.py:538} INFO - Filling up the DagBag from /home/airflow/.local/lib/python3.8/site-packages/airflow/example_dags/example_setup_teardown.py
[2026-01-02T04:40:46.428+0000] {processor.py:840} INFO - DAG(s) 'example_setup_teardown' retrieved from /home/airflow/.local/lib/python3.8/site-packages/airflow/example_dags/example_setup_teardown.py
[2026-01-02T04:40:46.438+0000] {logging_mixin.py:188} INFO - [2026-01-02T04:40:46.438+0000] {dag.py:3033} INFO - Sync 1 DAGs
[2026-01-02T04:40:46.447+0000] {logging_mixin.py:188} INFO - [2026-01-02T04:40:46.447+0000] {dag.py:3820} INFO - Setting next_dagrun for example_setup_teardown to 2026-01-01T00:00:00+00:00, run_after=2026-01-02T00:00:00+00:00
[2026-01-02T04:40:46.456+0000] {processor.py:183} INFO - Processing /home/airflow/.local/lib/python3.8/site-packages/airflow/example_dags/example_setup_teardown.py took 0.034 seconds
[2026-01-02T04:41:16.578+0000] {processor.py:161} INFO - Started process (PID=333) to work on /home/airflow/.local/lib/python3.8/site-packages/airflow/example_dags/example_setup_teardown.py
[2026-01-02T04:41:16.579+0000] {processor.py:830} INFO - Processing file /home/airflow/.local/lib/python3.8/site-packages/airflow/example_dags/example_setup_teardown.py for tasks to queue
[2026-01-02T04:41:16.580+0000] {logging_mixin.py:188} INFO - [2026-01-02T04:41:16.580+0000] {dagbag.py:538} INFO - Filling up the DagBag from /home/airflow/.local/lib/python3.8/site-packages/airflow/example_dags/example_setup_teardown.py
[2026-01-02T04:41:16.583+0000] {processor.py:840} INFO - DAG(s) 'example_setup_teardown' retrieved from /home/airflow/.local/lib/python3.8/site-packages/airflow/example_dags/example_setup_teardown.py
[2026-01-02T04:41:16.592+0000] {logging_mixin.py:188} INFO - [2026-01-02T04:41:16.592+0000] {dag.py:3033} INFO - Sync 1 DAGs
[2026-01-02T04:41:16.601+0000] {logging_mixin.py:188} INFO - [2026-01-02T04:41:16.601+0000] {dag.py:3820} INFO - Setting next_dagrun for example_setup_teardown to 2026-01-01T00:00:00+00:00, run_after=2026-01-02T00:00:00+00:00
[2026-01-02T04:41:16.610+0000] {processor.py:183} INFO - Processing /home/airflow/.local/lib/python3.8/site-packages/airflow/example_dags/example_setup_teardown.py took 0.033 seconds
[2026-01-02T04:41:46.826+0000] {processor.py:161} INFO - Started process (PID=388) to work on /home/airflow/.local/lib/python3.8/site-packages/airflow/example_dags/example_setup_teardown.py
[2026-01-02T04:41:46.827+0000] {processor.py:830} INFO - Processing file /home/airflow/.local/lib/python3.8/site-packages/airflow/example_dags/example_setup_teardown.py for tasks to queue
[2026-01-02T04:41:46.828+0000] {logging_mixin.py:188} INFO - [2026-01-02T04:41:46.828+0000] {dagbag.py:538} INFO - Filling up the DagBag from /home/airflow/.local/lib/python3.8/site-packages/airflow/example_dags/example_setup_teardown.py
[2026-01-02T04:41:46.831+0000] {processor.py:840} INFO - DAG(s) 'example_setup_teardown' retrieved from /home/airflow/.local/lib/python3.8/site-packages/airflow/example_dags/example_setup_teardown.py
[2026-01-02T04:41:46.841+0000] {logging_mixin.py:188} INFO - [2026-01-02T04:41:46.841+0000] {dag.py:3033} INFO - Sync 1 DAGs
[2026-01-02T04:41:46.851+0000] {logging_mixin.py:188} INFO - [2026-01-02T04:41:46.851+0000] {dag.py:3820} INFO - Setting next_dagrun for example_setup_teardown to 2026-01-01T00:00:00+00:00, run_after=2026-01-02T00:00:00+00:00
[2026-01-02T04:41:46.860+0000] {processor.py:183} INFO - Processing /home/airflow/.local/lib/python3.8/site-packages/airflow/example_dags/example_setup_teardown.py took 0.035 seconds
[2026-01-02T04:42:16.966+0000] {processor.py:161} INFO - Started process (PID=443) to work on /home/airflow/.local/lib/python3.8/site-packages/airflow/example_dags/example_setup_teardown.py
[2026-01-02T04:42:16.966+0000] {processor.py:830} INFO - Processing file /home/airflow/.local/lib/python3.8/site-packages/airflow/example_dags/example_setup_teardown.py for tasks to queue
[2026-01-02T04:42:16.967+0000] {logging_mixin.py:188} INFO - [2026-01-02T04:42:16.967+0000] {dagbag.py:538} INFO - Filling up the DagBag from /home/airflow/.local/lib/python3.8/site-packages/airflow/example_dags/example_setup_teardown.py
[2026-01-02T04:42:16.971+0000] {processor.py:840} INFO - DAG(s) 'example_setup_teardown' retrieved from /home/airflow/.local/lib/python3.8/site-packages/airflow/example_dags/example_setup_teardown.py
[2026-01-02T04:42:16.981+0000] {logging_mixin.py:188} INFO - [2026-01-02T04:42:16.981+0000] {dag.py:3033} INFO - Sync 1 DAGs
[2026-01-02T04:42:16.991+0000] {logging_mixin.py:188} INFO - [2026-01-02T04:42:16.991+0000] {dag.py:3820} INFO - Setting next_dagrun for example_setup_teardown to 2026-01-01T00:00:00+00:00, run_after=2026-01-02T00:00:00+00:00
[2026-01-02T04:42:17.000+0000] {processor.py:183} INFO - Processing /home/airflow/.local/lib/python3.8/site-packages/airflow/example_dags/example_setup_teardown.py took 0.036 seconds
[2026-01-02T04:42:47.190+0000] {processor.py:161} INFO - Started process (PID=498) to work on /home/airflow/.local/lib/python3.8/site-packages/airflow/example_dags/example_setup_teardown.py
[2026-01-02T04:42:47.190+0000] {processor.py:830} INFO - Processing file /home/airflow/.local/lib/python3.8/site-packages/airflow/example_dags/example_setup_teardown.py for tasks to queue
[2026-01-02T04:42:47.191+0000] {logging_mixin.py:188} INFO - [2026-01-02T04:42:47.191+0000] {dagbag.py:538} INFO - Filling up the DagBag from /home/airflow/.local/lib/python3.8/site-packages/airflow/example_dags/example_setup_teardown.py
[2026-01-02T04:42:47.194+0000] {processor.py:840} INFO - DAG(s) 'example_setup_teardown' retrieved from /home/airflow/.local/lib/python3.8/site-packages/airflow/example_dags/example_setup_teardown.py
[2026-01-02T04:42:47.203+0000] {logging_mixin.py:188} INFO - [2026-01-02T04:42:47.203+0000] {dag.py:3033} INFO - Sync 1 DAGs
[2026-01-02T04:42:47.212+0000] {logging_mixin.py:188} INFO - [2026-01-02T04:42:47.212+0000] {dag.py:3820} INFO - Setting next_dagrun for example_setup_teardown to 2026-01-01T00:00:00+00:00, run_after=2026-01-02T00:00:00+00:00
[2026-01-02T04:42:47.222+0000] {processor.py:183} INFO - Processing /home/airflow/.local/lib/python3.8/site-packages/airflow/example_dags/example_setup_teardown.py took 0.033 seconds
[2026-01-02T04:43:17.360+0000] {processor.py:161} INFO - Started process (PID=553) to work on /home/airflow/.local/lib/python3.8/site-packages/airflow/example_dags/example_setup_teardown.py
[2026-01-02T04:43:17.360+0000] {processor.py:830} INFO - Processing file /home/airflow/.local/lib/python3.8/site-packages/airflow/example_dags/example_setup_teardown.py for tasks to queue
[2026-01-02T04:43:17.361+0000] {logging_mixin.py:188} INFO - [2026-01-02T04:43:17.361+0000] {dagbag.py:538} INFO - Filling up the DagBag from /home/airflow/.local/lib/python3.8/site-packages/airflow/example_dags/example_setup_teardown.py
[2026-01-02T04:43:17.364+0000] {processor.py:840} INFO - DAG(s) 'example_setup_teardown' retrieved from /home/airflow/.local/lib/python3.8/site-packages/airflow/example_dags/example_setup_teardown.py
[2026-01-02T04:43:17.374+0000] {logging_mixin.py:188} INFO - [2026-01-02T04:43:17.374+0000] {dag.py:3033} INFO - Sync 1 DAGs
[2026-01-02T04:43:17.384+0000] {logging_mixin.py:188} INFO - [2026-01-02T04:43:17.383+0000] {dag.py:3820} INFO - Setting next_dagrun for example_setup_teardown to 2026-01-01T00:00:00+00:00, run_after=2026-01-02T00:00:00+00:00
[2026-01-02T04:43:17.393+0000] {processor.py:183} INFO - Processing /home/airflow/.local/lib/python3.8/site-packages/airflow/example_dags/example_setup_teardown.py took 0.034 seconds
[2026-01-02T04:43:47.640+0000] {processor.py:161} INFO - Started process (PID=608) to work on /home/airflow/.local/lib/python3.8/site-packages/airflow/example_dags/example_setup_teardown.py
[2026-01-02T04:43:47.640+0000] {processor.py:830} INFO - Processing file /home/airflow/.local/lib/python3.8/site-packages/airflow/example_dags/example_setup_teardown.py for tasks to queue
[2026-01-02T04:43:47.641+0000] {logging_mixin.py:188} INFO - [2026-01-02T04:43:47.641+0000] {dagbag.py:538} INFO - Filling up the DagBag from /home/airflow/.local/lib/python3.8/site-packages/airflow/example_dags/example_setup_teardown.py
[2026-01-02T04:43:47.644+0000] {processor.py:840} INFO - DAG(s) 'example_setup_teardown' retrieved from /home/airflow/.local/lib/python3.8/site-packages/airflow/example_dags/example_setup_teardown.py
[2026-01-02T04:43:47.657+0000] {logging_mixin.py:188} INFO - [2026-01-02T04:43:47.657+0000] {dag.py:3033} INFO - Sync 1 DAGs
[2026-01-02T04:43:47.666+0000] {logging_mixin.py:188} INFO - [2026-01-02T04:43:47.666+0000] {dag.py:3820} INFO - Setting next_dagrun for example_setup_teardown to 2026-01-01T00:00:00+00:00, run_after=2026-01-02T00:00:00+00:00
[2026-01-02T04:43:47.676+0000] {processor.py:183} INFO - Processing /home/airflow/.local/lib/python3.8/site-packages/airflow/example_dags/example_setup_teardown.py took 0.037 seconds
[2026-01-02T04:44:17.919+0000] {processor.py:161} INFO - Started process (PID=670) to work on /home/airflow/.local/lib/python3.8/site-packages/airflow/example_dags/example_setup_teardown.py
[2026-01-02T04:44:17.919+0000] {processor.py:830} INFO - Processing file /home/airflow/.local/lib/python3.8/site-packages/airflow/example_dags/example_setup_teardown.py for tasks to queue
[2026-01-02T04:44:17.920+0000] {logging_mixin.py:188} INFO - [2026-01-02T04:44:17.920+0000] {dagbag.py:538} INFO - Filling up the DagBag from /home/airflow/.local/lib/python3.8/site-packages/airflow/example_dags/example_setup_teardown.py
[2026-01-02T04:44:17.923+0000] {processor.py:840} INFO - DAG(s) 'example_setup_teardown' retrieved from /home/airflow/.local/lib/python3.8/site-packages/airflow/example_dags/example_setup_teardown.py
[2026-01-02T04:44:17.936+0000] {logging_mixin.py:188} INFO - [2026-01-02T04:44:17.936+0000] {dag.py:3033} INFO - Sync 1 DAGs
[2026-01-02T04:44:17.946+0000] {logging_mixin.py:188} INFO - [2026-01-02T04:44:17.946+0000] {dag.py:3820} INFO - Setting next_dagrun for example_setup_teardown to 2026-01-01T00:00:00+00:00, run_after=2026-01-02T00:00:00+00:00
[2026-01-02T04:44:17.958+0000] {processor.py:183} INFO - Processing /home/airflow/.local/lib/python3.8/site-packages/airflow/example_dags/example_setup_teardown.py took 0.040 seconds
[2026-01-02T04:44:48.126+0000] {processor.py:161} INFO - Started process (PID=732) to work on /home/airflow/.local/lib/python3.8/site-packages/airflow/example_dags/example_setup_teardown.py
[2026-01-02T04:44:48.127+0000] {processor.py:830} INFO - Processing file /home/airflow/.local/lib/python3.8/site-packages/airflow/example_dags/example_setup_teardown.py for tasks to queue
[2026-01-02T04:44:48.128+0000] {logging_mixin.py:188} INFO - [2026-01-02T04:44:48.128+0000] {dagbag.py:538} INFO - Filling up the DagBag from /home/airflow/.local/lib/python3.8/site-packages/airflow/example_dags/example_setup_teardown.py
[2026-01-02T04:44:48.131+0000] {processor.py:840} INFO - DAG(s) 'example_setup_teardown' retrieved from /home/airflow/.local/lib/python3.8/site-packages/airflow/example_dags/example_setup_teardown.py
[2026-01-02T04:44:48.141+0000] {logging_mixin.py:188} INFO - [2026-01-02T04:44:48.141+0000] {dag.py:3033} INFO - Sync 1 DAGs
[2026-01-02T04:44:48.152+0000] {logging_mixin.py:188} INFO - [2026-01-02T04:44:48.152+0000] {dag.py:3820} INFO - Setting next_dagrun for example_setup_teardown to 2026-01-01T00:00:00+00:00, run_after=2026-01-02T00:00:00+00:00
[2026-01-02T04:44:48.164+0000] {processor.py:183} INFO - Processing /home/airflow/.local/lib/python3.8/site-packages/airflow/example_dags/example_setup_teardown.py took 0.039 seconds
[2026-01-02T04:45:18.415+0000] {processor.py:161} INFO - Started process (PID=787) to work on /home/airflow/.local/lib/python3.8/site-packages/airflow/example_dags/example_setup_teardown.py
[2026-01-02T04:45:18.415+0000] {processor.py:830} INFO - Processing file /home/airflow/.local/lib/python3.8/site-packages/airflow/example_dags/example_setup_teardown.py for tasks to queue
[2026-01-02T04:45:18.416+0000] {logging_mixin.py:188} INFO - [2026-01-02T04:45:18.416+0000] {dagbag.py:538} INFO - Filling up the DagBag from /home/airflow/.local/lib/python3.8/site-packages/airflow/example_dags/example_setup_teardown.py
[2026-01-02T04:45:18.419+0000] {processor.py:840} INFO - DAG(s) 'example_setup_teardown' retrieved from /home/airflow/.local/lib/python3.8/site-packages/airflow/example_dags/example_setup_teardown.py
[2026-01-02T04:45:18.437+0000] {logging_mixin.py:188} INFO - [2026-01-02T04:45:18.437+0000] {dag.py:3033} INFO - Sync 1 DAGs
[2026-01-02T04:45:18.448+0000] {logging_mixin.py:188} INFO - [2026-01-02T04:45:18.448+0000] {dag.py:3820} INFO - Setting next_dagrun for example_setup_teardown to 2026-01-01T00:00:00+00:00, run_after=2026-01-02T00:00:00+00:00
[2026-01-02T04:45:18.459+0000] {processor.py:183} INFO - Processing /home/airflow/.local/lib/python3.8/site-packages/airflow/example_dags/example_setup_teardown.py took 0.045 seconds
[2026-01-02T04:45:48.783+0000] {processor.py:161} INFO - Started process (PID=842) to work on /home/airflow/.local/lib/python3.8/site-packages/airflow/example_dags/example_setup_teardown.py
[2026-01-02T04:45:48.784+0000] {processor.py:830} INFO - Processing file /home/airflow/.local/lib/python3.8/site-packages/airflow/example_dags/example_setup_teardown.py for tasks to queue
[2026-01-02T04:45:48.785+0000] {logging_mixin.py:188} INFO - [2026-01-02T04:45:48.784+0000] {dagbag.py:538} INFO - Filling up the DagBag from /home/airflow/.local/lib/python3.8/site-packages/airflow/example_dags/example_setup_teardown.py
[2026-01-02T04:45:48.787+0000] {processor.py:840} INFO - DAG(s) 'example_setup_teardown' retrieved from /home/airflow/.local/lib/python3.8/site-packages/airflow/example_dags/example_setup_teardown.py
[2026-01-02T04:45:48.799+0000] {logging_mixin.py:188} INFO - [2026-01-02T04:45:48.799+0000] {dag.py:3033} INFO - Sync 1 DAGs
[2026-01-02T04:45:48.810+0000] {logging_mixin.py:188} INFO - [2026-01-02T04:45:48.810+0000] {dag.py:3820} INFO - Setting next_dagrun for example_setup_teardown to 2026-01-01T00:00:00+00:00, run_after=2026-01-02T00:00:00+00:00
[2026-01-02T04:45:48.820+0000] {processor.py:183} INFO - Processing /home/airflow/.local/lib/python3.8/site-packages/airflow/example_dags/example_setup_teardown.py took 0.038 seconds
[2026-01-02T04:46:19.063+0000] {processor.py:161} INFO - Started process (PID=897) to work on /home/airflow/.local/lib/python3.8/site-packages/airflow/example_dags/example_setup_teardown.py
[2026-01-02T04:46:19.064+0000] {processor.py:830} INFO - Processing file /home/airflow/.local/lib/python3.8/site-packages/airflow/example_dags/example_setup_teardown.py for tasks to queue
[2026-01-02T04:46:19.065+0000] {logging_mixin.py:188} INFO - [2026-01-02T04:46:19.065+0000] {dagbag.py:538} INFO - Filling up the DagBag from /home/airflow/.local/lib/python3.8/site-packages/airflow/example_dags/example_setup_teardown.py
[2026-01-02T04:46:19.067+0000] {processor.py:840} INFO - DAG(s) 'example_setup_teardown' retrieved from /home/airflow/.local/lib/python3.8/site-packages/airflow/example_dags/example_setup_teardown.py
[2026-01-02T04:46:19.078+0000] {logging_mixin.py:188} INFO - [2026-01-02T04:46:19.078+0000] {dag.py:3033} INFO - Sync 1 DAGs
[2026-01-02T04:46:19.087+0000] {logging_mixin.py:188} INFO - [2026-01-02T04:46:19.087+0000] {dag.py:3820} INFO - Setting next_dagrun for example_setup_teardown to 2026-01-01T00:00:00+00:00, run_after=2026-01-02T00:00:00+00:00
[2026-01-02T04:46:19.099+0000] {processor.py:183} INFO - Processing /home/airflow/.local/lib/python3.8/site-packages/airflow/example_dags/example_setup_teardown.py took 0.037 seconds
[2026-01-02T04:46:49.374+0000] {processor.py:161} INFO - Started process (PID=952) to work on /home/airflow/.local/lib/python3.8/site-packages/airflow/example_dags/example_setup_teardown.py
[2026-01-02T04:46:49.375+0000] {processor.py:830} INFO - Processing file /home/airflow/.local/lib/python3.8/site-packages/airflow/example_dags/example_setup_teardown.py for tasks to queue
[2026-01-02T04:46:49.376+0000] {logging_mixin.py:188} INFO - [2026-01-02T04:46:49.376+0000] {dagbag.py:538} INFO - Filling up the DagBag from /home/airflow/.local/lib/python3.8/site-packages/airflow/example_dags/example_setup_teardown.py
[2026-01-02T04:46:49.379+0000] {processor.py:840} INFO - DAG(s) 'example_setup_teardown' retrieved from /home/airflow/.local/lib/python3.8/site-packages/airflow/example_dags/example_setup_teardown.py
[2026-01-02T04:46:49.388+0000] {logging_mixin.py:188} INFO - [2026-01-02T04:46:49.388+0000] {dag.py:3033} INFO - Sync 1 DAGs
[2026-01-02T04:46:49.398+0000] {logging_mixin.py:188} INFO - [2026-01-02T04:46:49.398+0000] {dag.py:3820} INFO - Setting next_dagrun for example_setup_teardown to 2026-01-01T00:00:00+00:00, run_after=2026-01-02T00:00:00+00:00
[2026-01-02T04:46:49.408+0000] {processor.py:183} INFO - Processing /home/airflow/.local/lib/python3.8/site-packages/airflow/example_dags/example_setup_teardown.py took 0.035 seconds
[2026-01-02T04:47:19.673+0000] {processor.py:161} INFO - Started process (PID=1007) to work on /home/airflow/.local/lib/python3.8/site-packages/airflow/example_dags/example_setup_teardown.py
[2026-01-02T04:47:19.673+0000] {processor.py:830} INFO - Processing file /home/airflow/.local/lib/python3.8/site-packages/airflow/example_dags/example_setup_teardown.py for tasks to queue
[2026-01-02T04:47:19.674+0000] {logging_mixin.py:188} INFO - [2026-01-02T04:47:19.674+0000] {dagbag.py:538} INFO - Filling up the DagBag from /home/airflow/.local/lib/python3.8/site-packages/airflow/example_dags/example_setup_teardown.py
[2026-01-02T04:47:19.677+0000] {processor.py:840} INFO - DAG(s) 'example_setup_teardown' retrieved from /home/airflow/.local/lib/python3.8/site-packages/airflow/example_dags/example_setup_teardown.py
[2026-01-02T04:47:19.690+0000] {logging_mixin.py:188} INFO - [2026-01-02T04:47:19.690+0000] {dag.py:3033} INFO - Sync 1 DAGs
[2026-01-02T04:47:19.701+0000] {logging_mixin.py:188} INFO - [2026-01-02T04:47:19.701+0000] {dag.py:3820} INFO - Setting next_dagrun for example_setup_teardown to 2026-01-01T00:00:00+00:00, run_after=2026-01-02T00:00:00+00:00
[2026-01-02T04:47:19.710+0000] {processor.py:183} INFO - Processing /home/airflow/.local/lib/python3.8/site-packages/airflow/example_dags/example_setup_teardown.py took 0.039 seconds
