[2026-01-02T04:28:04.768+0000] {processor.py:161} INFO - Started process (PID=75) to work on /home/airflow/.local/lib/python3.8/site-packages/airflow/example_dags/example_setup_teardown_taskflow.py
[2026-01-02T04:28:04.768+0000] {processor.py:830} INFO - Processing file /home/airflow/.local/lib/python3.8/site-packages/airflow/example_dags/example_setup_teardown_taskflow.py for tasks to queue
[2026-01-02T04:28:04.769+0000] {logging_mixin.py:188} INFO - [2026-01-02T04:28:04.769+0000] {dagbag.py:538} INFO - Filling up the DagBag from /home/airflow/.local/lib/python3.8/site-packages/airflow/example_dags/example_setup_teardown_taskflow.py
[2026-01-02T04:28:04.774+0000] {processor.py:840} INFO - DAG(s) 'example_setup_teardown_taskflow' retrieved from /home/airflow/.local/lib/python3.8/site-packages/airflow/example_dags/example_setup_teardown_taskflow.py
[2026-01-02T04:28:04.825+0000] {logging_mixin.py:188} INFO - [2026-01-02T04:28:04.825+0000] {override.py:1769} INFO - Created Permission View: can edit on DAG:example_setup_teardown_taskflow
[2026-01-02T04:28:04.832+0000] {logging_mixin.py:188} INFO - [2026-01-02T04:28:04.832+0000] {override.py:1769} INFO - Created Permission View: can delete on DAG:example_setup_teardown_taskflow
[2026-01-02T04:28:04.837+0000] {logging_mixin.py:188} INFO - [2026-01-02T04:28:04.837+0000] {override.py:1769} INFO - Created Permission View: can read on DAG:example_setup_teardown_taskflow
[2026-01-02T04:28:04.837+0000] {logging_mixin.py:188} INFO - [2026-01-02T04:28:04.837+0000] {dag.py:3033} INFO - Sync 1 DAGs
[2026-01-02T04:28:04.844+0000] {logging_mixin.py:188} INFO - [2026-01-02T04:28:04.844+0000] {dag.py:3055} INFO - Creating ORM DAG for example_setup_teardown_taskflow
[2026-01-02T04:28:04.851+0000] {logging_mixin.py:188} INFO - [2026-01-02T04:28:04.851+0000] {dag.py:3820} INFO - Setting next_dagrun for example_setup_teardown_taskflow to 2026-01-01T00:00:00+00:00, run_after=2026-01-02T00:00:00+00:00
[2026-01-02T04:28:04.863+0000] {processor.py:183} INFO - Processing /home/airflow/.local/lib/python3.8/site-packages/airflow/example_dags/example_setup_teardown_taskflow.py took 0.096 seconds
[2026-01-02T04:28:35.378+0000] {processor.py:161} INFO - Started process (PID=130) to work on /home/airflow/.local/lib/python3.8/site-packages/airflow/example_dags/example_setup_teardown_taskflow.py
[2026-01-02T04:28:35.379+0000] {processor.py:830} INFO - Processing file /home/airflow/.local/lib/python3.8/site-packages/airflow/example_dags/example_setup_teardown_taskflow.py for tasks to queue
[2026-01-02T04:28:35.380+0000] {logging_mixin.py:188} INFO - [2026-01-02T04:28:35.380+0000] {dagbag.py:538} INFO - Filling up the DagBag from /home/airflow/.local/lib/python3.8/site-packages/airflow/example_dags/example_setup_teardown_taskflow.py
[2026-01-02T04:28:35.383+0000] {processor.py:840} INFO - DAG(s) 'example_setup_teardown_taskflow' retrieved from /home/airflow/.local/lib/python3.8/site-packages/airflow/example_dags/example_setup_teardown_taskflow.py
[2026-01-02T04:28:35.395+0000] {logging_mixin.py:188} INFO - [2026-01-02T04:28:35.394+0000] {dag.py:3033} INFO - Sync 1 DAGs
[2026-01-02T04:28:35.404+0000] {logging_mixin.py:188} INFO - [2026-01-02T04:28:35.404+0000] {dag.py:3820} INFO - Setting next_dagrun for example_setup_teardown_taskflow to 2026-01-01T00:00:00+00:00, run_after=2026-01-02T00:00:00+00:00
[2026-01-02T04:28:35.417+0000] {processor.py:183} INFO - Processing /home/airflow/.local/lib/python3.8/site-packages/airflow/example_dags/example_setup_teardown_taskflow.py took 0.040 seconds
[2026-01-02T04:30:00.196+0000] {processor.py:161} INFO - Started process (PID=67) to work on /home/airflow/.local/lib/python3.8/site-packages/airflow/example_dags/example_setup_teardown_taskflow.py
[2026-01-02T04:30:00.196+0000] {processor.py:830} INFO - Processing file /home/airflow/.local/lib/python3.8/site-packages/airflow/example_dags/example_setup_teardown_taskflow.py for tasks to queue
[2026-01-02T04:30:00.198+0000] {logging_mixin.py:188} INFO - [2026-01-02T04:30:00.197+0000] {dagbag.py:538} INFO - Filling up the DagBag from /home/airflow/.local/lib/python3.8/site-packages/airflow/example_dags/example_setup_teardown_taskflow.py
[2026-01-02T04:30:00.204+0000] {processor.py:840} INFO - DAG(s) 'example_setup_teardown_taskflow' retrieved from /home/airflow/.local/lib/python3.8/site-packages/airflow/example_dags/example_setup_teardown_taskflow.py
[2026-01-02T04:30:00.213+0000] {logging_mixin.py:188} INFO - [2026-01-02T04:30:00.213+0000] {dag.py:3033} INFO - Sync 1 DAGs
[2026-01-02T04:30:00.230+0000] {logging_mixin.py:188} INFO - [2026-01-02T04:30:00.230+0000] {dag.py:3820} INFO - Setting next_dagrun for example_setup_teardown_taskflow to 2026-01-01T00:00:00+00:00, run_after=2026-01-02T00:00:00+00:00
[2026-01-02T04:30:00.250+0000] {processor.py:183} INFO - Processing /home/airflow/.local/lib/python3.8/site-packages/airflow/example_dags/example_setup_teardown_taskflow.py took 0.056 seconds
[2026-01-02T04:30:31.254+0000] {processor.py:161} INFO - Started process (PID=122) to work on /home/airflow/.local/lib/python3.8/site-packages/airflow/example_dags/example_setup_teardown_taskflow.py
[2026-01-02T04:30:31.255+0000] {processor.py:830} INFO - Processing file /home/airflow/.local/lib/python3.8/site-packages/airflow/example_dags/example_setup_teardown_taskflow.py for tasks to queue
[2026-01-02T04:30:31.256+0000] {logging_mixin.py:188} INFO - [2026-01-02T04:30:31.256+0000] {dagbag.py:538} INFO - Filling up the DagBag from /home/airflow/.local/lib/python3.8/site-packages/airflow/example_dags/example_setup_teardown_taskflow.py
[2026-01-02T04:30:31.260+0000] {processor.py:840} INFO - DAG(s) 'example_setup_teardown_taskflow' retrieved from /home/airflow/.local/lib/python3.8/site-packages/airflow/example_dags/example_setup_teardown_taskflow.py
[2026-01-02T04:30:31.313+0000] {logging_mixin.py:188} INFO - [2026-01-02T04:30:31.313+0000] {dag.py:3033} INFO - Sync 1 DAGs
[2026-01-02T04:30:31.323+0000] {logging_mixin.py:188} INFO - [2026-01-02T04:30:31.322+0000] {dag.py:3820} INFO - Setting next_dagrun for example_setup_teardown_taskflow to 2026-01-01T00:00:00+00:00, run_after=2026-01-02T00:00:00+00:00
[2026-01-02T04:30:31.337+0000] {processor.py:183} INFO - Processing /home/airflow/.local/lib/python3.8/site-packages/airflow/example_dags/example_setup_teardown_taskflow.py took 0.084 seconds
[2026-01-02T04:31:02.219+0000] {processor.py:161} INFO - Started process (PID=177) to work on /home/airflow/.local/lib/python3.8/site-packages/airflow/example_dags/example_setup_teardown_taskflow.py
[2026-01-02T04:31:02.219+0000] {processor.py:830} INFO - Processing file /home/airflow/.local/lib/python3.8/site-packages/airflow/example_dags/example_setup_teardown_taskflow.py for tasks to queue
[2026-01-02T04:31:02.221+0000] {logging_mixin.py:188} INFO - [2026-01-02T04:31:02.221+0000] {dagbag.py:538} INFO - Filling up the DagBag from /home/airflow/.local/lib/python3.8/site-packages/airflow/example_dags/example_setup_teardown_taskflow.py
[2026-01-02T04:31:02.225+0000] {processor.py:840} INFO - DAG(s) 'example_setup_teardown_taskflow' retrieved from /home/airflow/.local/lib/python3.8/site-packages/airflow/example_dags/example_setup_teardown_taskflow.py
[2026-01-02T04:31:02.237+0000] {logging_mixin.py:188} INFO - [2026-01-02T04:31:02.237+0000] {dag.py:3033} INFO - Sync 1 DAGs
[2026-01-02T04:31:02.248+0000] {logging_mixin.py:188} INFO - [2026-01-02T04:31:02.248+0000] {dag.py:3820} INFO - Setting next_dagrun for example_setup_teardown_taskflow to 2026-01-01T00:00:00+00:00, run_after=2026-01-02T00:00:00+00:00
[2026-01-02T04:31:02.260+0000] {processor.py:183} INFO - Processing /home/airflow/.local/lib/python3.8/site-packages/airflow/example_dags/example_setup_teardown_taskflow.py took 0.043 seconds
[2026-01-02T04:31:32.645+0000] {processor.py:161} INFO - Started process (PID=232) to work on /home/airflow/.local/lib/python3.8/site-packages/airflow/example_dags/example_setup_teardown_taskflow.py
[2026-01-02T04:31:32.649+0000] {processor.py:830} INFO - Processing file /home/airflow/.local/lib/python3.8/site-packages/airflow/example_dags/example_setup_teardown_taskflow.py for tasks to queue
[2026-01-02T04:31:32.650+0000] {logging_mixin.py:188} INFO - [2026-01-02T04:31:32.649+0000] {dagbag.py:538} INFO - Filling up the DagBag from /home/airflow/.local/lib/python3.8/site-packages/airflow/example_dags/example_setup_teardown_taskflow.py
[2026-01-02T04:31:32.655+0000] {processor.py:840} INFO - DAG(s) 'example_setup_teardown_taskflow' retrieved from /home/airflow/.local/lib/python3.8/site-packages/airflow/example_dags/example_setup_teardown_taskflow.py
[2026-01-02T04:31:32.668+0000] {logging_mixin.py:188} INFO - [2026-01-02T04:31:32.667+0000] {dag.py:3033} INFO - Sync 1 DAGs
[2026-01-02T04:31:32.678+0000] {logging_mixin.py:188} INFO - [2026-01-02T04:31:32.677+0000] {dag.py:3820} INFO - Setting next_dagrun for example_setup_teardown_taskflow to 2026-01-01T00:00:00+00:00, run_after=2026-01-02T00:00:00+00:00
[2026-01-02T04:31:32.691+0000] {processor.py:183} INFO - Processing /home/airflow/.local/lib/python3.8/site-packages/airflow/example_dags/example_setup_teardown_taskflow.py took 0.048 seconds
[2026-01-02T04:32:03.107+0000] {processor.py:161} INFO - Started process (PID=287) to work on /home/airflow/.local/lib/python3.8/site-packages/airflow/example_dags/example_setup_teardown_taskflow.py
[2026-01-02T04:32:03.107+0000] {processor.py:830} INFO - Processing file /home/airflow/.local/lib/python3.8/site-packages/airflow/example_dags/example_setup_teardown_taskflow.py for tasks to queue
[2026-01-02T04:32:03.108+0000] {logging_mixin.py:188} INFO - [2026-01-02T04:32:03.108+0000] {dagbag.py:538} INFO - Filling up the DagBag from /home/airflow/.local/lib/python3.8/site-packages/airflow/example_dags/example_setup_teardown_taskflow.py
[2026-01-02T04:32:03.113+0000] {processor.py:840} INFO - DAG(s) 'example_setup_teardown_taskflow' retrieved from /home/airflow/.local/lib/python3.8/site-packages/airflow/example_dags/example_setup_teardown_taskflow.py
[2026-01-02T04:32:03.126+0000] {logging_mixin.py:188} INFO - [2026-01-02T04:32:03.126+0000] {dag.py:3033} INFO - Sync 1 DAGs
[2026-01-02T04:32:03.136+0000] {logging_mixin.py:188} INFO - [2026-01-02T04:32:03.136+0000] {dag.py:3820} INFO - Setting next_dagrun for example_setup_teardown_taskflow to 2026-01-01T00:00:00+00:00, run_after=2026-01-02T00:00:00+00:00
[2026-01-02T04:32:03.149+0000] {processor.py:183} INFO - Processing /home/airflow/.local/lib/python3.8/site-packages/airflow/example_dags/example_setup_teardown_taskflow.py took 0.043 seconds
[2026-01-02T04:32:33.425+0000] {processor.py:161} INFO - Started process (PID=342) to work on /home/airflow/.local/lib/python3.8/site-packages/airflow/example_dags/example_setup_teardown_taskflow.py
[2026-01-02T04:32:33.425+0000] {processor.py:830} INFO - Processing file /home/airflow/.local/lib/python3.8/site-packages/airflow/example_dags/example_setup_teardown_taskflow.py for tasks to queue
[2026-01-02T04:32:33.426+0000] {logging_mixin.py:188} INFO - [2026-01-02T04:32:33.426+0000] {dagbag.py:538} INFO - Filling up the DagBag from /home/airflow/.local/lib/python3.8/site-packages/airflow/example_dags/example_setup_teardown_taskflow.py
[2026-01-02T04:32:33.430+0000] {processor.py:840} INFO - DAG(s) 'example_setup_teardown_taskflow' retrieved from /home/airflow/.local/lib/python3.8/site-packages/airflow/example_dags/example_setup_teardown_taskflow.py
[2026-01-02T04:32:33.441+0000] {logging_mixin.py:188} INFO - [2026-01-02T04:32:33.441+0000] {dag.py:3033} INFO - Sync 1 DAGs
[2026-01-02T04:32:33.451+0000] {logging_mixin.py:188} INFO - [2026-01-02T04:32:33.451+0000] {dag.py:3820} INFO - Setting next_dagrun for example_setup_teardown_taskflow to 2026-01-01T00:00:00+00:00, run_after=2026-01-02T00:00:00+00:00
[2026-01-02T04:32:33.463+0000] {processor.py:183} INFO - Processing /home/airflow/.local/lib/python3.8/site-packages/airflow/example_dags/example_setup_teardown_taskflow.py took 0.040 seconds
[2026-01-02T04:33:03.704+0000] {processor.py:161} INFO - Started process (PID=397) to work on /home/airflow/.local/lib/python3.8/site-packages/airflow/example_dags/example_setup_teardown_taskflow.py
[2026-01-02T04:33:03.705+0000] {processor.py:830} INFO - Processing file /home/airflow/.local/lib/python3.8/site-packages/airflow/example_dags/example_setup_teardown_taskflow.py for tasks to queue
[2026-01-02T04:33:03.706+0000] {logging_mixin.py:188} INFO - [2026-01-02T04:33:03.706+0000] {dagbag.py:538} INFO - Filling up the DagBag from /home/airflow/.local/lib/python3.8/site-packages/airflow/example_dags/example_setup_teardown_taskflow.py
[2026-01-02T04:33:03.710+0000] {processor.py:840} INFO - DAG(s) 'example_setup_teardown_taskflow' retrieved from /home/airflow/.local/lib/python3.8/site-packages/airflow/example_dags/example_setup_teardown_taskflow.py
[2026-01-02T04:33:03.720+0000] {logging_mixin.py:188} INFO - [2026-01-02T04:33:03.720+0000] {dag.py:3033} INFO - Sync 1 DAGs
[2026-01-02T04:33:03.732+0000] {logging_mixin.py:188} INFO - [2026-01-02T04:33:03.732+0000] {dag.py:3820} INFO - Setting next_dagrun for example_setup_teardown_taskflow to 2026-01-01T00:00:00+00:00, run_after=2026-01-02T00:00:00+00:00
[2026-01-02T04:33:03.745+0000] {processor.py:183} INFO - Processing /home/airflow/.local/lib/python3.8/site-packages/airflow/example_dags/example_setup_teardown_taskflow.py took 0.042 seconds
[2026-01-02T04:33:33.986+0000] {processor.py:161} INFO - Started process (PID=452) to work on /home/airflow/.local/lib/python3.8/site-packages/airflow/example_dags/example_setup_teardown_taskflow.py
[2026-01-02T04:33:33.987+0000] {processor.py:830} INFO - Processing file /home/airflow/.local/lib/python3.8/site-packages/airflow/example_dags/example_setup_teardown_taskflow.py for tasks to queue
[2026-01-02T04:33:33.988+0000] {logging_mixin.py:188} INFO - [2026-01-02T04:33:33.988+0000] {dagbag.py:538} INFO - Filling up the DagBag from /home/airflow/.local/lib/python3.8/site-packages/airflow/example_dags/example_setup_teardown_taskflow.py
[2026-01-02T04:33:33.993+0000] {processor.py:840} INFO - DAG(s) 'example_setup_teardown_taskflow' retrieved from /home/airflow/.local/lib/python3.8/site-packages/airflow/example_dags/example_setup_teardown_taskflow.py
[2026-01-02T04:33:34.003+0000] {logging_mixin.py:188} INFO - [2026-01-02T04:33:34.003+0000] {dag.py:3033} INFO - Sync 1 DAGs
[2026-01-02T04:33:34.012+0000] {logging_mixin.py:188} INFO - [2026-01-02T04:33:34.012+0000] {dag.py:3820} INFO - Setting next_dagrun for example_setup_teardown_taskflow to 2026-01-01T00:00:00+00:00, run_after=2026-01-02T00:00:00+00:00
[2026-01-02T04:33:34.023+0000] {processor.py:183} INFO - Processing /home/airflow/.local/lib/python3.8/site-packages/airflow/example_dags/example_setup_teardown_taskflow.py took 0.038 seconds
[2026-01-02T04:34:04.299+0000] {processor.py:161} INFO - Started process (PID=507) to work on /home/airflow/.local/lib/python3.8/site-packages/airflow/example_dags/example_setup_teardown_taskflow.py
[2026-01-02T04:34:04.300+0000] {processor.py:830} INFO - Processing file /home/airflow/.local/lib/python3.8/site-packages/airflow/example_dags/example_setup_teardown_taskflow.py for tasks to queue
[2026-01-02T04:34:04.301+0000] {logging_mixin.py:188} INFO - [2026-01-02T04:34:04.300+0000] {dagbag.py:538} INFO - Filling up the DagBag from /home/airflow/.local/lib/python3.8/site-packages/airflow/example_dags/example_setup_teardown_taskflow.py
[2026-01-02T04:34:04.304+0000] {processor.py:840} INFO - DAG(s) 'example_setup_teardown_taskflow' retrieved from /home/airflow/.local/lib/python3.8/site-packages/airflow/example_dags/example_setup_teardown_taskflow.py
[2026-01-02T04:34:04.314+0000] {logging_mixin.py:188} INFO - [2026-01-02T04:34:04.314+0000] {dag.py:3033} INFO - Sync 1 DAGs
[2026-01-02T04:34:04.324+0000] {logging_mixin.py:188} INFO - [2026-01-02T04:34:04.324+0000] {dag.py:3820} INFO - Setting next_dagrun for example_setup_teardown_taskflow to 2026-01-01T00:00:00+00:00, run_after=2026-01-02T00:00:00+00:00
[2026-01-02T04:34:04.338+0000] {processor.py:183} INFO - Processing /home/airflow/.local/lib/python3.8/site-packages/airflow/example_dags/example_setup_teardown_taskflow.py took 0.040 seconds
[2026-01-02T04:34:34.613+0000] {processor.py:161} INFO - Started process (PID=562) to work on /home/airflow/.local/lib/python3.8/site-packages/airflow/example_dags/example_setup_teardown_taskflow.py
[2026-01-02T04:34:34.613+0000] {processor.py:830} INFO - Processing file /home/airflow/.local/lib/python3.8/site-packages/airflow/example_dags/example_setup_teardown_taskflow.py for tasks to queue
[2026-01-02T04:34:34.614+0000] {logging_mixin.py:188} INFO - [2026-01-02T04:34:34.614+0000] {dagbag.py:538} INFO - Filling up the DagBag from /home/airflow/.local/lib/python3.8/site-packages/airflow/example_dags/example_setup_teardown_taskflow.py
[2026-01-02T04:34:34.619+0000] {processor.py:840} INFO - DAG(s) 'example_setup_teardown_taskflow' retrieved from /home/airflow/.local/lib/python3.8/site-packages/airflow/example_dags/example_setup_teardown_taskflow.py
[2026-01-02T04:34:34.629+0000] {logging_mixin.py:188} INFO - [2026-01-02T04:34:34.629+0000] {dag.py:3033} INFO - Sync 1 DAGs
[2026-01-02T04:34:34.640+0000] {logging_mixin.py:188} INFO - [2026-01-02T04:34:34.640+0000] {dag.py:3820} INFO - Setting next_dagrun for example_setup_teardown_taskflow to 2026-01-01T00:00:00+00:00, run_after=2026-01-02T00:00:00+00:00
[2026-01-02T04:34:34.654+0000] {processor.py:183} INFO - Processing /home/airflow/.local/lib/python3.8/site-packages/airflow/example_dags/example_setup_teardown_taskflow.py took 0.043 seconds
[2026-01-02T04:35:04.921+0000] {processor.py:161} INFO - Started process (PID=617) to work on /home/airflow/.local/lib/python3.8/site-packages/airflow/example_dags/example_setup_teardown_taskflow.py
[2026-01-02T04:35:04.922+0000] {processor.py:830} INFO - Processing file /home/airflow/.local/lib/python3.8/site-packages/airflow/example_dags/example_setup_teardown_taskflow.py for tasks to queue
[2026-01-02T04:35:04.923+0000] {logging_mixin.py:188} INFO - [2026-01-02T04:35:04.923+0000] {dagbag.py:538} INFO - Filling up the DagBag from /home/airflow/.local/lib/python3.8/site-packages/airflow/example_dags/example_setup_teardown_taskflow.py
[2026-01-02T04:35:04.927+0000] {processor.py:840} INFO - DAG(s) 'example_setup_teardown_taskflow' retrieved from /home/airflow/.local/lib/python3.8/site-packages/airflow/example_dags/example_setup_teardown_taskflow.py
[2026-01-02T04:35:04.939+0000] {logging_mixin.py:188} INFO - [2026-01-02T04:35:04.939+0000] {dag.py:3033} INFO - Sync 1 DAGs
[2026-01-02T04:35:04.950+0000] {logging_mixin.py:188} INFO - [2026-01-02T04:35:04.949+0000] {dag.py:3820} INFO - Setting next_dagrun for example_setup_teardown_taskflow to 2026-01-01T00:00:00+00:00, run_after=2026-01-02T00:00:00+00:00
[2026-01-02T04:35:04.963+0000] {processor.py:183} INFO - Processing /home/airflow/.local/lib/python3.8/site-packages/airflow/example_dags/example_setup_teardown_taskflow.py took 0.043 seconds
[2026-01-02T04:35:35.251+0000] {processor.py:161} INFO - Started process (PID=672) to work on /home/airflow/.local/lib/python3.8/site-packages/airflow/example_dags/example_setup_teardown_taskflow.py
[2026-01-02T04:35:35.251+0000] {processor.py:830} INFO - Processing file /home/airflow/.local/lib/python3.8/site-packages/airflow/example_dags/example_setup_teardown_taskflow.py for tasks to queue
[2026-01-02T04:35:35.252+0000] {logging_mixin.py:188} INFO - [2026-01-02T04:35:35.252+0000] {dagbag.py:538} INFO - Filling up the DagBag from /home/airflow/.local/lib/python3.8/site-packages/airflow/example_dags/example_setup_teardown_taskflow.py
[2026-01-02T04:35:35.257+0000] {processor.py:840} INFO - DAG(s) 'example_setup_teardown_taskflow' retrieved from /home/airflow/.local/lib/python3.8/site-packages/airflow/example_dags/example_setup_teardown_taskflow.py
[2026-01-02T04:35:35.268+0000] {logging_mixin.py:188} INFO - [2026-01-02T04:35:35.267+0000] {dag.py:3033} INFO - Sync 1 DAGs
[2026-01-02T04:35:35.279+0000] {logging_mixin.py:188} INFO - [2026-01-02T04:35:35.279+0000] {dag.py:3820} INFO - Setting next_dagrun for example_setup_teardown_taskflow to 2026-01-01T00:00:00+00:00, run_after=2026-01-02T00:00:00+00:00
[2026-01-02T04:35:35.292+0000] {processor.py:183} INFO - Processing /home/airflow/.local/lib/python3.8/site-packages/airflow/example_dags/example_setup_teardown_taskflow.py took 0.043 seconds
[2026-01-02T04:36:05.546+0000] {processor.py:161} INFO - Started process (PID=727) to work on /home/airflow/.local/lib/python3.8/site-packages/airflow/example_dags/example_setup_teardown_taskflow.py
[2026-01-02T04:36:05.547+0000] {processor.py:830} INFO - Processing file /home/airflow/.local/lib/python3.8/site-packages/airflow/example_dags/example_setup_teardown_taskflow.py for tasks to queue
[2026-01-02T04:36:05.548+0000] {logging_mixin.py:188} INFO - [2026-01-02T04:36:05.548+0000] {dagbag.py:538} INFO - Filling up the DagBag from /home/airflow/.local/lib/python3.8/site-packages/airflow/example_dags/example_setup_teardown_taskflow.py
[2026-01-02T04:36:05.553+0000] {processor.py:840} INFO - DAG(s) 'example_setup_teardown_taskflow' retrieved from /home/airflow/.local/lib/python3.8/site-packages/airflow/example_dags/example_setup_teardown_taskflow.py
[2026-01-02T04:36:05.566+0000] {logging_mixin.py:188} INFO - [2026-01-02T04:36:05.565+0000] {dag.py:3033} INFO - Sync 1 DAGs
[2026-01-02T04:36:05.576+0000] {logging_mixin.py:188} INFO - [2026-01-02T04:36:05.576+0000] {dag.py:3820} INFO - Setting next_dagrun for example_setup_teardown_taskflow to 2026-01-01T00:00:00+00:00, run_after=2026-01-02T00:00:00+00:00
[2026-01-02T04:36:05.590+0000] {processor.py:183} INFO - Processing /home/airflow/.local/lib/python3.8/site-packages/airflow/example_dags/example_setup_teardown_taskflow.py took 0.045 seconds
[2026-01-02T04:38:45.209+0000] {processor.py:161} INFO - Started process (PID=69) to work on /home/airflow/.local/lib/python3.8/site-packages/airflow/example_dags/example_setup_teardown_taskflow.py
[2026-01-02T04:38:45.209+0000] {processor.py:830} INFO - Processing file /home/airflow/.local/lib/python3.8/site-packages/airflow/example_dags/example_setup_teardown_taskflow.py for tasks to queue
[2026-01-02T04:38:45.210+0000] {logging_mixin.py:188} INFO - [2026-01-02T04:38:45.210+0000] {dagbag.py:538} INFO - Filling up the DagBag from /home/airflow/.local/lib/python3.8/site-packages/airflow/example_dags/example_setup_teardown_taskflow.py
[2026-01-02T04:38:45.216+0000] {processor.py:840} INFO - DAG(s) 'example_setup_teardown_taskflow' retrieved from /home/airflow/.local/lib/python3.8/site-packages/airflow/example_dags/example_setup_teardown_taskflow.py
[2026-01-02T04:38:45.222+0000] {logging_mixin.py:188} INFO - [2026-01-02T04:38:45.222+0000] {dag.py:3033} INFO - Sync 1 DAGs
[2026-01-02T04:38:45.233+0000] {logging_mixin.py:188} INFO - [2026-01-02T04:38:45.233+0000] {dag.py:3820} INFO - Setting next_dagrun for example_setup_teardown_taskflow to 2026-01-01T00:00:00+00:00, run_after=2026-01-02T00:00:00+00:00
[2026-01-02T04:38:45.245+0000] {processor.py:183} INFO - Processing /home/airflow/.local/lib/python3.8/site-packages/airflow/example_dags/example_setup_teardown_taskflow.py took 0.038 seconds
[2026-01-02T04:39:15.793+0000] {processor.py:161} INFO - Started process (PID=130) to work on /home/airflow/.local/lib/python3.8/site-packages/airflow/example_dags/example_setup_teardown_taskflow.py
[2026-01-02T04:39:15.793+0000] {processor.py:830} INFO - Processing file /home/airflow/.local/lib/python3.8/site-packages/airflow/example_dags/example_setup_teardown_taskflow.py for tasks to queue
[2026-01-02T04:39:15.794+0000] {logging_mixin.py:188} INFO - [2026-01-02T04:39:15.794+0000] {dagbag.py:538} INFO - Filling up the DagBag from /home/airflow/.local/lib/python3.8/site-packages/airflow/example_dags/example_setup_teardown_taskflow.py
[2026-01-02T04:39:15.798+0000] {processor.py:840} INFO - DAG(s) 'example_setup_teardown_taskflow' retrieved from /home/airflow/.local/lib/python3.8/site-packages/airflow/example_dags/example_setup_teardown_taskflow.py
[2026-01-02T04:39:15.840+0000] {logging_mixin.py:188} INFO - [2026-01-02T04:39:15.840+0000] {dag.py:3033} INFO - Sync 1 DAGs
[2026-01-02T04:39:15.849+0000] {logging_mixin.py:188} INFO - [2026-01-02T04:39:15.849+0000] {dag.py:3820} INFO - Setting next_dagrun for example_setup_teardown_taskflow to 2026-01-01T00:00:00+00:00, run_after=2026-01-02T00:00:00+00:00
[2026-01-02T04:39:15.860+0000] {processor.py:183} INFO - Processing /home/airflow/.local/lib/python3.8/site-packages/airflow/example_dags/example_setup_teardown_taskflow.py took 0.068 seconds
[2026-01-02T04:39:46.434+0000] {processor.py:161} INFO - Started process (PID=185) to work on /home/airflow/.local/lib/python3.8/site-packages/airflow/example_dags/example_setup_teardown_taskflow.py
[2026-01-02T04:39:46.435+0000] {processor.py:830} INFO - Processing file /home/airflow/.local/lib/python3.8/site-packages/airflow/example_dags/example_setup_teardown_taskflow.py for tasks to queue
[2026-01-02T04:39:46.436+0000] {logging_mixin.py:188} INFO - [2026-01-02T04:39:46.436+0000] {dagbag.py:538} INFO - Filling up the DagBag from /home/airflow/.local/lib/python3.8/site-packages/airflow/example_dags/example_setup_teardown_taskflow.py
[2026-01-02T04:39:46.440+0000] {processor.py:840} INFO - DAG(s) 'example_setup_teardown_taskflow' retrieved from /home/airflow/.local/lib/python3.8/site-packages/airflow/example_dags/example_setup_teardown_taskflow.py
[2026-01-02T04:39:46.450+0000] {logging_mixin.py:188} INFO - [2026-01-02T04:39:46.449+0000] {dag.py:3033} INFO - Sync 1 DAGs
[2026-01-02T04:39:46.460+0000] {logging_mixin.py:188} INFO - [2026-01-02T04:39:46.460+0000] {dag.py:3820} INFO - Setting next_dagrun for example_setup_teardown_taskflow to 2026-01-01T00:00:00+00:00, run_after=2026-01-02T00:00:00+00:00
[2026-01-02T04:39:46.469+0000] {processor.py:183} INFO - Processing /home/airflow/.local/lib/python3.8/site-packages/airflow/example_dags/example_setup_teardown_taskflow.py took 0.037 seconds
[2026-01-02T04:40:16.638+0000] {processor.py:161} INFO - Started process (PID=240) to work on /home/airflow/.local/lib/python3.8/site-packages/airflow/example_dags/example_setup_teardown_taskflow.py
[2026-01-02T04:40:16.639+0000] {processor.py:830} INFO - Processing file /home/airflow/.local/lib/python3.8/site-packages/airflow/example_dags/example_setup_teardown_taskflow.py for tasks to queue
[2026-01-02T04:40:16.639+0000] {logging_mixin.py:188} INFO - [2026-01-02T04:40:16.639+0000] {dagbag.py:538} INFO - Filling up the DagBag from /home/airflow/.local/lib/python3.8/site-packages/airflow/example_dags/example_setup_teardown_taskflow.py
[2026-01-02T04:40:16.643+0000] {processor.py:840} INFO - DAG(s) 'example_setup_teardown_taskflow' retrieved from /home/airflow/.local/lib/python3.8/site-packages/airflow/example_dags/example_setup_teardown_taskflow.py
[2026-01-02T04:40:16.653+0000] {logging_mixin.py:188} INFO - [2026-01-02T04:40:16.653+0000] {dag.py:3033} INFO - Sync 1 DAGs
[2026-01-02T04:40:16.662+0000] {logging_mixin.py:188} INFO - [2026-01-02T04:40:16.662+0000] {dag.py:3820} INFO - Setting next_dagrun for example_setup_teardown_taskflow to 2026-01-01T00:00:00+00:00, run_after=2026-01-02T00:00:00+00:00
[2026-01-02T04:40:16.671+0000] {processor.py:183} INFO - Processing /home/airflow/.local/lib/python3.8/site-packages/airflow/example_dags/example_setup_teardown_taskflow.py took 0.034 seconds
[2026-01-02T04:40:46.840+0000] {processor.py:161} INFO - Started process (PID=295) to work on /home/airflow/.local/lib/python3.8/site-packages/airflow/example_dags/example_setup_teardown_taskflow.py
[2026-01-02T04:40:46.841+0000] {processor.py:830} INFO - Processing file /home/airflow/.local/lib/python3.8/site-packages/airflow/example_dags/example_setup_teardown_taskflow.py for tasks to queue
[2026-01-02T04:40:46.842+0000] {logging_mixin.py:188} INFO - [2026-01-02T04:40:46.842+0000] {dagbag.py:538} INFO - Filling up the DagBag from /home/airflow/.local/lib/python3.8/site-packages/airflow/example_dags/example_setup_teardown_taskflow.py
[2026-01-02T04:40:46.846+0000] {processor.py:840} INFO - DAG(s) 'example_setup_teardown_taskflow' retrieved from /home/airflow/.local/lib/python3.8/site-packages/airflow/example_dags/example_setup_teardown_taskflow.py
[2026-01-02T04:40:46.856+0000] {logging_mixin.py:188} INFO - [2026-01-02T04:40:46.856+0000] {dag.py:3033} INFO - Sync 1 DAGs
[2026-01-02T04:40:46.866+0000] {logging_mixin.py:188} INFO - [2026-01-02T04:40:46.866+0000] {dag.py:3820} INFO - Setting next_dagrun for example_setup_teardown_taskflow to 2026-01-01T00:00:00+00:00, run_after=2026-01-02T00:00:00+00:00
[2026-01-02T04:40:46.876+0000] {processor.py:183} INFO - Processing /home/airflow/.local/lib/python3.8/site-packages/airflow/example_dags/example_setup_teardown_taskflow.py took 0.036 seconds
[2026-01-02T04:41:16.995+0000] {processor.py:161} INFO - Started process (PID=350) to work on /home/airflow/.local/lib/python3.8/site-packages/airflow/example_dags/example_setup_teardown_taskflow.py
[2026-01-02T04:41:16.996+0000] {processor.py:830} INFO - Processing file /home/airflow/.local/lib/python3.8/site-packages/airflow/example_dags/example_setup_teardown_taskflow.py for tasks to queue
[2026-01-02T04:41:16.997+0000] {logging_mixin.py:188} INFO - [2026-01-02T04:41:16.997+0000] {dagbag.py:538} INFO - Filling up the DagBag from /home/airflow/.local/lib/python3.8/site-packages/airflow/example_dags/example_setup_teardown_taskflow.py
[2026-01-02T04:41:17.001+0000] {processor.py:840} INFO - DAG(s) 'example_setup_teardown_taskflow' retrieved from /home/airflow/.local/lib/python3.8/site-packages/airflow/example_dags/example_setup_teardown_taskflow.py
[2026-01-02T04:41:17.010+0000] {logging_mixin.py:188} INFO - [2026-01-02T04:41:17.010+0000] {dag.py:3033} INFO - Sync 1 DAGs
[2026-01-02T04:41:17.019+0000] {logging_mixin.py:188} INFO - [2026-01-02T04:41:17.019+0000] {dag.py:3820} INFO - Setting next_dagrun for example_setup_teardown_taskflow to 2026-01-01T00:00:00+00:00, run_after=2026-01-02T00:00:00+00:00
[2026-01-02T04:41:17.029+0000] {processor.py:183} INFO - Processing /home/airflow/.local/lib/python3.8/site-packages/airflow/example_dags/example_setup_teardown_taskflow.py took 0.035 seconds
[2026-01-02T04:41:47.209+0000] {processor.py:161} INFO - Started process (PID=405) to work on /home/airflow/.local/lib/python3.8/site-packages/airflow/example_dags/example_setup_teardown_taskflow.py
[2026-01-02T04:41:47.210+0000] {processor.py:830} INFO - Processing file /home/airflow/.local/lib/python3.8/site-packages/airflow/example_dags/example_setup_teardown_taskflow.py for tasks to queue
[2026-01-02T04:41:47.211+0000] {logging_mixin.py:188} INFO - [2026-01-02T04:41:47.211+0000] {dagbag.py:538} INFO - Filling up the DagBag from /home/airflow/.local/lib/python3.8/site-packages/airflow/example_dags/example_setup_teardown_taskflow.py
[2026-01-02T04:41:47.215+0000] {processor.py:840} INFO - DAG(s) 'example_setup_teardown_taskflow' retrieved from /home/airflow/.local/lib/python3.8/site-packages/airflow/example_dags/example_setup_teardown_taskflow.py
[2026-01-02T04:41:47.225+0000] {logging_mixin.py:188} INFO - [2026-01-02T04:41:47.224+0000] {dag.py:3033} INFO - Sync 1 DAGs
[2026-01-02T04:41:47.234+0000] {logging_mixin.py:188} INFO - [2026-01-02T04:41:47.234+0000] {dag.py:3820} INFO - Setting next_dagrun for example_setup_teardown_taskflow to 2026-01-01T00:00:00+00:00, run_after=2026-01-02T00:00:00+00:00
[2026-01-02T04:41:47.243+0000] {processor.py:183} INFO - Processing /home/airflow/.local/lib/python3.8/site-packages/airflow/example_dags/example_setup_teardown_taskflow.py took 0.035 seconds
[2026-01-02T04:42:17.401+0000] {processor.py:161} INFO - Started process (PID=460) to work on /home/airflow/.local/lib/python3.8/site-packages/airflow/example_dags/example_setup_teardown_taskflow.py
[2026-01-02T04:42:17.402+0000] {processor.py:830} INFO - Processing file /home/airflow/.local/lib/python3.8/site-packages/airflow/example_dags/example_setup_teardown_taskflow.py for tasks to queue
[2026-01-02T04:42:17.402+0000] {logging_mixin.py:188} INFO - [2026-01-02T04:42:17.402+0000] {dagbag.py:538} INFO - Filling up the DagBag from /home/airflow/.local/lib/python3.8/site-packages/airflow/example_dags/example_setup_teardown_taskflow.py
[2026-01-02T04:42:17.406+0000] {processor.py:840} INFO - DAG(s) 'example_setup_teardown_taskflow' retrieved from /home/airflow/.local/lib/python3.8/site-packages/airflow/example_dags/example_setup_teardown_taskflow.py
[2026-01-02T04:42:17.416+0000] {logging_mixin.py:188} INFO - [2026-01-02T04:42:17.416+0000] {dag.py:3033} INFO - Sync 1 DAGs
[2026-01-02T04:42:17.426+0000] {logging_mixin.py:188} INFO - [2026-01-02T04:42:17.426+0000] {dag.py:3820} INFO - Setting next_dagrun for example_setup_teardown_taskflow to 2026-01-01T00:00:00+00:00, run_after=2026-01-02T00:00:00+00:00
[2026-01-02T04:42:17.436+0000] {processor.py:183} INFO - Processing /home/airflow/.local/lib/python3.8/site-packages/airflow/example_dags/example_setup_teardown_taskflow.py took 0.036 seconds
[2026-01-02T04:42:47.632+0000] {processor.py:161} INFO - Started process (PID=515) to work on /home/airflow/.local/lib/python3.8/site-packages/airflow/example_dags/example_setup_teardown_taskflow.py
[2026-01-02T04:42:47.632+0000] {processor.py:830} INFO - Processing file /home/airflow/.local/lib/python3.8/site-packages/airflow/example_dags/example_setup_teardown_taskflow.py for tasks to queue
[2026-01-02T04:42:47.633+0000] {logging_mixin.py:188} INFO - [2026-01-02T04:42:47.633+0000] {dagbag.py:538} INFO - Filling up the DagBag from /home/airflow/.local/lib/python3.8/site-packages/airflow/example_dags/example_setup_teardown_taskflow.py
[2026-01-02T04:42:47.637+0000] {processor.py:840} INFO - DAG(s) 'example_setup_teardown_taskflow' retrieved from /home/airflow/.local/lib/python3.8/site-packages/airflow/example_dags/example_setup_teardown_taskflow.py
[2026-01-02T04:42:47.647+0000] {logging_mixin.py:188} INFO - [2026-01-02T04:42:47.647+0000] {dag.py:3033} INFO - Sync 1 DAGs
[2026-01-02T04:42:47.656+0000] {logging_mixin.py:188} INFO - [2026-01-02T04:42:47.656+0000] {dag.py:3820} INFO - Setting next_dagrun for example_setup_teardown_taskflow to 2026-01-01T00:00:00+00:00, run_after=2026-01-02T00:00:00+00:00
[2026-01-02T04:42:47.666+0000] {processor.py:183} INFO - Processing /home/airflow/.local/lib/python3.8/site-packages/airflow/example_dags/example_setup_teardown_taskflow.py took 0.035 seconds
[2026-01-02T04:43:17.840+0000] {processor.py:161} INFO - Started process (PID=570) to work on /home/airflow/.local/lib/python3.8/site-packages/airflow/example_dags/example_setup_teardown_taskflow.py
[2026-01-02T04:43:17.841+0000] {processor.py:830} INFO - Processing file /home/airflow/.local/lib/python3.8/site-packages/airflow/example_dags/example_setup_teardown_taskflow.py for tasks to queue
[2026-01-02T04:43:17.841+0000] {logging_mixin.py:188} INFO - [2026-01-02T04:43:17.841+0000] {dagbag.py:538} INFO - Filling up the DagBag from /home/airflow/.local/lib/python3.8/site-packages/airflow/example_dags/example_setup_teardown_taskflow.py
[2026-01-02T04:43:17.845+0000] {processor.py:840} INFO - DAG(s) 'example_setup_teardown_taskflow' retrieved from /home/airflow/.local/lib/python3.8/site-packages/airflow/example_dags/example_setup_teardown_taskflow.py
[2026-01-02T04:43:17.855+0000] {logging_mixin.py:188} INFO - [2026-01-02T04:43:17.855+0000] {dag.py:3033} INFO - Sync 1 DAGs
[2026-01-02T04:43:17.865+0000] {logging_mixin.py:188} INFO - [2026-01-02T04:43:17.865+0000] {dag.py:3820} INFO - Setting next_dagrun for example_setup_teardown_taskflow to 2026-01-01T00:00:00+00:00, run_after=2026-01-02T00:00:00+00:00
[2026-01-02T04:43:17.875+0000] {processor.py:183} INFO - Processing /home/airflow/.local/lib/python3.8/site-packages/airflow/example_dags/example_setup_teardown_taskflow.py took 0.036 seconds
[2026-01-02T04:43:48.065+0000] {processor.py:161} INFO - Started process (PID=625) to work on /home/airflow/.local/lib/python3.8/site-packages/airflow/example_dags/example_setup_teardown_taskflow.py
[2026-01-02T04:43:48.065+0000] {processor.py:830} INFO - Processing file /home/airflow/.local/lib/python3.8/site-packages/airflow/example_dags/example_setup_teardown_taskflow.py for tasks to queue
[2026-01-02T04:43:48.066+0000] {logging_mixin.py:188} INFO - [2026-01-02T04:43:48.066+0000] {dagbag.py:538} INFO - Filling up the DagBag from /home/airflow/.local/lib/python3.8/site-packages/airflow/example_dags/example_setup_teardown_taskflow.py
[2026-01-02T04:43:48.070+0000] {processor.py:840} INFO - DAG(s) 'example_setup_teardown_taskflow' retrieved from /home/airflow/.local/lib/python3.8/site-packages/airflow/example_dags/example_setup_teardown_taskflow.py
[2026-01-02T04:43:48.083+0000] {logging_mixin.py:188} INFO - [2026-01-02T04:43:48.083+0000] {dag.py:3033} INFO - Sync 1 DAGs
[2026-01-02T04:43:48.092+0000] {logging_mixin.py:188} INFO - [2026-01-02T04:43:48.092+0000] {dag.py:3820} INFO - Setting next_dagrun for example_setup_teardown_taskflow to 2026-01-01T00:00:00+00:00, run_after=2026-01-02T00:00:00+00:00
[2026-01-02T04:43:48.103+0000] {processor.py:183} INFO - Processing /home/airflow/.local/lib/python3.8/site-packages/airflow/example_dags/example_setup_teardown_taskflow.py took 0.040 seconds
[2026-01-02T04:44:18.330+0000] {processor.py:161} INFO - Started process (PID=687) to work on /home/airflow/.local/lib/python3.8/site-packages/airflow/example_dags/example_setup_teardown_taskflow.py
[2026-01-02T04:44:18.330+0000] {processor.py:830} INFO - Processing file /home/airflow/.local/lib/python3.8/site-packages/airflow/example_dags/example_setup_teardown_taskflow.py for tasks to queue
[2026-01-02T04:44:18.331+0000] {logging_mixin.py:188} INFO - [2026-01-02T04:44:18.331+0000] {dagbag.py:538} INFO - Filling up the DagBag from /home/airflow/.local/lib/python3.8/site-packages/airflow/example_dags/example_setup_teardown_taskflow.py
[2026-01-02T04:44:18.335+0000] {processor.py:840} INFO - DAG(s) 'example_setup_teardown_taskflow' retrieved from /home/airflow/.local/lib/python3.8/site-packages/airflow/example_dags/example_setup_teardown_taskflow.py
[2026-01-02T04:44:18.344+0000] {logging_mixin.py:188} INFO - [2026-01-02T04:44:18.344+0000] {dag.py:3033} INFO - Sync 1 DAGs
[2026-01-02T04:44:18.354+0000] {logging_mixin.py:188} INFO - [2026-01-02T04:44:18.354+0000] {dag.py:3820} INFO - Setting next_dagrun for example_setup_teardown_taskflow to 2026-01-01T00:00:00+00:00, run_after=2026-01-02T00:00:00+00:00
[2026-01-02T04:44:18.367+0000] {processor.py:183} INFO - Processing /home/airflow/.local/lib/python3.8/site-packages/airflow/example_dags/example_setup_teardown_taskflow.py took 0.039 seconds
[2026-01-02T04:44:48.571+0000] {processor.py:161} INFO - Started process (PID=749) to work on /home/airflow/.local/lib/python3.8/site-packages/airflow/example_dags/example_setup_teardown_taskflow.py
[2026-01-02T04:44:48.571+0000] {processor.py:830} INFO - Processing file /home/airflow/.local/lib/python3.8/site-packages/airflow/example_dags/example_setup_teardown_taskflow.py for tasks to queue
[2026-01-02T04:44:48.572+0000] {logging_mixin.py:188} INFO - [2026-01-02T04:44:48.572+0000] {dagbag.py:538} INFO - Filling up the DagBag from /home/airflow/.local/lib/python3.8/site-packages/airflow/example_dags/example_setup_teardown_taskflow.py
[2026-01-02T04:44:48.576+0000] {processor.py:840} INFO - DAG(s) 'example_setup_teardown_taskflow' retrieved from /home/airflow/.local/lib/python3.8/site-packages/airflow/example_dags/example_setup_teardown_taskflow.py
[2026-01-02T04:44:48.587+0000] {logging_mixin.py:188} INFO - [2026-01-02T04:44:48.587+0000] {dag.py:3033} INFO - Sync 1 DAGs
[2026-01-02T04:44:48.597+0000] {logging_mixin.py:188} INFO - [2026-01-02T04:44:48.597+0000] {dag.py:3820} INFO - Setting next_dagrun for example_setup_teardown_taskflow to 2026-01-01T00:00:00+00:00, run_after=2026-01-02T00:00:00+00:00
[2026-01-02T04:44:48.607+0000] {processor.py:183} INFO - Processing /home/airflow/.local/lib/python3.8/site-packages/airflow/example_dags/example_setup_teardown_taskflow.py took 0.038 seconds
[2026-01-02T04:45:18.927+0000] {processor.py:161} INFO - Started process (PID=804) to work on /home/airflow/.local/lib/python3.8/site-packages/airflow/example_dags/example_setup_teardown_taskflow.py
[2026-01-02T04:45:18.928+0000] {processor.py:830} INFO - Processing file /home/airflow/.local/lib/python3.8/site-packages/airflow/example_dags/example_setup_teardown_taskflow.py for tasks to queue
[2026-01-02T04:45:18.929+0000] {logging_mixin.py:188} INFO - [2026-01-02T04:45:18.929+0000] {dagbag.py:538} INFO - Filling up the DagBag from /home/airflow/.local/lib/python3.8/site-packages/airflow/example_dags/example_setup_teardown_taskflow.py
[2026-01-02T04:45:18.934+0000] {processor.py:840} INFO - DAG(s) 'example_setup_teardown_taskflow' retrieved from /home/airflow/.local/lib/python3.8/site-packages/airflow/example_dags/example_setup_teardown_taskflow.py
[2026-01-02T04:45:18.947+0000] {logging_mixin.py:188} INFO - [2026-01-02T04:45:18.947+0000] {dag.py:3033} INFO - Sync 1 DAGs
[2026-01-02T04:45:18.957+0000] {logging_mixin.py:188} INFO - [2026-01-02T04:45:18.957+0000] {dag.py:3820} INFO - Setting next_dagrun for example_setup_teardown_taskflow to 2026-01-01T00:00:00+00:00, run_after=2026-01-02T00:00:00+00:00
[2026-01-02T04:45:18.971+0000] {processor.py:183} INFO - Processing /home/airflow/.local/lib/python3.8/site-packages/airflow/example_dags/example_setup_teardown_taskflow.py took 0.045 seconds
[2026-01-02T04:45:49.285+0000] {processor.py:161} INFO - Started process (PID=859) to work on /home/airflow/.local/lib/python3.8/site-packages/airflow/example_dags/example_setup_teardown_taskflow.py
[2026-01-02T04:45:49.286+0000] {processor.py:830} INFO - Processing file /home/airflow/.local/lib/python3.8/site-packages/airflow/example_dags/example_setup_teardown_taskflow.py for tasks to queue
[2026-01-02T04:45:49.287+0000] {logging_mixin.py:188} INFO - [2026-01-02T04:45:49.287+0000] {dagbag.py:538} INFO - Filling up the DagBag from /home/airflow/.local/lib/python3.8/site-packages/airflow/example_dags/example_setup_teardown_taskflow.py
[2026-01-02T04:45:49.292+0000] {processor.py:840} INFO - DAG(s) 'example_setup_teardown_taskflow' retrieved from /home/airflow/.local/lib/python3.8/site-packages/airflow/example_dags/example_setup_teardown_taskflow.py
[2026-01-02T04:45:49.304+0000] {logging_mixin.py:188} INFO - [2026-01-02T04:45:49.304+0000] {dag.py:3033} INFO - Sync 1 DAGs
[2026-01-02T04:45:49.314+0000] {logging_mixin.py:188} INFO - [2026-01-02T04:45:49.314+0000] {dag.py:3820} INFO - Setting next_dagrun for example_setup_teardown_taskflow to 2026-01-01T00:00:00+00:00, run_after=2026-01-02T00:00:00+00:00
[2026-01-02T04:45:49.324+0000] {processor.py:183} INFO - Processing /home/airflow/.local/lib/python3.8/site-packages/airflow/example_dags/example_setup_teardown_taskflow.py took 0.041 seconds
[2026-01-02T04:46:19.549+0000] {processor.py:161} INFO - Started process (PID=914) to work on /home/airflow/.local/lib/python3.8/site-packages/airflow/example_dags/example_setup_teardown_taskflow.py
[2026-01-02T04:46:19.550+0000] {processor.py:830} INFO - Processing file /home/airflow/.local/lib/python3.8/site-packages/airflow/example_dags/example_setup_teardown_taskflow.py for tasks to queue
[2026-01-02T04:46:19.551+0000] {logging_mixin.py:188} INFO - [2026-01-02T04:46:19.551+0000] {dagbag.py:538} INFO - Filling up the DagBag from /home/airflow/.local/lib/python3.8/site-packages/airflow/example_dags/example_setup_teardown_taskflow.py
[2026-01-02T04:46:19.557+0000] {processor.py:840} INFO - DAG(s) 'example_setup_teardown_taskflow' retrieved from /home/airflow/.local/lib/python3.8/site-packages/airflow/example_dags/example_setup_teardown_taskflow.py
[2026-01-02T04:46:19.569+0000] {logging_mixin.py:188} INFO - [2026-01-02T04:46:19.569+0000] {dag.py:3033} INFO - Sync 1 DAGs
[2026-01-02T04:46:19.579+0000] {logging_mixin.py:188} INFO - [2026-01-02T04:46:19.579+0000] {dag.py:3820} INFO - Setting next_dagrun for example_setup_teardown_taskflow to 2026-01-01T00:00:00+00:00, run_after=2026-01-02T00:00:00+00:00
[2026-01-02T04:46:19.589+0000] {processor.py:183} INFO - Processing /home/airflow/.local/lib/python3.8/site-packages/airflow/example_dags/example_setup_teardown_taskflow.py took 0.041 seconds
[2026-01-02T04:46:49.875+0000] {processor.py:161} INFO - Started process (PID=969) to work on /home/airflow/.local/lib/python3.8/site-packages/airflow/example_dags/example_setup_teardown_taskflow.py
[2026-01-02T04:46:49.875+0000] {processor.py:830} INFO - Processing file /home/airflow/.local/lib/python3.8/site-packages/airflow/example_dags/example_setup_teardown_taskflow.py for tasks to queue
[2026-01-02T04:46:49.877+0000] {logging_mixin.py:188} INFO - [2026-01-02T04:46:49.877+0000] {dagbag.py:538} INFO - Filling up the DagBag from /home/airflow/.local/lib/python3.8/site-packages/airflow/example_dags/example_setup_teardown_taskflow.py
[2026-01-02T04:46:49.881+0000] {processor.py:840} INFO - DAG(s) 'example_setup_teardown_taskflow' retrieved from /home/airflow/.local/lib/python3.8/site-packages/airflow/example_dags/example_setup_teardown_taskflow.py
[2026-01-02T04:46:49.892+0000] {logging_mixin.py:188} INFO - [2026-01-02T04:46:49.892+0000] {dag.py:3033} INFO - Sync 1 DAGs
[2026-01-02T04:46:49.902+0000] {logging_mixin.py:188} INFO - [2026-01-02T04:46:49.902+0000] {dag.py:3820} INFO - Setting next_dagrun for example_setup_teardown_taskflow to 2026-01-01T00:00:00+00:00, run_after=2026-01-02T00:00:00+00:00
[2026-01-02T04:46:49.912+0000] {processor.py:183} INFO - Processing /home/airflow/.local/lib/python3.8/site-packages/airflow/example_dags/example_setup_teardown_taskflow.py took 0.038 seconds
[2026-01-02T04:47:20.128+0000] {processor.py:161} INFO - Started process (PID=1024) to work on /home/airflow/.local/lib/python3.8/site-packages/airflow/example_dags/example_setup_teardown_taskflow.py
[2026-01-02T04:47:20.129+0000] {processor.py:830} INFO - Processing file /home/airflow/.local/lib/python3.8/site-packages/airflow/example_dags/example_setup_teardown_taskflow.py for tasks to queue
[2026-01-02T04:47:20.130+0000] {logging_mixin.py:188} INFO - [2026-01-02T04:47:20.130+0000] {dagbag.py:538} INFO - Filling up the DagBag from /home/airflow/.local/lib/python3.8/site-packages/airflow/example_dags/example_setup_teardown_taskflow.py
[2026-01-02T04:47:20.134+0000] {processor.py:840} INFO - DAG(s) 'example_setup_teardown_taskflow' retrieved from /home/airflow/.local/lib/python3.8/site-packages/airflow/example_dags/example_setup_teardown_taskflow.py
[2026-01-02T04:47:20.143+0000] {logging_mixin.py:188} INFO - [2026-01-02T04:47:20.143+0000] {dag.py:3033} INFO - Sync 1 DAGs
[2026-01-02T04:47:20.155+0000] {logging_mixin.py:188} INFO - [2026-01-02T04:47:20.154+0000] {dag.py:3820} INFO - Setting next_dagrun for example_setup_teardown_taskflow to 2026-01-01T00:00:00+00:00, run_after=2026-01-02T00:00:00+00:00
[2026-01-02T04:47:20.166+0000] {processor.py:183} INFO - Processing /home/airflow/.local/lib/python3.8/site-packages/airflow/example_dags/example_setup_teardown_taskflow.py took 0.039 seconds
