[2026-01-02T04:28:04.731+0000] {processor.py:161} INFO - Started process (PID=74) to work on /home/airflow/.local/lib/python3.8/site-packages/airflow/example_dags/example_datasets.py
[2026-01-02T04:28:04.732+0000] {processor.py:830} INFO - Processing file /home/airflow/.local/lib/python3.8/site-packages/airflow/example_dags/example_datasets.py for tasks to queue
[2026-01-02T04:28:04.733+0000] {logging_mixin.py:188} INFO - [2026-01-02T04:28:04.733+0000] {dagbag.py:538} INFO - Filling up the DagBag from /home/airflow/.local/lib/python3.8/site-packages/airflow/example_dags/example_datasets.py
[2026-01-02T04:28:04.741+0000] {processor.py:840} INFO - DAG(s) 'dataset_consumes_1_never_scheduled', 'dataset_consumes_1', 'dataset_produces_2', 'dataset_consumes_1_and_2', 'dataset_consumes_unknown_never_scheduled', 'dataset_produces_1' retrieved from /home/airflow/.local/lib/python3.8/site-packages/airflow/example_dags/example_datasets.py
[2026-01-02T04:28:04.790+0000] {logging_mixin.py:188} INFO - [2026-01-02T04:28:04.789+0000] {override.py:1769} INFO - Created Permission View: can edit on DAG:dataset_consumes_1_never_scheduled
[2026-01-02T04:28:04.796+0000] {logging_mixin.py:188} INFO - [2026-01-02T04:28:04.796+0000] {override.py:1769} INFO - Created Permission View: can delete on DAG:dataset_consumes_1_never_scheduled
[2026-01-02T04:28:04.801+0000] {logging_mixin.py:188} INFO - [2026-01-02T04:28:04.801+0000] {override.py:1769} INFO - Created Permission View: can read on DAG:dataset_consumes_1_never_scheduled
[2026-01-02T04:28:04.809+0000] {logging_mixin.py:188} INFO - [2026-01-02T04:28:04.809+0000] {override.py:1769} INFO - Created Permission View: can edit on DAG:dataset_consumes_1
[2026-01-02T04:28:04.814+0000] {logging_mixin.py:188} INFO - [2026-01-02T04:28:04.814+0000] {override.py:1769} INFO - Created Permission View: can delete on DAG:dataset_consumes_1
[2026-01-02T04:28:04.818+0000] {logging_mixin.py:188} INFO - [2026-01-02T04:28:04.818+0000] {override.py:1769} INFO - Created Permission View: can read on DAG:dataset_consumes_1
[2026-01-02T04:28:04.826+0000] {logging_mixin.py:188} INFO - [2026-01-02T04:28:04.826+0000] {override.py:1769} INFO - Created Permission View: can edit on DAG:dataset_produces_2
[2026-01-02T04:28:04.833+0000] {logging_mixin.py:188} INFO - [2026-01-02T04:28:04.833+0000] {override.py:1769} INFO - Created Permission View: can delete on DAG:dataset_produces_2
[2026-01-02T04:28:04.839+0000] {logging_mixin.py:188} INFO - [2026-01-02T04:28:04.839+0000] {override.py:1769} INFO - Created Permission View: can read on DAG:dataset_produces_2
[2026-01-02T04:28:04.851+0000] {logging_mixin.py:188} INFO - [2026-01-02T04:28:04.851+0000] {override.py:1769} INFO - Created Permission View: can edit on DAG:dataset_consumes_1_and_2
[2026-01-02T04:28:04.857+0000] {logging_mixin.py:188} INFO - [2026-01-02T04:28:04.857+0000] {override.py:1769} INFO - Created Permission View: can delete on DAG:dataset_consumes_1_and_2
[2026-01-02T04:28:04.862+0000] {logging_mixin.py:188} INFO - [2026-01-02T04:28:04.862+0000] {override.py:1769} INFO - Created Permission View: can read on DAG:dataset_consumes_1_and_2
[2026-01-02T04:28:04.876+0000] {logging_mixin.py:188} INFO - [2026-01-02T04:28:04.875+0000] {override.py:1769} INFO - Created Permission View: can edit on DAG:dataset_consumes_unknown_never_scheduled
[2026-01-02T04:28:04.881+0000] {logging_mixin.py:188} INFO - [2026-01-02T04:28:04.881+0000] {override.py:1769} INFO - Created Permission View: can delete on DAG:dataset_consumes_unknown_never_scheduled
[2026-01-02T04:28:04.887+0000] {logging_mixin.py:188} INFO - [2026-01-02T04:28:04.887+0000] {override.py:1769} INFO - Created Permission View: can read on DAG:dataset_consumes_unknown_never_scheduled
[2026-01-02T04:28:04.897+0000] {logging_mixin.py:188} INFO - [2026-01-02T04:28:04.897+0000] {override.py:1769} INFO - Created Permission View: can edit on DAG:dataset_produces_1
[2026-01-02T04:28:04.903+0000] {logging_mixin.py:188} INFO - [2026-01-02T04:28:04.903+0000] {override.py:1769} INFO - Created Permission View: can delete on DAG:dataset_produces_1
[2026-01-02T04:28:04.908+0000] {logging_mixin.py:188} INFO - [2026-01-02T04:28:04.908+0000] {override.py:1769} INFO - Created Permission View: can read on DAG:dataset_produces_1
[2026-01-02T04:28:04.908+0000] {logging_mixin.py:188} INFO - [2026-01-02T04:28:04.908+0000] {dag.py:3033} INFO - Sync 6 DAGs
[2026-01-02T04:28:04.915+0000] {logging_mixin.py:188} INFO - [2026-01-02T04:28:04.915+0000] {dag.py:3055} INFO - Creating ORM DAG for dataset_produces_2
[2026-01-02T04:28:04.915+0000] {logging_mixin.py:188} INFO - [2026-01-02T04:28:04.915+0000] {dag.py:3055} INFO - Creating ORM DAG for dataset_consumes_1
[2026-01-02T04:28:04.916+0000] {logging_mixin.py:188} INFO - [2026-01-02T04:28:04.916+0000] {dag.py:3055} INFO - Creating ORM DAG for dataset_consumes_unknown_never_scheduled
[2026-01-02T04:28:04.916+0000] {logging_mixin.py:188} INFO - [2026-01-02T04:28:04.916+0000] {dag.py:3055} INFO - Creating ORM DAG for dataset_consumes_1_never_scheduled
[2026-01-02T04:28:04.916+0000] {logging_mixin.py:188} INFO - [2026-01-02T04:28:04.916+0000] {dag.py:3055} INFO - Creating ORM DAG for dataset_consumes_1_and_2
[2026-01-02T04:28:04.917+0000] {logging_mixin.py:188} INFO - [2026-01-02T04:28:04.917+0000] {dag.py:3055} INFO - Creating ORM DAG for dataset_produces_1
[2026-01-02T04:28:04.921+0000] {logging_mixin.py:188} INFO - [2026-01-02T04:28:04.921+0000] {dag.py:3820} INFO - Setting next_dagrun for dataset_consumes_1 to None, run_after=None
[2026-01-02T04:28:04.921+0000] {logging_mixin.py:188} INFO - [2026-01-02T04:28:04.921+0000] {dag.py:3820} INFO - Setting next_dagrun for dataset_consumes_1_and_2 to None, run_after=None
[2026-01-02T04:28:04.922+0000] {logging_mixin.py:188} INFO - [2026-01-02T04:28:04.922+0000] {dag.py:3820} INFO - Setting next_dagrun for dataset_consumes_1_never_scheduled to None, run_after=None
[2026-01-02T04:28:04.922+0000] {logging_mixin.py:188} INFO - [2026-01-02T04:28:04.922+0000] {dag.py:3820} INFO - Setting next_dagrun for dataset_consumes_unknown_never_scheduled to None, run_after=None
[2026-01-02T04:28:04.923+0000] {logging_mixin.py:188} INFO - [2026-01-02T04:28:04.923+0000] {dag.py:3820} INFO - Setting next_dagrun for dataset_produces_1 to 2026-01-01T00:00:00+00:00, run_after=2026-01-02T00:00:00+00:00
[2026-01-02T04:28:04.923+0000] {logging_mixin.py:188} INFO - [2026-01-02T04:28:04.923+0000] {dag.py:3820} INFO - Setting next_dagrun for dataset_produces_2 to None, run_after=None
[2026-01-02T04:28:04.948+0000] {processor.py:183} INFO - Processing /home/airflow/.local/lib/python3.8/site-packages/airflow/example_dags/example_datasets.py took 0.219 seconds
[2026-01-02T04:28:35.366+0000] {processor.py:161} INFO - Started process (PID=129) to work on /home/airflow/.local/lib/python3.8/site-packages/airflow/example_dags/example_datasets.py
[2026-01-02T04:28:35.366+0000] {processor.py:830} INFO - Processing file /home/airflow/.local/lib/python3.8/site-packages/airflow/example_dags/example_datasets.py for tasks to queue
[2026-01-02T04:28:35.367+0000] {logging_mixin.py:188} INFO - [2026-01-02T04:28:35.367+0000] {dagbag.py:538} INFO - Filling up the DagBag from /home/airflow/.local/lib/python3.8/site-packages/airflow/example_dags/example_datasets.py
[2026-01-02T04:28:35.371+0000] {processor.py:840} INFO - DAG(s) 'dataset_produces_2', 'dataset_consumes_unknown_never_scheduled', 'dataset_consumes_1_never_scheduled', 'dataset_consumes_1_and_2', 'dataset_produces_1', 'dataset_consumes_1' retrieved from /home/airflow/.local/lib/python3.8/site-packages/airflow/example_dags/example_datasets.py
[2026-01-02T04:28:35.387+0000] {logging_mixin.py:188} INFO - [2026-01-02T04:28:35.386+0000] {dag.py:3033} INFO - Sync 6 DAGs
[2026-01-02T04:28:35.398+0000] {logging_mixin.py:188} INFO - [2026-01-02T04:28:35.398+0000] {dag.py:3820} INFO - Setting next_dagrun for dataset_consumes_1 to None, run_after=None
[2026-01-02T04:28:35.401+0000] {logging_mixin.py:188} INFO - [2026-01-02T04:28:35.401+0000] {dag.py:3820} INFO - Setting next_dagrun for dataset_consumes_1_and_2 to None, run_after=None
[2026-01-02T04:28:35.402+0000] {logging_mixin.py:188} INFO - [2026-01-02T04:28:35.401+0000] {dag.py:3820} INFO - Setting next_dagrun for dataset_consumes_1_never_scheduled to None, run_after=None
[2026-01-02T04:28:35.402+0000] {logging_mixin.py:188} INFO - [2026-01-02T04:28:35.402+0000] {dag.py:3820} INFO - Setting next_dagrun for dataset_consumes_unknown_never_scheduled to None, run_after=None
[2026-01-02T04:28:35.403+0000] {logging_mixin.py:188} INFO - [2026-01-02T04:28:35.403+0000] {dag.py:3820} INFO - Setting next_dagrun for dataset_produces_1 to 2026-01-01T00:00:00+00:00, run_after=2026-01-02T00:00:00+00:00
[2026-01-02T04:28:35.404+0000] {logging_mixin.py:188} INFO - [2026-01-02T04:28:35.404+0000] {dag.py:3820} INFO - Setting next_dagrun for dataset_produces_2 to None, run_after=None
[2026-01-02T04:28:35.422+0000] {processor.py:183} INFO - Processing /home/airflow/.local/lib/python3.8/site-packages/airflow/example_dags/example_datasets.py took 0.058 seconds
[2026-01-02T04:30:00.165+0000] {processor.py:161} INFO - Started process (PID=66) to work on /home/airflow/.local/lib/python3.8/site-packages/airflow/example_dags/example_datasets.py
[2026-01-02T04:30:00.166+0000] {processor.py:830} INFO - Processing file /home/airflow/.local/lib/python3.8/site-packages/airflow/example_dags/example_datasets.py for tasks to queue
[2026-01-02T04:30:00.167+0000] {logging_mixin.py:188} INFO - [2026-01-02T04:30:00.167+0000] {dagbag.py:538} INFO - Filling up the DagBag from /home/airflow/.local/lib/python3.8/site-packages/airflow/example_dags/example_datasets.py
[2026-01-02T04:30:00.173+0000] {processor.py:840} INFO - DAG(s) 'dataset_consumes_1_never_scheduled', 'dataset_consumes_unknown_never_scheduled', 'dataset_produces_2', 'dataset_consumes_1_and_2', 'dataset_consumes_1', 'dataset_produces_1' retrieved from /home/airflow/.local/lib/python3.8/site-packages/airflow/example_dags/example_datasets.py
[2026-01-02T04:30:00.181+0000] {logging_mixin.py:188} INFO - [2026-01-02T04:30:00.181+0000] {dag.py:3033} INFO - Sync 6 DAGs
[2026-01-02T04:30:00.197+0000] {logging_mixin.py:188} INFO - [2026-01-02T04:30:00.197+0000] {dag.py:3820} INFO - Setting next_dagrun for dataset_consumes_1 to None, run_after=None
[2026-01-02T04:30:00.200+0000] {logging_mixin.py:188} INFO - [2026-01-02T04:30:00.200+0000] {dag.py:3820} INFO - Setting next_dagrun for dataset_consumes_1_and_2 to None, run_after=None
[2026-01-02T04:30:00.200+0000] {logging_mixin.py:188} INFO - [2026-01-02T04:30:00.200+0000] {dag.py:3820} INFO - Setting next_dagrun for dataset_consumes_1_never_scheduled to None, run_after=None
[2026-01-02T04:30:00.201+0000] {logging_mixin.py:188} INFO - [2026-01-02T04:30:00.201+0000] {dag.py:3820} INFO - Setting next_dagrun for dataset_consumes_unknown_never_scheduled to None, run_after=None
[2026-01-02T04:30:00.202+0000] {logging_mixin.py:188} INFO - [2026-01-02T04:30:00.202+0000] {dag.py:3820} INFO - Setting next_dagrun for dataset_produces_1 to 2026-01-01T00:00:00+00:00, run_after=2026-01-02T00:00:00+00:00
[2026-01-02T04:30:00.203+0000] {logging_mixin.py:188} INFO - [2026-01-02T04:30:00.203+0000] {dag.py:3820} INFO - Setting next_dagrun for dataset_produces_2 to None, run_after=None
[2026-01-02T04:30:00.238+0000] {processor.py:183} INFO - Processing /home/airflow/.local/lib/python3.8/site-packages/airflow/example_dags/example_datasets.py took 0.075 seconds
[2026-01-02T04:30:31.186+0000] {processor.py:161} INFO - Started process (PID=121) to work on /home/airflow/.local/lib/python3.8/site-packages/airflow/example_dags/example_datasets.py
[2026-01-02T04:30:31.186+0000] {processor.py:830} INFO - Processing file /home/airflow/.local/lib/python3.8/site-packages/airflow/example_dags/example_datasets.py for tasks to queue
[2026-01-02T04:30:31.187+0000] {logging_mixin.py:188} INFO - [2026-01-02T04:30:31.187+0000] {dagbag.py:538} INFO - Filling up the DagBag from /home/airflow/.local/lib/python3.8/site-packages/airflow/example_dags/example_datasets.py
[2026-01-02T04:30:31.192+0000] {processor.py:840} INFO - DAG(s) 'dataset_consumes_1_and_2', 'dataset_consumes_1_never_scheduled', 'dataset_produces_2', 'dataset_consumes_unknown_never_scheduled', 'dataset_produces_1', 'dataset_consumes_1' retrieved from /home/airflow/.local/lib/python3.8/site-packages/airflow/example_dags/example_datasets.py
[2026-01-02T04:30:31.273+0000] {logging_mixin.py:188} INFO - [2026-01-02T04:30:31.273+0000] {dag.py:3033} INFO - Sync 6 DAGs
[2026-01-02T04:30:31.285+0000] {logging_mixin.py:188} INFO - [2026-01-02T04:30:31.285+0000] {dag.py:3820} INFO - Setting next_dagrun for dataset_consumes_1 to None, run_after=None
[2026-01-02T04:30:31.287+0000] {logging_mixin.py:188} INFO - [2026-01-02T04:30:31.287+0000] {dag.py:3820} INFO - Setting next_dagrun for dataset_consumes_1_and_2 to None, run_after=None
[2026-01-02T04:30:31.288+0000] {logging_mixin.py:188} INFO - [2026-01-02T04:30:31.288+0000] {dag.py:3820} INFO - Setting next_dagrun for dataset_consumes_1_never_scheduled to None, run_after=None
[2026-01-02T04:30:31.289+0000] {logging_mixin.py:188} INFO - [2026-01-02T04:30:31.289+0000] {dag.py:3820} INFO - Setting next_dagrun for dataset_consumes_unknown_never_scheduled to None, run_after=None
[2026-01-02T04:30:31.291+0000] {logging_mixin.py:188} INFO - [2026-01-02T04:30:31.291+0000] {dag.py:3820} INFO - Setting next_dagrun for dataset_produces_1 to 2026-01-01T00:00:00+00:00, run_after=2026-01-02T00:00:00+00:00
[2026-01-02T04:30:31.292+0000] {logging_mixin.py:188} INFO - [2026-01-02T04:30:31.292+0000] {dag.py:3820} INFO - Setting next_dagrun for dataset_produces_2 to None, run_after=None
[2026-01-02T04:30:31.319+0000] {processor.py:183} INFO - Processing /home/airflow/.local/lib/python3.8/site-packages/airflow/example_dags/example_datasets.py took 0.135 seconds
[2026-01-02T04:31:02.216+0000] {processor.py:161} INFO - Started process (PID=176) to work on /home/airflow/.local/lib/python3.8/site-packages/airflow/example_dags/example_datasets.py
[2026-01-02T04:31:02.217+0000] {processor.py:830} INFO - Processing file /home/airflow/.local/lib/python3.8/site-packages/airflow/example_dags/example_datasets.py for tasks to queue
[2026-01-02T04:31:02.218+0000] {logging_mixin.py:188} INFO - [2026-01-02T04:31:02.217+0000] {dagbag.py:538} INFO - Filling up the DagBag from /home/airflow/.local/lib/python3.8/site-packages/airflow/example_dags/example_datasets.py
[2026-01-02T04:31:02.222+0000] {processor.py:840} INFO - DAG(s) 'dataset_consumes_1', 'dataset_consumes_1_never_scheduled', 'dataset_produces_1', 'dataset_produces_2', 'dataset_consumes_1_and_2', 'dataset_consumes_unknown_never_scheduled' retrieved from /home/airflow/.local/lib/python3.8/site-packages/airflow/example_dags/example_datasets.py
[2026-01-02T04:31:02.242+0000] {logging_mixin.py:188} INFO - [2026-01-02T04:31:02.242+0000] {dag.py:3033} INFO - Sync 6 DAGs
[2026-01-02T04:31:02.253+0000] {logging_mixin.py:188} INFO - [2026-01-02T04:31:02.253+0000] {dag.py:3820} INFO - Setting next_dagrun for dataset_consumes_1 to None, run_after=None
[2026-01-02T04:31:02.255+0000] {logging_mixin.py:188} INFO - [2026-01-02T04:31:02.255+0000] {dag.py:3820} INFO - Setting next_dagrun for dataset_consumes_1_and_2 to None, run_after=None
[2026-01-02T04:31:02.255+0000] {logging_mixin.py:188} INFO - [2026-01-02T04:31:02.255+0000] {dag.py:3820} INFO - Setting next_dagrun for dataset_consumes_1_never_scheduled to None, run_after=None
[2026-01-02T04:31:02.256+0000] {logging_mixin.py:188} INFO - [2026-01-02T04:31:02.256+0000] {dag.py:3820} INFO - Setting next_dagrun for dataset_consumes_unknown_never_scheduled to None, run_after=None
[2026-01-02T04:31:02.258+0000] {logging_mixin.py:188} INFO - [2026-01-02T04:31:02.258+0000] {dag.py:3820} INFO - Setting next_dagrun for dataset_produces_1 to 2026-01-01T00:00:00+00:00, run_after=2026-01-02T00:00:00+00:00
[2026-01-02T04:31:02.259+0000] {logging_mixin.py:188} INFO - [2026-01-02T04:31:02.259+0000] {dag.py:3820} INFO - Setting next_dagrun for dataset_produces_2 to None, run_after=None
[2026-01-02T04:31:02.280+0000] {processor.py:183} INFO - Processing /home/airflow/.local/lib/python3.8/site-packages/airflow/example_dags/example_datasets.py took 0.065 seconds
[2026-01-02T04:31:32.641+0000] {processor.py:161} INFO - Started process (PID=231) to work on /home/airflow/.local/lib/python3.8/site-packages/airflow/example_dags/example_datasets.py
[2026-01-02T04:31:32.642+0000] {processor.py:830} INFO - Processing file /home/airflow/.local/lib/python3.8/site-packages/airflow/example_dags/example_datasets.py for tasks to queue
[2026-01-02T04:31:32.645+0000] {logging_mixin.py:188} INFO - [2026-01-02T04:31:32.645+0000] {dagbag.py:538} INFO - Filling up the DagBag from /home/airflow/.local/lib/python3.8/site-packages/airflow/example_dags/example_datasets.py
[2026-01-02T04:31:32.653+0000] {processor.py:840} INFO - DAG(s) 'dataset_consumes_1', 'dataset_consumes_unknown_never_scheduled', 'dataset_produces_1', 'dataset_produces_2', 'dataset_consumes_1_and_2', 'dataset_consumes_1_never_scheduled' retrieved from /home/airflow/.local/lib/python3.8/site-packages/airflow/example_dags/example_datasets.py
[2026-01-02T04:31:32.672+0000] {logging_mixin.py:188} INFO - [2026-01-02T04:31:32.672+0000] {dag.py:3033} INFO - Sync 6 DAGs
[2026-01-02T04:31:32.684+0000] {logging_mixin.py:188} INFO - [2026-01-02T04:31:32.684+0000] {dag.py:3820} INFO - Setting next_dagrun for dataset_consumes_1 to None, run_after=None
[2026-01-02T04:31:32.686+0000] {logging_mixin.py:188} INFO - [2026-01-02T04:31:32.686+0000] {dag.py:3820} INFO - Setting next_dagrun for dataset_consumes_1_and_2 to None, run_after=None
[2026-01-02T04:31:32.687+0000] {logging_mixin.py:188} INFO - [2026-01-02T04:31:32.687+0000] {dag.py:3820} INFO - Setting next_dagrun for dataset_consumes_1_never_scheduled to None, run_after=None
[2026-01-02T04:31:32.688+0000] {logging_mixin.py:188} INFO - [2026-01-02T04:31:32.688+0000] {dag.py:3820} INFO - Setting next_dagrun for dataset_consumes_unknown_never_scheduled to None, run_after=None
[2026-01-02T04:31:32.690+0000] {logging_mixin.py:188} INFO - [2026-01-02T04:31:32.690+0000] {dag.py:3820} INFO - Setting next_dagrun for dataset_produces_1 to 2026-01-01T00:00:00+00:00, run_after=2026-01-02T00:00:00+00:00
[2026-01-02T04:31:32.690+0000] {logging_mixin.py:188} INFO - [2026-01-02T04:31:32.690+0000] {dag.py:3820} INFO - Setting next_dagrun for dataset_produces_2 to None, run_after=None
[2026-01-02T04:31:32.710+0000] {processor.py:183} INFO - Processing /home/airflow/.local/lib/python3.8/site-packages/airflow/example_dags/example_datasets.py took 0.071 seconds
[2026-01-02T04:32:03.104+0000] {processor.py:161} INFO - Started process (PID=286) to work on /home/airflow/.local/lib/python3.8/site-packages/airflow/example_dags/example_datasets.py
[2026-01-02T04:32:03.104+0000] {processor.py:830} INFO - Processing file /home/airflow/.local/lib/python3.8/site-packages/airflow/example_dags/example_datasets.py for tasks to queue
[2026-01-02T04:32:03.105+0000] {logging_mixin.py:188} INFO - [2026-01-02T04:32:03.105+0000] {dagbag.py:538} INFO - Filling up the DagBag from /home/airflow/.local/lib/python3.8/site-packages/airflow/example_dags/example_datasets.py
[2026-01-02T04:32:03.111+0000] {processor.py:840} INFO - DAG(s) 'dataset_consumes_1_never_scheduled', 'dataset_consumes_1_and_2', 'dataset_produces_2', 'dataset_consumes_1', 'dataset_produces_1', 'dataset_consumes_unknown_never_scheduled' retrieved from /home/airflow/.local/lib/python3.8/site-packages/airflow/example_dags/example_datasets.py
[2026-01-02T04:32:03.130+0000] {logging_mixin.py:188} INFO - [2026-01-02T04:32:03.129+0000] {dag.py:3033} INFO - Sync 6 DAGs
[2026-01-02T04:32:03.140+0000] {logging_mixin.py:188} INFO - [2026-01-02T04:32:03.140+0000] {dag.py:3820} INFO - Setting next_dagrun for dataset_consumes_1 to None, run_after=None
[2026-01-02T04:32:03.141+0000] {logging_mixin.py:188} INFO - [2026-01-02T04:32:03.141+0000] {dag.py:3820} INFO - Setting next_dagrun for dataset_consumes_1_and_2 to None, run_after=None
[2026-01-02T04:32:03.142+0000] {logging_mixin.py:188} INFO - [2026-01-02T04:32:03.142+0000] {dag.py:3820} INFO - Setting next_dagrun for dataset_consumes_1_never_scheduled to None, run_after=None
[2026-01-02T04:32:03.143+0000] {logging_mixin.py:188} INFO - [2026-01-02T04:32:03.143+0000] {dag.py:3820} INFO - Setting next_dagrun for dataset_consumes_unknown_never_scheduled to None, run_after=None
[2026-01-02T04:32:03.144+0000] {logging_mixin.py:188} INFO - [2026-01-02T04:32:03.144+0000] {dag.py:3820} INFO - Setting next_dagrun for dataset_produces_1 to 2026-01-01T00:00:00+00:00, run_after=2026-01-02T00:00:00+00:00
[2026-01-02T04:32:03.145+0000] {logging_mixin.py:188} INFO - [2026-01-02T04:32:03.145+0000] {dag.py:3820} INFO - Setting next_dagrun for dataset_produces_2 to None, run_after=None
[2026-01-02T04:32:03.163+0000] {processor.py:183} INFO - Processing /home/airflow/.local/lib/python3.8/site-packages/airflow/example_dags/example_datasets.py took 0.060 seconds
[2026-01-02T04:32:33.373+0000] {processor.py:161} INFO - Started process (PID=341) to work on /home/airflow/.local/lib/python3.8/site-packages/airflow/example_dags/example_datasets.py
[2026-01-02T04:32:33.374+0000] {processor.py:830} INFO - Processing file /home/airflow/.local/lib/python3.8/site-packages/airflow/example_dags/example_datasets.py for tasks to queue
[2026-01-02T04:32:33.375+0000] {logging_mixin.py:188} INFO - [2026-01-02T04:32:33.375+0000] {dagbag.py:538} INFO - Filling up the DagBag from /home/airflow/.local/lib/python3.8/site-packages/airflow/example_dags/example_datasets.py
[2026-01-02T04:32:33.379+0000] {processor.py:840} INFO - DAG(s) 'dataset_consumes_1_never_scheduled', 'dataset_consumes_unknown_never_scheduled', 'dataset_consumes_1', 'dataset_consumes_1_and_2', 'dataset_produces_2', 'dataset_produces_1' retrieved from /home/airflow/.local/lib/python3.8/site-packages/airflow/example_dags/example_datasets.py
[2026-01-02T04:32:33.403+0000] {logging_mixin.py:188} INFO - [2026-01-02T04:32:33.403+0000] {dag.py:3033} INFO - Sync 6 DAGs
[2026-01-02T04:32:33.415+0000] {logging_mixin.py:188} INFO - [2026-01-02T04:32:33.415+0000] {dag.py:3820} INFO - Setting next_dagrun for dataset_consumes_1 to None, run_after=None
[2026-01-02T04:32:33.417+0000] {logging_mixin.py:188} INFO - [2026-01-02T04:32:33.417+0000] {dag.py:3820} INFO - Setting next_dagrun for dataset_consumes_1_and_2 to None, run_after=None
[2026-01-02T04:32:33.418+0000] {logging_mixin.py:188} INFO - [2026-01-02T04:32:33.418+0000] {dag.py:3820} INFO - Setting next_dagrun for dataset_consumes_1_never_scheduled to None, run_after=None
[2026-01-02T04:32:33.419+0000] {logging_mixin.py:188} INFO - [2026-01-02T04:32:33.419+0000] {dag.py:3820} INFO - Setting next_dagrun for dataset_consumes_unknown_never_scheduled to None, run_after=None
[2026-01-02T04:32:33.420+0000] {logging_mixin.py:188} INFO - [2026-01-02T04:32:33.420+0000] {dag.py:3820} INFO - Setting next_dagrun for dataset_produces_1 to 2026-01-01T00:00:00+00:00, run_after=2026-01-02T00:00:00+00:00
[2026-01-02T04:32:33.421+0000] {logging_mixin.py:188} INFO - [2026-01-02T04:32:33.421+0000] {dag.py:3820} INFO - Setting next_dagrun for dataset_produces_2 to None, run_after=None
[2026-01-02T04:32:33.437+0000] {processor.py:183} INFO - Processing /home/airflow/.local/lib/python3.8/site-packages/airflow/example_dags/example_datasets.py took 0.065 seconds
[2026-01-02T04:33:03.653+0000] {processor.py:161} INFO - Started process (PID=396) to work on /home/airflow/.local/lib/python3.8/site-packages/airflow/example_dags/example_datasets.py
[2026-01-02T04:33:03.654+0000] {processor.py:830} INFO - Processing file /home/airflow/.local/lib/python3.8/site-packages/airflow/example_dags/example_datasets.py for tasks to queue
[2026-01-02T04:33:03.655+0000] {logging_mixin.py:188} INFO - [2026-01-02T04:33:03.655+0000] {dagbag.py:538} INFO - Filling up the DagBag from /home/airflow/.local/lib/python3.8/site-packages/airflow/example_dags/example_datasets.py
[2026-01-02T04:33:03.660+0000] {processor.py:840} INFO - DAG(s) 'dataset_consumes_1_never_scheduled', 'dataset_produces_1', 'dataset_consumes_1_and_2', 'dataset_consumes_1', 'dataset_consumes_unknown_never_scheduled', 'dataset_produces_2' retrieved from /home/airflow/.local/lib/python3.8/site-packages/airflow/example_dags/example_datasets.py
[2026-01-02T04:33:03.679+0000] {logging_mixin.py:188} INFO - [2026-01-02T04:33:03.679+0000] {dag.py:3033} INFO - Sync 6 DAGs
[2026-01-02T04:33:03.692+0000] {logging_mixin.py:188} INFO - [2026-01-02T04:33:03.692+0000] {dag.py:3820} INFO - Setting next_dagrun for dataset_consumes_1 to None, run_after=None
[2026-01-02T04:33:03.694+0000] {logging_mixin.py:188} INFO - [2026-01-02T04:33:03.694+0000] {dag.py:3820} INFO - Setting next_dagrun for dataset_consumes_1_and_2 to None, run_after=None
[2026-01-02T04:33:03.696+0000] {logging_mixin.py:188} INFO - [2026-01-02T04:33:03.696+0000] {dag.py:3820} INFO - Setting next_dagrun for dataset_consumes_1_never_scheduled to None, run_after=None
[2026-01-02T04:33:03.697+0000] {logging_mixin.py:188} INFO - [2026-01-02T04:33:03.697+0000] {dag.py:3820} INFO - Setting next_dagrun for dataset_consumes_unknown_never_scheduled to None, run_after=None
[2026-01-02T04:33:03.698+0000] {logging_mixin.py:188} INFO - [2026-01-02T04:33:03.698+0000] {dag.py:3820} INFO - Setting next_dagrun for dataset_produces_1 to 2026-01-01T00:00:00+00:00, run_after=2026-01-02T00:00:00+00:00
[2026-01-02T04:33:03.699+0000] {logging_mixin.py:188} INFO - [2026-01-02T04:33:03.699+0000] {dag.py:3820} INFO - Setting next_dagrun for dataset_produces_2 to None, run_after=None
[2026-01-02T04:33:03.717+0000] {processor.py:183} INFO - Processing /home/airflow/.local/lib/python3.8/site-packages/airflow/example_dags/example_datasets.py took 0.065 seconds
[2026-01-02T04:33:33.937+0000] {processor.py:161} INFO - Started process (PID=451) to work on /home/airflow/.local/lib/python3.8/site-packages/airflow/example_dags/example_datasets.py
[2026-01-02T04:33:33.938+0000] {processor.py:830} INFO - Processing file /home/airflow/.local/lib/python3.8/site-packages/airflow/example_dags/example_datasets.py for tasks to queue
[2026-01-02T04:33:33.939+0000] {logging_mixin.py:188} INFO - [2026-01-02T04:33:33.939+0000] {dagbag.py:538} INFO - Filling up the DagBag from /home/airflow/.local/lib/python3.8/site-packages/airflow/example_dags/example_datasets.py
[2026-01-02T04:33:33.943+0000] {processor.py:840} INFO - DAG(s) 'dataset_consumes_1', 'dataset_produces_2', 'dataset_consumes_unknown_never_scheduled', 'dataset_consumes_1_and_2', 'dataset_consumes_1_never_scheduled', 'dataset_produces_1' retrieved from /home/airflow/.local/lib/python3.8/site-packages/airflow/example_dags/example_datasets.py
[2026-01-02T04:33:33.963+0000] {logging_mixin.py:188} INFO - [2026-01-02T04:33:33.963+0000] {dag.py:3033} INFO - Sync 6 DAGs
[2026-01-02T04:33:33.974+0000] {logging_mixin.py:188} INFO - [2026-01-02T04:33:33.974+0000] {dag.py:3820} INFO - Setting next_dagrun for dataset_consumes_1 to None, run_after=None
[2026-01-02T04:33:33.976+0000] {logging_mixin.py:188} INFO - [2026-01-02T04:33:33.976+0000] {dag.py:3820} INFO - Setting next_dagrun for dataset_consumes_1_and_2 to None, run_after=None
[2026-01-02T04:33:33.977+0000] {logging_mixin.py:188} INFO - [2026-01-02T04:33:33.977+0000] {dag.py:3820} INFO - Setting next_dagrun for dataset_consumes_1_never_scheduled to None, run_after=None
[2026-01-02T04:33:33.978+0000] {logging_mixin.py:188} INFO - [2026-01-02T04:33:33.978+0000] {dag.py:3820} INFO - Setting next_dagrun for dataset_consumes_unknown_never_scheduled to None, run_after=None
[2026-01-02T04:33:33.979+0000] {logging_mixin.py:188} INFO - [2026-01-02T04:33:33.979+0000] {dag.py:3820} INFO - Setting next_dagrun for dataset_produces_1 to 2026-01-01T00:00:00+00:00, run_after=2026-01-02T00:00:00+00:00
[2026-01-02T04:33:33.981+0000] {logging_mixin.py:188} INFO - [2026-01-02T04:33:33.981+0000] {dag.py:3820} INFO - Setting next_dagrun for dataset_produces_2 to None, run_after=None
[2026-01-02T04:33:34.000+0000] {processor.py:183} INFO - Processing /home/airflow/.local/lib/python3.8/site-packages/airflow/example_dags/example_datasets.py took 0.064 seconds
[2026-01-02T04:34:04.247+0000] {processor.py:161} INFO - Started process (PID=506) to work on /home/airflow/.local/lib/python3.8/site-packages/airflow/example_dags/example_datasets.py
[2026-01-02T04:34:04.247+0000] {processor.py:830} INFO - Processing file /home/airflow/.local/lib/python3.8/site-packages/airflow/example_dags/example_datasets.py for tasks to queue
[2026-01-02T04:34:04.249+0000] {logging_mixin.py:188} INFO - [2026-01-02T04:34:04.249+0000] {dagbag.py:538} INFO - Filling up the DagBag from /home/airflow/.local/lib/python3.8/site-packages/airflow/example_dags/example_datasets.py
[2026-01-02T04:34:04.253+0000] {processor.py:840} INFO - DAG(s) 'dataset_produces_2', 'dataset_consumes_unknown_never_scheduled', 'dataset_consumes_1_never_scheduled', 'dataset_produces_1', 'dataset_consumes_1_and_2', 'dataset_consumes_1' retrieved from /home/airflow/.local/lib/python3.8/site-packages/airflow/example_dags/example_datasets.py
[2026-01-02T04:34:04.270+0000] {logging_mixin.py:188} INFO - [2026-01-02T04:34:04.270+0000] {dag.py:3033} INFO - Sync 6 DAGs
[2026-01-02T04:34:04.280+0000] {logging_mixin.py:188} INFO - [2026-01-02T04:34:04.280+0000] {dag.py:3820} INFO - Setting next_dagrun for dataset_consumes_1 to None, run_after=None
[2026-01-02T04:34:04.282+0000] {logging_mixin.py:188} INFO - [2026-01-02T04:34:04.282+0000] {dag.py:3820} INFO - Setting next_dagrun for dataset_consumes_1_and_2 to None, run_after=None
[2026-01-02T04:34:04.283+0000] {logging_mixin.py:188} INFO - [2026-01-02T04:34:04.283+0000] {dag.py:3820} INFO - Setting next_dagrun for dataset_consumes_1_never_scheduled to None, run_after=None
[2026-01-02T04:34:04.284+0000] {logging_mixin.py:188} INFO - [2026-01-02T04:34:04.284+0000] {dag.py:3820} INFO - Setting next_dagrun for dataset_consumes_unknown_never_scheduled to None, run_after=None
[2026-01-02T04:34:04.285+0000] {logging_mixin.py:188} INFO - [2026-01-02T04:34:04.285+0000] {dag.py:3820} INFO - Setting next_dagrun for dataset_produces_1 to 2026-01-01T00:00:00+00:00, run_after=2026-01-02T00:00:00+00:00
[2026-01-02T04:34:04.287+0000] {logging_mixin.py:188} INFO - [2026-01-02T04:34:04.287+0000] {dag.py:3820} INFO - Setting next_dagrun for dataset_produces_2 to None, run_after=None
[2026-01-02T04:34:04.305+0000] {processor.py:183} INFO - Processing /home/airflow/.local/lib/python3.8/site-packages/airflow/example_dags/example_datasets.py took 0.059 seconds
[2026-01-02T04:34:34.611+0000] {processor.py:161} INFO - Started process (PID=561) to work on /home/airflow/.local/lib/python3.8/site-packages/airflow/example_dags/example_datasets.py
[2026-01-02T04:34:34.611+0000] {processor.py:830} INFO - Processing file /home/airflow/.local/lib/python3.8/site-packages/airflow/example_dags/example_datasets.py for tasks to queue
[2026-01-02T04:34:34.612+0000] {logging_mixin.py:188} INFO - [2026-01-02T04:34:34.612+0000] {dagbag.py:538} INFO - Filling up the DagBag from /home/airflow/.local/lib/python3.8/site-packages/airflow/example_dags/example_datasets.py
[2026-01-02T04:34:34.616+0000] {processor.py:840} INFO - DAG(s) 'dataset_consumes_1', 'dataset_produces_2', 'dataset_consumes_1_never_scheduled', 'dataset_consumes_unknown_never_scheduled', 'dataset_consumes_1_and_2', 'dataset_produces_1' retrieved from /home/airflow/.local/lib/python3.8/site-packages/airflow/example_dags/example_datasets.py
[2026-01-02T04:34:34.634+0000] {logging_mixin.py:188} INFO - [2026-01-02T04:34:34.634+0000] {dag.py:3033} INFO - Sync 6 DAGs
[2026-01-02T04:34:34.645+0000] {logging_mixin.py:188} INFO - [2026-01-02T04:34:34.645+0000] {dag.py:3820} INFO - Setting next_dagrun for dataset_consumes_1 to None, run_after=None
[2026-01-02T04:34:34.647+0000] {logging_mixin.py:188} INFO - [2026-01-02T04:34:34.647+0000] {dag.py:3820} INFO - Setting next_dagrun for dataset_consumes_1_and_2 to None, run_after=None
[2026-01-02T04:34:34.648+0000] {logging_mixin.py:188} INFO - [2026-01-02T04:34:34.648+0000] {dag.py:3820} INFO - Setting next_dagrun for dataset_consumes_1_never_scheduled to None, run_after=None
[2026-01-02T04:34:34.648+0000] {logging_mixin.py:188} INFO - [2026-01-02T04:34:34.648+0000] {dag.py:3820} INFO - Setting next_dagrun for dataset_consumes_unknown_never_scheduled to None, run_after=None
[2026-01-02T04:34:34.650+0000] {logging_mixin.py:188} INFO - [2026-01-02T04:34:34.650+0000] {dag.py:3820} INFO - Setting next_dagrun for dataset_produces_1 to 2026-01-01T00:00:00+00:00, run_after=2026-01-02T00:00:00+00:00
[2026-01-02T04:34:34.651+0000] {logging_mixin.py:188} INFO - [2026-01-02T04:34:34.651+0000] {dag.py:3820} INFO - Setting next_dagrun for dataset_produces_2 to None, run_after=None
[2026-01-02T04:34:34.678+0000] {processor.py:183} INFO - Processing /home/airflow/.local/lib/python3.8/site-packages/airflow/example_dags/example_datasets.py took 0.069 seconds
[2026-01-02T04:35:04.919+0000] {processor.py:161} INFO - Started process (PID=616) to work on /home/airflow/.local/lib/python3.8/site-packages/airflow/example_dags/example_datasets.py
[2026-01-02T04:35:04.919+0000] {processor.py:830} INFO - Processing file /home/airflow/.local/lib/python3.8/site-packages/airflow/example_dags/example_datasets.py for tasks to queue
[2026-01-02T04:35:04.920+0000] {logging_mixin.py:188} INFO - [2026-01-02T04:35:04.920+0000] {dagbag.py:538} INFO - Filling up the DagBag from /home/airflow/.local/lib/python3.8/site-packages/airflow/example_dags/example_datasets.py
[2026-01-02T04:35:04.924+0000] {processor.py:840} INFO - DAG(s) 'dataset_produces_1', 'dataset_consumes_1_and_2', 'dataset_consumes_1_never_scheduled', 'dataset_produces_2', 'dataset_consumes_unknown_never_scheduled', 'dataset_consumes_1' retrieved from /home/airflow/.local/lib/python3.8/site-packages/airflow/example_dags/example_datasets.py
[2026-01-02T04:35:04.944+0000] {logging_mixin.py:188} INFO - [2026-01-02T04:35:04.943+0000] {dag.py:3033} INFO - Sync 6 DAGs
[2026-01-02T04:35:04.955+0000] {logging_mixin.py:188} INFO - [2026-01-02T04:35:04.955+0000] {dag.py:3820} INFO - Setting next_dagrun for dataset_consumes_1 to None, run_after=None
[2026-01-02T04:35:04.956+0000] {logging_mixin.py:188} INFO - [2026-01-02T04:35:04.956+0000] {dag.py:3820} INFO - Setting next_dagrun for dataset_consumes_1_and_2 to None, run_after=None
[2026-01-02T04:35:04.957+0000] {logging_mixin.py:188} INFO - [2026-01-02T04:35:04.957+0000] {dag.py:3820} INFO - Setting next_dagrun for dataset_consumes_1_never_scheduled to None, run_after=None
[2026-01-02T04:35:04.958+0000] {logging_mixin.py:188} INFO - [2026-01-02T04:35:04.958+0000] {dag.py:3820} INFO - Setting next_dagrun for dataset_consumes_unknown_never_scheduled to None, run_after=None
[2026-01-02T04:35:04.960+0000] {logging_mixin.py:188} INFO - [2026-01-02T04:35:04.960+0000] {dag.py:3820} INFO - Setting next_dagrun for dataset_produces_1 to 2026-01-01T00:00:00+00:00, run_after=2026-01-02T00:00:00+00:00
[2026-01-02T04:35:04.961+0000] {logging_mixin.py:188} INFO - [2026-01-02T04:35:04.961+0000] {dag.py:3820} INFO - Setting next_dagrun for dataset_produces_2 to None, run_after=None
[2026-01-02T04:35:04.981+0000] {processor.py:183} INFO - Processing /home/airflow/.local/lib/python3.8/site-packages/airflow/example_dags/example_datasets.py took 0.064 seconds
[2026-01-02T04:35:35.248+0000] {processor.py:161} INFO - Started process (PID=671) to work on /home/airflow/.local/lib/python3.8/site-packages/airflow/example_dags/example_datasets.py
[2026-01-02T04:35:35.249+0000] {processor.py:830} INFO - Processing file /home/airflow/.local/lib/python3.8/site-packages/airflow/example_dags/example_datasets.py for tasks to queue
[2026-01-02T04:35:35.250+0000] {logging_mixin.py:188} INFO - [2026-01-02T04:35:35.250+0000] {dagbag.py:538} INFO - Filling up the DagBag from /home/airflow/.local/lib/python3.8/site-packages/airflow/example_dags/example_datasets.py
[2026-01-02T04:35:35.255+0000] {processor.py:840} INFO - DAG(s) 'dataset_produces_2', 'dataset_consumes_1_and_2', 'dataset_consumes_1_never_scheduled', 'dataset_consumes_1', 'dataset_produces_1', 'dataset_consumes_unknown_never_scheduled' retrieved from /home/airflow/.local/lib/python3.8/site-packages/airflow/example_dags/example_datasets.py
[2026-01-02T04:35:35.273+0000] {logging_mixin.py:188} INFO - [2026-01-02T04:35:35.273+0000] {dag.py:3033} INFO - Sync 6 DAGs
[2026-01-02T04:35:35.284+0000] {logging_mixin.py:188} INFO - [2026-01-02T04:35:35.284+0000] {dag.py:3820} INFO - Setting next_dagrun for dataset_consumes_1 to None, run_after=None
[2026-01-02T04:35:35.286+0000] {logging_mixin.py:188} INFO - [2026-01-02T04:35:35.286+0000] {dag.py:3820} INFO - Setting next_dagrun for dataset_consumes_1_and_2 to None, run_after=None
[2026-01-02T04:35:35.287+0000] {logging_mixin.py:188} INFO - [2026-01-02T04:35:35.287+0000] {dag.py:3820} INFO - Setting next_dagrun for dataset_consumes_1_never_scheduled to None, run_after=None
[2026-01-02T04:35:35.288+0000] {logging_mixin.py:188} INFO - [2026-01-02T04:35:35.288+0000] {dag.py:3820} INFO - Setting next_dagrun for dataset_consumes_unknown_never_scheduled to None, run_after=None
[2026-01-02T04:35:35.290+0000] {logging_mixin.py:188} INFO - [2026-01-02T04:35:35.290+0000] {dag.py:3820} INFO - Setting next_dagrun for dataset_produces_1 to 2026-01-01T00:00:00+00:00, run_after=2026-01-02T00:00:00+00:00
[2026-01-02T04:35:35.292+0000] {logging_mixin.py:188} INFO - [2026-01-02T04:35:35.292+0000] {dag.py:3820} INFO - Setting next_dagrun for dataset_produces_2 to None, run_after=None
[2026-01-02T04:35:35.312+0000] {processor.py:183} INFO - Processing /home/airflow/.local/lib/python3.8/site-packages/airflow/example_dags/example_datasets.py took 0.065 seconds
[2026-01-02T04:36:05.543+0000] {processor.py:161} INFO - Started process (PID=726) to work on /home/airflow/.local/lib/python3.8/site-packages/airflow/example_dags/example_datasets.py
[2026-01-02T04:36:05.544+0000] {processor.py:830} INFO - Processing file /home/airflow/.local/lib/python3.8/site-packages/airflow/example_dags/example_datasets.py for tasks to queue
[2026-01-02T04:36:05.545+0000] {logging_mixin.py:188} INFO - [2026-01-02T04:36:05.545+0000] {dagbag.py:538} INFO - Filling up the DagBag from /home/airflow/.local/lib/python3.8/site-packages/airflow/example_dags/example_datasets.py
[2026-01-02T04:36:05.549+0000] {processor.py:840} INFO - DAG(s) 'dataset_consumes_1', 'dataset_consumes_1_never_scheduled', 'dataset_produces_2', 'dataset_produces_1', 'dataset_consumes_1_and_2', 'dataset_consumes_unknown_never_scheduled' retrieved from /home/airflow/.local/lib/python3.8/site-packages/airflow/example_dags/example_datasets.py
[2026-01-02T04:36:05.567+0000] {logging_mixin.py:188} INFO - [2026-01-02T04:36:05.567+0000] {dag.py:3033} INFO - Sync 6 DAGs
[2026-01-02T04:36:05.578+0000] {logging_mixin.py:188} INFO - [2026-01-02T04:36:05.578+0000] {dag.py:3820} INFO - Setting next_dagrun for dataset_consumes_1 to None, run_after=None
[2026-01-02T04:36:05.581+0000] {logging_mixin.py:188} INFO - [2026-01-02T04:36:05.580+0000] {dag.py:3820} INFO - Setting next_dagrun for dataset_consumes_1_and_2 to None, run_after=None
[2026-01-02T04:36:05.581+0000] {logging_mixin.py:188} INFO - [2026-01-02T04:36:05.581+0000] {dag.py:3820} INFO - Setting next_dagrun for dataset_consumes_1_never_scheduled to None, run_after=None
[2026-01-02T04:36:05.582+0000] {logging_mixin.py:188} INFO - [2026-01-02T04:36:05.582+0000] {dag.py:3820} INFO - Setting next_dagrun for dataset_consumes_unknown_never_scheduled to None, run_after=None
[2026-01-02T04:36:05.584+0000] {logging_mixin.py:188} INFO - [2026-01-02T04:36:05.584+0000] {dag.py:3820} INFO - Setting next_dagrun for dataset_produces_1 to 2026-01-01T00:00:00+00:00, run_after=2026-01-02T00:00:00+00:00
[2026-01-02T04:36:05.586+0000] {logging_mixin.py:188} INFO - [2026-01-02T04:36:05.586+0000] {dag.py:3820} INFO - Setting next_dagrun for dataset_produces_2 to None, run_after=None
[2026-01-02T04:36:05.608+0000] {processor.py:183} INFO - Processing /home/airflow/.local/lib/python3.8/site-packages/airflow/example_dags/example_datasets.py took 0.066 seconds
[2026-01-02T04:38:45.206+0000] {processor.py:161} INFO - Started process (PID=68) to work on /home/airflow/.local/lib/python3.8/site-packages/airflow/example_dags/example_datasets.py
[2026-01-02T04:38:45.207+0000] {processor.py:830} INFO - Processing file /home/airflow/.local/lib/python3.8/site-packages/airflow/example_dags/example_datasets.py for tasks to queue
[2026-01-02T04:38:45.208+0000] {logging_mixin.py:188} INFO - [2026-01-02T04:38:45.207+0000] {dagbag.py:538} INFO - Filling up the DagBag from /home/airflow/.local/lib/python3.8/site-packages/airflow/example_dags/example_datasets.py
[2026-01-02T04:38:45.213+0000] {processor.py:840} INFO - DAG(s) 'dataset_consumes_1_and_2', 'dataset_produces_1', 'dataset_consumes_1', 'dataset_produces_2', 'dataset_consumes_unknown_never_scheduled', 'dataset_consumes_1_never_scheduled' retrieved from /home/airflow/.local/lib/python3.8/site-packages/airflow/example_dags/example_datasets.py
[2026-01-02T04:38:45.222+0000] {logging_mixin.py:188} INFO - [2026-01-02T04:38:45.222+0000] {dag.py:3033} INFO - Sync 6 DAGs
[2026-01-02T04:38:45.233+0000] {logging_mixin.py:188} INFO - [2026-01-02T04:38:45.233+0000] {dag.py:3820} INFO - Setting next_dagrun for dataset_consumes_1 to None, run_after=None
[2026-01-02T04:38:45.235+0000] {logging_mixin.py:188} INFO - [2026-01-02T04:38:45.235+0000] {dag.py:3820} INFO - Setting next_dagrun for dataset_consumes_1_and_2 to None, run_after=None
[2026-01-02T04:38:45.236+0000] {logging_mixin.py:188} INFO - [2026-01-02T04:38:45.235+0000] {dag.py:3820} INFO - Setting next_dagrun for dataset_consumes_1_never_scheduled to None, run_after=None
[2026-01-02T04:38:45.236+0000] {logging_mixin.py:188} INFO - [2026-01-02T04:38:45.236+0000] {dag.py:3820} INFO - Setting next_dagrun for dataset_consumes_unknown_never_scheduled to None, run_after=None
[2026-01-02T04:38:45.238+0000] {logging_mixin.py:188} INFO - [2026-01-02T04:38:45.238+0000] {dag.py:3820} INFO - Setting next_dagrun for dataset_produces_1 to 2026-01-01T00:00:00+00:00, run_after=2026-01-02T00:00:00+00:00
[2026-01-02T04:38:45.239+0000] {logging_mixin.py:188} INFO - [2026-01-02T04:38:45.239+0000] {dag.py:3820} INFO - Setting next_dagrun for dataset_produces_2 to None, run_after=None
[2026-01-02T04:38:45.261+0000] {processor.py:183} INFO - Processing /home/airflow/.local/lib/python3.8/site-packages/airflow/example_dags/example_datasets.py took 0.056 seconds
[2026-01-02T04:39:15.778+0000] {processor.py:161} INFO - Started process (PID=129) to work on /home/airflow/.local/lib/python3.8/site-packages/airflow/example_dags/example_datasets.py
[2026-01-02T04:39:15.779+0000] {processor.py:830} INFO - Processing file /home/airflow/.local/lib/python3.8/site-packages/airflow/example_dags/example_datasets.py for tasks to queue
[2026-01-02T04:39:15.780+0000] {logging_mixin.py:188} INFO - [2026-01-02T04:39:15.780+0000] {dagbag.py:538} INFO - Filling up the DagBag from /home/airflow/.local/lib/python3.8/site-packages/airflow/example_dags/example_datasets.py
[2026-01-02T04:39:15.784+0000] {processor.py:840} INFO - DAG(s) 'dataset_produces_2', 'dataset_consumes_1_never_scheduled', 'dataset_consumes_unknown_never_scheduled', 'dataset_produces_1', 'dataset_consumes_1_and_2', 'dataset_consumes_1' retrieved from /home/airflow/.local/lib/python3.8/site-packages/airflow/example_dags/example_datasets.py
[2026-01-02T04:39:15.857+0000] {logging_mixin.py:188} INFO - [2026-01-02T04:39:15.857+0000] {dag.py:3033} INFO - Sync 6 DAGs
[2026-01-02T04:39:15.866+0000] {logging_mixin.py:188} INFO - [2026-01-02T04:39:15.866+0000] {dag.py:3820} INFO - Setting next_dagrun for dataset_consumes_1 to None, run_after=None
[2026-01-02T04:39:15.868+0000] {logging_mixin.py:188} INFO - [2026-01-02T04:39:15.868+0000] {dag.py:3820} INFO - Setting next_dagrun for dataset_consumes_1_and_2 to None, run_after=None
[2026-01-02T04:39:15.869+0000] {logging_mixin.py:188} INFO - [2026-01-02T04:39:15.869+0000] {dag.py:3820} INFO - Setting next_dagrun for dataset_consumes_1_never_scheduled to None, run_after=None
[2026-01-02T04:39:15.869+0000] {logging_mixin.py:188} INFO - [2026-01-02T04:39:15.869+0000] {dag.py:3820} INFO - Setting next_dagrun for dataset_consumes_unknown_never_scheduled to None, run_after=None
[2026-01-02T04:39:15.870+0000] {logging_mixin.py:188} INFO - [2026-01-02T04:39:15.870+0000] {dag.py:3820} INFO - Setting next_dagrun for dataset_produces_1 to 2026-01-01T00:00:00+00:00, run_after=2026-01-02T00:00:00+00:00
[2026-01-02T04:39:15.871+0000] {logging_mixin.py:188} INFO - [2026-01-02T04:39:15.871+0000] {dag.py:3820} INFO - Setting next_dagrun for dataset_produces_2 to None, run_after=None
[2026-01-02T04:39:15.888+0000] {processor.py:183} INFO - Processing /home/airflow/.local/lib/python3.8/site-packages/airflow/example_dags/example_datasets.py took 0.111 seconds
[2026-01-02T04:39:46.415+0000] {processor.py:161} INFO - Started process (PID=184) to work on /home/airflow/.local/lib/python3.8/site-packages/airflow/example_dags/example_datasets.py
[2026-01-02T04:39:46.415+0000] {processor.py:830} INFO - Processing file /home/airflow/.local/lib/python3.8/site-packages/airflow/example_dags/example_datasets.py for tasks to queue
[2026-01-02T04:39:46.416+0000] {logging_mixin.py:188} INFO - [2026-01-02T04:39:46.416+0000] {dagbag.py:538} INFO - Filling up the DagBag from /home/airflow/.local/lib/python3.8/site-packages/airflow/example_dags/example_datasets.py
[2026-01-02T04:39:46.420+0000] {processor.py:840} INFO - DAG(s) 'dataset_consumes_1', 'dataset_produces_1', 'dataset_consumes_unknown_never_scheduled', 'dataset_produces_2', 'dataset_consumes_1_never_scheduled', 'dataset_consumes_1_and_2' retrieved from /home/airflow/.local/lib/python3.8/site-packages/airflow/example_dags/example_datasets.py
[2026-01-02T04:39:46.439+0000] {logging_mixin.py:188} INFO - [2026-01-02T04:39:46.439+0000] {dag.py:3033} INFO - Sync 6 DAGs
[2026-01-02T04:39:46.451+0000] {logging_mixin.py:188} INFO - [2026-01-02T04:39:46.450+0000] {dag.py:3820} INFO - Setting next_dagrun for dataset_consumes_1 to None, run_after=None
[2026-01-02T04:39:46.452+0000] {logging_mixin.py:188} INFO - [2026-01-02T04:39:46.452+0000] {dag.py:3820} INFO - Setting next_dagrun for dataset_consumes_1_and_2 to None, run_after=None
[2026-01-02T04:39:46.453+0000] {logging_mixin.py:188} INFO - [2026-01-02T04:39:46.453+0000] {dag.py:3820} INFO - Setting next_dagrun for dataset_consumes_1_never_scheduled to None, run_after=None
[2026-01-02T04:39:46.453+0000] {logging_mixin.py:188} INFO - [2026-01-02T04:39:46.453+0000] {dag.py:3820} INFO - Setting next_dagrun for dataset_consumes_unknown_never_scheduled to None, run_after=None
[2026-01-02T04:39:46.455+0000] {logging_mixin.py:188} INFO - [2026-01-02T04:39:46.455+0000] {dag.py:3820} INFO - Setting next_dagrun for dataset_produces_1 to 2026-01-01T00:00:00+00:00, run_after=2026-01-02T00:00:00+00:00
[2026-01-02T04:39:46.455+0000] {logging_mixin.py:188} INFO - [2026-01-02T04:39:46.455+0000] {dag.py:3820} INFO - Setting next_dagrun for dataset_produces_2 to None, run_after=None
[2026-01-02T04:39:46.470+0000] {processor.py:183} INFO - Processing /home/airflow/.local/lib/python3.8/site-packages/airflow/example_dags/example_datasets.py took 0.057 seconds
[2026-01-02T04:40:16.612+0000] {processor.py:161} INFO - Started process (PID=239) to work on /home/airflow/.local/lib/python3.8/site-packages/airflow/example_dags/example_datasets.py
[2026-01-02T04:40:16.613+0000] {processor.py:830} INFO - Processing file /home/airflow/.local/lib/python3.8/site-packages/airflow/example_dags/example_datasets.py for tasks to queue
[2026-01-02T04:40:16.616+0000] {logging_mixin.py:188} INFO - [2026-01-02T04:40:16.616+0000] {dagbag.py:538} INFO - Filling up the DagBag from /home/airflow/.local/lib/python3.8/site-packages/airflow/example_dags/example_datasets.py
[2026-01-02T04:40:16.621+0000] {processor.py:840} INFO - DAG(s) 'dataset_consumes_unknown_never_scheduled', 'dataset_consumes_1', 'dataset_consumes_1_and_2', 'dataset_produces_2', 'dataset_consumes_1_never_scheduled', 'dataset_produces_1' retrieved from /home/airflow/.local/lib/python3.8/site-packages/airflow/example_dags/example_datasets.py
[2026-01-02T04:40:16.637+0000] {logging_mixin.py:188} INFO - [2026-01-02T04:40:16.637+0000] {dag.py:3033} INFO - Sync 6 DAGs
[2026-01-02T04:40:16.647+0000] {logging_mixin.py:188} INFO - [2026-01-02T04:40:16.647+0000] {dag.py:3820} INFO - Setting next_dagrun for dataset_consumes_1 to None, run_after=None
[2026-01-02T04:40:16.649+0000] {logging_mixin.py:188} INFO - [2026-01-02T04:40:16.649+0000] {dag.py:3820} INFO - Setting next_dagrun for dataset_consumes_1_and_2 to None, run_after=None
[2026-01-02T04:40:16.650+0000] {logging_mixin.py:188} INFO - [2026-01-02T04:40:16.650+0000] {dag.py:3820} INFO - Setting next_dagrun for dataset_consumes_1_never_scheduled to None, run_after=None
[2026-01-02T04:40:16.650+0000] {logging_mixin.py:188} INFO - [2026-01-02T04:40:16.650+0000] {dag.py:3820} INFO - Setting next_dagrun for dataset_consumes_unknown_never_scheduled to None, run_after=None
[2026-01-02T04:40:16.652+0000] {logging_mixin.py:188} INFO - [2026-01-02T04:40:16.651+0000] {dag.py:3820} INFO - Setting next_dagrun for dataset_produces_1 to 2026-01-01T00:00:00+00:00, run_after=2026-01-02T00:00:00+00:00
[2026-01-02T04:40:16.652+0000] {logging_mixin.py:188} INFO - [2026-01-02T04:40:16.652+0000] {dag.py:3820} INFO - Setting next_dagrun for dataset_produces_2 to None, run_after=None
[2026-01-02T04:40:16.667+0000] {processor.py:183} INFO - Processing /home/airflow/.local/lib/python3.8/site-packages/airflow/example_dags/example_datasets.py took 0.056 seconds
[2026-01-02T04:40:46.827+0000] {processor.py:161} INFO - Started process (PID=294) to work on /home/airflow/.local/lib/python3.8/site-packages/airflow/example_dags/example_datasets.py
[2026-01-02T04:40:46.827+0000] {processor.py:830} INFO - Processing file /home/airflow/.local/lib/python3.8/site-packages/airflow/example_dags/example_datasets.py for tasks to queue
[2026-01-02T04:40:46.828+0000] {logging_mixin.py:188} INFO - [2026-01-02T04:40:46.828+0000] {dagbag.py:538} INFO - Filling up the DagBag from /home/airflow/.local/lib/python3.8/site-packages/airflow/example_dags/example_datasets.py
[2026-01-02T04:40:46.833+0000] {processor.py:840} INFO - DAG(s) 'dataset_consumes_1_and_2', 'dataset_produces_2', 'dataset_consumes_1_never_scheduled', 'dataset_consumes_unknown_never_scheduled', 'dataset_consumes_1', 'dataset_produces_1' retrieved from /home/airflow/.local/lib/python3.8/site-packages/airflow/example_dags/example_datasets.py
[2026-01-02T04:40:46.850+0000] {logging_mixin.py:188} INFO - [2026-01-02T04:40:46.850+0000] {dag.py:3033} INFO - Sync 6 DAGs
[2026-01-02T04:40:46.860+0000] {logging_mixin.py:188} INFO - [2026-01-02T04:40:46.860+0000] {dag.py:3820} INFO - Setting next_dagrun for dataset_consumes_1 to None, run_after=None
[2026-01-02T04:40:46.862+0000] {logging_mixin.py:188} INFO - [2026-01-02T04:40:46.862+0000] {dag.py:3820} INFO - Setting next_dagrun for dataset_consumes_1_and_2 to None, run_after=None
[2026-01-02T04:40:46.862+0000] {logging_mixin.py:188} INFO - [2026-01-02T04:40:46.862+0000] {dag.py:3820} INFO - Setting next_dagrun for dataset_consumes_1_never_scheduled to None, run_after=None
[2026-01-02T04:40:46.863+0000] {logging_mixin.py:188} INFO - [2026-01-02T04:40:46.863+0000] {dag.py:3820} INFO - Setting next_dagrun for dataset_consumes_unknown_never_scheduled to None, run_after=None
[2026-01-02T04:40:46.864+0000] {logging_mixin.py:188} INFO - [2026-01-02T04:40:46.864+0000] {dag.py:3820} INFO - Setting next_dagrun for dataset_produces_1 to 2026-01-01T00:00:00+00:00, run_after=2026-01-02T00:00:00+00:00
[2026-01-02T04:40:46.865+0000] {logging_mixin.py:188} INFO - [2026-01-02T04:40:46.865+0000] {dag.py:3820} INFO - Setting next_dagrun for dataset_produces_2 to None, run_after=None
[2026-01-02T04:40:46.882+0000] {processor.py:183} INFO - Processing /home/airflow/.local/lib/python3.8/site-packages/airflow/example_dags/example_datasets.py took 0.057 seconds
[2026-01-02T04:41:16.961+0000] {processor.py:161} INFO - Started process (PID=349) to work on /home/airflow/.local/lib/python3.8/site-packages/airflow/example_dags/example_datasets.py
[2026-01-02T04:41:16.962+0000] {processor.py:830} INFO - Processing file /home/airflow/.local/lib/python3.8/site-packages/airflow/example_dags/example_datasets.py for tasks to queue
[2026-01-02T04:41:16.963+0000] {logging_mixin.py:188} INFO - [2026-01-02T04:41:16.963+0000] {dagbag.py:538} INFO - Filling up the DagBag from /home/airflow/.local/lib/python3.8/site-packages/airflow/example_dags/example_datasets.py
[2026-01-02T04:41:16.967+0000] {processor.py:840} INFO - DAG(s) 'dataset_consumes_1_never_scheduled', 'dataset_consumes_1', 'dataset_produces_1', 'dataset_consumes_1_and_2', 'dataset_produces_2', 'dataset_consumes_unknown_never_scheduled' retrieved from /home/airflow/.local/lib/python3.8/site-packages/airflow/example_dags/example_datasets.py
[2026-01-02T04:41:16.982+0000] {logging_mixin.py:188} INFO - [2026-01-02T04:41:16.982+0000] {dag.py:3033} INFO - Sync 6 DAGs
[2026-01-02T04:41:16.992+0000] {logging_mixin.py:188} INFO - [2026-01-02T04:41:16.992+0000] {dag.py:3820} INFO - Setting next_dagrun for dataset_consumes_1 to None, run_after=None
[2026-01-02T04:41:16.994+0000] {logging_mixin.py:188} INFO - [2026-01-02T04:41:16.993+0000] {dag.py:3820} INFO - Setting next_dagrun for dataset_consumes_1_and_2 to None, run_after=None
[2026-01-02T04:41:16.994+0000] {logging_mixin.py:188} INFO - [2026-01-02T04:41:16.994+0000] {dag.py:3820} INFO - Setting next_dagrun for dataset_consumes_1_never_scheduled to None, run_after=None
[2026-01-02T04:41:16.995+0000] {logging_mixin.py:188} INFO - [2026-01-02T04:41:16.995+0000] {dag.py:3820} INFO - Setting next_dagrun for dataset_consumes_unknown_never_scheduled to None, run_after=None
[2026-01-02T04:41:16.996+0000] {logging_mixin.py:188} INFO - [2026-01-02T04:41:16.996+0000] {dag.py:3820} INFO - Setting next_dagrun for dataset_produces_1 to 2026-01-01T00:00:00+00:00, run_after=2026-01-02T00:00:00+00:00
[2026-01-02T04:41:16.997+0000] {logging_mixin.py:188} INFO - [2026-01-02T04:41:16.997+0000] {dag.py:3820} INFO - Setting next_dagrun for dataset_produces_2 to None, run_after=None
[2026-01-02T04:41:17.012+0000] {processor.py:183} INFO - Processing /home/airflow/.local/lib/python3.8/site-packages/airflow/example_dags/example_datasets.py took 0.052 seconds
[2026-01-02T04:41:47.190+0000] {processor.py:161} INFO - Started process (PID=404) to work on /home/airflow/.local/lib/python3.8/site-packages/airflow/example_dags/example_datasets.py
[2026-01-02T04:41:47.191+0000] {processor.py:830} INFO - Processing file /home/airflow/.local/lib/python3.8/site-packages/airflow/example_dags/example_datasets.py for tasks to queue
[2026-01-02T04:41:47.192+0000] {logging_mixin.py:188} INFO - [2026-01-02T04:41:47.192+0000] {dagbag.py:538} INFO - Filling up the DagBag from /home/airflow/.local/lib/python3.8/site-packages/airflow/example_dags/example_datasets.py
[2026-01-02T04:41:47.196+0000] {processor.py:840} INFO - DAG(s) 'dataset_consumes_1', 'dataset_consumes_1_and_2', 'dataset_produces_1', 'dataset_consumes_1_never_scheduled', 'dataset_consumes_unknown_never_scheduled', 'dataset_produces_2' retrieved from /home/airflow/.local/lib/python3.8/site-packages/airflow/example_dags/example_datasets.py
[2026-01-02T04:41:47.214+0000] {logging_mixin.py:188} INFO - [2026-01-02T04:41:47.213+0000] {dag.py:3033} INFO - Sync 6 DAGs
[2026-01-02T04:41:47.223+0000] {logging_mixin.py:188} INFO - [2026-01-02T04:41:47.223+0000] {dag.py:3820} INFO - Setting next_dagrun for dataset_consumes_1 to None, run_after=None
[2026-01-02T04:41:47.225+0000] {logging_mixin.py:188} INFO - [2026-01-02T04:41:47.225+0000] {dag.py:3820} INFO - Setting next_dagrun for dataset_consumes_1_and_2 to None, run_after=None
[2026-01-02T04:41:47.226+0000] {logging_mixin.py:188} INFO - [2026-01-02T04:41:47.226+0000] {dag.py:3820} INFO - Setting next_dagrun for dataset_consumes_1_never_scheduled to None, run_after=None
[2026-01-02T04:41:47.226+0000] {logging_mixin.py:188} INFO - [2026-01-02T04:41:47.226+0000] {dag.py:3820} INFO - Setting next_dagrun for dataset_consumes_unknown_never_scheduled to None, run_after=None
[2026-01-02T04:41:47.228+0000] {logging_mixin.py:188} INFO - [2026-01-02T04:41:47.227+0000] {dag.py:3820} INFO - Setting next_dagrun for dataset_produces_1 to 2026-01-01T00:00:00+00:00, run_after=2026-01-02T00:00:00+00:00
[2026-01-02T04:41:47.228+0000] {logging_mixin.py:188} INFO - [2026-01-02T04:41:47.228+0000] {dag.py:3820} INFO - Setting next_dagrun for dataset_produces_2 to None, run_after=None
[2026-01-02T04:41:47.244+0000] {processor.py:183} INFO - Processing /home/airflow/.local/lib/python3.8/site-packages/airflow/example_dags/example_datasets.py took 0.055 seconds
[2026-01-02T04:42:17.363+0000] {processor.py:161} INFO - Started process (PID=459) to work on /home/airflow/.local/lib/python3.8/site-packages/airflow/example_dags/example_datasets.py
[2026-01-02T04:42:17.363+0000] {processor.py:830} INFO - Processing file /home/airflow/.local/lib/python3.8/site-packages/airflow/example_dags/example_datasets.py for tasks to queue
[2026-01-02T04:42:17.365+0000] {logging_mixin.py:188} INFO - [2026-01-02T04:42:17.364+0000] {dagbag.py:538} INFO - Filling up the DagBag from /home/airflow/.local/lib/python3.8/site-packages/airflow/example_dags/example_datasets.py
[2026-01-02T04:42:17.368+0000] {processor.py:840} INFO - DAG(s) 'dataset_consumes_unknown_never_scheduled', 'dataset_produces_1', 'dataset_consumes_1', 'dataset_consumes_1_never_scheduled', 'dataset_produces_2', 'dataset_consumes_1_and_2' retrieved from /home/airflow/.local/lib/python3.8/site-packages/airflow/example_dags/example_datasets.py
[2026-01-02T04:42:17.383+0000] {logging_mixin.py:188} INFO - [2026-01-02T04:42:17.383+0000] {dag.py:3033} INFO - Sync 6 DAGs
[2026-01-02T04:42:17.393+0000] {logging_mixin.py:188} INFO - [2026-01-02T04:42:17.393+0000] {dag.py:3820} INFO - Setting next_dagrun for dataset_consumes_1 to None, run_after=None
[2026-01-02T04:42:17.394+0000] {logging_mixin.py:188} INFO - [2026-01-02T04:42:17.394+0000] {dag.py:3820} INFO - Setting next_dagrun for dataset_consumes_1_and_2 to None, run_after=None
[2026-01-02T04:42:17.395+0000] {logging_mixin.py:188} INFO - [2026-01-02T04:42:17.395+0000] {dag.py:3820} INFO - Setting next_dagrun for dataset_consumes_1_never_scheduled to None, run_after=None
[2026-01-02T04:42:17.396+0000] {logging_mixin.py:188} INFO - [2026-01-02T04:42:17.396+0000] {dag.py:3820} INFO - Setting next_dagrun for dataset_consumes_unknown_never_scheduled to None, run_after=None
[2026-01-02T04:42:17.399+0000] {logging_mixin.py:188} INFO - [2026-01-02T04:42:17.399+0000] {dag.py:3820} INFO - Setting next_dagrun for dataset_produces_1 to 2026-01-01T00:00:00+00:00, run_after=2026-01-02T00:00:00+00:00
[2026-01-02T04:42:17.399+0000] {logging_mixin.py:188} INFO - [2026-01-02T04:42:17.399+0000] {dag.py:3820} INFO - Setting next_dagrun for dataset_produces_2 to None, run_after=None
[2026-01-02T04:42:17.415+0000] {processor.py:183} INFO - Processing /home/airflow/.local/lib/python3.8/site-packages/airflow/example_dags/example_datasets.py took 0.054 seconds
[2026-01-02T04:42:47.600+0000] {processor.py:161} INFO - Started process (PID=514) to work on /home/airflow/.local/lib/python3.8/site-packages/airflow/example_dags/example_datasets.py
[2026-01-02T04:42:47.601+0000] {processor.py:830} INFO - Processing file /home/airflow/.local/lib/python3.8/site-packages/airflow/example_dags/example_datasets.py for tasks to queue
[2026-01-02T04:42:47.602+0000] {logging_mixin.py:188} INFO - [2026-01-02T04:42:47.602+0000] {dagbag.py:538} INFO - Filling up the DagBag from /home/airflow/.local/lib/python3.8/site-packages/airflow/example_dags/example_datasets.py
[2026-01-02T04:42:47.606+0000] {processor.py:840} INFO - DAG(s) 'dataset_produces_2', 'dataset_produces_1', 'dataset_consumes_1', 'dataset_consumes_1_never_scheduled', 'dataset_consumes_unknown_never_scheduled', 'dataset_consumes_1_and_2' retrieved from /home/airflow/.local/lib/python3.8/site-packages/airflow/example_dags/example_datasets.py
[2026-01-02T04:42:47.623+0000] {logging_mixin.py:188} INFO - [2026-01-02T04:42:47.623+0000] {dag.py:3033} INFO - Sync 6 DAGs
[2026-01-02T04:42:47.635+0000] {logging_mixin.py:188} INFO - [2026-01-02T04:42:47.635+0000] {dag.py:3820} INFO - Setting next_dagrun for dataset_consumes_1 to None, run_after=None
[2026-01-02T04:42:47.637+0000] {logging_mixin.py:188} INFO - [2026-01-02T04:42:47.637+0000] {dag.py:3820} INFO - Setting next_dagrun for dataset_consumes_1_and_2 to None, run_after=None
[2026-01-02T04:42:47.637+0000] {logging_mixin.py:188} INFO - [2026-01-02T04:42:47.637+0000] {dag.py:3820} INFO - Setting next_dagrun for dataset_consumes_1_never_scheduled to None, run_after=None
[2026-01-02T04:42:47.638+0000] {logging_mixin.py:188} INFO - [2026-01-02T04:42:47.638+0000] {dag.py:3820} INFO - Setting next_dagrun for dataset_consumes_unknown_never_scheduled to None, run_after=None
[2026-01-02T04:42:47.639+0000] {logging_mixin.py:188} INFO - [2026-01-02T04:42:47.639+0000] {dag.py:3820} INFO - Setting next_dagrun for dataset_produces_1 to 2026-01-01T00:00:00+00:00, run_after=2026-01-02T00:00:00+00:00
[2026-01-02T04:42:47.640+0000] {logging_mixin.py:188} INFO - [2026-01-02T04:42:47.640+0000] {dag.py:3820} INFO - Setting next_dagrun for dataset_produces_2 to None, run_after=None
[2026-01-02T04:42:47.655+0000] {processor.py:183} INFO - Processing /home/airflow/.local/lib/python3.8/site-packages/airflow/example_dags/example_datasets.py took 0.056 seconds
[2026-01-02T04:43:17.809+0000] {processor.py:161} INFO - Started process (PID=569) to work on /home/airflow/.local/lib/python3.8/site-packages/airflow/example_dags/example_datasets.py
[2026-01-02T04:43:17.809+0000] {processor.py:830} INFO - Processing file /home/airflow/.local/lib/python3.8/site-packages/airflow/example_dags/example_datasets.py for tasks to queue
[2026-01-02T04:43:17.810+0000] {logging_mixin.py:188} INFO - [2026-01-02T04:43:17.810+0000] {dagbag.py:538} INFO - Filling up the DagBag from /home/airflow/.local/lib/python3.8/site-packages/airflow/example_dags/example_datasets.py
[2026-01-02T04:43:17.815+0000] {processor.py:840} INFO - DAG(s) 'dataset_produces_2', 'dataset_consumes_1_never_scheduled', 'dataset_consumes_1', 'dataset_produces_1', 'dataset_consumes_unknown_never_scheduled', 'dataset_consumes_1_and_2' retrieved from /home/airflow/.local/lib/python3.8/site-packages/airflow/example_dags/example_datasets.py
[2026-01-02T04:43:17.831+0000] {logging_mixin.py:188} INFO - [2026-01-02T04:43:17.831+0000] {dag.py:3033} INFO - Sync 6 DAGs
[2026-01-02T04:43:17.842+0000] {logging_mixin.py:188} INFO - [2026-01-02T04:43:17.842+0000] {dag.py:3820} INFO - Setting next_dagrun for dataset_consumes_1 to None, run_after=None
[2026-01-02T04:43:17.844+0000] {logging_mixin.py:188} INFO - [2026-01-02T04:43:17.844+0000] {dag.py:3820} INFO - Setting next_dagrun for dataset_consumes_1_and_2 to None, run_after=None
[2026-01-02T04:43:17.845+0000] {logging_mixin.py:188} INFO - [2026-01-02T04:43:17.845+0000] {dag.py:3820} INFO - Setting next_dagrun for dataset_consumes_1_never_scheduled to None, run_after=None
[2026-01-02T04:43:17.845+0000] {logging_mixin.py:188} INFO - [2026-01-02T04:43:17.845+0000] {dag.py:3820} INFO - Setting next_dagrun for dataset_consumes_unknown_never_scheduled to None, run_after=None
[2026-01-02T04:43:17.847+0000] {logging_mixin.py:188} INFO - [2026-01-02T04:43:17.847+0000] {dag.py:3820} INFO - Setting next_dagrun for dataset_produces_1 to 2026-01-01T00:00:00+00:00, run_after=2026-01-02T00:00:00+00:00
[2026-01-02T04:43:17.847+0000] {logging_mixin.py:188} INFO - [2026-01-02T04:43:17.847+0000] {dag.py:3820} INFO - Setting next_dagrun for dataset_produces_2 to None, run_after=None
[2026-01-02T04:43:17.864+0000] {processor.py:183} INFO - Processing /home/airflow/.local/lib/python3.8/site-packages/airflow/example_dags/example_datasets.py took 0.056 seconds
[2026-01-02T04:43:48.029+0000] {processor.py:161} INFO - Started process (PID=624) to work on /home/airflow/.local/lib/python3.8/site-packages/airflow/example_dags/example_datasets.py
[2026-01-02T04:43:48.029+0000] {processor.py:830} INFO - Processing file /home/airflow/.local/lib/python3.8/site-packages/airflow/example_dags/example_datasets.py for tasks to queue
[2026-01-02T04:43:48.030+0000] {logging_mixin.py:188} INFO - [2026-01-02T04:43:48.030+0000] {dagbag.py:538} INFO - Filling up the DagBag from /home/airflow/.local/lib/python3.8/site-packages/airflow/example_dags/example_datasets.py
[2026-01-02T04:43:48.035+0000] {processor.py:840} INFO - DAG(s) 'dataset_produces_2', 'dataset_consumes_1_never_scheduled', 'dataset_consumes_unknown_never_scheduled', 'dataset_consumes_1_and_2', 'dataset_produces_1', 'dataset_consumes_1' retrieved from /home/airflow/.local/lib/python3.8/site-packages/airflow/example_dags/example_datasets.py
[2026-01-02T04:43:48.053+0000] {logging_mixin.py:188} INFO - [2026-01-02T04:43:48.053+0000] {dag.py:3033} INFO - Sync 6 DAGs
[2026-01-02T04:43:48.066+0000] {logging_mixin.py:188} INFO - [2026-01-02T04:43:48.066+0000] {dag.py:3820} INFO - Setting next_dagrun for dataset_consumes_1 to None, run_after=None
[2026-01-02T04:43:48.070+0000] {logging_mixin.py:188} INFO - [2026-01-02T04:43:48.070+0000] {dag.py:3820} INFO - Setting next_dagrun for dataset_consumes_1_and_2 to None, run_after=None
[2026-01-02T04:43:48.071+0000] {logging_mixin.py:188} INFO - [2026-01-02T04:43:48.071+0000] {dag.py:3820} INFO - Setting next_dagrun for dataset_consumes_1_never_scheduled to None, run_after=None
[2026-01-02T04:43:48.072+0000] {logging_mixin.py:188} INFO - [2026-01-02T04:43:48.072+0000] {dag.py:3820} INFO - Setting next_dagrun for dataset_consumes_unknown_never_scheduled to None, run_after=None
[2026-01-02T04:43:48.074+0000] {logging_mixin.py:188} INFO - [2026-01-02T04:43:48.074+0000] {dag.py:3820} INFO - Setting next_dagrun for dataset_produces_1 to 2026-01-01T00:00:00+00:00, run_after=2026-01-02T00:00:00+00:00
[2026-01-02T04:43:48.075+0000] {logging_mixin.py:188} INFO - [2026-01-02T04:43:48.075+0000] {dag.py:3820} INFO - Setting next_dagrun for dataset_produces_2 to None, run_after=None
[2026-01-02T04:43:48.099+0000] {processor.py:183} INFO - Processing /home/airflow/.local/lib/python3.8/site-packages/airflow/example_dags/example_datasets.py took 0.071 seconds
[2026-01-02T04:44:18.316+0000] {processor.py:161} INFO - Started process (PID=686) to work on /home/airflow/.local/lib/python3.8/site-packages/airflow/example_dags/example_datasets.py
[2026-01-02T04:44:18.317+0000] {processor.py:830} INFO - Processing file /home/airflow/.local/lib/python3.8/site-packages/airflow/example_dags/example_datasets.py for tasks to queue
[2026-01-02T04:44:18.317+0000] {logging_mixin.py:188} INFO - [2026-01-02T04:44:18.317+0000] {dagbag.py:538} INFO - Filling up the DagBag from /home/airflow/.local/lib/python3.8/site-packages/airflow/example_dags/example_datasets.py
[2026-01-02T04:44:18.321+0000] {processor.py:840} INFO - DAG(s) 'dataset_consumes_1_never_scheduled', 'dataset_consumes_1_and_2', 'dataset_consumes_1', 'dataset_produces_1', 'dataset_consumes_unknown_never_scheduled', 'dataset_produces_2' retrieved from /home/airflow/.local/lib/python3.8/site-packages/airflow/example_dags/example_datasets.py
[2026-01-02T04:44:18.337+0000] {logging_mixin.py:188} INFO - [2026-01-02T04:44:18.337+0000] {dag.py:3033} INFO - Sync 6 DAGs
[2026-01-02T04:44:18.348+0000] {logging_mixin.py:188} INFO - [2026-01-02T04:44:18.348+0000] {dag.py:3820} INFO - Setting next_dagrun for dataset_consumes_1 to None, run_after=None
[2026-01-02T04:44:18.350+0000] {logging_mixin.py:188} INFO - [2026-01-02T04:44:18.350+0000] {dag.py:3820} INFO - Setting next_dagrun for dataset_consumes_1_and_2 to None, run_after=None
[2026-01-02T04:44:18.350+0000] {logging_mixin.py:188} INFO - [2026-01-02T04:44:18.350+0000] {dag.py:3820} INFO - Setting next_dagrun for dataset_consumes_1_never_scheduled to None, run_after=None
[2026-01-02T04:44:18.351+0000] {logging_mixin.py:188} INFO - [2026-01-02T04:44:18.351+0000] {dag.py:3820} INFO - Setting next_dagrun for dataset_consumes_unknown_never_scheduled to None, run_after=None
[2026-01-02T04:44:18.352+0000] {logging_mixin.py:188} INFO - [2026-01-02T04:44:18.352+0000] {dag.py:3820} INFO - Setting next_dagrun for dataset_produces_1 to 2026-01-01T00:00:00+00:00, run_after=2026-01-02T00:00:00+00:00
[2026-01-02T04:44:18.354+0000] {logging_mixin.py:188} INFO - [2026-01-02T04:44:18.354+0000] {dag.py:3820} INFO - Setting next_dagrun for dataset_produces_2 to None, run_after=None
[2026-01-02T04:44:18.373+0000] {processor.py:183} INFO - Processing /home/airflow/.local/lib/python3.8/site-packages/airflow/example_dags/example_datasets.py took 0.058 seconds
[2026-01-02T04:44:48.568+0000] {processor.py:161} INFO - Started process (PID=748) to work on /home/airflow/.local/lib/python3.8/site-packages/airflow/example_dags/example_datasets.py
[2026-01-02T04:44:48.569+0000] {processor.py:830} INFO - Processing file /home/airflow/.local/lib/python3.8/site-packages/airflow/example_dags/example_datasets.py for tasks to queue
[2026-01-02T04:44:48.570+0000] {logging_mixin.py:188} INFO - [2026-01-02T04:44:48.570+0000] {dagbag.py:538} INFO - Filling up the DagBag from /home/airflow/.local/lib/python3.8/site-packages/airflow/example_dags/example_datasets.py
[2026-01-02T04:44:48.574+0000] {processor.py:840} INFO - DAG(s) 'dataset_consumes_unknown_never_scheduled', 'dataset_produces_1', 'dataset_produces_2', 'dataset_consumes_1', 'dataset_consumes_1_never_scheduled', 'dataset_consumes_1_and_2' retrieved from /home/airflow/.local/lib/python3.8/site-packages/airflow/example_dags/example_datasets.py
[2026-01-02T04:44:48.593+0000] {logging_mixin.py:188} INFO - [2026-01-02T04:44:48.593+0000] {dag.py:3033} INFO - Sync 6 DAGs
[2026-01-02T04:44:48.603+0000] {logging_mixin.py:188} INFO - [2026-01-02T04:44:48.603+0000] {dag.py:3820} INFO - Setting next_dagrun for dataset_consumes_1 to None, run_after=None
[2026-01-02T04:44:48.605+0000] {logging_mixin.py:188} INFO - [2026-01-02T04:44:48.605+0000] {dag.py:3820} INFO - Setting next_dagrun for dataset_consumes_1_and_2 to None, run_after=None
[2026-01-02T04:44:48.606+0000] {logging_mixin.py:188} INFO - [2026-01-02T04:44:48.605+0000] {dag.py:3820} INFO - Setting next_dagrun for dataset_consumes_1_never_scheduled to None, run_after=None
[2026-01-02T04:44:48.607+0000] {logging_mixin.py:188} INFO - [2026-01-02T04:44:48.607+0000] {dag.py:3820} INFO - Setting next_dagrun for dataset_consumes_unknown_never_scheduled to None, run_after=None
[2026-01-02T04:44:48.608+0000] {logging_mixin.py:188} INFO - [2026-01-02T04:44:48.608+0000] {dag.py:3820} INFO - Setting next_dagrun for dataset_produces_1 to 2026-01-01T00:00:00+00:00, run_after=2026-01-02T00:00:00+00:00
[2026-01-02T04:44:48.609+0000] {logging_mixin.py:188} INFO - [2026-01-02T04:44:48.609+0000] {dag.py:3820} INFO - Setting next_dagrun for dataset_produces_2 to None, run_after=None
[2026-01-02T04:44:48.631+0000] {processor.py:183} INFO - Processing /home/airflow/.local/lib/python3.8/site-packages/airflow/example_dags/example_datasets.py took 0.064 seconds
[2026-01-02T04:45:18.886+0000] {processor.py:161} INFO - Started process (PID=803) to work on /home/airflow/.local/lib/python3.8/site-packages/airflow/example_dags/example_datasets.py
[2026-01-02T04:45:18.887+0000] {processor.py:830} INFO - Processing file /home/airflow/.local/lib/python3.8/site-packages/airflow/example_dags/example_datasets.py for tasks to queue
[2026-01-02T04:45:18.888+0000] {logging_mixin.py:188} INFO - [2026-01-02T04:45:18.888+0000] {dagbag.py:538} INFO - Filling up the DagBag from /home/airflow/.local/lib/python3.8/site-packages/airflow/example_dags/example_datasets.py
[2026-01-02T04:45:18.892+0000] {processor.py:840} INFO - DAG(s) 'dataset_consumes_1', 'dataset_produces_2', 'dataset_consumes_unknown_never_scheduled', 'dataset_consumes_1_and_2', 'dataset_produces_1', 'dataset_consumes_1_never_scheduled' retrieved from /home/airflow/.local/lib/python3.8/site-packages/airflow/example_dags/example_datasets.py
[2026-01-02T04:45:18.908+0000] {logging_mixin.py:188} INFO - [2026-01-02T04:45:18.908+0000] {dag.py:3033} INFO - Sync 6 DAGs
[2026-01-02T04:45:18.918+0000] {logging_mixin.py:188} INFO - [2026-01-02T04:45:18.918+0000] {dag.py:3820} INFO - Setting next_dagrun for dataset_consumes_1 to None, run_after=None
[2026-01-02T04:45:18.921+0000] {logging_mixin.py:188} INFO - [2026-01-02T04:45:18.920+0000] {dag.py:3820} INFO - Setting next_dagrun for dataset_consumes_1_and_2 to None, run_after=None
[2026-01-02T04:45:18.921+0000] {logging_mixin.py:188} INFO - [2026-01-02T04:45:18.921+0000] {dag.py:3820} INFO - Setting next_dagrun for dataset_consumes_1_never_scheduled to None, run_after=None
[2026-01-02T04:45:18.922+0000] {logging_mixin.py:188} INFO - [2026-01-02T04:45:18.922+0000] {dag.py:3820} INFO - Setting next_dagrun for dataset_consumes_unknown_never_scheduled to None, run_after=None
[2026-01-02T04:45:18.923+0000] {logging_mixin.py:188} INFO - [2026-01-02T04:45:18.923+0000] {dag.py:3820} INFO - Setting next_dagrun for dataset_produces_1 to 2026-01-01T00:00:00+00:00, run_after=2026-01-02T00:00:00+00:00
[2026-01-02T04:45:18.924+0000] {logging_mixin.py:188} INFO - [2026-01-02T04:45:18.924+0000] {dag.py:3820} INFO - Setting next_dagrun for dataset_produces_2 to None, run_after=None
[2026-01-02T04:45:18.945+0000] {processor.py:183} INFO - Processing /home/airflow/.local/lib/python3.8/site-packages/airflow/example_dags/example_datasets.py took 0.061 seconds
[2026-01-02T04:45:49.251+0000] {processor.py:161} INFO - Started process (PID=858) to work on /home/airflow/.local/lib/python3.8/site-packages/airflow/example_dags/example_datasets.py
[2026-01-02T04:45:49.251+0000] {processor.py:830} INFO - Processing file /home/airflow/.local/lib/python3.8/site-packages/airflow/example_dags/example_datasets.py for tasks to queue
[2026-01-02T04:45:49.252+0000] {logging_mixin.py:188} INFO - [2026-01-02T04:45:49.252+0000] {dagbag.py:538} INFO - Filling up the DagBag from /home/airflow/.local/lib/python3.8/site-packages/airflow/example_dags/example_datasets.py
[2026-01-02T04:45:49.256+0000] {processor.py:840} INFO - DAG(s) 'dataset_consumes_1_never_scheduled', 'dataset_produces_1', 'dataset_consumes_1', 'dataset_consumes_1_and_2', 'dataset_produces_2', 'dataset_consumes_unknown_never_scheduled' retrieved from /home/airflow/.local/lib/python3.8/site-packages/airflow/example_dags/example_datasets.py
[2026-01-02T04:45:49.274+0000] {logging_mixin.py:188} INFO - [2026-01-02T04:45:49.273+0000] {dag.py:3033} INFO - Sync 6 DAGs
[2026-01-02T04:45:49.284+0000] {logging_mixin.py:188} INFO - [2026-01-02T04:45:49.284+0000] {dag.py:3820} INFO - Setting next_dagrun for dataset_consumes_1 to None, run_after=None
[2026-01-02T04:45:49.285+0000] {logging_mixin.py:188} INFO - [2026-01-02T04:45:49.285+0000] {dag.py:3820} INFO - Setting next_dagrun for dataset_consumes_1_and_2 to None, run_after=None
[2026-01-02T04:45:49.287+0000] {logging_mixin.py:188} INFO - [2026-01-02T04:45:49.287+0000] {dag.py:3820} INFO - Setting next_dagrun for dataset_consumes_1_never_scheduled to None, run_after=None
[2026-01-02T04:45:49.288+0000] {logging_mixin.py:188} INFO - [2026-01-02T04:45:49.288+0000] {dag.py:3820} INFO - Setting next_dagrun for dataset_consumes_unknown_never_scheduled to None, run_after=None
[2026-01-02T04:45:49.290+0000] {logging_mixin.py:188} INFO - [2026-01-02T04:45:49.290+0000] {dag.py:3820} INFO - Setting next_dagrun for dataset_produces_1 to 2026-01-01T00:00:00+00:00, run_after=2026-01-02T00:00:00+00:00
[2026-01-02T04:45:49.291+0000] {logging_mixin.py:188} INFO - [2026-01-02T04:45:49.291+0000] {dag.py:3820} INFO - Setting next_dagrun for dataset_produces_2 to None, run_after=None
[2026-01-02T04:45:49.311+0000] {processor.py:183} INFO - Processing /home/airflow/.local/lib/python3.8/site-packages/airflow/example_dags/example_datasets.py took 0.062 seconds
[2026-01-02T04:46:19.523+0000] {processor.py:161} INFO - Started process (PID=913) to work on /home/airflow/.local/lib/python3.8/site-packages/airflow/example_dags/example_datasets.py
[2026-01-02T04:46:19.523+0000] {processor.py:830} INFO - Processing file /home/airflow/.local/lib/python3.8/site-packages/airflow/example_dags/example_datasets.py for tasks to queue
[2026-01-02T04:46:19.524+0000] {logging_mixin.py:188} INFO - [2026-01-02T04:46:19.524+0000] {dagbag.py:538} INFO - Filling up the DagBag from /home/airflow/.local/lib/python3.8/site-packages/airflow/example_dags/example_datasets.py
[2026-01-02T04:46:19.528+0000] {processor.py:840} INFO - DAG(s) 'dataset_consumes_1_and_2', 'dataset_produces_2', 'dataset_consumes_unknown_never_scheduled', 'dataset_produces_1', 'dataset_consumes_1', 'dataset_consumes_1_never_scheduled' retrieved from /home/airflow/.local/lib/python3.8/site-packages/airflow/example_dags/example_datasets.py
[2026-01-02T04:46:19.544+0000] {logging_mixin.py:188} INFO - [2026-01-02T04:46:19.544+0000] {dag.py:3033} INFO - Sync 6 DAGs
[2026-01-02T04:46:19.554+0000] {logging_mixin.py:188} INFO - [2026-01-02T04:46:19.554+0000] {dag.py:3820} INFO - Setting next_dagrun for dataset_consumes_1 to None, run_after=None
[2026-01-02T04:46:19.555+0000] {logging_mixin.py:188} INFO - [2026-01-02T04:46:19.555+0000] {dag.py:3820} INFO - Setting next_dagrun for dataset_consumes_1_and_2 to None, run_after=None
[2026-01-02T04:46:19.556+0000] {logging_mixin.py:188} INFO - [2026-01-02T04:46:19.556+0000] {dag.py:3820} INFO - Setting next_dagrun for dataset_consumes_1_never_scheduled to None, run_after=None
[2026-01-02T04:46:19.557+0000] {logging_mixin.py:188} INFO - [2026-01-02T04:46:19.557+0000] {dag.py:3820} INFO - Setting next_dagrun for dataset_consumes_unknown_never_scheduled to None, run_after=None
[2026-01-02T04:46:19.558+0000] {logging_mixin.py:188} INFO - [2026-01-02T04:46:19.558+0000] {dag.py:3820} INFO - Setting next_dagrun for dataset_produces_1 to 2026-01-01T00:00:00+00:00, run_after=2026-01-02T00:00:00+00:00
[2026-01-02T04:46:19.559+0000] {logging_mixin.py:188} INFO - [2026-01-02T04:46:19.559+0000] {dag.py:3820} INFO - Setting next_dagrun for dataset_produces_2 to None, run_after=None
[2026-01-02T04:46:19.578+0000] {processor.py:183} INFO - Processing /home/airflow/.local/lib/python3.8/site-packages/airflow/example_dags/example_datasets.py took 0.056 seconds
[2026-01-02T04:46:49.849+0000] {processor.py:161} INFO - Started process (PID=968) to work on /home/airflow/.local/lib/python3.8/site-packages/airflow/example_dags/example_datasets.py
[2026-01-02T04:46:49.850+0000] {processor.py:830} INFO - Processing file /home/airflow/.local/lib/python3.8/site-packages/airflow/example_dags/example_datasets.py for tasks to queue
[2026-01-02T04:46:49.851+0000] {logging_mixin.py:188} INFO - [2026-01-02T04:46:49.850+0000] {dagbag.py:538} INFO - Filling up the DagBag from /home/airflow/.local/lib/python3.8/site-packages/airflow/example_dags/example_datasets.py
[2026-01-02T04:46:49.855+0000] {processor.py:840} INFO - DAG(s) 'dataset_consumes_1_never_scheduled', 'dataset_produces_2', 'dataset_consumes_1_and_2', 'dataset_produces_1', 'dataset_consumes_1', 'dataset_consumes_unknown_never_scheduled' retrieved from /home/airflow/.local/lib/python3.8/site-packages/airflow/example_dags/example_datasets.py
[2026-01-02T04:46:49.872+0000] {logging_mixin.py:188} INFO - [2026-01-02T04:46:49.872+0000] {dag.py:3033} INFO - Sync 6 DAGs
[2026-01-02T04:46:49.885+0000] {logging_mixin.py:188} INFO - [2026-01-02T04:46:49.885+0000] {dag.py:3820} INFO - Setting next_dagrun for dataset_consumes_1 to None, run_after=None
[2026-01-02T04:46:49.887+0000] {logging_mixin.py:188} INFO - [2026-01-02T04:46:49.887+0000] {dag.py:3820} INFO - Setting next_dagrun for dataset_consumes_1_and_2 to None, run_after=None
[2026-01-02T04:46:49.887+0000] {logging_mixin.py:188} INFO - [2026-01-02T04:46:49.887+0000] {dag.py:3820} INFO - Setting next_dagrun for dataset_consumes_1_never_scheduled to None, run_after=None
[2026-01-02T04:46:49.888+0000] {logging_mixin.py:188} INFO - [2026-01-02T04:46:49.888+0000] {dag.py:3820} INFO - Setting next_dagrun for dataset_consumes_unknown_never_scheduled to None, run_after=None
[2026-01-02T04:46:49.889+0000] {logging_mixin.py:188} INFO - [2026-01-02T04:46:49.889+0000] {dag.py:3820} INFO - Setting next_dagrun for dataset_produces_1 to 2026-01-01T00:00:00+00:00, run_after=2026-01-02T00:00:00+00:00
[2026-01-02T04:46:49.890+0000] {logging_mixin.py:188} INFO - [2026-01-02T04:46:49.890+0000] {dag.py:3820} INFO - Setting next_dagrun for dataset_produces_2 to None, run_after=None
[2026-01-02T04:46:49.907+0000] {processor.py:183} INFO - Processing /home/airflow/.local/lib/python3.8/site-packages/airflow/example_dags/example_datasets.py took 0.058 seconds
[2026-01-02T04:47:20.110+0000] {processor.py:161} INFO - Started process (PID=1023) to work on /home/airflow/.local/lib/python3.8/site-packages/airflow/example_dags/example_datasets.py
[2026-01-02T04:47:20.111+0000] {processor.py:830} INFO - Processing file /home/airflow/.local/lib/python3.8/site-packages/airflow/example_dags/example_datasets.py for tasks to queue
[2026-01-02T04:47:20.111+0000] {logging_mixin.py:188} INFO - [2026-01-02T04:47:20.111+0000] {dagbag.py:538} INFO - Filling up the DagBag from /home/airflow/.local/lib/python3.8/site-packages/airflow/example_dags/example_datasets.py
[2026-01-02T04:47:20.115+0000] {processor.py:840} INFO - DAG(s) 'dataset_produces_1', 'dataset_consumes_1_never_scheduled', 'dataset_produces_2', 'dataset_consumes_unknown_never_scheduled', 'dataset_consumes_1_and_2', 'dataset_consumes_1' retrieved from /home/airflow/.local/lib/python3.8/site-packages/airflow/example_dags/example_datasets.py
[2026-01-02T04:47:20.134+0000] {logging_mixin.py:188} INFO - [2026-01-02T04:47:20.134+0000] {dag.py:3033} INFO - Sync 6 DAGs
[2026-01-02T04:47:20.145+0000] {logging_mixin.py:188} INFO - [2026-01-02T04:47:20.145+0000] {dag.py:3820} INFO - Setting next_dagrun for dataset_consumes_1 to None, run_after=None
[2026-01-02T04:47:20.147+0000] {logging_mixin.py:188} INFO - [2026-01-02T04:47:20.147+0000] {dag.py:3820} INFO - Setting next_dagrun for dataset_consumes_1_and_2 to None, run_after=None
[2026-01-02T04:47:20.147+0000] {logging_mixin.py:188} INFO - [2026-01-02T04:47:20.147+0000] {dag.py:3820} INFO - Setting next_dagrun for dataset_consumes_1_never_scheduled to None, run_after=None
[2026-01-02T04:47:20.148+0000] {logging_mixin.py:188} INFO - [2026-01-02T04:47:20.148+0000] {dag.py:3820} INFO - Setting next_dagrun for dataset_consumes_unknown_never_scheduled to None, run_after=None
[2026-01-02T04:47:20.149+0000] {logging_mixin.py:188} INFO - [2026-01-02T04:47:20.149+0000] {dag.py:3820} INFO - Setting next_dagrun for dataset_produces_1 to 2026-01-01T00:00:00+00:00, run_after=2026-01-02T00:00:00+00:00
[2026-01-02T04:47:20.150+0000] {logging_mixin.py:188} INFO - [2026-01-02T04:47:20.150+0000] {dag.py:3820} INFO - Setting next_dagrun for dataset_produces_2 to None, run_after=None
[2026-01-02T04:47:20.171+0000] {processor.py:183} INFO - Processing /home/airflow/.local/lib/python3.8/site-packages/airflow/example_dags/example_datasets.py took 0.062 seconds
