[2026-01-02T04:28:05.283+0000] {processor.py:161} INFO - Started process (PID=83) to work on /home/airflow/.local/lib/python3.8/site-packages/airflow/example_dags/example_branch_python_dop_operator_3.py
[2026-01-02T04:28:05.283+0000] {processor.py:830} INFO - Processing file /home/airflow/.local/lib/python3.8/site-packages/airflow/example_dags/example_branch_python_dop_operator_3.py for tasks to queue
[2026-01-02T04:28:05.284+0000] {logging_mixin.py:188} INFO - [2026-01-02T04:28:05.284+0000] {dagbag.py:538} INFO - Filling up the DagBag from /home/airflow/.local/lib/python3.8/site-packages/airflow/example_dags/example_branch_python_dop_operator_3.py
[2026-01-02T04:28:05.290+0000] {processor.py:840} INFO - DAG(s) 'example_branch_dop_operator_v3' retrieved from /home/airflow/.local/lib/python3.8/site-packages/airflow/example_dags/example_branch_python_dop_operator_3.py
[2026-01-02T04:28:05.340+0000] {logging_mixin.py:188} INFO - [2026-01-02T04:28:05.340+0000] {override.py:1769} INFO - Created Permission View: can edit on DAG:example_branch_dop_operator_v3
[2026-01-02T04:28:05.346+0000] {logging_mixin.py:188} INFO - [2026-01-02T04:28:05.345+0000] {override.py:1769} INFO - Created Permission View: can delete on DAG:example_branch_dop_operator_v3
[2026-01-02T04:28:05.350+0000] {logging_mixin.py:188} INFO - [2026-01-02T04:28:05.350+0000] {override.py:1769} INFO - Created Permission View: can read on DAG:example_branch_dop_operator_v3
[2026-01-02T04:28:05.351+0000] {logging_mixin.py:188} INFO - [2026-01-02T04:28:05.350+0000] {dag.py:3033} INFO - Sync 1 DAGs
[2026-01-02T04:28:05.357+0000] {logging_mixin.py:188} INFO - [2026-01-02T04:28:05.357+0000] {dag.py:3055} INFO - Creating ORM DAG for example_branch_dop_operator_v3
[2026-01-02T04:28:05.363+0000] {logging_mixin.py:188} INFO - [2026-01-02T04:28:05.363+0000] {dag.py:3820} INFO - Setting next_dagrun for example_branch_dop_operator_v3 to 2026-01-02T04:27:00+00:00, run_after=2026-01-02T04:28:00+00:00
[2026-01-02T04:28:05.376+0000] {processor.py:183} INFO - Processing /home/airflow/.local/lib/python3.8/site-packages/airflow/example_dags/example_branch_python_dop_operator_3.py took 0.095 seconds
[2026-01-02T04:28:35.582+0000] {processor.py:161} INFO - Started process (PID=138) to work on /home/airflow/.local/lib/python3.8/site-packages/airflow/example_dags/example_branch_python_dop_operator_3.py
[2026-01-02T04:28:35.582+0000] {processor.py:830} INFO - Processing file /home/airflow/.local/lib/python3.8/site-packages/airflow/example_dags/example_branch_python_dop_operator_3.py for tasks to queue
[2026-01-02T04:28:35.583+0000] {logging_mixin.py:188} INFO - [2026-01-02T04:28:35.583+0000] {dagbag.py:538} INFO - Filling up the DagBag from /home/airflow/.local/lib/python3.8/site-packages/airflow/example_dags/example_branch_python_dop_operator_3.py
[2026-01-02T04:28:35.587+0000] {processor.py:840} INFO - DAG(s) 'example_branch_dop_operator_v3' retrieved from /home/airflow/.local/lib/python3.8/site-packages/airflow/example_dags/example_branch_python_dop_operator_3.py
[2026-01-02T04:28:35.596+0000] {logging_mixin.py:188} INFO - [2026-01-02T04:28:35.596+0000] {dag.py:3033} INFO - Sync 1 DAGs
[2026-01-02T04:28:35.607+0000] {logging_mixin.py:188} INFO - [2026-01-02T04:28:35.607+0000] {dag.py:3820} INFO - Setting next_dagrun for example_branch_dop_operator_v3 to 2026-01-02T04:27:00+00:00, run_after=2026-01-02T04:28:00+00:00
[2026-01-02T04:28:35.625+0000] {processor.py:183} INFO - Processing /home/airflow/.local/lib/python3.8/site-packages/airflow/example_dags/example_branch_python_dop_operator_3.py took 0.044 seconds
[2026-01-02T04:30:00.470+0000] {processor.py:161} INFO - Started process (PID=75) to work on /home/airflow/.local/lib/python3.8/site-packages/airflow/example_dags/example_branch_python_dop_operator_3.py
[2026-01-02T04:30:00.471+0000] {processor.py:830} INFO - Processing file /home/airflow/.local/lib/python3.8/site-packages/airflow/example_dags/example_branch_python_dop_operator_3.py for tasks to queue
[2026-01-02T04:30:00.472+0000] {logging_mixin.py:188} INFO - [2026-01-02T04:30:00.472+0000] {dagbag.py:538} INFO - Filling up the DagBag from /home/airflow/.local/lib/python3.8/site-packages/airflow/example_dags/example_branch_python_dop_operator_3.py
[2026-01-02T04:30:00.484+0000] {processor.py:840} INFO - DAG(s) 'example_branch_dop_operator_v3' retrieved from /home/airflow/.local/lib/python3.8/site-packages/airflow/example_dags/example_branch_python_dop_operator_3.py
[2026-01-02T04:30:00.492+0000] {logging_mixin.py:188} INFO - [2026-01-02T04:30:00.492+0000] {dag.py:3033} INFO - Sync 1 DAGs
[2026-01-02T04:30:00.505+0000] {logging_mixin.py:188} INFO - [2026-01-02T04:30:00.505+0000] {dag.py:3820} INFO - Setting next_dagrun for example_branch_dop_operator_v3 to 2026-01-02T04:29:00+00:00, run_after=2026-01-02T04:30:00+00:00
[2026-01-02T04:30:00.519+0000] {processor.py:183} INFO - Processing /home/airflow/.local/lib/python3.8/site-packages/airflow/example_dags/example_branch_python_dop_operator_3.py took 0.050 seconds
[2026-01-02T04:30:31.637+0000] {processor.py:161} INFO - Started process (PID=130) to work on /home/airflow/.local/lib/python3.8/site-packages/airflow/example_dags/example_branch_python_dop_operator_3.py
[2026-01-02T04:30:31.637+0000] {processor.py:830} INFO - Processing file /home/airflow/.local/lib/python3.8/site-packages/airflow/example_dags/example_branch_python_dop_operator_3.py for tasks to queue
[2026-01-02T04:30:31.638+0000] {logging_mixin.py:188} INFO - [2026-01-02T04:30:31.638+0000] {dagbag.py:538} INFO - Filling up the DagBag from /home/airflow/.local/lib/python3.8/site-packages/airflow/example_dags/example_branch_python_dop_operator_3.py
[2026-01-02T04:30:31.642+0000] {processor.py:840} INFO - DAG(s) 'example_branch_dop_operator_v3' retrieved from /home/airflow/.local/lib/python3.8/site-packages/airflow/example_dags/example_branch_python_dop_operator_3.py
[2026-01-02T04:30:31.692+0000] {logging_mixin.py:188} INFO - [2026-01-02T04:30:31.691+0000] {dag.py:3033} INFO - Sync 1 DAGs
[2026-01-02T04:30:31.706+0000] {logging_mixin.py:188} INFO - [2026-01-02T04:30:31.706+0000] {dag.py:3820} INFO - Setting next_dagrun for example_branch_dop_operator_v3 to 2026-01-02T04:29:00+00:00, run_after=2026-01-02T04:30:00+00:00
[2026-01-02T04:30:31.718+0000] {processor.py:183} INFO - Processing /home/airflow/.local/lib/python3.8/site-packages/airflow/example_dags/example_branch_python_dop_operator_3.py took 0.083 seconds
[2026-01-02T04:31:02.452+0000] {processor.py:161} INFO - Started process (PID=185) to work on /home/airflow/.local/lib/python3.8/site-packages/airflow/example_dags/example_branch_python_dop_operator_3.py
[2026-01-02T04:31:02.453+0000] {processor.py:830} INFO - Processing file /home/airflow/.local/lib/python3.8/site-packages/airflow/example_dags/example_branch_python_dop_operator_3.py for tasks to queue
[2026-01-02T04:31:02.454+0000] {logging_mixin.py:188} INFO - [2026-01-02T04:31:02.454+0000] {dagbag.py:538} INFO - Filling up the DagBag from /home/airflow/.local/lib/python3.8/site-packages/airflow/example_dags/example_branch_python_dop_operator_3.py
[2026-01-02T04:31:02.457+0000] {processor.py:840} INFO - DAG(s) 'example_branch_dop_operator_v3' retrieved from /home/airflow/.local/lib/python3.8/site-packages/airflow/example_dags/example_branch_python_dop_operator_3.py
[2026-01-02T04:31:02.466+0000] {logging_mixin.py:188} INFO - [2026-01-02T04:31:02.466+0000] {dag.py:3033} INFO - Sync 1 DAGs
[2026-01-02T04:31:02.477+0000] {logging_mixin.py:188} INFO - [2026-01-02T04:31:02.477+0000] {dag.py:3820} INFO - Setting next_dagrun for example_branch_dop_operator_v3 to 2026-01-02T04:30:00+00:00, run_after=2026-01-02T04:31:00+00:00
[2026-01-02T04:31:02.486+0000] {processor.py:183} INFO - Processing /home/airflow/.local/lib/python3.8/site-packages/airflow/example_dags/example_branch_python_dop_operator_3.py took 0.035 seconds
[2026-01-02T04:31:32.896+0000] {processor.py:161} INFO - Started process (PID=240) to work on /home/airflow/.local/lib/python3.8/site-packages/airflow/example_dags/example_branch_python_dop_operator_3.py
[2026-01-02T04:31:32.896+0000] {processor.py:830} INFO - Processing file /home/airflow/.local/lib/python3.8/site-packages/airflow/example_dags/example_branch_python_dop_operator_3.py for tasks to queue
[2026-01-02T04:31:32.897+0000] {logging_mixin.py:188} INFO - [2026-01-02T04:31:32.897+0000] {dagbag.py:538} INFO - Filling up the DagBag from /home/airflow/.local/lib/python3.8/site-packages/airflow/example_dags/example_branch_python_dop_operator_3.py
[2026-01-02T04:31:32.901+0000] {processor.py:840} INFO - DAG(s) 'example_branch_dop_operator_v3' retrieved from /home/airflow/.local/lib/python3.8/site-packages/airflow/example_dags/example_branch_python_dop_operator_3.py
[2026-01-02T04:31:32.911+0000] {logging_mixin.py:188} INFO - [2026-01-02T04:31:32.911+0000] {dag.py:3033} INFO - Sync 1 DAGs
[2026-01-02T04:31:32.923+0000] {logging_mixin.py:188} INFO - [2026-01-02T04:31:32.923+0000] {dag.py:3820} INFO - Setting next_dagrun for example_branch_dop_operator_v3 to 2026-01-02T04:30:00+00:00, run_after=2026-01-02T04:31:00+00:00
[2026-01-02T04:31:32.934+0000] {processor.py:183} INFO - Processing /home/airflow/.local/lib/python3.8/site-packages/airflow/example_dags/example_branch_python_dop_operator_3.py took 0.039 seconds
[2026-01-02T04:32:03.330+0000] {processor.py:161} INFO - Started process (PID=295) to work on /home/airflow/.local/lib/python3.8/site-packages/airflow/example_dags/example_branch_python_dop_operator_3.py
[2026-01-02T04:32:03.330+0000] {processor.py:830} INFO - Processing file /home/airflow/.local/lib/python3.8/site-packages/airflow/example_dags/example_branch_python_dop_operator_3.py for tasks to queue
[2026-01-02T04:32:03.331+0000] {logging_mixin.py:188} INFO - [2026-01-02T04:32:03.331+0000] {dagbag.py:538} INFO - Filling up the DagBag from /home/airflow/.local/lib/python3.8/site-packages/airflow/example_dags/example_branch_python_dop_operator_3.py
[2026-01-02T04:32:03.335+0000] {processor.py:840} INFO - DAG(s) 'example_branch_dop_operator_v3' retrieved from /home/airflow/.local/lib/python3.8/site-packages/airflow/example_dags/example_branch_python_dop_operator_3.py
[2026-01-02T04:32:03.343+0000] {logging_mixin.py:188} INFO - [2026-01-02T04:32:03.343+0000] {dag.py:3033} INFO - Sync 1 DAGs
[2026-01-02T04:32:03.354+0000] {logging_mixin.py:188} INFO - [2026-01-02T04:32:03.354+0000] {dag.py:3820} INFO - Setting next_dagrun for example_branch_dop_operator_v3 to 2026-01-02T04:31:00+00:00, run_after=2026-01-02T04:32:00+00:00
[2026-01-02T04:32:03.362+0000] {processor.py:183} INFO - Processing /home/airflow/.local/lib/python3.8/site-packages/airflow/example_dags/example_branch_python_dop_operator_3.py took 0.034 seconds
[2026-01-02T04:32:33.632+0000] {processor.py:161} INFO - Started process (PID=350) to work on /home/airflow/.local/lib/python3.8/site-packages/airflow/example_dags/example_branch_python_dop_operator_3.py
[2026-01-02T04:32:33.633+0000] {processor.py:830} INFO - Processing file /home/airflow/.local/lib/python3.8/site-packages/airflow/example_dags/example_branch_python_dop_operator_3.py for tasks to queue
[2026-01-02T04:32:33.634+0000] {logging_mixin.py:188} INFO - [2026-01-02T04:32:33.634+0000] {dagbag.py:538} INFO - Filling up the DagBag from /home/airflow/.local/lib/python3.8/site-packages/airflow/example_dags/example_branch_python_dop_operator_3.py
[2026-01-02T04:32:33.638+0000] {processor.py:840} INFO - DAG(s) 'example_branch_dop_operator_v3' retrieved from /home/airflow/.local/lib/python3.8/site-packages/airflow/example_dags/example_branch_python_dop_operator_3.py
[2026-01-02T04:32:33.647+0000] {logging_mixin.py:188} INFO - [2026-01-02T04:32:33.647+0000] {dag.py:3033} INFO - Sync 1 DAGs
[2026-01-02T04:32:33.658+0000] {logging_mixin.py:188} INFO - [2026-01-02T04:32:33.658+0000] {dag.py:3820} INFO - Setting next_dagrun for example_branch_dop_operator_v3 to 2026-01-02T04:31:00+00:00, run_after=2026-01-02T04:32:00+00:00
[2026-01-02T04:32:33.668+0000] {processor.py:183} INFO - Processing /home/airflow/.local/lib/python3.8/site-packages/airflow/example_dags/example_branch_python_dop_operator_3.py took 0.037 seconds
[2026-01-02T04:33:03.926+0000] {processor.py:161} INFO - Started process (PID=405) to work on /home/airflow/.local/lib/python3.8/site-packages/airflow/example_dags/example_branch_python_dop_operator_3.py
[2026-01-02T04:33:03.926+0000] {processor.py:830} INFO - Processing file /home/airflow/.local/lib/python3.8/site-packages/airflow/example_dags/example_branch_python_dop_operator_3.py for tasks to queue
[2026-01-02T04:33:03.927+0000] {logging_mixin.py:188} INFO - [2026-01-02T04:33:03.927+0000] {dagbag.py:538} INFO - Filling up the DagBag from /home/airflow/.local/lib/python3.8/site-packages/airflow/example_dags/example_branch_python_dop_operator_3.py
[2026-01-02T04:33:03.931+0000] {processor.py:840} INFO - DAG(s) 'example_branch_dop_operator_v3' retrieved from /home/airflow/.local/lib/python3.8/site-packages/airflow/example_dags/example_branch_python_dop_operator_3.py
[2026-01-02T04:33:03.940+0000] {logging_mixin.py:188} INFO - [2026-01-02T04:33:03.940+0000] {dag.py:3033} INFO - Sync 1 DAGs
[2026-01-02T04:33:03.951+0000] {logging_mixin.py:188} INFO - [2026-01-02T04:33:03.951+0000] {dag.py:3820} INFO - Setting next_dagrun for example_branch_dop_operator_v3 to 2026-01-02T04:32:00+00:00, run_after=2026-01-02T04:33:00+00:00
[2026-01-02T04:33:03.959+0000] {processor.py:183} INFO - Processing /home/airflow/.local/lib/python3.8/site-packages/airflow/example_dags/example_branch_python_dop_operator_3.py took 0.035 seconds
[2026-01-02T04:33:34.199+0000] {processor.py:161} INFO - Started process (PID=460) to work on /home/airflow/.local/lib/python3.8/site-packages/airflow/example_dags/example_branch_python_dop_operator_3.py
[2026-01-02T04:33:34.200+0000] {processor.py:830} INFO - Processing file /home/airflow/.local/lib/python3.8/site-packages/airflow/example_dags/example_branch_python_dop_operator_3.py for tasks to queue
[2026-01-02T04:33:34.201+0000] {logging_mixin.py:188} INFO - [2026-01-02T04:33:34.201+0000] {dagbag.py:538} INFO - Filling up the DagBag from /home/airflow/.local/lib/python3.8/site-packages/airflow/example_dags/example_branch_python_dop_operator_3.py
[2026-01-02T04:33:34.204+0000] {processor.py:840} INFO - DAG(s) 'example_branch_dop_operator_v3' retrieved from /home/airflow/.local/lib/python3.8/site-packages/airflow/example_dags/example_branch_python_dop_operator_3.py
[2026-01-02T04:33:34.213+0000] {logging_mixin.py:188} INFO - [2026-01-02T04:33:34.213+0000] {dag.py:3033} INFO - Sync 1 DAGs
[2026-01-02T04:33:34.224+0000] {logging_mixin.py:188} INFO - [2026-01-02T04:33:34.224+0000] {dag.py:3820} INFO - Setting next_dagrun for example_branch_dop_operator_v3 to 2026-01-02T04:32:00+00:00, run_after=2026-01-02T04:33:00+00:00
[2026-01-02T04:33:34.233+0000] {processor.py:183} INFO - Processing /home/airflow/.local/lib/python3.8/site-packages/airflow/example_dags/example_branch_python_dop_operator_3.py took 0.035 seconds
[2026-01-02T04:34:04.495+0000] {processor.py:161} INFO - Started process (PID=515) to work on /home/airflow/.local/lib/python3.8/site-packages/airflow/example_dags/example_branch_python_dop_operator_3.py
[2026-01-02T04:34:04.495+0000] {processor.py:830} INFO - Processing file /home/airflow/.local/lib/python3.8/site-packages/airflow/example_dags/example_branch_python_dop_operator_3.py for tasks to queue
[2026-01-02T04:34:04.496+0000] {logging_mixin.py:188} INFO - [2026-01-02T04:34:04.496+0000] {dagbag.py:538} INFO - Filling up the DagBag from /home/airflow/.local/lib/python3.8/site-packages/airflow/example_dags/example_branch_python_dop_operator_3.py
[2026-01-02T04:34:04.501+0000] {processor.py:840} INFO - DAG(s) 'example_branch_dop_operator_v3' retrieved from /home/airflow/.local/lib/python3.8/site-packages/airflow/example_dags/example_branch_python_dop_operator_3.py
[2026-01-02T04:34:04.512+0000] {logging_mixin.py:188} INFO - [2026-01-02T04:34:04.512+0000] {dag.py:3033} INFO - Sync 1 DAGs
[2026-01-02T04:34:04.524+0000] {logging_mixin.py:188} INFO - [2026-01-02T04:34:04.523+0000] {dag.py:3820} INFO - Setting next_dagrun for example_branch_dop_operator_v3 to 2026-01-02T04:33:00+00:00, run_after=2026-01-02T04:34:00+00:00
[2026-01-02T04:34:04.534+0000] {processor.py:183} INFO - Processing /home/airflow/.local/lib/python3.8/site-packages/airflow/example_dags/example_branch_python_dop_operator_3.py took 0.040 seconds
[2026-01-02T04:34:34.860+0000] {processor.py:161} INFO - Started process (PID=570) to work on /home/airflow/.local/lib/python3.8/site-packages/airflow/example_dags/example_branch_python_dop_operator_3.py
[2026-01-02T04:34:34.861+0000] {processor.py:830} INFO - Processing file /home/airflow/.local/lib/python3.8/site-packages/airflow/example_dags/example_branch_python_dop_operator_3.py for tasks to queue
[2026-01-02T04:34:34.862+0000] {logging_mixin.py:188} INFO - [2026-01-02T04:34:34.861+0000] {dagbag.py:538} INFO - Filling up the DagBag from /home/airflow/.local/lib/python3.8/site-packages/airflow/example_dags/example_branch_python_dop_operator_3.py
[2026-01-02T04:34:34.865+0000] {processor.py:840} INFO - DAG(s) 'example_branch_dop_operator_v3' retrieved from /home/airflow/.local/lib/python3.8/site-packages/airflow/example_dags/example_branch_python_dop_operator_3.py
[2026-01-02T04:34:34.875+0000] {logging_mixin.py:188} INFO - [2026-01-02T04:34:34.875+0000] {dag.py:3033} INFO - Sync 1 DAGs
[2026-01-02T04:34:34.887+0000] {logging_mixin.py:188} INFO - [2026-01-02T04:34:34.887+0000] {dag.py:3820} INFO - Setting next_dagrun for example_branch_dop_operator_v3 to 2026-01-02T04:33:00+00:00, run_after=2026-01-02T04:34:00+00:00
[2026-01-02T04:34:34.901+0000] {processor.py:183} INFO - Processing /home/airflow/.local/lib/python3.8/site-packages/airflow/example_dags/example_branch_python_dop_operator_3.py took 0.043 seconds
[2026-01-02T04:35:05.155+0000] {processor.py:161} INFO - Started process (PID=625) to work on /home/airflow/.local/lib/python3.8/site-packages/airflow/example_dags/example_branch_python_dop_operator_3.py
[2026-01-02T04:35:05.156+0000] {processor.py:830} INFO - Processing file /home/airflow/.local/lib/python3.8/site-packages/airflow/example_dags/example_branch_python_dop_operator_3.py for tasks to queue
[2026-01-02T04:35:05.157+0000] {logging_mixin.py:188} INFO - [2026-01-02T04:35:05.157+0000] {dagbag.py:538} INFO - Filling up the DagBag from /home/airflow/.local/lib/python3.8/site-packages/airflow/example_dags/example_branch_python_dop_operator_3.py
[2026-01-02T04:35:05.160+0000] {processor.py:840} INFO - DAG(s) 'example_branch_dop_operator_v3' retrieved from /home/airflow/.local/lib/python3.8/site-packages/airflow/example_dags/example_branch_python_dop_operator_3.py
[2026-01-02T04:35:05.173+0000] {logging_mixin.py:188} INFO - [2026-01-02T04:35:05.173+0000] {dag.py:3033} INFO - Sync 1 DAGs
[2026-01-02T04:35:05.186+0000] {logging_mixin.py:188} INFO - [2026-01-02T04:35:05.186+0000] {dag.py:3820} INFO - Setting next_dagrun for example_branch_dop_operator_v3 to 2026-01-02T04:34:00+00:00, run_after=2026-01-02T04:35:00+00:00
[2026-01-02T04:35:05.197+0000] {processor.py:183} INFO - Processing /home/airflow/.local/lib/python3.8/site-packages/airflow/example_dags/example_branch_python_dop_operator_3.py took 0.043 seconds
[2026-01-02T04:35:35.475+0000] {processor.py:161} INFO - Started process (PID=680) to work on /home/airflow/.local/lib/python3.8/site-packages/airflow/example_dags/example_branch_python_dop_operator_3.py
[2026-01-02T04:35:35.475+0000] {processor.py:830} INFO - Processing file /home/airflow/.local/lib/python3.8/site-packages/airflow/example_dags/example_branch_python_dop_operator_3.py for tasks to queue
[2026-01-02T04:35:35.476+0000] {logging_mixin.py:188} INFO - [2026-01-02T04:35:35.476+0000] {dagbag.py:538} INFO - Filling up the DagBag from /home/airflow/.local/lib/python3.8/site-packages/airflow/example_dags/example_branch_python_dop_operator_3.py
[2026-01-02T04:35:35.480+0000] {processor.py:840} INFO - DAG(s) 'example_branch_dop_operator_v3' retrieved from /home/airflow/.local/lib/python3.8/site-packages/airflow/example_dags/example_branch_python_dop_operator_3.py
[2026-01-02T04:35:35.490+0000] {logging_mixin.py:188} INFO - [2026-01-02T04:35:35.490+0000] {dag.py:3033} INFO - Sync 1 DAGs
[2026-01-02T04:35:35.505+0000] {logging_mixin.py:188} INFO - [2026-01-02T04:35:35.505+0000] {dag.py:3820} INFO - Setting next_dagrun for example_branch_dop_operator_v3 to 2026-01-02T04:34:00+00:00, run_after=2026-01-02T04:35:00+00:00
[2026-01-02T04:35:35.517+0000] {processor.py:183} INFO - Processing /home/airflow/.local/lib/python3.8/site-packages/airflow/example_dags/example_branch_python_dop_operator_3.py took 0.043 seconds
[2026-01-02T04:36:05.789+0000] {processor.py:161} INFO - Started process (PID=735) to work on /home/airflow/.local/lib/python3.8/site-packages/airflow/example_dags/example_branch_python_dop_operator_3.py
[2026-01-02T04:36:05.790+0000] {processor.py:830} INFO - Processing file /home/airflow/.local/lib/python3.8/site-packages/airflow/example_dags/example_branch_python_dop_operator_3.py for tasks to queue
[2026-01-02T04:36:05.791+0000] {logging_mixin.py:188} INFO - [2026-01-02T04:36:05.791+0000] {dagbag.py:538} INFO - Filling up the DagBag from /home/airflow/.local/lib/python3.8/site-packages/airflow/example_dags/example_branch_python_dop_operator_3.py
[2026-01-02T04:36:05.795+0000] {processor.py:840} INFO - DAG(s) 'example_branch_dop_operator_v3' retrieved from /home/airflow/.local/lib/python3.8/site-packages/airflow/example_dags/example_branch_python_dop_operator_3.py
[2026-01-02T04:36:05.805+0000] {logging_mixin.py:188} INFO - [2026-01-02T04:36:05.805+0000] {dag.py:3033} INFO - Sync 1 DAGs
[2026-01-02T04:36:05.820+0000] {logging_mixin.py:188} INFO - [2026-01-02T04:36:05.820+0000] {dag.py:3820} INFO - Setting next_dagrun for example_branch_dop_operator_v3 to 2026-01-02T04:35:00+00:00, run_after=2026-01-02T04:36:00+00:00
[2026-01-02T04:36:05.832+0000] {processor.py:183} INFO - Processing /home/airflow/.local/lib/python3.8/site-packages/airflow/example_dags/example_branch_python_dop_operator_3.py took 0.044 seconds
[2026-01-02T04:38:45.528+0000] {processor.py:161} INFO - Started process (PID=77) to work on /home/airflow/.local/lib/python3.8/site-packages/airflow/example_dags/example_branch_python_dop_operator_3.py
[2026-01-02T04:38:45.528+0000] {processor.py:830} INFO - Processing file /home/airflow/.local/lib/python3.8/site-packages/airflow/example_dags/example_branch_python_dop_operator_3.py for tasks to queue
[2026-01-02T04:38:45.529+0000] {logging_mixin.py:188} INFO - [2026-01-02T04:38:45.529+0000] {dagbag.py:538} INFO - Filling up the DagBag from /home/airflow/.local/lib/python3.8/site-packages/airflow/example_dags/example_branch_python_dop_operator_3.py
[2026-01-02T04:38:45.535+0000] {processor.py:840} INFO - DAG(s) 'example_branch_dop_operator_v3' retrieved from /home/airflow/.local/lib/python3.8/site-packages/airflow/example_dags/example_branch_python_dop_operator_3.py
[2026-01-02T04:38:45.541+0000] {logging_mixin.py:188} INFO - [2026-01-02T04:38:45.541+0000] {dag.py:3033} INFO - Sync 1 DAGs
[2026-01-02T04:38:45.554+0000] {logging_mixin.py:188} INFO - [2026-01-02T04:38:45.554+0000] {dag.py:3820} INFO - Setting next_dagrun for example_branch_dop_operator_v3 to 2026-01-02T04:37:00+00:00, run_after=2026-01-02T04:38:00+00:00
[2026-01-02T04:38:45.565+0000] {processor.py:183} INFO - Processing /home/airflow/.local/lib/python3.8/site-packages/airflow/example_dags/example_branch_python_dop_operator_3.py took 0.039 seconds
[2026-01-02T04:39:16.143+0000] {processor.py:161} INFO - Started process (PID=138) to work on /home/airflow/.local/lib/python3.8/site-packages/airflow/example_dags/example_branch_python_dop_operator_3.py
[2026-01-02T04:39:16.144+0000] {processor.py:830} INFO - Processing file /home/airflow/.local/lib/python3.8/site-packages/airflow/example_dags/example_branch_python_dop_operator_3.py for tasks to queue
[2026-01-02T04:39:16.145+0000] {logging_mixin.py:188} INFO - [2026-01-02T04:39:16.144+0000] {dagbag.py:538} INFO - Filling up the DagBag from /home/airflow/.local/lib/python3.8/site-packages/airflow/example_dags/example_branch_python_dop_operator_3.py
[2026-01-02T04:39:16.148+0000] {processor.py:840} INFO - DAG(s) 'example_branch_dop_operator_v3' retrieved from /home/airflow/.local/lib/python3.8/site-packages/airflow/example_dags/example_branch_python_dop_operator_3.py
[2026-01-02T04:39:16.193+0000] {logging_mixin.py:188} INFO - [2026-01-02T04:39:16.192+0000] {dag.py:3033} INFO - Sync 1 DAGs
[2026-01-02T04:39:16.202+0000] {logging_mixin.py:188} INFO - [2026-01-02T04:39:16.202+0000] {dag.py:3820} INFO - Setting next_dagrun for example_branch_dop_operator_v3 to 2026-01-02T04:38:00+00:00, run_after=2026-01-02T04:39:00+00:00
[2026-01-02T04:39:16.212+0000] {processor.py:183} INFO - Processing /home/airflow/.local/lib/python3.8/site-packages/airflow/example_dags/example_branch_python_dop_operator_3.py took 0.070 seconds
[2026-01-02T04:39:46.676+0000] {processor.py:161} INFO - Started process (PID=193) to work on /home/airflow/.local/lib/python3.8/site-packages/airflow/example_dags/example_branch_python_dop_operator_3.py
[2026-01-02T04:39:46.677+0000] {processor.py:830} INFO - Processing file /home/airflow/.local/lib/python3.8/site-packages/airflow/example_dags/example_branch_python_dop_operator_3.py for tasks to queue
[2026-01-02T04:39:46.678+0000] {logging_mixin.py:188} INFO - [2026-01-02T04:39:46.678+0000] {dagbag.py:538} INFO - Filling up the DagBag from /home/airflow/.local/lib/python3.8/site-packages/airflow/example_dags/example_branch_python_dop_operator_3.py
[2026-01-02T04:39:46.681+0000] {processor.py:840} INFO - DAG(s) 'example_branch_dop_operator_v3' retrieved from /home/airflow/.local/lib/python3.8/site-packages/airflow/example_dags/example_branch_python_dop_operator_3.py
[2026-01-02T04:39:46.691+0000] {logging_mixin.py:188} INFO - [2026-01-02T04:39:46.691+0000] {dag.py:3033} INFO - Sync 1 DAGs
[2026-01-02T04:39:46.703+0000] {logging_mixin.py:188} INFO - [2026-01-02T04:39:46.703+0000] {dag.py:3820} INFO - Setting next_dagrun for example_branch_dop_operator_v3 to 2026-01-02T04:38:00+00:00, run_after=2026-01-02T04:39:00+00:00
[2026-01-02T04:39:46.712+0000] {processor.py:183} INFO - Processing /home/airflow/.local/lib/python3.8/site-packages/airflow/example_dags/example_branch_python_dop_operator_3.py took 0.037 seconds
[2026-01-02T04:40:16.840+0000] {processor.py:161} INFO - Started process (PID=248) to work on /home/airflow/.local/lib/python3.8/site-packages/airflow/example_dags/example_branch_python_dop_operator_3.py
[2026-01-02T04:40:16.841+0000] {processor.py:830} INFO - Processing file /home/airflow/.local/lib/python3.8/site-packages/airflow/example_dags/example_branch_python_dop_operator_3.py for tasks to queue
[2026-01-02T04:40:16.842+0000] {logging_mixin.py:188} INFO - [2026-01-02T04:40:16.842+0000] {dagbag.py:538} INFO - Filling up the DagBag from /home/airflow/.local/lib/python3.8/site-packages/airflow/example_dags/example_branch_python_dop_operator_3.py
[2026-01-02T04:40:16.845+0000] {processor.py:840} INFO - DAG(s) 'example_branch_dop_operator_v3' retrieved from /home/airflow/.local/lib/python3.8/site-packages/airflow/example_dags/example_branch_python_dop_operator_3.py
[2026-01-02T04:40:16.856+0000] {logging_mixin.py:188} INFO - [2026-01-02T04:40:16.856+0000] {dag.py:3033} INFO - Sync 1 DAGs
[2026-01-02T04:40:16.867+0000] {logging_mixin.py:188} INFO - [2026-01-02T04:40:16.867+0000] {dag.py:3820} INFO - Setting next_dagrun for example_branch_dop_operator_v3 to 2026-01-02T04:39:00+00:00, run_after=2026-01-02T04:40:00+00:00
[2026-01-02T04:40:16.877+0000] {processor.py:183} INFO - Processing /home/airflow/.local/lib/python3.8/site-packages/airflow/example_dags/example_branch_python_dop_operator_3.py took 0.038 seconds
[2026-01-02T04:40:47.030+0000] {processor.py:161} INFO - Started process (PID=303) to work on /home/airflow/.local/lib/python3.8/site-packages/airflow/example_dags/example_branch_python_dop_operator_3.py
[2026-01-02T04:40:47.030+0000] {processor.py:830} INFO - Processing file /home/airflow/.local/lib/python3.8/site-packages/airflow/example_dags/example_branch_python_dop_operator_3.py for tasks to queue
[2026-01-02T04:40:47.031+0000] {logging_mixin.py:188} INFO - [2026-01-02T04:40:47.031+0000] {dagbag.py:538} INFO - Filling up the DagBag from /home/airflow/.local/lib/python3.8/site-packages/airflow/example_dags/example_branch_python_dop_operator_3.py
[2026-01-02T04:40:47.035+0000] {processor.py:840} INFO - DAG(s) 'example_branch_dop_operator_v3' retrieved from /home/airflow/.local/lib/python3.8/site-packages/airflow/example_dags/example_branch_python_dop_operator_3.py
[2026-01-02T04:40:47.044+0000] {logging_mixin.py:188} INFO - [2026-01-02T04:40:47.044+0000] {dag.py:3033} INFO - Sync 1 DAGs
[2026-01-02T04:40:47.056+0000] {logging_mixin.py:188} INFO - [2026-01-02T04:40:47.056+0000] {dag.py:3820} INFO - Setting next_dagrun for example_branch_dop_operator_v3 to 2026-01-02T04:39:00+00:00, run_after=2026-01-02T04:40:00+00:00
[2026-01-02T04:40:47.065+0000] {processor.py:183} INFO - Processing /home/airflow/.local/lib/python3.8/site-packages/airflow/example_dags/example_branch_python_dop_operator_3.py took 0.037 seconds
[2026-01-02T04:41:17.184+0000] {processor.py:161} INFO - Started process (PID=358) to work on /home/airflow/.local/lib/python3.8/site-packages/airflow/example_dags/example_branch_python_dop_operator_3.py
[2026-01-02T04:41:17.184+0000] {processor.py:830} INFO - Processing file /home/airflow/.local/lib/python3.8/site-packages/airflow/example_dags/example_branch_python_dop_operator_3.py for tasks to queue
[2026-01-02T04:41:17.185+0000] {logging_mixin.py:188} INFO - [2026-01-02T04:41:17.185+0000] {dagbag.py:538} INFO - Filling up the DagBag from /home/airflow/.local/lib/python3.8/site-packages/airflow/example_dags/example_branch_python_dop_operator_3.py
[2026-01-02T04:41:17.189+0000] {processor.py:840} INFO - DAG(s) 'example_branch_dop_operator_v3' retrieved from /home/airflow/.local/lib/python3.8/site-packages/airflow/example_dags/example_branch_python_dop_operator_3.py
[2026-01-02T04:41:17.197+0000] {logging_mixin.py:188} INFO - [2026-01-02T04:41:17.197+0000] {dag.py:3033} INFO - Sync 1 DAGs
[2026-01-02T04:41:17.207+0000] {logging_mixin.py:188} INFO - [2026-01-02T04:41:17.207+0000] {dag.py:3820} INFO - Setting next_dagrun for example_branch_dop_operator_v3 to 2026-01-02T04:40:00+00:00, run_after=2026-01-02T04:41:00+00:00
[2026-01-02T04:41:17.216+0000] {processor.py:183} INFO - Processing /home/airflow/.local/lib/python3.8/site-packages/airflow/example_dags/example_branch_python_dop_operator_3.py took 0.034 seconds
[2026-01-02T04:41:47.420+0000] {processor.py:161} INFO - Started process (PID=413) to work on /home/airflow/.local/lib/python3.8/site-packages/airflow/example_dags/example_branch_python_dop_operator_3.py
[2026-01-02T04:41:47.421+0000] {processor.py:830} INFO - Processing file /home/airflow/.local/lib/python3.8/site-packages/airflow/example_dags/example_branch_python_dop_operator_3.py for tasks to queue
[2026-01-02T04:41:47.422+0000] {logging_mixin.py:188} INFO - [2026-01-02T04:41:47.422+0000] {dagbag.py:538} INFO - Filling up the DagBag from /home/airflow/.local/lib/python3.8/site-packages/airflow/example_dags/example_branch_python_dop_operator_3.py
[2026-01-02T04:41:47.426+0000] {processor.py:840} INFO - DAG(s) 'example_branch_dop_operator_v3' retrieved from /home/airflow/.local/lib/python3.8/site-packages/airflow/example_dags/example_branch_python_dop_operator_3.py
[2026-01-02T04:41:47.436+0000] {logging_mixin.py:188} INFO - [2026-01-02T04:41:47.436+0000] {dag.py:3033} INFO - Sync 1 DAGs
[2026-01-02T04:41:47.447+0000] {logging_mixin.py:188} INFO - [2026-01-02T04:41:47.446+0000] {dag.py:3820} INFO - Setting next_dagrun for example_branch_dop_operator_v3 to 2026-01-02T04:40:00+00:00, run_after=2026-01-02T04:41:00+00:00
[2026-01-02T04:41:47.456+0000] {processor.py:183} INFO - Processing /home/airflow/.local/lib/python3.8/site-packages/airflow/example_dags/example_branch_python_dop_operator_3.py took 0.037 seconds
[2026-01-02T04:42:17.588+0000] {processor.py:161} INFO - Started process (PID=468) to work on /home/airflow/.local/lib/python3.8/site-packages/airflow/example_dags/example_branch_python_dop_operator_3.py
[2026-01-02T04:42:17.589+0000] {processor.py:830} INFO - Processing file /home/airflow/.local/lib/python3.8/site-packages/airflow/example_dags/example_branch_python_dop_operator_3.py for tasks to queue
[2026-01-02T04:42:17.589+0000] {logging_mixin.py:188} INFO - [2026-01-02T04:42:17.589+0000] {dagbag.py:538} INFO - Filling up the DagBag from /home/airflow/.local/lib/python3.8/site-packages/airflow/example_dags/example_branch_python_dop_operator_3.py
[2026-01-02T04:42:17.593+0000] {processor.py:840} INFO - DAG(s) 'example_branch_dop_operator_v3' retrieved from /home/airflow/.local/lib/python3.8/site-packages/airflow/example_dags/example_branch_python_dop_operator_3.py
[2026-01-02T04:42:17.602+0000] {logging_mixin.py:188} INFO - [2026-01-02T04:42:17.602+0000] {dag.py:3033} INFO - Sync 1 DAGs
[2026-01-02T04:42:17.612+0000] {logging_mixin.py:188} INFO - [2026-01-02T04:42:17.612+0000] {dag.py:3820} INFO - Setting next_dagrun for example_branch_dop_operator_v3 to 2026-01-02T04:41:00+00:00, run_after=2026-01-02T04:42:00+00:00
[2026-01-02T04:42:17.621+0000] {processor.py:183} INFO - Processing /home/airflow/.local/lib/python3.8/site-packages/airflow/example_dags/example_branch_python_dop_operator_3.py took 0.034 seconds
[2026-01-02T04:42:47.825+0000] {processor.py:161} INFO - Started process (PID=523) to work on /home/airflow/.local/lib/python3.8/site-packages/airflow/example_dags/example_branch_python_dop_operator_3.py
[2026-01-02T04:42:47.826+0000] {processor.py:830} INFO - Processing file /home/airflow/.local/lib/python3.8/site-packages/airflow/example_dags/example_branch_python_dop_operator_3.py for tasks to queue
[2026-01-02T04:42:47.827+0000] {logging_mixin.py:188} INFO - [2026-01-02T04:42:47.827+0000] {dagbag.py:538} INFO - Filling up the DagBag from /home/airflow/.local/lib/python3.8/site-packages/airflow/example_dags/example_branch_python_dop_operator_3.py
[2026-01-02T04:42:47.830+0000] {processor.py:840} INFO - DAG(s) 'example_branch_dop_operator_v3' retrieved from /home/airflow/.local/lib/python3.8/site-packages/airflow/example_dags/example_branch_python_dop_operator_3.py
[2026-01-02T04:42:47.840+0000] {logging_mixin.py:188} INFO - [2026-01-02T04:42:47.840+0000] {dag.py:3033} INFO - Sync 1 DAGs
[2026-01-02T04:42:47.851+0000] {logging_mixin.py:188} INFO - [2026-01-02T04:42:47.851+0000] {dag.py:3820} INFO - Setting next_dagrun for example_branch_dop_operator_v3 to 2026-01-02T04:41:00+00:00, run_after=2026-01-02T04:42:00+00:00
[2026-01-02T04:42:47.860+0000] {processor.py:183} INFO - Processing /home/airflow/.local/lib/python3.8/site-packages/airflow/example_dags/example_branch_python_dop_operator_3.py took 0.036 seconds
[2026-01-02T04:43:18.041+0000] {processor.py:161} INFO - Started process (PID=578) to work on /home/airflow/.local/lib/python3.8/site-packages/airflow/example_dags/example_branch_python_dop_operator_3.py
[2026-01-02T04:43:18.042+0000] {processor.py:830} INFO - Processing file /home/airflow/.local/lib/python3.8/site-packages/airflow/example_dags/example_branch_python_dop_operator_3.py for tasks to queue
[2026-01-02T04:43:18.043+0000] {logging_mixin.py:188} INFO - [2026-01-02T04:43:18.043+0000] {dagbag.py:538} INFO - Filling up the DagBag from /home/airflow/.local/lib/python3.8/site-packages/airflow/example_dags/example_branch_python_dop_operator_3.py
[2026-01-02T04:43:18.046+0000] {processor.py:840} INFO - DAG(s) 'example_branch_dop_operator_v3' retrieved from /home/airflow/.local/lib/python3.8/site-packages/airflow/example_dags/example_branch_python_dop_operator_3.py
[2026-01-02T04:43:18.056+0000] {logging_mixin.py:188} INFO - [2026-01-02T04:43:18.056+0000] {dag.py:3033} INFO - Sync 1 DAGs
[2026-01-02T04:43:18.068+0000] {logging_mixin.py:188} INFO - [2026-01-02T04:43:18.068+0000] {dag.py:3820} INFO - Setting next_dagrun for example_branch_dop_operator_v3 to 2026-01-02T04:42:00+00:00, run_after=2026-01-02T04:43:00+00:00
[2026-01-02T04:43:18.078+0000] {processor.py:183} INFO - Processing /home/airflow/.local/lib/python3.8/site-packages/airflow/example_dags/example_branch_python_dop_operator_3.py took 0.038 seconds
[2026-01-02T04:43:48.267+0000] {processor.py:161} INFO - Started process (PID=633) to work on /home/airflow/.local/lib/python3.8/site-packages/airflow/example_dags/example_branch_python_dop_operator_3.py
[2026-01-02T04:43:48.268+0000] {processor.py:830} INFO - Processing file /home/airflow/.local/lib/python3.8/site-packages/airflow/example_dags/example_branch_python_dop_operator_3.py for tasks to queue
[2026-01-02T04:43:48.269+0000] {logging_mixin.py:188} INFO - [2026-01-02T04:43:48.269+0000] {dagbag.py:538} INFO - Filling up the DagBag from /home/airflow/.local/lib/python3.8/site-packages/airflow/example_dags/example_branch_python_dop_operator_3.py
[2026-01-02T04:43:48.273+0000] {processor.py:840} INFO - DAG(s) 'example_branch_dop_operator_v3' retrieved from /home/airflow/.local/lib/python3.8/site-packages/airflow/example_dags/example_branch_python_dop_operator_3.py
[2026-01-02T04:43:48.283+0000] {logging_mixin.py:188} INFO - [2026-01-02T04:43:48.283+0000] {dag.py:3033} INFO - Sync 1 DAGs
[2026-01-02T04:43:48.294+0000] {logging_mixin.py:188} INFO - [2026-01-02T04:43:48.294+0000] {dag.py:3820} INFO - Setting next_dagrun for example_branch_dop_operator_v3 to 2026-01-02T04:42:00+00:00, run_after=2026-01-02T04:43:00+00:00
[2026-01-02T04:43:48.308+0000] {processor.py:183} INFO - Processing /home/airflow/.local/lib/python3.8/site-packages/airflow/example_dags/example_branch_python_dop_operator_3.py took 0.042 seconds
[2026-01-02T04:44:18.538+0000] {processor.py:161} INFO - Started process (PID=695) to work on /home/airflow/.local/lib/python3.8/site-packages/airflow/example_dags/example_branch_python_dop_operator_3.py
[2026-01-02T04:44:18.539+0000] {processor.py:830} INFO - Processing file /home/airflow/.local/lib/python3.8/site-packages/airflow/example_dags/example_branch_python_dop_operator_3.py for tasks to queue
[2026-01-02T04:44:18.540+0000] {logging_mixin.py:188} INFO - [2026-01-02T04:44:18.539+0000] {dagbag.py:538} INFO - Filling up the DagBag from /home/airflow/.local/lib/python3.8/site-packages/airflow/example_dags/example_branch_python_dop_operator_3.py
[2026-01-02T04:44:18.544+0000] {processor.py:840} INFO - DAG(s) 'example_branch_dop_operator_v3' retrieved from /home/airflow/.local/lib/python3.8/site-packages/airflow/example_dags/example_branch_python_dop_operator_3.py
[2026-01-02T04:44:18.555+0000] {logging_mixin.py:188} INFO - [2026-01-02T04:44:18.555+0000] {dag.py:3033} INFO - Sync 1 DAGs
[2026-01-02T04:44:18.567+0000] {logging_mixin.py:188} INFO - [2026-01-02T04:44:18.567+0000] {dag.py:3820} INFO - Setting next_dagrun for example_branch_dop_operator_v3 to 2026-01-02T04:43:00+00:00, run_after=2026-01-02T04:44:00+00:00
[2026-01-02T04:44:18.576+0000] {processor.py:183} INFO - Processing /home/airflow/.local/lib/python3.8/site-packages/airflow/example_dags/example_branch_python_dop_operator_3.py took 0.039 seconds
[2026-01-02T04:44:48.802+0000] {processor.py:161} INFO - Started process (PID=757) to work on /home/airflow/.local/lib/python3.8/site-packages/airflow/example_dags/example_branch_python_dop_operator_3.py
[2026-01-02T04:44:48.802+0000] {processor.py:830} INFO - Processing file /home/airflow/.local/lib/python3.8/site-packages/airflow/example_dags/example_branch_python_dop_operator_3.py for tasks to queue
[2026-01-02T04:44:48.803+0000] {logging_mixin.py:188} INFO - [2026-01-02T04:44:48.803+0000] {dagbag.py:538} INFO - Filling up the DagBag from /home/airflow/.local/lib/python3.8/site-packages/airflow/example_dags/example_branch_python_dop_operator_3.py
[2026-01-02T04:44:48.807+0000] {processor.py:840} INFO - DAG(s) 'example_branch_dop_operator_v3' retrieved from /home/airflow/.local/lib/python3.8/site-packages/airflow/example_dags/example_branch_python_dop_operator_3.py
[2026-01-02T04:44:48.815+0000] {logging_mixin.py:188} INFO - [2026-01-02T04:44:48.815+0000] {dag.py:3033} INFO - Sync 1 DAGs
[2026-01-02T04:44:48.826+0000] {logging_mixin.py:188} INFO - [2026-01-02T04:44:48.826+0000] {dag.py:3820} INFO - Setting next_dagrun for example_branch_dop_operator_v3 to 2026-01-02T04:43:00+00:00, run_after=2026-01-02T04:44:00+00:00
[2026-01-02T04:44:48.835+0000] {processor.py:183} INFO - Processing /home/airflow/.local/lib/python3.8/site-packages/airflow/example_dags/example_branch_python_dop_operator_3.py took 0.035 seconds
[2026-01-02T04:45:19.146+0000] {processor.py:161} INFO - Started process (PID=812) to work on /home/airflow/.local/lib/python3.8/site-packages/airflow/example_dags/example_branch_python_dop_operator_3.py
[2026-01-02T04:45:19.147+0000] {processor.py:830} INFO - Processing file /home/airflow/.local/lib/python3.8/site-packages/airflow/example_dags/example_branch_python_dop_operator_3.py for tasks to queue
[2026-01-02T04:45:19.148+0000] {logging_mixin.py:188} INFO - [2026-01-02T04:45:19.147+0000] {dagbag.py:538} INFO - Filling up the DagBag from /home/airflow/.local/lib/python3.8/site-packages/airflow/example_dags/example_branch_python_dop_operator_3.py
[2026-01-02T04:45:19.151+0000] {processor.py:840} INFO - DAG(s) 'example_branch_dop_operator_v3' retrieved from /home/airflow/.local/lib/python3.8/site-packages/airflow/example_dags/example_branch_python_dop_operator_3.py
[2026-01-02T04:45:19.165+0000] {logging_mixin.py:188} INFO - [2026-01-02T04:45:19.165+0000] {dag.py:3033} INFO - Sync 1 DAGs
[2026-01-02T04:45:19.179+0000] {logging_mixin.py:188} INFO - [2026-01-02T04:45:19.179+0000] {dag.py:3820} INFO - Setting next_dagrun for example_branch_dop_operator_v3 to 2026-01-02T04:44:00+00:00, run_after=2026-01-02T04:45:00+00:00
[2026-01-02T04:45:19.191+0000] {processor.py:183} INFO - Processing /home/airflow/.local/lib/python3.8/site-packages/airflow/example_dags/example_branch_python_dop_operator_3.py took 0.047 seconds
[2026-01-02T04:45:49.482+0000] {processor.py:161} INFO - Started process (PID=867) to work on /home/airflow/.local/lib/python3.8/site-packages/airflow/example_dags/example_branch_python_dop_operator_3.py
[2026-01-02T04:45:49.483+0000] {processor.py:830} INFO - Processing file /home/airflow/.local/lib/python3.8/site-packages/airflow/example_dags/example_branch_python_dop_operator_3.py for tasks to queue
[2026-01-02T04:45:49.484+0000] {logging_mixin.py:188} INFO - [2026-01-02T04:45:49.483+0000] {dagbag.py:538} INFO - Filling up the DagBag from /home/airflow/.local/lib/python3.8/site-packages/airflow/example_dags/example_branch_python_dop_operator_3.py
[2026-01-02T04:45:49.487+0000] {processor.py:840} INFO - DAG(s) 'example_branch_dop_operator_v3' retrieved from /home/airflow/.local/lib/python3.8/site-packages/airflow/example_dags/example_branch_python_dop_operator_3.py
[2026-01-02T04:45:49.496+0000] {logging_mixin.py:188} INFO - [2026-01-02T04:45:49.496+0000] {dag.py:3033} INFO - Sync 1 DAGs
[2026-01-02T04:45:49.508+0000] {logging_mixin.py:188} INFO - [2026-01-02T04:45:49.508+0000] {dag.py:3820} INFO - Setting next_dagrun for example_branch_dop_operator_v3 to 2026-01-02T04:44:00+00:00, run_after=2026-01-02T04:45:00+00:00
[2026-01-02T04:45:49.518+0000] {processor.py:183} INFO - Processing /home/airflow/.local/lib/python3.8/site-packages/airflow/example_dags/example_branch_python_dop_operator_3.py took 0.037 seconds
[2026-01-02T04:46:19.762+0000] {processor.py:161} INFO - Started process (PID=922) to work on /home/airflow/.local/lib/python3.8/site-packages/airflow/example_dags/example_branch_python_dop_operator_3.py
[2026-01-02T04:46:19.763+0000] {processor.py:830} INFO - Processing file /home/airflow/.local/lib/python3.8/site-packages/airflow/example_dags/example_branch_python_dop_operator_3.py for tasks to queue
[2026-01-02T04:46:19.764+0000] {logging_mixin.py:188} INFO - [2026-01-02T04:46:19.763+0000] {dagbag.py:538} INFO - Filling up the DagBag from /home/airflow/.local/lib/python3.8/site-packages/airflow/example_dags/example_branch_python_dop_operator_3.py
[2026-01-02T04:46:19.767+0000] {processor.py:840} INFO - DAG(s) 'example_branch_dop_operator_v3' retrieved from /home/airflow/.local/lib/python3.8/site-packages/airflow/example_dags/example_branch_python_dop_operator_3.py
[2026-01-02T04:46:19.777+0000] {logging_mixin.py:188} INFO - [2026-01-02T04:46:19.777+0000] {dag.py:3033} INFO - Sync 1 DAGs
[2026-01-02T04:46:19.788+0000] {logging_mixin.py:188} INFO - [2026-01-02T04:46:19.788+0000] {dag.py:3820} INFO - Setting next_dagrun for example_branch_dop_operator_v3 to 2026-01-02T04:45:00+00:00, run_after=2026-01-02T04:46:00+00:00
[2026-01-02T04:46:19.797+0000] {processor.py:183} INFO - Processing /home/airflow/.local/lib/python3.8/site-packages/airflow/example_dags/example_branch_python_dop_operator_3.py took 0.036 seconds
[2026-01-02T04:46:50.087+0000] {processor.py:161} INFO - Started process (PID=977) to work on /home/airflow/.local/lib/python3.8/site-packages/airflow/example_dags/example_branch_python_dop_operator_3.py
[2026-01-02T04:46:50.087+0000] {processor.py:830} INFO - Processing file /home/airflow/.local/lib/python3.8/site-packages/airflow/example_dags/example_branch_python_dop_operator_3.py for tasks to queue
[2026-01-02T04:46:50.088+0000] {logging_mixin.py:188} INFO - [2026-01-02T04:46:50.088+0000] {dagbag.py:538} INFO - Filling up the DagBag from /home/airflow/.local/lib/python3.8/site-packages/airflow/example_dags/example_branch_python_dop_operator_3.py
[2026-01-02T04:46:50.093+0000] {processor.py:840} INFO - DAG(s) 'example_branch_dop_operator_v3' retrieved from /home/airflow/.local/lib/python3.8/site-packages/airflow/example_dags/example_branch_python_dop_operator_3.py
[2026-01-02T04:46:50.103+0000] {logging_mixin.py:188} INFO - [2026-01-02T04:46:50.103+0000] {dag.py:3033} INFO - Sync 1 DAGs
[2026-01-02T04:46:50.116+0000] {logging_mixin.py:188} INFO - [2026-01-02T04:46:50.116+0000] {dag.py:3820} INFO - Setting next_dagrun for example_branch_dop_operator_v3 to 2026-01-02T04:45:00+00:00, run_after=2026-01-02T04:46:00+00:00
[2026-01-02T04:46:50.125+0000] {processor.py:183} INFO - Processing /home/airflow/.local/lib/python3.8/site-packages/airflow/example_dags/example_branch_python_dop_operator_3.py took 0.040 seconds
[2026-01-02T04:47:20.330+0000] {processor.py:161} INFO - Started process (PID=1032) to work on /home/airflow/.local/lib/python3.8/site-packages/airflow/example_dags/example_branch_python_dop_operator_3.py
[2026-01-02T04:47:20.331+0000] {processor.py:830} INFO - Processing file /home/airflow/.local/lib/python3.8/site-packages/airflow/example_dags/example_branch_python_dop_operator_3.py for tasks to queue
[2026-01-02T04:47:20.332+0000] {logging_mixin.py:188} INFO - [2026-01-02T04:47:20.332+0000] {dagbag.py:538} INFO - Filling up the DagBag from /home/airflow/.local/lib/python3.8/site-packages/airflow/example_dags/example_branch_python_dop_operator_3.py
[2026-01-02T04:47:20.336+0000] {processor.py:840} INFO - DAG(s) 'example_branch_dop_operator_v3' retrieved from /home/airflow/.local/lib/python3.8/site-packages/airflow/example_dags/example_branch_python_dop_operator_3.py
[2026-01-02T04:47:20.347+0000] {logging_mixin.py:188} INFO - [2026-01-02T04:47:20.347+0000] {dag.py:3033} INFO - Sync 1 DAGs
[2026-01-02T04:47:20.360+0000] {logging_mixin.py:188} INFO - [2026-01-02T04:47:20.360+0000] {dag.py:3820} INFO - Setting next_dagrun for example_branch_dop_operator_v3 to 2026-01-02T04:46:00+00:00, run_after=2026-01-02T04:47:00+00:00
[2026-01-02T04:47:20.371+0000] {processor.py:183} INFO - Processing /home/airflow/.local/lib/python3.8/site-packages/airflow/example_dags/example_branch_python_dop_operator_3.py took 0.042 seconds
