[2026-01-02T04:28:03.578+0000] {processor.py:161} INFO - Started process (PID=48) to work on /home/airflow/.local/lib/python3.8/site-packages/airflow/example_dags/example_skip_dag.py
[2026-01-02T04:28:03.579+0000] {processor.py:830} INFO - Processing file /home/airflow/.local/lib/python3.8/site-packages/airflow/example_dags/example_skip_dag.py for tasks to queue
[2026-01-02T04:28:03.580+0000] {logging_mixin.py:188} INFO - [2026-01-02T04:28:03.580+0000] {dagbag.py:538} INFO - Filling up the DagBag from /home/airflow/.local/lib/python3.8/site-packages/airflow/example_dags/example_skip_dag.py
[2026-01-02T04:28:03.584+0000] {processor.py:840} INFO - DAG(s) 'example_skip_dag' retrieved from /home/airflow/.local/lib/python3.8/site-packages/airflow/example_dags/example_skip_dag.py
[2026-01-02T04:28:03.633+0000] {logging_mixin.py:188} INFO - [2026-01-02T04:28:03.633+0000] {override.py:1769} INFO - Created Permission View: can edit on DAG:example_skip_dag
[2026-01-02T04:28:03.640+0000] {logging_mixin.py:188} INFO - [2026-01-02T04:28:03.639+0000] {override.py:1769} INFO - Created Permission View: can delete on DAG:example_skip_dag
[2026-01-02T04:28:03.644+0000] {logging_mixin.py:188} INFO - [2026-01-02T04:28:03.644+0000] {override.py:1769} INFO - Created Permission View: can read on DAG:example_skip_dag
[2026-01-02T04:28:03.645+0000] {logging_mixin.py:188} INFO - [2026-01-02T04:28:03.645+0000] {dag.py:3033} INFO - Sync 1 DAGs
[2026-01-02T04:28:03.651+0000] {logging_mixin.py:188} INFO - [2026-01-02T04:28:03.651+0000] {dag.py:3055} INFO - Creating ORM DAG for example_skip_dag
[2026-01-02T04:28:03.656+0000] {logging_mixin.py:188} INFO - [2026-01-02T04:28:03.656+0000] {dag.py:3820} INFO - Setting next_dagrun for example_skip_dag to 2026-01-01T00:00:00+00:00, run_after=2026-01-02T00:00:00+00:00
[2026-01-02T04:28:03.667+0000] {processor.py:183} INFO - Processing /home/airflow/.local/lib/python3.8/site-packages/airflow/example_dags/example_skip_dag.py took 0.090 seconds
[2026-01-02T04:28:33.822+0000] {processor.py:161} INFO - Started process (PID=103) to work on /home/airflow/.local/lib/python3.8/site-packages/airflow/example_dags/example_skip_dag.py
[2026-01-02T04:28:33.823+0000] {processor.py:830} INFO - Processing file /home/airflow/.local/lib/python3.8/site-packages/airflow/example_dags/example_skip_dag.py for tasks to queue
[2026-01-02T04:28:33.824+0000] {logging_mixin.py:188} INFO - [2026-01-02T04:28:33.824+0000] {dagbag.py:538} INFO - Filling up the DagBag from /home/airflow/.local/lib/python3.8/site-packages/airflow/example_dags/example_skip_dag.py
[2026-01-02T04:28:33.827+0000] {processor.py:840} INFO - DAG(s) 'example_skip_dag' retrieved from /home/airflow/.local/lib/python3.8/site-packages/airflow/example_dags/example_skip_dag.py
[2026-01-02T04:28:33.839+0000] {logging_mixin.py:188} INFO - [2026-01-02T04:28:33.839+0000] {dag.py:3033} INFO - Sync 1 DAGs
[2026-01-02T04:28:33.849+0000] {logging_mixin.py:188} INFO - [2026-01-02T04:28:33.849+0000] {dag.py:3820} INFO - Setting next_dagrun for example_skip_dag to 2026-01-01T00:00:00+00:00, run_after=2026-01-02T00:00:00+00:00
[2026-01-02T04:28:33.860+0000] {processor.py:183} INFO - Processing /home/airflow/.local/lib/python3.8/site-packages/airflow/example_dags/example_skip_dag.py took 0.039 seconds
[2026-01-02T04:29:59.610+0000] {processor.py:161} INFO - Started process (PID=40) to work on /home/airflow/.local/lib/python3.8/site-packages/airflow/example_dags/example_skip_dag.py
[2026-01-02T04:29:59.611+0000] {processor.py:830} INFO - Processing file /home/airflow/.local/lib/python3.8/site-packages/airflow/example_dags/example_skip_dag.py for tasks to queue
[2026-01-02T04:29:59.611+0000] {logging_mixin.py:188} INFO - [2026-01-02T04:29:59.611+0000] {dagbag.py:538} INFO - Filling up the DagBag from /home/airflow/.local/lib/python3.8/site-packages/airflow/example_dags/example_skip_dag.py
[2026-01-02T04:29:59.615+0000] {processor.py:840} INFO - DAG(s) 'example_skip_dag' retrieved from /home/airflow/.local/lib/python3.8/site-packages/airflow/example_dags/example_skip_dag.py
[2026-01-02T04:29:59.624+0000] {logging_mixin.py:188} INFO - [2026-01-02T04:29:59.624+0000] {dag.py:3033} INFO - Sync 1 DAGs
[2026-01-02T04:29:59.637+0000] {logging_mixin.py:188} INFO - [2026-01-02T04:29:59.637+0000] {dag.py:3820} INFO - Setting next_dagrun for example_skip_dag to 2026-01-01T00:00:00+00:00, run_after=2026-01-02T00:00:00+00:00
[2026-01-02T04:29:59.650+0000] {processor.py:183} INFO - Processing /home/airflow/.local/lib/python3.8/site-packages/airflow/example_dags/example_skip_dag.py took 0.041 seconds
[2026-01-02T04:30:30.154+0000] {processor.py:161} INFO - Started process (PID=101) to work on /home/airflow/.local/lib/python3.8/site-packages/airflow/example_dags/example_skip_dag.py
[2026-01-02T04:30:30.155+0000] {processor.py:830} INFO - Processing file /home/airflow/.local/lib/python3.8/site-packages/airflow/example_dags/example_skip_dag.py for tasks to queue
[2026-01-02T04:30:30.156+0000] {logging_mixin.py:188} INFO - [2026-01-02T04:30:30.156+0000] {dagbag.py:538} INFO - Filling up the DagBag from /home/airflow/.local/lib/python3.8/site-packages/airflow/example_dags/example_skip_dag.py
[2026-01-02T04:30:30.159+0000] {processor.py:840} INFO - DAG(s) 'example_skip_dag' retrieved from /home/airflow/.local/lib/python3.8/site-packages/airflow/example_dags/example_skip_dag.py
[2026-01-02T04:30:30.209+0000] {logging_mixin.py:188} INFO - [2026-01-02T04:30:30.209+0000] {dag.py:3033} INFO - Sync 1 DAGs
[2026-01-02T04:30:30.218+0000] {logging_mixin.py:188} INFO - [2026-01-02T04:30:30.218+0000] {dag.py:3820} INFO - Setting next_dagrun for example_skip_dag to 2026-01-01T00:00:00+00:00, run_after=2026-01-02T00:00:00+00:00
[2026-01-02T04:30:30.229+0000] {processor.py:183} INFO - Processing /home/airflow/.local/lib/python3.8/site-packages/airflow/example_dags/example_skip_dag.py took 0.076 seconds
[2026-01-02T04:31:00.532+0000] {processor.py:161} INFO - Started process (PID=156) to work on /home/airflow/.local/lib/python3.8/site-packages/airflow/example_dags/example_skip_dag.py
[2026-01-02T04:31:00.533+0000] {processor.py:830} INFO - Processing file /home/airflow/.local/lib/python3.8/site-packages/airflow/example_dags/example_skip_dag.py for tasks to queue
[2026-01-02T04:31:00.533+0000] {logging_mixin.py:188} INFO - [2026-01-02T04:31:00.533+0000] {dagbag.py:538} INFO - Filling up the DagBag from /home/airflow/.local/lib/python3.8/site-packages/airflow/example_dags/example_skip_dag.py
[2026-01-02T04:31:00.536+0000] {processor.py:840} INFO - DAG(s) 'example_skip_dag' retrieved from /home/airflow/.local/lib/python3.8/site-packages/airflow/example_dags/example_skip_dag.py
[2026-01-02T04:31:00.547+0000] {logging_mixin.py:188} INFO - [2026-01-02T04:31:00.547+0000] {dag.py:3033} INFO - Sync 1 DAGs
[2026-01-02T04:31:00.559+0000] {logging_mixin.py:188} INFO - [2026-01-02T04:31:00.559+0000] {dag.py:3820} INFO - Setting next_dagrun for example_skip_dag to 2026-01-01T00:00:00+00:00, run_after=2026-01-02T00:00:00+00:00
[2026-01-02T04:31:00.572+0000] {processor.py:183} INFO - Processing /home/airflow/.local/lib/python3.8/site-packages/airflow/example_dags/example_skip_dag.py took 0.041 seconds
[2026-01-02T04:31:31.087+0000] {processor.py:161} INFO - Started process (PID=211) to work on /home/airflow/.local/lib/python3.8/site-packages/airflow/example_dags/example_skip_dag.py
[2026-01-02T04:31:31.087+0000] {processor.py:830} INFO - Processing file /home/airflow/.local/lib/python3.8/site-packages/airflow/example_dags/example_skip_dag.py for tasks to queue
[2026-01-02T04:31:31.088+0000] {logging_mixin.py:188} INFO - [2026-01-02T04:31:31.088+0000] {dagbag.py:538} INFO - Filling up the DagBag from /home/airflow/.local/lib/python3.8/site-packages/airflow/example_dags/example_skip_dag.py
[2026-01-02T04:31:31.092+0000] {processor.py:840} INFO - DAG(s) 'example_skip_dag' retrieved from /home/airflow/.local/lib/python3.8/site-packages/airflow/example_dags/example_skip_dag.py
[2026-01-02T04:31:31.105+0000] {logging_mixin.py:188} INFO - [2026-01-02T04:31:31.105+0000] {dag.py:3033} INFO - Sync 1 DAGs
[2026-01-02T04:31:31.117+0000] {logging_mixin.py:188} INFO - [2026-01-02T04:31:31.117+0000] {dag.py:3820} INFO - Setting next_dagrun for example_skip_dag to 2026-01-01T00:00:00+00:00, run_after=2026-01-02T00:00:00+00:00
[2026-01-02T04:31:31.129+0000] {processor.py:183} INFO - Processing /home/airflow/.local/lib/python3.8/site-packages/airflow/example_dags/example_skip_dag.py took 0.044 seconds
[2026-01-02T04:32:01.496+0000] {processor.py:161} INFO - Started process (PID=266) to work on /home/airflow/.local/lib/python3.8/site-packages/airflow/example_dags/example_skip_dag.py
[2026-01-02T04:32:01.497+0000] {processor.py:830} INFO - Processing file /home/airflow/.local/lib/python3.8/site-packages/airflow/example_dags/example_skip_dag.py for tasks to queue
[2026-01-02T04:32:01.498+0000] {logging_mixin.py:188} INFO - [2026-01-02T04:32:01.498+0000] {dagbag.py:538} INFO - Filling up the DagBag from /home/airflow/.local/lib/python3.8/site-packages/airflow/example_dags/example_skip_dag.py
[2026-01-02T04:32:01.501+0000] {processor.py:840} INFO - DAG(s) 'example_skip_dag' retrieved from /home/airflow/.local/lib/python3.8/site-packages/airflow/example_dags/example_skip_dag.py
[2026-01-02T04:32:01.512+0000] {logging_mixin.py:188} INFO - [2026-01-02T04:32:01.512+0000] {dag.py:3033} INFO - Sync 1 DAGs
[2026-01-02T04:32:01.523+0000] {logging_mixin.py:188} INFO - [2026-01-02T04:32:01.523+0000] {dag.py:3820} INFO - Setting next_dagrun for example_skip_dag to 2026-01-01T00:00:00+00:00, run_after=2026-01-02T00:00:00+00:00
[2026-01-02T04:32:01.536+0000] {processor.py:183} INFO - Processing /home/airflow/.local/lib/python3.8/site-packages/airflow/example_dags/example_skip_dag.py took 0.041 seconds
[2026-01-02T04:32:31.837+0000] {processor.py:161} INFO - Started process (PID=321) to work on /home/airflow/.local/lib/python3.8/site-packages/airflow/example_dags/example_skip_dag.py
[2026-01-02T04:32:31.838+0000] {processor.py:830} INFO - Processing file /home/airflow/.local/lib/python3.8/site-packages/airflow/example_dags/example_skip_dag.py for tasks to queue
[2026-01-02T04:32:31.838+0000] {logging_mixin.py:188} INFO - [2026-01-02T04:32:31.838+0000] {dagbag.py:538} INFO - Filling up the DagBag from /home/airflow/.local/lib/python3.8/site-packages/airflow/example_dags/example_skip_dag.py
[2026-01-02T04:32:31.842+0000] {processor.py:840} INFO - DAG(s) 'example_skip_dag' retrieved from /home/airflow/.local/lib/python3.8/site-packages/airflow/example_dags/example_skip_dag.py
[2026-01-02T04:32:31.851+0000] {logging_mixin.py:188} INFO - [2026-01-02T04:32:31.851+0000] {dag.py:3033} INFO - Sync 1 DAGs
[2026-01-02T04:32:31.861+0000] {logging_mixin.py:188} INFO - [2026-01-02T04:32:31.861+0000] {dag.py:3820} INFO - Setting next_dagrun for example_skip_dag to 2026-01-01T00:00:00+00:00, run_after=2026-01-02T00:00:00+00:00
[2026-01-02T04:32:31.872+0000] {processor.py:183} INFO - Processing /home/airflow/.local/lib/python3.8/site-packages/airflow/example_dags/example_skip_dag.py took 0.036 seconds
[2026-01-02T04:33:02.151+0000] {processor.py:161} INFO - Started process (PID=376) to work on /home/airflow/.local/lib/python3.8/site-packages/airflow/example_dags/example_skip_dag.py
[2026-01-02T04:33:02.151+0000] {processor.py:830} INFO - Processing file /home/airflow/.local/lib/python3.8/site-packages/airflow/example_dags/example_skip_dag.py for tasks to queue
[2026-01-02T04:33:02.152+0000] {logging_mixin.py:188} INFO - [2026-01-02T04:33:02.152+0000] {dagbag.py:538} INFO - Filling up the DagBag from /home/airflow/.local/lib/python3.8/site-packages/airflow/example_dags/example_skip_dag.py
[2026-01-02T04:33:02.157+0000] {processor.py:840} INFO - DAG(s) 'example_skip_dag' retrieved from /home/airflow/.local/lib/python3.8/site-packages/airflow/example_dags/example_skip_dag.py
[2026-01-02T04:33:02.169+0000] {logging_mixin.py:188} INFO - [2026-01-02T04:33:02.169+0000] {dag.py:3033} INFO - Sync 1 DAGs
[2026-01-02T04:33:02.180+0000] {logging_mixin.py:188} INFO - [2026-01-02T04:33:02.180+0000] {dag.py:3820} INFO - Setting next_dagrun for example_skip_dag to 2026-01-01T00:00:00+00:00, run_after=2026-01-02T00:00:00+00:00
[2026-01-02T04:33:02.192+0000] {processor.py:183} INFO - Processing /home/airflow/.local/lib/python3.8/site-packages/airflow/example_dags/example_skip_dag.py took 0.042 seconds
[2026-01-02T04:33:32.459+0000] {processor.py:161} INFO - Started process (PID=431) to work on /home/airflow/.local/lib/python3.8/site-packages/airflow/example_dags/example_skip_dag.py
[2026-01-02T04:33:32.459+0000] {processor.py:830} INFO - Processing file /home/airflow/.local/lib/python3.8/site-packages/airflow/example_dags/example_skip_dag.py for tasks to queue
[2026-01-02T04:33:32.460+0000] {logging_mixin.py:188} INFO - [2026-01-02T04:33:32.460+0000] {dagbag.py:538} INFO - Filling up the DagBag from /home/airflow/.local/lib/python3.8/site-packages/airflow/example_dags/example_skip_dag.py
[2026-01-02T04:33:32.463+0000] {processor.py:840} INFO - DAG(s) 'example_skip_dag' retrieved from /home/airflow/.local/lib/python3.8/site-packages/airflow/example_dags/example_skip_dag.py
[2026-01-02T04:33:32.473+0000] {logging_mixin.py:188} INFO - [2026-01-02T04:33:32.472+0000] {dag.py:3033} INFO - Sync 1 DAGs
[2026-01-02T04:33:32.483+0000] {logging_mixin.py:188} INFO - [2026-01-02T04:33:32.483+0000] {dag.py:3820} INFO - Setting next_dagrun for example_skip_dag to 2026-01-01T00:00:00+00:00, run_after=2026-01-02T00:00:00+00:00
[2026-01-02T04:33:32.493+0000] {processor.py:183} INFO - Processing /home/airflow/.local/lib/python3.8/site-packages/airflow/example_dags/example_skip_dag.py took 0.036 seconds
[2026-01-02T04:34:02.716+0000] {processor.py:161} INFO - Started process (PID=486) to work on /home/airflow/.local/lib/python3.8/site-packages/airflow/example_dags/example_skip_dag.py
[2026-01-02T04:34:02.716+0000] {processor.py:830} INFO - Processing file /home/airflow/.local/lib/python3.8/site-packages/airflow/example_dags/example_skip_dag.py for tasks to queue
[2026-01-02T04:34:02.717+0000] {logging_mixin.py:188} INFO - [2026-01-02T04:34:02.717+0000] {dagbag.py:538} INFO - Filling up the DagBag from /home/airflow/.local/lib/python3.8/site-packages/airflow/example_dags/example_skip_dag.py
[2026-01-02T04:34:02.721+0000] {processor.py:840} INFO - DAG(s) 'example_skip_dag' retrieved from /home/airflow/.local/lib/python3.8/site-packages/airflow/example_dags/example_skip_dag.py
[2026-01-02T04:34:02.733+0000] {logging_mixin.py:188} INFO - [2026-01-02T04:34:02.733+0000] {dag.py:3033} INFO - Sync 1 DAGs
[2026-01-02T04:34:02.744+0000] {logging_mixin.py:188} INFO - [2026-01-02T04:34:02.744+0000] {dag.py:3820} INFO - Setting next_dagrun for example_skip_dag to 2026-01-01T00:00:00+00:00, run_after=2026-01-02T00:00:00+00:00
[2026-01-02T04:34:02.755+0000] {processor.py:183} INFO - Processing /home/airflow/.local/lib/python3.8/site-packages/airflow/example_dags/example_skip_dag.py took 0.041 seconds
[2026-01-02T04:34:33.034+0000] {processor.py:161} INFO - Started process (PID=541) to work on /home/airflow/.local/lib/python3.8/site-packages/airflow/example_dags/example_skip_dag.py
[2026-01-02T04:34:33.035+0000] {processor.py:830} INFO - Processing file /home/airflow/.local/lib/python3.8/site-packages/airflow/example_dags/example_skip_dag.py for tasks to queue
[2026-01-02T04:34:33.036+0000] {logging_mixin.py:188} INFO - [2026-01-02T04:34:33.036+0000] {dagbag.py:538} INFO - Filling up the DagBag from /home/airflow/.local/lib/python3.8/site-packages/airflow/example_dags/example_skip_dag.py
[2026-01-02T04:34:33.040+0000] {processor.py:840} INFO - DAG(s) 'example_skip_dag' retrieved from /home/airflow/.local/lib/python3.8/site-packages/airflow/example_dags/example_skip_dag.py
[2026-01-02T04:34:33.050+0000] {logging_mixin.py:188} INFO - [2026-01-02T04:34:33.050+0000] {dag.py:3033} INFO - Sync 1 DAGs
[2026-01-02T04:34:33.060+0000] {logging_mixin.py:188} INFO - [2026-01-02T04:34:33.060+0000] {dag.py:3820} INFO - Setting next_dagrun for example_skip_dag to 2026-01-01T00:00:00+00:00, run_after=2026-01-02T00:00:00+00:00
[2026-01-02T04:34:33.077+0000] {processor.py:183} INFO - Processing /home/airflow/.local/lib/python3.8/site-packages/airflow/example_dags/example_skip_dag.py took 0.044 seconds
[2026-01-02T04:35:03.387+0000] {processor.py:161} INFO - Started process (PID=596) to work on /home/airflow/.local/lib/python3.8/site-packages/airflow/example_dags/example_skip_dag.py
[2026-01-02T04:35:03.388+0000] {processor.py:830} INFO - Processing file /home/airflow/.local/lib/python3.8/site-packages/airflow/example_dags/example_skip_dag.py for tasks to queue
[2026-01-02T04:35:03.389+0000] {logging_mixin.py:188} INFO - [2026-01-02T04:35:03.389+0000] {dagbag.py:538} INFO - Filling up the DagBag from /home/airflow/.local/lib/python3.8/site-packages/airflow/example_dags/example_skip_dag.py
[2026-01-02T04:35:03.391+0000] {processor.py:840} INFO - DAG(s) 'example_skip_dag' retrieved from /home/airflow/.local/lib/python3.8/site-packages/airflow/example_dags/example_skip_dag.py
[2026-01-02T04:35:03.400+0000] {logging_mixin.py:188} INFO - [2026-01-02T04:35:03.400+0000] {dag.py:3033} INFO - Sync 1 DAGs
[2026-01-02T04:35:03.410+0000] {logging_mixin.py:188} INFO - [2026-01-02T04:35:03.410+0000] {dag.py:3820} INFO - Setting next_dagrun for example_skip_dag to 2026-01-01T00:00:00+00:00, run_after=2026-01-02T00:00:00+00:00
[2026-01-02T04:35:03.422+0000] {processor.py:183} INFO - Processing /home/airflow/.local/lib/python3.8/site-packages/airflow/example_dags/example_skip_dag.py took 0.036 seconds
[2026-01-02T04:35:33.708+0000] {processor.py:161} INFO - Started process (PID=651) to work on /home/airflow/.local/lib/python3.8/site-packages/airflow/example_dags/example_skip_dag.py
[2026-01-02T04:35:33.709+0000] {processor.py:830} INFO - Processing file /home/airflow/.local/lib/python3.8/site-packages/airflow/example_dags/example_skip_dag.py for tasks to queue
[2026-01-02T04:35:33.710+0000] {logging_mixin.py:188} INFO - [2026-01-02T04:35:33.709+0000] {dagbag.py:538} INFO - Filling up the DagBag from /home/airflow/.local/lib/python3.8/site-packages/airflow/example_dags/example_skip_dag.py
[2026-01-02T04:35:33.712+0000] {processor.py:840} INFO - DAG(s) 'example_skip_dag' retrieved from /home/airflow/.local/lib/python3.8/site-packages/airflow/example_dags/example_skip_dag.py
[2026-01-02T04:35:33.723+0000] {logging_mixin.py:188} INFO - [2026-01-02T04:35:33.723+0000] {dag.py:3033} INFO - Sync 1 DAGs
[2026-01-02T04:35:33.734+0000] {logging_mixin.py:188} INFO - [2026-01-02T04:35:33.734+0000] {dag.py:3820} INFO - Setting next_dagrun for example_skip_dag to 2026-01-01T00:00:00+00:00, run_after=2026-01-02T00:00:00+00:00
[2026-01-02T04:35:33.745+0000] {processor.py:183} INFO - Processing /home/airflow/.local/lib/python3.8/site-packages/airflow/example_dags/example_skip_dag.py took 0.038 seconds
[2026-01-02T04:36:03.963+0000] {processor.py:161} INFO - Started process (PID=706) to work on /home/airflow/.local/lib/python3.8/site-packages/airflow/example_dags/example_skip_dag.py
[2026-01-02T04:36:03.963+0000] {processor.py:830} INFO - Processing file /home/airflow/.local/lib/python3.8/site-packages/airflow/example_dags/example_skip_dag.py for tasks to queue
[2026-01-02T04:36:03.964+0000] {logging_mixin.py:188} INFO - [2026-01-02T04:36:03.964+0000] {dagbag.py:538} INFO - Filling up the DagBag from /home/airflow/.local/lib/python3.8/site-packages/airflow/example_dags/example_skip_dag.py
[2026-01-02T04:36:03.967+0000] {processor.py:840} INFO - DAG(s) 'example_skip_dag' retrieved from /home/airflow/.local/lib/python3.8/site-packages/airflow/example_dags/example_skip_dag.py
[2026-01-02T04:36:03.979+0000] {logging_mixin.py:188} INFO - [2026-01-02T04:36:03.979+0000] {dag.py:3033} INFO - Sync 1 DAGs
[2026-01-02T04:36:03.990+0000] {logging_mixin.py:188} INFO - [2026-01-02T04:36:03.990+0000] {dag.py:3820} INFO - Setting next_dagrun for example_skip_dag to 2026-01-01T00:00:00+00:00, run_after=2026-01-02T00:00:00+00:00
[2026-01-02T04:36:04.002+0000] {processor.py:183} INFO - Processing /home/airflow/.local/lib/python3.8/site-packages/airflow/example_dags/example_skip_dag.py took 0.040 seconds
[2026-01-02T04:38:44.597+0000] {processor.py:161} INFO - Started process (PID=48) to work on /home/airflow/.local/lib/python3.8/site-packages/airflow/example_dags/example_skip_dag.py
[2026-01-02T04:38:44.598+0000] {processor.py:830} INFO - Processing file /home/airflow/.local/lib/python3.8/site-packages/airflow/example_dags/example_skip_dag.py for tasks to queue
[2026-01-02T04:38:44.599+0000] {logging_mixin.py:188} INFO - [2026-01-02T04:38:44.599+0000] {dagbag.py:538} INFO - Filling up the DagBag from /home/airflow/.local/lib/python3.8/site-packages/airflow/example_dags/example_skip_dag.py
[2026-01-02T04:38:44.603+0000] {processor.py:840} INFO - DAG(s) 'example_skip_dag' retrieved from /home/airflow/.local/lib/python3.8/site-packages/airflow/example_dags/example_skip_dag.py
[2026-01-02T04:38:44.610+0000] {logging_mixin.py:188} INFO - [2026-01-02T04:38:44.610+0000] {dag.py:3033} INFO - Sync 1 DAGs
[2026-01-02T04:38:44.622+0000] {logging_mixin.py:188} INFO - [2026-01-02T04:38:44.622+0000] {dag.py:3820} INFO - Setting next_dagrun for example_skip_dag to 2026-01-01T00:00:00+00:00, run_after=2026-01-02T00:00:00+00:00
[2026-01-02T04:38:44.633+0000] {processor.py:183} INFO - Processing /home/airflow/.local/lib/python3.8/site-packages/airflow/example_dags/example_skip_dag.py took 0.037 seconds
[2026-01-02T04:39:14.927+0000] {processor.py:161} INFO - Started process (PID=103) to work on /home/airflow/.local/lib/python3.8/site-packages/airflow/example_dags/example_skip_dag.py
[2026-01-02T04:39:14.927+0000] {processor.py:830} INFO - Processing file /home/airflow/.local/lib/python3.8/site-packages/airflow/example_dags/example_skip_dag.py for tasks to queue
[2026-01-02T04:39:14.928+0000] {logging_mixin.py:188} INFO - [2026-01-02T04:39:14.928+0000] {dagbag.py:538} INFO - Filling up the DagBag from /home/airflow/.local/lib/python3.8/site-packages/airflow/example_dags/example_skip_dag.py
[2026-01-02T04:39:14.931+0000] {processor.py:840} INFO - DAG(s) 'example_skip_dag' retrieved from /home/airflow/.local/lib/python3.8/site-packages/airflow/example_dags/example_skip_dag.py
[2026-01-02T04:39:14.973+0000] {logging_mixin.py:188} INFO - [2026-01-02T04:39:14.973+0000] {dag.py:3033} INFO - Sync 1 DAGs
[2026-01-02T04:39:14.982+0000] {logging_mixin.py:188} INFO - [2026-01-02T04:39:14.982+0000] {dag.py:3820} INFO - Setting next_dagrun for example_skip_dag to 2026-01-01T00:00:00+00:00, run_after=2026-01-02T00:00:00+00:00
[2026-01-02T04:39:14.992+0000] {processor.py:183} INFO - Processing /home/airflow/.local/lib/python3.8/site-packages/airflow/example_dags/example_skip_dag.py took 0.067 seconds
[2026-01-02T04:39:45.008+0000] {processor.py:161} INFO - Started process (PID=158) to work on /home/airflow/.local/lib/python3.8/site-packages/airflow/example_dags/example_skip_dag.py
[2026-01-02T04:39:45.008+0000] {processor.py:830} INFO - Processing file /home/airflow/.local/lib/python3.8/site-packages/airflow/example_dags/example_skip_dag.py for tasks to queue
[2026-01-02T04:39:45.009+0000] {logging_mixin.py:188} INFO - [2026-01-02T04:39:45.009+0000] {dagbag.py:538} INFO - Filling up the DagBag from /home/airflow/.local/lib/python3.8/site-packages/airflow/example_dags/example_skip_dag.py
[2026-01-02T04:39:45.012+0000] {processor.py:840} INFO - DAG(s) 'example_skip_dag' retrieved from /home/airflow/.local/lib/python3.8/site-packages/airflow/example_dags/example_skip_dag.py
[2026-01-02T04:39:45.021+0000] {logging_mixin.py:188} INFO - [2026-01-02T04:39:45.021+0000] {dag.py:3033} INFO - Sync 1 DAGs
[2026-01-02T04:39:45.030+0000] {logging_mixin.py:188} INFO - [2026-01-02T04:39:45.030+0000] {dag.py:3820} INFO - Setting next_dagrun for example_skip_dag to 2026-01-01T00:00:00+00:00, run_after=2026-01-02T00:00:00+00:00
[2026-01-02T04:39:45.039+0000] {processor.py:183} INFO - Processing /home/airflow/.local/lib/python3.8/site-packages/airflow/example_dags/example_skip_dag.py took 0.033 seconds
[2026-01-02T04:40:15.133+0000] {processor.py:161} INFO - Started process (PID=213) to work on /home/airflow/.local/lib/python3.8/site-packages/airflow/example_dags/example_skip_dag.py
[2026-01-02T04:40:15.133+0000] {processor.py:830} INFO - Processing file /home/airflow/.local/lib/python3.8/site-packages/airflow/example_dags/example_skip_dag.py for tasks to queue
[2026-01-02T04:40:15.134+0000] {logging_mixin.py:188} INFO - [2026-01-02T04:40:15.134+0000] {dagbag.py:538} INFO - Filling up the DagBag from /home/airflow/.local/lib/python3.8/site-packages/airflow/example_dags/example_skip_dag.py
[2026-01-02T04:40:15.137+0000] {processor.py:840} INFO - DAG(s) 'example_skip_dag' retrieved from /home/airflow/.local/lib/python3.8/site-packages/airflow/example_dags/example_skip_dag.py
[2026-01-02T04:40:15.146+0000] {logging_mixin.py:188} INFO - [2026-01-02T04:40:15.146+0000] {dag.py:3033} INFO - Sync 1 DAGs
[2026-01-02T04:40:15.155+0000] {logging_mixin.py:188} INFO - [2026-01-02T04:40:15.155+0000] {dag.py:3820} INFO - Setting next_dagrun for example_skip_dag to 2026-01-01T00:00:00+00:00, run_after=2026-01-02T00:00:00+00:00
[2026-01-02T04:40:15.164+0000] {processor.py:183} INFO - Processing /home/airflow/.local/lib/python3.8/site-packages/airflow/example_dags/example_skip_dag.py took 0.033 seconds
[2026-01-02T04:40:45.340+0000] {processor.py:161} INFO - Started process (PID=268) to work on /home/airflow/.local/lib/python3.8/site-packages/airflow/example_dags/example_skip_dag.py
[2026-01-02T04:40:45.340+0000] {processor.py:830} INFO - Processing file /home/airflow/.local/lib/python3.8/site-packages/airflow/example_dags/example_skip_dag.py for tasks to queue
[2026-01-02T04:40:45.341+0000] {logging_mixin.py:188} INFO - [2026-01-02T04:40:45.341+0000] {dagbag.py:538} INFO - Filling up the DagBag from /home/airflow/.local/lib/python3.8/site-packages/airflow/example_dags/example_skip_dag.py
[2026-01-02T04:40:45.344+0000] {processor.py:840} INFO - DAG(s) 'example_skip_dag' retrieved from /home/airflow/.local/lib/python3.8/site-packages/airflow/example_dags/example_skip_dag.py
[2026-01-02T04:40:45.354+0000] {logging_mixin.py:188} INFO - [2026-01-02T04:40:45.354+0000] {dag.py:3033} INFO - Sync 1 DAGs
[2026-01-02T04:40:45.363+0000] {logging_mixin.py:188} INFO - [2026-01-02T04:40:45.363+0000] {dag.py:3820} INFO - Setting next_dagrun for example_skip_dag to 2026-01-01T00:00:00+00:00, run_after=2026-01-02T00:00:00+00:00
[2026-01-02T04:40:45.372+0000] {processor.py:183} INFO - Processing /home/airflow/.local/lib/python3.8/site-packages/airflow/example_dags/example_skip_dag.py took 0.033 seconds
[2026-01-02T04:41:15.491+0000] {processor.py:161} INFO - Started process (PID=323) to work on /home/airflow/.local/lib/python3.8/site-packages/airflow/example_dags/example_skip_dag.py
[2026-01-02T04:41:15.492+0000] {processor.py:830} INFO - Processing file /home/airflow/.local/lib/python3.8/site-packages/airflow/example_dags/example_skip_dag.py for tasks to queue
[2026-01-02T04:41:15.492+0000] {logging_mixin.py:188} INFO - [2026-01-02T04:41:15.492+0000] {dagbag.py:538} INFO - Filling up the DagBag from /home/airflow/.local/lib/python3.8/site-packages/airflow/example_dags/example_skip_dag.py
[2026-01-02T04:41:15.495+0000] {processor.py:840} INFO - DAG(s) 'example_skip_dag' retrieved from /home/airflow/.local/lib/python3.8/site-packages/airflow/example_dags/example_skip_dag.py
[2026-01-02T04:41:15.505+0000] {logging_mixin.py:188} INFO - [2026-01-02T04:41:15.504+0000] {dag.py:3033} INFO - Sync 1 DAGs
[2026-01-02T04:41:15.514+0000] {logging_mixin.py:188} INFO - [2026-01-02T04:41:15.514+0000] {dag.py:3820} INFO - Setting next_dagrun for example_skip_dag to 2026-01-01T00:00:00+00:00, run_after=2026-01-02T00:00:00+00:00
[2026-01-02T04:41:15.524+0000] {processor.py:183} INFO - Processing /home/airflow/.local/lib/python3.8/site-packages/airflow/example_dags/example_skip_dag.py took 0.034 seconds
[2026-01-02T04:41:45.740+0000] {processor.py:161} INFO - Started process (PID=378) to work on /home/airflow/.local/lib/python3.8/site-packages/airflow/example_dags/example_skip_dag.py
[2026-01-02T04:41:45.740+0000] {processor.py:830} INFO - Processing file /home/airflow/.local/lib/python3.8/site-packages/airflow/example_dags/example_skip_dag.py for tasks to queue
[2026-01-02T04:41:45.741+0000] {logging_mixin.py:188} INFO - [2026-01-02T04:41:45.741+0000] {dagbag.py:538} INFO - Filling up the DagBag from /home/airflow/.local/lib/python3.8/site-packages/airflow/example_dags/example_skip_dag.py
[2026-01-02T04:41:45.744+0000] {processor.py:840} INFO - DAG(s) 'example_skip_dag' retrieved from /home/airflow/.local/lib/python3.8/site-packages/airflow/example_dags/example_skip_dag.py
[2026-01-02T04:41:45.754+0000] {logging_mixin.py:188} INFO - [2026-01-02T04:41:45.754+0000] {dag.py:3033} INFO - Sync 1 DAGs
[2026-01-02T04:41:45.763+0000] {logging_mixin.py:188} INFO - [2026-01-02T04:41:45.763+0000] {dag.py:3820} INFO - Setting next_dagrun for example_skip_dag to 2026-01-01T00:00:00+00:00, run_after=2026-01-02T00:00:00+00:00
[2026-01-02T04:41:45.773+0000] {processor.py:183} INFO - Processing /home/airflow/.local/lib/python3.8/site-packages/airflow/example_dags/example_skip_dag.py took 0.034 seconds
[2026-01-02T04:42:15.880+0000] {processor.py:161} INFO - Started process (PID=433) to work on /home/airflow/.local/lib/python3.8/site-packages/airflow/example_dags/example_skip_dag.py
[2026-01-02T04:42:15.880+0000] {processor.py:830} INFO - Processing file /home/airflow/.local/lib/python3.8/site-packages/airflow/example_dags/example_skip_dag.py for tasks to queue
[2026-01-02T04:42:15.881+0000] {logging_mixin.py:188} INFO - [2026-01-02T04:42:15.881+0000] {dagbag.py:538} INFO - Filling up the DagBag from /home/airflow/.local/lib/python3.8/site-packages/airflow/example_dags/example_skip_dag.py
[2026-01-02T04:42:15.884+0000] {processor.py:840} INFO - DAG(s) 'example_skip_dag' retrieved from /home/airflow/.local/lib/python3.8/site-packages/airflow/example_dags/example_skip_dag.py
[2026-01-02T04:42:15.893+0000] {logging_mixin.py:188} INFO - [2026-01-02T04:42:15.893+0000] {dag.py:3033} INFO - Sync 1 DAGs
[2026-01-02T04:42:15.902+0000] {logging_mixin.py:188} INFO - [2026-01-02T04:42:15.902+0000] {dag.py:3820} INFO - Setting next_dagrun for example_skip_dag to 2026-01-01T00:00:00+00:00, run_after=2026-01-02T00:00:00+00:00
[2026-01-02T04:42:15.912+0000] {processor.py:183} INFO - Processing /home/airflow/.local/lib/python3.8/site-packages/airflow/example_dags/example_skip_dag.py took 0.033 seconds
[2026-01-02T04:42:46.105+0000] {processor.py:161} INFO - Started process (PID=494) to work on /home/airflow/.local/lib/python3.8/site-packages/airflow/example_dags/example_skip_dag.py
[2026-01-02T04:42:46.105+0000] {processor.py:830} INFO - Processing file /home/airflow/.local/lib/python3.8/site-packages/airflow/example_dags/example_skip_dag.py for tasks to queue
[2026-01-02T04:42:46.106+0000] {logging_mixin.py:188} INFO - [2026-01-02T04:42:46.106+0000] {dagbag.py:538} INFO - Filling up the DagBag from /home/airflow/.local/lib/python3.8/site-packages/airflow/example_dags/example_skip_dag.py
[2026-01-02T04:42:46.109+0000] {processor.py:840} INFO - DAG(s) 'example_skip_dag' retrieved from /home/airflow/.local/lib/python3.8/site-packages/airflow/example_dags/example_skip_dag.py
[2026-01-02T04:42:46.119+0000] {logging_mixin.py:188} INFO - [2026-01-02T04:42:46.119+0000] {dag.py:3033} INFO - Sync 1 DAGs
[2026-01-02T04:42:46.129+0000] {logging_mixin.py:188} INFO - [2026-01-02T04:42:46.129+0000] {dag.py:3820} INFO - Setting next_dagrun for example_skip_dag to 2026-01-01T00:00:00+00:00, run_after=2026-01-02T00:00:00+00:00
[2026-01-02T04:42:46.139+0000] {processor.py:183} INFO - Processing /home/airflow/.local/lib/python3.8/site-packages/airflow/example_dags/example_skip_dag.py took 0.036 seconds
[2026-01-02T04:43:16.313+0000] {processor.py:161} INFO - Started process (PID=549) to work on /home/airflow/.local/lib/python3.8/site-packages/airflow/example_dags/example_skip_dag.py
[2026-01-02T04:43:16.314+0000] {processor.py:830} INFO - Processing file /home/airflow/.local/lib/python3.8/site-packages/airflow/example_dags/example_skip_dag.py for tasks to queue
[2026-01-02T04:43:16.315+0000] {logging_mixin.py:188} INFO - [2026-01-02T04:43:16.315+0000] {dagbag.py:538} INFO - Filling up the DagBag from /home/airflow/.local/lib/python3.8/site-packages/airflow/example_dags/example_skip_dag.py
[2026-01-02T04:43:16.317+0000] {processor.py:840} INFO - DAG(s) 'example_skip_dag' retrieved from /home/airflow/.local/lib/python3.8/site-packages/airflow/example_dags/example_skip_dag.py
[2026-01-02T04:43:16.327+0000] {logging_mixin.py:188} INFO - [2026-01-02T04:43:16.327+0000] {dag.py:3033} INFO - Sync 1 DAGs
[2026-01-02T04:43:16.337+0000] {logging_mixin.py:188} INFO - [2026-01-02T04:43:16.336+0000] {dag.py:3820} INFO - Setting next_dagrun for example_skip_dag to 2026-01-01T00:00:00+00:00, run_after=2026-01-02T00:00:00+00:00
[2026-01-02T04:43:16.346+0000] {processor.py:183} INFO - Processing /home/airflow/.local/lib/python3.8/site-packages/airflow/example_dags/example_skip_dag.py took 0.034 seconds
[2026-01-02T04:43:46.550+0000] {processor.py:161} INFO - Started process (PID=604) to work on /home/airflow/.local/lib/python3.8/site-packages/airflow/example_dags/example_skip_dag.py
[2026-01-02T04:43:46.550+0000] {processor.py:830} INFO - Processing file /home/airflow/.local/lib/python3.8/site-packages/airflow/example_dags/example_skip_dag.py for tasks to queue
[2026-01-02T04:43:46.551+0000] {logging_mixin.py:188} INFO - [2026-01-02T04:43:46.551+0000] {dagbag.py:538} INFO - Filling up the DagBag from /home/airflow/.local/lib/python3.8/site-packages/airflow/example_dags/example_skip_dag.py
[2026-01-02T04:43:46.554+0000] {processor.py:840} INFO - DAG(s) 'example_skip_dag' retrieved from /home/airflow/.local/lib/python3.8/site-packages/airflow/example_dags/example_skip_dag.py
[2026-01-02T04:43:46.565+0000] {logging_mixin.py:188} INFO - [2026-01-02T04:43:46.565+0000] {dag.py:3033} INFO - Sync 1 DAGs
[2026-01-02T04:43:46.574+0000] {logging_mixin.py:188} INFO - [2026-01-02T04:43:46.574+0000] {dag.py:3820} INFO - Setting next_dagrun for example_skip_dag to 2026-01-01T00:00:00+00:00, run_after=2026-01-02T00:00:00+00:00
[2026-01-02T04:43:46.584+0000] {processor.py:183} INFO - Processing /home/airflow/.local/lib/python3.8/site-packages/airflow/example_dags/example_skip_dag.py took 0.035 seconds
[2026-01-02T04:44:16.826+0000] {processor.py:161} INFO - Started process (PID=666) to work on /home/airflow/.local/lib/python3.8/site-packages/airflow/example_dags/example_skip_dag.py
[2026-01-02T04:44:16.826+0000] {processor.py:830} INFO - Processing file /home/airflow/.local/lib/python3.8/site-packages/airflow/example_dags/example_skip_dag.py for tasks to queue
[2026-01-02T04:44:16.827+0000] {logging_mixin.py:188} INFO - [2026-01-02T04:44:16.827+0000] {dagbag.py:538} INFO - Filling up the DagBag from /home/airflow/.local/lib/python3.8/site-packages/airflow/example_dags/example_skip_dag.py
[2026-01-02T04:44:16.829+0000] {processor.py:840} INFO - DAG(s) 'example_skip_dag' retrieved from /home/airflow/.local/lib/python3.8/site-packages/airflow/example_dags/example_skip_dag.py
[2026-01-02T04:44:16.843+0000] {logging_mixin.py:188} INFO - [2026-01-02T04:44:16.843+0000] {dag.py:3033} INFO - Sync 1 DAGs
[2026-01-02T04:44:16.853+0000] {logging_mixin.py:188} INFO - [2026-01-02T04:44:16.853+0000] {dag.py:3820} INFO - Setting next_dagrun for example_skip_dag to 2026-01-01T00:00:00+00:00, run_after=2026-01-02T00:00:00+00:00
[2026-01-02T04:44:16.864+0000] {processor.py:183} INFO - Processing /home/airflow/.local/lib/python3.8/site-packages/airflow/example_dags/example_skip_dag.py took 0.039 seconds
[2026-01-02T04:44:47.031+0000] {processor.py:161} INFO - Started process (PID=728) to work on /home/airflow/.local/lib/python3.8/site-packages/airflow/example_dags/example_skip_dag.py
[2026-01-02T04:44:47.031+0000] {processor.py:830} INFO - Processing file /home/airflow/.local/lib/python3.8/site-packages/airflow/example_dags/example_skip_dag.py for tasks to queue
[2026-01-02T04:44:47.032+0000] {logging_mixin.py:188} INFO - [2026-01-02T04:44:47.032+0000] {dagbag.py:538} INFO - Filling up the DagBag from /home/airflow/.local/lib/python3.8/site-packages/airflow/example_dags/example_skip_dag.py
[2026-01-02T04:44:47.035+0000] {processor.py:840} INFO - DAG(s) 'example_skip_dag' retrieved from /home/airflow/.local/lib/python3.8/site-packages/airflow/example_dags/example_skip_dag.py
[2026-01-02T04:44:47.048+0000] {logging_mixin.py:188} INFO - [2026-01-02T04:44:47.048+0000] {dag.py:3033} INFO - Sync 1 DAGs
[2026-01-02T04:44:47.058+0000] {logging_mixin.py:188} INFO - [2026-01-02T04:44:47.058+0000] {dag.py:3820} INFO - Setting next_dagrun for example_skip_dag to 2026-01-01T00:00:00+00:00, run_after=2026-01-02T00:00:00+00:00
[2026-01-02T04:44:47.067+0000] {processor.py:183} INFO - Processing /home/airflow/.local/lib/python3.8/site-packages/airflow/example_dags/example_skip_dag.py took 0.038 seconds
[2026-01-02T04:45:17.319+0000] {processor.py:161} INFO - Started process (PID=783) to work on /home/airflow/.local/lib/python3.8/site-packages/airflow/example_dags/example_skip_dag.py
[2026-01-02T04:45:17.320+0000] {processor.py:830} INFO - Processing file /home/airflow/.local/lib/python3.8/site-packages/airflow/example_dags/example_skip_dag.py for tasks to queue
[2026-01-02T04:45:17.321+0000] {logging_mixin.py:188} INFO - [2026-01-02T04:45:17.321+0000] {dagbag.py:538} INFO - Filling up the DagBag from /home/airflow/.local/lib/python3.8/site-packages/airflow/example_dags/example_skip_dag.py
[2026-01-02T04:45:17.324+0000] {processor.py:840} INFO - DAG(s) 'example_skip_dag' retrieved from /home/airflow/.local/lib/python3.8/site-packages/airflow/example_dags/example_skip_dag.py
[2026-01-02T04:45:17.336+0000] {logging_mixin.py:188} INFO - [2026-01-02T04:45:17.336+0000] {dag.py:3033} INFO - Sync 1 DAGs
[2026-01-02T04:45:17.348+0000] {logging_mixin.py:188} INFO - [2026-01-02T04:45:17.348+0000] {dag.py:3820} INFO - Setting next_dagrun for example_skip_dag to 2026-01-01T00:00:00+00:00, run_after=2026-01-02T00:00:00+00:00
[2026-01-02T04:45:17.358+0000] {processor.py:183} INFO - Processing /home/airflow/.local/lib/python3.8/site-packages/airflow/example_dags/example_skip_dag.py took 0.040 seconds
[2026-01-02T04:45:47.692+0000] {processor.py:161} INFO - Started process (PID=838) to work on /home/airflow/.local/lib/python3.8/site-packages/airflow/example_dags/example_skip_dag.py
[2026-01-02T04:45:47.692+0000] {processor.py:830} INFO - Processing file /home/airflow/.local/lib/python3.8/site-packages/airflow/example_dags/example_skip_dag.py for tasks to queue
[2026-01-02T04:45:47.693+0000] {logging_mixin.py:188} INFO - [2026-01-02T04:45:47.693+0000] {dagbag.py:538} INFO - Filling up the DagBag from /home/airflow/.local/lib/python3.8/site-packages/airflow/example_dags/example_skip_dag.py
[2026-01-02T04:45:47.696+0000] {processor.py:840} INFO - DAG(s) 'example_skip_dag' retrieved from /home/airflow/.local/lib/python3.8/site-packages/airflow/example_dags/example_skip_dag.py
[2026-01-02T04:45:47.710+0000] {logging_mixin.py:188} INFO - [2026-01-02T04:45:47.710+0000] {dag.py:3033} INFO - Sync 1 DAGs
[2026-01-02T04:45:47.719+0000] {logging_mixin.py:188} INFO - [2026-01-02T04:45:47.719+0000] {dag.py:3820} INFO - Setting next_dagrun for example_skip_dag to 2026-01-01T00:00:00+00:00, run_after=2026-01-02T00:00:00+00:00
[2026-01-02T04:45:47.729+0000] {processor.py:183} INFO - Processing /home/airflow/.local/lib/python3.8/site-packages/airflow/example_dags/example_skip_dag.py took 0.038 seconds
[2026-01-02T04:46:17.972+0000] {processor.py:161} INFO - Started process (PID=893) to work on /home/airflow/.local/lib/python3.8/site-packages/airflow/example_dags/example_skip_dag.py
[2026-01-02T04:46:17.972+0000] {processor.py:830} INFO - Processing file /home/airflow/.local/lib/python3.8/site-packages/airflow/example_dags/example_skip_dag.py for tasks to queue
[2026-01-02T04:46:17.973+0000] {logging_mixin.py:188} INFO - [2026-01-02T04:46:17.973+0000] {dagbag.py:538} INFO - Filling up the DagBag from /home/airflow/.local/lib/python3.8/site-packages/airflow/example_dags/example_skip_dag.py
[2026-01-02T04:46:17.975+0000] {processor.py:840} INFO - DAG(s) 'example_skip_dag' retrieved from /home/airflow/.local/lib/python3.8/site-packages/airflow/example_dags/example_skip_dag.py
[2026-01-02T04:46:17.985+0000] {logging_mixin.py:188} INFO - [2026-01-02T04:46:17.984+0000] {dag.py:3033} INFO - Sync 1 DAGs
[2026-01-02T04:46:17.994+0000] {logging_mixin.py:188} INFO - [2026-01-02T04:46:17.994+0000] {dag.py:3820} INFO - Setting next_dagrun for example_skip_dag to 2026-01-01T00:00:00+00:00, run_after=2026-01-02T00:00:00+00:00
[2026-01-02T04:46:18.005+0000] {processor.py:183} INFO - Processing /home/airflow/.local/lib/python3.8/site-packages/airflow/example_dags/example_skip_dag.py took 0.034 seconds
[2026-01-02T04:46:48.275+0000] {processor.py:161} INFO - Started process (PID=948) to work on /home/airflow/.local/lib/python3.8/site-packages/airflow/example_dags/example_skip_dag.py
[2026-01-02T04:46:48.275+0000] {processor.py:830} INFO - Processing file /home/airflow/.local/lib/python3.8/site-packages/airflow/example_dags/example_skip_dag.py for tasks to queue
[2026-01-02T04:46:48.277+0000] {logging_mixin.py:188} INFO - [2026-01-02T04:46:48.277+0000] {dagbag.py:538} INFO - Filling up the DagBag from /home/airflow/.local/lib/python3.8/site-packages/airflow/example_dags/example_skip_dag.py
[2026-01-02T04:46:48.280+0000] {processor.py:840} INFO - DAG(s) 'example_skip_dag' retrieved from /home/airflow/.local/lib/python3.8/site-packages/airflow/example_dags/example_skip_dag.py
[2026-01-02T04:46:48.293+0000] {logging_mixin.py:188} INFO - [2026-01-02T04:46:48.293+0000] {dag.py:3033} INFO - Sync 1 DAGs
[2026-01-02T04:46:48.304+0000] {logging_mixin.py:188} INFO - [2026-01-02T04:46:48.304+0000] {dag.py:3820} INFO - Setting next_dagrun for example_skip_dag to 2026-01-01T00:00:00+00:00, run_after=2026-01-02T00:00:00+00:00
[2026-01-02T04:46:48.314+0000] {processor.py:183} INFO - Processing /home/airflow/.local/lib/python3.8/site-packages/airflow/example_dags/example_skip_dag.py took 0.041 seconds
[2026-01-02T04:47:18.577+0000] {processor.py:161} INFO - Started process (PID=1003) to work on /home/airflow/.local/lib/python3.8/site-packages/airflow/example_dags/example_skip_dag.py
[2026-01-02T04:47:18.578+0000] {processor.py:830} INFO - Processing file /home/airflow/.local/lib/python3.8/site-packages/airflow/example_dags/example_skip_dag.py for tasks to queue
[2026-01-02T04:47:18.579+0000] {logging_mixin.py:188} INFO - [2026-01-02T04:47:18.579+0000] {dagbag.py:538} INFO - Filling up the DagBag from /home/airflow/.local/lib/python3.8/site-packages/airflow/example_dags/example_skip_dag.py
[2026-01-02T04:47:18.582+0000] {processor.py:840} INFO - DAG(s) 'example_skip_dag' retrieved from /home/airflow/.local/lib/python3.8/site-packages/airflow/example_dags/example_skip_dag.py
[2026-01-02T04:47:18.596+0000] {logging_mixin.py:188} INFO - [2026-01-02T04:47:18.596+0000] {dag.py:3033} INFO - Sync 1 DAGs
[2026-01-02T04:47:18.607+0000] {logging_mixin.py:188} INFO - [2026-01-02T04:47:18.607+0000] {dag.py:3820} INFO - Setting next_dagrun for example_skip_dag to 2026-01-01T00:00:00+00:00, run_after=2026-01-02T00:00:00+00:00
[2026-01-02T04:47:18.617+0000] {processor.py:183} INFO - Processing /home/airflow/.local/lib/python3.8/site-packages/airflow/example_dags/example_skip_dag.py took 0.041 seconds
