[2026-01-02T04:28:04.566+0000] {processor.py:161} INFO - Started process (PID=71) to work on /home/airflow/.local/lib/python3.8/site-packages/airflow/example_dags/example_short_circuit_operator.py
[2026-01-02T04:28:04.566+0000] {processor.py:830} INFO - Processing file /home/airflow/.local/lib/python3.8/site-packages/airflow/example_dags/example_short_circuit_operator.py for tasks to queue
[2026-01-02T04:28:04.567+0000] {logging_mixin.py:188} INFO - [2026-01-02T04:28:04.567+0000] {dagbag.py:538} INFO - Filling up the DagBag from /home/airflow/.local/lib/python3.8/site-packages/airflow/example_dags/example_short_circuit_operator.py
[2026-01-02T04:28:04.571+0000] {processor.py:840} INFO - DAG(s) 'example_short_circuit_operator' retrieved from /home/airflow/.local/lib/python3.8/site-packages/airflow/example_dags/example_short_circuit_operator.py
[2026-01-02T04:28:04.620+0000] {logging_mixin.py:188} INFO - [2026-01-02T04:28:04.620+0000] {override.py:1769} INFO - Created Permission View: can edit on DAG:example_short_circuit_operator
[2026-01-02T04:28:04.626+0000] {logging_mixin.py:188} INFO - [2026-01-02T04:28:04.626+0000] {override.py:1769} INFO - Created Permission View: can delete on DAG:example_short_circuit_operator
[2026-01-02T04:28:04.631+0000] {logging_mixin.py:188} INFO - [2026-01-02T04:28:04.630+0000] {override.py:1769} INFO - Created Permission View: can read on DAG:example_short_circuit_operator
[2026-01-02T04:28:04.631+0000] {logging_mixin.py:188} INFO - [2026-01-02T04:28:04.631+0000] {dag.py:3033} INFO - Sync 1 DAGs
[2026-01-02T04:28:04.637+0000] {logging_mixin.py:188} INFO - [2026-01-02T04:28:04.637+0000] {dag.py:3055} INFO - Creating ORM DAG for example_short_circuit_operator
[2026-01-02T04:28:04.642+0000] {logging_mixin.py:188} INFO - [2026-01-02T04:28:04.642+0000] {dag.py:3820} INFO - Setting next_dagrun for example_short_circuit_operator to 2026-01-01T00:00:00+00:00, run_after=2026-01-02T00:00:00+00:00
[2026-01-02T04:28:04.652+0000] {processor.py:183} INFO - Processing /home/airflow/.local/lib/python3.8/site-packages/airflow/example_dags/example_short_circuit_operator.py took 0.088 seconds
[2026-01-02T04:28:35.287+0000] {processor.py:161} INFO - Started process (PID=126) to work on /home/airflow/.local/lib/python3.8/site-packages/airflow/example_dags/example_short_circuit_operator.py
[2026-01-02T04:28:35.288+0000] {processor.py:830} INFO - Processing file /home/airflow/.local/lib/python3.8/site-packages/airflow/example_dags/example_short_circuit_operator.py for tasks to queue
[2026-01-02T04:28:35.288+0000] {logging_mixin.py:188} INFO - [2026-01-02T04:28:35.288+0000] {dagbag.py:538} INFO - Filling up the DagBag from /home/airflow/.local/lib/python3.8/site-packages/airflow/example_dags/example_short_circuit_operator.py
[2026-01-02T04:28:35.291+0000] {processor.py:840} INFO - DAG(s) 'example_short_circuit_operator' retrieved from /home/airflow/.local/lib/python3.8/site-packages/airflow/example_dags/example_short_circuit_operator.py
[2026-01-02T04:28:35.301+0000] {logging_mixin.py:188} INFO - [2026-01-02T04:28:35.301+0000] {dag.py:3033} INFO - Sync 1 DAGs
[2026-01-02T04:28:35.310+0000] {logging_mixin.py:188} INFO - [2026-01-02T04:28:35.310+0000] {dag.py:3820} INFO - Setting next_dagrun for example_short_circuit_operator to 2026-01-01T00:00:00+00:00, run_after=2026-01-02T00:00:00+00:00
[2026-01-02T04:28:35.319+0000] {processor.py:183} INFO - Processing /home/airflow/.local/lib/python3.8/site-packages/airflow/example_dags/example_short_circuit_operator.py took 0.033 seconds
[2026-01-02T04:30:00.059+0000] {processor.py:161} INFO - Started process (PID=63) to work on /home/airflow/.local/lib/python3.8/site-packages/airflow/example_dags/example_short_circuit_operator.py
[2026-01-02T04:30:00.060+0000] {processor.py:830} INFO - Processing file /home/airflow/.local/lib/python3.8/site-packages/airflow/example_dags/example_short_circuit_operator.py for tasks to queue
[2026-01-02T04:30:00.061+0000] {logging_mixin.py:188} INFO - [2026-01-02T04:30:00.061+0000] {dagbag.py:538} INFO - Filling up the DagBag from /home/airflow/.local/lib/python3.8/site-packages/airflow/example_dags/example_short_circuit_operator.py
[2026-01-02T04:30:00.066+0000] {processor.py:840} INFO - DAG(s) 'example_short_circuit_operator' retrieved from /home/airflow/.local/lib/python3.8/site-packages/airflow/example_dags/example_short_circuit_operator.py
[2026-01-02T04:30:00.072+0000] {logging_mixin.py:188} INFO - [2026-01-02T04:30:00.072+0000] {dag.py:3033} INFO - Sync 1 DAGs
[2026-01-02T04:30:00.108+0000] {logging_mixin.py:188} INFO - [2026-01-02T04:30:00.108+0000] {dag.py:3820} INFO - Setting next_dagrun for example_short_circuit_operator to 2026-01-01T00:00:00+00:00, run_after=2026-01-02T00:00:00+00:00
[2026-01-02T04:30:00.132+0000] {processor.py:183} INFO - Processing /home/airflow/.local/lib/python3.8/site-packages/airflow/example_dags/example_short_circuit_operator.py took 0.074 seconds
[2026-01-02T04:30:31.062+0000] {processor.py:161} INFO - Started process (PID=118) to work on /home/airflow/.local/lib/python3.8/site-packages/airflow/example_dags/example_short_circuit_operator.py
[2026-01-02T04:30:31.063+0000] {processor.py:830} INFO - Processing file /home/airflow/.local/lib/python3.8/site-packages/airflow/example_dags/example_short_circuit_operator.py for tasks to queue
[2026-01-02T04:30:31.064+0000] {logging_mixin.py:188} INFO - [2026-01-02T04:30:31.064+0000] {dagbag.py:538} INFO - Filling up the DagBag from /home/airflow/.local/lib/python3.8/site-packages/airflow/example_dags/example_short_circuit_operator.py
[2026-01-02T04:30:31.067+0000] {processor.py:840} INFO - DAG(s) 'example_short_circuit_operator' retrieved from /home/airflow/.local/lib/python3.8/site-packages/airflow/example_dags/example_short_circuit_operator.py
[2026-01-02T04:30:31.117+0000] {logging_mixin.py:188} INFO - [2026-01-02T04:30:31.117+0000] {dag.py:3033} INFO - Sync 1 DAGs
[2026-01-02T04:30:31.127+0000] {logging_mixin.py:188} INFO - [2026-01-02T04:30:31.126+0000] {dag.py:3820} INFO - Setting next_dagrun for example_short_circuit_operator to 2026-01-01T00:00:00+00:00, run_after=2026-01-02T00:00:00+00:00
[2026-01-02T04:30:31.146+0000] {processor.py:183} INFO - Processing /home/airflow/.local/lib/python3.8/site-packages/airflow/example_dags/example_short_circuit_operator.py took 0.086 seconds
[2026-01-02T04:31:02.116+0000] {processor.py:161} INFO - Started process (PID=173) to work on /home/airflow/.local/lib/python3.8/site-packages/airflow/example_dags/example_short_circuit_operator.py
[2026-01-02T04:31:02.117+0000] {processor.py:830} INFO - Processing file /home/airflow/.local/lib/python3.8/site-packages/airflow/example_dags/example_short_circuit_operator.py for tasks to queue
[2026-01-02T04:31:02.118+0000] {logging_mixin.py:188} INFO - [2026-01-02T04:31:02.118+0000] {dagbag.py:538} INFO - Filling up the DagBag from /home/airflow/.local/lib/python3.8/site-packages/airflow/example_dags/example_short_circuit_operator.py
[2026-01-02T04:31:02.122+0000] {processor.py:840} INFO - DAG(s) 'example_short_circuit_operator' retrieved from /home/airflow/.local/lib/python3.8/site-packages/airflow/example_dags/example_short_circuit_operator.py
[2026-01-02T04:31:02.134+0000] {logging_mixin.py:188} INFO - [2026-01-02T04:31:02.134+0000] {dag.py:3033} INFO - Sync 1 DAGs
[2026-01-02T04:31:02.147+0000] {logging_mixin.py:188} INFO - [2026-01-02T04:31:02.147+0000] {dag.py:3820} INFO - Setting next_dagrun for example_short_circuit_operator to 2026-01-01T00:00:00+00:00, run_after=2026-01-02T00:00:00+00:00
[2026-01-02T04:31:02.159+0000] {processor.py:183} INFO - Processing /home/airflow/.local/lib/python3.8/site-packages/airflow/example_dags/example_short_circuit_operator.py took 0.044 seconds
[2026-01-02T04:31:32.546+0000] {processor.py:161} INFO - Started process (PID=228) to work on /home/airflow/.local/lib/python3.8/site-packages/airflow/example_dags/example_short_circuit_operator.py
[2026-01-02T04:31:32.546+0000] {processor.py:830} INFO - Processing file /home/airflow/.local/lib/python3.8/site-packages/airflow/example_dags/example_short_circuit_operator.py for tasks to queue
[2026-01-02T04:31:32.547+0000] {logging_mixin.py:188} INFO - [2026-01-02T04:31:32.547+0000] {dagbag.py:538} INFO - Filling up the DagBag from /home/airflow/.local/lib/python3.8/site-packages/airflow/example_dags/example_short_circuit_operator.py
[2026-01-02T04:31:32.552+0000] {processor.py:840} INFO - DAG(s) 'example_short_circuit_operator' retrieved from /home/airflow/.local/lib/python3.8/site-packages/airflow/example_dags/example_short_circuit_operator.py
[2026-01-02T04:31:32.565+0000] {logging_mixin.py:188} INFO - [2026-01-02T04:31:32.565+0000] {dag.py:3033} INFO - Sync 1 DAGs
[2026-01-02T04:31:32.574+0000] {logging_mixin.py:188} INFO - [2026-01-02T04:31:32.574+0000] {dag.py:3820} INFO - Setting next_dagrun for example_short_circuit_operator to 2026-01-01T00:00:00+00:00, run_after=2026-01-02T00:00:00+00:00
[2026-01-02T04:31:32.585+0000] {processor.py:183} INFO - Processing /home/airflow/.local/lib/python3.8/site-packages/airflow/example_dags/example_short_circuit_operator.py took 0.041 seconds
[2026-01-02T04:32:03.011+0000] {processor.py:161} INFO - Started process (PID=283) to work on /home/airflow/.local/lib/python3.8/site-packages/airflow/example_dags/example_short_circuit_operator.py
[2026-01-02T04:32:03.012+0000] {processor.py:830} INFO - Processing file /home/airflow/.local/lib/python3.8/site-packages/airflow/example_dags/example_short_circuit_operator.py for tasks to queue
[2026-01-02T04:32:03.013+0000] {logging_mixin.py:188} INFO - [2026-01-02T04:32:03.013+0000] {dagbag.py:538} INFO - Filling up the DagBag from /home/airflow/.local/lib/python3.8/site-packages/airflow/example_dags/example_short_circuit_operator.py
[2026-01-02T04:32:03.016+0000] {processor.py:840} INFO - DAG(s) 'example_short_circuit_operator' retrieved from /home/airflow/.local/lib/python3.8/site-packages/airflow/example_dags/example_short_circuit_operator.py
[2026-01-02T04:32:03.029+0000] {logging_mixin.py:188} INFO - [2026-01-02T04:32:03.029+0000] {dag.py:3033} INFO - Sync 1 DAGs
[2026-01-02T04:32:03.039+0000] {logging_mixin.py:188} INFO - [2026-01-02T04:32:03.039+0000] {dag.py:3820} INFO - Setting next_dagrun for example_short_circuit_operator to 2026-01-01T00:00:00+00:00, run_after=2026-01-02T00:00:00+00:00
[2026-01-02T04:32:03.051+0000] {processor.py:183} INFO - Processing /home/airflow/.local/lib/python3.8/site-packages/airflow/example_dags/example_short_circuit_operator.py took 0.041 seconds
[2026-01-02T04:32:33.325+0000] {processor.py:161} INFO - Started process (PID=338) to work on /home/airflow/.local/lib/python3.8/site-packages/airflow/example_dags/example_short_circuit_operator.py
[2026-01-02T04:32:33.326+0000] {processor.py:830} INFO - Processing file /home/airflow/.local/lib/python3.8/site-packages/airflow/example_dags/example_short_circuit_operator.py for tasks to queue
[2026-01-02T04:32:33.326+0000] {logging_mixin.py:188} INFO - [2026-01-02T04:32:33.326+0000] {dagbag.py:538} INFO - Filling up the DagBag from /home/airflow/.local/lib/python3.8/site-packages/airflow/example_dags/example_short_circuit_operator.py
[2026-01-02T04:32:33.329+0000] {processor.py:840} INFO - DAG(s) 'example_short_circuit_operator' retrieved from /home/airflow/.local/lib/python3.8/site-packages/airflow/example_dags/example_short_circuit_operator.py
[2026-01-02T04:32:33.341+0000] {logging_mixin.py:188} INFO - [2026-01-02T04:32:33.341+0000] {dag.py:3033} INFO - Sync 1 DAGs
[2026-01-02T04:32:33.351+0000] {logging_mixin.py:188} INFO - [2026-01-02T04:32:33.351+0000] {dag.py:3820} INFO - Setting next_dagrun for example_short_circuit_operator to 2026-01-01T00:00:00+00:00, run_after=2026-01-02T00:00:00+00:00
[2026-01-02T04:32:33.363+0000] {processor.py:183} INFO - Processing /home/airflow/.local/lib/python3.8/site-packages/airflow/example_dags/example_short_circuit_operator.py took 0.039 seconds
[2026-01-02T04:33:03.604+0000] {processor.py:161} INFO - Started process (PID=393) to work on /home/airflow/.local/lib/python3.8/site-packages/airflow/example_dags/example_short_circuit_operator.py
[2026-01-02T04:33:03.604+0000] {processor.py:830} INFO - Processing file /home/airflow/.local/lib/python3.8/site-packages/airflow/example_dags/example_short_circuit_operator.py for tasks to queue
[2026-01-02T04:33:03.605+0000] {logging_mixin.py:188} INFO - [2026-01-02T04:33:03.605+0000] {dagbag.py:538} INFO - Filling up the DagBag from /home/airflow/.local/lib/python3.8/site-packages/airflow/example_dags/example_short_circuit_operator.py
[2026-01-02T04:33:03.610+0000] {processor.py:840} INFO - DAG(s) 'example_short_circuit_operator' retrieved from /home/airflow/.local/lib/python3.8/site-packages/airflow/example_dags/example_short_circuit_operator.py
[2026-01-02T04:33:03.622+0000] {logging_mixin.py:188} INFO - [2026-01-02T04:33:03.621+0000] {dag.py:3033} INFO - Sync 1 DAGs
[2026-01-02T04:33:03.632+0000] {logging_mixin.py:188} INFO - [2026-01-02T04:33:03.632+0000] {dag.py:3820} INFO - Setting next_dagrun for example_short_circuit_operator to 2026-01-01T00:00:00+00:00, run_after=2026-01-02T00:00:00+00:00
[2026-01-02T04:33:03.644+0000] {processor.py:183} INFO - Processing /home/airflow/.local/lib/python3.8/site-packages/airflow/example_dags/example_short_circuit_operator.py took 0.041 seconds
[2026-01-02T04:33:33.888+0000] {processor.py:161} INFO - Started process (PID=448) to work on /home/airflow/.local/lib/python3.8/site-packages/airflow/example_dags/example_short_circuit_operator.py
[2026-01-02T04:33:33.889+0000] {processor.py:830} INFO - Processing file /home/airflow/.local/lib/python3.8/site-packages/airflow/example_dags/example_short_circuit_operator.py for tasks to queue
[2026-01-02T04:33:33.890+0000] {logging_mixin.py:188} INFO - [2026-01-02T04:33:33.890+0000] {dagbag.py:538} INFO - Filling up the DagBag from /home/airflow/.local/lib/python3.8/site-packages/airflow/example_dags/example_short_circuit_operator.py
[2026-01-02T04:33:33.893+0000] {processor.py:840} INFO - DAG(s) 'example_short_circuit_operator' retrieved from /home/airflow/.local/lib/python3.8/site-packages/airflow/example_dags/example_short_circuit_operator.py
[2026-01-02T04:33:33.905+0000] {logging_mixin.py:188} INFO - [2026-01-02T04:33:33.905+0000] {dag.py:3033} INFO - Sync 1 DAGs
[2026-01-02T04:33:33.916+0000] {logging_mixin.py:188} INFO - [2026-01-02T04:33:33.916+0000] {dag.py:3820} INFO - Setting next_dagrun for example_short_circuit_operator to 2026-01-01T00:00:00+00:00, run_after=2026-01-02T00:00:00+00:00
[2026-01-02T04:33:33.927+0000] {processor.py:183} INFO - Processing /home/airflow/.local/lib/python3.8/site-packages/airflow/example_dags/example_short_circuit_operator.py took 0.040 seconds
[2026-01-02T04:34:04.199+0000] {processor.py:161} INFO - Started process (PID=503) to work on /home/airflow/.local/lib/python3.8/site-packages/airflow/example_dags/example_short_circuit_operator.py
[2026-01-02T04:34:04.199+0000] {processor.py:830} INFO - Processing file /home/airflow/.local/lib/python3.8/site-packages/airflow/example_dags/example_short_circuit_operator.py for tasks to queue
[2026-01-02T04:34:04.201+0000] {logging_mixin.py:188} INFO - [2026-01-02T04:34:04.201+0000] {dagbag.py:538} INFO - Filling up the DagBag from /home/airflow/.local/lib/python3.8/site-packages/airflow/example_dags/example_short_circuit_operator.py
[2026-01-02T04:34:04.205+0000] {processor.py:840} INFO - DAG(s) 'example_short_circuit_operator' retrieved from /home/airflow/.local/lib/python3.8/site-packages/airflow/example_dags/example_short_circuit_operator.py
[2026-01-02T04:34:04.216+0000] {logging_mixin.py:188} INFO - [2026-01-02T04:34:04.216+0000] {dag.py:3033} INFO - Sync 1 DAGs
[2026-01-02T04:34:04.226+0000] {logging_mixin.py:188} INFO - [2026-01-02T04:34:04.226+0000] {dag.py:3820} INFO - Setting next_dagrun for example_short_circuit_operator to 2026-01-01T00:00:00+00:00, run_after=2026-01-02T00:00:00+00:00
[2026-01-02T04:34:04.237+0000] {processor.py:183} INFO - Processing /home/airflow/.local/lib/python3.8/site-packages/airflow/example_dags/example_short_circuit_operator.py took 0.040 seconds
[2026-01-02T04:34:34.505+0000] {processor.py:161} INFO - Started process (PID=558) to work on /home/airflow/.local/lib/python3.8/site-packages/airflow/example_dags/example_short_circuit_operator.py
[2026-01-02T04:34:34.505+0000] {processor.py:830} INFO - Processing file /home/airflow/.local/lib/python3.8/site-packages/airflow/example_dags/example_short_circuit_operator.py for tasks to queue
[2026-01-02T04:34:34.506+0000] {logging_mixin.py:188} INFO - [2026-01-02T04:34:34.506+0000] {dagbag.py:538} INFO - Filling up the DagBag from /home/airflow/.local/lib/python3.8/site-packages/airflow/example_dags/example_short_circuit_operator.py
[2026-01-02T04:34:34.510+0000] {processor.py:840} INFO - DAG(s) 'example_short_circuit_operator' retrieved from /home/airflow/.local/lib/python3.8/site-packages/airflow/example_dags/example_short_circuit_operator.py
[2026-01-02T04:34:34.524+0000] {logging_mixin.py:188} INFO - [2026-01-02T04:34:34.524+0000] {dag.py:3033} INFO - Sync 1 DAGs
[2026-01-02T04:34:34.534+0000] {logging_mixin.py:188} INFO - [2026-01-02T04:34:34.534+0000] {dag.py:3820} INFO - Setting next_dagrun for example_short_circuit_operator to 2026-01-01T00:00:00+00:00, run_after=2026-01-02T00:00:00+00:00
[2026-01-02T04:34:34.550+0000] {processor.py:183} INFO - Processing /home/airflow/.local/lib/python3.8/site-packages/airflow/example_dags/example_short_circuit_operator.py took 0.047 seconds
[2026-01-02T04:35:04.828+0000] {processor.py:161} INFO - Started process (PID=613) to work on /home/airflow/.local/lib/python3.8/site-packages/airflow/example_dags/example_short_circuit_operator.py
[2026-01-02T04:35:04.829+0000] {processor.py:830} INFO - Processing file /home/airflow/.local/lib/python3.8/site-packages/airflow/example_dags/example_short_circuit_operator.py for tasks to queue
[2026-01-02T04:35:04.830+0000] {logging_mixin.py:188} INFO - [2026-01-02T04:35:04.830+0000] {dagbag.py:538} INFO - Filling up the DagBag from /home/airflow/.local/lib/python3.8/site-packages/airflow/example_dags/example_short_circuit_operator.py
[2026-01-02T04:35:04.834+0000] {processor.py:840} INFO - DAG(s) 'example_short_circuit_operator' retrieved from /home/airflow/.local/lib/python3.8/site-packages/airflow/example_dags/example_short_circuit_operator.py
[2026-01-02T04:35:04.846+0000] {logging_mixin.py:188} INFO - [2026-01-02T04:35:04.846+0000] {dag.py:3033} INFO - Sync 1 DAGs
[2026-01-02T04:35:04.856+0000] {logging_mixin.py:188} INFO - [2026-01-02T04:35:04.856+0000] {dag.py:3820} INFO - Setting next_dagrun for example_short_circuit_operator to 2026-01-01T00:00:00+00:00, run_after=2026-01-02T00:00:00+00:00
[2026-01-02T04:35:04.869+0000] {processor.py:183} INFO - Processing /home/airflow/.local/lib/python3.8/site-packages/airflow/example_dags/example_short_circuit_operator.py took 0.042 seconds
[2026-01-02T04:35:35.159+0000] {processor.py:161} INFO - Started process (PID=668) to work on /home/airflow/.local/lib/python3.8/site-packages/airflow/example_dags/example_short_circuit_operator.py
[2026-01-02T04:35:35.160+0000] {processor.py:830} INFO - Processing file /home/airflow/.local/lib/python3.8/site-packages/airflow/example_dags/example_short_circuit_operator.py for tasks to queue
[2026-01-02T04:35:35.161+0000] {logging_mixin.py:188} INFO - [2026-01-02T04:35:35.161+0000] {dagbag.py:538} INFO - Filling up the DagBag from /home/airflow/.local/lib/python3.8/site-packages/airflow/example_dags/example_short_circuit_operator.py
[2026-01-02T04:35:35.164+0000] {processor.py:840} INFO - DAG(s) 'example_short_circuit_operator' retrieved from /home/airflow/.local/lib/python3.8/site-packages/airflow/example_dags/example_short_circuit_operator.py
[2026-01-02T04:35:35.175+0000] {logging_mixin.py:188} INFO - [2026-01-02T04:35:35.175+0000] {dag.py:3033} INFO - Sync 1 DAGs
[2026-01-02T04:35:35.185+0000] {logging_mixin.py:188} INFO - [2026-01-02T04:35:35.185+0000] {dag.py:3820} INFO - Setting next_dagrun for example_short_circuit_operator to 2026-01-01T00:00:00+00:00, run_after=2026-01-02T00:00:00+00:00
[2026-01-02T04:35:35.198+0000] {processor.py:183} INFO - Processing /home/airflow/.local/lib/python3.8/site-packages/airflow/example_dags/example_short_circuit_operator.py took 0.040 seconds
[2026-01-02T04:36:05.446+0000] {processor.py:161} INFO - Started process (PID=723) to work on /home/airflow/.local/lib/python3.8/site-packages/airflow/example_dags/example_short_circuit_operator.py
[2026-01-02T04:36:05.447+0000] {processor.py:830} INFO - Processing file /home/airflow/.local/lib/python3.8/site-packages/airflow/example_dags/example_short_circuit_operator.py for tasks to queue
[2026-01-02T04:36:05.448+0000] {logging_mixin.py:188} INFO - [2026-01-02T04:36:05.448+0000] {dagbag.py:538} INFO - Filling up the DagBag from /home/airflow/.local/lib/python3.8/site-packages/airflow/example_dags/example_short_circuit_operator.py
[2026-01-02T04:36:05.453+0000] {processor.py:840} INFO - DAG(s) 'example_short_circuit_operator' retrieved from /home/airflow/.local/lib/python3.8/site-packages/airflow/example_dags/example_short_circuit_operator.py
[2026-01-02T04:36:05.467+0000] {logging_mixin.py:188} INFO - [2026-01-02T04:36:05.467+0000] {dag.py:3033} INFO - Sync 1 DAGs
[2026-01-02T04:36:05.477+0000] {logging_mixin.py:188} INFO - [2026-01-02T04:36:05.477+0000] {dag.py:3820} INFO - Setting next_dagrun for example_short_circuit_operator to 2026-01-01T00:00:00+00:00, run_after=2026-01-02T00:00:00+00:00
[2026-01-02T04:36:05.488+0000] {processor.py:183} INFO - Processing /home/airflow/.local/lib/python3.8/site-packages/airflow/example_dags/example_short_circuit_operator.py took 0.043 seconds
[2026-01-02T04:38:45.118+0000] {processor.py:161} INFO - Started process (PID=65) to work on /home/airflow/.local/lib/python3.8/site-packages/airflow/example_dags/example_short_circuit_operator.py
[2026-01-02T04:38:45.118+0000] {processor.py:830} INFO - Processing file /home/airflow/.local/lib/python3.8/site-packages/airflow/example_dags/example_short_circuit_operator.py for tasks to queue
[2026-01-02T04:38:45.119+0000] {logging_mixin.py:188} INFO - [2026-01-02T04:38:45.119+0000] {dagbag.py:538} INFO - Filling up the DagBag from /home/airflow/.local/lib/python3.8/site-packages/airflow/example_dags/example_short_circuit_operator.py
[2026-01-02T04:38:45.124+0000] {processor.py:840} INFO - DAG(s) 'example_short_circuit_operator' retrieved from /home/airflow/.local/lib/python3.8/site-packages/airflow/example_dags/example_short_circuit_operator.py
[2026-01-02T04:38:45.131+0000] {logging_mixin.py:188} INFO - [2026-01-02T04:38:45.130+0000] {dag.py:3033} INFO - Sync 1 DAGs
[2026-01-02T04:38:45.141+0000] {logging_mixin.py:188} INFO - [2026-01-02T04:38:45.141+0000] {dag.py:3820} INFO - Setting next_dagrun for example_short_circuit_operator to 2026-01-01T00:00:00+00:00, run_after=2026-01-02T00:00:00+00:00
[2026-01-02T04:38:45.151+0000] {processor.py:183} INFO - Processing /home/airflow/.local/lib/python3.8/site-packages/airflow/example_dags/example_short_circuit_operator.py took 0.035 seconds
[2026-01-02T04:39:15.626+0000] {processor.py:161} INFO - Started process (PID=120) to work on /home/airflow/.local/lib/python3.8/site-packages/airflow/example_dags/example_short_circuit_operator.py
[2026-01-02T04:39:15.626+0000] {processor.py:830} INFO - Processing file /home/airflow/.local/lib/python3.8/site-packages/airflow/example_dags/example_short_circuit_operator.py for tasks to queue
[2026-01-02T04:39:15.627+0000] {logging_mixin.py:188} INFO - [2026-01-02T04:39:15.627+0000] {dagbag.py:538} INFO - Filling up the DagBag from /home/airflow/.local/lib/python3.8/site-packages/airflow/example_dags/example_short_circuit_operator.py
[2026-01-02T04:39:15.630+0000] {processor.py:840} INFO - DAG(s) 'example_short_circuit_operator' retrieved from /home/airflow/.local/lib/python3.8/site-packages/airflow/example_dags/example_short_circuit_operator.py
[2026-01-02T04:39:15.673+0000] {logging_mixin.py:188} INFO - [2026-01-02T04:39:15.673+0000] {dag.py:3033} INFO - Sync 1 DAGs
[2026-01-02T04:39:15.682+0000] {logging_mixin.py:188} INFO - [2026-01-02T04:39:15.682+0000] {dag.py:3820} INFO - Setting next_dagrun for example_short_circuit_operator to 2026-01-01T00:00:00+00:00, run_after=2026-01-02T00:00:00+00:00
[2026-01-02T04:39:15.692+0000] {processor.py:183} INFO - Processing /home/airflow/.local/lib/python3.8/site-packages/airflow/example_dags/example_short_circuit_operator.py took 0.067 seconds
[2026-01-02T04:39:46.345+0000] {processor.py:161} INFO - Started process (PID=181) to work on /home/airflow/.local/lib/python3.8/site-packages/airflow/example_dags/example_short_circuit_operator.py
[2026-01-02T04:39:46.345+0000] {processor.py:830} INFO - Processing file /home/airflow/.local/lib/python3.8/site-packages/airflow/example_dags/example_short_circuit_operator.py for tasks to queue
[2026-01-02T04:39:46.346+0000] {logging_mixin.py:188} INFO - [2026-01-02T04:39:46.346+0000] {dagbag.py:538} INFO - Filling up the DagBag from /home/airflow/.local/lib/python3.8/site-packages/airflow/example_dags/example_short_circuit_operator.py
[2026-01-02T04:39:46.349+0000] {processor.py:840} INFO - DAG(s) 'example_short_circuit_operator' retrieved from /home/airflow/.local/lib/python3.8/site-packages/airflow/example_dags/example_short_circuit_operator.py
[2026-01-02T04:39:46.358+0000] {logging_mixin.py:188} INFO - [2026-01-02T04:39:46.358+0000] {dag.py:3033} INFO - Sync 1 DAGs
[2026-01-02T04:39:46.367+0000] {logging_mixin.py:188} INFO - [2026-01-02T04:39:46.367+0000] {dag.py:3820} INFO - Setting next_dagrun for example_short_circuit_operator to 2026-01-01T00:00:00+00:00, run_after=2026-01-02T00:00:00+00:00
[2026-01-02T04:39:46.376+0000] {processor.py:183} INFO - Processing /home/airflow/.local/lib/python3.8/site-packages/airflow/example_dags/example_short_circuit_operator.py took 0.033 seconds
[2026-01-02T04:40:16.547+0000] {processor.py:161} INFO - Started process (PID=236) to work on /home/airflow/.local/lib/python3.8/site-packages/airflow/example_dags/example_short_circuit_operator.py
[2026-01-02T04:40:16.547+0000] {processor.py:830} INFO - Processing file /home/airflow/.local/lib/python3.8/site-packages/airflow/example_dags/example_short_circuit_operator.py for tasks to queue
[2026-01-02T04:40:16.548+0000] {logging_mixin.py:188} INFO - [2026-01-02T04:40:16.548+0000] {dagbag.py:538} INFO - Filling up the DagBag from /home/airflow/.local/lib/python3.8/site-packages/airflow/example_dags/example_short_circuit_operator.py
[2026-01-02T04:40:16.551+0000] {processor.py:840} INFO - DAG(s) 'example_short_circuit_operator' retrieved from /home/airflow/.local/lib/python3.8/site-packages/airflow/example_dags/example_short_circuit_operator.py
[2026-01-02T04:40:16.561+0000] {logging_mixin.py:188} INFO - [2026-01-02T04:40:16.561+0000] {dag.py:3033} INFO - Sync 1 DAGs
[2026-01-02T04:40:16.570+0000] {logging_mixin.py:188} INFO - [2026-01-02T04:40:16.570+0000] {dag.py:3820} INFO - Setting next_dagrun for example_short_circuit_operator to 2026-01-01T00:00:00+00:00, run_after=2026-01-02T00:00:00+00:00
[2026-01-02T04:40:16.579+0000] {processor.py:183} INFO - Processing /home/airflow/.local/lib/python3.8/site-packages/airflow/example_dags/example_short_circuit_operator.py took 0.034 seconds
[2026-01-02T04:40:46.748+0000] {processor.py:161} INFO - Started process (PID=291) to work on /home/airflow/.local/lib/python3.8/site-packages/airflow/example_dags/example_short_circuit_operator.py
[2026-01-02T04:40:46.748+0000] {processor.py:830} INFO - Processing file /home/airflow/.local/lib/python3.8/site-packages/airflow/example_dags/example_short_circuit_operator.py for tasks to queue
[2026-01-02T04:40:46.750+0000] {logging_mixin.py:188} INFO - [2026-01-02T04:40:46.749+0000] {dagbag.py:538} INFO - Filling up the DagBag from /home/airflow/.local/lib/python3.8/site-packages/airflow/example_dags/example_short_circuit_operator.py
[2026-01-02T04:40:46.753+0000] {processor.py:840} INFO - DAG(s) 'example_short_circuit_operator' retrieved from /home/airflow/.local/lib/python3.8/site-packages/airflow/example_dags/example_short_circuit_operator.py
[2026-01-02T04:40:46.762+0000] {logging_mixin.py:188} INFO - [2026-01-02T04:40:46.762+0000] {dag.py:3033} INFO - Sync 1 DAGs
[2026-01-02T04:40:46.771+0000] {logging_mixin.py:188} INFO - [2026-01-02T04:40:46.771+0000] {dag.py:3820} INFO - Setting next_dagrun for example_short_circuit_operator to 2026-01-01T00:00:00+00:00, run_after=2026-01-02T00:00:00+00:00
[2026-01-02T04:40:46.780+0000] {processor.py:183} INFO - Processing /home/airflow/.local/lib/python3.8/site-packages/airflow/example_dags/example_short_circuit_operator.py took 0.033 seconds
[2026-01-02T04:41:16.906+0000] {processor.py:161} INFO - Started process (PID=346) to work on /home/airflow/.local/lib/python3.8/site-packages/airflow/example_dags/example_short_circuit_operator.py
[2026-01-02T04:41:16.906+0000] {processor.py:830} INFO - Processing file /home/airflow/.local/lib/python3.8/site-packages/airflow/example_dags/example_short_circuit_operator.py for tasks to queue
[2026-01-02T04:41:16.907+0000] {logging_mixin.py:188} INFO - [2026-01-02T04:41:16.907+0000] {dagbag.py:538} INFO - Filling up the DagBag from /home/airflow/.local/lib/python3.8/site-packages/airflow/example_dags/example_short_circuit_operator.py
[2026-01-02T04:41:16.910+0000] {processor.py:840} INFO - DAG(s) 'example_short_circuit_operator' retrieved from /home/airflow/.local/lib/python3.8/site-packages/airflow/example_dags/example_short_circuit_operator.py
[2026-01-02T04:41:16.920+0000] {logging_mixin.py:188} INFO - [2026-01-02T04:41:16.920+0000] {dag.py:3033} INFO - Sync 1 DAGs
[2026-01-02T04:41:16.930+0000] {logging_mixin.py:188} INFO - [2026-01-02T04:41:16.930+0000] {dag.py:3820} INFO - Setting next_dagrun for example_short_circuit_operator to 2026-01-01T00:00:00+00:00, run_after=2026-01-02T00:00:00+00:00
[2026-01-02T04:41:16.939+0000] {processor.py:183} INFO - Processing /home/airflow/.local/lib/python3.8/site-packages/airflow/example_dags/example_short_circuit_operator.py took 0.035 seconds
[2026-01-02T04:41:47.123+0000] {processor.py:161} INFO - Started process (PID=401) to work on /home/airflow/.local/lib/python3.8/site-packages/airflow/example_dags/example_short_circuit_operator.py
[2026-01-02T04:41:47.123+0000] {processor.py:830} INFO - Processing file /home/airflow/.local/lib/python3.8/site-packages/airflow/example_dags/example_short_circuit_operator.py for tasks to queue
[2026-01-02T04:41:47.124+0000] {logging_mixin.py:188} INFO - [2026-01-02T04:41:47.124+0000] {dagbag.py:538} INFO - Filling up the DagBag from /home/airflow/.local/lib/python3.8/site-packages/airflow/example_dags/example_short_circuit_operator.py
[2026-01-02T04:41:47.127+0000] {processor.py:840} INFO - DAG(s) 'example_short_circuit_operator' retrieved from /home/airflow/.local/lib/python3.8/site-packages/airflow/example_dags/example_short_circuit_operator.py
[2026-01-02T04:41:47.137+0000] {logging_mixin.py:188} INFO - [2026-01-02T04:41:47.137+0000] {dag.py:3033} INFO - Sync 1 DAGs
[2026-01-02T04:41:47.146+0000] {logging_mixin.py:188} INFO - [2026-01-02T04:41:47.146+0000] {dag.py:3820} INFO - Setting next_dagrun for example_short_circuit_operator to 2026-01-01T00:00:00+00:00, run_after=2026-01-02T00:00:00+00:00
[2026-01-02T04:41:47.155+0000] {processor.py:183} INFO - Processing /home/airflow/.local/lib/python3.8/site-packages/airflow/example_dags/example_short_circuit_operator.py took 0.034 seconds
[2026-01-02T04:42:17.309+0000] {processor.py:161} INFO - Started process (PID=456) to work on /home/airflow/.local/lib/python3.8/site-packages/airflow/example_dags/example_short_circuit_operator.py
[2026-01-02T04:42:17.309+0000] {processor.py:830} INFO - Processing file /home/airflow/.local/lib/python3.8/site-packages/airflow/example_dags/example_short_circuit_operator.py for tasks to queue
[2026-01-02T04:42:17.310+0000] {logging_mixin.py:188} INFO - [2026-01-02T04:42:17.310+0000] {dagbag.py:538} INFO - Filling up the DagBag from /home/airflow/.local/lib/python3.8/site-packages/airflow/example_dags/example_short_circuit_operator.py
[2026-01-02T04:42:17.314+0000] {processor.py:840} INFO - DAG(s) 'example_short_circuit_operator' retrieved from /home/airflow/.local/lib/python3.8/site-packages/airflow/example_dags/example_short_circuit_operator.py
[2026-01-02T04:42:17.324+0000] {logging_mixin.py:188} INFO - [2026-01-02T04:42:17.324+0000] {dag.py:3033} INFO - Sync 1 DAGs
[2026-01-02T04:42:17.334+0000] {logging_mixin.py:188} INFO - [2026-01-02T04:42:17.334+0000] {dag.py:3820} INFO - Setting next_dagrun for example_short_circuit_operator to 2026-01-01T00:00:00+00:00, run_after=2026-01-02T00:00:00+00:00
[2026-01-02T04:42:17.344+0000] {processor.py:183} INFO - Processing /home/airflow/.local/lib/python3.8/site-packages/airflow/example_dags/example_short_circuit_operator.py took 0.037 seconds
[2026-01-02T04:42:47.533+0000] {processor.py:161} INFO - Started process (PID=511) to work on /home/airflow/.local/lib/python3.8/site-packages/airflow/example_dags/example_short_circuit_operator.py
[2026-01-02T04:42:47.533+0000] {processor.py:830} INFO - Processing file /home/airflow/.local/lib/python3.8/site-packages/airflow/example_dags/example_short_circuit_operator.py for tasks to queue
[2026-01-02T04:42:47.534+0000] {logging_mixin.py:188} INFO - [2026-01-02T04:42:47.534+0000] {dagbag.py:538} INFO - Filling up the DagBag from /home/airflow/.local/lib/python3.8/site-packages/airflow/example_dags/example_short_circuit_operator.py
[2026-01-02T04:42:47.537+0000] {processor.py:840} INFO - DAG(s) 'example_short_circuit_operator' retrieved from /home/airflow/.local/lib/python3.8/site-packages/airflow/example_dags/example_short_circuit_operator.py
[2026-01-02T04:42:47.548+0000] {logging_mixin.py:188} INFO - [2026-01-02T04:42:47.548+0000] {dag.py:3033} INFO - Sync 1 DAGs
[2026-01-02T04:42:47.558+0000] {logging_mixin.py:188} INFO - [2026-01-02T04:42:47.558+0000] {dag.py:3820} INFO - Setting next_dagrun for example_short_circuit_operator to 2026-01-01T00:00:00+00:00, run_after=2026-01-02T00:00:00+00:00
[2026-01-02T04:42:47.568+0000] {processor.py:183} INFO - Processing /home/airflow/.local/lib/python3.8/site-packages/airflow/example_dags/example_short_circuit_operator.py took 0.036 seconds
[2026-01-02T04:43:17.705+0000] {processor.py:161} INFO - Started process (PID=566) to work on /home/airflow/.local/lib/python3.8/site-packages/airflow/example_dags/example_short_circuit_operator.py
[2026-01-02T04:43:17.706+0000] {processor.py:830} INFO - Processing file /home/airflow/.local/lib/python3.8/site-packages/airflow/example_dags/example_short_circuit_operator.py for tasks to queue
[2026-01-02T04:43:17.707+0000] {logging_mixin.py:188} INFO - [2026-01-02T04:43:17.707+0000] {dagbag.py:538} INFO - Filling up the DagBag from /home/airflow/.local/lib/python3.8/site-packages/airflow/example_dags/example_short_circuit_operator.py
[2026-01-02T04:43:17.710+0000] {processor.py:840} INFO - DAG(s) 'example_short_circuit_operator' retrieved from /home/airflow/.local/lib/python3.8/site-packages/airflow/example_dags/example_short_circuit_operator.py
[2026-01-02T04:43:17.721+0000] {logging_mixin.py:188} INFO - [2026-01-02T04:43:17.721+0000] {dag.py:3033} INFO - Sync 1 DAGs
[2026-01-02T04:43:17.732+0000] {logging_mixin.py:188} INFO - [2026-01-02T04:43:17.732+0000] {dag.py:3820} INFO - Setting next_dagrun for example_short_circuit_operator to 2026-01-01T00:00:00+00:00, run_after=2026-01-02T00:00:00+00:00
[2026-01-02T04:43:17.742+0000] {processor.py:183} INFO - Processing /home/airflow/.local/lib/python3.8/site-packages/airflow/example_dags/example_short_circuit_operator.py took 0.038 seconds
[2026-01-02T04:43:47.962+0000] {processor.py:161} INFO - Started process (PID=621) to work on /home/airflow/.local/lib/python3.8/site-packages/airflow/example_dags/example_short_circuit_operator.py
[2026-01-02T04:43:47.962+0000] {processor.py:830} INFO - Processing file /home/airflow/.local/lib/python3.8/site-packages/airflow/example_dags/example_short_circuit_operator.py for tasks to queue
[2026-01-02T04:43:47.963+0000] {logging_mixin.py:188} INFO - [2026-01-02T04:43:47.963+0000] {dagbag.py:538} INFO - Filling up the DagBag from /home/airflow/.local/lib/python3.8/site-packages/airflow/example_dags/example_short_circuit_operator.py
[2026-01-02T04:43:47.967+0000] {processor.py:840} INFO - DAG(s) 'example_short_circuit_operator' retrieved from /home/airflow/.local/lib/python3.8/site-packages/airflow/example_dags/example_short_circuit_operator.py
[2026-01-02T04:43:47.978+0000] {logging_mixin.py:188} INFO - [2026-01-02T04:43:47.978+0000] {dag.py:3033} INFO - Sync 1 DAGs
[2026-01-02T04:43:47.990+0000] {logging_mixin.py:188} INFO - [2026-01-02T04:43:47.989+0000] {dag.py:3820} INFO - Setting next_dagrun for example_short_circuit_operator to 2026-01-01T00:00:00+00:00, run_after=2026-01-02T00:00:00+00:00
[2026-01-02T04:43:48.001+0000] {processor.py:183} INFO - Processing /home/airflow/.local/lib/python3.8/site-packages/airflow/example_dags/example_short_circuit_operator.py took 0.040 seconds
[2026-01-02T04:44:18.238+0000] {processor.py:161} INFO - Started process (PID=683) to work on /home/airflow/.local/lib/python3.8/site-packages/airflow/example_dags/example_short_circuit_operator.py
[2026-01-02T04:44:18.238+0000] {processor.py:830} INFO - Processing file /home/airflow/.local/lib/python3.8/site-packages/airflow/example_dags/example_short_circuit_operator.py for tasks to queue
[2026-01-02T04:44:18.239+0000] {logging_mixin.py:188} INFO - [2026-01-02T04:44:18.239+0000] {dagbag.py:538} INFO - Filling up the DagBag from /home/airflow/.local/lib/python3.8/site-packages/airflow/example_dags/example_short_circuit_operator.py
[2026-01-02T04:44:18.242+0000] {processor.py:840} INFO - DAG(s) 'example_short_circuit_operator' retrieved from /home/airflow/.local/lib/python3.8/site-packages/airflow/example_dags/example_short_circuit_operator.py
[2026-01-02T04:44:18.252+0000] {logging_mixin.py:188} INFO - [2026-01-02T04:44:18.252+0000] {dag.py:3033} INFO - Sync 1 DAGs
[2026-01-02T04:44:18.262+0000] {logging_mixin.py:188} INFO - [2026-01-02T04:44:18.261+0000] {dag.py:3820} INFO - Setting next_dagrun for example_short_circuit_operator to 2026-01-01T00:00:00+00:00, run_after=2026-01-02T00:00:00+00:00
[2026-01-02T04:44:18.272+0000] {processor.py:183} INFO - Processing /home/airflow/.local/lib/python3.8/site-packages/airflow/example_dags/example_short_circuit_operator.py took 0.036 seconds
[2026-01-02T04:44:48.477+0000] {processor.py:161} INFO - Started process (PID=745) to work on /home/airflow/.local/lib/python3.8/site-packages/airflow/example_dags/example_short_circuit_operator.py
[2026-01-02T04:44:48.478+0000] {processor.py:830} INFO - Processing file /home/airflow/.local/lib/python3.8/site-packages/airflow/example_dags/example_short_circuit_operator.py for tasks to queue
[2026-01-02T04:44:48.480+0000] {logging_mixin.py:188} INFO - [2026-01-02T04:44:48.479+0000] {dagbag.py:538} INFO - Filling up the DagBag from /home/airflow/.local/lib/python3.8/site-packages/airflow/example_dags/example_short_circuit_operator.py
[2026-01-02T04:44:48.483+0000] {processor.py:840} INFO - DAG(s) 'example_short_circuit_operator' retrieved from /home/airflow/.local/lib/python3.8/site-packages/airflow/example_dags/example_short_circuit_operator.py
[2026-01-02T04:44:48.495+0000] {logging_mixin.py:188} INFO - [2026-01-02T04:44:48.495+0000] {dag.py:3033} INFO - Sync 1 DAGs
[2026-01-02T04:44:48.505+0000] {logging_mixin.py:188} INFO - [2026-01-02T04:44:48.504+0000] {dag.py:3820} INFO - Setting next_dagrun for example_short_circuit_operator to 2026-01-01T00:00:00+00:00, run_after=2026-01-02T00:00:00+00:00
[2026-01-02T04:44:48.518+0000] {processor.py:183} INFO - Processing /home/airflow/.local/lib/python3.8/site-packages/airflow/example_dags/example_short_circuit_operator.py took 0.043 seconds
[2026-01-02T04:45:18.822+0000] {processor.py:161} INFO - Started process (PID=800) to work on /home/airflow/.local/lib/python3.8/site-packages/airflow/example_dags/example_short_circuit_operator.py
[2026-01-02T04:45:18.823+0000] {processor.py:830} INFO - Processing file /home/airflow/.local/lib/python3.8/site-packages/airflow/example_dags/example_short_circuit_operator.py for tasks to queue
[2026-01-02T04:45:18.824+0000] {logging_mixin.py:188} INFO - [2026-01-02T04:45:18.824+0000] {dagbag.py:538} INFO - Filling up the DagBag from /home/airflow/.local/lib/python3.8/site-packages/airflow/example_dags/example_short_circuit_operator.py
[2026-01-02T04:45:18.827+0000] {processor.py:840} INFO - DAG(s) 'example_short_circuit_operator' retrieved from /home/airflow/.local/lib/python3.8/site-packages/airflow/example_dags/example_short_circuit_operator.py
[2026-01-02T04:45:18.839+0000] {logging_mixin.py:188} INFO - [2026-01-02T04:45:18.839+0000] {dag.py:3033} INFO - Sync 1 DAGs
[2026-01-02T04:45:18.851+0000] {logging_mixin.py:188} INFO - [2026-01-02T04:45:18.851+0000] {dag.py:3820} INFO - Setting next_dagrun for example_short_circuit_operator to 2026-01-01T00:00:00+00:00, run_after=2026-01-02T00:00:00+00:00
[2026-01-02T04:45:18.865+0000] {processor.py:183} INFO - Processing /home/airflow/.local/lib/python3.8/site-packages/airflow/example_dags/example_short_circuit_operator.py took 0.044 seconds
[2026-01-02T04:45:49.165+0000] {processor.py:161} INFO - Started process (PID=855) to work on /home/airflow/.local/lib/python3.8/site-packages/airflow/example_dags/example_short_circuit_operator.py
[2026-01-02T04:45:49.165+0000] {processor.py:830} INFO - Processing file /home/airflow/.local/lib/python3.8/site-packages/airflow/example_dags/example_short_circuit_operator.py for tasks to queue
[2026-01-02T04:45:49.166+0000] {logging_mixin.py:188} INFO - [2026-01-02T04:45:49.166+0000] {dagbag.py:538} INFO - Filling up the DagBag from /home/airflow/.local/lib/python3.8/site-packages/airflow/example_dags/example_short_circuit_operator.py
[2026-01-02T04:45:49.170+0000] {processor.py:840} INFO - DAG(s) 'example_short_circuit_operator' retrieved from /home/airflow/.local/lib/python3.8/site-packages/airflow/example_dags/example_short_circuit_operator.py
[2026-01-02T04:45:49.180+0000] {logging_mixin.py:188} INFO - [2026-01-02T04:45:49.180+0000] {dag.py:3033} INFO - Sync 1 DAGs
[2026-01-02T04:45:49.190+0000] {logging_mixin.py:188} INFO - [2026-01-02T04:45:49.190+0000] {dag.py:3820} INFO - Setting next_dagrun for example_short_circuit_operator to 2026-01-01T00:00:00+00:00, run_after=2026-01-02T00:00:00+00:00
[2026-01-02T04:45:49.201+0000] {processor.py:183} INFO - Processing /home/airflow/.local/lib/python3.8/site-packages/airflow/example_dags/example_short_circuit_operator.py took 0.037 seconds
[2026-01-02T04:46:19.453+0000] {processor.py:161} INFO - Started process (PID=910) to work on /home/airflow/.local/lib/python3.8/site-packages/airflow/example_dags/example_short_circuit_operator.py
[2026-01-02T04:46:19.453+0000] {processor.py:830} INFO - Processing file /home/airflow/.local/lib/python3.8/site-packages/airflow/example_dags/example_short_circuit_operator.py for tasks to queue
[2026-01-02T04:46:19.454+0000] {logging_mixin.py:188} INFO - [2026-01-02T04:46:19.454+0000] {dagbag.py:538} INFO - Filling up the DagBag from /home/airflow/.local/lib/python3.8/site-packages/airflow/example_dags/example_short_circuit_operator.py
[2026-01-02T04:46:19.459+0000] {processor.py:840} INFO - DAG(s) 'example_short_circuit_operator' retrieved from /home/airflow/.local/lib/python3.8/site-packages/airflow/example_dags/example_short_circuit_operator.py
[2026-01-02T04:46:19.470+0000] {logging_mixin.py:188} INFO - [2026-01-02T04:46:19.470+0000] {dag.py:3033} INFO - Sync 1 DAGs
[2026-01-02T04:46:19.479+0000] {logging_mixin.py:188} INFO - [2026-01-02T04:46:19.479+0000] {dag.py:3820} INFO - Setting next_dagrun for example_short_circuit_operator to 2026-01-01T00:00:00+00:00, run_after=2026-01-02T00:00:00+00:00
[2026-01-02T04:46:19.490+0000] {processor.py:183} INFO - Processing /home/airflow/.local/lib/python3.8/site-packages/airflow/example_dags/example_short_circuit_operator.py took 0.038 seconds
[2026-01-02T04:46:49.756+0000] {processor.py:161} INFO - Started process (PID=965) to work on /home/airflow/.local/lib/python3.8/site-packages/airflow/example_dags/example_short_circuit_operator.py
[2026-01-02T04:46:49.756+0000] {processor.py:830} INFO - Processing file /home/airflow/.local/lib/python3.8/site-packages/airflow/example_dags/example_short_circuit_operator.py for tasks to queue
[2026-01-02T04:46:49.757+0000] {logging_mixin.py:188} INFO - [2026-01-02T04:46:49.757+0000] {dagbag.py:538} INFO - Filling up the DagBag from /home/airflow/.local/lib/python3.8/site-packages/airflow/example_dags/example_short_circuit_operator.py
[2026-01-02T04:46:49.760+0000] {processor.py:840} INFO - DAG(s) 'example_short_circuit_operator' retrieved from /home/airflow/.local/lib/python3.8/site-packages/airflow/example_dags/example_short_circuit_operator.py
[2026-01-02T04:46:49.771+0000] {logging_mixin.py:188} INFO - [2026-01-02T04:46:49.771+0000] {dag.py:3033} INFO - Sync 1 DAGs
[2026-01-02T04:46:49.781+0000] {logging_mixin.py:188} INFO - [2026-01-02T04:46:49.781+0000] {dag.py:3820} INFO - Setting next_dagrun for example_short_circuit_operator to 2026-01-01T00:00:00+00:00, run_after=2026-01-02T00:00:00+00:00
[2026-01-02T04:46:49.790+0000] {processor.py:183} INFO - Processing /home/airflow/.local/lib/python3.8/site-packages/airflow/example_dags/example_short_circuit_operator.py took 0.036 seconds
[2026-01-02T04:47:20.032+0000] {processor.py:161} INFO - Started process (PID=1020) to work on /home/airflow/.local/lib/python3.8/site-packages/airflow/example_dags/example_short_circuit_operator.py
[2026-01-02T04:47:20.032+0000] {processor.py:830} INFO - Processing file /home/airflow/.local/lib/python3.8/site-packages/airflow/example_dags/example_short_circuit_operator.py for tasks to queue
[2026-01-02T04:47:20.034+0000] {logging_mixin.py:188} INFO - [2026-01-02T04:47:20.033+0000] {dagbag.py:538} INFO - Filling up the DagBag from /home/airflow/.local/lib/python3.8/site-packages/airflow/example_dags/example_short_circuit_operator.py
[2026-01-02T04:47:20.037+0000] {processor.py:840} INFO - DAG(s) 'example_short_circuit_operator' retrieved from /home/airflow/.local/lib/python3.8/site-packages/airflow/example_dags/example_short_circuit_operator.py
[2026-01-02T04:47:20.047+0000] {logging_mixin.py:188} INFO - [2026-01-02T04:47:20.047+0000] {dag.py:3033} INFO - Sync 1 DAGs
[2026-01-02T04:47:20.057+0000] {logging_mixin.py:188} INFO - [2026-01-02T04:47:20.057+0000] {dag.py:3820} INFO - Setting next_dagrun for example_short_circuit_operator to 2026-01-01T00:00:00+00:00, run_after=2026-01-02T00:00:00+00:00
[2026-01-02T04:47:20.067+0000] {processor.py:183} INFO - Processing /home/airflow/.local/lib/python3.8/site-packages/airflow/example_dags/example_short_circuit_operator.py took 0.036 seconds
