[2026-01-02T04:28:04.997+0000] {processor.py:161} INFO - Started process (PID=78) to work on /home/airflow/.local/lib/python3.8/site-packages/airflow/example_dags/example_task_group_decorator.py
[2026-01-02T04:28:04.997+0000] {processor.py:830} INFO - Processing file /home/airflow/.local/lib/python3.8/site-packages/airflow/example_dags/example_task_group_decorator.py for tasks to queue
[2026-01-02T04:28:04.998+0000] {logging_mixin.py:188} INFO - [2026-01-02T04:28:04.998+0000] {dagbag.py:538} INFO - Filling up the DagBag from /home/airflow/.local/lib/python3.8/site-packages/airflow/example_dags/example_task_group_decorator.py
[2026-01-02T04:28:05.006+0000] {processor.py:840} INFO - DAG(s) 'example_task_group_decorator' retrieved from /home/airflow/.local/lib/python3.8/site-packages/airflow/example_dags/example_task_group_decorator.py
[2026-01-02T04:28:05.061+0000] {logging_mixin.py:188} INFO - [2026-01-02T04:28:05.061+0000] {override.py:1769} INFO - Created Permission View: can edit on DAG:example_task_group_decorator
[2026-01-02T04:28:05.069+0000] {logging_mixin.py:188} INFO - [2026-01-02T04:28:05.068+0000] {override.py:1769} INFO - Created Permission View: can delete on DAG:example_task_group_decorator
[2026-01-02T04:28:05.073+0000] {logging_mixin.py:188} INFO - [2026-01-02T04:28:05.073+0000] {override.py:1769} INFO - Created Permission View: can read on DAG:example_task_group_decorator
[2026-01-02T04:28:05.073+0000] {logging_mixin.py:188} INFO - [2026-01-02T04:28:05.073+0000] {dag.py:3033} INFO - Sync 1 DAGs
[2026-01-02T04:28:05.079+0000] {logging_mixin.py:188} INFO - [2026-01-02T04:28:05.079+0000] {dag.py:3055} INFO - Creating ORM DAG for example_task_group_decorator
[2026-01-02T04:28:05.084+0000] {logging_mixin.py:188} INFO - [2026-01-02T04:28:05.084+0000] {dag.py:3820} INFO - Setting next_dagrun for example_task_group_decorator to 2026-01-01T00:00:00+00:00, run_after=2026-01-02T00:00:00+00:00
[2026-01-02T04:28:05.096+0000] {processor.py:183} INFO - Processing /home/airflow/.local/lib/python3.8/site-packages/airflow/example_dags/example_task_group_decorator.py took 0.101 seconds
[2026-01-02T04:28:35.473+0000] {processor.py:161} INFO - Started process (PID=133) to work on /home/airflow/.local/lib/python3.8/site-packages/airflow/example_dags/example_task_group_decorator.py
[2026-01-02T04:28:35.473+0000] {processor.py:830} INFO - Processing file /home/airflow/.local/lib/python3.8/site-packages/airflow/example_dags/example_task_group_decorator.py for tasks to queue
[2026-01-02T04:28:35.474+0000] {logging_mixin.py:188} INFO - [2026-01-02T04:28:35.474+0000] {dagbag.py:538} INFO - Filling up the DagBag from /home/airflow/.local/lib/python3.8/site-packages/airflow/example_dags/example_task_group_decorator.py
[2026-01-02T04:28:35.480+0000] {processor.py:840} INFO - DAG(s) 'example_task_group_decorator' retrieved from /home/airflow/.local/lib/python3.8/site-packages/airflow/example_dags/example_task_group_decorator.py
[2026-01-02T04:28:35.491+0000] {logging_mixin.py:188} INFO - [2026-01-02T04:28:35.491+0000] {dag.py:3033} INFO - Sync 1 DAGs
[2026-01-02T04:28:35.500+0000] {logging_mixin.py:188} INFO - [2026-01-02T04:28:35.500+0000] {dag.py:3820} INFO - Setting next_dagrun for example_task_group_decorator to 2026-01-01T00:00:00+00:00, run_after=2026-01-02T00:00:00+00:00
[2026-01-02T04:28:35.509+0000] {processor.py:183} INFO - Processing /home/airflow/.local/lib/python3.8/site-packages/airflow/example_dags/example_task_group_decorator.py took 0.037 seconds
[2026-01-02T04:30:00.305+0000] {processor.py:161} INFO - Started process (PID=70) to work on /home/airflow/.local/lib/python3.8/site-packages/airflow/example_dags/example_task_group_decorator.py
[2026-01-02T04:30:00.306+0000] {processor.py:830} INFO - Processing file /home/airflow/.local/lib/python3.8/site-packages/airflow/example_dags/example_task_group_decorator.py for tasks to queue
[2026-01-02T04:30:00.308+0000] {logging_mixin.py:188} INFO - [2026-01-02T04:30:00.308+0000] {dagbag.py:538} INFO - Filling up the DagBag from /home/airflow/.local/lib/python3.8/site-packages/airflow/example_dags/example_task_group_decorator.py
[2026-01-02T04:30:00.318+0000] {processor.py:840} INFO - DAG(s) 'example_task_group_decorator' retrieved from /home/airflow/.local/lib/python3.8/site-packages/airflow/example_dags/example_task_group_decorator.py
[2026-01-02T04:30:00.328+0000] {logging_mixin.py:188} INFO - [2026-01-02T04:30:00.328+0000] {dag.py:3033} INFO - Sync 1 DAGs
[2026-01-02T04:30:00.360+0000] {logging_mixin.py:188} INFO - [2026-01-02T04:30:00.360+0000] {dag.py:3820} INFO - Setting next_dagrun for example_task_group_decorator to 2026-01-01T00:00:00+00:00, run_after=2026-01-02T00:00:00+00:00
[2026-01-02T04:30:00.373+0000] {processor.py:183} INFO - Processing /home/airflow/.local/lib/python3.8/site-packages/airflow/example_dags/example_task_group_decorator.py took 0.070 seconds
[2026-01-02T04:30:31.420+0000] {processor.py:161} INFO - Started process (PID=125) to work on /home/airflow/.local/lib/python3.8/site-packages/airflow/example_dags/example_task_group_decorator.py
[2026-01-02T04:30:31.420+0000] {processor.py:830} INFO - Processing file /home/airflow/.local/lib/python3.8/site-packages/airflow/example_dags/example_task_group_decorator.py for tasks to queue
[2026-01-02T04:30:31.422+0000] {logging_mixin.py:188} INFO - [2026-01-02T04:30:31.421+0000] {dagbag.py:538} INFO - Filling up the DagBag from /home/airflow/.local/lib/python3.8/site-packages/airflow/example_dags/example_task_group_decorator.py
[2026-01-02T04:30:31.430+0000] {processor.py:840} INFO - DAG(s) 'example_task_group_decorator' retrieved from /home/airflow/.local/lib/python3.8/site-packages/airflow/example_dags/example_task_group_decorator.py
[2026-01-02T04:30:31.482+0000] {logging_mixin.py:188} INFO - [2026-01-02T04:30:31.482+0000] {dag.py:3033} INFO - Sync 1 DAGs
[2026-01-02T04:30:31.493+0000] {logging_mixin.py:188} INFO - [2026-01-02T04:30:31.493+0000] {dag.py:3820} INFO - Setting next_dagrun for example_task_group_decorator to 2026-01-01T00:00:00+00:00, run_after=2026-01-02T00:00:00+00:00
[2026-01-02T04:30:31.505+0000] {processor.py:183} INFO - Processing /home/airflow/.local/lib/python3.8/site-packages/airflow/example_dags/example_task_group_decorator.py took 0.086 seconds
[2026-01-02T04:31:02.317+0000] {processor.py:161} INFO - Started process (PID=180) to work on /home/airflow/.local/lib/python3.8/site-packages/airflow/example_dags/example_task_group_decorator.py
[2026-01-02T04:31:02.317+0000] {processor.py:830} INFO - Processing file /home/airflow/.local/lib/python3.8/site-packages/airflow/example_dags/example_task_group_decorator.py for tasks to queue
[2026-01-02T04:31:02.318+0000] {logging_mixin.py:188} INFO - [2026-01-02T04:31:02.318+0000] {dagbag.py:538} INFO - Filling up the DagBag from /home/airflow/.local/lib/python3.8/site-packages/airflow/example_dags/example_task_group_decorator.py
[2026-01-02T04:31:02.326+0000] {processor.py:840} INFO - DAG(s) 'example_task_group_decorator' retrieved from /home/airflow/.local/lib/python3.8/site-packages/airflow/example_dags/example_task_group_decorator.py
[2026-01-02T04:31:02.337+0000] {logging_mixin.py:188} INFO - [2026-01-02T04:31:02.337+0000] {dag.py:3033} INFO - Sync 1 DAGs
[2026-01-02T04:31:02.348+0000] {logging_mixin.py:188} INFO - [2026-01-02T04:31:02.347+0000] {dag.py:3820} INFO - Setting next_dagrun for example_task_group_decorator to 2026-01-01T00:00:00+00:00, run_after=2026-01-02T00:00:00+00:00
[2026-01-02T04:31:02.359+0000] {processor.py:183} INFO - Processing /home/airflow/.local/lib/python3.8/site-packages/airflow/example_dags/example_task_group_decorator.py took 0.044 seconds
[2026-01-02T04:31:32.755+0000] {processor.py:161} INFO - Started process (PID=235) to work on /home/airflow/.local/lib/python3.8/site-packages/airflow/example_dags/example_task_group_decorator.py
[2026-01-02T04:31:32.756+0000] {processor.py:830} INFO - Processing file /home/airflow/.local/lib/python3.8/site-packages/airflow/example_dags/example_task_group_decorator.py for tasks to queue
[2026-01-02T04:31:32.757+0000] {logging_mixin.py:188} INFO - [2026-01-02T04:31:32.756+0000] {dagbag.py:538} INFO - Filling up the DagBag from /home/airflow/.local/lib/python3.8/site-packages/airflow/example_dags/example_task_group_decorator.py
[2026-01-02T04:31:32.763+0000] {processor.py:840} INFO - DAG(s) 'example_task_group_decorator' retrieved from /home/airflow/.local/lib/python3.8/site-packages/airflow/example_dags/example_task_group_decorator.py
[2026-01-02T04:31:32.775+0000] {logging_mixin.py:188} INFO - [2026-01-02T04:31:32.775+0000] {dag.py:3033} INFO - Sync 1 DAGs
[2026-01-02T04:31:32.787+0000] {logging_mixin.py:188} INFO - [2026-01-02T04:31:32.787+0000] {dag.py:3820} INFO - Setting next_dagrun for example_task_group_decorator to 2026-01-01T00:00:00+00:00, run_after=2026-01-02T00:00:00+00:00
[2026-01-02T04:31:32.799+0000] {processor.py:183} INFO - Processing /home/airflow/.local/lib/python3.8/site-packages/airflow/example_dags/example_task_group_decorator.py took 0.045 seconds
[2026-01-02T04:32:03.203+0000] {processor.py:161} INFO - Started process (PID=290) to work on /home/airflow/.local/lib/python3.8/site-packages/airflow/example_dags/example_task_group_decorator.py
[2026-01-02T04:32:03.203+0000] {processor.py:830} INFO - Processing file /home/airflow/.local/lib/python3.8/site-packages/airflow/example_dags/example_task_group_decorator.py for tasks to queue
[2026-01-02T04:32:03.204+0000] {logging_mixin.py:188} INFO - [2026-01-02T04:32:03.204+0000] {dagbag.py:538} INFO - Filling up the DagBag from /home/airflow/.local/lib/python3.8/site-packages/airflow/example_dags/example_task_group_decorator.py
[2026-01-02T04:32:03.210+0000] {processor.py:840} INFO - DAG(s) 'example_task_group_decorator' retrieved from /home/airflow/.local/lib/python3.8/site-packages/airflow/example_dags/example_task_group_decorator.py
[2026-01-02T04:32:03.222+0000] {logging_mixin.py:188} INFO - [2026-01-02T04:32:03.222+0000] {dag.py:3033} INFO - Sync 1 DAGs
[2026-01-02T04:32:03.232+0000] {logging_mixin.py:188} INFO - [2026-01-02T04:32:03.231+0000] {dag.py:3820} INFO - Setting next_dagrun for example_task_group_decorator to 2026-01-01T00:00:00+00:00, run_after=2026-01-02T00:00:00+00:00
[2026-01-02T04:32:03.244+0000] {processor.py:183} INFO - Processing /home/airflow/.local/lib/python3.8/site-packages/airflow/example_dags/example_task_group_decorator.py took 0.042 seconds
[2026-01-02T04:32:33.492+0000] {processor.py:161} INFO - Started process (PID=345) to work on /home/airflow/.local/lib/python3.8/site-packages/airflow/example_dags/example_task_group_decorator.py
[2026-01-02T04:32:33.492+0000] {processor.py:830} INFO - Processing file /home/airflow/.local/lib/python3.8/site-packages/airflow/example_dags/example_task_group_decorator.py for tasks to queue
[2026-01-02T04:32:33.494+0000] {logging_mixin.py:188} INFO - [2026-01-02T04:32:33.493+0000] {dagbag.py:538} INFO - Filling up the DagBag from /home/airflow/.local/lib/python3.8/site-packages/airflow/example_dags/example_task_group_decorator.py
[2026-01-02T04:32:33.500+0000] {processor.py:840} INFO - DAG(s) 'example_task_group_decorator' retrieved from /home/airflow/.local/lib/python3.8/site-packages/airflow/example_dags/example_task_group_decorator.py
[2026-01-02T04:32:33.511+0000] {logging_mixin.py:188} INFO - [2026-01-02T04:32:33.511+0000] {dag.py:3033} INFO - Sync 1 DAGs
[2026-01-02T04:32:33.522+0000] {logging_mixin.py:188} INFO - [2026-01-02T04:32:33.522+0000] {dag.py:3820} INFO - Setting next_dagrun for example_task_group_decorator to 2026-01-01T00:00:00+00:00, run_after=2026-01-02T00:00:00+00:00
[2026-01-02T04:32:33.537+0000] {processor.py:183} INFO - Processing /home/airflow/.local/lib/python3.8/site-packages/airflow/example_dags/example_task_group_decorator.py took 0.046 seconds
[2026-01-02T04:33:03.780+0000] {processor.py:161} INFO - Started process (PID=400) to work on /home/airflow/.local/lib/python3.8/site-packages/airflow/example_dags/example_task_group_decorator.py
[2026-01-02T04:33:03.781+0000] {processor.py:830} INFO - Processing file /home/airflow/.local/lib/python3.8/site-packages/airflow/example_dags/example_task_group_decorator.py for tasks to queue
[2026-01-02T04:33:03.782+0000] {logging_mixin.py:188} INFO - [2026-01-02T04:33:03.782+0000] {dagbag.py:538} INFO - Filling up the DagBag from /home/airflow/.local/lib/python3.8/site-packages/airflow/example_dags/example_task_group_decorator.py
[2026-01-02T04:33:03.790+0000] {processor.py:840} INFO - DAG(s) 'example_task_group_decorator' retrieved from /home/airflow/.local/lib/python3.8/site-packages/airflow/example_dags/example_task_group_decorator.py
[2026-01-02T04:33:03.803+0000] {logging_mixin.py:188} INFO - [2026-01-02T04:33:03.803+0000] {dag.py:3033} INFO - Sync 1 DAGs
[2026-01-02T04:33:03.815+0000] {logging_mixin.py:188} INFO - [2026-01-02T04:33:03.815+0000] {dag.py:3820} INFO - Setting next_dagrun for example_task_group_decorator to 2026-01-01T00:00:00+00:00, run_after=2026-01-02T00:00:00+00:00
[2026-01-02T04:33:03.825+0000] {processor.py:183} INFO - Processing /home/airflow/.local/lib/python3.8/site-packages/airflow/example_dags/example_task_group_decorator.py took 0.046 seconds
[2026-01-02T04:33:34.060+0000] {processor.py:161} INFO - Started process (PID=455) to work on /home/airflow/.local/lib/python3.8/site-packages/airflow/example_dags/example_task_group_decorator.py
[2026-01-02T04:33:34.060+0000] {processor.py:830} INFO - Processing file /home/airflow/.local/lib/python3.8/site-packages/airflow/example_dags/example_task_group_decorator.py for tasks to queue
[2026-01-02T04:33:34.061+0000] {logging_mixin.py:188} INFO - [2026-01-02T04:33:34.061+0000] {dagbag.py:538} INFO - Filling up the DagBag from /home/airflow/.local/lib/python3.8/site-packages/airflow/example_dags/example_task_group_decorator.py
[2026-01-02T04:33:34.068+0000] {processor.py:840} INFO - DAG(s) 'example_task_group_decorator' retrieved from /home/airflow/.local/lib/python3.8/site-packages/airflow/example_dags/example_task_group_decorator.py
[2026-01-02T04:33:34.079+0000] {logging_mixin.py:188} INFO - [2026-01-02T04:33:34.079+0000] {dag.py:3033} INFO - Sync 1 DAGs
[2026-01-02T04:33:34.090+0000] {logging_mixin.py:188} INFO - [2026-01-02T04:33:34.089+0000] {dag.py:3820} INFO - Setting next_dagrun for example_task_group_decorator to 2026-01-01T00:00:00+00:00, run_after=2026-01-02T00:00:00+00:00
[2026-01-02T04:33:34.103+0000] {processor.py:183} INFO - Processing /home/airflow/.local/lib/python3.8/site-packages/airflow/example_dags/example_task_group_decorator.py took 0.044 seconds
[2026-01-02T04:34:04.359+0000] {processor.py:161} INFO - Started process (PID=510) to work on /home/airflow/.local/lib/python3.8/site-packages/airflow/example_dags/example_task_group_decorator.py
[2026-01-02T04:34:04.360+0000] {processor.py:830} INFO - Processing file /home/airflow/.local/lib/python3.8/site-packages/airflow/example_dags/example_task_group_decorator.py for tasks to queue
[2026-01-02T04:34:04.361+0000] {logging_mixin.py:188} INFO - [2026-01-02T04:34:04.361+0000] {dagbag.py:538} INFO - Filling up the DagBag from /home/airflow/.local/lib/python3.8/site-packages/airflow/example_dags/example_task_group_decorator.py
[2026-01-02T04:34:04.367+0000] {processor.py:840} INFO - DAG(s) 'example_task_group_decorator' retrieved from /home/airflow/.local/lib/python3.8/site-packages/airflow/example_dags/example_task_group_decorator.py
[2026-01-02T04:34:04.379+0000] {logging_mixin.py:188} INFO - [2026-01-02T04:34:04.379+0000] {dag.py:3033} INFO - Sync 1 DAGs
[2026-01-02T04:34:04.389+0000] {logging_mixin.py:188} INFO - [2026-01-02T04:34:04.389+0000] {dag.py:3820} INFO - Setting next_dagrun for example_task_group_decorator to 2026-01-01T00:00:00+00:00, run_after=2026-01-02T00:00:00+00:00
[2026-01-02T04:34:04.398+0000] {processor.py:183} INFO - Processing /home/airflow/.local/lib/python3.8/site-packages/airflow/example_dags/example_task_group_decorator.py took 0.040 seconds
[2026-01-02T04:34:34.717+0000] {processor.py:161} INFO - Started process (PID=565) to work on /home/airflow/.local/lib/python3.8/site-packages/airflow/example_dags/example_task_group_decorator.py
[2026-01-02T04:34:34.717+0000] {processor.py:830} INFO - Processing file /home/airflow/.local/lib/python3.8/site-packages/airflow/example_dags/example_task_group_decorator.py for tasks to queue
[2026-01-02T04:34:34.718+0000] {logging_mixin.py:188} INFO - [2026-01-02T04:34:34.718+0000] {dagbag.py:538} INFO - Filling up the DagBag from /home/airflow/.local/lib/python3.8/site-packages/airflow/example_dags/example_task_group_decorator.py
[2026-01-02T04:34:34.724+0000] {processor.py:840} INFO - DAG(s) 'example_task_group_decorator' retrieved from /home/airflow/.local/lib/python3.8/site-packages/airflow/example_dags/example_task_group_decorator.py
[2026-01-02T04:34:34.736+0000] {logging_mixin.py:188} INFO - [2026-01-02T04:34:34.736+0000] {dag.py:3033} INFO - Sync 1 DAGs
[2026-01-02T04:34:34.746+0000] {logging_mixin.py:188} INFO - [2026-01-02T04:34:34.746+0000] {dag.py:3820} INFO - Setting next_dagrun for example_task_group_decorator to 2026-01-01T00:00:00+00:00, run_after=2026-01-02T00:00:00+00:00
[2026-01-02T04:34:34.762+0000] {processor.py:183} INFO - Processing /home/airflow/.local/lib/python3.8/site-packages/airflow/example_dags/example_task_group_decorator.py took 0.046 seconds
[2026-01-02T04:35:05.021+0000] {processor.py:161} INFO - Started process (PID=620) to work on /home/airflow/.local/lib/python3.8/site-packages/airflow/example_dags/example_task_group_decorator.py
[2026-01-02T04:35:05.022+0000] {processor.py:830} INFO - Processing file /home/airflow/.local/lib/python3.8/site-packages/airflow/example_dags/example_task_group_decorator.py for tasks to queue
[2026-01-02T04:35:05.023+0000] {logging_mixin.py:188} INFO - [2026-01-02T04:35:05.023+0000] {dagbag.py:538} INFO - Filling up the DagBag from /home/airflow/.local/lib/python3.8/site-packages/airflow/example_dags/example_task_group_decorator.py
[2026-01-02T04:35:05.029+0000] {processor.py:840} INFO - DAG(s) 'example_task_group_decorator' retrieved from /home/airflow/.local/lib/python3.8/site-packages/airflow/example_dags/example_task_group_decorator.py
[2026-01-02T04:35:05.040+0000] {logging_mixin.py:188} INFO - [2026-01-02T04:35:05.040+0000] {dag.py:3033} INFO - Sync 1 DAGs
[2026-01-02T04:35:05.051+0000] {logging_mixin.py:188} INFO - [2026-01-02T04:35:05.051+0000] {dag.py:3820} INFO - Setting next_dagrun for example_task_group_decorator to 2026-01-01T00:00:00+00:00, run_after=2026-01-02T00:00:00+00:00
[2026-01-02T04:35:05.063+0000] {processor.py:183} INFO - Processing /home/airflow/.local/lib/python3.8/site-packages/airflow/example_dags/example_task_group_decorator.py took 0.043 seconds
[2026-01-02T04:35:35.347+0000] {processor.py:161} INFO - Started process (PID=675) to work on /home/airflow/.local/lib/python3.8/site-packages/airflow/example_dags/example_task_group_decorator.py
[2026-01-02T04:35:35.348+0000] {processor.py:830} INFO - Processing file /home/airflow/.local/lib/python3.8/site-packages/airflow/example_dags/example_task_group_decorator.py for tasks to queue
[2026-01-02T04:35:35.349+0000] {logging_mixin.py:188} INFO - [2026-01-02T04:35:35.349+0000] {dagbag.py:538} INFO - Filling up the DagBag from /home/airflow/.local/lib/python3.8/site-packages/airflow/example_dags/example_task_group_decorator.py
[2026-01-02T04:35:35.356+0000] {processor.py:840} INFO - DAG(s) 'example_task_group_decorator' retrieved from /home/airflow/.local/lib/python3.8/site-packages/airflow/example_dags/example_task_group_decorator.py
[2026-01-02T04:35:35.370+0000] {logging_mixin.py:188} INFO - [2026-01-02T04:35:35.370+0000] {dag.py:3033} INFO - Sync 1 DAGs
[2026-01-02T04:35:35.379+0000] {logging_mixin.py:188} INFO - [2026-01-02T04:35:35.379+0000] {dag.py:3820} INFO - Setting next_dagrun for example_task_group_decorator to 2026-01-01T00:00:00+00:00, run_after=2026-01-02T00:00:00+00:00
[2026-01-02T04:35:35.389+0000] {processor.py:183} INFO - Processing /home/airflow/.local/lib/python3.8/site-packages/airflow/example_dags/example_task_group_decorator.py took 0.042 seconds
[2026-01-02T04:36:05.653+0000] {processor.py:161} INFO - Started process (PID=730) to work on /home/airflow/.local/lib/python3.8/site-packages/airflow/example_dags/example_task_group_decorator.py
[2026-01-02T04:36:05.653+0000] {processor.py:830} INFO - Processing file /home/airflow/.local/lib/python3.8/site-packages/airflow/example_dags/example_task_group_decorator.py for tasks to queue
[2026-01-02T04:36:05.654+0000] {logging_mixin.py:188} INFO - [2026-01-02T04:36:05.654+0000] {dagbag.py:538} INFO - Filling up the DagBag from /home/airflow/.local/lib/python3.8/site-packages/airflow/example_dags/example_task_group_decorator.py
[2026-01-02T04:36:05.660+0000] {processor.py:840} INFO - DAG(s) 'example_task_group_decorator' retrieved from /home/airflow/.local/lib/python3.8/site-packages/airflow/example_dags/example_task_group_decorator.py
[2026-01-02T04:36:05.672+0000] {logging_mixin.py:188} INFO - [2026-01-02T04:36:05.672+0000] {dag.py:3033} INFO - Sync 1 DAGs
[2026-01-02T04:36:05.683+0000] {logging_mixin.py:188} INFO - [2026-01-02T04:36:05.683+0000] {dag.py:3820} INFO - Setting next_dagrun for example_task_group_decorator to 2026-01-01T00:00:00+00:00, run_after=2026-01-02T00:00:00+00:00
[2026-01-02T04:36:05.697+0000] {processor.py:183} INFO - Processing /home/airflow/.local/lib/python3.8/site-packages/airflow/example_dags/example_task_group_decorator.py took 0.046 seconds
[2026-01-02T04:38:45.307+0000] {processor.py:161} INFO - Started process (PID=72) to work on /home/airflow/.local/lib/python3.8/site-packages/airflow/example_dags/example_task_group_decorator.py
[2026-01-02T04:38:45.308+0000] {processor.py:830} INFO - Processing file /home/airflow/.local/lib/python3.8/site-packages/airflow/example_dags/example_task_group_decorator.py for tasks to queue
[2026-01-02T04:38:45.309+0000] {logging_mixin.py:188} INFO - [2026-01-02T04:38:45.309+0000] {dagbag.py:538} INFO - Filling up the DagBag from /home/airflow/.local/lib/python3.8/site-packages/airflow/example_dags/example_task_group_decorator.py
[2026-01-02T04:38:45.317+0000] {processor.py:840} INFO - DAG(s) 'example_task_group_decorator' retrieved from /home/airflow/.local/lib/python3.8/site-packages/airflow/example_dags/example_task_group_decorator.py
[2026-01-02T04:38:45.323+0000] {logging_mixin.py:188} INFO - [2026-01-02T04:38:45.323+0000] {dag.py:3033} INFO - Sync 1 DAGs
[2026-01-02T04:38:45.338+0000] {logging_mixin.py:188} INFO - [2026-01-02T04:38:45.338+0000] {dag.py:3820} INFO - Setting next_dagrun for example_task_group_decorator to 2026-01-01T00:00:00+00:00, run_after=2026-01-02T00:00:00+00:00
[2026-01-02T04:38:45.350+0000] {processor.py:183} INFO - Processing /home/airflow/.local/lib/python3.8/site-packages/airflow/example_dags/example_task_group_decorator.py took 0.044 seconds
[2026-01-02T04:39:15.954+0000] {processor.py:161} INFO - Started process (PID=133) to work on /home/airflow/.local/lib/python3.8/site-packages/airflow/example_dags/example_task_group_decorator.py
[2026-01-02T04:39:15.954+0000] {processor.py:830} INFO - Processing file /home/airflow/.local/lib/python3.8/site-packages/airflow/example_dags/example_task_group_decorator.py for tasks to queue
[2026-01-02T04:39:15.955+0000] {logging_mixin.py:188} INFO - [2026-01-02T04:39:15.955+0000] {dagbag.py:538} INFO - Filling up the DagBag from /home/airflow/.local/lib/python3.8/site-packages/airflow/example_dags/example_task_group_decorator.py
[2026-01-02T04:39:15.961+0000] {processor.py:840} INFO - DAG(s) 'example_task_group_decorator' retrieved from /home/airflow/.local/lib/python3.8/site-packages/airflow/example_dags/example_task_group_decorator.py
[2026-01-02T04:39:16.006+0000] {logging_mixin.py:188} INFO - [2026-01-02T04:39:16.005+0000] {dag.py:3033} INFO - Sync 1 DAGs
[2026-01-02T04:39:16.014+0000] {logging_mixin.py:188} INFO - [2026-01-02T04:39:16.014+0000] {dag.py:3820} INFO - Setting next_dagrun for example_task_group_decorator to 2026-01-01T00:00:00+00:00, run_after=2026-01-02T00:00:00+00:00
[2026-01-02T04:39:16.024+0000] {processor.py:183} INFO - Processing /home/airflow/.local/lib/python3.8/site-packages/airflow/example_dags/example_task_group_decorator.py took 0.071 seconds
[2026-01-02T04:39:46.555+0000] {processor.py:161} INFO - Started process (PID=188) to work on /home/airflow/.local/lib/python3.8/site-packages/airflow/example_dags/example_task_group_decorator.py
[2026-01-02T04:39:46.555+0000] {processor.py:830} INFO - Processing file /home/airflow/.local/lib/python3.8/site-packages/airflow/example_dags/example_task_group_decorator.py for tasks to queue
[2026-01-02T04:39:46.556+0000] {logging_mixin.py:188} INFO - [2026-01-02T04:39:46.556+0000] {dagbag.py:538} INFO - Filling up the DagBag from /home/airflow/.local/lib/python3.8/site-packages/airflow/example_dags/example_task_group_decorator.py
[2026-01-02T04:39:46.562+0000] {processor.py:840} INFO - DAG(s) 'example_task_group_decorator' retrieved from /home/airflow/.local/lib/python3.8/site-packages/airflow/example_dags/example_task_group_decorator.py
[2026-01-02T04:39:46.572+0000] {logging_mixin.py:188} INFO - [2026-01-02T04:39:46.572+0000] {dag.py:3033} INFO - Sync 1 DAGs
[2026-01-02T04:39:46.582+0000] {logging_mixin.py:188} INFO - [2026-01-02T04:39:46.582+0000] {dag.py:3820} INFO - Setting next_dagrun for example_task_group_decorator to 2026-01-01T00:00:00+00:00, run_after=2026-01-02T00:00:00+00:00
[2026-01-02T04:39:46.591+0000] {processor.py:183} INFO - Processing /home/airflow/.local/lib/python3.8/site-packages/airflow/example_dags/example_task_group_decorator.py took 0.037 seconds
[2026-01-02T04:40:16.717+0000] {processor.py:161} INFO - Started process (PID=243) to work on /home/airflow/.local/lib/python3.8/site-packages/airflow/example_dags/example_task_group_decorator.py
[2026-01-02T04:40:16.717+0000] {processor.py:830} INFO - Processing file /home/airflow/.local/lib/python3.8/site-packages/airflow/example_dags/example_task_group_decorator.py for tasks to queue
[2026-01-02T04:40:16.718+0000] {logging_mixin.py:188} INFO - [2026-01-02T04:40:16.718+0000] {dagbag.py:538} INFO - Filling up the DagBag from /home/airflow/.local/lib/python3.8/site-packages/airflow/example_dags/example_task_group_decorator.py
[2026-01-02T04:40:16.724+0000] {processor.py:840} INFO - DAG(s) 'example_task_group_decorator' retrieved from /home/airflow/.local/lib/python3.8/site-packages/airflow/example_dags/example_task_group_decorator.py
[2026-01-02T04:40:16.734+0000] {logging_mixin.py:188} INFO - [2026-01-02T04:40:16.734+0000] {dag.py:3033} INFO - Sync 1 DAGs
[2026-01-02T04:40:16.743+0000] {logging_mixin.py:188} INFO - [2026-01-02T04:40:16.743+0000] {dag.py:3820} INFO - Setting next_dagrun for example_task_group_decorator to 2026-01-01T00:00:00+00:00, run_after=2026-01-02T00:00:00+00:00
[2026-01-02T04:40:16.753+0000] {processor.py:183} INFO - Processing /home/airflow/.local/lib/python3.8/site-packages/airflow/example_dags/example_task_group_decorator.py took 0.037 seconds
[2026-01-02T04:40:46.924+0000] {processor.py:161} INFO - Started process (PID=298) to work on /home/airflow/.local/lib/python3.8/site-packages/airflow/example_dags/example_task_group_decorator.py
[2026-01-02T04:40:46.926+0000] {processor.py:830} INFO - Processing file /home/airflow/.local/lib/python3.8/site-packages/airflow/example_dags/example_task_group_decorator.py for tasks to queue
[2026-01-02T04:40:46.927+0000] {logging_mixin.py:188} INFO - [2026-01-02T04:40:46.927+0000] {dagbag.py:538} INFO - Filling up the DagBag from /home/airflow/.local/lib/python3.8/site-packages/airflow/example_dags/example_task_group_decorator.py
[2026-01-02T04:40:46.934+0000] {processor.py:840} INFO - DAG(s) 'example_task_group_decorator' retrieved from /home/airflow/.local/lib/python3.8/site-packages/airflow/example_dags/example_task_group_decorator.py
[2026-01-02T04:40:46.945+0000] {logging_mixin.py:188} INFO - [2026-01-02T04:40:46.945+0000] {dag.py:3033} INFO - Sync 1 DAGs
[2026-01-02T04:40:46.954+0000] {logging_mixin.py:188} INFO - [2026-01-02T04:40:46.954+0000] {dag.py:3820} INFO - Setting next_dagrun for example_task_group_decorator to 2026-01-01T00:00:00+00:00, run_after=2026-01-02T00:00:00+00:00
[2026-01-02T04:40:46.963+0000] {processor.py:183} INFO - Processing /home/airflow/.local/lib/python3.8/site-packages/airflow/example_dags/example_task_group_decorator.py took 0.041 seconds
[2026-01-02T04:41:17.061+0000] {processor.py:161} INFO - Started process (PID=353) to work on /home/airflow/.local/lib/python3.8/site-packages/airflow/example_dags/example_task_group_decorator.py
[2026-01-02T04:41:17.062+0000] {processor.py:830} INFO - Processing file /home/airflow/.local/lib/python3.8/site-packages/airflow/example_dags/example_task_group_decorator.py for tasks to queue
[2026-01-02T04:41:17.063+0000] {logging_mixin.py:188} INFO - [2026-01-02T04:41:17.063+0000] {dagbag.py:538} INFO - Filling up the DagBag from /home/airflow/.local/lib/python3.8/site-packages/airflow/example_dags/example_task_group_decorator.py
[2026-01-02T04:41:17.069+0000] {processor.py:840} INFO - DAG(s) 'example_task_group_decorator' retrieved from /home/airflow/.local/lib/python3.8/site-packages/airflow/example_dags/example_task_group_decorator.py
[2026-01-02T04:41:17.080+0000] {logging_mixin.py:188} INFO - [2026-01-02T04:41:17.080+0000] {dag.py:3033} INFO - Sync 1 DAGs
[2026-01-02T04:41:17.089+0000] {logging_mixin.py:188} INFO - [2026-01-02T04:41:17.089+0000] {dag.py:3820} INFO - Setting next_dagrun for example_task_group_decorator to 2026-01-01T00:00:00+00:00, run_after=2026-01-02T00:00:00+00:00
[2026-01-02T04:41:17.098+0000] {processor.py:183} INFO - Processing /home/airflow/.local/lib/python3.8/site-packages/airflow/example_dags/example_task_group_decorator.py took 0.038 seconds
[2026-01-02T04:41:47.290+0000] {processor.py:161} INFO - Started process (PID=408) to work on /home/airflow/.local/lib/python3.8/site-packages/airflow/example_dags/example_task_group_decorator.py
[2026-01-02T04:41:47.291+0000] {processor.py:830} INFO - Processing file /home/airflow/.local/lib/python3.8/site-packages/airflow/example_dags/example_task_group_decorator.py for tasks to queue
[2026-01-02T04:41:47.292+0000] {logging_mixin.py:188} INFO - [2026-01-02T04:41:47.292+0000] {dagbag.py:538} INFO - Filling up the DagBag from /home/airflow/.local/lib/python3.8/site-packages/airflow/example_dags/example_task_group_decorator.py
[2026-01-02T04:41:47.298+0000] {processor.py:840} INFO - DAG(s) 'example_task_group_decorator' retrieved from /home/airflow/.local/lib/python3.8/site-packages/airflow/example_dags/example_task_group_decorator.py
[2026-01-02T04:41:47.308+0000] {logging_mixin.py:188} INFO - [2026-01-02T04:41:47.308+0000] {dag.py:3033} INFO - Sync 1 DAGs
[2026-01-02T04:41:47.317+0000] {logging_mixin.py:188} INFO - [2026-01-02T04:41:47.317+0000] {dag.py:3820} INFO - Setting next_dagrun for example_task_group_decorator to 2026-01-01T00:00:00+00:00, run_after=2026-01-02T00:00:00+00:00
[2026-01-02T04:41:47.327+0000] {processor.py:183} INFO - Processing /home/airflow/.local/lib/python3.8/site-packages/airflow/example_dags/example_task_group_decorator.py took 0.038 seconds
[2026-01-02T04:42:17.469+0000] {processor.py:161} INFO - Started process (PID=463) to work on /home/airflow/.local/lib/python3.8/site-packages/airflow/example_dags/example_task_group_decorator.py
[2026-01-02T04:42:17.470+0000] {processor.py:830} INFO - Processing file /home/airflow/.local/lib/python3.8/site-packages/airflow/example_dags/example_task_group_decorator.py for tasks to queue
[2026-01-02T04:42:17.471+0000] {logging_mixin.py:188} INFO - [2026-01-02T04:42:17.471+0000] {dagbag.py:538} INFO - Filling up the DagBag from /home/airflow/.local/lib/python3.8/site-packages/airflow/example_dags/example_task_group_decorator.py
[2026-01-02T04:42:17.476+0000] {processor.py:840} INFO - DAG(s) 'example_task_group_decorator' retrieved from /home/airflow/.local/lib/python3.8/site-packages/airflow/example_dags/example_task_group_decorator.py
[2026-01-02T04:42:17.487+0000] {logging_mixin.py:188} INFO - [2026-01-02T04:42:17.487+0000] {dag.py:3033} INFO - Sync 1 DAGs
[2026-01-02T04:42:17.496+0000] {logging_mixin.py:188} INFO - [2026-01-02T04:42:17.496+0000] {dag.py:3820} INFO - Setting next_dagrun for example_task_group_decorator to 2026-01-01T00:00:00+00:00, run_after=2026-01-02T00:00:00+00:00
[2026-01-02T04:42:17.505+0000] {processor.py:183} INFO - Processing /home/airflow/.local/lib/python3.8/site-packages/airflow/example_dags/example_task_group_decorator.py took 0.037 seconds
[2026-01-02T04:42:47.707+0000] {processor.py:161} INFO - Started process (PID=518) to work on /home/airflow/.local/lib/python3.8/site-packages/airflow/example_dags/example_task_group_decorator.py
[2026-01-02T04:42:47.708+0000] {processor.py:830} INFO - Processing file /home/airflow/.local/lib/python3.8/site-packages/airflow/example_dags/example_task_group_decorator.py for tasks to queue
[2026-01-02T04:42:47.709+0000] {logging_mixin.py:188} INFO - [2026-01-02T04:42:47.709+0000] {dagbag.py:538} INFO - Filling up the DagBag from /home/airflow/.local/lib/python3.8/site-packages/airflow/example_dags/example_task_group_decorator.py
[2026-01-02T04:42:47.715+0000] {processor.py:840} INFO - DAG(s) 'example_task_group_decorator' retrieved from /home/airflow/.local/lib/python3.8/site-packages/airflow/example_dags/example_task_group_decorator.py
[2026-01-02T04:42:47.728+0000] {logging_mixin.py:188} INFO - [2026-01-02T04:42:47.728+0000] {dag.py:3033} INFO - Sync 1 DAGs
[2026-01-02T04:42:47.738+0000] {logging_mixin.py:188} INFO - [2026-01-02T04:42:47.738+0000] {dag.py:3820} INFO - Setting next_dagrun for example_task_group_decorator to 2026-01-01T00:00:00+00:00, run_after=2026-01-02T00:00:00+00:00
[2026-01-02T04:42:47.747+0000] {processor.py:183} INFO - Processing /home/airflow/.local/lib/python3.8/site-packages/airflow/example_dags/example_task_group_decorator.py took 0.041 seconds
[2026-01-02T04:43:17.917+0000] {processor.py:161} INFO - Started process (PID=573) to work on /home/airflow/.local/lib/python3.8/site-packages/airflow/example_dags/example_task_group_decorator.py
[2026-01-02T04:43:17.918+0000] {processor.py:830} INFO - Processing file /home/airflow/.local/lib/python3.8/site-packages/airflow/example_dags/example_task_group_decorator.py for tasks to queue
[2026-01-02T04:43:17.919+0000] {logging_mixin.py:188} INFO - [2026-01-02T04:43:17.919+0000] {dagbag.py:538} INFO - Filling up the DagBag from /home/airflow/.local/lib/python3.8/site-packages/airflow/example_dags/example_task_group_decorator.py
[2026-01-02T04:43:17.927+0000] {processor.py:840} INFO - DAG(s) 'example_task_group_decorator' retrieved from /home/airflow/.local/lib/python3.8/site-packages/airflow/example_dags/example_task_group_decorator.py
[2026-01-02T04:43:17.938+0000] {logging_mixin.py:188} INFO - [2026-01-02T04:43:17.938+0000] {dag.py:3033} INFO - Sync 1 DAGs
[2026-01-02T04:43:17.948+0000] {logging_mixin.py:188} INFO - [2026-01-02T04:43:17.948+0000] {dag.py:3820} INFO - Setting next_dagrun for example_task_group_decorator to 2026-01-01T00:00:00+00:00, run_after=2026-01-02T00:00:00+00:00
[2026-01-02T04:43:17.958+0000] {processor.py:183} INFO - Processing /home/airflow/.local/lib/python3.8/site-packages/airflow/example_dags/example_task_group_decorator.py took 0.042 seconds
[2026-01-02T04:43:48.154+0000] {processor.py:161} INFO - Started process (PID=628) to work on /home/airflow/.local/lib/python3.8/site-packages/airflow/example_dags/example_task_group_decorator.py
[2026-01-02T04:43:48.154+0000] {processor.py:830} INFO - Processing file /home/airflow/.local/lib/python3.8/site-packages/airflow/example_dags/example_task_group_decorator.py for tasks to queue
[2026-01-02T04:43:48.156+0000] {logging_mixin.py:188} INFO - [2026-01-02T04:43:48.155+0000] {dagbag.py:538} INFO - Filling up the DagBag from /home/airflow/.local/lib/python3.8/site-packages/airflow/example_dags/example_task_group_decorator.py
[2026-01-02T04:43:48.163+0000] {processor.py:840} INFO - DAG(s) 'example_task_group_decorator' retrieved from /home/airflow/.local/lib/python3.8/site-packages/airflow/example_dags/example_task_group_decorator.py
[2026-01-02T04:43:48.176+0000] {logging_mixin.py:188} INFO - [2026-01-02T04:43:48.176+0000] {dag.py:3033} INFO - Sync 1 DAGs
[2026-01-02T04:43:48.187+0000] {logging_mixin.py:188} INFO - [2026-01-02T04:43:48.187+0000] {dag.py:3820} INFO - Setting next_dagrun for example_task_group_decorator to 2026-01-01T00:00:00+00:00, run_after=2026-01-02T00:00:00+00:00
[2026-01-02T04:43:48.197+0000] {processor.py:183} INFO - Processing /home/airflow/.local/lib/python3.8/site-packages/airflow/example_dags/example_task_group_decorator.py took 0.044 seconds
[2026-01-02T04:44:18.423+0000] {processor.py:161} INFO - Started process (PID=690) to work on /home/airflow/.local/lib/python3.8/site-packages/airflow/example_dags/example_task_group_decorator.py
[2026-01-02T04:44:18.424+0000] {processor.py:830} INFO - Processing file /home/airflow/.local/lib/python3.8/site-packages/airflow/example_dags/example_task_group_decorator.py for tasks to queue
[2026-01-02T04:44:18.425+0000] {logging_mixin.py:188} INFO - [2026-01-02T04:44:18.424+0000] {dagbag.py:538} INFO - Filling up the DagBag from /home/airflow/.local/lib/python3.8/site-packages/airflow/example_dags/example_task_group_decorator.py
[2026-01-02T04:44:18.431+0000] {processor.py:840} INFO - DAG(s) 'example_task_group_decorator' retrieved from /home/airflow/.local/lib/python3.8/site-packages/airflow/example_dags/example_task_group_decorator.py
[2026-01-02T04:44:18.442+0000] {logging_mixin.py:188} INFO - [2026-01-02T04:44:18.442+0000] {dag.py:3033} INFO - Sync 1 DAGs
[2026-01-02T04:44:18.452+0000] {logging_mixin.py:188} INFO - [2026-01-02T04:44:18.452+0000] {dag.py:3820} INFO - Setting next_dagrun for example_task_group_decorator to 2026-01-01T00:00:00+00:00, run_after=2026-01-02T00:00:00+00:00
[2026-01-02T04:44:18.464+0000] {processor.py:183} INFO - Processing /home/airflow/.local/lib/python3.8/site-packages/airflow/example_dags/example_task_group_decorator.py took 0.042 seconds
[2026-01-02T04:44:48.666+0000] {processor.py:161} INFO - Started process (PID=752) to work on /home/airflow/.local/lib/python3.8/site-packages/airflow/example_dags/example_task_group_decorator.py
[2026-01-02T04:44:48.667+0000] {processor.py:830} INFO - Processing file /home/airflow/.local/lib/python3.8/site-packages/airflow/example_dags/example_task_group_decorator.py for tasks to queue
[2026-01-02T04:44:48.668+0000] {logging_mixin.py:188} INFO - [2026-01-02T04:44:48.668+0000] {dagbag.py:538} INFO - Filling up the DagBag from /home/airflow/.local/lib/python3.8/site-packages/airflow/example_dags/example_task_group_decorator.py
[2026-01-02T04:44:48.675+0000] {processor.py:840} INFO - DAG(s) 'example_task_group_decorator' retrieved from /home/airflow/.local/lib/python3.8/site-packages/airflow/example_dags/example_task_group_decorator.py
[2026-01-02T04:44:48.689+0000] {logging_mixin.py:188} INFO - [2026-01-02T04:44:48.689+0000] {dag.py:3033} INFO - Sync 1 DAGs
[2026-01-02T04:44:48.699+0000] {logging_mixin.py:188} INFO - [2026-01-02T04:44:48.699+0000] {dag.py:3820} INFO - Setting next_dagrun for example_task_group_decorator to 2026-01-01T00:00:00+00:00, run_after=2026-01-02T00:00:00+00:00
[2026-01-02T04:44:48.708+0000] {processor.py:183} INFO - Processing /home/airflow/.local/lib/python3.8/site-packages/airflow/example_dags/example_task_group_decorator.py took 0.043 seconds
[2026-01-02T04:45:19.002+0000] {processor.py:161} INFO - Started process (PID=807) to work on /home/airflow/.local/lib/python3.8/site-packages/airflow/example_dags/example_task_group_decorator.py
[2026-01-02T04:45:19.002+0000] {processor.py:830} INFO - Processing file /home/airflow/.local/lib/python3.8/site-packages/airflow/example_dags/example_task_group_decorator.py for tasks to queue
[2026-01-02T04:45:19.003+0000] {logging_mixin.py:188} INFO - [2026-01-02T04:45:19.003+0000] {dagbag.py:538} INFO - Filling up the DagBag from /home/airflow/.local/lib/python3.8/site-packages/airflow/example_dags/example_task_group_decorator.py
[2026-01-02T04:45:19.009+0000] {processor.py:840} INFO - DAG(s) 'example_task_group_decorator' retrieved from /home/airflow/.local/lib/python3.8/site-packages/airflow/example_dags/example_task_group_decorator.py
[2026-01-02T04:45:19.022+0000] {logging_mixin.py:188} INFO - [2026-01-02T04:45:19.021+0000] {dag.py:3033} INFO - Sync 1 DAGs
[2026-01-02T04:45:19.032+0000] {logging_mixin.py:188} INFO - [2026-01-02T04:45:19.032+0000] {dag.py:3820} INFO - Setting next_dagrun for example_task_group_decorator to 2026-01-01T00:00:00+00:00, run_after=2026-01-02T00:00:00+00:00
[2026-01-02T04:45:19.045+0000] {processor.py:183} INFO - Processing /home/airflow/.local/lib/python3.8/site-packages/airflow/example_dags/example_task_group_decorator.py took 0.045 seconds
[2026-01-02T04:45:49.368+0000] {processor.py:161} INFO - Started process (PID=862) to work on /home/airflow/.local/lib/python3.8/site-packages/airflow/example_dags/example_task_group_decorator.py
[2026-01-02T04:45:49.369+0000] {processor.py:830} INFO - Processing file /home/airflow/.local/lib/python3.8/site-packages/airflow/example_dags/example_task_group_decorator.py for tasks to queue
[2026-01-02T04:45:49.370+0000] {logging_mixin.py:188} INFO - [2026-01-02T04:45:49.370+0000] {dagbag.py:538} INFO - Filling up the DagBag from /home/airflow/.local/lib/python3.8/site-packages/airflow/example_dags/example_task_group_decorator.py
[2026-01-02T04:45:49.376+0000] {processor.py:840} INFO - DAG(s) 'example_task_group_decorator' retrieved from /home/airflow/.local/lib/python3.8/site-packages/airflow/example_dags/example_task_group_decorator.py
[2026-01-02T04:45:49.387+0000] {logging_mixin.py:188} INFO - [2026-01-02T04:45:49.387+0000] {dag.py:3033} INFO - Sync 1 DAGs
[2026-01-02T04:45:49.397+0000] {logging_mixin.py:188} INFO - [2026-01-02T04:45:49.397+0000] {dag.py:3820} INFO - Setting next_dagrun for example_task_group_decorator to 2026-01-01T00:00:00+00:00, run_after=2026-01-02T00:00:00+00:00
[2026-01-02T04:45:49.407+0000] {processor.py:183} INFO - Processing /home/airflow/.local/lib/python3.8/site-packages/airflow/example_dags/example_task_group_decorator.py took 0.040 seconds
[2026-01-02T04:46:19.631+0000] {processor.py:161} INFO - Started process (PID=917) to work on /home/airflow/.local/lib/python3.8/site-packages/airflow/example_dags/example_task_group_decorator.py
[2026-01-02T04:46:19.631+0000] {processor.py:830} INFO - Processing file /home/airflow/.local/lib/python3.8/site-packages/airflow/example_dags/example_task_group_decorator.py for tasks to queue
[2026-01-02T04:46:19.632+0000] {logging_mixin.py:188} INFO - [2026-01-02T04:46:19.632+0000] {dagbag.py:538} INFO - Filling up the DagBag from /home/airflow/.local/lib/python3.8/site-packages/airflow/example_dags/example_task_group_decorator.py
[2026-01-02T04:46:19.638+0000] {processor.py:840} INFO - DAG(s) 'example_task_group_decorator' retrieved from /home/airflow/.local/lib/python3.8/site-packages/airflow/example_dags/example_task_group_decorator.py
[2026-01-02T04:46:19.649+0000] {logging_mixin.py:188} INFO - [2026-01-02T04:46:19.649+0000] {dag.py:3033} INFO - Sync 1 DAGs
[2026-01-02T04:46:19.659+0000] {logging_mixin.py:188} INFO - [2026-01-02T04:46:19.659+0000] {dag.py:3820} INFO - Setting next_dagrun for example_task_group_decorator to 2026-01-01T00:00:00+00:00, run_after=2026-01-02T00:00:00+00:00
[2026-01-02T04:46:19.672+0000] {processor.py:183} INFO - Processing /home/airflow/.local/lib/python3.8/site-packages/airflow/example_dags/example_task_group_decorator.py took 0.043 seconds
[2026-01-02T04:46:49.965+0000] {processor.py:161} INFO - Started process (PID=972) to work on /home/airflow/.local/lib/python3.8/site-packages/airflow/example_dags/example_task_group_decorator.py
[2026-01-02T04:46:49.966+0000] {processor.py:830} INFO - Processing file /home/airflow/.local/lib/python3.8/site-packages/airflow/example_dags/example_task_group_decorator.py for tasks to queue
[2026-01-02T04:46:49.966+0000] {logging_mixin.py:188} INFO - [2026-01-02T04:46:49.966+0000] {dagbag.py:538} INFO - Filling up the DagBag from /home/airflow/.local/lib/python3.8/site-packages/airflow/example_dags/example_task_group_decorator.py
[2026-01-02T04:46:49.972+0000] {processor.py:840} INFO - DAG(s) 'example_task_group_decorator' retrieved from /home/airflow/.local/lib/python3.8/site-packages/airflow/example_dags/example_task_group_decorator.py
[2026-01-02T04:46:49.984+0000] {logging_mixin.py:188} INFO - [2026-01-02T04:46:49.983+0000] {dag.py:3033} INFO - Sync 1 DAGs
[2026-01-02T04:46:49.994+0000] {logging_mixin.py:188} INFO - [2026-01-02T04:46:49.994+0000] {dag.py:3820} INFO - Setting next_dagrun for example_task_group_decorator to 2026-01-01T00:00:00+00:00, run_after=2026-01-02T00:00:00+00:00
[2026-01-02T04:46:50.004+0000] {processor.py:183} INFO - Processing /home/airflow/.local/lib/python3.8/site-packages/airflow/example_dags/example_task_group_decorator.py took 0.040 seconds
[2026-01-02T04:47:20.215+0000] {processor.py:161} INFO - Started process (PID=1027) to work on /home/airflow/.local/lib/python3.8/site-packages/airflow/example_dags/example_task_group_decorator.py
[2026-01-02T04:47:20.216+0000] {processor.py:830} INFO - Processing file /home/airflow/.local/lib/python3.8/site-packages/airflow/example_dags/example_task_group_decorator.py for tasks to queue
[2026-01-02T04:47:20.217+0000] {logging_mixin.py:188} INFO - [2026-01-02T04:47:20.217+0000] {dagbag.py:538} INFO - Filling up the DagBag from /home/airflow/.local/lib/python3.8/site-packages/airflow/example_dags/example_task_group_decorator.py
[2026-01-02T04:47:20.224+0000] {processor.py:840} INFO - DAG(s) 'example_task_group_decorator' retrieved from /home/airflow/.local/lib/python3.8/site-packages/airflow/example_dags/example_task_group_decorator.py
[2026-01-02T04:47:20.235+0000] {logging_mixin.py:188} INFO - [2026-01-02T04:47:20.235+0000] {dag.py:3033} INFO - Sync 1 DAGs
[2026-01-02T04:47:20.244+0000] {logging_mixin.py:188} INFO - [2026-01-02T04:47:20.244+0000] {dag.py:3820} INFO - Setting next_dagrun for example_task_group_decorator to 2026-01-01T00:00:00+00:00, run_after=2026-01-02T00:00:00+00:00
[2026-01-02T04:47:20.253+0000] {processor.py:183} INFO - Processing /home/airflow/.local/lib/python3.8/site-packages/airflow/example_dags/example_task_group_decorator.py took 0.039 seconds
