[2026-01-02T04:28:03.878+0000] {processor.py:161} INFO - Started process (PID=53) to work on /home/airflow/.local/lib/python3.8/site-packages/airflow/example_dags/example_task_group.py
[2026-01-02T04:28:03.879+0000] {processor.py:830} INFO - Processing file /home/airflow/.local/lib/python3.8/site-packages/airflow/example_dags/example_task_group.py for tasks to queue
[2026-01-02T04:28:03.880+0000] {logging_mixin.py:188} INFO - [2026-01-02T04:28:03.880+0000] {dagbag.py:538} INFO - Filling up the DagBag from /home/airflow/.local/lib/python3.8/site-packages/airflow/example_dags/example_task_group.py
[2026-01-02T04:28:03.885+0000] {processor.py:840} INFO - DAG(s) 'example_task_group' retrieved from /home/airflow/.local/lib/python3.8/site-packages/airflow/example_dags/example_task_group.py
[2026-01-02T04:28:03.939+0000] {logging_mixin.py:188} INFO - [2026-01-02T04:28:03.939+0000] {override.py:1769} INFO - Created Permission View: can edit on DAG:example_task_group
[2026-01-02T04:28:03.946+0000] {logging_mixin.py:188} INFO - [2026-01-02T04:28:03.946+0000] {override.py:1769} INFO - Created Permission View: can delete on DAG:example_task_group
[2026-01-02T04:28:03.950+0000] {logging_mixin.py:188} INFO - [2026-01-02T04:28:03.950+0000] {override.py:1769} INFO - Created Permission View: can read on DAG:example_task_group
[2026-01-02T04:28:03.951+0000] {logging_mixin.py:188} INFO - [2026-01-02T04:28:03.951+0000] {dag.py:3033} INFO - Sync 1 DAGs
[2026-01-02T04:28:03.956+0000] {logging_mixin.py:188} INFO - [2026-01-02T04:28:03.956+0000] {dag.py:3055} INFO - Creating ORM DAG for example_task_group
[2026-01-02T04:28:03.961+0000] {logging_mixin.py:188} INFO - [2026-01-02T04:28:03.960+0000] {dag.py:3820} INFO - Setting next_dagrun for example_task_group to 2026-01-01T00:00:00+00:00, run_after=2026-01-02T00:00:00+00:00
[2026-01-02T04:28:03.971+0000] {processor.py:183} INFO - Processing /home/airflow/.local/lib/python3.8/site-packages/airflow/example_dags/example_task_group.py took 0.094 seconds
[2026-01-02T04:28:34.959+0000] {processor.py:161} INFO - Started process (PID=114) to work on /home/airflow/.local/lib/python3.8/site-packages/airflow/example_dags/example_task_group.py
[2026-01-02T04:28:34.960+0000] {processor.py:830} INFO - Processing file /home/airflow/.local/lib/python3.8/site-packages/airflow/example_dags/example_task_group.py for tasks to queue
[2026-01-02T04:28:34.961+0000] {logging_mixin.py:188} INFO - [2026-01-02T04:28:34.961+0000] {dagbag.py:538} INFO - Filling up the DagBag from /home/airflow/.local/lib/python3.8/site-packages/airflow/example_dags/example_task_group.py
[2026-01-02T04:28:34.964+0000] {processor.py:840} INFO - DAG(s) 'example_task_group' retrieved from /home/airflow/.local/lib/python3.8/site-packages/airflow/example_dags/example_task_group.py
[2026-01-02T04:28:34.976+0000] {logging_mixin.py:188} INFO - [2026-01-02T04:28:34.976+0000] {dag.py:3033} INFO - Sync 1 DAGs
[2026-01-02T04:28:34.987+0000] {logging_mixin.py:188} INFO - [2026-01-02T04:28:34.987+0000] {dag.py:3820} INFO - Setting next_dagrun for example_task_group to 2026-01-01T00:00:00+00:00, run_after=2026-01-02T00:00:00+00:00
[2026-01-02T04:28:34.997+0000] {processor.py:183} INFO - Processing /home/airflow/.local/lib/python3.8/site-packages/airflow/example_dags/example_task_group.py took 0.039 seconds
[2026-01-02T04:29:59.704+0000] {processor.py:161} INFO - Started process (PID=45) to work on /home/airflow/.local/lib/python3.8/site-packages/airflow/example_dags/example_task_group.py
[2026-01-02T04:29:59.704+0000] {processor.py:830} INFO - Processing file /home/airflow/.local/lib/python3.8/site-packages/airflow/example_dags/example_task_group.py for tasks to queue
[2026-01-02T04:29:59.705+0000] {logging_mixin.py:188} INFO - [2026-01-02T04:29:59.705+0000] {dagbag.py:538} INFO - Filling up the DagBag from /home/airflow/.local/lib/python3.8/site-packages/airflow/example_dags/example_task_group.py
[2026-01-02T04:29:59.709+0000] {processor.py:840} INFO - DAG(s) 'example_task_group' retrieved from /home/airflow/.local/lib/python3.8/site-packages/airflow/example_dags/example_task_group.py
[2026-01-02T04:29:59.717+0000] {logging_mixin.py:188} INFO - [2026-01-02T04:29:59.717+0000] {dag.py:3033} INFO - Sync 1 DAGs
[2026-01-02T04:29:59.728+0000] {logging_mixin.py:188} INFO - [2026-01-02T04:29:59.728+0000] {dag.py:3820} INFO - Setting next_dagrun for example_task_group to 2026-01-01T00:00:00+00:00, run_after=2026-01-02T00:00:00+00:00
[2026-01-02T04:29:59.740+0000] {processor.py:183} INFO - Processing /home/airflow/.local/lib/python3.8/site-packages/airflow/example_dags/example_task_group.py took 0.037 seconds
[2026-01-02T04:30:30.407+0000] {processor.py:161} INFO - Started process (PID=106) to work on /home/airflow/.local/lib/python3.8/site-packages/airflow/example_dags/example_task_group.py
[2026-01-02T04:30:30.407+0000] {processor.py:830} INFO - Processing file /home/airflow/.local/lib/python3.8/site-packages/airflow/example_dags/example_task_group.py for tasks to queue
[2026-01-02T04:30:30.409+0000] {logging_mixin.py:188} INFO - [2026-01-02T04:30:30.408+0000] {dagbag.py:538} INFO - Filling up the DagBag from /home/airflow/.local/lib/python3.8/site-packages/airflow/example_dags/example_task_group.py
[2026-01-02T04:30:30.412+0000] {processor.py:840} INFO - DAG(s) 'example_task_group' retrieved from /home/airflow/.local/lib/python3.8/site-packages/airflow/example_dags/example_task_group.py
[2026-01-02T04:30:30.458+0000] {logging_mixin.py:188} INFO - [2026-01-02T04:30:30.458+0000] {dag.py:3033} INFO - Sync 1 DAGs
[2026-01-02T04:30:30.468+0000] {logging_mixin.py:188} INFO - [2026-01-02T04:30:30.468+0000] {dag.py:3820} INFO - Setting next_dagrun for example_task_group to 2026-01-01T00:00:00+00:00, run_after=2026-01-02T00:00:00+00:00
[2026-01-02T04:30:30.479+0000] {processor.py:183} INFO - Processing /home/airflow/.local/lib/python3.8/site-packages/airflow/example_dags/example_task_group.py took 0.074 seconds
[2026-01-02T04:31:00.679+0000] {processor.py:161} INFO - Started process (PID=161) to work on /home/airflow/.local/lib/python3.8/site-packages/airflow/example_dags/example_task_group.py
[2026-01-02T04:31:00.680+0000] {processor.py:830} INFO - Processing file /home/airflow/.local/lib/python3.8/site-packages/airflow/example_dags/example_task_group.py for tasks to queue
[2026-01-02T04:31:00.683+0000] {logging_mixin.py:188} INFO - [2026-01-02T04:31:00.683+0000] {dagbag.py:538} INFO - Filling up the DagBag from /home/airflow/.local/lib/python3.8/site-packages/airflow/example_dags/example_task_group.py
[2026-01-02T04:31:00.692+0000] {processor.py:840} INFO - DAG(s) 'example_task_group' retrieved from /home/airflow/.local/lib/python3.8/site-packages/airflow/example_dags/example_task_group.py
[2026-01-02T04:31:00.703+0000] {logging_mixin.py:188} INFO - [2026-01-02T04:31:00.703+0000] {dag.py:3033} INFO - Sync 1 DAGs
[2026-01-02T04:31:00.714+0000] {logging_mixin.py:188} INFO - [2026-01-02T04:31:00.714+0000] {dag.py:3820} INFO - Setting next_dagrun for example_task_group to 2026-01-01T00:00:00+00:00, run_after=2026-01-02T00:00:00+00:00
[2026-01-02T04:31:00.727+0000] {processor.py:183} INFO - Processing /home/airflow/.local/lib/python3.8/site-packages/airflow/example_dags/example_task_group.py took 0.050 seconds
[2026-01-02T04:31:31.224+0000] {processor.py:161} INFO - Started process (PID=216) to work on /home/airflow/.local/lib/python3.8/site-packages/airflow/example_dags/example_task_group.py
[2026-01-02T04:31:31.225+0000] {processor.py:830} INFO - Processing file /home/airflow/.local/lib/python3.8/site-packages/airflow/example_dags/example_task_group.py for tasks to queue
[2026-01-02T04:31:31.226+0000] {logging_mixin.py:188} INFO - [2026-01-02T04:31:31.226+0000] {dagbag.py:538} INFO - Filling up the DagBag from /home/airflow/.local/lib/python3.8/site-packages/airflow/example_dags/example_task_group.py
[2026-01-02T04:31:31.230+0000] {processor.py:840} INFO - DAG(s) 'example_task_group' retrieved from /home/airflow/.local/lib/python3.8/site-packages/airflow/example_dags/example_task_group.py
[2026-01-02T04:31:31.241+0000] {logging_mixin.py:188} INFO - [2026-01-02T04:31:31.241+0000] {dag.py:3033} INFO - Sync 1 DAGs
[2026-01-02T04:31:31.252+0000] {logging_mixin.py:188} INFO - [2026-01-02T04:31:31.251+0000] {dag.py:3820} INFO - Setting next_dagrun for example_task_group to 2026-01-01T00:00:00+00:00, run_after=2026-01-02T00:00:00+00:00
[2026-01-02T04:31:31.264+0000] {processor.py:183} INFO - Processing /home/airflow/.local/lib/python3.8/site-packages/airflow/example_dags/example_task_group.py took 0.041 seconds
[2026-01-02T04:32:01.642+0000] {processor.py:161} INFO - Started process (PID=271) to work on /home/airflow/.local/lib/python3.8/site-packages/airflow/example_dags/example_task_group.py
[2026-01-02T04:32:01.642+0000] {processor.py:830} INFO - Processing file /home/airflow/.local/lib/python3.8/site-packages/airflow/example_dags/example_task_group.py for tasks to queue
[2026-01-02T04:32:01.643+0000] {logging_mixin.py:188} INFO - [2026-01-02T04:32:01.643+0000] {dagbag.py:538} INFO - Filling up the DagBag from /home/airflow/.local/lib/python3.8/site-packages/airflow/example_dags/example_task_group.py
[2026-01-02T04:32:01.646+0000] {processor.py:840} INFO - DAG(s) 'example_task_group' retrieved from /home/airflow/.local/lib/python3.8/site-packages/airflow/example_dags/example_task_group.py
[2026-01-02T04:32:01.658+0000] {logging_mixin.py:188} INFO - [2026-01-02T04:32:01.658+0000] {dag.py:3033} INFO - Sync 1 DAGs
[2026-01-02T04:32:01.671+0000] {logging_mixin.py:188} INFO - [2026-01-02T04:32:01.671+0000] {dag.py:3820} INFO - Setting next_dagrun for example_task_group to 2026-01-01T00:00:00+00:00, run_after=2026-01-02T00:00:00+00:00
[2026-01-02T04:32:01.683+0000] {processor.py:183} INFO - Processing /home/airflow/.local/lib/python3.8/site-packages/airflow/example_dags/example_task_group.py took 0.042 seconds
[2026-01-02T04:32:32.014+0000] {processor.py:161} INFO - Started process (PID=326) to work on /home/airflow/.local/lib/python3.8/site-packages/airflow/example_dags/example_task_group.py
[2026-01-02T04:32:32.014+0000] {processor.py:830} INFO - Processing file /home/airflow/.local/lib/python3.8/site-packages/airflow/example_dags/example_task_group.py for tasks to queue
[2026-01-02T04:32:32.015+0000] {logging_mixin.py:188} INFO - [2026-01-02T04:32:32.015+0000] {dagbag.py:538} INFO - Filling up the DagBag from /home/airflow/.local/lib/python3.8/site-packages/airflow/example_dags/example_task_group.py
[2026-01-02T04:32:32.018+0000] {processor.py:840} INFO - DAG(s) 'example_task_group' retrieved from /home/airflow/.local/lib/python3.8/site-packages/airflow/example_dags/example_task_group.py
[2026-01-02T04:32:32.027+0000] {logging_mixin.py:188} INFO - [2026-01-02T04:32:32.027+0000] {dag.py:3033} INFO - Sync 1 DAGs
[2026-01-02T04:32:32.037+0000] {logging_mixin.py:188} INFO - [2026-01-02T04:32:32.037+0000] {dag.py:3820} INFO - Setting next_dagrun for example_task_group to 2026-01-01T00:00:00+00:00, run_after=2026-01-02T00:00:00+00:00
[2026-01-02T04:32:32.047+0000] {processor.py:183} INFO - Processing /home/airflow/.local/lib/python3.8/site-packages/airflow/example_dags/example_task_group.py took 0.035 seconds
[2026-01-02T04:33:02.276+0000] {processor.py:161} INFO - Started process (PID=381) to work on /home/airflow/.local/lib/python3.8/site-packages/airflow/example_dags/example_task_group.py
[2026-01-02T04:33:02.277+0000] {processor.py:830} INFO - Processing file /home/airflow/.local/lib/python3.8/site-packages/airflow/example_dags/example_task_group.py for tasks to queue
[2026-01-02T04:33:02.278+0000] {logging_mixin.py:188} INFO - [2026-01-02T04:33:02.278+0000] {dagbag.py:538} INFO - Filling up the DagBag from /home/airflow/.local/lib/python3.8/site-packages/airflow/example_dags/example_task_group.py
[2026-01-02T04:33:02.281+0000] {processor.py:840} INFO - DAG(s) 'example_task_group' retrieved from /home/airflow/.local/lib/python3.8/site-packages/airflow/example_dags/example_task_group.py
[2026-01-02T04:33:02.292+0000] {logging_mixin.py:188} INFO - [2026-01-02T04:33:02.291+0000] {dag.py:3033} INFO - Sync 1 DAGs
[2026-01-02T04:33:02.301+0000] {logging_mixin.py:188} INFO - [2026-01-02T04:33:02.301+0000] {dag.py:3820} INFO - Setting next_dagrun for example_task_group to 2026-01-01T00:00:00+00:00, run_after=2026-01-02T00:00:00+00:00
[2026-01-02T04:33:02.311+0000] {processor.py:183} INFO - Processing /home/airflow/.local/lib/python3.8/site-packages/airflow/example_dags/example_task_group.py took 0.036 seconds
[2026-01-02T04:33:32.586+0000] {processor.py:161} INFO - Started process (PID=436) to work on /home/airflow/.local/lib/python3.8/site-packages/airflow/example_dags/example_task_group.py
[2026-01-02T04:33:32.586+0000] {processor.py:830} INFO - Processing file /home/airflow/.local/lib/python3.8/site-packages/airflow/example_dags/example_task_group.py for tasks to queue
[2026-01-02T04:33:32.587+0000] {logging_mixin.py:188} INFO - [2026-01-02T04:33:32.587+0000] {dagbag.py:538} INFO - Filling up the DagBag from /home/airflow/.local/lib/python3.8/site-packages/airflow/example_dags/example_task_group.py
[2026-01-02T04:33:32.590+0000] {processor.py:840} INFO - DAG(s) 'example_task_group' retrieved from /home/airflow/.local/lib/python3.8/site-packages/airflow/example_dags/example_task_group.py
[2026-01-02T04:33:32.601+0000] {logging_mixin.py:188} INFO - [2026-01-02T04:33:32.601+0000] {dag.py:3033} INFO - Sync 1 DAGs
[2026-01-02T04:33:32.611+0000] {logging_mixin.py:188} INFO - [2026-01-02T04:33:32.611+0000] {dag.py:3820} INFO - Setting next_dagrun for example_task_group to 2026-01-01T00:00:00+00:00, run_after=2026-01-02T00:00:00+00:00
[2026-01-02T04:33:32.623+0000] {processor.py:183} INFO - Processing /home/airflow/.local/lib/python3.8/site-packages/airflow/example_dags/example_task_group.py took 0.038 seconds
[2026-01-02T04:34:02.889+0000] {processor.py:161} INFO - Started process (PID=491) to work on /home/airflow/.local/lib/python3.8/site-packages/airflow/example_dags/example_task_group.py
[2026-01-02T04:34:02.889+0000] {processor.py:830} INFO - Processing file /home/airflow/.local/lib/python3.8/site-packages/airflow/example_dags/example_task_group.py for tasks to queue
[2026-01-02T04:34:02.890+0000] {logging_mixin.py:188} INFO - [2026-01-02T04:34:02.890+0000] {dagbag.py:538} INFO - Filling up the DagBag from /home/airflow/.local/lib/python3.8/site-packages/airflow/example_dags/example_task_group.py
[2026-01-02T04:34:02.893+0000] {processor.py:840} INFO - DAG(s) 'example_task_group' retrieved from /home/airflow/.local/lib/python3.8/site-packages/airflow/example_dags/example_task_group.py
[2026-01-02T04:34:02.904+0000] {logging_mixin.py:188} INFO - [2026-01-02T04:34:02.904+0000] {dag.py:3033} INFO - Sync 1 DAGs
[2026-01-02T04:34:02.914+0000] {logging_mixin.py:188} INFO - [2026-01-02T04:34:02.914+0000] {dag.py:3820} INFO - Setting next_dagrun for example_task_group to 2026-01-01T00:00:00+00:00, run_after=2026-01-02T00:00:00+00:00
[2026-01-02T04:34:02.928+0000] {processor.py:183} INFO - Processing /home/airflow/.local/lib/python3.8/site-packages/airflow/example_dags/example_task_group.py took 0.040 seconds
[2026-01-02T04:34:33.180+0000] {processor.py:161} INFO - Started process (PID=546) to work on /home/airflow/.local/lib/python3.8/site-packages/airflow/example_dags/example_task_group.py
[2026-01-02T04:34:33.181+0000] {processor.py:830} INFO - Processing file /home/airflow/.local/lib/python3.8/site-packages/airflow/example_dags/example_task_group.py for tasks to queue
[2026-01-02T04:34:33.182+0000] {logging_mixin.py:188} INFO - [2026-01-02T04:34:33.181+0000] {dagbag.py:538} INFO - Filling up the DagBag from /home/airflow/.local/lib/python3.8/site-packages/airflow/example_dags/example_task_group.py
[2026-01-02T04:34:33.185+0000] {processor.py:840} INFO - DAG(s) 'example_task_group' retrieved from /home/airflow/.local/lib/python3.8/site-packages/airflow/example_dags/example_task_group.py
[2026-01-02T04:34:33.194+0000] {logging_mixin.py:188} INFO - [2026-01-02T04:34:33.194+0000] {dag.py:3033} INFO - Sync 1 DAGs
[2026-01-02T04:34:33.203+0000] {logging_mixin.py:188} INFO - [2026-01-02T04:34:33.203+0000] {dag.py:3820} INFO - Setting next_dagrun for example_task_group to 2026-01-01T00:00:00+00:00, run_after=2026-01-02T00:00:00+00:00
[2026-01-02T04:34:33.218+0000] {processor.py:183} INFO - Processing /home/airflow/.local/lib/python3.8/site-packages/airflow/example_dags/example_task_group.py took 0.039 seconds
[2026-01-02T04:35:03.514+0000] {processor.py:161} INFO - Started process (PID=601) to work on /home/airflow/.local/lib/python3.8/site-packages/airflow/example_dags/example_task_group.py
[2026-01-02T04:35:03.514+0000] {processor.py:830} INFO - Processing file /home/airflow/.local/lib/python3.8/site-packages/airflow/example_dags/example_task_group.py for tasks to queue
[2026-01-02T04:35:03.515+0000] {logging_mixin.py:188} INFO - [2026-01-02T04:35:03.515+0000] {dagbag.py:538} INFO - Filling up the DagBag from /home/airflow/.local/lib/python3.8/site-packages/airflow/example_dags/example_task_group.py
[2026-01-02T04:35:03.518+0000] {processor.py:840} INFO - DAG(s) 'example_task_group' retrieved from /home/airflow/.local/lib/python3.8/site-packages/airflow/example_dags/example_task_group.py
[2026-01-02T04:35:03.528+0000] {logging_mixin.py:188} INFO - [2026-01-02T04:35:03.527+0000] {dag.py:3033} INFO - Sync 1 DAGs
[2026-01-02T04:35:03.538+0000] {logging_mixin.py:188} INFO - [2026-01-02T04:35:03.537+0000] {dag.py:3820} INFO - Setting next_dagrun for example_task_group to 2026-01-01T00:00:00+00:00, run_after=2026-01-02T00:00:00+00:00
[2026-01-02T04:35:03.547+0000] {processor.py:183} INFO - Processing /home/airflow/.local/lib/python3.8/site-packages/airflow/example_dags/example_task_group.py took 0.035 seconds
[2026-01-02T04:35:33.848+0000] {processor.py:161} INFO - Started process (PID=656) to work on /home/airflow/.local/lib/python3.8/site-packages/airflow/example_dags/example_task_group.py
[2026-01-02T04:35:33.848+0000] {processor.py:830} INFO - Processing file /home/airflow/.local/lib/python3.8/site-packages/airflow/example_dags/example_task_group.py for tasks to queue
[2026-01-02T04:35:33.850+0000] {logging_mixin.py:188} INFO - [2026-01-02T04:35:33.849+0000] {dagbag.py:538} INFO - Filling up the DagBag from /home/airflow/.local/lib/python3.8/site-packages/airflow/example_dags/example_task_group.py
[2026-01-02T04:35:33.854+0000] {processor.py:840} INFO - DAG(s) 'example_task_group' retrieved from /home/airflow/.local/lib/python3.8/site-packages/airflow/example_dags/example_task_group.py
[2026-01-02T04:35:33.865+0000] {logging_mixin.py:188} INFO - [2026-01-02T04:35:33.864+0000] {dag.py:3033} INFO - Sync 1 DAGs
[2026-01-02T04:35:33.876+0000] {logging_mixin.py:188} INFO - [2026-01-02T04:35:33.876+0000] {dag.py:3820} INFO - Setting next_dagrun for example_task_group to 2026-01-01T00:00:00+00:00, run_after=2026-01-02T00:00:00+00:00
[2026-01-02T04:35:33.889+0000] {processor.py:183} INFO - Processing /home/airflow/.local/lib/python3.8/site-packages/airflow/example_dags/example_task_group.py took 0.043 seconds
[2026-01-02T04:36:04.081+0000] {processor.py:161} INFO - Started process (PID=711) to work on /home/airflow/.local/lib/python3.8/site-packages/airflow/example_dags/example_task_group.py
[2026-01-02T04:36:04.082+0000] {processor.py:830} INFO - Processing file /home/airflow/.local/lib/python3.8/site-packages/airflow/example_dags/example_task_group.py for tasks to queue
[2026-01-02T04:36:04.083+0000] {logging_mixin.py:188} INFO - [2026-01-02T04:36:04.083+0000] {dagbag.py:538} INFO - Filling up the DagBag from /home/airflow/.local/lib/python3.8/site-packages/airflow/example_dags/example_task_group.py
[2026-01-02T04:36:04.086+0000] {processor.py:840} INFO - DAG(s) 'example_task_group' retrieved from /home/airflow/.local/lib/python3.8/site-packages/airflow/example_dags/example_task_group.py
[2026-01-02T04:36:04.096+0000] {logging_mixin.py:188} INFO - [2026-01-02T04:36:04.096+0000] {dag.py:3033} INFO - Sync 1 DAGs
[2026-01-02T04:36:04.107+0000] {logging_mixin.py:188} INFO - [2026-01-02T04:36:04.107+0000] {dag.py:3820} INFO - Setting next_dagrun for example_task_group to 2026-01-01T00:00:00+00:00, run_after=2026-01-02T00:00:00+00:00
[2026-01-02T04:36:04.121+0000] {processor.py:183} INFO - Processing /home/airflow/.local/lib/python3.8/site-packages/airflow/example_dags/example_task_group.py took 0.041 seconds
[2026-01-02T04:38:44.729+0000] {processor.py:161} INFO - Started process (PID=53) to work on /home/airflow/.local/lib/python3.8/site-packages/airflow/example_dags/example_task_group.py
[2026-01-02T04:38:44.730+0000] {processor.py:830} INFO - Processing file /home/airflow/.local/lib/python3.8/site-packages/airflow/example_dags/example_task_group.py for tasks to queue
[2026-01-02T04:38:44.731+0000] {logging_mixin.py:188} INFO - [2026-01-02T04:38:44.731+0000] {dagbag.py:538} INFO - Filling up the DagBag from /home/airflow/.local/lib/python3.8/site-packages/airflow/example_dags/example_task_group.py
[2026-01-02T04:38:44.740+0000] {processor.py:840} INFO - DAG(s) 'example_task_group' retrieved from /home/airflow/.local/lib/python3.8/site-packages/airflow/example_dags/example_task_group.py
[2026-01-02T04:38:44.747+0000] {logging_mixin.py:188} INFO - [2026-01-02T04:38:44.746+0000] {dag.py:3033} INFO - Sync 1 DAGs
[2026-01-02T04:38:44.758+0000] {logging_mixin.py:188} INFO - [2026-01-02T04:38:44.758+0000] {dag.py:3820} INFO - Setting next_dagrun for example_task_group to 2026-01-01T00:00:00+00:00, run_after=2026-01-02T00:00:00+00:00
[2026-01-02T04:38:44.769+0000] {processor.py:183} INFO - Processing /home/airflow/.local/lib/python3.8/site-packages/airflow/example_dags/example_task_group.py took 0.042 seconds
[2026-01-02T04:39:15.145+0000] {processor.py:161} INFO - Started process (PID=108) to work on /home/airflow/.local/lib/python3.8/site-packages/airflow/example_dags/example_task_group.py
[2026-01-02T04:39:15.145+0000] {processor.py:830} INFO - Processing file /home/airflow/.local/lib/python3.8/site-packages/airflow/example_dags/example_task_group.py for tasks to queue
[2026-01-02T04:39:15.147+0000] {logging_mixin.py:188} INFO - [2026-01-02T04:39:15.146+0000] {dagbag.py:538} INFO - Filling up the DagBag from /home/airflow/.local/lib/python3.8/site-packages/airflow/example_dags/example_task_group.py
[2026-01-02T04:39:15.150+0000] {processor.py:840} INFO - DAG(s) 'example_task_group' retrieved from /home/airflow/.local/lib/python3.8/site-packages/airflow/example_dags/example_task_group.py
[2026-01-02T04:39:15.193+0000] {logging_mixin.py:188} INFO - [2026-01-02T04:39:15.193+0000] {dag.py:3033} INFO - Sync 1 DAGs
[2026-01-02T04:39:15.202+0000] {logging_mixin.py:188} INFO - [2026-01-02T04:39:15.202+0000] {dag.py:3820} INFO - Setting next_dagrun for example_task_group to 2026-01-01T00:00:00+00:00, run_after=2026-01-02T00:00:00+00:00
[2026-01-02T04:39:15.212+0000] {processor.py:183} INFO - Processing /home/airflow/.local/lib/python3.8/site-packages/airflow/example_dags/example_task_group.py took 0.068 seconds
[2026-01-02T04:39:46.061+0000] {processor.py:161} INFO - Started process (PID=169) to work on /home/airflow/.local/lib/python3.8/site-packages/airflow/example_dags/example_task_group.py
[2026-01-02T04:39:46.062+0000] {processor.py:830} INFO - Processing file /home/airflow/.local/lib/python3.8/site-packages/airflow/example_dags/example_task_group.py for tasks to queue
[2026-01-02T04:39:46.063+0000] {logging_mixin.py:188} INFO - [2026-01-02T04:39:46.063+0000] {dagbag.py:538} INFO - Filling up the DagBag from /home/airflow/.local/lib/python3.8/site-packages/airflow/example_dags/example_task_group.py
[2026-01-02T04:39:46.065+0000] {processor.py:840} INFO - DAG(s) 'example_task_group' retrieved from /home/airflow/.local/lib/python3.8/site-packages/airflow/example_dags/example_task_group.py
[2026-01-02T04:39:46.074+0000] {logging_mixin.py:188} INFO - [2026-01-02T04:39:46.074+0000] {dag.py:3033} INFO - Sync 1 DAGs
[2026-01-02T04:39:46.083+0000] {logging_mixin.py:188} INFO - [2026-01-02T04:39:46.083+0000] {dag.py:3820} INFO - Setting next_dagrun for example_task_group to 2026-01-01T00:00:00+00:00, run_after=2026-01-02T00:00:00+00:00
[2026-01-02T04:39:46.093+0000] {processor.py:183} INFO - Processing /home/airflow/.local/lib/python3.8/site-packages/airflow/example_dags/example_task_group.py took 0.033 seconds
[2026-01-02T04:40:16.223+0000] {processor.py:161} INFO - Started process (PID=224) to work on /home/airflow/.local/lib/python3.8/site-packages/airflow/example_dags/example_task_group.py
[2026-01-02T04:40:16.223+0000] {processor.py:830} INFO - Processing file /home/airflow/.local/lib/python3.8/site-packages/airflow/example_dags/example_task_group.py for tasks to queue
[2026-01-02T04:40:16.224+0000] {logging_mixin.py:188} INFO - [2026-01-02T04:40:16.224+0000] {dagbag.py:538} INFO - Filling up the DagBag from /home/airflow/.local/lib/python3.8/site-packages/airflow/example_dags/example_task_group.py
[2026-01-02T04:40:16.227+0000] {processor.py:840} INFO - DAG(s) 'example_task_group' retrieved from /home/airflow/.local/lib/python3.8/site-packages/airflow/example_dags/example_task_group.py
[2026-01-02T04:40:16.236+0000] {logging_mixin.py:188} INFO - [2026-01-02T04:40:16.236+0000] {dag.py:3033} INFO - Sync 1 DAGs
[2026-01-02T04:40:16.245+0000] {logging_mixin.py:188} INFO - [2026-01-02T04:40:16.245+0000] {dag.py:3820} INFO - Setting next_dagrun for example_task_group to 2026-01-01T00:00:00+00:00, run_after=2026-01-02T00:00:00+00:00
[2026-01-02T04:40:16.254+0000] {processor.py:183} INFO - Processing /home/airflow/.local/lib/python3.8/site-packages/airflow/example_dags/example_task_group.py took 0.032 seconds
[2026-01-02T04:40:46.429+0000] {processor.py:161} INFO - Started process (PID=279) to work on /home/airflow/.local/lib/python3.8/site-packages/airflow/example_dags/example_task_group.py
[2026-01-02T04:40:46.429+0000] {processor.py:830} INFO - Processing file /home/airflow/.local/lib/python3.8/site-packages/airflow/example_dags/example_task_group.py for tasks to queue
[2026-01-02T04:40:46.430+0000] {logging_mixin.py:188} INFO - [2026-01-02T04:40:46.430+0000] {dagbag.py:538} INFO - Filling up the DagBag from /home/airflow/.local/lib/python3.8/site-packages/airflow/example_dags/example_task_group.py
[2026-01-02T04:40:46.434+0000] {processor.py:840} INFO - DAG(s) 'example_task_group' retrieved from /home/airflow/.local/lib/python3.8/site-packages/airflow/example_dags/example_task_group.py
[2026-01-02T04:40:46.443+0000] {logging_mixin.py:188} INFO - [2026-01-02T04:40:46.443+0000] {dag.py:3033} INFO - Sync 1 DAGs
[2026-01-02T04:40:46.452+0000] {logging_mixin.py:188} INFO - [2026-01-02T04:40:46.452+0000] {dag.py:3820} INFO - Setting next_dagrun for example_task_group to 2026-01-01T00:00:00+00:00, run_after=2026-01-02T00:00:00+00:00
[2026-01-02T04:40:46.461+0000] {processor.py:183} INFO - Processing /home/airflow/.local/lib/python3.8/site-packages/airflow/example_dags/example_task_group.py took 0.033 seconds
[2026-01-02T04:41:16.619+0000] {processor.py:161} INFO - Started process (PID=334) to work on /home/airflow/.local/lib/python3.8/site-packages/airflow/example_dags/example_task_group.py
[2026-01-02T04:41:16.620+0000] {processor.py:830} INFO - Processing file /home/airflow/.local/lib/python3.8/site-packages/airflow/example_dags/example_task_group.py for tasks to queue
[2026-01-02T04:41:16.621+0000] {logging_mixin.py:188} INFO - [2026-01-02T04:41:16.620+0000] {dagbag.py:538} INFO - Filling up the DagBag from /home/airflow/.local/lib/python3.8/site-packages/airflow/example_dags/example_task_group.py
[2026-01-02T04:41:16.624+0000] {processor.py:840} INFO - DAG(s) 'example_task_group' retrieved from /home/airflow/.local/lib/python3.8/site-packages/airflow/example_dags/example_task_group.py
[2026-01-02T04:41:16.635+0000] {logging_mixin.py:188} INFO - [2026-01-02T04:41:16.635+0000] {dag.py:3033} INFO - Sync 1 DAGs
[2026-01-02T04:41:16.645+0000] {logging_mixin.py:188} INFO - [2026-01-02T04:41:16.645+0000] {dag.py:3820} INFO - Setting next_dagrun for example_task_group to 2026-01-01T00:00:00+00:00, run_after=2026-01-02T00:00:00+00:00
[2026-01-02T04:41:16.655+0000] {processor.py:183} INFO - Processing /home/airflow/.local/lib/python3.8/site-packages/airflow/example_dags/example_task_group.py took 0.037 seconds
[2026-01-02T04:41:46.831+0000] {processor.py:161} INFO - Started process (PID=389) to work on /home/airflow/.local/lib/python3.8/site-packages/airflow/example_dags/example_task_group.py
[2026-01-02T04:41:46.831+0000] {processor.py:830} INFO - Processing file /home/airflow/.local/lib/python3.8/site-packages/airflow/example_dags/example_task_group.py for tasks to queue
[2026-01-02T04:41:46.833+0000] {logging_mixin.py:188} INFO - [2026-01-02T04:41:46.832+0000] {dagbag.py:538} INFO - Filling up the DagBag from /home/airflow/.local/lib/python3.8/site-packages/airflow/example_dags/example_task_group.py
[2026-01-02T04:41:46.836+0000] {processor.py:840} INFO - DAG(s) 'example_task_group' retrieved from /home/airflow/.local/lib/python3.8/site-packages/airflow/example_dags/example_task_group.py
[2026-01-02T04:41:46.846+0000] {logging_mixin.py:188} INFO - [2026-01-02T04:41:46.846+0000] {dag.py:3033} INFO - Sync 1 DAGs
[2026-01-02T04:41:46.856+0000] {logging_mixin.py:188} INFO - [2026-01-02T04:41:46.856+0000] {dag.py:3820} INFO - Setting next_dagrun for example_task_group to 2026-01-01T00:00:00+00:00, run_after=2026-01-02T00:00:00+00:00
[2026-01-02T04:41:46.865+0000] {processor.py:183} INFO - Processing /home/airflow/.local/lib/python3.8/site-packages/airflow/example_dags/example_task_group.py took 0.036 seconds
[2026-01-02T04:42:16.971+0000] {processor.py:161} INFO - Started process (PID=444) to work on /home/airflow/.local/lib/python3.8/site-packages/airflow/example_dags/example_task_group.py
[2026-01-02T04:42:16.972+0000] {processor.py:830} INFO - Processing file /home/airflow/.local/lib/python3.8/site-packages/airflow/example_dags/example_task_group.py for tasks to queue
[2026-01-02T04:42:16.973+0000] {logging_mixin.py:188} INFO - [2026-01-02T04:42:16.973+0000] {dagbag.py:538} INFO - Filling up the DagBag from /home/airflow/.local/lib/python3.8/site-packages/airflow/example_dags/example_task_group.py
[2026-01-02T04:42:16.976+0000] {processor.py:840} INFO - DAG(s) 'example_task_group' retrieved from /home/airflow/.local/lib/python3.8/site-packages/airflow/example_dags/example_task_group.py
[2026-01-02T04:42:16.985+0000] {logging_mixin.py:188} INFO - [2026-01-02T04:42:16.985+0000] {dag.py:3033} INFO - Sync 1 DAGs
[2026-01-02T04:42:16.995+0000] {logging_mixin.py:188} INFO - [2026-01-02T04:42:16.995+0000] {dag.py:3820} INFO - Setting next_dagrun for example_task_group to 2026-01-01T00:00:00+00:00, run_after=2026-01-02T00:00:00+00:00
[2026-01-02T04:42:17.004+0000] {processor.py:183} INFO - Processing /home/airflow/.local/lib/python3.8/site-packages/airflow/example_dags/example_task_group.py took 0.034 seconds
[2026-01-02T04:42:47.196+0000] {processor.py:161} INFO - Started process (PID=499) to work on /home/airflow/.local/lib/python3.8/site-packages/airflow/example_dags/example_task_group.py
[2026-01-02T04:42:47.196+0000] {processor.py:830} INFO - Processing file /home/airflow/.local/lib/python3.8/site-packages/airflow/example_dags/example_task_group.py for tasks to queue
[2026-01-02T04:42:47.197+0000] {logging_mixin.py:188} INFO - [2026-01-02T04:42:47.197+0000] {dagbag.py:538} INFO - Filling up the DagBag from /home/airflow/.local/lib/python3.8/site-packages/airflow/example_dags/example_task_group.py
[2026-01-02T04:42:47.200+0000] {processor.py:840} INFO - DAG(s) 'example_task_group' retrieved from /home/airflow/.local/lib/python3.8/site-packages/airflow/example_dags/example_task_group.py
[2026-01-02T04:42:47.209+0000] {logging_mixin.py:188} INFO - [2026-01-02T04:42:47.209+0000] {dag.py:3033} INFO - Sync 1 DAGs
[2026-01-02T04:42:47.218+0000] {logging_mixin.py:188} INFO - [2026-01-02T04:42:47.218+0000] {dag.py:3820} INFO - Setting next_dagrun for example_task_group to 2026-01-01T00:00:00+00:00, run_after=2026-01-02T00:00:00+00:00
[2026-01-02T04:42:47.228+0000] {processor.py:183} INFO - Processing /home/airflow/.local/lib/python3.8/site-packages/airflow/example_dags/example_task_group.py took 0.034 seconds
[2026-01-02T04:43:17.370+0000] {processor.py:161} INFO - Started process (PID=554) to work on /home/airflow/.local/lib/python3.8/site-packages/airflow/example_dags/example_task_group.py
[2026-01-02T04:43:17.371+0000] {processor.py:830} INFO - Processing file /home/airflow/.local/lib/python3.8/site-packages/airflow/example_dags/example_task_group.py for tasks to queue
[2026-01-02T04:43:17.372+0000] {logging_mixin.py:188} INFO - [2026-01-02T04:43:17.371+0000] {dagbag.py:538} INFO - Filling up the DagBag from /home/airflow/.local/lib/python3.8/site-packages/airflow/example_dags/example_task_group.py
[2026-01-02T04:43:17.374+0000] {processor.py:840} INFO - DAG(s) 'example_task_group' retrieved from /home/airflow/.local/lib/python3.8/site-packages/airflow/example_dags/example_task_group.py
[2026-01-02T04:43:17.384+0000] {logging_mixin.py:188} INFO - [2026-01-02T04:43:17.384+0000] {dag.py:3033} INFO - Sync 1 DAGs
[2026-01-02T04:43:17.393+0000] {logging_mixin.py:188} INFO - [2026-01-02T04:43:17.393+0000] {dag.py:3820} INFO - Setting next_dagrun for example_task_group to 2026-01-01T00:00:00+00:00, run_after=2026-01-02T00:00:00+00:00
[2026-01-02T04:43:17.403+0000] {processor.py:183} INFO - Processing /home/airflow/.local/lib/python3.8/site-packages/airflow/example_dags/example_task_group.py took 0.034 seconds
[2026-01-02T04:43:47.646+0000] {processor.py:161} INFO - Started process (PID=609) to work on /home/airflow/.local/lib/python3.8/site-packages/airflow/example_dags/example_task_group.py
[2026-01-02T04:43:47.646+0000] {processor.py:830} INFO - Processing file /home/airflow/.local/lib/python3.8/site-packages/airflow/example_dags/example_task_group.py for tasks to queue
[2026-01-02T04:43:47.647+0000] {logging_mixin.py:188} INFO - [2026-01-02T04:43:47.647+0000] {dagbag.py:538} INFO - Filling up the DagBag from /home/airflow/.local/lib/python3.8/site-packages/airflow/example_dags/example_task_group.py
[2026-01-02T04:43:47.650+0000] {processor.py:840} INFO - DAG(s) 'example_task_group' retrieved from /home/airflow/.local/lib/python3.8/site-packages/airflow/example_dags/example_task_group.py
[2026-01-02T04:43:47.663+0000] {logging_mixin.py:188} INFO - [2026-01-02T04:43:47.663+0000] {dag.py:3033} INFO - Sync 1 DAGs
[2026-01-02T04:43:47.672+0000] {logging_mixin.py:188} INFO - [2026-01-02T04:43:47.672+0000] {dag.py:3820} INFO - Setting next_dagrun for example_task_group to 2026-01-01T00:00:00+00:00, run_after=2026-01-02T00:00:00+00:00
[2026-01-02T04:43:47.681+0000] {processor.py:183} INFO - Processing /home/airflow/.local/lib/python3.8/site-packages/airflow/example_dags/example_task_group.py took 0.037 seconds
[2026-01-02T04:44:17.923+0000] {processor.py:161} INFO - Started process (PID=671) to work on /home/airflow/.local/lib/python3.8/site-packages/airflow/example_dags/example_task_group.py
[2026-01-02T04:44:17.924+0000] {processor.py:830} INFO - Processing file /home/airflow/.local/lib/python3.8/site-packages/airflow/example_dags/example_task_group.py for tasks to queue
[2026-01-02T04:44:17.925+0000] {logging_mixin.py:188} INFO - [2026-01-02T04:44:17.925+0000] {dagbag.py:538} INFO - Filling up the DagBag from /home/airflow/.local/lib/python3.8/site-packages/airflow/example_dags/example_task_group.py
[2026-01-02T04:44:17.928+0000] {processor.py:840} INFO - DAG(s) 'example_task_group' retrieved from /home/airflow/.local/lib/python3.8/site-packages/airflow/example_dags/example_task_group.py
[2026-01-02T04:44:17.942+0000] {logging_mixin.py:188} INFO - [2026-01-02T04:44:17.942+0000] {dag.py:3033} INFO - Sync 1 DAGs
[2026-01-02T04:44:17.952+0000] {logging_mixin.py:188} INFO - [2026-01-02T04:44:17.952+0000] {dag.py:3820} INFO - Setting next_dagrun for example_task_group to 2026-01-01T00:00:00+00:00, run_after=2026-01-02T00:00:00+00:00
[2026-01-02T04:44:17.963+0000] {processor.py:183} INFO - Processing /home/airflow/.local/lib/python3.8/site-packages/airflow/example_dags/example_task_group.py took 0.041 seconds
[2026-01-02T04:44:48.132+0000] {processor.py:161} INFO - Started process (PID=733) to work on /home/airflow/.local/lib/python3.8/site-packages/airflow/example_dags/example_task_group.py
[2026-01-02T04:44:48.133+0000] {processor.py:830} INFO - Processing file /home/airflow/.local/lib/python3.8/site-packages/airflow/example_dags/example_task_group.py for tasks to queue
[2026-01-02T04:44:48.134+0000] {logging_mixin.py:188} INFO - [2026-01-02T04:44:48.134+0000] {dagbag.py:538} INFO - Filling up the DagBag from /home/airflow/.local/lib/python3.8/site-packages/airflow/example_dags/example_task_group.py
[2026-01-02T04:44:48.137+0000] {processor.py:840} INFO - DAG(s) 'example_task_group' retrieved from /home/airflow/.local/lib/python3.8/site-packages/airflow/example_dags/example_task_group.py
[2026-01-02T04:44:48.147+0000] {logging_mixin.py:188} INFO - [2026-01-02T04:44:48.147+0000] {dag.py:3033} INFO - Sync 1 DAGs
[2026-01-02T04:44:48.157+0000] {logging_mixin.py:188} INFO - [2026-01-02T04:44:48.157+0000] {dag.py:3820} INFO - Setting next_dagrun for example_task_group to 2026-01-01T00:00:00+00:00, run_after=2026-01-02T00:00:00+00:00
[2026-01-02T04:44:48.167+0000] {processor.py:183} INFO - Processing /home/airflow/.local/lib/python3.8/site-packages/airflow/example_dags/example_task_group.py took 0.036 seconds
[2026-01-02T04:45:18.420+0000] {processor.py:161} INFO - Started process (PID=788) to work on /home/airflow/.local/lib/python3.8/site-packages/airflow/example_dags/example_task_group.py
[2026-01-02T04:45:18.420+0000] {processor.py:830} INFO - Processing file /home/airflow/.local/lib/python3.8/site-packages/airflow/example_dags/example_task_group.py for tasks to queue
[2026-01-02T04:45:18.421+0000] {logging_mixin.py:188} INFO - [2026-01-02T04:45:18.421+0000] {dagbag.py:538} INFO - Filling up the DagBag from /home/airflow/.local/lib/python3.8/site-packages/airflow/example_dags/example_task_group.py
[2026-01-02T04:45:18.424+0000] {processor.py:840} INFO - DAG(s) 'example_task_group' retrieved from /home/airflow/.local/lib/python3.8/site-packages/airflow/example_dags/example_task_group.py
[2026-01-02T04:45:18.439+0000] {logging_mixin.py:188} INFO - [2026-01-02T04:45:18.438+0000] {dag.py:3033} INFO - Sync 1 DAGs
[2026-01-02T04:45:18.449+0000] {logging_mixin.py:188} INFO - [2026-01-02T04:45:18.449+0000] {dag.py:3820} INFO - Setting next_dagrun for example_task_group to 2026-01-01T00:00:00+00:00, run_after=2026-01-02T00:00:00+00:00
[2026-01-02T04:45:18.462+0000] {processor.py:183} INFO - Processing /home/airflow/.local/lib/python3.8/site-packages/airflow/example_dags/example_task_group.py took 0.044 seconds
[2026-01-02T04:45:48.789+0000] {processor.py:161} INFO - Started process (PID=843) to work on /home/airflow/.local/lib/python3.8/site-packages/airflow/example_dags/example_task_group.py
[2026-01-02T04:45:48.789+0000] {processor.py:830} INFO - Processing file /home/airflow/.local/lib/python3.8/site-packages/airflow/example_dags/example_task_group.py for tasks to queue
[2026-01-02T04:45:48.790+0000] {logging_mixin.py:188} INFO - [2026-01-02T04:45:48.790+0000] {dagbag.py:538} INFO - Filling up the DagBag from /home/airflow/.local/lib/python3.8/site-packages/airflow/example_dags/example_task_group.py
[2026-01-02T04:45:48.793+0000] {processor.py:840} INFO - DAG(s) 'example_task_group' retrieved from /home/airflow/.local/lib/python3.8/site-packages/airflow/example_dags/example_task_group.py
[2026-01-02T04:45:48.804+0000] {logging_mixin.py:188} INFO - [2026-01-02T04:45:48.804+0000] {dag.py:3033} INFO - Sync 1 DAGs
[2026-01-02T04:45:48.813+0000] {logging_mixin.py:188} INFO - [2026-01-02T04:45:48.813+0000] {dag.py:3820} INFO - Setting next_dagrun for example_task_group to 2026-01-01T00:00:00+00:00, run_after=2026-01-02T00:00:00+00:00
[2026-01-02T04:45:48.824+0000] {processor.py:183} INFO - Processing /home/airflow/.local/lib/python3.8/site-packages/airflow/example_dags/example_task_group.py took 0.036 seconds
[2026-01-02T04:46:19.071+0000] {processor.py:161} INFO - Started process (PID=898) to work on /home/airflow/.local/lib/python3.8/site-packages/airflow/example_dags/example_task_group.py
[2026-01-02T04:46:19.071+0000] {processor.py:830} INFO - Processing file /home/airflow/.local/lib/python3.8/site-packages/airflow/example_dags/example_task_group.py for tasks to queue
[2026-01-02T04:46:19.072+0000] {logging_mixin.py:188} INFO - [2026-01-02T04:46:19.072+0000] {dagbag.py:538} INFO - Filling up the DagBag from /home/airflow/.local/lib/python3.8/site-packages/airflow/example_dags/example_task_group.py
[2026-01-02T04:46:19.075+0000] {processor.py:840} INFO - DAG(s) 'example_task_group' retrieved from /home/airflow/.local/lib/python3.8/site-packages/airflow/example_dags/example_task_group.py
[2026-01-02T04:46:19.085+0000] {logging_mixin.py:188} INFO - [2026-01-02T04:46:19.085+0000] {dag.py:3033} INFO - Sync 1 DAGs
[2026-01-02T04:46:19.095+0000] {logging_mixin.py:188} INFO - [2026-01-02T04:46:19.095+0000] {dag.py:3820} INFO - Setting next_dagrun for example_task_group to 2026-01-01T00:00:00+00:00, run_after=2026-01-02T00:00:00+00:00
[2026-01-02T04:46:19.105+0000] {processor.py:183} INFO - Processing /home/airflow/.local/lib/python3.8/site-packages/airflow/example_dags/example_task_group.py took 0.035 seconds
[2026-01-02T04:46:49.416+0000] {processor.py:161} INFO - Started process (PID=953) to work on /home/airflow/.local/lib/python3.8/site-packages/airflow/example_dags/example_task_group.py
[2026-01-02T04:46:49.417+0000] {processor.py:830} INFO - Processing file /home/airflow/.local/lib/python3.8/site-packages/airflow/example_dags/example_task_group.py for tasks to queue
[2026-01-02T04:46:49.418+0000] {logging_mixin.py:188} INFO - [2026-01-02T04:46:49.418+0000] {dagbag.py:538} INFO - Filling up the DagBag from /home/airflow/.local/lib/python3.8/site-packages/airflow/example_dags/example_task_group.py
[2026-01-02T04:46:49.421+0000] {processor.py:840} INFO - DAG(s) 'example_task_group' retrieved from /home/airflow/.local/lib/python3.8/site-packages/airflow/example_dags/example_task_group.py
[2026-01-02T04:46:49.433+0000] {logging_mixin.py:188} INFO - [2026-01-02T04:46:49.433+0000] {dag.py:3033} INFO - Sync 1 DAGs
[2026-01-02T04:46:49.443+0000] {logging_mixin.py:188} INFO - [2026-01-02T04:46:49.443+0000] {dag.py:3820} INFO - Setting next_dagrun for example_task_group to 2026-01-01T00:00:00+00:00, run_after=2026-01-02T00:00:00+00:00
[2026-01-02T04:46:49.456+0000] {processor.py:183} INFO - Processing /home/airflow/.local/lib/python3.8/site-packages/airflow/example_dags/example_task_group.py took 0.041 seconds
[2026-01-02T04:47:19.679+0000] {processor.py:161} INFO - Started process (PID=1008) to work on /home/airflow/.local/lib/python3.8/site-packages/airflow/example_dags/example_task_group.py
[2026-01-02T04:47:19.679+0000] {processor.py:830} INFO - Processing file /home/airflow/.local/lib/python3.8/site-packages/airflow/example_dags/example_task_group.py for tasks to queue
[2026-01-02T04:47:19.680+0000] {logging_mixin.py:188} INFO - [2026-01-02T04:47:19.680+0000] {dagbag.py:538} INFO - Filling up the DagBag from /home/airflow/.local/lib/python3.8/site-packages/airflow/example_dags/example_task_group.py
[2026-01-02T04:47:19.683+0000] {processor.py:840} INFO - DAG(s) 'example_task_group' retrieved from /home/airflow/.local/lib/python3.8/site-packages/airflow/example_dags/example_task_group.py
[2026-01-02T04:47:19.697+0000] {logging_mixin.py:188} INFO - [2026-01-02T04:47:19.697+0000] {dag.py:3033} INFO - Sync 1 DAGs
[2026-01-02T04:47:19.706+0000] {logging_mixin.py:188} INFO - [2026-01-02T04:47:19.706+0000] {dag.py:3820} INFO - Setting next_dagrun for example_task_group to 2026-01-01T00:00:00+00:00, run_after=2026-01-02T00:00:00+00:00
[2026-01-02T04:47:19.716+0000] {processor.py:183} INFO - Processing /home/airflow/.local/lib/python3.8/site-packages/airflow/example_dags/example_task_group.py took 0.038 seconds
