[2026-01-02T04:28:03.881+0000] {processor.py:161} INFO - Started process (PID=54) to work on /home/airflow/.local/lib/python3.8/site-packages/airflow/example_dags/example_branch_datetime_operator.py
[2026-01-02T04:28:03.882+0000] {processor.py:830} INFO - Processing file /home/airflow/.local/lib/python3.8/site-packages/airflow/example_dags/example_branch_datetime_operator.py for tasks to queue
[2026-01-02T04:28:03.883+0000] {logging_mixin.py:188} INFO - [2026-01-02T04:28:03.883+0000] {dagbag.py:538} INFO - Filling up the DagBag from /home/airflow/.local/lib/python3.8/site-packages/airflow/example_dags/example_branch_datetime_operator.py
[2026-01-02T04:28:03.889+0000] {processor.py:840} INFO - DAG(s) 'example_branch_datetime_operator_3', 'example_branch_datetime_operator_2', 'example_branch_datetime_operator' retrieved from /home/airflow/.local/lib/python3.8/site-packages/airflow/example_dags/example_branch_datetime_operator.py
[2026-01-02T04:28:03.942+0000] {logging_mixin.py:188} INFO - [2026-01-02T04:28:03.941+0000] {override.py:1769} INFO - Created Permission View: can edit on DAG:example_branch_datetime_operator_3
[2026-01-02T04:28:03.949+0000] {logging_mixin.py:188} INFO - [2026-01-02T04:28:03.949+0000] {override.py:1769} INFO - Created Permission View: can delete on DAG:example_branch_datetime_operator_3
[2026-01-02T04:28:03.954+0000] {logging_mixin.py:188} INFO - [2026-01-02T04:28:03.954+0000] {override.py:1769} INFO - Created Permission View: can read on DAG:example_branch_datetime_operator_3
[2026-01-02T04:28:03.964+0000] {logging_mixin.py:188} INFO - [2026-01-02T04:28:03.963+0000] {override.py:1769} INFO - Created Permission View: can edit on DAG:example_branch_datetime_operator_2
[2026-01-02T04:28:03.968+0000] {logging_mixin.py:188} INFO - [2026-01-02T04:28:03.968+0000] {override.py:1769} INFO - Created Permission View: can delete on DAG:example_branch_datetime_operator_2
[2026-01-02T04:28:03.973+0000] {logging_mixin.py:188} INFO - [2026-01-02T04:28:03.973+0000] {override.py:1769} INFO - Created Permission View: can read on DAG:example_branch_datetime_operator_2
[2026-01-02T04:28:03.983+0000] {logging_mixin.py:188} INFO - [2026-01-02T04:28:03.983+0000] {override.py:1769} INFO - Created Permission View: can edit on DAG:example_branch_datetime_operator
[2026-01-02T04:28:03.990+0000] {logging_mixin.py:188} INFO - [2026-01-02T04:28:03.990+0000] {override.py:1769} INFO - Created Permission View: can delete on DAG:example_branch_datetime_operator
[2026-01-02T04:28:03.995+0000] {logging_mixin.py:188} INFO - [2026-01-02T04:28:03.995+0000] {override.py:1769} INFO - Created Permission View: can read on DAG:example_branch_datetime_operator
[2026-01-02T04:28:03.996+0000] {logging_mixin.py:188} INFO - [2026-01-02T04:28:03.996+0000] {dag.py:3033} INFO - Sync 3 DAGs
[2026-01-02T04:28:04.001+0000] {logging_mixin.py:188} INFO - [2026-01-02T04:28:04.001+0000] {dag.py:3055} INFO - Creating ORM DAG for example_branch_datetime_operator_2
[2026-01-02T04:28:04.002+0000] {logging_mixin.py:188} INFO - [2026-01-02T04:28:04.002+0000] {dag.py:3055} INFO - Creating ORM DAG for example_branch_datetime_operator_3
[2026-01-02T04:28:04.002+0000] {logging_mixin.py:188} INFO - [2026-01-02T04:28:04.002+0000] {dag.py:3055} INFO - Creating ORM DAG for example_branch_datetime_operator
[2026-01-02T04:28:04.008+0000] {logging_mixin.py:188} INFO - [2026-01-02T04:28:04.007+0000] {dag.py:3820} INFO - Setting next_dagrun for example_branch_datetime_operator to 2026-01-01T00:00:00+00:00, run_after=2026-01-02T00:00:00+00:00
[2026-01-02T04:28:04.009+0000] {logging_mixin.py:188} INFO - [2026-01-02T04:28:04.009+0000] {dag.py:3820} INFO - Setting next_dagrun for example_branch_datetime_operator_2 to 2026-01-01T00:00:00+00:00, run_after=2026-01-02T00:00:00+00:00
[2026-01-02T04:28:04.009+0000] {logging_mixin.py:188} INFO - [2026-01-02T04:28:04.009+0000] {dag.py:3820} INFO - Setting next_dagrun for example_branch_datetime_operator_3 to 2026-01-01T00:00:00+00:00, run_after=2026-01-02T00:00:00+00:00
[2026-01-02T04:28:04.023+0000] {processor.py:183} INFO - Processing /home/airflow/.local/lib/python3.8/site-packages/airflow/example_dags/example_branch_datetime_operator.py took 0.143 seconds
[2026-01-02T04:28:34.961+0000] {processor.py:161} INFO - Started process (PID=115) to work on /home/airflow/.local/lib/python3.8/site-packages/airflow/example_dags/example_branch_datetime_operator.py
[2026-01-02T04:28:34.962+0000] {processor.py:830} INFO - Processing file /home/airflow/.local/lib/python3.8/site-packages/airflow/example_dags/example_branch_datetime_operator.py for tasks to queue
[2026-01-02T04:28:34.963+0000] {logging_mixin.py:188} INFO - [2026-01-02T04:28:34.963+0000] {dagbag.py:538} INFO - Filling up the DagBag from /home/airflow/.local/lib/python3.8/site-packages/airflow/example_dags/example_branch_datetime_operator.py
[2026-01-02T04:28:34.968+0000] {processor.py:840} INFO - DAG(s) 'example_branch_datetime_operator_3', 'example_branch_datetime_operator_2', 'example_branch_datetime_operator' retrieved from /home/airflow/.local/lib/python3.8/site-packages/airflow/example_dags/example_branch_datetime_operator.py
[2026-01-02T04:28:34.982+0000] {logging_mixin.py:188} INFO - [2026-01-02T04:28:34.982+0000] {dag.py:3033} INFO - Sync 3 DAGs
[2026-01-02T04:28:34.993+0000] {logging_mixin.py:188} INFO - [2026-01-02T04:28:34.993+0000] {dag.py:3820} INFO - Setting next_dagrun for example_branch_datetime_operator to 2026-01-01T00:00:00+00:00, run_after=2026-01-02T00:00:00+00:00
[2026-01-02T04:28:34.996+0000] {logging_mixin.py:188} INFO - [2026-01-02T04:28:34.996+0000] {dag.py:3820} INFO - Setting next_dagrun for example_branch_datetime_operator_2 to 2026-01-01T00:00:00+00:00, run_after=2026-01-02T00:00:00+00:00
[2026-01-02T04:28:34.997+0000] {logging_mixin.py:188} INFO - [2026-01-02T04:28:34.997+0000] {dag.py:3820} INFO - Setting next_dagrun for example_branch_datetime_operator_3 to 2026-01-01T00:00:00+00:00, run_after=2026-01-02T00:00:00+00:00
[2026-01-02T04:28:35.006+0000] {processor.py:183} INFO - Processing /home/airflow/.local/lib/python3.8/site-packages/airflow/example_dags/example_branch_datetime_operator.py took 0.046 seconds
[2026-01-02T04:29:59.745+0000] {processor.py:161} INFO - Started process (PID=46) to work on /home/airflow/.local/lib/python3.8/site-packages/airflow/example_dags/example_branch_datetime_operator.py
[2026-01-02T04:29:59.745+0000] {processor.py:830} INFO - Processing file /home/airflow/.local/lib/python3.8/site-packages/airflow/example_dags/example_branch_datetime_operator.py for tasks to queue
[2026-01-02T04:29:59.747+0000] {logging_mixin.py:188} INFO - [2026-01-02T04:29:59.746+0000] {dagbag.py:538} INFO - Filling up the DagBag from /home/airflow/.local/lib/python3.8/site-packages/airflow/example_dags/example_branch_datetime_operator.py
[2026-01-02T04:29:59.752+0000] {processor.py:840} INFO - DAG(s) 'example_branch_datetime_operator_2', 'example_branch_datetime_operator', 'example_branch_datetime_operator_3' retrieved from /home/airflow/.local/lib/python3.8/site-packages/airflow/example_dags/example_branch_datetime_operator.py
[2026-01-02T04:29:59.759+0000] {logging_mixin.py:188} INFO - [2026-01-02T04:29:59.759+0000] {dag.py:3033} INFO - Sync 3 DAGs
[2026-01-02T04:29:59.771+0000] {logging_mixin.py:188} INFO - [2026-01-02T04:29:59.771+0000] {dag.py:3820} INFO - Setting next_dagrun for example_branch_datetime_operator to 2026-01-01T00:00:00+00:00, run_after=2026-01-02T00:00:00+00:00
[2026-01-02T04:29:59.773+0000] {logging_mixin.py:188} INFO - [2026-01-02T04:29:59.773+0000] {dag.py:3820} INFO - Setting next_dagrun for example_branch_datetime_operator_2 to 2026-01-01T00:00:00+00:00, run_after=2026-01-02T00:00:00+00:00
[2026-01-02T04:29:59.775+0000] {logging_mixin.py:188} INFO - [2026-01-02T04:29:59.774+0000] {dag.py:3820} INFO - Setting next_dagrun for example_branch_datetime_operator_3 to 2026-01-01T00:00:00+00:00, run_after=2026-01-02T00:00:00+00:00
[2026-01-02T04:29:59.784+0000] {processor.py:183} INFO - Processing /home/airflow/.local/lib/python3.8/site-packages/airflow/example_dags/example_branch_datetime_operator.py took 0.040 seconds
[2026-01-02T04:30:30.485+0000] {processor.py:161} INFO - Started process (PID=107) to work on /home/airflow/.local/lib/python3.8/site-packages/airflow/example_dags/example_branch_datetime_operator.py
[2026-01-02T04:30:30.485+0000] {processor.py:830} INFO - Processing file /home/airflow/.local/lib/python3.8/site-packages/airflow/example_dags/example_branch_datetime_operator.py for tasks to queue
[2026-01-02T04:30:30.486+0000] {logging_mixin.py:188} INFO - [2026-01-02T04:30:30.486+0000] {dagbag.py:538} INFO - Filling up the DagBag from /home/airflow/.local/lib/python3.8/site-packages/airflow/example_dags/example_branch_datetime_operator.py
[2026-01-02T04:30:30.492+0000] {processor.py:840} INFO - DAG(s) 'example_branch_datetime_operator', 'example_branch_datetime_operator_3', 'example_branch_datetime_operator_2' retrieved from /home/airflow/.local/lib/python3.8/site-packages/airflow/example_dags/example_branch_datetime_operator.py
[2026-01-02T04:30:30.552+0000] {logging_mixin.py:188} INFO - [2026-01-02T04:30:30.552+0000] {dag.py:3033} INFO - Sync 3 DAGs
[2026-01-02T04:30:30.563+0000] {logging_mixin.py:188} INFO - [2026-01-02T04:30:30.562+0000] {dag.py:3820} INFO - Setting next_dagrun for example_branch_datetime_operator to 2026-01-01T00:00:00+00:00, run_after=2026-01-02T00:00:00+00:00
[2026-01-02T04:30:30.566+0000] {logging_mixin.py:188} INFO - [2026-01-02T04:30:30.566+0000] {dag.py:3820} INFO - Setting next_dagrun for example_branch_datetime_operator_2 to 2026-01-01T00:00:00+00:00, run_after=2026-01-02T00:00:00+00:00
[2026-01-02T04:30:30.568+0000] {logging_mixin.py:188} INFO - [2026-01-02T04:30:30.568+0000] {dag.py:3820} INFO - Setting next_dagrun for example_branch_datetime_operator_3 to 2026-01-01T00:00:00+00:00, run_after=2026-01-02T00:00:00+00:00
[2026-01-02T04:30:30.578+0000] {processor.py:183} INFO - Processing /home/airflow/.local/lib/python3.8/site-packages/airflow/example_dags/example_branch_datetime_operator.py took 0.095 seconds
[2026-01-02T04:31:00.683+0000] {processor.py:161} INFO - Started process (PID=162) to work on /home/airflow/.local/lib/python3.8/site-packages/airflow/example_dags/example_branch_datetime_operator.py
[2026-01-02T04:31:00.687+0000] {processor.py:830} INFO - Processing file /home/airflow/.local/lib/python3.8/site-packages/airflow/example_dags/example_branch_datetime_operator.py for tasks to queue
[2026-01-02T04:31:00.688+0000] {logging_mixin.py:188} INFO - [2026-01-02T04:31:00.688+0000] {dagbag.py:538} INFO - Filling up the DagBag from /home/airflow/.local/lib/python3.8/site-packages/airflow/example_dags/example_branch_datetime_operator.py
[2026-01-02T04:31:00.694+0000] {processor.py:840} INFO - DAG(s) 'example_branch_datetime_operator_2', 'example_branch_datetime_operator_3', 'example_branch_datetime_operator' retrieved from /home/airflow/.local/lib/python3.8/site-packages/airflow/example_dags/example_branch_datetime_operator.py
[2026-01-02T04:31:00.713+0000] {logging_mixin.py:188} INFO - [2026-01-02T04:31:00.713+0000] {dag.py:3033} INFO - Sync 3 DAGs
[2026-01-02T04:31:00.725+0000] {logging_mixin.py:188} INFO - [2026-01-02T04:31:00.725+0000] {dag.py:3820} INFO - Setting next_dagrun for example_branch_datetime_operator to 2026-01-01T00:00:00+00:00, run_after=2026-01-02T00:00:00+00:00
[2026-01-02T04:31:00.728+0000] {logging_mixin.py:188} INFO - [2026-01-02T04:31:00.728+0000] {dag.py:3820} INFO - Setting next_dagrun for example_branch_datetime_operator_2 to 2026-01-01T00:00:00+00:00, run_after=2026-01-02T00:00:00+00:00
[2026-01-02T04:31:00.729+0000] {logging_mixin.py:188} INFO - [2026-01-02T04:31:00.729+0000] {dag.py:3820} INFO - Setting next_dagrun for example_branch_datetime_operator_3 to 2026-01-01T00:00:00+00:00, run_after=2026-01-02T00:00:00+00:00
[2026-01-02T04:31:00.740+0000] {processor.py:183} INFO - Processing /home/airflow/.local/lib/python3.8/site-packages/airflow/example_dags/example_branch_datetime_operator.py took 0.058 seconds
[2026-01-02T04:31:31.239+0000] {processor.py:161} INFO - Started process (PID=217) to work on /home/airflow/.local/lib/python3.8/site-packages/airflow/example_dags/example_branch_datetime_operator.py
[2026-01-02T04:31:31.240+0000] {processor.py:830} INFO - Processing file /home/airflow/.local/lib/python3.8/site-packages/airflow/example_dags/example_branch_datetime_operator.py for tasks to queue
[2026-01-02T04:31:31.241+0000] {logging_mixin.py:188} INFO - [2026-01-02T04:31:31.241+0000] {dagbag.py:538} INFO - Filling up the DagBag from /home/airflow/.local/lib/python3.8/site-packages/airflow/example_dags/example_branch_datetime_operator.py
[2026-01-02T04:31:31.246+0000] {processor.py:840} INFO - DAG(s) 'example_branch_datetime_operator_3', 'example_branch_datetime_operator_2', 'example_branch_datetime_operator' retrieved from /home/airflow/.local/lib/python3.8/site-packages/airflow/example_dags/example_branch_datetime_operator.py
[2026-01-02T04:31:31.260+0000] {logging_mixin.py:188} INFO - [2026-01-02T04:31:31.260+0000] {dag.py:3033} INFO - Sync 3 DAGs
[2026-01-02T04:31:31.271+0000] {logging_mixin.py:188} INFO - [2026-01-02T04:31:31.271+0000] {dag.py:3820} INFO - Setting next_dagrun for example_branch_datetime_operator to 2026-01-01T00:00:00+00:00, run_after=2026-01-02T00:00:00+00:00
[2026-01-02T04:31:31.274+0000] {logging_mixin.py:188} INFO - [2026-01-02T04:31:31.274+0000] {dag.py:3820} INFO - Setting next_dagrun for example_branch_datetime_operator_2 to 2026-01-01T00:00:00+00:00, run_after=2026-01-02T00:00:00+00:00
[2026-01-02T04:31:31.275+0000] {logging_mixin.py:188} INFO - [2026-01-02T04:31:31.275+0000] {dag.py:3820} INFO - Setting next_dagrun for example_branch_datetime_operator_3 to 2026-01-01T00:00:00+00:00, run_after=2026-01-02T00:00:00+00:00
[2026-01-02T04:31:31.289+0000] {processor.py:183} INFO - Processing /home/airflow/.local/lib/python3.8/site-packages/airflow/example_dags/example_branch_datetime_operator.py took 0.052 seconds
[2026-01-02T04:32:01.645+0000] {processor.py:161} INFO - Started process (PID=272) to work on /home/airflow/.local/lib/python3.8/site-packages/airflow/example_dags/example_branch_datetime_operator.py
[2026-01-02T04:32:01.645+0000] {processor.py:830} INFO - Processing file /home/airflow/.local/lib/python3.8/site-packages/airflow/example_dags/example_branch_datetime_operator.py for tasks to queue
[2026-01-02T04:32:01.646+0000] {logging_mixin.py:188} INFO - [2026-01-02T04:32:01.646+0000] {dagbag.py:538} INFO - Filling up the DagBag from /home/airflow/.local/lib/python3.8/site-packages/airflow/example_dags/example_branch_datetime_operator.py
[2026-01-02T04:32:01.652+0000] {processor.py:840} INFO - DAG(s) 'example_branch_datetime_operator_3', 'example_branch_datetime_operator_2', 'example_branch_datetime_operator' retrieved from /home/airflow/.local/lib/python3.8/site-packages/airflow/example_dags/example_branch_datetime_operator.py
[2026-01-02T04:32:01.667+0000] {logging_mixin.py:188} INFO - [2026-01-02T04:32:01.667+0000] {dag.py:3033} INFO - Sync 3 DAGs
[2026-01-02T04:32:01.678+0000] {logging_mixin.py:188} INFO - [2026-01-02T04:32:01.678+0000] {dag.py:3820} INFO - Setting next_dagrun for example_branch_datetime_operator to 2026-01-01T00:00:00+00:00, run_after=2026-01-02T00:00:00+00:00
[2026-01-02T04:32:01.680+0000] {logging_mixin.py:188} INFO - [2026-01-02T04:32:01.680+0000] {dag.py:3820} INFO - Setting next_dagrun for example_branch_datetime_operator_2 to 2026-01-01T00:00:00+00:00, run_after=2026-01-02T00:00:00+00:00
[2026-01-02T04:32:01.682+0000] {logging_mixin.py:188} INFO - [2026-01-02T04:32:01.682+0000] {dag.py:3820} INFO - Setting next_dagrun for example_branch_datetime_operator_3 to 2026-01-01T00:00:00+00:00, run_after=2026-01-02T00:00:00+00:00
[2026-01-02T04:32:01.693+0000] {processor.py:183} INFO - Processing /home/airflow/.local/lib/python3.8/site-packages/airflow/example_dags/example_branch_datetime_operator.py took 0.049 seconds
[2026-01-02T04:32:32.050+0000] {processor.py:161} INFO - Started process (PID=327) to work on /home/airflow/.local/lib/python3.8/site-packages/airflow/example_dags/example_branch_datetime_operator.py
[2026-01-02T04:32:32.050+0000] {processor.py:830} INFO - Processing file /home/airflow/.local/lib/python3.8/site-packages/airflow/example_dags/example_branch_datetime_operator.py for tasks to queue
[2026-01-02T04:32:32.051+0000] {logging_mixin.py:188} INFO - [2026-01-02T04:32:32.051+0000] {dagbag.py:538} INFO - Filling up the DagBag from /home/airflow/.local/lib/python3.8/site-packages/airflow/example_dags/example_branch_datetime_operator.py
[2026-01-02T04:32:32.055+0000] {processor.py:840} INFO - DAG(s) 'example_branch_datetime_operator_3', 'example_branch_datetime_operator_2', 'example_branch_datetime_operator' retrieved from /home/airflow/.local/lib/python3.8/site-packages/airflow/example_dags/example_branch_datetime_operator.py
[2026-01-02T04:32:32.073+0000] {logging_mixin.py:188} INFO - [2026-01-02T04:32:32.073+0000] {dag.py:3033} INFO - Sync 3 DAGs
[2026-01-02T04:32:32.083+0000] {logging_mixin.py:188} INFO - [2026-01-02T04:32:32.083+0000] {dag.py:3820} INFO - Setting next_dagrun for example_branch_datetime_operator to 2026-01-01T00:00:00+00:00, run_after=2026-01-02T00:00:00+00:00
[2026-01-02T04:32:32.087+0000] {logging_mixin.py:188} INFO - [2026-01-02T04:32:32.086+0000] {dag.py:3820} INFO - Setting next_dagrun for example_branch_datetime_operator_2 to 2026-01-01T00:00:00+00:00, run_after=2026-01-02T00:00:00+00:00
[2026-01-02T04:32:32.088+0000] {logging_mixin.py:188} INFO - [2026-01-02T04:32:32.088+0000] {dag.py:3820} INFO - Setting next_dagrun for example_branch_datetime_operator_3 to 2026-01-01T00:00:00+00:00, run_after=2026-01-02T00:00:00+00:00
[2026-01-02T04:32:32.098+0000] {processor.py:183} INFO - Processing /home/airflow/.local/lib/python3.8/site-packages/airflow/example_dags/example_branch_datetime_operator.py took 0.050 seconds
[2026-01-02T04:33:02.292+0000] {processor.py:161} INFO - Started process (PID=382) to work on /home/airflow/.local/lib/python3.8/site-packages/airflow/example_dags/example_branch_datetime_operator.py
[2026-01-02T04:33:02.292+0000] {processor.py:830} INFO - Processing file /home/airflow/.local/lib/python3.8/site-packages/airflow/example_dags/example_branch_datetime_operator.py for tasks to queue
[2026-01-02T04:33:02.293+0000] {logging_mixin.py:188} INFO - [2026-01-02T04:33:02.293+0000] {dagbag.py:538} INFO - Filling up the DagBag from /home/airflow/.local/lib/python3.8/site-packages/airflow/example_dags/example_branch_datetime_operator.py
[2026-01-02T04:33:02.297+0000] {processor.py:840} INFO - DAG(s) 'example_branch_datetime_operator', 'example_branch_datetime_operator_3', 'example_branch_datetime_operator_2' retrieved from /home/airflow/.local/lib/python3.8/site-packages/airflow/example_dags/example_branch_datetime_operator.py
[2026-01-02T04:33:02.311+0000] {logging_mixin.py:188} INFO - [2026-01-02T04:33:02.311+0000] {dag.py:3033} INFO - Sync 3 DAGs
[2026-01-02T04:33:02.321+0000] {logging_mixin.py:188} INFO - [2026-01-02T04:33:02.321+0000] {dag.py:3820} INFO - Setting next_dagrun for example_branch_datetime_operator to 2026-01-01T00:00:00+00:00, run_after=2026-01-02T00:00:00+00:00
[2026-01-02T04:33:02.323+0000] {logging_mixin.py:188} INFO - [2026-01-02T04:33:02.323+0000] {dag.py:3820} INFO - Setting next_dagrun for example_branch_datetime_operator_2 to 2026-01-01T00:00:00+00:00, run_after=2026-01-02T00:00:00+00:00
[2026-01-02T04:33:02.325+0000] {logging_mixin.py:188} INFO - [2026-01-02T04:33:02.325+0000] {dag.py:3820} INFO - Setting next_dagrun for example_branch_datetime_operator_3 to 2026-01-01T00:00:00+00:00, run_after=2026-01-02T00:00:00+00:00
[2026-01-02T04:33:02.334+0000] {processor.py:183} INFO - Processing /home/airflow/.local/lib/python3.8/site-packages/airflow/example_dags/example_branch_datetime_operator.py took 0.044 seconds
[2026-01-02T04:33:32.599+0000] {processor.py:161} INFO - Started process (PID=437) to work on /home/airflow/.local/lib/python3.8/site-packages/airflow/example_dags/example_branch_datetime_operator.py
[2026-01-02T04:33:32.599+0000] {processor.py:830} INFO - Processing file /home/airflow/.local/lib/python3.8/site-packages/airflow/example_dags/example_branch_datetime_operator.py for tasks to queue
[2026-01-02T04:33:32.600+0000] {logging_mixin.py:188} INFO - [2026-01-02T04:33:32.600+0000] {dagbag.py:538} INFO - Filling up the DagBag from /home/airflow/.local/lib/python3.8/site-packages/airflow/example_dags/example_branch_datetime_operator.py
[2026-01-02T04:33:32.605+0000] {processor.py:840} INFO - DAG(s) 'example_branch_datetime_operator', 'example_branch_datetime_operator_3', 'example_branch_datetime_operator_2' retrieved from /home/airflow/.local/lib/python3.8/site-packages/airflow/example_dags/example_branch_datetime_operator.py
[2026-01-02T04:33:32.619+0000] {logging_mixin.py:188} INFO - [2026-01-02T04:33:32.619+0000] {dag.py:3033} INFO - Sync 3 DAGs
[2026-01-02T04:33:32.632+0000] {logging_mixin.py:188} INFO - [2026-01-02T04:33:32.632+0000] {dag.py:3820} INFO - Setting next_dagrun for example_branch_datetime_operator to 2026-01-01T00:00:00+00:00, run_after=2026-01-02T00:00:00+00:00
[2026-01-02T04:33:32.635+0000] {logging_mixin.py:188} INFO - [2026-01-02T04:33:32.635+0000] {dag.py:3820} INFO - Setting next_dagrun for example_branch_datetime_operator_2 to 2026-01-01T00:00:00+00:00, run_after=2026-01-02T00:00:00+00:00
[2026-01-02T04:33:32.636+0000] {logging_mixin.py:188} INFO - [2026-01-02T04:33:32.636+0000] {dag.py:3820} INFO - Setting next_dagrun for example_branch_datetime_operator_3 to 2026-01-01T00:00:00+00:00, run_after=2026-01-02T00:00:00+00:00
[2026-01-02T04:33:32.648+0000] {processor.py:183} INFO - Processing /home/airflow/.local/lib/python3.8/site-packages/airflow/example_dags/example_branch_datetime_operator.py took 0.051 seconds
[2026-01-02T04:34:02.891+0000] {processor.py:161} INFO - Started process (PID=492) to work on /home/airflow/.local/lib/python3.8/site-packages/airflow/example_dags/example_branch_datetime_operator.py
[2026-01-02T04:34:02.892+0000] {processor.py:830} INFO - Processing file /home/airflow/.local/lib/python3.8/site-packages/airflow/example_dags/example_branch_datetime_operator.py for tasks to queue
[2026-01-02T04:34:02.893+0000] {logging_mixin.py:188} INFO - [2026-01-02T04:34:02.893+0000] {dagbag.py:538} INFO - Filling up the DagBag from /home/airflow/.local/lib/python3.8/site-packages/airflow/example_dags/example_branch_datetime_operator.py
[2026-01-02T04:34:02.898+0000] {processor.py:840} INFO - DAG(s) 'example_branch_datetime_operator_2', 'example_branch_datetime_operator_3', 'example_branch_datetime_operator' retrieved from /home/airflow/.local/lib/python3.8/site-packages/airflow/example_dags/example_branch_datetime_operator.py
[2026-01-02T04:34:02.912+0000] {logging_mixin.py:188} INFO - [2026-01-02T04:34:02.912+0000] {dag.py:3033} INFO - Sync 3 DAGs
[2026-01-02T04:34:02.924+0000] {logging_mixin.py:188} INFO - [2026-01-02T04:34:02.924+0000] {dag.py:3820} INFO - Setting next_dagrun for example_branch_datetime_operator to 2026-01-01T00:00:00+00:00, run_after=2026-01-02T00:00:00+00:00
[2026-01-02T04:34:02.927+0000] {logging_mixin.py:188} INFO - [2026-01-02T04:34:02.927+0000] {dag.py:3820} INFO - Setting next_dagrun for example_branch_datetime_operator_2 to 2026-01-01T00:00:00+00:00, run_after=2026-01-02T00:00:00+00:00
[2026-01-02T04:34:02.928+0000] {logging_mixin.py:188} INFO - [2026-01-02T04:34:02.928+0000] {dag.py:3820} INFO - Setting next_dagrun for example_branch_datetime_operator_3 to 2026-01-01T00:00:00+00:00, run_after=2026-01-02T00:00:00+00:00
[2026-01-02T04:34:02.938+0000] {processor.py:183} INFO - Processing /home/airflow/.local/lib/python3.8/site-packages/airflow/example_dags/example_branch_datetime_operator.py took 0.049 seconds
[2026-01-02T04:34:33.226+0000] {processor.py:161} INFO - Started process (PID=547) to work on /home/airflow/.local/lib/python3.8/site-packages/airflow/example_dags/example_branch_datetime_operator.py
[2026-01-02T04:34:33.227+0000] {processor.py:830} INFO - Processing file /home/airflow/.local/lib/python3.8/site-packages/airflow/example_dags/example_branch_datetime_operator.py for tasks to queue
[2026-01-02T04:34:33.228+0000] {logging_mixin.py:188} INFO - [2026-01-02T04:34:33.228+0000] {dagbag.py:538} INFO - Filling up the DagBag from /home/airflow/.local/lib/python3.8/site-packages/airflow/example_dags/example_branch_datetime_operator.py
[2026-01-02T04:34:33.233+0000] {processor.py:840} INFO - DAG(s) 'example_branch_datetime_operator_2', 'example_branch_datetime_operator', 'example_branch_datetime_operator_3' retrieved from /home/airflow/.local/lib/python3.8/site-packages/airflow/example_dags/example_branch_datetime_operator.py
[2026-01-02T04:34:33.249+0000] {logging_mixin.py:188} INFO - [2026-01-02T04:34:33.249+0000] {dag.py:3033} INFO - Sync 3 DAGs
[2026-01-02T04:34:33.260+0000] {logging_mixin.py:188} INFO - [2026-01-02T04:34:33.260+0000] {dag.py:3820} INFO - Setting next_dagrun for example_branch_datetime_operator to 2026-01-01T00:00:00+00:00, run_after=2026-01-02T00:00:00+00:00
[2026-01-02T04:34:33.262+0000] {logging_mixin.py:188} INFO - [2026-01-02T04:34:33.262+0000] {dag.py:3820} INFO - Setting next_dagrun for example_branch_datetime_operator_2 to 2026-01-01T00:00:00+00:00, run_after=2026-01-02T00:00:00+00:00
[2026-01-02T04:34:33.263+0000] {logging_mixin.py:188} INFO - [2026-01-02T04:34:33.263+0000] {dag.py:3820} INFO - Setting next_dagrun for example_branch_datetime_operator_3 to 2026-01-01T00:00:00+00:00, run_after=2026-01-02T00:00:00+00:00
[2026-01-02T04:34:33.277+0000] {processor.py:183} INFO - Processing /home/airflow/.local/lib/python3.8/site-packages/airflow/example_dags/example_branch_datetime_operator.py took 0.051 seconds
[2026-01-02T04:35:03.522+0000] {processor.py:161} INFO - Started process (PID=602) to work on /home/airflow/.local/lib/python3.8/site-packages/airflow/example_dags/example_branch_datetime_operator.py
[2026-01-02T04:35:03.522+0000] {processor.py:830} INFO - Processing file /home/airflow/.local/lib/python3.8/site-packages/airflow/example_dags/example_branch_datetime_operator.py for tasks to queue
[2026-01-02T04:35:03.523+0000] {logging_mixin.py:188} INFO - [2026-01-02T04:35:03.523+0000] {dagbag.py:538} INFO - Filling up the DagBag from /home/airflow/.local/lib/python3.8/site-packages/airflow/example_dags/example_branch_datetime_operator.py
[2026-01-02T04:35:03.527+0000] {processor.py:840} INFO - DAG(s) 'example_branch_datetime_operator_2', 'example_branch_datetime_operator', 'example_branch_datetime_operator_3' retrieved from /home/airflow/.local/lib/python3.8/site-packages/airflow/example_dags/example_branch_datetime_operator.py
[2026-01-02T04:35:03.540+0000] {logging_mixin.py:188} INFO - [2026-01-02T04:35:03.539+0000] {dag.py:3033} INFO - Sync 3 DAGs
[2026-01-02T04:35:03.550+0000] {logging_mixin.py:188} INFO - [2026-01-02T04:35:03.550+0000] {dag.py:3820} INFO - Setting next_dagrun for example_branch_datetime_operator to 2026-01-01T00:00:00+00:00, run_after=2026-01-02T00:00:00+00:00
[2026-01-02T04:35:03.552+0000] {logging_mixin.py:188} INFO - [2026-01-02T04:35:03.552+0000] {dag.py:3820} INFO - Setting next_dagrun for example_branch_datetime_operator_2 to 2026-01-01T00:00:00+00:00, run_after=2026-01-02T00:00:00+00:00
[2026-01-02T04:35:03.554+0000] {logging_mixin.py:188} INFO - [2026-01-02T04:35:03.553+0000] {dag.py:3820} INFO - Setting next_dagrun for example_branch_datetime_operator_3 to 2026-01-01T00:00:00+00:00, run_after=2026-01-02T00:00:00+00:00
[2026-01-02T04:35:03.562+0000] {processor.py:183} INFO - Processing /home/airflow/.local/lib/python3.8/site-packages/airflow/example_dags/example_branch_datetime_operator.py took 0.042 seconds
[2026-01-02T04:35:33.863+0000] {processor.py:161} INFO - Started process (PID=657) to work on /home/airflow/.local/lib/python3.8/site-packages/airflow/example_dags/example_branch_datetime_operator.py
[2026-01-02T04:35:33.864+0000] {processor.py:830} INFO - Processing file /home/airflow/.local/lib/python3.8/site-packages/airflow/example_dags/example_branch_datetime_operator.py for tasks to queue
[2026-01-02T04:35:33.865+0000] {logging_mixin.py:188} INFO - [2026-01-02T04:35:33.865+0000] {dagbag.py:538} INFO - Filling up the DagBag from /home/airflow/.local/lib/python3.8/site-packages/airflow/example_dags/example_branch_datetime_operator.py
[2026-01-02T04:35:33.871+0000] {processor.py:840} INFO - DAG(s) 'example_branch_datetime_operator', 'example_branch_datetime_operator_3', 'example_branch_datetime_operator_2' retrieved from /home/airflow/.local/lib/python3.8/site-packages/airflow/example_dags/example_branch_datetime_operator.py
[2026-01-02T04:35:33.886+0000] {logging_mixin.py:188} INFO - [2026-01-02T04:35:33.886+0000] {dag.py:3033} INFO - Sync 3 DAGs
[2026-01-02T04:35:33.897+0000] {logging_mixin.py:188} INFO - [2026-01-02T04:35:33.897+0000] {dag.py:3820} INFO - Setting next_dagrun for example_branch_datetime_operator to 2026-01-01T00:00:00+00:00, run_after=2026-01-02T00:00:00+00:00
[2026-01-02T04:35:33.900+0000] {logging_mixin.py:188} INFO - [2026-01-02T04:35:33.900+0000] {dag.py:3820} INFO - Setting next_dagrun for example_branch_datetime_operator_2 to 2026-01-01T00:00:00+00:00, run_after=2026-01-02T00:00:00+00:00
[2026-01-02T04:35:33.902+0000] {logging_mixin.py:188} INFO - [2026-01-02T04:35:33.902+0000] {dag.py:3820} INFO - Setting next_dagrun for example_branch_datetime_operator_3 to 2026-01-01T00:00:00+00:00, run_after=2026-01-02T00:00:00+00:00
[2026-01-02T04:35:33.917+0000] {processor.py:183} INFO - Processing /home/airflow/.local/lib/python3.8/site-packages/airflow/example_dags/example_branch_datetime_operator.py took 0.055 seconds
[2026-01-02T04:36:04.102+0000] {processor.py:161} INFO - Started process (PID=712) to work on /home/airflow/.local/lib/python3.8/site-packages/airflow/example_dags/example_branch_datetime_operator.py
[2026-01-02T04:36:04.102+0000] {processor.py:830} INFO - Processing file /home/airflow/.local/lib/python3.8/site-packages/airflow/example_dags/example_branch_datetime_operator.py for tasks to queue
[2026-01-02T04:36:04.104+0000] {logging_mixin.py:188} INFO - [2026-01-02T04:36:04.103+0000] {dagbag.py:538} INFO - Filling up the DagBag from /home/airflow/.local/lib/python3.8/site-packages/airflow/example_dags/example_branch_datetime_operator.py
[2026-01-02T04:36:04.109+0000] {processor.py:840} INFO - DAG(s) 'example_branch_datetime_operator_3', 'example_branch_datetime_operator', 'example_branch_datetime_operator_2' retrieved from /home/airflow/.local/lib/python3.8/site-packages/airflow/example_dags/example_branch_datetime_operator.py
[2026-01-02T04:36:04.125+0000] {logging_mixin.py:188} INFO - [2026-01-02T04:36:04.125+0000] {dag.py:3033} INFO - Sync 3 DAGs
[2026-01-02T04:36:04.137+0000] {logging_mixin.py:188} INFO - [2026-01-02T04:36:04.137+0000] {dag.py:3820} INFO - Setting next_dagrun for example_branch_datetime_operator to 2026-01-01T00:00:00+00:00, run_after=2026-01-02T00:00:00+00:00
[2026-01-02T04:36:04.140+0000] {logging_mixin.py:188} INFO - [2026-01-02T04:36:04.140+0000] {dag.py:3820} INFO - Setting next_dagrun for example_branch_datetime_operator_2 to 2026-01-01T00:00:00+00:00, run_after=2026-01-02T00:00:00+00:00
[2026-01-02T04:36:04.141+0000] {logging_mixin.py:188} INFO - [2026-01-02T04:36:04.141+0000] {dag.py:3820} INFO - Setting next_dagrun for example_branch_datetime_operator_3 to 2026-01-01T00:00:00+00:00, run_after=2026-01-02T00:00:00+00:00
[2026-01-02T04:36:04.152+0000] {processor.py:183} INFO - Processing /home/airflow/.local/lib/python3.8/site-packages/airflow/example_dags/example_branch_datetime_operator.py took 0.051 seconds
[2026-01-02T04:38:44.739+0000] {processor.py:161} INFO - Started process (PID=54) to work on /home/airflow/.local/lib/python3.8/site-packages/airflow/example_dags/example_branch_datetime_operator.py
[2026-01-02T04:38:44.739+0000] {processor.py:830} INFO - Processing file /home/airflow/.local/lib/python3.8/site-packages/airflow/example_dags/example_branch_datetime_operator.py for tasks to queue
[2026-01-02T04:38:44.740+0000] {logging_mixin.py:188} INFO - [2026-01-02T04:38:44.740+0000] {dagbag.py:538} INFO - Filling up the DagBag from /home/airflow/.local/lib/python3.8/site-packages/airflow/example_dags/example_branch_datetime_operator.py
[2026-01-02T04:38:44.747+0000] {processor.py:840} INFO - DAG(s) 'example_branch_datetime_operator_3', 'example_branch_datetime_operator', 'example_branch_datetime_operator_2' retrieved from /home/airflow/.local/lib/python3.8/site-packages/airflow/example_dags/example_branch_datetime_operator.py
[2026-01-02T04:38:44.756+0000] {logging_mixin.py:188} INFO - [2026-01-02T04:38:44.755+0000] {dag.py:3033} INFO - Sync 3 DAGs
[2026-01-02T04:38:44.768+0000] {logging_mixin.py:188} INFO - [2026-01-02T04:38:44.768+0000] {dag.py:3820} INFO - Setting next_dagrun for example_branch_datetime_operator to 2026-01-01T00:00:00+00:00, run_after=2026-01-02T00:00:00+00:00
[2026-01-02T04:38:44.771+0000] {logging_mixin.py:188} INFO - [2026-01-02T04:38:44.771+0000] {dag.py:3820} INFO - Setting next_dagrun for example_branch_datetime_operator_2 to 2026-01-01T00:00:00+00:00, run_after=2026-01-02T00:00:00+00:00
[2026-01-02T04:38:44.772+0000] {logging_mixin.py:188} INFO - [2026-01-02T04:38:44.772+0000] {dag.py:3820} INFO - Setting next_dagrun for example_branch_datetime_operator_3 to 2026-01-01T00:00:00+00:00, run_after=2026-01-02T00:00:00+00:00
[2026-01-02T04:38:44.782+0000] {processor.py:183} INFO - Processing /home/airflow/.local/lib/python3.8/site-packages/airflow/example_dags/example_branch_datetime_operator.py took 0.045 seconds
[2026-01-02T04:39:15.149+0000] {processor.py:161} INFO - Started process (PID=109) to work on /home/airflow/.local/lib/python3.8/site-packages/airflow/example_dags/example_branch_datetime_operator.py
[2026-01-02T04:39:15.150+0000] {processor.py:830} INFO - Processing file /home/airflow/.local/lib/python3.8/site-packages/airflow/example_dags/example_branch_datetime_operator.py for tasks to queue
[2026-01-02T04:39:15.151+0000] {logging_mixin.py:188} INFO - [2026-01-02T04:39:15.151+0000] {dagbag.py:538} INFO - Filling up the DagBag from /home/airflow/.local/lib/python3.8/site-packages/airflow/example_dags/example_branch_datetime_operator.py
[2026-01-02T04:39:15.155+0000] {processor.py:840} INFO - DAG(s) 'example_branch_datetime_operator_3', 'example_branch_datetime_operator', 'example_branch_datetime_operator_2' retrieved from /home/airflow/.local/lib/python3.8/site-packages/airflow/example_dags/example_branch_datetime_operator.py
[2026-01-02T04:39:15.206+0000] {logging_mixin.py:188} INFO - [2026-01-02T04:39:15.206+0000] {dag.py:3033} INFO - Sync 3 DAGs
[2026-01-02T04:39:15.218+0000] {logging_mixin.py:188} INFO - [2026-01-02T04:39:15.218+0000] {dag.py:3820} INFO - Setting next_dagrun for example_branch_datetime_operator to 2026-01-01T00:00:00+00:00, run_after=2026-01-02T00:00:00+00:00
[2026-01-02T04:39:15.220+0000] {logging_mixin.py:188} INFO - [2026-01-02T04:39:15.220+0000] {dag.py:3820} INFO - Setting next_dagrun for example_branch_datetime_operator_2 to 2026-01-01T00:00:00+00:00, run_after=2026-01-02T00:00:00+00:00
[2026-01-02T04:39:15.221+0000] {logging_mixin.py:188} INFO - [2026-01-02T04:39:15.221+0000] {dag.py:3820} INFO - Setting next_dagrun for example_branch_datetime_operator_3 to 2026-01-01T00:00:00+00:00, run_after=2026-01-02T00:00:00+00:00
[2026-01-02T04:39:15.231+0000] {processor.py:183} INFO - Processing /home/airflow/.local/lib/python3.8/site-packages/airflow/example_dags/example_branch_datetime_operator.py took 0.082 seconds
[2026-01-02T04:39:46.097+0000] {processor.py:161} INFO - Started process (PID=170) to work on /home/airflow/.local/lib/python3.8/site-packages/airflow/example_dags/example_branch_datetime_operator.py
[2026-01-02T04:39:46.098+0000] {processor.py:830} INFO - Processing file /home/airflow/.local/lib/python3.8/site-packages/airflow/example_dags/example_branch_datetime_operator.py for tasks to queue
[2026-01-02T04:39:46.099+0000] {logging_mixin.py:188} INFO - [2026-01-02T04:39:46.099+0000] {dagbag.py:538} INFO - Filling up the DagBag from /home/airflow/.local/lib/python3.8/site-packages/airflow/example_dags/example_branch_datetime_operator.py
[2026-01-02T04:39:46.104+0000] {processor.py:840} INFO - DAG(s) 'example_branch_datetime_operator_2', 'example_branch_datetime_operator', 'example_branch_datetime_operator_3' retrieved from /home/airflow/.local/lib/python3.8/site-packages/airflow/example_dags/example_branch_datetime_operator.py
[2026-01-02T04:39:46.116+0000] {logging_mixin.py:188} INFO - [2026-01-02T04:39:46.116+0000] {dag.py:3033} INFO - Sync 3 DAGs
[2026-01-02T04:39:46.126+0000] {logging_mixin.py:188} INFO - [2026-01-02T04:39:46.126+0000] {dag.py:3820} INFO - Setting next_dagrun for example_branch_datetime_operator to 2026-01-01T00:00:00+00:00, run_after=2026-01-02T00:00:00+00:00
[2026-01-02T04:39:46.128+0000] {logging_mixin.py:188} INFO - [2026-01-02T04:39:46.128+0000] {dag.py:3820} INFO - Setting next_dagrun for example_branch_datetime_operator_2 to 2026-01-01T00:00:00+00:00, run_after=2026-01-02T00:00:00+00:00
[2026-01-02T04:39:46.129+0000] {logging_mixin.py:188} INFO - [2026-01-02T04:39:46.129+0000] {dag.py:3820} INFO - Setting next_dagrun for example_branch_datetime_operator_3 to 2026-01-01T00:00:00+00:00, run_after=2026-01-02T00:00:00+00:00
[2026-01-02T04:39:46.138+0000] {processor.py:183} INFO - Processing /home/airflow/.local/lib/python3.8/site-packages/airflow/example_dags/example_branch_datetime_operator.py took 0.042 seconds
[2026-01-02T04:40:16.259+0000] {processor.py:161} INFO - Started process (PID=225) to work on /home/airflow/.local/lib/python3.8/site-packages/airflow/example_dags/example_branch_datetime_operator.py
[2026-01-02T04:40:16.259+0000] {processor.py:830} INFO - Processing file /home/airflow/.local/lib/python3.8/site-packages/airflow/example_dags/example_branch_datetime_operator.py for tasks to queue
[2026-01-02T04:40:16.260+0000] {logging_mixin.py:188} INFO - [2026-01-02T04:40:16.260+0000] {dagbag.py:538} INFO - Filling up the DagBag from /home/airflow/.local/lib/python3.8/site-packages/airflow/example_dags/example_branch_datetime_operator.py
[2026-01-02T04:40:16.264+0000] {processor.py:840} INFO - DAG(s) 'example_branch_datetime_operator_2', 'example_branch_datetime_operator', 'example_branch_datetime_operator_3' retrieved from /home/airflow/.local/lib/python3.8/site-packages/airflow/example_dags/example_branch_datetime_operator.py
[2026-01-02T04:40:16.276+0000] {logging_mixin.py:188} INFO - [2026-01-02T04:40:16.276+0000] {dag.py:3033} INFO - Sync 3 DAGs
[2026-01-02T04:40:16.286+0000] {logging_mixin.py:188} INFO - [2026-01-02T04:40:16.286+0000] {dag.py:3820} INFO - Setting next_dagrun for example_branch_datetime_operator to 2026-01-01T00:00:00+00:00, run_after=2026-01-02T00:00:00+00:00
[2026-01-02T04:40:16.288+0000] {logging_mixin.py:188} INFO - [2026-01-02T04:40:16.288+0000] {dag.py:3820} INFO - Setting next_dagrun for example_branch_datetime_operator_2 to 2026-01-01T00:00:00+00:00, run_after=2026-01-02T00:00:00+00:00
[2026-01-02T04:40:16.289+0000] {logging_mixin.py:188} INFO - [2026-01-02T04:40:16.289+0000] {dag.py:3820} INFO - Setting next_dagrun for example_branch_datetime_operator_3 to 2026-01-01T00:00:00+00:00, run_after=2026-01-02T00:00:00+00:00
[2026-01-02T04:40:16.297+0000] {processor.py:183} INFO - Processing /home/airflow/.local/lib/python3.8/site-packages/airflow/example_dags/example_branch_datetime_operator.py took 0.040 seconds
[2026-01-02T04:40:46.465+0000] {processor.py:161} INFO - Started process (PID=280) to work on /home/airflow/.local/lib/python3.8/site-packages/airflow/example_dags/example_branch_datetime_operator.py
[2026-01-02T04:40:46.465+0000] {processor.py:830} INFO - Processing file /home/airflow/.local/lib/python3.8/site-packages/airflow/example_dags/example_branch_datetime_operator.py for tasks to queue
[2026-01-02T04:40:46.467+0000] {logging_mixin.py:188} INFO - [2026-01-02T04:40:46.466+0000] {dagbag.py:538} INFO - Filling up the DagBag from /home/airflow/.local/lib/python3.8/site-packages/airflow/example_dags/example_branch_datetime_operator.py
[2026-01-02T04:40:46.471+0000] {processor.py:840} INFO - DAG(s) 'example_branch_datetime_operator', 'example_branch_datetime_operator_3', 'example_branch_datetime_operator_2' retrieved from /home/airflow/.local/lib/python3.8/site-packages/airflow/example_dags/example_branch_datetime_operator.py
[2026-01-02T04:40:46.484+0000] {logging_mixin.py:188} INFO - [2026-01-02T04:40:46.484+0000] {dag.py:3033} INFO - Sync 3 DAGs
[2026-01-02T04:40:46.494+0000] {logging_mixin.py:188} INFO - [2026-01-02T04:40:46.494+0000] {dag.py:3820} INFO - Setting next_dagrun for example_branch_datetime_operator to 2026-01-01T00:00:00+00:00, run_after=2026-01-02T00:00:00+00:00
[2026-01-02T04:40:46.496+0000] {logging_mixin.py:188} INFO - [2026-01-02T04:40:46.496+0000] {dag.py:3820} INFO - Setting next_dagrun for example_branch_datetime_operator_2 to 2026-01-01T00:00:00+00:00, run_after=2026-01-02T00:00:00+00:00
[2026-01-02T04:40:46.497+0000] {logging_mixin.py:188} INFO - [2026-01-02T04:40:46.497+0000] {dag.py:3820} INFO - Setting next_dagrun for example_branch_datetime_operator_3 to 2026-01-01T00:00:00+00:00, run_after=2026-01-02T00:00:00+00:00
[2026-01-02T04:40:46.507+0000] {processor.py:183} INFO - Processing /home/airflow/.local/lib/python3.8/site-packages/airflow/example_dags/example_branch_datetime_operator.py took 0.043 seconds
[2026-01-02T04:41:16.621+0000] {processor.py:161} INFO - Started process (PID=335) to work on /home/airflow/.local/lib/python3.8/site-packages/airflow/example_dags/example_branch_datetime_operator.py
[2026-01-02T04:41:16.622+0000] {processor.py:830} INFO - Processing file /home/airflow/.local/lib/python3.8/site-packages/airflow/example_dags/example_branch_datetime_operator.py for tasks to queue
[2026-01-02T04:41:16.623+0000] {logging_mixin.py:188} INFO - [2026-01-02T04:41:16.623+0000] {dagbag.py:538} INFO - Filling up the DagBag from /home/airflow/.local/lib/python3.8/site-packages/airflow/example_dags/example_branch_datetime_operator.py
[2026-01-02T04:41:16.627+0000] {processor.py:840} INFO - DAG(s) 'example_branch_datetime_operator_2', 'example_branch_datetime_operator', 'example_branch_datetime_operator_3' retrieved from /home/airflow/.local/lib/python3.8/site-packages/airflow/example_dags/example_branch_datetime_operator.py
[2026-01-02T04:41:16.639+0000] {logging_mixin.py:188} INFO - [2026-01-02T04:41:16.639+0000] {dag.py:3033} INFO - Sync 3 DAGs
[2026-01-02T04:41:16.649+0000] {logging_mixin.py:188} INFO - [2026-01-02T04:41:16.649+0000] {dag.py:3820} INFO - Setting next_dagrun for example_branch_datetime_operator to 2026-01-01T00:00:00+00:00, run_after=2026-01-02T00:00:00+00:00
[2026-01-02T04:41:16.651+0000] {logging_mixin.py:188} INFO - [2026-01-02T04:41:16.651+0000] {dag.py:3820} INFO - Setting next_dagrun for example_branch_datetime_operator_2 to 2026-01-01T00:00:00+00:00, run_after=2026-01-02T00:00:00+00:00
[2026-01-02T04:41:16.653+0000] {logging_mixin.py:188} INFO - [2026-01-02T04:41:16.652+0000] {dag.py:3820} INFO - Setting next_dagrun for example_branch_datetime_operator_3 to 2026-01-01T00:00:00+00:00, run_after=2026-01-02T00:00:00+00:00
[2026-01-02T04:41:16.661+0000] {processor.py:183} INFO - Processing /home/airflow/.local/lib/python3.8/site-packages/airflow/example_dags/example_branch_datetime_operator.py took 0.041 seconds
[2026-01-02T04:41:46.870+0000] {processor.py:161} INFO - Started process (PID=390) to work on /home/airflow/.local/lib/python3.8/site-packages/airflow/example_dags/example_branch_datetime_operator.py
[2026-01-02T04:41:46.871+0000] {processor.py:830} INFO - Processing file /home/airflow/.local/lib/python3.8/site-packages/airflow/example_dags/example_branch_datetime_operator.py for tasks to queue
[2026-01-02T04:41:46.872+0000] {logging_mixin.py:188} INFO - [2026-01-02T04:41:46.871+0000] {dagbag.py:538} INFO - Filling up the DagBag from /home/airflow/.local/lib/python3.8/site-packages/airflow/example_dags/example_branch_datetime_operator.py
[2026-01-02T04:41:46.876+0000] {processor.py:840} INFO - DAG(s) 'example_branch_datetime_operator', 'example_branch_datetime_operator_3', 'example_branch_datetime_operator_2' retrieved from /home/airflow/.local/lib/python3.8/site-packages/airflow/example_dags/example_branch_datetime_operator.py
[2026-01-02T04:41:46.889+0000] {logging_mixin.py:188} INFO - [2026-01-02T04:41:46.889+0000] {dag.py:3033} INFO - Sync 3 DAGs
[2026-01-02T04:41:46.900+0000] {logging_mixin.py:188} INFO - [2026-01-02T04:41:46.899+0000] {dag.py:3820} INFO - Setting next_dagrun for example_branch_datetime_operator to 2026-01-01T00:00:00+00:00, run_after=2026-01-02T00:00:00+00:00
[2026-01-02T04:41:46.902+0000] {logging_mixin.py:188} INFO - [2026-01-02T04:41:46.902+0000] {dag.py:3820} INFO - Setting next_dagrun for example_branch_datetime_operator_2 to 2026-01-01T00:00:00+00:00, run_after=2026-01-02T00:00:00+00:00
[2026-01-02T04:41:46.903+0000] {logging_mixin.py:188} INFO - [2026-01-02T04:41:46.903+0000] {dag.py:3820} INFO - Setting next_dagrun for example_branch_datetime_operator_3 to 2026-01-01T00:00:00+00:00, run_after=2026-01-02T00:00:00+00:00
[2026-01-02T04:41:46.914+0000] {processor.py:183} INFO - Processing /home/airflow/.local/lib/python3.8/site-packages/airflow/example_dags/example_branch_datetime_operator.py took 0.045 seconds
[2026-01-02T04:42:17.009+0000] {processor.py:161} INFO - Started process (PID=445) to work on /home/airflow/.local/lib/python3.8/site-packages/airflow/example_dags/example_branch_datetime_operator.py
[2026-01-02T04:42:17.009+0000] {processor.py:830} INFO - Processing file /home/airflow/.local/lib/python3.8/site-packages/airflow/example_dags/example_branch_datetime_operator.py for tasks to queue
[2026-01-02T04:42:17.010+0000] {logging_mixin.py:188} INFO - [2026-01-02T04:42:17.010+0000] {dagbag.py:538} INFO - Filling up the DagBag from /home/airflow/.local/lib/python3.8/site-packages/airflow/example_dags/example_branch_datetime_operator.py
[2026-01-02T04:42:17.015+0000] {processor.py:840} INFO - DAG(s) 'example_branch_datetime_operator_2', 'example_branch_datetime_operator', 'example_branch_datetime_operator_3' retrieved from /home/airflow/.local/lib/python3.8/site-packages/airflow/example_dags/example_branch_datetime_operator.py
[2026-01-02T04:42:17.027+0000] {logging_mixin.py:188} INFO - [2026-01-02T04:42:17.027+0000] {dag.py:3033} INFO - Sync 3 DAGs
[2026-01-02T04:42:17.037+0000] {logging_mixin.py:188} INFO - [2026-01-02T04:42:17.037+0000] {dag.py:3820} INFO - Setting next_dagrun for example_branch_datetime_operator to 2026-01-01T00:00:00+00:00, run_after=2026-01-02T00:00:00+00:00
[2026-01-02T04:42:17.039+0000] {logging_mixin.py:188} INFO - [2026-01-02T04:42:17.039+0000] {dag.py:3820} INFO - Setting next_dagrun for example_branch_datetime_operator_2 to 2026-01-01T00:00:00+00:00, run_after=2026-01-02T00:00:00+00:00
[2026-01-02T04:42:17.040+0000] {logging_mixin.py:188} INFO - [2026-01-02T04:42:17.040+0000] {dag.py:3820} INFO - Setting next_dagrun for example_branch_datetime_operator_3 to 2026-01-01T00:00:00+00:00, run_after=2026-01-02T00:00:00+00:00
[2026-01-02T04:42:17.050+0000] {processor.py:183} INFO - Processing /home/airflow/.local/lib/python3.8/site-packages/airflow/example_dags/example_branch_datetime_operator.py took 0.042 seconds
[2026-01-02T04:42:47.232+0000] {processor.py:161} INFO - Started process (PID=500) to work on /home/airflow/.local/lib/python3.8/site-packages/airflow/example_dags/example_branch_datetime_operator.py
[2026-01-02T04:42:47.233+0000] {processor.py:830} INFO - Processing file /home/airflow/.local/lib/python3.8/site-packages/airflow/example_dags/example_branch_datetime_operator.py for tasks to queue
[2026-01-02T04:42:47.233+0000] {logging_mixin.py:188} INFO - [2026-01-02T04:42:47.233+0000] {dagbag.py:538} INFO - Filling up the DagBag from /home/airflow/.local/lib/python3.8/site-packages/airflow/example_dags/example_branch_datetime_operator.py
[2026-01-02T04:42:47.238+0000] {processor.py:840} INFO - DAG(s) 'example_branch_datetime_operator', 'example_branch_datetime_operator_2', 'example_branch_datetime_operator_3' retrieved from /home/airflow/.local/lib/python3.8/site-packages/airflow/example_dags/example_branch_datetime_operator.py
[2026-01-02T04:42:47.251+0000] {logging_mixin.py:188} INFO - [2026-01-02T04:42:47.251+0000] {dag.py:3033} INFO - Sync 3 DAGs
[2026-01-02T04:42:47.261+0000] {logging_mixin.py:188} INFO - [2026-01-02T04:42:47.261+0000] {dag.py:3820} INFO - Setting next_dagrun for example_branch_datetime_operator to 2026-01-01T00:00:00+00:00, run_after=2026-01-02T00:00:00+00:00
[2026-01-02T04:42:47.263+0000] {logging_mixin.py:188} INFO - [2026-01-02T04:42:47.263+0000] {dag.py:3820} INFO - Setting next_dagrun for example_branch_datetime_operator_2 to 2026-01-01T00:00:00+00:00, run_after=2026-01-02T00:00:00+00:00
[2026-01-02T04:42:47.264+0000] {logging_mixin.py:188} INFO - [2026-01-02T04:42:47.264+0000] {dag.py:3820} INFO - Setting next_dagrun for example_branch_datetime_operator_3 to 2026-01-01T00:00:00+00:00, run_after=2026-01-02T00:00:00+00:00
[2026-01-02T04:42:47.275+0000] {processor.py:183} INFO - Processing /home/airflow/.local/lib/python3.8/site-packages/airflow/example_dags/example_branch_datetime_operator.py took 0.044 seconds
[2026-01-02T04:43:17.402+0000] {processor.py:161} INFO - Started process (PID=555) to work on /home/airflow/.local/lib/python3.8/site-packages/airflow/example_dags/example_branch_datetime_operator.py
[2026-01-02T04:43:17.402+0000] {processor.py:830} INFO - Processing file /home/airflow/.local/lib/python3.8/site-packages/airflow/example_dags/example_branch_datetime_operator.py for tasks to queue
[2026-01-02T04:43:17.403+0000] {logging_mixin.py:188} INFO - [2026-01-02T04:43:17.403+0000] {dagbag.py:538} INFO - Filling up the DagBag from /home/airflow/.local/lib/python3.8/site-packages/airflow/example_dags/example_branch_datetime_operator.py
[2026-01-02T04:43:17.407+0000] {processor.py:840} INFO - DAG(s) 'example_branch_datetime_operator_2', 'example_branch_datetime_operator_3', 'example_branch_datetime_operator' retrieved from /home/airflow/.local/lib/python3.8/site-packages/airflow/example_dags/example_branch_datetime_operator.py
[2026-01-02T04:43:17.420+0000] {logging_mixin.py:188} INFO - [2026-01-02T04:43:17.420+0000] {dag.py:3033} INFO - Sync 3 DAGs
[2026-01-02T04:43:17.430+0000] {logging_mixin.py:188} INFO - [2026-01-02T04:43:17.430+0000] {dag.py:3820} INFO - Setting next_dagrun for example_branch_datetime_operator to 2026-01-01T00:00:00+00:00, run_after=2026-01-02T00:00:00+00:00
[2026-01-02T04:43:17.432+0000] {logging_mixin.py:188} INFO - [2026-01-02T04:43:17.432+0000] {dag.py:3820} INFO - Setting next_dagrun for example_branch_datetime_operator_2 to 2026-01-01T00:00:00+00:00, run_after=2026-01-02T00:00:00+00:00
[2026-01-02T04:43:17.433+0000] {logging_mixin.py:188} INFO - [2026-01-02T04:43:17.433+0000] {dag.py:3820} INFO - Setting next_dagrun for example_branch_datetime_operator_3 to 2026-01-01T00:00:00+00:00, run_after=2026-01-02T00:00:00+00:00
[2026-01-02T04:43:17.441+0000] {processor.py:183} INFO - Processing /home/airflow/.local/lib/python3.8/site-packages/airflow/example_dags/example_branch_datetime_operator.py took 0.041 seconds
[2026-01-02T04:43:47.684+0000] {processor.py:161} INFO - Started process (PID=610) to work on /home/airflow/.local/lib/python3.8/site-packages/airflow/example_dags/example_branch_datetime_operator.py
[2026-01-02T04:43:47.685+0000] {processor.py:830} INFO - Processing file /home/airflow/.local/lib/python3.8/site-packages/airflow/example_dags/example_branch_datetime_operator.py for tasks to queue
[2026-01-02T04:43:47.686+0000] {logging_mixin.py:188} INFO - [2026-01-02T04:43:47.685+0000] {dagbag.py:538} INFO - Filling up the DagBag from /home/airflow/.local/lib/python3.8/site-packages/airflow/example_dags/example_branch_datetime_operator.py
[2026-01-02T04:43:47.690+0000] {processor.py:840} INFO - DAG(s) 'example_branch_datetime_operator', 'example_branch_datetime_operator_3', 'example_branch_datetime_operator_2' retrieved from /home/airflow/.local/lib/python3.8/site-packages/airflow/example_dags/example_branch_datetime_operator.py
[2026-01-02T04:43:47.707+0000] {logging_mixin.py:188} INFO - [2026-01-02T04:43:47.707+0000] {dag.py:3033} INFO - Sync 3 DAGs
[2026-01-02T04:43:47.717+0000] {logging_mixin.py:188} INFO - [2026-01-02T04:43:47.717+0000] {dag.py:3820} INFO - Setting next_dagrun for example_branch_datetime_operator to 2026-01-01T00:00:00+00:00, run_after=2026-01-02T00:00:00+00:00
[2026-01-02T04:43:47.720+0000] {logging_mixin.py:188} INFO - [2026-01-02T04:43:47.720+0000] {dag.py:3820} INFO - Setting next_dagrun for example_branch_datetime_operator_2 to 2026-01-01T00:00:00+00:00, run_after=2026-01-02T00:00:00+00:00
[2026-01-02T04:43:47.722+0000] {logging_mixin.py:188} INFO - [2026-01-02T04:43:47.721+0000] {dag.py:3820} INFO - Setting next_dagrun for example_branch_datetime_operator_3 to 2026-01-01T00:00:00+00:00, run_after=2026-01-02T00:00:00+00:00
[2026-01-02T04:43:47.731+0000] {processor.py:183} INFO - Processing /home/airflow/.local/lib/python3.8/site-packages/airflow/example_dags/example_branch_datetime_operator.py took 0.048 seconds
[2026-01-02T04:44:17.967+0000] {processor.py:161} INFO - Started process (PID=672) to work on /home/airflow/.local/lib/python3.8/site-packages/airflow/example_dags/example_branch_datetime_operator.py
[2026-01-02T04:44:17.967+0000] {processor.py:830} INFO - Processing file /home/airflow/.local/lib/python3.8/site-packages/airflow/example_dags/example_branch_datetime_operator.py for tasks to queue
[2026-01-02T04:44:17.968+0000] {logging_mixin.py:188} INFO - [2026-01-02T04:44:17.968+0000] {dagbag.py:538} INFO - Filling up the DagBag from /home/airflow/.local/lib/python3.8/site-packages/airflow/example_dags/example_branch_datetime_operator.py
[2026-01-02T04:44:17.973+0000] {processor.py:840} INFO - DAG(s) 'example_branch_datetime_operator_2', 'example_branch_datetime_operator', 'example_branch_datetime_operator_3' retrieved from /home/airflow/.local/lib/python3.8/site-packages/airflow/example_dags/example_branch_datetime_operator.py
[2026-01-02T04:44:17.988+0000] {logging_mixin.py:188} INFO - [2026-01-02T04:44:17.988+0000] {dag.py:3033} INFO - Sync 3 DAGs
[2026-01-02T04:44:18.000+0000] {logging_mixin.py:188} INFO - [2026-01-02T04:44:18.000+0000] {dag.py:3820} INFO - Setting next_dagrun for example_branch_datetime_operator to 2026-01-01T00:00:00+00:00, run_after=2026-01-02T00:00:00+00:00
[2026-01-02T04:44:18.003+0000] {logging_mixin.py:188} INFO - [2026-01-02T04:44:18.003+0000] {dag.py:3820} INFO - Setting next_dagrun for example_branch_datetime_operator_2 to 2026-01-01T00:00:00+00:00, run_after=2026-01-02T00:00:00+00:00
[2026-01-02T04:44:18.004+0000] {logging_mixin.py:188} INFO - [2026-01-02T04:44:18.004+0000] {dag.py:3820} INFO - Setting next_dagrun for example_branch_datetime_operator_3 to 2026-01-01T00:00:00+00:00, run_after=2026-01-02T00:00:00+00:00
[2026-01-02T04:44:18.016+0000] {processor.py:183} INFO - Processing /home/airflow/.local/lib/python3.8/site-packages/airflow/example_dags/example_branch_datetime_operator.py took 0.050 seconds
[2026-01-02T04:44:48.173+0000] {processor.py:161} INFO - Started process (PID=734) to work on /home/airflow/.local/lib/python3.8/site-packages/airflow/example_dags/example_branch_datetime_operator.py
[2026-01-02T04:44:48.174+0000] {processor.py:830} INFO - Processing file /home/airflow/.local/lib/python3.8/site-packages/airflow/example_dags/example_branch_datetime_operator.py for tasks to queue
[2026-01-02T04:44:48.175+0000] {logging_mixin.py:188} INFO - [2026-01-02T04:44:48.174+0000] {dagbag.py:538} INFO - Filling up the DagBag from /home/airflow/.local/lib/python3.8/site-packages/airflow/example_dags/example_branch_datetime_operator.py
[2026-01-02T04:44:48.179+0000] {processor.py:840} INFO - DAG(s) 'example_branch_datetime_operator', 'example_branch_datetime_operator_3', 'example_branch_datetime_operator_2' retrieved from /home/airflow/.local/lib/python3.8/site-packages/airflow/example_dags/example_branch_datetime_operator.py
[2026-01-02T04:44:48.191+0000] {logging_mixin.py:188} INFO - [2026-01-02T04:44:48.191+0000] {dag.py:3033} INFO - Sync 3 DAGs
[2026-01-02T04:44:48.201+0000] {logging_mixin.py:188} INFO - [2026-01-02T04:44:48.201+0000] {dag.py:3820} INFO - Setting next_dagrun for example_branch_datetime_operator to 2026-01-01T00:00:00+00:00, run_after=2026-01-02T00:00:00+00:00
[2026-01-02T04:44:48.203+0000] {logging_mixin.py:188} INFO - [2026-01-02T04:44:48.203+0000] {dag.py:3820} INFO - Setting next_dagrun for example_branch_datetime_operator_2 to 2026-01-01T00:00:00+00:00, run_after=2026-01-02T00:00:00+00:00
[2026-01-02T04:44:48.204+0000] {logging_mixin.py:188} INFO - [2026-01-02T04:44:48.204+0000] {dag.py:3820} INFO - Setting next_dagrun for example_branch_datetime_operator_3 to 2026-01-01T00:00:00+00:00, run_after=2026-01-02T00:00:00+00:00
[2026-01-02T04:44:48.213+0000] {processor.py:183} INFO - Processing /home/airflow/.local/lib/python3.8/site-packages/airflow/example_dags/example_branch_datetime_operator.py took 0.042 seconds
[2026-01-02T04:45:18.468+0000] {processor.py:161} INFO - Started process (PID=789) to work on /home/airflow/.local/lib/python3.8/site-packages/airflow/example_dags/example_branch_datetime_operator.py
[2026-01-02T04:45:18.468+0000] {processor.py:830} INFO - Processing file /home/airflow/.local/lib/python3.8/site-packages/airflow/example_dags/example_branch_datetime_operator.py for tasks to queue
[2026-01-02T04:45:18.469+0000] {logging_mixin.py:188} INFO - [2026-01-02T04:45:18.469+0000] {dagbag.py:538} INFO - Filling up the DagBag from /home/airflow/.local/lib/python3.8/site-packages/airflow/example_dags/example_branch_datetime_operator.py
[2026-01-02T04:45:18.474+0000] {processor.py:840} INFO - DAG(s) 'example_branch_datetime_operator_3', 'example_branch_datetime_operator', 'example_branch_datetime_operator_2' retrieved from /home/airflow/.local/lib/python3.8/site-packages/airflow/example_dags/example_branch_datetime_operator.py
[2026-01-02T04:45:18.487+0000] {logging_mixin.py:188} INFO - [2026-01-02T04:45:18.487+0000] {dag.py:3033} INFO - Sync 3 DAGs
[2026-01-02T04:45:18.497+0000] {logging_mixin.py:188} INFO - [2026-01-02T04:45:18.497+0000] {dag.py:3820} INFO - Setting next_dagrun for example_branch_datetime_operator to 2026-01-01T00:00:00+00:00, run_after=2026-01-02T00:00:00+00:00
[2026-01-02T04:45:18.499+0000] {logging_mixin.py:188} INFO - [2026-01-02T04:45:18.499+0000] {dag.py:3820} INFO - Setting next_dagrun for example_branch_datetime_operator_2 to 2026-01-01T00:00:00+00:00, run_after=2026-01-02T00:00:00+00:00
[2026-01-02T04:45:18.500+0000] {logging_mixin.py:188} INFO - [2026-01-02T04:45:18.500+0000] {dag.py:3820} INFO - Setting next_dagrun for example_branch_datetime_operator_3 to 2026-01-01T00:00:00+00:00, run_after=2026-01-02T00:00:00+00:00
[2026-01-02T04:45:18.508+0000] {processor.py:183} INFO - Processing /home/airflow/.local/lib/python3.8/site-packages/airflow/example_dags/example_branch_datetime_operator.py took 0.042 seconds
[2026-01-02T04:45:48.829+0000] {processor.py:161} INFO - Started process (PID=844) to work on /home/airflow/.local/lib/python3.8/site-packages/airflow/example_dags/example_branch_datetime_operator.py
[2026-01-02T04:45:48.829+0000] {processor.py:830} INFO - Processing file /home/airflow/.local/lib/python3.8/site-packages/airflow/example_dags/example_branch_datetime_operator.py for tasks to queue
[2026-01-02T04:45:48.830+0000] {logging_mixin.py:188} INFO - [2026-01-02T04:45:48.830+0000] {dagbag.py:538} INFO - Filling up the DagBag from /home/airflow/.local/lib/python3.8/site-packages/airflow/example_dags/example_branch_datetime_operator.py
[2026-01-02T04:45:48.834+0000] {processor.py:840} INFO - DAG(s) 'example_branch_datetime_operator', 'example_branch_datetime_operator_3', 'example_branch_datetime_operator_2' retrieved from /home/airflow/.local/lib/python3.8/site-packages/airflow/example_dags/example_branch_datetime_operator.py
[2026-01-02T04:45:48.846+0000] {logging_mixin.py:188} INFO - [2026-01-02T04:45:48.846+0000] {dag.py:3033} INFO - Sync 3 DAGs
[2026-01-02T04:45:48.856+0000] {logging_mixin.py:188} INFO - [2026-01-02T04:45:48.856+0000] {dag.py:3820} INFO - Setting next_dagrun for example_branch_datetime_operator to 2026-01-01T00:00:00+00:00, run_after=2026-01-02T00:00:00+00:00
[2026-01-02T04:45:48.858+0000] {logging_mixin.py:188} INFO - [2026-01-02T04:45:48.858+0000] {dag.py:3820} INFO - Setting next_dagrun for example_branch_datetime_operator_2 to 2026-01-01T00:00:00+00:00, run_after=2026-01-02T00:00:00+00:00
[2026-01-02T04:45:48.859+0000] {logging_mixin.py:188} INFO - [2026-01-02T04:45:48.859+0000] {dag.py:3820} INFO - Setting next_dagrun for example_branch_datetime_operator_3 to 2026-01-01T00:00:00+00:00, run_after=2026-01-02T00:00:00+00:00
[2026-01-02T04:45:48.867+0000] {processor.py:183} INFO - Processing /home/airflow/.local/lib/python3.8/site-packages/airflow/example_dags/example_branch_datetime_operator.py took 0.040 seconds
[2026-01-02T04:46:19.108+0000] {processor.py:161} INFO - Started process (PID=899) to work on /home/airflow/.local/lib/python3.8/site-packages/airflow/example_dags/example_branch_datetime_operator.py
[2026-01-02T04:46:19.108+0000] {processor.py:830} INFO - Processing file /home/airflow/.local/lib/python3.8/site-packages/airflow/example_dags/example_branch_datetime_operator.py for tasks to queue
[2026-01-02T04:46:19.109+0000] {logging_mixin.py:188} INFO - [2026-01-02T04:46:19.109+0000] {dagbag.py:538} INFO - Filling up the DagBag from /home/airflow/.local/lib/python3.8/site-packages/airflow/example_dags/example_branch_datetime_operator.py
[2026-01-02T04:46:19.114+0000] {processor.py:840} INFO - DAG(s) 'example_branch_datetime_operator_3', 'example_branch_datetime_operator', 'example_branch_datetime_operator_2' retrieved from /home/airflow/.local/lib/python3.8/site-packages/airflow/example_dags/example_branch_datetime_operator.py
[2026-01-02T04:46:19.128+0000] {logging_mixin.py:188} INFO - [2026-01-02T04:46:19.128+0000] {dag.py:3033} INFO - Sync 3 DAGs
[2026-01-02T04:46:19.138+0000] {logging_mixin.py:188} INFO - [2026-01-02T04:46:19.138+0000] {dag.py:3820} INFO - Setting next_dagrun for example_branch_datetime_operator to 2026-01-01T00:00:00+00:00, run_after=2026-01-02T00:00:00+00:00
[2026-01-02T04:46:19.141+0000] {logging_mixin.py:188} INFO - [2026-01-02T04:46:19.140+0000] {dag.py:3820} INFO - Setting next_dagrun for example_branch_datetime_operator_2 to 2026-01-01T00:00:00+00:00, run_after=2026-01-02T00:00:00+00:00
[2026-01-02T04:46:19.142+0000] {logging_mixin.py:188} INFO - [2026-01-02T04:46:19.142+0000] {dag.py:3820} INFO - Setting next_dagrun for example_branch_datetime_operator_3 to 2026-01-01T00:00:00+00:00, run_after=2026-01-02T00:00:00+00:00
[2026-01-02T04:46:19.152+0000] {processor.py:183} INFO - Processing /home/airflow/.local/lib/python3.8/site-packages/airflow/example_dags/example_branch_datetime_operator.py took 0.045 seconds
[2026-01-02T04:46:49.419+0000] {processor.py:161} INFO - Started process (PID=954) to work on /home/airflow/.local/lib/python3.8/site-packages/airflow/example_dags/example_branch_datetime_operator.py
[2026-01-02T04:46:49.419+0000] {processor.py:830} INFO - Processing file /home/airflow/.local/lib/python3.8/site-packages/airflow/example_dags/example_branch_datetime_operator.py for tasks to queue
[2026-01-02T04:46:49.420+0000] {logging_mixin.py:188} INFO - [2026-01-02T04:46:49.420+0000] {dagbag.py:538} INFO - Filling up the DagBag from /home/airflow/.local/lib/python3.8/site-packages/airflow/example_dags/example_branch_datetime_operator.py
[2026-01-02T04:46:49.425+0000] {processor.py:840} INFO - DAG(s) 'example_branch_datetime_operator', 'example_branch_datetime_operator_2', 'example_branch_datetime_operator_3' retrieved from /home/airflow/.local/lib/python3.8/site-packages/airflow/example_dags/example_branch_datetime_operator.py
[2026-01-02T04:46:49.439+0000] {logging_mixin.py:188} INFO - [2026-01-02T04:46:49.439+0000] {dag.py:3033} INFO - Sync 3 DAGs
[2026-01-02T04:46:49.450+0000] {logging_mixin.py:188} INFO - [2026-01-02T04:46:49.450+0000] {dag.py:3820} INFO - Setting next_dagrun for example_branch_datetime_operator to 2026-01-01T00:00:00+00:00, run_after=2026-01-02T00:00:00+00:00
[2026-01-02T04:46:49.453+0000] {logging_mixin.py:188} INFO - [2026-01-02T04:46:49.452+0000] {dag.py:3820} INFO - Setting next_dagrun for example_branch_datetime_operator_2 to 2026-01-01T00:00:00+00:00, run_after=2026-01-02T00:00:00+00:00
[2026-01-02T04:46:49.454+0000] {logging_mixin.py:188} INFO - [2026-01-02T04:46:49.454+0000] {dag.py:3820} INFO - Setting next_dagrun for example_branch_datetime_operator_3 to 2026-01-01T00:00:00+00:00, run_after=2026-01-02T00:00:00+00:00
[2026-01-02T04:46:49.464+0000] {processor.py:183} INFO - Processing /home/airflow/.local/lib/python3.8/site-packages/airflow/example_dags/example_branch_datetime_operator.py took 0.047 seconds
[2026-01-02T04:47:19.719+0000] {processor.py:161} INFO - Started process (PID=1009) to work on /home/airflow/.local/lib/python3.8/site-packages/airflow/example_dags/example_branch_datetime_operator.py
[2026-01-02T04:47:19.720+0000] {processor.py:830} INFO - Processing file /home/airflow/.local/lib/python3.8/site-packages/airflow/example_dags/example_branch_datetime_operator.py for tasks to queue
[2026-01-02T04:47:19.721+0000] {logging_mixin.py:188} INFO - [2026-01-02T04:47:19.720+0000] {dagbag.py:538} INFO - Filling up the DagBag from /home/airflow/.local/lib/python3.8/site-packages/airflow/example_dags/example_branch_datetime_operator.py
[2026-01-02T04:47:19.725+0000] {processor.py:840} INFO - DAG(s) 'example_branch_datetime_operator', 'example_branch_datetime_operator_3', 'example_branch_datetime_operator_2' retrieved from /home/airflow/.local/lib/python3.8/site-packages/airflow/example_dags/example_branch_datetime_operator.py
[2026-01-02T04:47:19.741+0000] {logging_mixin.py:188} INFO - [2026-01-02T04:47:19.740+0000] {dag.py:3033} INFO - Sync 3 DAGs
[2026-01-02T04:47:19.751+0000] {logging_mixin.py:188} INFO - [2026-01-02T04:47:19.751+0000] {dag.py:3820} INFO - Setting next_dagrun for example_branch_datetime_operator to 2026-01-01T00:00:00+00:00, run_after=2026-01-02T00:00:00+00:00
[2026-01-02T04:47:19.753+0000] {logging_mixin.py:188} INFO - [2026-01-02T04:47:19.753+0000] {dag.py:3820} INFO - Setting next_dagrun for example_branch_datetime_operator_2 to 2026-01-01T00:00:00+00:00, run_after=2026-01-02T00:00:00+00:00
[2026-01-02T04:47:19.754+0000] {logging_mixin.py:188} INFO - [2026-01-02T04:47:19.754+0000] {dag.py:3820} INFO - Setting next_dagrun for example_branch_datetime_operator_3 to 2026-01-01T00:00:00+00:00, run_after=2026-01-02T00:00:00+00:00
[2026-01-02T04:47:19.763+0000] {processor.py:183} INFO - Processing /home/airflow/.local/lib/python3.8/site-packages/airflow/example_dags/example_branch_datetime_operator.py took 0.045 seconds
