[2026-01-02T04:28:04.959+0000] {processor.py:161} INFO - Started process (PID=77) to work on /home/airflow/.local/lib/python3.8/site-packages/airflow/example_dags/example_short_circuit_decorator.py
[2026-01-02T04:28:04.960+0000] {processor.py:830} INFO - Processing file /home/airflow/.local/lib/python3.8/site-packages/airflow/example_dags/example_short_circuit_decorator.py for tasks to queue
[2026-01-02T04:28:04.961+0000] {logging_mixin.py:188} INFO - [2026-01-02T04:28:04.961+0000] {dagbag.py:538} INFO - Filling up the DagBag from /home/airflow/.local/lib/python3.8/site-packages/airflow/example_dags/example_short_circuit_decorator.py
[2026-01-02T04:28:04.966+0000] {processor.py:840} INFO - DAG(s) 'example_short_circuit_decorator' retrieved from /home/airflow/.local/lib/python3.8/site-packages/airflow/example_dags/example_short_circuit_decorator.py
[2026-01-02T04:28:05.020+0000] {logging_mixin.py:188} INFO - [2026-01-02T04:28:05.020+0000] {override.py:1769} INFO - Created Permission View: can edit on DAG:example_short_circuit_decorator
[2026-01-02T04:28:05.027+0000] {logging_mixin.py:188} INFO - [2026-01-02T04:28:05.027+0000] {override.py:1769} INFO - Created Permission View: can delete on DAG:example_short_circuit_decorator
[2026-01-02T04:28:05.032+0000] {logging_mixin.py:188} INFO - [2026-01-02T04:28:05.032+0000] {override.py:1769} INFO - Created Permission View: can read on DAG:example_short_circuit_decorator
[2026-01-02T04:28:05.032+0000] {logging_mixin.py:188} INFO - [2026-01-02T04:28:05.032+0000] {dag.py:3033} INFO - Sync 1 DAGs
[2026-01-02T04:28:05.038+0000] {logging_mixin.py:188} INFO - [2026-01-02T04:28:05.038+0000] {dag.py:3055} INFO - Creating ORM DAG for example_short_circuit_decorator
[2026-01-02T04:28:05.042+0000] {logging_mixin.py:188} INFO - [2026-01-02T04:28:05.042+0000] {dag.py:3820} INFO - Setting next_dagrun for example_short_circuit_decorator to 2026-01-01T00:00:00+00:00, run_after=2026-01-02T00:00:00+00:00
[2026-01-02T04:28:05.051+0000] {processor.py:183} INFO - Processing /home/airflow/.local/lib/python3.8/site-packages/airflow/example_dags/example_short_circuit_decorator.py took 0.094 seconds
[2026-01-02T04:28:35.431+0000] {processor.py:161} INFO - Started process (PID=132) to work on /home/airflow/.local/lib/python3.8/site-packages/airflow/example_dags/example_short_circuit_decorator.py
[2026-01-02T04:28:35.432+0000] {processor.py:830} INFO - Processing file /home/airflow/.local/lib/python3.8/site-packages/airflow/example_dags/example_short_circuit_decorator.py for tasks to queue
[2026-01-02T04:28:35.433+0000] {logging_mixin.py:188} INFO - [2026-01-02T04:28:35.433+0000] {dagbag.py:538} INFO - Filling up the DagBag from /home/airflow/.local/lib/python3.8/site-packages/airflow/example_dags/example_short_circuit_decorator.py
[2026-01-02T04:28:35.439+0000] {processor.py:840} INFO - DAG(s) 'example_short_circuit_decorator' retrieved from /home/airflow/.local/lib/python3.8/site-packages/airflow/example_dags/example_short_circuit_decorator.py
[2026-01-02T04:28:35.450+0000] {logging_mixin.py:188} INFO - [2026-01-02T04:28:35.450+0000] {dag.py:3033} INFO - Sync 1 DAGs
[2026-01-02T04:28:35.459+0000] {logging_mixin.py:188} INFO - [2026-01-02T04:28:35.459+0000] {dag.py:3820} INFO - Setting next_dagrun for example_short_circuit_decorator to 2026-01-01T00:00:00+00:00, run_after=2026-01-02T00:00:00+00:00
[2026-01-02T04:28:35.471+0000] {processor.py:183} INFO - Processing /home/airflow/.local/lib/python3.8/site-packages/airflow/example_dags/example_short_circuit_decorator.py took 0.041 seconds
[2026-01-02T04:30:00.262+0000] {processor.py:161} INFO - Started process (PID=69) to work on /home/airflow/.local/lib/python3.8/site-packages/airflow/example_dags/example_short_circuit_decorator.py
[2026-01-02T04:30:00.263+0000] {processor.py:830} INFO - Processing file /home/airflow/.local/lib/python3.8/site-packages/airflow/example_dags/example_short_circuit_decorator.py for tasks to queue
[2026-01-02T04:30:00.264+0000] {logging_mixin.py:188} INFO - [2026-01-02T04:30:00.264+0000] {dagbag.py:538} INFO - Filling up the DagBag from /home/airflow/.local/lib/python3.8/site-packages/airflow/example_dags/example_short_circuit_decorator.py
[2026-01-02T04:30:00.269+0000] {processor.py:840} INFO - DAG(s) 'example_short_circuit_decorator' retrieved from /home/airflow/.local/lib/python3.8/site-packages/airflow/example_dags/example_short_circuit_decorator.py
[2026-01-02T04:30:00.276+0000] {logging_mixin.py:188} INFO - [2026-01-02T04:30:00.276+0000] {dag.py:3033} INFO - Sync 1 DAGs
[2026-01-02T04:30:00.288+0000] {logging_mixin.py:188} INFO - [2026-01-02T04:30:00.288+0000] {dag.py:3820} INFO - Setting next_dagrun for example_short_circuit_decorator to 2026-01-01T00:00:00+00:00, run_after=2026-01-02T00:00:00+00:00
[2026-01-02T04:30:00.302+0000] {processor.py:183} INFO - Processing /home/airflow/.local/lib/python3.8/site-packages/airflow/example_dags/example_short_circuit_decorator.py took 0.042 seconds
[2026-01-02T04:30:31.349+0000] {processor.py:161} INFO - Started process (PID=124) to work on /home/airflow/.local/lib/python3.8/site-packages/airflow/example_dags/example_short_circuit_decorator.py
[2026-01-02T04:30:31.350+0000] {processor.py:830} INFO - Processing file /home/airflow/.local/lib/python3.8/site-packages/airflow/example_dags/example_short_circuit_decorator.py for tasks to queue
[2026-01-02T04:30:31.351+0000] {logging_mixin.py:188} INFO - [2026-01-02T04:30:31.351+0000] {dagbag.py:538} INFO - Filling up the DagBag from /home/airflow/.local/lib/python3.8/site-packages/airflow/example_dags/example_short_circuit_decorator.py
[2026-01-02T04:30:31.355+0000] {processor.py:840} INFO - DAG(s) 'example_short_circuit_decorator' retrieved from /home/airflow/.local/lib/python3.8/site-packages/airflow/example_dags/example_short_circuit_decorator.py
[2026-01-02T04:30:31.405+0000] {logging_mixin.py:188} INFO - [2026-01-02T04:30:31.405+0000] {dag.py:3033} INFO - Sync 1 DAGs
[2026-01-02T04:30:31.415+0000] {logging_mixin.py:188} INFO - [2026-01-02T04:30:31.415+0000] {dag.py:3820} INFO - Setting next_dagrun for example_short_circuit_decorator to 2026-01-01T00:00:00+00:00, run_after=2026-01-02T00:00:00+00:00
[2026-01-02T04:30:31.431+0000] {processor.py:183} INFO - Processing /home/airflow/.local/lib/python3.8/site-packages/airflow/example_dags/example_short_circuit_decorator.py took 0.083 seconds
[2026-01-02T04:31:02.289+0000] {processor.py:161} INFO - Started process (PID=179) to work on /home/airflow/.local/lib/python3.8/site-packages/airflow/example_dags/example_short_circuit_decorator.py
[2026-01-02T04:31:02.290+0000] {processor.py:830} INFO - Processing file /home/airflow/.local/lib/python3.8/site-packages/airflow/example_dags/example_short_circuit_decorator.py for tasks to queue
[2026-01-02T04:31:02.291+0000] {logging_mixin.py:188} INFO - [2026-01-02T04:31:02.291+0000] {dagbag.py:538} INFO - Filling up the DagBag from /home/airflow/.local/lib/python3.8/site-packages/airflow/example_dags/example_short_circuit_decorator.py
[2026-01-02T04:31:02.295+0000] {processor.py:840} INFO - DAG(s) 'example_short_circuit_decorator' retrieved from /home/airflow/.local/lib/python3.8/site-packages/airflow/example_dags/example_short_circuit_decorator.py
[2026-01-02T04:31:02.307+0000] {logging_mixin.py:188} INFO - [2026-01-02T04:31:02.307+0000] {dag.py:3033} INFO - Sync 1 DAGs
[2026-01-02T04:31:02.317+0000] {logging_mixin.py:188} INFO - [2026-01-02T04:31:02.317+0000] {dag.py:3820} INFO - Setting next_dagrun for example_short_circuit_decorator to 2026-01-01T00:00:00+00:00, run_after=2026-01-02T00:00:00+00:00
[2026-01-02T04:31:02.327+0000] {processor.py:183} INFO - Processing /home/airflow/.local/lib/python3.8/site-packages/airflow/example_dags/example_short_circuit_decorator.py took 0.039 seconds
[2026-01-02T04:31:32.721+0000] {processor.py:161} INFO - Started process (PID=234) to work on /home/airflow/.local/lib/python3.8/site-packages/airflow/example_dags/example_short_circuit_decorator.py
[2026-01-02T04:31:32.722+0000] {processor.py:830} INFO - Processing file /home/airflow/.local/lib/python3.8/site-packages/airflow/example_dags/example_short_circuit_decorator.py for tasks to queue
[2026-01-02T04:31:32.724+0000] {logging_mixin.py:188} INFO - [2026-01-02T04:31:32.724+0000] {dagbag.py:538} INFO - Filling up the DagBag from /home/airflow/.local/lib/python3.8/site-packages/airflow/example_dags/example_short_circuit_decorator.py
[2026-01-02T04:31:32.728+0000] {processor.py:840} INFO - DAG(s) 'example_short_circuit_decorator' retrieved from /home/airflow/.local/lib/python3.8/site-packages/airflow/example_dags/example_short_circuit_decorator.py
[2026-01-02T04:31:32.740+0000] {logging_mixin.py:188} INFO - [2026-01-02T04:31:32.740+0000] {dag.py:3033} INFO - Sync 1 DAGs
[2026-01-02T04:31:32.751+0000] {logging_mixin.py:188} INFO - [2026-01-02T04:31:32.751+0000] {dag.py:3820} INFO - Setting next_dagrun for example_short_circuit_decorator to 2026-01-01T00:00:00+00:00, run_after=2026-01-02T00:00:00+00:00
[2026-01-02T04:31:32.762+0000] {processor.py:183} INFO - Processing /home/airflow/.local/lib/python3.8/site-packages/airflow/example_dags/example_short_circuit_decorator.py took 0.042 seconds
[2026-01-02T04:32:03.172+0000] {processor.py:161} INFO - Started process (PID=289) to work on /home/airflow/.local/lib/python3.8/site-packages/airflow/example_dags/example_short_circuit_decorator.py
[2026-01-02T04:32:03.172+0000] {processor.py:830} INFO - Processing file /home/airflow/.local/lib/python3.8/site-packages/airflow/example_dags/example_short_circuit_decorator.py for tasks to queue
[2026-01-02T04:32:03.173+0000] {logging_mixin.py:188} INFO - [2026-01-02T04:32:03.173+0000] {dagbag.py:538} INFO - Filling up the DagBag from /home/airflow/.local/lib/python3.8/site-packages/airflow/example_dags/example_short_circuit_decorator.py
[2026-01-02T04:32:03.177+0000] {processor.py:840} INFO - DAG(s) 'example_short_circuit_decorator' retrieved from /home/airflow/.local/lib/python3.8/site-packages/airflow/example_dags/example_short_circuit_decorator.py
[2026-01-02T04:32:03.189+0000] {logging_mixin.py:188} INFO - [2026-01-02T04:32:03.189+0000] {dag.py:3033} INFO - Sync 1 DAGs
[2026-01-02T04:32:03.199+0000] {logging_mixin.py:188} INFO - [2026-01-02T04:32:03.198+0000] {dag.py:3820} INFO - Setting next_dagrun for example_short_circuit_decorator to 2026-01-01T00:00:00+00:00, run_after=2026-01-02T00:00:00+00:00
[2026-01-02T04:32:03.212+0000] {processor.py:183} INFO - Processing /home/airflow/.local/lib/python3.8/site-packages/airflow/example_dags/example_short_circuit_decorator.py took 0.041 seconds
[2026-01-02T04:32:33.473+0000] {processor.py:161} INFO - Started process (PID=344) to work on /home/airflow/.local/lib/python3.8/site-packages/airflow/example_dags/example_short_circuit_decorator.py
[2026-01-02T04:32:33.473+0000] {processor.py:830} INFO - Processing file /home/airflow/.local/lib/python3.8/site-packages/airflow/example_dags/example_short_circuit_decorator.py for tasks to queue
[2026-01-02T04:32:33.474+0000] {logging_mixin.py:188} INFO - [2026-01-02T04:32:33.474+0000] {dagbag.py:538} INFO - Filling up the DagBag from /home/airflow/.local/lib/python3.8/site-packages/airflow/example_dags/example_short_circuit_decorator.py
[2026-01-02T04:32:33.479+0000] {processor.py:840} INFO - DAG(s) 'example_short_circuit_decorator' retrieved from /home/airflow/.local/lib/python3.8/site-packages/airflow/example_dags/example_short_circuit_decorator.py
[2026-01-02T04:32:33.489+0000] {logging_mixin.py:188} INFO - [2026-01-02T04:32:33.489+0000] {dag.py:3033} INFO - Sync 1 DAGs
[2026-01-02T04:32:33.499+0000] {logging_mixin.py:188} INFO - [2026-01-02T04:32:33.499+0000] {dag.py:3820} INFO - Setting next_dagrun for example_short_circuit_decorator to 2026-01-01T00:00:00+00:00, run_after=2026-01-02T00:00:00+00:00
[2026-01-02T04:32:33.510+0000] {processor.py:183} INFO - Processing /home/airflow/.local/lib/python3.8/site-packages/airflow/example_dags/example_short_circuit_decorator.py took 0.039 seconds
[2026-01-02T04:33:03.756+0000] {processor.py:161} INFO - Started process (PID=399) to work on /home/airflow/.local/lib/python3.8/site-packages/airflow/example_dags/example_short_circuit_decorator.py
[2026-01-02T04:33:03.756+0000] {processor.py:830} INFO - Processing file /home/airflow/.local/lib/python3.8/site-packages/airflow/example_dags/example_short_circuit_decorator.py for tasks to queue
[2026-01-02T04:33:03.758+0000] {logging_mixin.py:188} INFO - [2026-01-02T04:33:03.758+0000] {dagbag.py:538} INFO - Filling up the DagBag from /home/airflow/.local/lib/python3.8/site-packages/airflow/example_dags/example_short_circuit_decorator.py
[2026-01-02T04:33:03.763+0000] {processor.py:840} INFO - DAG(s) 'example_short_circuit_decorator' retrieved from /home/airflow/.local/lib/python3.8/site-packages/airflow/example_dags/example_short_circuit_decorator.py
[2026-01-02T04:33:03.777+0000] {logging_mixin.py:188} INFO - [2026-01-02T04:33:03.777+0000] {dag.py:3033} INFO - Sync 1 DAGs
[2026-01-02T04:33:03.789+0000] {logging_mixin.py:188} INFO - [2026-01-02T04:33:03.789+0000] {dag.py:3820} INFO - Setting next_dagrun for example_short_circuit_decorator to 2026-01-01T00:00:00+00:00, run_after=2026-01-02T00:00:00+00:00
[2026-01-02T04:33:03.802+0000] {processor.py:183} INFO - Processing /home/airflow/.local/lib/python3.8/site-packages/airflow/example_dags/example_short_circuit_decorator.py took 0.048 seconds
[2026-01-02T04:33:34.033+0000] {processor.py:161} INFO - Started process (PID=454) to work on /home/airflow/.local/lib/python3.8/site-packages/airflow/example_dags/example_short_circuit_decorator.py
[2026-01-02T04:33:34.034+0000] {processor.py:830} INFO - Processing file /home/airflow/.local/lib/python3.8/site-packages/airflow/example_dags/example_short_circuit_decorator.py for tasks to queue
[2026-01-02T04:33:34.035+0000] {logging_mixin.py:188} INFO - [2026-01-02T04:33:34.035+0000] {dagbag.py:538} INFO - Filling up the DagBag from /home/airflow/.local/lib/python3.8/site-packages/airflow/example_dags/example_short_circuit_decorator.py
[2026-01-02T04:33:34.039+0000] {processor.py:840} INFO - DAG(s) 'example_short_circuit_decorator' retrieved from /home/airflow/.local/lib/python3.8/site-packages/airflow/example_dags/example_short_circuit_decorator.py
[2026-01-02T04:33:34.052+0000] {logging_mixin.py:188} INFO - [2026-01-02T04:33:34.051+0000] {dag.py:3033} INFO - Sync 1 DAGs
[2026-01-02T04:33:34.062+0000] {logging_mixin.py:188} INFO - [2026-01-02T04:33:34.062+0000] {dag.py:3820} INFO - Setting next_dagrun for example_short_circuit_decorator to 2026-01-01T00:00:00+00:00, run_after=2026-01-02T00:00:00+00:00
[2026-01-02T04:33:34.073+0000] {processor.py:183} INFO - Processing /home/airflow/.local/lib/python3.8/site-packages/airflow/example_dags/example_short_circuit_decorator.py took 0.041 seconds
[2026-01-02T04:34:04.347+0000] {processor.py:161} INFO - Started process (PID=509) to work on /home/airflow/.local/lib/python3.8/site-packages/airflow/example_dags/example_short_circuit_decorator.py
[2026-01-02T04:34:04.347+0000] {processor.py:830} INFO - Processing file /home/airflow/.local/lib/python3.8/site-packages/airflow/example_dags/example_short_circuit_decorator.py for tasks to queue
[2026-01-02T04:34:04.349+0000] {logging_mixin.py:188} INFO - [2026-01-02T04:34:04.349+0000] {dagbag.py:538} INFO - Filling up the DagBag from /home/airflow/.local/lib/python3.8/site-packages/airflow/example_dags/example_short_circuit_decorator.py
[2026-01-02T04:34:04.353+0000] {processor.py:840} INFO - DAG(s) 'example_short_circuit_decorator' retrieved from /home/airflow/.local/lib/python3.8/site-packages/airflow/example_dags/example_short_circuit_decorator.py
[2026-01-02T04:34:04.363+0000] {logging_mixin.py:188} INFO - [2026-01-02T04:34:04.363+0000] {dag.py:3033} INFO - Sync 1 DAGs
[2026-01-02T04:34:04.373+0000] {logging_mixin.py:188} INFO - [2026-01-02T04:34:04.373+0000] {dag.py:3820} INFO - Setting next_dagrun for example_short_circuit_decorator to 2026-01-01T00:00:00+00:00, run_after=2026-01-02T00:00:00+00:00
[2026-01-02T04:34:04.384+0000] {processor.py:183} INFO - Processing /home/airflow/.local/lib/python3.8/site-packages/airflow/example_dags/example_short_circuit_decorator.py took 0.038 seconds
[2026-01-02T04:34:34.687+0000] {processor.py:161} INFO - Started process (PID=564) to work on /home/airflow/.local/lib/python3.8/site-packages/airflow/example_dags/example_short_circuit_decorator.py
[2026-01-02T04:34:34.687+0000] {processor.py:830} INFO - Processing file /home/airflow/.local/lib/python3.8/site-packages/airflow/example_dags/example_short_circuit_decorator.py for tasks to queue
[2026-01-02T04:34:34.688+0000] {logging_mixin.py:188} INFO - [2026-01-02T04:34:34.688+0000] {dagbag.py:538} INFO - Filling up the DagBag from /home/airflow/.local/lib/python3.8/site-packages/airflow/example_dags/example_short_circuit_decorator.py
[2026-01-02T04:34:34.692+0000] {processor.py:840} INFO - DAG(s) 'example_short_circuit_decorator' retrieved from /home/airflow/.local/lib/python3.8/site-packages/airflow/example_dags/example_short_circuit_decorator.py
[2026-01-02T04:34:34.702+0000] {logging_mixin.py:188} INFO - [2026-01-02T04:34:34.702+0000] {dag.py:3033} INFO - Sync 1 DAGs
[2026-01-02T04:34:34.712+0000] {logging_mixin.py:188} INFO - [2026-01-02T04:34:34.712+0000] {dag.py:3820} INFO - Setting next_dagrun for example_short_circuit_decorator to 2026-01-01T00:00:00+00:00, run_after=2026-01-02T00:00:00+00:00
[2026-01-02T04:34:34.730+0000] {processor.py:183} INFO - Processing /home/airflow/.local/lib/python3.8/site-packages/airflow/example_dags/example_short_circuit_decorator.py took 0.044 seconds
[2026-01-02T04:35:04.991+0000] {processor.py:161} INFO - Started process (PID=619) to work on /home/airflow/.local/lib/python3.8/site-packages/airflow/example_dags/example_short_circuit_decorator.py
[2026-01-02T04:35:04.991+0000] {processor.py:830} INFO - Processing file /home/airflow/.local/lib/python3.8/site-packages/airflow/example_dags/example_short_circuit_decorator.py for tasks to queue
[2026-01-02T04:35:04.992+0000] {logging_mixin.py:188} INFO - [2026-01-02T04:35:04.992+0000] {dagbag.py:538} INFO - Filling up the DagBag from /home/airflow/.local/lib/python3.8/site-packages/airflow/example_dags/example_short_circuit_decorator.py
[2026-01-02T04:35:04.996+0000] {processor.py:840} INFO - DAG(s) 'example_short_circuit_decorator' retrieved from /home/airflow/.local/lib/python3.8/site-packages/airflow/example_dags/example_short_circuit_decorator.py
[2026-01-02T04:35:05.010+0000] {logging_mixin.py:188} INFO - [2026-01-02T04:35:05.010+0000] {dag.py:3033} INFO - Sync 1 DAGs
[2026-01-02T04:35:05.020+0000] {logging_mixin.py:188} INFO - [2026-01-02T04:35:05.020+0000] {dag.py:3820} INFO - Setting next_dagrun for example_short_circuit_decorator to 2026-01-01T00:00:00+00:00, run_after=2026-01-02T00:00:00+00:00
[2026-01-02T04:35:05.031+0000] {processor.py:183} INFO - Processing /home/airflow/.local/lib/python3.8/site-packages/airflow/example_dags/example_short_circuit_decorator.py took 0.041 seconds
[2026-01-02T04:35:35.323+0000] {processor.py:161} INFO - Started process (PID=674) to work on /home/airflow/.local/lib/python3.8/site-packages/airflow/example_dags/example_short_circuit_decorator.py
[2026-01-02T04:35:35.324+0000] {processor.py:830} INFO - Processing file /home/airflow/.local/lib/python3.8/site-packages/airflow/example_dags/example_short_circuit_decorator.py for tasks to queue
[2026-01-02T04:35:35.325+0000] {logging_mixin.py:188} INFO - [2026-01-02T04:35:35.324+0000] {dagbag.py:538} INFO - Filling up the DagBag from /home/airflow/.local/lib/python3.8/site-packages/airflow/example_dags/example_short_circuit_decorator.py
[2026-01-02T04:35:35.329+0000] {processor.py:840} INFO - DAG(s) 'example_short_circuit_decorator' retrieved from /home/airflow/.local/lib/python3.8/site-packages/airflow/example_dags/example_short_circuit_decorator.py
[2026-01-02T04:35:35.339+0000] {logging_mixin.py:188} INFO - [2026-01-02T04:35:35.339+0000] {dag.py:3033} INFO - Sync 1 DAGs
[2026-01-02T04:35:35.349+0000] {logging_mixin.py:188} INFO - [2026-01-02T04:35:35.349+0000] {dag.py:3820} INFO - Setting next_dagrun for example_short_circuit_decorator to 2026-01-01T00:00:00+00:00, run_after=2026-01-02T00:00:00+00:00
[2026-01-02T04:35:35.360+0000] {processor.py:183} INFO - Processing /home/airflow/.local/lib/python3.8/site-packages/airflow/example_dags/example_short_circuit_decorator.py took 0.038 seconds
[2026-01-02T04:36:05.618+0000] {processor.py:161} INFO - Started process (PID=729) to work on /home/airflow/.local/lib/python3.8/site-packages/airflow/example_dags/example_short_circuit_decorator.py
[2026-01-02T04:36:05.619+0000] {processor.py:830} INFO - Processing file /home/airflow/.local/lib/python3.8/site-packages/airflow/example_dags/example_short_circuit_decorator.py for tasks to queue
[2026-01-02T04:36:05.620+0000] {logging_mixin.py:188} INFO - [2026-01-02T04:36:05.620+0000] {dagbag.py:538} INFO - Filling up the DagBag from /home/airflow/.local/lib/python3.8/site-packages/airflow/example_dags/example_short_circuit_decorator.py
[2026-01-02T04:36:05.624+0000] {processor.py:840} INFO - DAG(s) 'example_short_circuit_decorator' retrieved from /home/airflow/.local/lib/python3.8/site-packages/airflow/example_dags/example_short_circuit_decorator.py
[2026-01-02T04:36:05.638+0000] {logging_mixin.py:188} INFO - [2026-01-02T04:36:05.638+0000] {dag.py:3033} INFO - Sync 1 DAGs
[2026-01-02T04:36:05.648+0000] {logging_mixin.py:188} INFO - [2026-01-02T04:36:05.648+0000] {dag.py:3820} INFO - Setting next_dagrun for example_short_circuit_decorator to 2026-01-01T00:00:00+00:00, run_after=2026-01-02T00:00:00+00:00
[2026-01-02T04:36:05.659+0000] {processor.py:183} INFO - Processing /home/airflow/.local/lib/python3.8/site-packages/airflow/example_dags/example_short_circuit_decorator.py took 0.042 seconds
[2026-01-02T04:38:45.275+0000] {processor.py:161} INFO - Started process (PID=71) to work on /home/airflow/.local/lib/python3.8/site-packages/airflow/example_dags/example_short_circuit_decorator.py
[2026-01-02T04:38:45.276+0000] {processor.py:830} INFO - Processing file /home/airflow/.local/lib/python3.8/site-packages/airflow/example_dags/example_short_circuit_decorator.py for tasks to queue
[2026-01-02T04:38:45.277+0000] {logging_mixin.py:188} INFO - [2026-01-02T04:38:45.277+0000] {dagbag.py:538} INFO - Filling up the DagBag from /home/airflow/.local/lib/python3.8/site-packages/airflow/example_dags/example_short_circuit_decorator.py
[2026-01-02T04:38:45.284+0000] {processor.py:840} INFO - DAG(s) 'example_short_circuit_decorator' retrieved from /home/airflow/.local/lib/python3.8/site-packages/airflow/example_dags/example_short_circuit_decorator.py
[2026-01-02T04:38:45.291+0000] {logging_mixin.py:188} INFO - [2026-01-02T04:38:45.291+0000] {dag.py:3033} INFO - Sync 1 DAGs
[2026-01-02T04:38:45.306+0000] {logging_mixin.py:188} INFO - [2026-01-02T04:38:45.306+0000] {dag.py:3820} INFO - Setting next_dagrun for example_short_circuit_decorator to 2026-01-01T00:00:00+00:00, run_after=2026-01-02T00:00:00+00:00
[2026-01-02T04:38:45.318+0000] {processor.py:183} INFO - Processing /home/airflow/.local/lib/python3.8/site-packages/airflow/example_dags/example_short_circuit_decorator.py took 0.045 seconds
[2026-01-02T04:39:15.897+0000] {processor.py:161} INFO - Started process (PID=132) to work on /home/airflow/.local/lib/python3.8/site-packages/airflow/example_dags/example_short_circuit_decorator.py
[2026-01-02T04:39:15.897+0000] {processor.py:830} INFO - Processing file /home/airflow/.local/lib/python3.8/site-packages/airflow/example_dags/example_short_circuit_decorator.py for tasks to queue
[2026-01-02T04:39:15.898+0000] {logging_mixin.py:188} INFO - [2026-01-02T04:39:15.898+0000] {dagbag.py:538} INFO - Filling up the DagBag from /home/airflow/.local/lib/python3.8/site-packages/airflow/example_dags/example_short_circuit_decorator.py
[2026-01-02T04:39:15.902+0000] {processor.py:840} INFO - DAG(s) 'example_short_circuit_decorator' retrieved from /home/airflow/.local/lib/python3.8/site-packages/airflow/example_dags/example_short_circuit_decorator.py
[2026-01-02T04:39:15.948+0000] {logging_mixin.py:188} INFO - [2026-01-02T04:39:15.947+0000] {dag.py:3033} INFO - Sync 1 DAGs
[2026-01-02T04:39:15.957+0000] {logging_mixin.py:188} INFO - [2026-01-02T04:39:15.957+0000] {dag.py:3820} INFO - Setting next_dagrun for example_short_circuit_decorator to 2026-01-01T00:00:00+00:00, run_after=2026-01-02T00:00:00+00:00
[2026-01-02T04:39:15.967+0000] {processor.py:183} INFO - Processing /home/airflow/.local/lib/python3.8/site-packages/airflow/example_dags/example_short_circuit_decorator.py took 0.072 seconds
[2026-01-02T04:39:46.515+0000] {processor.py:161} INFO - Started process (PID=187) to work on /home/airflow/.local/lib/python3.8/site-packages/airflow/example_dags/example_short_circuit_decorator.py
[2026-01-02T04:39:46.515+0000] {processor.py:830} INFO - Processing file /home/airflow/.local/lib/python3.8/site-packages/airflow/example_dags/example_short_circuit_decorator.py for tasks to queue
[2026-01-02T04:39:46.516+0000] {logging_mixin.py:188} INFO - [2026-01-02T04:39:46.516+0000] {dagbag.py:538} INFO - Filling up the DagBag from /home/airflow/.local/lib/python3.8/site-packages/airflow/example_dags/example_short_circuit_decorator.py
[2026-01-02T04:39:46.520+0000] {processor.py:840} INFO - DAG(s) 'example_short_circuit_decorator' retrieved from /home/airflow/.local/lib/python3.8/site-packages/airflow/example_dags/example_short_circuit_decorator.py
[2026-01-02T04:39:46.529+0000] {logging_mixin.py:188} INFO - [2026-01-02T04:39:46.529+0000] {dag.py:3033} INFO - Sync 1 DAGs
[2026-01-02T04:39:46.538+0000] {logging_mixin.py:188} INFO - [2026-01-02T04:39:46.538+0000] {dag.py:3820} INFO - Setting next_dagrun for example_short_circuit_decorator to 2026-01-01T00:00:00+00:00, run_after=2026-01-02T00:00:00+00:00
[2026-01-02T04:39:46.547+0000] {processor.py:183} INFO - Processing /home/airflow/.local/lib/python3.8/site-packages/airflow/example_dags/example_short_circuit_decorator.py took 0.033 seconds
[2026-01-02T04:40:16.715+0000] {processor.py:161} INFO - Started process (PID=242) to work on /home/airflow/.local/lib/python3.8/site-packages/airflow/example_dags/example_short_circuit_decorator.py
[2026-01-02T04:40:16.715+0000] {processor.py:830} INFO - Processing file /home/airflow/.local/lib/python3.8/site-packages/airflow/example_dags/example_short_circuit_decorator.py for tasks to queue
[2026-01-02T04:40:16.716+0000] {logging_mixin.py:188} INFO - [2026-01-02T04:40:16.716+0000] {dagbag.py:538} INFO - Filling up the DagBag from /home/airflow/.local/lib/python3.8/site-packages/airflow/example_dags/example_short_circuit_decorator.py
[2026-01-02T04:40:16.720+0000] {processor.py:840} INFO - DAG(s) 'example_short_circuit_decorator' retrieved from /home/airflow/.local/lib/python3.8/site-packages/airflow/example_dags/example_short_circuit_decorator.py
[2026-01-02T04:40:16.730+0000] {logging_mixin.py:188} INFO - [2026-01-02T04:40:16.730+0000] {dag.py:3033} INFO - Sync 1 DAGs
[2026-01-02T04:40:16.739+0000] {logging_mixin.py:188} INFO - [2026-01-02T04:40:16.739+0000] {dag.py:3820} INFO - Setting next_dagrun for example_short_circuit_decorator to 2026-01-01T00:00:00+00:00, run_after=2026-01-02T00:00:00+00:00
[2026-01-02T04:40:16.748+0000] {processor.py:183} INFO - Processing /home/airflow/.local/lib/python3.8/site-packages/airflow/example_dags/example_short_circuit_decorator.py took 0.035 seconds
[2026-01-02T04:40:46.891+0000] {processor.py:161} INFO - Started process (PID=297) to work on /home/airflow/.local/lib/python3.8/site-packages/airflow/example_dags/example_short_circuit_decorator.py
[2026-01-02T04:40:46.891+0000] {processor.py:830} INFO - Processing file /home/airflow/.local/lib/python3.8/site-packages/airflow/example_dags/example_short_circuit_decorator.py for tasks to queue
[2026-01-02T04:40:46.892+0000] {logging_mixin.py:188} INFO - [2026-01-02T04:40:46.892+0000] {dagbag.py:538} INFO - Filling up the DagBag from /home/airflow/.local/lib/python3.8/site-packages/airflow/example_dags/example_short_circuit_decorator.py
[2026-01-02T04:40:46.896+0000] {processor.py:840} INFO - DAG(s) 'example_short_circuit_decorator' retrieved from /home/airflow/.local/lib/python3.8/site-packages/airflow/example_dags/example_short_circuit_decorator.py
[2026-01-02T04:40:46.906+0000] {logging_mixin.py:188} INFO - [2026-01-02T04:40:46.906+0000] {dag.py:3033} INFO - Sync 1 DAGs
[2026-01-02T04:40:46.915+0000] {logging_mixin.py:188} INFO - [2026-01-02T04:40:46.914+0000] {dag.py:3820} INFO - Setting next_dagrun for example_short_circuit_decorator to 2026-01-01T00:00:00+00:00, run_after=2026-01-02T00:00:00+00:00
[2026-01-02T04:40:46.924+0000] {processor.py:183} INFO - Processing /home/airflow/.local/lib/python3.8/site-packages/airflow/example_dags/example_short_circuit_decorator.py took 0.034 seconds
[2026-01-02T04:41:17.038+0000] {processor.py:161} INFO - Started process (PID=352) to work on /home/airflow/.local/lib/python3.8/site-packages/airflow/example_dags/example_short_circuit_decorator.py
[2026-01-02T04:41:17.038+0000] {processor.py:830} INFO - Processing file /home/airflow/.local/lib/python3.8/site-packages/airflow/example_dags/example_short_circuit_decorator.py for tasks to queue
[2026-01-02T04:41:17.039+0000] {logging_mixin.py:188} INFO - [2026-01-02T04:41:17.039+0000] {dagbag.py:538} INFO - Filling up the DagBag from /home/airflow/.local/lib/python3.8/site-packages/airflow/example_dags/example_short_circuit_decorator.py
[2026-01-02T04:41:17.043+0000] {processor.py:840} INFO - DAG(s) 'example_short_circuit_decorator' retrieved from /home/airflow/.local/lib/python3.8/site-packages/airflow/example_dags/example_short_circuit_decorator.py
[2026-01-02T04:41:17.054+0000] {logging_mixin.py:188} INFO - [2026-01-02T04:41:17.054+0000] {dag.py:3033} INFO - Sync 1 DAGs
[2026-01-02T04:41:17.063+0000] {logging_mixin.py:188} INFO - [2026-01-02T04:41:17.063+0000] {dag.py:3820} INFO - Setting next_dagrun for example_short_circuit_decorator to 2026-01-01T00:00:00+00:00, run_after=2026-01-02T00:00:00+00:00
[2026-01-02T04:41:17.073+0000] {processor.py:183} INFO - Processing /home/airflow/.local/lib/python3.8/site-packages/airflow/example_dags/example_short_circuit_decorator.py took 0.036 seconds
[2026-01-02T04:41:47.288+0000] {processor.py:161} INFO - Started process (PID=407) to work on /home/airflow/.local/lib/python3.8/site-packages/airflow/example_dags/example_short_circuit_decorator.py
[2026-01-02T04:41:47.288+0000] {processor.py:830} INFO - Processing file /home/airflow/.local/lib/python3.8/site-packages/airflow/example_dags/example_short_circuit_decorator.py for tasks to queue
[2026-01-02T04:41:47.289+0000] {logging_mixin.py:188} INFO - [2026-01-02T04:41:47.289+0000] {dagbag.py:538} INFO - Filling up the DagBag from /home/airflow/.local/lib/python3.8/site-packages/airflow/example_dags/example_short_circuit_decorator.py
[2026-01-02T04:41:47.293+0000] {processor.py:840} INFO - DAG(s) 'example_short_circuit_decorator' retrieved from /home/airflow/.local/lib/python3.8/site-packages/airflow/example_dags/example_short_circuit_decorator.py
[2026-01-02T04:41:47.303+0000] {logging_mixin.py:188} INFO - [2026-01-02T04:41:47.303+0000] {dag.py:3033} INFO - Sync 1 DAGs
[2026-01-02T04:41:47.313+0000] {logging_mixin.py:188} INFO - [2026-01-02T04:41:47.312+0000] {dag.py:3820} INFO - Setting next_dagrun for example_short_circuit_decorator to 2026-01-01T00:00:00+00:00, run_after=2026-01-02T00:00:00+00:00
[2026-01-02T04:41:47.322+0000] {processor.py:183} INFO - Processing /home/airflow/.local/lib/python3.8/site-packages/airflow/example_dags/example_short_circuit_decorator.py took 0.035 seconds
[2026-01-02T04:42:17.445+0000] {processor.py:161} INFO - Started process (PID=462) to work on /home/airflow/.local/lib/python3.8/site-packages/airflow/example_dags/example_short_circuit_decorator.py
[2026-01-02T04:42:17.445+0000] {processor.py:830} INFO - Processing file /home/airflow/.local/lib/python3.8/site-packages/airflow/example_dags/example_short_circuit_decorator.py for tasks to queue
[2026-01-02T04:42:17.446+0000] {logging_mixin.py:188} INFO - [2026-01-02T04:42:17.446+0000] {dagbag.py:538} INFO - Filling up the DagBag from /home/airflow/.local/lib/python3.8/site-packages/airflow/example_dags/example_short_circuit_decorator.py
[2026-01-02T04:42:17.450+0000] {processor.py:840} INFO - DAG(s) 'example_short_circuit_decorator' retrieved from /home/airflow/.local/lib/python3.8/site-packages/airflow/example_dags/example_short_circuit_decorator.py
[2026-01-02T04:42:17.460+0000] {logging_mixin.py:188} INFO - [2026-01-02T04:42:17.460+0000] {dag.py:3033} INFO - Sync 1 DAGs
[2026-01-02T04:42:17.470+0000] {logging_mixin.py:188} INFO - [2026-01-02T04:42:17.470+0000] {dag.py:3820} INFO - Setting next_dagrun for example_short_circuit_decorator to 2026-01-01T00:00:00+00:00, run_after=2026-01-02T00:00:00+00:00
[2026-01-02T04:42:17.480+0000] {processor.py:183} INFO - Processing /home/airflow/.local/lib/python3.8/site-packages/airflow/example_dags/example_short_circuit_decorator.py took 0.036 seconds
[2026-01-02T04:42:47.674+0000] {processor.py:161} INFO - Started process (PID=517) to work on /home/airflow/.local/lib/python3.8/site-packages/airflow/example_dags/example_short_circuit_decorator.py
[2026-01-02T04:42:47.675+0000] {processor.py:830} INFO - Processing file /home/airflow/.local/lib/python3.8/site-packages/airflow/example_dags/example_short_circuit_decorator.py for tasks to queue
[2026-01-02T04:42:47.676+0000] {logging_mixin.py:188} INFO - [2026-01-02T04:42:47.676+0000] {dagbag.py:538} INFO - Filling up the DagBag from /home/airflow/.local/lib/python3.8/site-packages/airflow/example_dags/example_short_circuit_decorator.py
[2026-01-02T04:42:47.680+0000] {processor.py:840} INFO - DAG(s) 'example_short_circuit_decorator' retrieved from /home/airflow/.local/lib/python3.8/site-packages/airflow/example_dags/example_short_circuit_decorator.py
[2026-01-02T04:42:47.690+0000] {logging_mixin.py:188} INFO - [2026-01-02T04:42:47.690+0000] {dag.py:3033} INFO - Sync 1 DAGs
[2026-01-02T04:42:47.702+0000] {logging_mixin.py:188} INFO - [2026-01-02T04:42:47.702+0000] {dag.py:3820} INFO - Setting next_dagrun for example_short_circuit_decorator to 2026-01-01T00:00:00+00:00, run_after=2026-01-02T00:00:00+00:00
[2026-01-02T04:42:47.713+0000] {processor.py:183} INFO - Processing /home/airflow/.local/lib/python3.8/site-packages/airflow/example_dags/example_short_circuit_decorator.py took 0.040 seconds
[2026-01-02T04:43:17.884+0000] {processor.py:161} INFO - Started process (PID=572) to work on /home/airflow/.local/lib/python3.8/site-packages/airflow/example_dags/example_short_circuit_decorator.py
[2026-01-02T04:43:17.885+0000] {processor.py:830} INFO - Processing file /home/airflow/.local/lib/python3.8/site-packages/airflow/example_dags/example_short_circuit_decorator.py for tasks to queue
[2026-01-02T04:43:17.886+0000] {logging_mixin.py:188} INFO - [2026-01-02T04:43:17.886+0000] {dagbag.py:538} INFO - Filling up the DagBag from /home/airflow/.local/lib/python3.8/site-packages/airflow/example_dags/example_short_circuit_decorator.py
[2026-01-02T04:43:17.890+0000] {processor.py:840} INFO - DAG(s) 'example_short_circuit_decorator' retrieved from /home/airflow/.local/lib/python3.8/site-packages/airflow/example_dags/example_short_circuit_decorator.py
[2026-01-02T04:43:17.901+0000] {logging_mixin.py:188} INFO - [2026-01-02T04:43:17.900+0000] {dag.py:3033} INFO - Sync 1 DAGs
[2026-01-02T04:43:17.911+0000] {logging_mixin.py:188} INFO - [2026-01-02T04:43:17.911+0000] {dag.py:3820} INFO - Setting next_dagrun for example_short_circuit_decorator to 2026-01-01T00:00:00+00:00, run_after=2026-01-02T00:00:00+00:00
[2026-01-02T04:43:17.921+0000] {processor.py:183} INFO - Processing /home/airflow/.local/lib/python3.8/site-packages/airflow/example_dags/example_short_circuit_decorator.py took 0.037 seconds
[2026-01-02T04:43:48.112+0000] {processor.py:161} INFO - Started process (PID=627) to work on /home/airflow/.local/lib/python3.8/site-packages/airflow/example_dags/example_short_circuit_decorator.py
[2026-01-02T04:43:48.113+0000] {processor.py:830} INFO - Processing file /home/airflow/.local/lib/python3.8/site-packages/airflow/example_dags/example_short_circuit_decorator.py for tasks to queue
[2026-01-02T04:43:48.114+0000] {logging_mixin.py:188} INFO - [2026-01-02T04:43:48.114+0000] {dagbag.py:538} INFO - Filling up the DagBag from /home/airflow/.local/lib/python3.8/site-packages/airflow/example_dags/example_short_circuit_decorator.py
[2026-01-02T04:43:48.118+0000] {processor.py:840} INFO - DAG(s) 'example_short_circuit_decorator' retrieved from /home/airflow/.local/lib/python3.8/site-packages/airflow/example_dags/example_short_circuit_decorator.py
[2026-01-02T04:43:48.128+0000] {logging_mixin.py:188} INFO - [2026-01-02T04:43:48.128+0000] {dag.py:3033} INFO - Sync 1 DAGs
[2026-01-02T04:43:48.138+0000] {logging_mixin.py:188} INFO - [2026-01-02T04:43:48.138+0000] {dag.py:3820} INFO - Setting next_dagrun for example_short_circuit_decorator to 2026-01-01T00:00:00+00:00, run_after=2026-01-02T00:00:00+00:00
[2026-01-02T04:43:48.149+0000] {processor.py:183} INFO - Processing /home/airflow/.local/lib/python3.8/site-packages/airflow/example_dags/example_short_circuit_decorator.py took 0.038 seconds
[2026-01-02T04:44:18.382+0000] {processor.py:161} INFO - Started process (PID=689) to work on /home/airflow/.local/lib/python3.8/site-packages/airflow/example_dags/example_short_circuit_decorator.py
[2026-01-02T04:44:18.382+0000] {processor.py:830} INFO - Processing file /home/airflow/.local/lib/python3.8/site-packages/airflow/example_dags/example_short_circuit_decorator.py for tasks to queue
[2026-01-02T04:44:18.383+0000] {logging_mixin.py:188} INFO - [2026-01-02T04:44:18.383+0000] {dagbag.py:538} INFO - Filling up the DagBag from /home/airflow/.local/lib/python3.8/site-packages/airflow/example_dags/example_short_circuit_decorator.py
[2026-01-02T04:44:18.387+0000] {processor.py:840} INFO - DAG(s) 'example_short_circuit_decorator' retrieved from /home/airflow/.local/lib/python3.8/site-packages/airflow/example_dags/example_short_circuit_decorator.py
[2026-01-02T04:44:18.399+0000] {logging_mixin.py:188} INFO - [2026-01-02T04:44:18.399+0000] {dag.py:3033} INFO - Sync 1 DAGs
[2026-01-02T04:44:18.408+0000] {logging_mixin.py:188} INFO - [2026-01-02T04:44:18.408+0000] {dag.py:3820} INFO - Setting next_dagrun for example_short_circuit_decorator to 2026-01-01T00:00:00+00:00, run_after=2026-01-02T00:00:00+00:00
[2026-01-02T04:44:18.420+0000] {processor.py:183} INFO - Processing /home/airflow/.local/lib/python3.8/site-packages/airflow/example_dags/example_short_circuit_decorator.py took 0.040 seconds
[2026-01-02T04:44:48.641+0000] {processor.py:161} INFO - Started process (PID=751) to work on /home/airflow/.local/lib/python3.8/site-packages/airflow/example_dags/example_short_circuit_decorator.py
[2026-01-02T04:44:48.641+0000] {processor.py:830} INFO - Processing file /home/airflow/.local/lib/python3.8/site-packages/airflow/example_dags/example_short_circuit_decorator.py for tasks to queue
[2026-01-02T04:44:48.642+0000] {logging_mixin.py:188} INFO - [2026-01-02T04:44:48.642+0000] {dagbag.py:538} INFO - Filling up the DagBag from /home/airflow/.local/lib/python3.8/site-packages/airflow/example_dags/example_short_circuit_decorator.py
[2026-01-02T04:44:48.646+0000] {processor.py:840} INFO - DAG(s) 'example_short_circuit_decorator' retrieved from /home/airflow/.local/lib/python3.8/site-packages/airflow/example_dags/example_short_circuit_decorator.py
[2026-01-02T04:44:48.658+0000] {logging_mixin.py:188} INFO - [2026-01-02T04:44:48.658+0000] {dag.py:3033} INFO - Sync 1 DAGs
[2026-01-02T04:44:48.669+0000] {logging_mixin.py:188} INFO - [2026-01-02T04:44:48.668+0000] {dag.py:3820} INFO - Setting next_dagrun for example_short_circuit_decorator to 2026-01-01T00:00:00+00:00, run_after=2026-01-02T00:00:00+00:00
[2026-01-02T04:44:48.680+0000] {processor.py:183} INFO - Processing /home/airflow/.local/lib/python3.8/site-packages/airflow/example_dags/example_short_circuit_decorator.py took 0.041 seconds
[2026-01-02T04:45:18.981+0000] {processor.py:161} INFO - Started process (PID=806) to work on /home/airflow/.local/lib/python3.8/site-packages/airflow/example_dags/example_short_circuit_decorator.py
[2026-01-02T04:45:18.981+0000] {processor.py:830} INFO - Processing file /home/airflow/.local/lib/python3.8/site-packages/airflow/example_dags/example_short_circuit_decorator.py for tasks to queue
[2026-01-02T04:45:18.982+0000] {logging_mixin.py:188} INFO - [2026-01-02T04:45:18.982+0000] {dagbag.py:538} INFO - Filling up the DagBag from /home/airflow/.local/lib/python3.8/site-packages/airflow/example_dags/example_short_circuit_decorator.py
[2026-01-02T04:45:18.986+0000] {processor.py:840} INFO - DAG(s) 'example_short_circuit_decorator' retrieved from /home/airflow/.local/lib/python3.8/site-packages/airflow/example_dags/example_short_circuit_decorator.py
[2026-01-02T04:45:18.999+0000] {logging_mixin.py:188} INFO - [2026-01-02T04:45:18.999+0000] {dag.py:3033} INFO - Sync 1 DAGs
[2026-01-02T04:45:19.009+0000] {logging_mixin.py:188} INFO - [2026-01-02T04:45:19.009+0000] {dag.py:3820} INFO - Setting next_dagrun for example_short_circuit_decorator to 2026-01-01T00:00:00+00:00, run_after=2026-01-02T00:00:00+00:00
[2026-01-02T04:45:19.020+0000] {processor.py:183} INFO - Processing /home/airflow/.local/lib/python3.8/site-packages/airflow/example_dags/example_short_circuit_decorator.py took 0.041 seconds
[2026-01-02T04:45:49.333+0000] {processor.py:161} INFO - Started process (PID=861) to work on /home/airflow/.local/lib/python3.8/site-packages/airflow/example_dags/example_short_circuit_decorator.py
[2026-01-02T04:45:49.333+0000] {processor.py:830} INFO - Processing file /home/airflow/.local/lib/python3.8/site-packages/airflow/example_dags/example_short_circuit_decorator.py for tasks to queue
[2026-01-02T04:45:49.334+0000] {logging_mixin.py:188} INFO - [2026-01-02T04:45:49.334+0000] {dagbag.py:538} INFO - Filling up the DagBag from /home/airflow/.local/lib/python3.8/site-packages/airflow/example_dags/example_short_circuit_decorator.py
[2026-01-02T04:45:49.339+0000] {processor.py:840} INFO - DAG(s) 'example_short_circuit_decorator' retrieved from /home/airflow/.local/lib/python3.8/site-packages/airflow/example_dags/example_short_circuit_decorator.py
[2026-01-02T04:45:49.353+0000] {logging_mixin.py:188} INFO - [2026-01-02T04:45:49.353+0000] {dag.py:3033} INFO - Sync 1 DAGs
[2026-01-02T04:45:49.363+0000] {logging_mixin.py:188} INFO - [2026-01-02T04:45:49.363+0000] {dag.py:3820} INFO - Setting next_dagrun for example_short_circuit_decorator to 2026-01-01T00:00:00+00:00, run_after=2026-01-02T00:00:00+00:00
[2026-01-02T04:45:49.373+0000] {processor.py:183} INFO - Processing /home/airflow/.local/lib/python3.8/site-packages/airflow/example_dags/example_short_circuit_decorator.py took 0.041 seconds
[2026-01-02T04:46:19.600+0000] {processor.py:161} INFO - Started process (PID=916) to work on /home/airflow/.local/lib/python3.8/site-packages/airflow/example_dags/example_short_circuit_decorator.py
[2026-01-02T04:46:19.600+0000] {processor.py:830} INFO - Processing file /home/airflow/.local/lib/python3.8/site-packages/airflow/example_dags/example_short_circuit_decorator.py for tasks to queue
[2026-01-02T04:46:19.601+0000] {logging_mixin.py:188} INFO - [2026-01-02T04:46:19.601+0000] {dagbag.py:538} INFO - Filling up the DagBag from /home/airflow/.local/lib/python3.8/site-packages/airflow/example_dags/example_short_circuit_decorator.py
[2026-01-02T04:46:19.606+0000] {processor.py:840} INFO - DAG(s) 'example_short_circuit_decorator' retrieved from /home/airflow/.local/lib/python3.8/site-packages/airflow/example_dags/example_short_circuit_decorator.py
[2026-01-02T04:46:19.620+0000] {logging_mixin.py:188} INFO - [2026-01-02T04:46:19.619+0000] {dag.py:3033} INFO - Sync 1 DAGs
[2026-01-02T04:46:19.630+0000] {logging_mixin.py:188} INFO - [2026-01-02T04:46:19.630+0000] {dag.py:3820} INFO - Setting next_dagrun for example_short_circuit_decorator to 2026-01-01T00:00:00+00:00, run_after=2026-01-02T00:00:00+00:00
[2026-01-02T04:46:19.640+0000] {processor.py:183} INFO - Processing /home/airflow/.local/lib/python3.8/site-packages/airflow/example_dags/example_short_circuit_decorator.py took 0.041 seconds
[2026-01-02T04:46:49.922+0000] {processor.py:161} INFO - Started process (PID=971) to work on /home/airflow/.local/lib/python3.8/site-packages/airflow/example_dags/example_short_circuit_decorator.py
[2026-01-02T04:46:49.922+0000] {processor.py:830} INFO - Processing file /home/airflow/.local/lib/python3.8/site-packages/airflow/example_dags/example_short_circuit_decorator.py for tasks to queue
[2026-01-02T04:46:49.924+0000] {logging_mixin.py:188} INFO - [2026-01-02T04:46:49.923+0000] {dagbag.py:538} INFO - Filling up the DagBag from /home/airflow/.local/lib/python3.8/site-packages/airflow/example_dags/example_short_circuit_decorator.py
[2026-01-02T04:46:49.929+0000] {processor.py:840} INFO - DAG(s) 'example_short_circuit_decorator' retrieved from /home/airflow/.local/lib/python3.8/site-packages/airflow/example_dags/example_short_circuit_decorator.py
[2026-01-02T04:46:49.940+0000] {logging_mixin.py:188} INFO - [2026-01-02T04:46:49.940+0000] {dag.py:3033} INFO - Sync 1 DAGs
[2026-01-02T04:46:49.950+0000] {logging_mixin.py:188} INFO - [2026-01-02T04:46:49.950+0000] {dag.py:3820} INFO - Setting next_dagrun for example_short_circuit_decorator to 2026-01-01T00:00:00+00:00, run_after=2026-01-02T00:00:00+00:00
[2026-01-02T04:46:49.962+0000] {processor.py:183} INFO - Processing /home/airflow/.local/lib/python3.8/site-packages/airflow/example_dags/example_short_circuit_decorator.py took 0.041 seconds
[2026-01-02T04:47:20.179+0000] {processor.py:161} INFO - Started process (PID=1026) to work on /home/airflow/.local/lib/python3.8/site-packages/airflow/example_dags/example_short_circuit_decorator.py
[2026-01-02T04:47:20.180+0000] {processor.py:830} INFO - Processing file /home/airflow/.local/lib/python3.8/site-packages/airflow/example_dags/example_short_circuit_decorator.py for tasks to queue
[2026-01-02T04:47:20.181+0000] {logging_mixin.py:188} INFO - [2026-01-02T04:47:20.181+0000] {dagbag.py:538} INFO - Filling up the DagBag from /home/airflow/.local/lib/python3.8/site-packages/airflow/example_dags/example_short_circuit_decorator.py
[2026-01-02T04:47:20.185+0000] {processor.py:840} INFO - DAG(s) 'example_short_circuit_decorator' retrieved from /home/airflow/.local/lib/python3.8/site-packages/airflow/example_dags/example_short_circuit_decorator.py
[2026-01-02T04:47:20.194+0000] {logging_mixin.py:188} INFO - [2026-01-02T04:47:20.194+0000] {dag.py:3033} INFO - Sync 1 DAGs
[2026-01-02T04:47:20.205+0000] {logging_mixin.py:188} INFO - [2026-01-02T04:47:20.205+0000] {dag.py:3820} INFO - Setting next_dagrun for example_short_circuit_decorator to 2026-01-01T00:00:00+00:00, run_after=2026-01-02T00:00:00+00:00
[2026-01-02T04:47:20.215+0000] {processor.py:183} INFO - Processing /home/airflow/.local/lib/python3.8/site-packages/airflow/example_dags/example_short_circuit_decorator.py took 0.037 seconds
