[2026-01-02T04:28:05.465+0000] {processor.py:161} INFO - Started process (PID=86) to work on /home/airflow/.local/lib/python3.8/site-packages/airflow/example_dags/example_local_kubernetes_executor.py
[2026-01-02T04:28:05.466+0000] {processor.py:830} INFO - Processing file /home/airflow/.local/lib/python3.8/site-packages/airflow/example_dags/example_local_kubernetes_executor.py for tasks to queue
[2026-01-02T04:28:05.467+0000] {logging_mixin.py:188} INFO - [2026-01-02T04:28:05.466+0000] {dagbag.py:538} INFO - Filling up the DagBag from /home/airflow/.local/lib/python3.8/site-packages/airflow/example_dags/example_local_kubernetes_executor.py
[2026-01-02T04:28:05.470+0000] {processor.py:840} INFO - DAG(s) 'example_local_kubernetes_executor' retrieved from /home/airflow/.local/lib/python3.8/site-packages/airflow/example_dags/example_local_kubernetes_executor.py
[2026-01-02T04:28:05.528+0000] {logging_mixin.py:188} INFO - [2026-01-02T04:28:05.527+0000] {override.py:1769} INFO - Created Permission View: can edit on DAG:example_local_kubernetes_executor
[2026-01-02T04:28:05.534+0000] {logging_mixin.py:188} INFO - [2026-01-02T04:28:05.534+0000] {override.py:1769} INFO - Created Permission View: can delete on DAG:example_local_kubernetes_executor
[2026-01-02T04:28:05.539+0000] {logging_mixin.py:188} INFO - [2026-01-02T04:28:05.539+0000] {override.py:1769} INFO - Created Permission View: can read on DAG:example_local_kubernetes_executor
[2026-01-02T04:28:05.540+0000] {logging_mixin.py:188} INFO - [2026-01-02T04:28:05.540+0000] {dag.py:3033} INFO - Sync 1 DAGs
[2026-01-02T04:28:05.545+0000] {logging_mixin.py:188} INFO - [2026-01-02T04:28:05.545+0000] {dag.py:3055} INFO - Creating ORM DAG for example_local_kubernetes_executor
[2026-01-02T04:28:05.546+0000] {logging_mixin.py:188} INFO - [2026-01-02T04:28:05.546+0000] {dag.py:3820} INFO - Setting next_dagrun for example_local_kubernetes_executor to None, run_after=None
[2026-01-02T04:28:05.556+0000] {processor.py:183} INFO - Processing /home/airflow/.local/lib/python3.8/site-packages/airflow/example_dags/example_local_kubernetes_executor.py took 0.093 seconds
[2026-01-02T04:28:35.651+0000] {processor.py:161} INFO - Started process (PID=141) to work on /home/airflow/.local/lib/python3.8/site-packages/airflow/example_dags/example_local_kubernetes_executor.py
[2026-01-02T04:28:35.652+0000] {processor.py:830} INFO - Processing file /home/airflow/.local/lib/python3.8/site-packages/airflow/example_dags/example_local_kubernetes_executor.py for tasks to queue
[2026-01-02T04:28:35.653+0000] {logging_mixin.py:188} INFO - [2026-01-02T04:28:35.652+0000] {dagbag.py:538} INFO - Filling up the DagBag from /home/airflow/.local/lib/python3.8/site-packages/airflow/example_dags/example_local_kubernetes_executor.py
[2026-01-02T04:28:35.656+0000] {processor.py:840} INFO - DAG(s) 'example_local_kubernetes_executor' retrieved from /home/airflow/.local/lib/python3.8/site-packages/airflow/example_dags/example_local_kubernetes_executor.py
[2026-01-02T04:28:35.671+0000] {logging_mixin.py:188} INFO - [2026-01-02T04:28:35.671+0000] {dag.py:3033} INFO - Sync 1 DAGs
[2026-01-02T04:28:35.676+0000] {logging_mixin.py:188} INFO - [2026-01-02T04:28:35.676+0000] {dag.py:3820} INFO - Setting next_dagrun for example_local_kubernetes_executor to None, run_after=None
[2026-01-02T04:28:35.687+0000] {processor.py:183} INFO - Processing /home/airflow/.local/lib/python3.8/site-packages/airflow/example_dags/example_local_kubernetes_executor.py took 0.037 seconds
[2026-01-02T04:30:00.577+0000] {processor.py:161} INFO - Started process (PID=78) to work on /home/airflow/.local/lib/python3.8/site-packages/airflow/example_dags/example_local_kubernetes_executor.py
[2026-01-02T04:30:00.577+0000] {processor.py:830} INFO - Processing file /home/airflow/.local/lib/python3.8/site-packages/airflow/example_dags/example_local_kubernetes_executor.py for tasks to queue
[2026-01-02T04:30:00.578+0000] {logging_mixin.py:188} INFO - [2026-01-02T04:30:00.578+0000] {dagbag.py:538} INFO - Filling up the DagBag from /home/airflow/.local/lib/python3.8/site-packages/airflow/example_dags/example_local_kubernetes_executor.py
[2026-01-02T04:30:00.581+0000] {processor.py:840} INFO - DAG(s) 'example_local_kubernetes_executor' retrieved from /home/airflow/.local/lib/python3.8/site-packages/airflow/example_dags/example_local_kubernetes_executor.py
[2026-01-02T04:30:00.592+0000] {logging_mixin.py:188} INFO - [2026-01-02T04:30:00.592+0000] {dag.py:3033} INFO - Sync 1 DAGs
[2026-01-02T04:30:00.600+0000] {logging_mixin.py:188} INFO - [2026-01-02T04:30:00.599+0000] {dag.py:3820} INFO - Setting next_dagrun for example_local_kubernetes_executor to None, run_after=None
[2026-01-02T04:30:00.613+0000] {processor.py:183} INFO - Processing /home/airflow/.local/lib/python3.8/site-packages/airflow/example_dags/example_local_kubernetes_executor.py took 0.038 seconds
[2026-01-02T04:30:31.803+0000] {processor.py:161} INFO - Started process (PID=133) to work on /home/airflow/.local/lib/python3.8/site-packages/airflow/example_dags/example_local_kubernetes_executor.py
[2026-01-02T04:30:31.804+0000] {processor.py:830} INFO - Processing file /home/airflow/.local/lib/python3.8/site-packages/airflow/example_dags/example_local_kubernetes_executor.py for tasks to queue
[2026-01-02T04:30:31.805+0000] {logging_mixin.py:188} INFO - [2026-01-02T04:30:31.805+0000] {dagbag.py:538} INFO - Filling up the DagBag from /home/airflow/.local/lib/python3.8/site-packages/airflow/example_dags/example_local_kubernetes_executor.py
[2026-01-02T04:30:31.810+0000] {processor.py:840} INFO - DAG(s) 'example_local_kubernetes_executor' retrieved from /home/airflow/.local/lib/python3.8/site-packages/airflow/example_dags/example_local_kubernetes_executor.py
[2026-01-02T04:30:31.912+0000] {logging_mixin.py:188} INFO - [2026-01-02T04:30:31.911+0000] {dag.py:3033} INFO - Sync 1 DAGs
[2026-01-02T04:30:31.919+0000] {logging_mixin.py:188} INFO - [2026-01-02T04:30:31.919+0000] {dag.py:3820} INFO - Setting next_dagrun for example_local_kubernetes_executor to None, run_after=None
[2026-01-02T04:30:31.932+0000] {processor.py:183} INFO - Processing /home/airflow/.local/lib/python3.8/site-packages/airflow/example_dags/example_local_kubernetes_executor.py took 0.130 seconds
[2026-01-02T04:31:02.563+0000] {processor.py:161} INFO - Started process (PID=188) to work on /home/airflow/.local/lib/python3.8/site-packages/airflow/example_dags/example_local_kubernetes_executor.py
[2026-01-02T04:31:02.564+0000] {processor.py:830} INFO - Processing file /home/airflow/.local/lib/python3.8/site-packages/airflow/example_dags/example_local_kubernetes_executor.py for tasks to queue
[2026-01-02T04:31:02.565+0000] {logging_mixin.py:188} INFO - [2026-01-02T04:31:02.565+0000] {dagbag.py:538} INFO - Filling up the DagBag from /home/airflow/.local/lib/python3.8/site-packages/airflow/example_dags/example_local_kubernetes_executor.py
[2026-01-02T04:31:02.568+0000] {processor.py:840} INFO - DAG(s) 'example_local_kubernetes_executor' retrieved from /home/airflow/.local/lib/python3.8/site-packages/airflow/example_dags/example_local_kubernetes_executor.py
[2026-01-02T04:31:02.583+0000] {logging_mixin.py:188} INFO - [2026-01-02T04:31:02.582+0000] {dag.py:3033} INFO - Sync 1 DAGs
[2026-01-02T04:31:02.588+0000] {logging_mixin.py:188} INFO - [2026-01-02T04:31:02.588+0000] {dag.py:3820} INFO - Setting next_dagrun for example_local_kubernetes_executor to None, run_after=None
[2026-01-02T04:31:02.600+0000] {processor.py:183} INFO - Processing /home/airflow/.local/lib/python3.8/site-packages/airflow/example_dags/example_local_kubernetes_executor.py took 0.038 seconds
[2026-01-02T04:31:33.005+0000] {processor.py:161} INFO - Started process (PID=243) to work on /home/airflow/.local/lib/python3.8/site-packages/airflow/example_dags/example_local_kubernetes_executor.py
[2026-01-02T04:31:33.005+0000] {processor.py:830} INFO - Processing file /home/airflow/.local/lib/python3.8/site-packages/airflow/example_dags/example_local_kubernetes_executor.py for tasks to queue
[2026-01-02T04:31:33.006+0000] {logging_mixin.py:188} INFO - [2026-01-02T04:31:33.006+0000] {dagbag.py:538} INFO - Filling up the DagBag from /home/airflow/.local/lib/python3.8/site-packages/airflow/example_dags/example_local_kubernetes_executor.py
[2026-01-02T04:31:33.010+0000] {processor.py:840} INFO - DAG(s) 'example_local_kubernetes_executor' retrieved from /home/airflow/.local/lib/python3.8/site-packages/airflow/example_dags/example_local_kubernetes_executor.py
[2026-01-02T04:31:33.024+0000] {logging_mixin.py:188} INFO - [2026-01-02T04:31:33.024+0000] {dag.py:3033} INFO - Sync 1 DAGs
[2026-01-02T04:31:33.030+0000] {logging_mixin.py:188} INFO - [2026-01-02T04:31:33.030+0000] {dag.py:3820} INFO - Setting next_dagrun for example_local_kubernetes_executor to None, run_after=None
[2026-01-02T04:31:33.040+0000] {processor.py:183} INFO - Processing /home/airflow/.local/lib/python3.8/site-packages/airflow/example_dags/example_local_kubernetes_executor.py took 0.037 seconds
[2026-01-02T04:32:03.428+0000] {processor.py:161} INFO - Started process (PID=298) to work on /home/airflow/.local/lib/python3.8/site-packages/airflow/example_dags/example_local_kubernetes_executor.py
[2026-01-02T04:32:03.429+0000] {processor.py:830} INFO - Processing file /home/airflow/.local/lib/python3.8/site-packages/airflow/example_dags/example_local_kubernetes_executor.py for tasks to queue
[2026-01-02T04:32:03.430+0000] {logging_mixin.py:188} INFO - [2026-01-02T04:32:03.430+0000] {dagbag.py:538} INFO - Filling up the DagBag from /home/airflow/.local/lib/python3.8/site-packages/airflow/example_dags/example_local_kubernetes_executor.py
[2026-01-02T04:32:03.434+0000] {processor.py:840} INFO - DAG(s) 'example_local_kubernetes_executor' retrieved from /home/airflow/.local/lib/python3.8/site-packages/airflow/example_dags/example_local_kubernetes_executor.py
[2026-01-02T04:32:03.453+0000] {logging_mixin.py:188} INFO - [2026-01-02T04:32:03.453+0000] {dag.py:3033} INFO - Sync 1 DAGs
[2026-01-02T04:32:03.459+0000] {logging_mixin.py:188} INFO - [2026-01-02T04:32:03.459+0000] {dag.py:3820} INFO - Setting next_dagrun for example_local_kubernetes_executor to None, run_after=None
[2026-01-02T04:32:03.470+0000] {processor.py:183} INFO - Processing /home/airflow/.local/lib/python3.8/site-packages/airflow/example_dags/example_local_kubernetes_executor.py took 0.043 seconds
[2026-01-02T04:32:33.732+0000] {processor.py:161} INFO - Started process (PID=353) to work on /home/airflow/.local/lib/python3.8/site-packages/airflow/example_dags/example_local_kubernetes_executor.py
[2026-01-02T04:32:33.732+0000] {processor.py:830} INFO - Processing file /home/airflow/.local/lib/python3.8/site-packages/airflow/example_dags/example_local_kubernetes_executor.py for tasks to queue
[2026-01-02T04:32:33.733+0000] {logging_mixin.py:188} INFO - [2026-01-02T04:32:33.733+0000] {dagbag.py:538} INFO - Filling up the DagBag from /home/airflow/.local/lib/python3.8/site-packages/airflow/example_dags/example_local_kubernetes_executor.py
[2026-01-02T04:32:33.736+0000] {processor.py:840} INFO - DAG(s) 'example_local_kubernetes_executor' retrieved from /home/airflow/.local/lib/python3.8/site-packages/airflow/example_dags/example_local_kubernetes_executor.py
[2026-01-02T04:32:33.750+0000] {logging_mixin.py:188} INFO - [2026-01-02T04:32:33.750+0000] {dag.py:3033} INFO - Sync 1 DAGs
[2026-01-02T04:32:33.755+0000] {logging_mixin.py:188} INFO - [2026-01-02T04:32:33.755+0000] {dag.py:3820} INFO - Setting next_dagrun for example_local_kubernetes_executor to None, run_after=None
[2026-01-02T04:32:33.764+0000] {processor.py:183} INFO - Processing /home/airflow/.local/lib/python3.8/site-packages/airflow/example_dags/example_local_kubernetes_executor.py took 0.033 seconds
[2026-01-02T04:33:04.027+0000] {processor.py:161} INFO - Started process (PID=408) to work on /home/airflow/.local/lib/python3.8/site-packages/airflow/example_dags/example_local_kubernetes_executor.py
[2026-01-02T04:33:04.028+0000] {processor.py:830} INFO - Processing file /home/airflow/.local/lib/python3.8/site-packages/airflow/example_dags/example_local_kubernetes_executor.py for tasks to queue
[2026-01-02T04:33:04.029+0000] {logging_mixin.py:188} INFO - [2026-01-02T04:33:04.029+0000] {dagbag.py:538} INFO - Filling up the DagBag from /home/airflow/.local/lib/python3.8/site-packages/airflow/example_dags/example_local_kubernetes_executor.py
[2026-01-02T04:33:04.032+0000] {processor.py:840} INFO - DAG(s) 'example_local_kubernetes_executor' retrieved from /home/airflow/.local/lib/python3.8/site-packages/airflow/example_dags/example_local_kubernetes_executor.py
[2026-01-02T04:33:04.046+0000] {logging_mixin.py:188} INFO - [2026-01-02T04:33:04.046+0000] {dag.py:3033} INFO - Sync 1 DAGs
[2026-01-02T04:33:04.051+0000] {logging_mixin.py:188} INFO - [2026-01-02T04:33:04.051+0000] {dag.py:3820} INFO - Setting next_dagrun for example_local_kubernetes_executor to None, run_after=None
[2026-01-02T04:33:04.061+0000] {processor.py:183} INFO - Processing /home/airflow/.local/lib/python3.8/site-packages/airflow/example_dags/example_local_kubernetes_executor.py took 0.034 seconds
[2026-01-02T04:33:34.302+0000] {processor.py:161} INFO - Started process (PID=463) to work on /home/airflow/.local/lib/python3.8/site-packages/airflow/example_dags/example_local_kubernetes_executor.py
[2026-01-02T04:33:34.302+0000] {processor.py:830} INFO - Processing file /home/airflow/.local/lib/python3.8/site-packages/airflow/example_dags/example_local_kubernetes_executor.py for tasks to queue
[2026-01-02T04:33:34.303+0000] {logging_mixin.py:188} INFO - [2026-01-02T04:33:34.303+0000] {dagbag.py:538} INFO - Filling up the DagBag from /home/airflow/.local/lib/python3.8/site-packages/airflow/example_dags/example_local_kubernetes_executor.py
[2026-01-02T04:33:34.307+0000] {processor.py:840} INFO - DAG(s) 'example_local_kubernetes_executor' retrieved from /home/airflow/.local/lib/python3.8/site-packages/airflow/example_dags/example_local_kubernetes_executor.py
[2026-01-02T04:33:34.325+0000] {logging_mixin.py:188} INFO - [2026-01-02T04:33:34.325+0000] {dag.py:3033} INFO - Sync 1 DAGs
[2026-01-02T04:33:34.331+0000] {logging_mixin.py:188} INFO - [2026-01-02T04:33:34.331+0000] {dag.py:3820} INFO - Setting next_dagrun for example_local_kubernetes_executor to None, run_after=None
[2026-01-02T04:33:34.344+0000] {processor.py:183} INFO - Processing /home/airflow/.local/lib/python3.8/site-packages/airflow/example_dags/example_local_kubernetes_executor.py took 0.044 seconds
[2026-01-02T04:34:04.588+0000] {processor.py:161} INFO - Started process (PID=518) to work on /home/airflow/.local/lib/python3.8/site-packages/airflow/example_dags/example_local_kubernetes_executor.py
[2026-01-02T04:34:04.589+0000] {processor.py:830} INFO - Processing file /home/airflow/.local/lib/python3.8/site-packages/airflow/example_dags/example_local_kubernetes_executor.py for tasks to queue
[2026-01-02T04:34:04.590+0000] {logging_mixin.py:188} INFO - [2026-01-02T04:34:04.589+0000] {dagbag.py:538} INFO - Filling up the DagBag from /home/airflow/.local/lib/python3.8/site-packages/airflow/example_dags/example_local_kubernetes_executor.py
[2026-01-02T04:34:04.593+0000] {processor.py:840} INFO - DAG(s) 'example_local_kubernetes_executor' retrieved from /home/airflow/.local/lib/python3.8/site-packages/airflow/example_dags/example_local_kubernetes_executor.py
[2026-01-02T04:34:04.608+0000] {logging_mixin.py:188} INFO - [2026-01-02T04:34:04.608+0000] {dag.py:3033} INFO - Sync 1 DAGs
[2026-01-02T04:34:04.614+0000] {logging_mixin.py:188} INFO - [2026-01-02T04:34:04.614+0000] {dag.py:3820} INFO - Setting next_dagrun for example_local_kubernetes_executor to None, run_after=None
[2026-01-02T04:34:04.625+0000] {processor.py:183} INFO - Processing /home/airflow/.local/lib/python3.8/site-packages/airflow/example_dags/example_local_kubernetes_executor.py took 0.038 seconds
[2026-01-02T04:34:34.938+0000] {processor.py:161} INFO - Started process (PID=573) to work on /home/airflow/.local/lib/python3.8/site-packages/airflow/example_dags/example_local_kubernetes_executor.py
[2026-01-02T04:34:34.938+0000] {processor.py:830} INFO - Processing file /home/airflow/.local/lib/python3.8/site-packages/airflow/example_dags/example_local_kubernetes_executor.py for tasks to queue
[2026-01-02T04:34:34.939+0000] {logging_mixin.py:188} INFO - [2026-01-02T04:34:34.939+0000] {dagbag.py:538} INFO - Filling up the DagBag from /home/airflow/.local/lib/python3.8/site-packages/airflow/example_dags/example_local_kubernetes_executor.py
[2026-01-02T04:34:34.943+0000] {processor.py:840} INFO - DAG(s) 'example_local_kubernetes_executor' retrieved from /home/airflow/.local/lib/python3.8/site-packages/airflow/example_dags/example_local_kubernetes_executor.py
[2026-01-02T04:34:34.960+0000] {logging_mixin.py:188} INFO - [2026-01-02T04:34:34.960+0000] {dag.py:3033} INFO - Sync 1 DAGs
[2026-01-02T04:34:34.966+0000] {logging_mixin.py:188} INFO - [2026-01-02T04:34:34.966+0000] {dag.py:3820} INFO - Setting next_dagrun for example_local_kubernetes_executor to None, run_after=None
[2026-01-02T04:34:34.979+0000] {processor.py:183} INFO - Processing /home/airflow/.local/lib/python3.8/site-packages/airflow/example_dags/example_local_kubernetes_executor.py took 0.043 seconds
[2026-01-02T04:35:05.219+0000] {processor.py:161} INFO - Started process (PID=628) to work on /home/airflow/.local/lib/python3.8/site-packages/airflow/example_dags/example_local_kubernetes_executor.py
[2026-01-02T04:35:05.220+0000] {processor.py:830} INFO - Processing file /home/airflow/.local/lib/python3.8/site-packages/airflow/example_dags/example_local_kubernetes_executor.py for tasks to queue
[2026-01-02T04:35:05.221+0000] {logging_mixin.py:188} INFO - [2026-01-02T04:35:05.221+0000] {dagbag.py:538} INFO - Filling up the DagBag from /home/airflow/.local/lib/python3.8/site-packages/airflow/example_dags/example_local_kubernetes_executor.py
[2026-01-02T04:35:05.225+0000] {processor.py:840} INFO - DAG(s) 'example_local_kubernetes_executor' retrieved from /home/airflow/.local/lib/python3.8/site-packages/airflow/example_dags/example_local_kubernetes_executor.py
[2026-01-02T04:35:05.242+0000] {logging_mixin.py:188} INFO - [2026-01-02T04:35:05.242+0000] {dag.py:3033} INFO - Sync 1 DAGs
[2026-01-02T04:35:05.248+0000] {logging_mixin.py:188} INFO - [2026-01-02T04:35:05.248+0000] {dag.py:3820} INFO - Setting next_dagrun for example_local_kubernetes_executor to None, run_after=None
[2026-01-02T04:35:05.259+0000] {processor.py:183} INFO - Processing /home/airflow/.local/lib/python3.8/site-packages/airflow/example_dags/example_local_kubernetes_executor.py took 0.041 seconds
[2026-01-02T04:35:35.541+0000] {processor.py:161} INFO - Started process (PID=683) to work on /home/airflow/.local/lib/python3.8/site-packages/airflow/example_dags/example_local_kubernetes_executor.py
[2026-01-02T04:35:35.541+0000] {processor.py:830} INFO - Processing file /home/airflow/.local/lib/python3.8/site-packages/airflow/example_dags/example_local_kubernetes_executor.py for tasks to queue
[2026-01-02T04:35:35.542+0000] {logging_mixin.py:188} INFO - [2026-01-02T04:35:35.542+0000] {dagbag.py:538} INFO - Filling up the DagBag from /home/airflow/.local/lib/python3.8/site-packages/airflow/example_dags/example_local_kubernetes_executor.py
[2026-01-02T04:35:35.546+0000] {processor.py:840} INFO - DAG(s) 'example_local_kubernetes_executor' retrieved from /home/airflow/.local/lib/python3.8/site-packages/airflow/example_dags/example_local_kubernetes_executor.py
[2026-01-02T04:35:35.563+0000] {logging_mixin.py:188} INFO - [2026-01-02T04:35:35.563+0000] {dag.py:3033} INFO - Sync 1 DAGs
[2026-01-02T04:35:35.569+0000] {logging_mixin.py:188} INFO - [2026-01-02T04:35:35.569+0000] {dag.py:3820} INFO - Setting next_dagrun for example_local_kubernetes_executor to None, run_after=None
[2026-01-02T04:35:35.580+0000] {processor.py:183} INFO - Processing /home/airflow/.local/lib/python3.8/site-packages/airflow/example_dags/example_local_kubernetes_executor.py took 0.041 seconds
[2026-01-02T04:36:05.861+0000] {processor.py:161} INFO - Started process (PID=738) to work on /home/airflow/.local/lib/python3.8/site-packages/airflow/example_dags/example_local_kubernetes_executor.py
[2026-01-02T04:36:05.862+0000] {processor.py:830} INFO - Processing file /home/airflow/.local/lib/python3.8/site-packages/airflow/example_dags/example_local_kubernetes_executor.py for tasks to queue
[2026-01-02T04:36:05.863+0000] {logging_mixin.py:188} INFO - [2026-01-02T04:36:05.863+0000] {dagbag.py:538} INFO - Filling up the DagBag from /home/airflow/.local/lib/python3.8/site-packages/airflow/example_dags/example_local_kubernetes_executor.py
[2026-01-02T04:36:05.866+0000] {processor.py:840} INFO - DAG(s) 'example_local_kubernetes_executor' retrieved from /home/airflow/.local/lib/python3.8/site-packages/airflow/example_dags/example_local_kubernetes_executor.py
[2026-01-02T04:36:05.883+0000] {logging_mixin.py:188} INFO - [2026-01-02T04:36:05.882+0000] {dag.py:3033} INFO - Sync 1 DAGs
[2026-01-02T04:36:05.889+0000] {logging_mixin.py:188} INFO - [2026-01-02T04:36:05.889+0000] {dag.py:3820} INFO - Setting next_dagrun for example_local_kubernetes_executor to None, run_after=None
[2026-01-02T04:36:05.903+0000] {processor.py:183} INFO - Processing /home/airflow/.local/lib/python3.8/site-packages/airflow/example_dags/example_local_kubernetes_executor.py took 0.044 seconds
[2026-01-02T04:38:45.638+0000] {processor.py:161} INFO - Started process (PID=80) to work on /home/airflow/.local/lib/python3.8/site-packages/airflow/example_dags/example_local_kubernetes_executor.py
[2026-01-02T04:38:45.638+0000] {processor.py:830} INFO - Processing file /home/airflow/.local/lib/python3.8/site-packages/airflow/example_dags/example_local_kubernetes_executor.py for tasks to queue
[2026-01-02T04:38:45.640+0000] {logging_mixin.py:188} INFO - [2026-01-02T04:38:45.639+0000] {dagbag.py:538} INFO - Filling up the DagBag from /home/airflow/.local/lib/python3.8/site-packages/airflow/example_dags/example_local_kubernetes_executor.py
[2026-01-02T04:38:45.644+0000] {processor.py:840} INFO - DAG(s) 'example_local_kubernetes_executor' retrieved from /home/airflow/.local/lib/python3.8/site-packages/airflow/example_dags/example_local_kubernetes_executor.py
[2026-01-02T04:38:45.651+0000] {logging_mixin.py:188} INFO - [2026-01-02T04:38:45.651+0000] {dag.py:3033} INFO - Sync 1 DAGs
[2026-01-02T04:38:45.658+0000] {logging_mixin.py:188} INFO - [2026-01-02T04:38:45.658+0000] {dag.py:3820} INFO - Setting next_dagrun for example_local_kubernetes_executor to None, run_after=None
[2026-01-02T04:38:45.669+0000] {processor.py:183} INFO - Processing /home/airflow/.local/lib/python3.8/site-packages/airflow/example_dags/example_local_kubernetes_executor.py took 0.032 seconds
[2026-01-02T04:39:16.262+0000] {processor.py:161} INFO - Started process (PID=141) to work on /home/airflow/.local/lib/python3.8/site-packages/airflow/example_dags/example_local_kubernetes_executor.py
[2026-01-02T04:39:16.263+0000] {processor.py:830} INFO - Processing file /home/airflow/.local/lib/python3.8/site-packages/airflow/example_dags/example_local_kubernetes_executor.py for tasks to queue
[2026-01-02T04:39:16.263+0000] {logging_mixin.py:188} INFO - [2026-01-02T04:39:16.263+0000] {dagbag.py:538} INFO - Filling up the DagBag from /home/airflow/.local/lib/python3.8/site-packages/airflow/example_dags/example_local_kubernetes_executor.py
[2026-01-02T04:39:16.266+0000] {processor.py:840} INFO - DAG(s) 'example_local_kubernetes_executor' retrieved from /home/airflow/.local/lib/python3.8/site-packages/airflow/example_dags/example_local_kubernetes_executor.py
[2026-01-02T04:39:16.315+0000] {logging_mixin.py:188} INFO - [2026-01-02T04:39:16.315+0000] {dag.py:3033} INFO - Sync 1 DAGs
[2026-01-02T04:39:16.319+0000] {logging_mixin.py:188} INFO - [2026-01-02T04:39:16.319+0000] {dag.py:3820} INFO - Setting next_dagrun for example_local_kubernetes_executor to None, run_after=None
[2026-01-02T04:39:16.329+0000] {processor.py:183} INFO - Processing /home/airflow/.local/lib/python3.8/site-packages/airflow/example_dags/example_local_kubernetes_executor.py took 0.068 seconds
[2026-01-02T04:39:46.738+0000] {processor.py:161} INFO - Started process (PID=196) to work on /home/airflow/.local/lib/python3.8/site-packages/airflow/example_dags/example_local_kubernetes_executor.py
[2026-01-02T04:39:46.738+0000] {processor.py:830} INFO - Processing file /home/airflow/.local/lib/python3.8/site-packages/airflow/example_dags/example_local_kubernetes_executor.py for tasks to queue
[2026-01-02T04:39:46.739+0000] {logging_mixin.py:188} INFO - [2026-01-02T04:39:46.739+0000] {dagbag.py:538} INFO - Filling up the DagBag from /home/airflow/.local/lib/python3.8/site-packages/airflow/example_dags/example_local_kubernetes_executor.py
[2026-01-02T04:39:46.742+0000] {processor.py:840} INFO - DAG(s) 'example_local_kubernetes_executor' retrieved from /home/airflow/.local/lib/python3.8/site-packages/airflow/example_dags/example_local_kubernetes_executor.py
[2026-01-02T04:39:46.757+0000] {logging_mixin.py:188} INFO - [2026-01-02T04:39:46.757+0000] {dag.py:3033} INFO - Sync 1 DAGs
[2026-01-02T04:39:46.764+0000] {logging_mixin.py:188} INFO - [2026-01-02T04:39:46.764+0000] {dag.py:3820} INFO - Setting next_dagrun for example_local_kubernetes_executor to None, run_after=None
[2026-01-02T04:39:46.774+0000] {processor.py:183} INFO - Processing /home/airflow/.local/lib/python3.8/site-packages/airflow/example_dags/example_local_kubernetes_executor.py took 0.037 seconds
[2026-01-02T04:40:16.915+0000] {processor.py:161} INFO - Started process (PID=251) to work on /home/airflow/.local/lib/python3.8/site-packages/airflow/example_dags/example_local_kubernetes_executor.py
[2026-01-02T04:40:16.916+0000] {processor.py:830} INFO - Processing file /home/airflow/.local/lib/python3.8/site-packages/airflow/example_dags/example_local_kubernetes_executor.py for tasks to queue
[2026-01-02T04:40:16.916+0000] {logging_mixin.py:188} INFO - [2026-01-02T04:40:16.916+0000] {dagbag.py:538} INFO - Filling up the DagBag from /home/airflow/.local/lib/python3.8/site-packages/airflow/example_dags/example_local_kubernetes_executor.py
[2026-01-02T04:40:16.920+0000] {processor.py:840} INFO - DAG(s) 'example_local_kubernetes_executor' retrieved from /home/airflow/.local/lib/python3.8/site-packages/airflow/example_dags/example_local_kubernetes_executor.py
[2026-01-02T04:40:16.934+0000] {logging_mixin.py:188} INFO - [2026-01-02T04:40:16.934+0000] {dag.py:3033} INFO - Sync 1 DAGs
[2026-01-02T04:40:16.940+0000] {logging_mixin.py:188} INFO - [2026-01-02T04:40:16.940+0000] {dag.py:3820} INFO - Setting next_dagrun for example_local_kubernetes_executor to None, run_after=None
[2026-01-02T04:40:16.951+0000] {processor.py:183} INFO - Processing /home/airflow/.local/lib/python3.8/site-packages/airflow/example_dags/example_local_kubernetes_executor.py took 0.037 seconds
[2026-01-02T04:40:47.106+0000] {processor.py:161} INFO - Started process (PID=306) to work on /home/airflow/.local/lib/python3.8/site-packages/airflow/example_dags/example_local_kubernetes_executor.py
[2026-01-02T04:40:47.107+0000] {processor.py:830} INFO - Processing file /home/airflow/.local/lib/python3.8/site-packages/airflow/example_dags/example_local_kubernetes_executor.py for tasks to queue
[2026-01-02T04:40:47.108+0000] {logging_mixin.py:188} INFO - [2026-01-02T04:40:47.107+0000] {dagbag.py:538} INFO - Filling up the DagBag from /home/airflow/.local/lib/python3.8/site-packages/airflow/example_dags/example_local_kubernetes_executor.py
[2026-01-02T04:40:47.111+0000] {processor.py:840} INFO - DAG(s) 'example_local_kubernetes_executor' retrieved from /home/airflow/.local/lib/python3.8/site-packages/airflow/example_dags/example_local_kubernetes_executor.py
[2026-01-02T04:40:47.126+0000] {logging_mixin.py:188} INFO - [2026-01-02T04:40:47.126+0000] {dag.py:3033} INFO - Sync 1 DAGs
[2026-01-02T04:40:47.133+0000] {logging_mixin.py:188} INFO - [2026-01-02T04:40:47.133+0000] {dag.py:3820} INFO - Setting next_dagrun for example_local_kubernetes_executor to None, run_after=None
[2026-01-02T04:40:47.143+0000] {processor.py:183} INFO - Processing /home/airflow/.local/lib/python3.8/site-packages/airflow/example_dags/example_local_kubernetes_executor.py took 0.038 seconds
[2026-01-02T04:41:17.276+0000] {processor.py:161} INFO - Started process (PID=361) to work on /home/airflow/.local/lib/python3.8/site-packages/airflow/example_dags/example_local_kubernetes_executor.py
[2026-01-02T04:41:17.277+0000] {processor.py:830} INFO - Processing file /home/airflow/.local/lib/python3.8/site-packages/airflow/example_dags/example_local_kubernetes_executor.py for tasks to queue
[2026-01-02T04:41:17.278+0000] {logging_mixin.py:188} INFO - [2026-01-02T04:41:17.278+0000] {dagbag.py:538} INFO - Filling up the DagBag from /home/airflow/.local/lib/python3.8/site-packages/airflow/example_dags/example_local_kubernetes_executor.py
[2026-01-02T04:41:17.281+0000] {processor.py:840} INFO - DAG(s) 'example_local_kubernetes_executor' retrieved from /home/airflow/.local/lib/python3.8/site-packages/airflow/example_dags/example_local_kubernetes_executor.py
[2026-01-02T04:41:17.294+0000] {logging_mixin.py:188} INFO - [2026-01-02T04:41:17.294+0000] {dag.py:3033} INFO - Sync 1 DAGs
[2026-01-02T04:41:17.300+0000] {logging_mixin.py:188} INFO - [2026-01-02T04:41:17.300+0000] {dag.py:3820} INFO - Setting next_dagrun for example_local_kubernetes_executor to None, run_after=None
[2026-01-02T04:41:17.309+0000] {processor.py:183} INFO - Processing /home/airflow/.local/lib/python3.8/site-packages/airflow/example_dags/example_local_kubernetes_executor.py took 0.033 seconds
[2026-01-02T04:41:47.478+0000] {processor.py:161} INFO - Started process (PID=416) to work on /home/airflow/.local/lib/python3.8/site-packages/airflow/example_dags/example_local_kubernetes_executor.py
[2026-01-02T04:41:47.478+0000] {processor.py:830} INFO - Processing file /home/airflow/.local/lib/python3.8/site-packages/airflow/example_dags/example_local_kubernetes_executor.py for tasks to queue
[2026-01-02T04:41:47.479+0000] {logging_mixin.py:188} INFO - [2026-01-02T04:41:47.479+0000] {dagbag.py:538} INFO - Filling up the DagBag from /home/airflow/.local/lib/python3.8/site-packages/airflow/example_dags/example_local_kubernetes_executor.py
[2026-01-02T04:41:47.482+0000] {processor.py:840} INFO - DAG(s) 'example_local_kubernetes_executor' retrieved from /home/airflow/.local/lib/python3.8/site-packages/airflow/example_dags/example_local_kubernetes_executor.py
[2026-01-02T04:41:47.496+0000] {logging_mixin.py:188} INFO - [2026-01-02T04:41:47.496+0000] {dag.py:3033} INFO - Sync 1 DAGs
[2026-01-02T04:41:47.502+0000] {logging_mixin.py:188} INFO - [2026-01-02T04:41:47.502+0000] {dag.py:3820} INFO - Setting next_dagrun for example_local_kubernetes_executor to None, run_after=None
[2026-01-02T04:41:47.512+0000] {processor.py:183} INFO - Processing /home/airflow/.local/lib/python3.8/site-packages/airflow/example_dags/example_local_kubernetes_executor.py took 0.035 seconds
[2026-01-02T04:42:17.679+0000] {processor.py:161} INFO - Started process (PID=471) to work on /home/airflow/.local/lib/python3.8/site-packages/airflow/example_dags/example_local_kubernetes_executor.py
[2026-01-02T04:42:17.679+0000] {processor.py:830} INFO - Processing file /home/airflow/.local/lib/python3.8/site-packages/airflow/example_dags/example_local_kubernetes_executor.py for tasks to queue
[2026-01-02T04:42:17.680+0000] {logging_mixin.py:188} INFO - [2026-01-02T04:42:17.680+0000] {dagbag.py:538} INFO - Filling up the DagBag from /home/airflow/.local/lib/python3.8/site-packages/airflow/example_dags/example_local_kubernetes_executor.py
[2026-01-02T04:42:17.683+0000] {processor.py:840} INFO - DAG(s) 'example_local_kubernetes_executor' retrieved from /home/airflow/.local/lib/python3.8/site-packages/airflow/example_dags/example_local_kubernetes_executor.py
[2026-01-02T04:42:17.696+0000] {logging_mixin.py:188} INFO - [2026-01-02T04:42:17.696+0000] {dag.py:3033} INFO - Sync 1 DAGs
[2026-01-02T04:42:17.702+0000] {logging_mixin.py:188} INFO - [2026-01-02T04:42:17.702+0000] {dag.py:3820} INFO - Setting next_dagrun for example_local_kubernetes_executor to None, run_after=None
[2026-01-02T04:42:17.711+0000] {processor.py:183} INFO - Processing /home/airflow/.local/lib/python3.8/site-packages/airflow/example_dags/example_local_kubernetes_executor.py took 0.034 seconds
[2026-01-02T04:42:47.890+0000] {processor.py:161} INFO - Started process (PID=526) to work on /home/airflow/.local/lib/python3.8/site-packages/airflow/example_dags/example_local_kubernetes_executor.py
[2026-01-02T04:42:47.891+0000] {processor.py:830} INFO - Processing file /home/airflow/.local/lib/python3.8/site-packages/airflow/example_dags/example_local_kubernetes_executor.py for tasks to queue
[2026-01-02T04:42:47.892+0000] {logging_mixin.py:188} INFO - [2026-01-02T04:42:47.892+0000] {dagbag.py:538} INFO - Filling up the DagBag from /home/airflow/.local/lib/python3.8/site-packages/airflow/example_dags/example_local_kubernetes_executor.py
[2026-01-02T04:42:47.895+0000] {processor.py:840} INFO - DAG(s) 'example_local_kubernetes_executor' retrieved from /home/airflow/.local/lib/python3.8/site-packages/airflow/example_dags/example_local_kubernetes_executor.py
[2026-01-02T04:42:47.910+0000] {logging_mixin.py:188} INFO - [2026-01-02T04:42:47.910+0000] {dag.py:3033} INFO - Sync 1 DAGs
[2026-01-02T04:42:47.917+0000] {logging_mixin.py:188} INFO - [2026-01-02T04:42:47.917+0000] {dag.py:3820} INFO - Setting next_dagrun for example_local_kubernetes_executor to None, run_after=None
[2026-01-02T04:42:47.928+0000] {processor.py:183} INFO - Processing /home/airflow/.local/lib/python3.8/site-packages/airflow/example_dags/example_local_kubernetes_executor.py took 0.038 seconds
[2026-01-02T04:43:18.112+0000] {processor.py:161} INFO - Started process (PID=581) to work on /home/airflow/.local/lib/python3.8/site-packages/airflow/example_dags/example_local_kubernetes_executor.py
[2026-01-02T04:43:18.112+0000] {processor.py:830} INFO - Processing file /home/airflow/.local/lib/python3.8/site-packages/airflow/example_dags/example_local_kubernetes_executor.py for tasks to queue
[2026-01-02T04:43:18.113+0000] {logging_mixin.py:188} INFO - [2026-01-02T04:43:18.113+0000] {dagbag.py:538} INFO - Filling up the DagBag from /home/airflow/.local/lib/python3.8/site-packages/airflow/example_dags/example_local_kubernetes_executor.py
[2026-01-02T04:43:18.118+0000] {processor.py:840} INFO - DAG(s) 'example_local_kubernetes_executor' retrieved from /home/airflow/.local/lib/python3.8/site-packages/airflow/example_dags/example_local_kubernetes_executor.py
[2026-01-02T04:43:18.133+0000] {logging_mixin.py:188} INFO - [2026-01-02T04:43:18.133+0000] {dag.py:3033} INFO - Sync 1 DAGs
[2026-01-02T04:43:18.138+0000] {logging_mixin.py:188} INFO - [2026-01-02T04:43:18.138+0000] {dag.py:3820} INFO - Setting next_dagrun for example_local_kubernetes_executor to None, run_after=None
[2026-01-02T04:43:18.148+0000] {processor.py:183} INFO - Processing /home/airflow/.local/lib/python3.8/site-packages/airflow/example_dags/example_local_kubernetes_executor.py took 0.038 seconds
[2026-01-02T04:43:48.351+0000] {processor.py:161} INFO - Started process (PID=636) to work on /home/airflow/.local/lib/python3.8/site-packages/airflow/example_dags/example_local_kubernetes_executor.py
[2026-01-02T04:43:48.351+0000] {processor.py:830} INFO - Processing file /home/airflow/.local/lib/python3.8/site-packages/airflow/example_dags/example_local_kubernetes_executor.py for tasks to queue
[2026-01-02T04:43:48.352+0000] {logging_mixin.py:188} INFO - [2026-01-02T04:43:48.352+0000] {dagbag.py:538} INFO - Filling up the DagBag from /home/airflow/.local/lib/python3.8/site-packages/airflow/example_dags/example_local_kubernetes_executor.py
[2026-01-02T04:43:48.355+0000] {processor.py:840} INFO - DAG(s) 'example_local_kubernetes_executor' retrieved from /home/airflow/.local/lib/python3.8/site-packages/airflow/example_dags/example_local_kubernetes_executor.py
[2026-01-02T04:43:48.375+0000] {logging_mixin.py:188} INFO - [2026-01-02T04:43:48.375+0000] {dag.py:3033} INFO - Sync 1 DAGs
[2026-01-02T04:43:48.381+0000] {logging_mixin.py:188} INFO - [2026-01-02T04:43:48.381+0000] {dag.py:3820} INFO - Setting next_dagrun for example_local_kubernetes_executor to None, run_after=None
[2026-01-02T04:43:48.395+0000] {processor.py:183} INFO - Processing /home/airflow/.local/lib/python3.8/site-packages/airflow/example_dags/example_local_kubernetes_executor.py took 0.045 seconds
[2026-01-02T04:44:18.613+0000] {processor.py:161} INFO - Started process (PID=698) to work on /home/airflow/.local/lib/python3.8/site-packages/airflow/example_dags/example_local_kubernetes_executor.py
[2026-01-02T04:44:18.613+0000] {processor.py:830} INFO - Processing file /home/airflow/.local/lib/python3.8/site-packages/airflow/example_dags/example_local_kubernetes_executor.py for tasks to queue
[2026-01-02T04:44:18.614+0000] {logging_mixin.py:188} INFO - [2026-01-02T04:44:18.614+0000] {dagbag.py:538} INFO - Filling up the DagBag from /home/airflow/.local/lib/python3.8/site-packages/airflow/example_dags/example_local_kubernetes_executor.py
[2026-01-02T04:44:18.617+0000] {processor.py:840} INFO - DAG(s) 'example_local_kubernetes_executor' retrieved from /home/airflow/.local/lib/python3.8/site-packages/airflow/example_dags/example_local_kubernetes_executor.py
[2026-01-02T04:44:18.634+0000] {logging_mixin.py:188} INFO - [2026-01-02T04:44:18.633+0000] {dag.py:3033} INFO - Sync 1 DAGs
[2026-01-02T04:44:18.640+0000] {logging_mixin.py:188} INFO - [2026-01-02T04:44:18.640+0000] {dag.py:3820} INFO - Setting next_dagrun for example_local_kubernetes_executor to None, run_after=None
[2026-01-02T04:44:18.652+0000] {processor.py:183} INFO - Processing /home/airflow/.local/lib/python3.8/site-packages/airflow/example_dags/example_local_kubernetes_executor.py took 0.041 seconds
[2026-01-02T04:44:48.904+0000] {processor.py:161} INFO - Started process (PID=760) to work on /home/airflow/.local/lib/python3.8/site-packages/airflow/example_dags/example_local_kubernetes_executor.py
[2026-01-02T04:44:48.904+0000] {processor.py:830} INFO - Processing file /home/airflow/.local/lib/python3.8/site-packages/airflow/example_dags/example_local_kubernetes_executor.py for tasks to queue
[2026-01-02T04:44:48.905+0000] {logging_mixin.py:188} INFO - [2026-01-02T04:44:48.905+0000] {dagbag.py:538} INFO - Filling up the DagBag from /home/airflow/.local/lib/python3.8/site-packages/airflow/example_dags/example_local_kubernetes_executor.py
[2026-01-02T04:44:48.908+0000] {processor.py:840} INFO - DAG(s) 'example_local_kubernetes_executor' retrieved from /home/airflow/.local/lib/python3.8/site-packages/airflow/example_dags/example_local_kubernetes_executor.py
[2026-01-02T04:44:48.923+0000] {logging_mixin.py:188} INFO - [2026-01-02T04:44:48.923+0000] {dag.py:3033} INFO - Sync 1 DAGs
[2026-01-02T04:44:48.929+0000] {logging_mixin.py:188} INFO - [2026-01-02T04:44:48.929+0000] {dag.py:3820} INFO - Setting next_dagrun for example_local_kubernetes_executor to None, run_after=None
[2026-01-02T04:44:48.938+0000] {processor.py:183} INFO - Processing /home/airflow/.local/lib/python3.8/site-packages/airflow/example_dags/example_local_kubernetes_executor.py took 0.036 seconds
[2026-01-02T04:45:19.214+0000] {processor.py:161} INFO - Started process (PID=815) to work on /home/airflow/.local/lib/python3.8/site-packages/airflow/example_dags/example_local_kubernetes_executor.py
[2026-01-02T04:45:19.214+0000] {processor.py:830} INFO - Processing file /home/airflow/.local/lib/python3.8/site-packages/airflow/example_dags/example_local_kubernetes_executor.py for tasks to queue
[2026-01-02T04:45:19.215+0000] {logging_mixin.py:188} INFO - [2026-01-02T04:45:19.215+0000] {dagbag.py:538} INFO - Filling up the DagBag from /home/airflow/.local/lib/python3.8/site-packages/airflow/example_dags/example_local_kubernetes_executor.py
[2026-01-02T04:45:19.219+0000] {processor.py:840} INFO - DAG(s) 'example_local_kubernetes_executor' retrieved from /home/airflow/.local/lib/python3.8/site-packages/airflow/example_dags/example_local_kubernetes_executor.py
[2026-01-02T04:45:19.234+0000] {logging_mixin.py:188} INFO - [2026-01-02T04:45:19.234+0000] {dag.py:3033} INFO - Sync 1 DAGs
[2026-01-02T04:45:19.241+0000] {logging_mixin.py:188} INFO - [2026-01-02T04:45:19.241+0000] {dag.py:3820} INFO - Setting next_dagrun for example_local_kubernetes_executor to None, run_after=None
[2026-01-02T04:45:19.255+0000] {processor.py:183} INFO - Processing /home/airflow/.local/lib/python3.8/site-packages/airflow/example_dags/example_local_kubernetes_executor.py took 0.042 seconds
[2026-01-02T04:45:49.556+0000] {processor.py:161} INFO - Started process (PID=870) to work on /home/airflow/.local/lib/python3.8/site-packages/airflow/example_dags/example_local_kubernetes_executor.py
[2026-01-02T04:45:49.556+0000] {processor.py:830} INFO - Processing file /home/airflow/.local/lib/python3.8/site-packages/airflow/example_dags/example_local_kubernetes_executor.py for tasks to queue
[2026-01-02T04:45:49.557+0000] {logging_mixin.py:188} INFO - [2026-01-02T04:45:49.557+0000] {dagbag.py:538} INFO - Filling up the DagBag from /home/airflow/.local/lib/python3.8/site-packages/airflow/example_dags/example_local_kubernetes_executor.py
[2026-01-02T04:45:49.561+0000] {processor.py:840} INFO - DAG(s) 'example_local_kubernetes_executor' retrieved from /home/airflow/.local/lib/python3.8/site-packages/airflow/example_dags/example_local_kubernetes_executor.py
[2026-01-02T04:45:49.578+0000] {logging_mixin.py:188} INFO - [2026-01-02T04:45:49.577+0000] {dag.py:3033} INFO - Sync 1 DAGs
[2026-01-02T04:45:49.584+0000] {logging_mixin.py:188} INFO - [2026-01-02T04:45:49.584+0000] {dag.py:3820} INFO - Setting next_dagrun for example_local_kubernetes_executor to None, run_after=None
[2026-01-02T04:45:49.594+0000] {processor.py:183} INFO - Processing /home/airflow/.local/lib/python3.8/site-packages/airflow/example_dags/example_local_kubernetes_executor.py took 0.040 seconds
[2026-01-02T04:46:19.824+0000] {processor.py:161} INFO - Started process (PID=925) to work on /home/airflow/.local/lib/python3.8/site-packages/airflow/example_dags/example_local_kubernetes_executor.py
[2026-01-02T04:46:19.825+0000] {processor.py:830} INFO - Processing file /home/airflow/.local/lib/python3.8/site-packages/airflow/example_dags/example_local_kubernetes_executor.py for tasks to queue
[2026-01-02T04:46:19.827+0000] {logging_mixin.py:188} INFO - [2026-01-02T04:46:19.827+0000] {dagbag.py:538} INFO - Filling up the DagBag from /home/airflow/.local/lib/python3.8/site-packages/airflow/example_dags/example_local_kubernetes_executor.py
[2026-01-02T04:46:19.830+0000] {processor.py:840} INFO - DAG(s) 'example_local_kubernetes_executor' retrieved from /home/airflow/.local/lib/python3.8/site-packages/airflow/example_dags/example_local_kubernetes_executor.py
[2026-01-02T04:46:19.847+0000] {logging_mixin.py:188} INFO - [2026-01-02T04:46:19.847+0000] {dag.py:3033} INFO - Sync 1 DAGs
[2026-01-02T04:46:19.852+0000] {logging_mixin.py:188} INFO - [2026-01-02T04:46:19.852+0000] {dag.py:3820} INFO - Setting next_dagrun for example_local_kubernetes_executor to None, run_after=None
[2026-01-02T04:46:19.862+0000] {processor.py:183} INFO - Processing /home/airflow/.local/lib/python3.8/site-packages/airflow/example_dags/example_local_kubernetes_executor.py took 0.038 seconds
[2026-01-02T04:46:50.160+0000] {processor.py:161} INFO - Started process (PID=980) to work on /home/airflow/.local/lib/python3.8/site-packages/airflow/example_dags/example_local_kubernetes_executor.py
[2026-01-02T04:46:50.160+0000] {processor.py:830} INFO - Processing file /home/airflow/.local/lib/python3.8/site-packages/airflow/example_dags/example_local_kubernetes_executor.py for tasks to queue
[2026-01-02T04:46:50.161+0000] {logging_mixin.py:188} INFO - [2026-01-02T04:46:50.161+0000] {dagbag.py:538} INFO - Filling up the DagBag from /home/airflow/.local/lib/python3.8/site-packages/airflow/example_dags/example_local_kubernetes_executor.py
[2026-01-02T04:46:50.165+0000] {processor.py:840} INFO - DAG(s) 'example_local_kubernetes_executor' retrieved from /home/airflow/.local/lib/python3.8/site-packages/airflow/example_dags/example_local_kubernetes_executor.py
[2026-01-02T04:46:50.182+0000] {logging_mixin.py:188} INFO - [2026-01-02T04:46:50.182+0000] {dag.py:3033} INFO - Sync 1 DAGs
[2026-01-02T04:46:50.188+0000] {logging_mixin.py:188} INFO - [2026-01-02T04:46:50.188+0000] {dag.py:3820} INFO - Setting next_dagrun for example_local_kubernetes_executor to None, run_after=None
[2026-01-02T04:46:50.198+0000] {processor.py:183} INFO - Processing /home/airflow/.local/lib/python3.8/site-packages/airflow/example_dags/example_local_kubernetes_executor.py took 0.040 seconds
[2026-01-02T04:47:20.397+0000] {processor.py:161} INFO - Started process (PID=1035) to work on /home/airflow/.local/lib/python3.8/site-packages/airflow/example_dags/example_local_kubernetes_executor.py
[2026-01-02T04:47:20.397+0000] {processor.py:830} INFO - Processing file /home/airflow/.local/lib/python3.8/site-packages/airflow/example_dags/example_local_kubernetes_executor.py for tasks to queue
[2026-01-02T04:47:20.398+0000] {logging_mixin.py:188} INFO - [2026-01-02T04:47:20.398+0000] {dagbag.py:538} INFO - Filling up the DagBag from /home/airflow/.local/lib/python3.8/site-packages/airflow/example_dags/example_local_kubernetes_executor.py
[2026-01-02T04:47:20.402+0000] {processor.py:840} INFO - DAG(s) 'example_local_kubernetes_executor' retrieved from /home/airflow/.local/lib/python3.8/site-packages/airflow/example_dags/example_local_kubernetes_executor.py
[2026-01-02T04:47:20.418+0000] {logging_mixin.py:188} INFO - [2026-01-02T04:47:20.418+0000] {dag.py:3033} INFO - Sync 1 DAGs
[2026-01-02T04:47:20.423+0000] {logging_mixin.py:188} INFO - [2026-01-02T04:47:20.423+0000] {dag.py:3820} INFO - Setting next_dagrun for example_local_kubernetes_executor to None, run_after=None
[2026-01-02T04:47:20.434+0000] {processor.py:183} INFO - Processing /home/airflow/.local/lib/python3.8/site-packages/airflow/example_dags/example_local_kubernetes_executor.py took 0.038 seconds
