[2026-01-02T04:28:05.178+0000] {processor.py:161} INFO - Started process (PID=81) to work on /home/airflow/.local/lib/python3.8/site-packages/airflow/example_dags/example_branch_operator_decorator.py
[2026-01-02T04:28:05.178+0000] {processor.py:830} INFO - Processing file /home/airflow/.local/lib/python3.8/site-packages/airflow/example_dags/example_branch_operator_decorator.py for tasks to queue
[2026-01-02T04:28:05.179+0000] {logging_mixin.py:188} INFO - [2026-01-02T04:28:05.179+0000] {dagbag.py:538} INFO - Filling up the DagBag from /home/airflow/.local/lib/python3.8/site-packages/airflow/example_dags/example_branch_operator_decorator.py
[2026-01-02T04:28:05.189+0000] {processor.py:840} INFO - DAG(s) 'example_branch_python_operator_decorator' retrieved from /home/airflow/.local/lib/python3.8/site-packages/airflow/example_dags/example_branch_operator_decorator.py
[2026-01-02T04:28:05.240+0000] {logging_mixin.py:188} INFO - [2026-01-02T04:28:05.240+0000] {override.py:1769} INFO - Created Permission View: can edit on DAG:example_branch_python_operator_decorator
[2026-01-02T04:28:05.248+0000] {logging_mixin.py:188} INFO - [2026-01-02T04:28:05.248+0000] {override.py:1769} INFO - Created Permission View: can delete on DAG:example_branch_python_operator_decorator
[2026-01-02T04:28:05.252+0000] {logging_mixin.py:188} INFO - [2026-01-02T04:28:05.252+0000] {override.py:1769} INFO - Created Permission View: can read on DAG:example_branch_python_operator_decorator
[2026-01-02T04:28:05.253+0000] {logging_mixin.py:188} INFO - [2026-01-02T04:28:05.252+0000] {dag.py:3033} INFO - Sync 1 DAGs
[2026-01-02T04:28:05.258+0000] {logging_mixin.py:188} INFO - [2026-01-02T04:28:05.258+0000] {dag.py:3055} INFO - Creating ORM DAG for example_branch_python_operator_decorator
[2026-01-02T04:28:05.263+0000] {logging_mixin.py:188} INFO - [2026-01-02T04:28:05.263+0000] {dag.py:3820} INFO - Setting next_dagrun for example_branch_python_operator_decorator to 2026-01-01T00:00:00+00:00, run_after=2026-01-02T00:00:00+00:00
[2026-01-02T04:28:05.273+0000] {processor.py:183} INFO - Processing /home/airflow/.local/lib/python3.8/site-packages/airflow/example_dags/example_branch_operator_decorator.py took 0.097 seconds
[2026-01-02T04:28:35.531+0000] {processor.py:161} INFO - Started process (PID=136) to work on /home/airflow/.local/lib/python3.8/site-packages/airflow/example_dags/example_branch_operator_decorator.py
[2026-01-02T04:28:35.531+0000] {processor.py:830} INFO - Processing file /home/airflow/.local/lib/python3.8/site-packages/airflow/example_dags/example_branch_operator_decorator.py for tasks to queue
[2026-01-02T04:28:35.532+0000] {logging_mixin.py:188} INFO - [2026-01-02T04:28:35.532+0000] {dagbag.py:538} INFO - Filling up the DagBag from /home/airflow/.local/lib/python3.8/site-packages/airflow/example_dags/example_branch_operator_decorator.py
[2026-01-02T04:28:35.540+0000] {processor.py:840} INFO - DAG(s) 'example_branch_python_operator_decorator' retrieved from /home/airflow/.local/lib/python3.8/site-packages/airflow/example_dags/example_branch_operator_decorator.py
[2026-01-02T04:28:35.552+0000] {logging_mixin.py:188} INFO - [2026-01-02T04:28:35.552+0000] {dag.py:3033} INFO - Sync 1 DAGs
[2026-01-02T04:28:35.563+0000] {logging_mixin.py:188} INFO - [2026-01-02T04:28:35.563+0000] {dag.py:3820} INFO - Setting next_dagrun for example_branch_python_operator_decorator to 2026-01-01T00:00:00+00:00, run_after=2026-01-02T00:00:00+00:00
[2026-01-02T04:28:35.573+0000] {processor.py:183} INFO - Processing /home/airflow/.local/lib/python3.8/site-packages/airflow/example_dags/example_branch_operator_decorator.py took 0.044 seconds
[2026-01-02T04:30:00.384+0000] {processor.py:161} INFO - Started process (PID=73) to work on /home/airflow/.local/lib/python3.8/site-packages/airflow/example_dags/example_branch_operator_decorator.py
[2026-01-02T04:30:00.385+0000] {processor.py:830} INFO - Processing file /home/airflow/.local/lib/python3.8/site-packages/airflow/example_dags/example_branch_operator_decorator.py for tasks to queue
[2026-01-02T04:30:00.386+0000] {logging_mixin.py:188} INFO - [2026-01-02T04:30:00.386+0000] {dagbag.py:538} INFO - Filling up the DagBag from /home/airflow/.local/lib/python3.8/site-packages/airflow/example_dags/example_branch_operator_decorator.py
[2026-01-02T04:30:00.396+0000] {processor.py:840} INFO - DAG(s) 'example_branch_python_operator_decorator' retrieved from /home/airflow/.local/lib/python3.8/site-packages/airflow/example_dags/example_branch_operator_decorator.py
[2026-01-02T04:30:00.404+0000] {logging_mixin.py:188} INFO - [2026-01-02T04:30:00.404+0000] {dag.py:3033} INFO - Sync 1 DAGs
[2026-01-02T04:30:00.415+0000] {logging_mixin.py:188} INFO - [2026-01-02T04:30:00.415+0000] {dag.py:3820} INFO - Setting next_dagrun for example_branch_python_operator_decorator to 2026-01-01T00:00:00+00:00, run_after=2026-01-02T00:00:00+00:00
[2026-01-02T04:30:00.425+0000] {processor.py:183} INFO - Processing /home/airflow/.local/lib/python3.8/site-packages/airflow/example_dags/example_branch_operator_decorator.py took 0.042 seconds
[2026-01-02T04:30:31.536+0000] {processor.py:161} INFO - Started process (PID=128) to work on /home/airflow/.local/lib/python3.8/site-packages/airflow/example_dags/example_branch_operator_decorator.py
[2026-01-02T04:30:31.536+0000] {processor.py:830} INFO - Processing file /home/airflow/.local/lib/python3.8/site-packages/airflow/example_dags/example_branch_operator_decorator.py for tasks to queue
[2026-01-02T04:30:31.537+0000] {logging_mixin.py:188} INFO - [2026-01-02T04:30:31.537+0000] {dagbag.py:538} INFO - Filling up the DagBag from /home/airflow/.local/lib/python3.8/site-packages/airflow/example_dags/example_branch_operator_decorator.py
[2026-01-02T04:30:31.547+0000] {processor.py:840} INFO - DAG(s) 'example_branch_python_operator_decorator' retrieved from /home/airflow/.local/lib/python3.8/site-packages/airflow/example_dags/example_branch_operator_decorator.py
[2026-01-02T04:30:31.598+0000] {logging_mixin.py:188} INFO - [2026-01-02T04:30:31.598+0000] {dag.py:3033} INFO - Sync 1 DAGs
[2026-01-02T04:30:31.611+0000] {logging_mixin.py:188} INFO - [2026-01-02T04:30:31.611+0000] {dag.py:3820} INFO - Setting next_dagrun for example_branch_python_operator_decorator to 2026-01-01T00:00:00+00:00, run_after=2026-01-02T00:00:00+00:00
[2026-01-02T04:30:31.626+0000] {processor.py:183} INFO - Processing /home/airflow/.local/lib/python3.8/site-packages/airflow/example_dags/example_branch_operator_decorator.py took 0.092 seconds
[2026-01-02T04:31:02.396+0000] {processor.py:161} INFO - Started process (PID=183) to work on /home/airflow/.local/lib/python3.8/site-packages/airflow/example_dags/example_branch_operator_decorator.py
[2026-01-02T04:31:02.396+0000] {processor.py:830} INFO - Processing file /home/airflow/.local/lib/python3.8/site-packages/airflow/example_dags/example_branch_operator_decorator.py for tasks to queue
[2026-01-02T04:31:02.397+0000] {logging_mixin.py:188} INFO - [2026-01-02T04:31:02.397+0000] {dagbag.py:538} INFO - Filling up the DagBag from /home/airflow/.local/lib/python3.8/site-packages/airflow/example_dags/example_branch_operator_decorator.py
[2026-01-02T04:31:02.408+0000] {processor.py:840} INFO - DAG(s) 'example_branch_python_operator_decorator' retrieved from /home/airflow/.local/lib/python3.8/site-packages/airflow/example_dags/example_branch_operator_decorator.py
[2026-01-02T04:31:02.422+0000] {logging_mixin.py:188} INFO - [2026-01-02T04:31:02.422+0000] {dag.py:3033} INFO - Sync 1 DAGs
[2026-01-02T04:31:02.432+0000] {logging_mixin.py:188} INFO - [2026-01-02T04:31:02.432+0000] {dag.py:3820} INFO - Setting next_dagrun for example_branch_python_operator_decorator to 2026-01-01T00:00:00+00:00, run_after=2026-01-02T00:00:00+00:00
[2026-01-02T04:31:02.444+0000] {processor.py:183} INFO - Processing /home/airflow/.local/lib/python3.8/site-packages/airflow/example_dags/example_branch_operator_decorator.py took 0.049 seconds
[2026-01-02T04:31:32.836+0000] {processor.py:161} INFO - Started process (PID=238) to work on /home/airflow/.local/lib/python3.8/site-packages/airflow/example_dags/example_branch_operator_decorator.py
[2026-01-02T04:31:32.837+0000] {processor.py:830} INFO - Processing file /home/airflow/.local/lib/python3.8/site-packages/airflow/example_dags/example_branch_operator_decorator.py for tasks to queue
[2026-01-02T04:31:32.838+0000] {logging_mixin.py:188} INFO - [2026-01-02T04:31:32.838+0000] {dagbag.py:538} INFO - Filling up the DagBag from /home/airflow/.local/lib/python3.8/site-packages/airflow/example_dags/example_branch_operator_decorator.py
[2026-01-02T04:31:32.847+0000] {processor.py:840} INFO - DAG(s) 'example_branch_python_operator_decorator' retrieved from /home/airflow/.local/lib/python3.8/site-packages/airflow/example_dags/example_branch_operator_decorator.py
[2026-01-02T04:31:32.861+0000] {logging_mixin.py:188} INFO - [2026-01-02T04:31:32.861+0000] {dag.py:3033} INFO - Sync 1 DAGs
[2026-01-02T04:31:32.873+0000] {logging_mixin.py:188} INFO - [2026-01-02T04:31:32.873+0000] {dag.py:3820} INFO - Setting next_dagrun for example_branch_python_operator_decorator to 2026-01-01T00:00:00+00:00, run_after=2026-01-02T00:00:00+00:00
[2026-01-02T04:31:32.886+0000] {processor.py:183} INFO - Processing /home/airflow/.local/lib/python3.8/site-packages/airflow/example_dags/example_branch_operator_decorator.py took 0.051 seconds
[2026-01-02T04:32:03.278+0000] {processor.py:161} INFO - Started process (PID=293) to work on /home/airflow/.local/lib/python3.8/site-packages/airflow/example_dags/example_branch_operator_decorator.py
[2026-01-02T04:32:03.278+0000] {processor.py:830} INFO - Processing file /home/airflow/.local/lib/python3.8/site-packages/airflow/example_dags/example_branch_operator_decorator.py for tasks to queue
[2026-01-02T04:32:03.279+0000] {logging_mixin.py:188} INFO - [2026-01-02T04:32:03.279+0000] {dagbag.py:538} INFO - Filling up the DagBag from /home/airflow/.local/lib/python3.8/site-packages/airflow/example_dags/example_branch_operator_decorator.py
[2026-01-02T04:32:03.289+0000] {processor.py:840} INFO - DAG(s) 'example_branch_python_operator_decorator' retrieved from /home/airflow/.local/lib/python3.8/site-packages/airflow/example_dags/example_branch_operator_decorator.py
[2026-01-02T04:32:03.301+0000] {logging_mixin.py:188} INFO - [2026-01-02T04:32:03.301+0000] {dag.py:3033} INFO - Sync 1 DAGs
[2026-01-02T04:32:03.311+0000] {logging_mixin.py:188} INFO - [2026-01-02T04:32:03.311+0000] {dag.py:3820} INFO - Setting next_dagrun for example_branch_python_operator_decorator to 2026-01-01T00:00:00+00:00, run_after=2026-01-02T00:00:00+00:00
[2026-01-02T04:32:03.321+0000] {processor.py:183} INFO - Processing /home/airflow/.local/lib/python3.8/site-packages/airflow/example_dags/example_branch_operator_decorator.py took 0.045 seconds
[2026-01-02T04:32:33.579+0000] {processor.py:161} INFO - Started process (PID=348) to work on /home/airflow/.local/lib/python3.8/site-packages/airflow/example_dags/example_branch_operator_decorator.py
[2026-01-02T04:32:33.580+0000] {processor.py:830} INFO - Processing file /home/airflow/.local/lib/python3.8/site-packages/airflow/example_dags/example_branch_operator_decorator.py for tasks to queue
[2026-01-02T04:32:33.581+0000] {logging_mixin.py:188} INFO - [2026-01-02T04:32:33.580+0000] {dagbag.py:538} INFO - Filling up the DagBag from /home/airflow/.local/lib/python3.8/site-packages/airflow/example_dags/example_branch_operator_decorator.py
[2026-01-02T04:32:33.588+0000] {processor.py:840} INFO - DAG(s) 'example_branch_python_operator_decorator' retrieved from /home/airflow/.local/lib/python3.8/site-packages/airflow/example_dags/example_branch_operator_decorator.py
[2026-01-02T04:32:33.601+0000] {logging_mixin.py:188} INFO - [2026-01-02T04:32:33.601+0000] {dag.py:3033} INFO - Sync 1 DAGs
[2026-01-02T04:32:33.613+0000] {logging_mixin.py:188} INFO - [2026-01-02T04:32:33.613+0000] {dag.py:3820} INFO - Setting next_dagrun for example_branch_python_operator_decorator to 2026-01-01T00:00:00+00:00, run_after=2026-01-02T00:00:00+00:00
[2026-01-02T04:32:33.623+0000] {processor.py:183} INFO - Processing /home/airflow/.local/lib/python3.8/site-packages/airflow/example_dags/example_branch_operator_decorator.py took 0.045 seconds
[2026-01-02T04:33:03.872+0000] {processor.py:161} INFO - Started process (PID=403) to work on /home/airflow/.local/lib/python3.8/site-packages/airflow/example_dags/example_branch_operator_decorator.py
[2026-01-02T04:33:03.873+0000] {processor.py:830} INFO - Processing file /home/airflow/.local/lib/python3.8/site-packages/airflow/example_dags/example_branch_operator_decorator.py for tasks to queue
[2026-01-02T04:33:03.874+0000] {logging_mixin.py:188} INFO - [2026-01-02T04:33:03.874+0000] {dagbag.py:538} INFO - Filling up the DagBag from /home/airflow/.local/lib/python3.8/site-packages/airflow/example_dags/example_branch_operator_decorator.py
[2026-01-02T04:33:03.884+0000] {processor.py:840} INFO - DAG(s) 'example_branch_python_operator_decorator' retrieved from /home/airflow/.local/lib/python3.8/site-packages/airflow/example_dags/example_branch_operator_decorator.py
[2026-01-02T04:33:03.897+0000] {logging_mixin.py:188} INFO - [2026-01-02T04:33:03.897+0000] {dag.py:3033} INFO - Sync 1 DAGs
[2026-01-02T04:33:03.908+0000] {logging_mixin.py:188} INFO - [2026-01-02T04:33:03.908+0000] {dag.py:3820} INFO - Setting next_dagrun for example_branch_python_operator_decorator to 2026-01-01T00:00:00+00:00, run_after=2026-01-02T00:00:00+00:00
[2026-01-02T04:33:03.920+0000] {processor.py:183} INFO - Processing /home/airflow/.local/lib/python3.8/site-packages/airflow/example_dags/example_branch_operator_decorator.py took 0.050 seconds
[2026-01-02T04:33:34.141+0000] {processor.py:161} INFO - Started process (PID=458) to work on /home/airflow/.local/lib/python3.8/site-packages/airflow/example_dags/example_branch_operator_decorator.py
[2026-01-02T04:33:34.142+0000] {processor.py:830} INFO - Processing file /home/airflow/.local/lib/python3.8/site-packages/airflow/example_dags/example_branch_operator_decorator.py for tasks to queue
[2026-01-02T04:33:34.143+0000] {logging_mixin.py:188} INFO - [2026-01-02T04:33:34.143+0000] {dagbag.py:538} INFO - Filling up the DagBag from /home/airflow/.local/lib/python3.8/site-packages/airflow/example_dags/example_branch_operator_decorator.py
[2026-01-02T04:33:34.152+0000] {processor.py:840} INFO - DAG(s) 'example_branch_python_operator_decorator' retrieved from /home/airflow/.local/lib/python3.8/site-packages/airflow/example_dags/example_branch_operator_decorator.py
[2026-01-02T04:33:34.164+0000] {logging_mixin.py:188} INFO - [2026-01-02T04:33:34.164+0000] {dag.py:3033} INFO - Sync 1 DAGs
[2026-01-02T04:33:34.179+0000] {logging_mixin.py:188} INFO - [2026-01-02T04:33:34.179+0000] {dag.py:3820} INFO - Setting next_dagrun for example_branch_python_operator_decorator to 2026-01-01T00:00:00+00:00, run_after=2026-01-02T00:00:00+00:00
[2026-01-02T04:33:34.190+0000] {processor.py:183} INFO - Processing /home/airflow/.local/lib/python3.8/site-packages/airflow/example_dags/example_branch_operator_decorator.py took 0.050 seconds
[2026-01-02T04:34:04.446+0000] {processor.py:161} INFO - Started process (PID=513) to work on /home/airflow/.local/lib/python3.8/site-packages/airflow/example_dags/example_branch_operator_decorator.py
[2026-01-02T04:34:04.446+0000] {processor.py:830} INFO - Processing file /home/airflow/.local/lib/python3.8/site-packages/airflow/example_dags/example_branch_operator_decorator.py for tasks to queue
[2026-01-02T04:34:04.447+0000] {logging_mixin.py:188} INFO - [2026-01-02T04:34:04.447+0000] {dagbag.py:538} INFO - Filling up the DagBag from /home/airflow/.local/lib/python3.8/site-packages/airflow/example_dags/example_branch_operator_decorator.py
[2026-01-02T04:34:04.454+0000] {processor.py:840} INFO - DAG(s) 'example_branch_python_operator_decorator' retrieved from /home/airflow/.local/lib/python3.8/site-packages/airflow/example_dags/example_branch_operator_decorator.py
[2026-01-02T04:34:04.466+0000] {logging_mixin.py:188} INFO - [2026-01-02T04:34:04.466+0000] {dag.py:3033} INFO - Sync 1 DAGs
[2026-01-02T04:34:04.475+0000] {logging_mixin.py:188} INFO - [2026-01-02T04:34:04.475+0000] {dag.py:3820} INFO - Setting next_dagrun for example_branch_python_operator_decorator to 2026-01-01T00:00:00+00:00, run_after=2026-01-02T00:00:00+00:00
[2026-01-02T04:34:04.484+0000] {processor.py:183} INFO - Processing /home/airflow/.local/lib/python3.8/site-packages/airflow/example_dags/example_branch_operator_decorator.py took 0.040 seconds
[2026-01-02T04:34:34.793+0000] {processor.py:161} INFO - Started process (PID=568) to work on /home/airflow/.local/lib/python3.8/site-packages/airflow/example_dags/example_branch_operator_decorator.py
[2026-01-02T04:34:34.794+0000] {processor.py:830} INFO - Processing file /home/airflow/.local/lib/python3.8/site-packages/airflow/example_dags/example_branch_operator_decorator.py for tasks to queue
[2026-01-02T04:34:34.795+0000] {logging_mixin.py:188} INFO - [2026-01-02T04:34:34.795+0000] {dagbag.py:538} INFO - Filling up the DagBag from /home/airflow/.local/lib/python3.8/site-packages/airflow/example_dags/example_branch_operator_decorator.py
[2026-01-02T04:34:34.804+0000] {processor.py:840} INFO - DAG(s) 'example_branch_python_operator_decorator' retrieved from /home/airflow/.local/lib/python3.8/site-packages/airflow/example_dags/example_branch_operator_decorator.py
[2026-01-02T04:34:34.818+0000] {logging_mixin.py:188} INFO - [2026-01-02T04:34:34.818+0000] {dag.py:3033} INFO - Sync 1 DAGs
[2026-01-02T04:34:34.830+0000] {logging_mixin.py:188} INFO - [2026-01-02T04:34:34.829+0000] {dag.py:3820} INFO - Setting next_dagrun for example_branch_python_operator_decorator to 2026-01-01T00:00:00+00:00, run_after=2026-01-02T00:00:00+00:00
[2026-01-02T04:34:34.850+0000] {processor.py:183} INFO - Processing /home/airflow/.local/lib/python3.8/site-packages/airflow/example_dags/example_branch_operator_decorator.py took 0.058 seconds
[2026-01-02T04:35:05.097+0000] {processor.py:161} INFO - Started process (PID=623) to work on /home/airflow/.local/lib/python3.8/site-packages/airflow/example_dags/example_branch_operator_decorator.py
[2026-01-02T04:35:05.097+0000] {processor.py:830} INFO - Processing file /home/airflow/.local/lib/python3.8/site-packages/airflow/example_dags/example_branch_operator_decorator.py for tasks to queue
[2026-01-02T04:35:05.098+0000] {logging_mixin.py:188} INFO - [2026-01-02T04:35:05.098+0000] {dagbag.py:538} INFO - Filling up the DagBag from /home/airflow/.local/lib/python3.8/site-packages/airflow/example_dags/example_branch_operator_decorator.py
[2026-01-02T04:35:05.107+0000] {processor.py:840} INFO - DAG(s) 'example_branch_python_operator_decorator' retrieved from /home/airflow/.local/lib/python3.8/site-packages/airflow/example_dags/example_branch_operator_decorator.py
[2026-01-02T04:35:05.121+0000] {logging_mixin.py:188} INFO - [2026-01-02T04:35:05.120+0000] {dag.py:3033} INFO - Sync 1 DAGs
[2026-01-02T04:35:05.133+0000] {logging_mixin.py:188} INFO - [2026-01-02T04:35:05.133+0000] {dag.py:3820} INFO - Setting next_dagrun for example_branch_python_operator_decorator to 2026-01-01T00:00:00+00:00, run_after=2026-01-02T00:00:00+00:00
[2026-01-02T04:35:05.146+0000] {processor.py:183} INFO - Processing /home/airflow/.local/lib/python3.8/site-packages/airflow/example_dags/example_branch_operator_decorator.py took 0.051 seconds
[2026-01-02T04:35:35.421+0000] {processor.py:161} INFO - Started process (PID=678) to work on /home/airflow/.local/lib/python3.8/site-packages/airflow/example_dags/example_branch_operator_decorator.py
[2026-01-02T04:35:35.421+0000] {processor.py:830} INFO - Processing file /home/airflow/.local/lib/python3.8/site-packages/airflow/example_dags/example_branch_operator_decorator.py for tasks to queue
[2026-01-02T04:35:35.422+0000] {logging_mixin.py:188} INFO - [2026-01-02T04:35:35.422+0000] {dagbag.py:538} INFO - Filling up the DagBag from /home/airflow/.local/lib/python3.8/site-packages/airflow/example_dags/example_branch_operator_decorator.py
[2026-01-02T04:35:35.430+0000] {processor.py:840} INFO - DAG(s) 'example_branch_python_operator_decorator' retrieved from /home/airflow/.local/lib/python3.8/site-packages/airflow/example_dags/example_branch_operator_decorator.py
[2026-01-02T04:35:35.442+0000] {logging_mixin.py:188} INFO - [2026-01-02T04:35:35.441+0000] {dag.py:3033} INFO - Sync 1 DAGs
[2026-01-02T04:35:35.454+0000] {logging_mixin.py:188} INFO - [2026-01-02T04:35:35.454+0000] {dag.py:3820} INFO - Setting next_dagrun for example_branch_python_operator_decorator to 2026-01-01T00:00:00+00:00, run_after=2026-01-02T00:00:00+00:00
[2026-01-02T04:35:35.465+0000] {processor.py:183} INFO - Processing /home/airflow/.local/lib/python3.8/site-packages/airflow/example_dags/example_branch_operator_decorator.py took 0.046 seconds
[2026-01-02T04:36:05.728+0000] {processor.py:161} INFO - Started process (PID=733) to work on /home/airflow/.local/lib/python3.8/site-packages/airflow/example_dags/example_branch_operator_decorator.py
[2026-01-02T04:36:05.728+0000] {processor.py:830} INFO - Processing file /home/airflow/.local/lib/python3.8/site-packages/airflow/example_dags/example_branch_operator_decorator.py for tasks to queue
[2026-01-02T04:36:05.729+0000] {logging_mixin.py:188} INFO - [2026-01-02T04:36:05.729+0000] {dagbag.py:538} INFO - Filling up the DagBag from /home/airflow/.local/lib/python3.8/site-packages/airflow/example_dags/example_branch_operator_decorator.py
[2026-01-02T04:36:05.738+0000] {processor.py:840} INFO - DAG(s) 'example_branch_python_operator_decorator' retrieved from /home/airflow/.local/lib/python3.8/site-packages/airflow/example_dags/example_branch_operator_decorator.py
[2026-01-02T04:36:05.753+0000] {logging_mixin.py:188} INFO - [2026-01-02T04:36:05.753+0000] {dag.py:3033} INFO - Sync 1 DAGs
[2026-01-02T04:36:05.766+0000] {logging_mixin.py:188} INFO - [2026-01-02T04:36:05.766+0000] {dag.py:3820} INFO - Setting next_dagrun for example_branch_python_operator_decorator to 2026-01-01T00:00:00+00:00, run_after=2026-01-02T00:00:00+00:00
[2026-01-02T04:36:05.777+0000] {processor.py:183} INFO - Processing /home/airflow/.local/lib/python3.8/site-packages/airflow/example_dags/example_branch_operator_decorator.py took 0.051 seconds
[2026-01-02T04:38:45.394+0000] {processor.py:161} INFO - Started process (PID=75) to work on /home/airflow/.local/lib/python3.8/site-packages/airflow/example_dags/example_branch_operator_decorator.py
[2026-01-02T04:38:45.394+0000] {processor.py:830} INFO - Processing file /home/airflow/.local/lib/python3.8/site-packages/airflow/example_dags/example_branch_operator_decorator.py for tasks to queue
[2026-01-02T04:38:45.395+0000] {logging_mixin.py:188} INFO - [2026-01-02T04:38:45.395+0000] {dagbag.py:538} INFO - Filling up the DagBag from /home/airflow/.local/lib/python3.8/site-packages/airflow/example_dags/example_branch_operator_decorator.py
[2026-01-02T04:38:45.410+0000] {processor.py:840} INFO - DAG(s) 'example_branch_python_operator_decorator' retrieved from /home/airflow/.local/lib/python3.8/site-packages/airflow/example_dags/example_branch_operator_decorator.py
[2026-01-02T04:38:45.419+0000] {logging_mixin.py:188} INFO - [2026-01-02T04:38:45.419+0000] {dag.py:3033} INFO - Sync 1 DAGs
[2026-01-02T04:38:45.443+0000] {logging_mixin.py:188} INFO - [2026-01-02T04:38:45.443+0000] {dag.py:3820} INFO - Setting next_dagrun for example_branch_python_operator_decorator to 2026-01-01T00:00:00+00:00, run_after=2026-01-02T00:00:00+00:00
[2026-01-02T04:38:45.457+0000] {processor.py:183} INFO - Processing /home/airflow/.local/lib/python3.8/site-packages/airflow/example_dags/example_branch_operator_decorator.py took 0.065 seconds
[2026-01-02T04:39:16.059+0000] {processor.py:161} INFO - Started process (PID=136) to work on /home/airflow/.local/lib/python3.8/site-packages/airflow/example_dags/example_branch_operator_decorator.py
[2026-01-02T04:39:16.060+0000] {processor.py:830} INFO - Processing file /home/airflow/.local/lib/python3.8/site-packages/airflow/example_dags/example_branch_operator_decorator.py for tasks to queue
[2026-01-02T04:39:16.061+0000] {logging_mixin.py:188} INFO - [2026-01-02T04:39:16.061+0000] {dagbag.py:538} INFO - Filling up the DagBag from /home/airflow/.local/lib/python3.8/site-packages/airflow/example_dags/example_branch_operator_decorator.py
[2026-01-02T04:39:16.068+0000] {processor.py:840} INFO - DAG(s) 'example_branch_python_operator_decorator' retrieved from /home/airflow/.local/lib/python3.8/site-packages/airflow/example_dags/example_branch_operator_decorator.py
[2026-01-02T04:39:16.115+0000] {logging_mixin.py:188} INFO - [2026-01-02T04:39:16.115+0000] {dag.py:3033} INFO - Sync 1 DAGs
[2026-01-02T04:39:16.124+0000] {logging_mixin.py:188} INFO - [2026-01-02T04:39:16.124+0000] {dag.py:3820} INFO - Setting next_dagrun for example_branch_python_operator_decorator to 2026-01-01T00:00:00+00:00, run_after=2026-01-02T00:00:00+00:00
[2026-01-02T04:39:16.134+0000] {processor.py:183} INFO - Processing /home/airflow/.local/lib/python3.8/site-packages/airflow/example_dags/example_branch_operator_decorator.py took 0.076 seconds
[2026-01-02T04:39:46.637+0000] {processor.py:161} INFO - Started process (PID=191) to work on /home/airflow/.local/lib/python3.8/site-packages/airflow/example_dags/example_branch_operator_decorator.py
[2026-01-02T04:39:46.638+0000] {processor.py:830} INFO - Processing file /home/airflow/.local/lib/python3.8/site-packages/airflow/example_dags/example_branch_operator_decorator.py for tasks to queue
[2026-01-02T04:39:46.639+0000] {logging_mixin.py:188} INFO - [2026-01-02T04:39:46.639+0000] {dagbag.py:538} INFO - Filling up the DagBag from /home/airflow/.local/lib/python3.8/site-packages/airflow/example_dags/example_branch_operator_decorator.py
[2026-01-02T04:39:46.646+0000] {processor.py:840} INFO - DAG(s) 'example_branch_python_operator_decorator' retrieved from /home/airflow/.local/lib/python3.8/site-packages/airflow/example_dags/example_branch_operator_decorator.py
[2026-01-02T04:39:46.657+0000] {logging_mixin.py:188} INFO - [2026-01-02T04:39:46.657+0000] {dag.py:3033} INFO - Sync 1 DAGs
[2026-01-02T04:39:46.666+0000] {logging_mixin.py:188} INFO - [2026-01-02T04:39:46.666+0000] {dag.py:3820} INFO - Setting next_dagrun for example_branch_python_operator_decorator to 2026-01-01T00:00:00+00:00, run_after=2026-01-02T00:00:00+00:00
[2026-01-02T04:39:46.676+0000] {processor.py:183} INFO - Processing /home/airflow/.local/lib/python3.8/site-packages/airflow/example_dags/example_branch_operator_decorator.py took 0.040 seconds
[2026-01-02T04:40:16.811+0000] {processor.py:161} INFO - Started process (PID=247) to work on /home/airflow/.local/lib/python3.8/site-packages/airflow/example_dags/example_branch_operator_decorator.py
[2026-01-02T04:40:16.811+0000] {processor.py:830} INFO - Processing file /home/airflow/.local/lib/python3.8/site-packages/airflow/example_dags/example_branch_operator_decorator.py for tasks to queue
[2026-01-02T04:40:16.812+0000] {logging_mixin.py:188} INFO - [2026-01-02T04:40:16.812+0000] {dagbag.py:538} INFO - Filling up the DagBag from /home/airflow/.local/lib/python3.8/site-packages/airflow/example_dags/example_branch_operator_decorator.py
[2026-01-02T04:40:16.820+0000] {processor.py:840} INFO - DAG(s) 'example_branch_python_operator_decorator' retrieved from /home/airflow/.local/lib/python3.8/site-packages/airflow/example_dags/example_branch_operator_decorator.py
[2026-01-02T04:40:16.831+0000] {logging_mixin.py:188} INFO - [2026-01-02T04:40:16.831+0000] {dag.py:3033} INFO - Sync 1 DAGs
[2026-01-02T04:40:16.842+0000] {logging_mixin.py:188} INFO - [2026-01-02T04:40:16.841+0000] {dag.py:3820} INFO - Setting next_dagrun for example_branch_python_operator_decorator to 2026-01-01T00:00:00+00:00, run_after=2026-01-02T00:00:00+00:00
[2026-01-02T04:40:16.852+0000] {processor.py:183} INFO - Processing /home/airflow/.local/lib/python3.8/site-packages/airflow/example_dags/example_branch_operator_decorator.py took 0.042 seconds
[2026-01-02T04:40:46.981+0000] {processor.py:161} INFO - Started process (PID=301) to work on /home/airflow/.local/lib/python3.8/site-packages/airflow/example_dags/example_branch_operator_decorator.py
[2026-01-02T04:40:46.981+0000] {processor.py:830} INFO - Processing file /home/airflow/.local/lib/python3.8/site-packages/airflow/example_dags/example_branch_operator_decorator.py for tasks to queue
[2026-01-02T04:40:46.982+0000] {logging_mixin.py:188} INFO - [2026-01-02T04:40:46.982+0000] {dagbag.py:538} INFO - Filling up the DagBag from /home/airflow/.local/lib/python3.8/site-packages/airflow/example_dags/example_branch_operator_decorator.py
[2026-01-02T04:40:46.990+0000] {processor.py:840} INFO - DAG(s) 'example_branch_python_operator_decorator' retrieved from /home/airflow/.local/lib/python3.8/site-packages/airflow/example_dags/example_branch_operator_decorator.py
[2026-01-02T04:40:47.001+0000] {logging_mixin.py:188} INFO - [2026-01-02T04:40:47.001+0000] {dag.py:3033} INFO - Sync 1 DAGs
[2026-01-02T04:40:47.011+0000] {logging_mixin.py:188} INFO - [2026-01-02T04:40:47.011+0000] {dag.py:3820} INFO - Setting next_dagrun for example_branch_python_operator_decorator to 2026-01-01T00:00:00+00:00, run_after=2026-01-02T00:00:00+00:00
[2026-01-02T04:40:47.021+0000] {processor.py:183} INFO - Processing /home/airflow/.local/lib/python3.8/site-packages/airflow/example_dags/example_branch_operator_decorator.py took 0.041 seconds
[2026-01-02T04:41:17.134+0000] {processor.py:161} INFO - Started process (PID=356) to work on /home/airflow/.local/lib/python3.8/site-packages/airflow/example_dags/example_branch_operator_decorator.py
[2026-01-02T04:41:17.134+0000] {processor.py:830} INFO - Processing file /home/airflow/.local/lib/python3.8/site-packages/airflow/example_dags/example_branch_operator_decorator.py for tasks to queue
[2026-01-02T04:41:17.136+0000] {logging_mixin.py:188} INFO - [2026-01-02T04:41:17.135+0000] {dagbag.py:538} INFO - Filling up the DagBag from /home/airflow/.local/lib/python3.8/site-packages/airflow/example_dags/example_branch_operator_decorator.py
[2026-01-02T04:41:17.143+0000] {processor.py:840} INFO - DAG(s) 'example_branch_python_operator_decorator' retrieved from /home/airflow/.local/lib/python3.8/site-packages/airflow/example_dags/example_branch_operator_decorator.py
[2026-01-02T04:41:17.155+0000] {logging_mixin.py:188} INFO - [2026-01-02T04:41:17.155+0000] {dag.py:3033} INFO - Sync 1 DAGs
[2026-01-02T04:41:17.165+0000] {logging_mixin.py:188} INFO - [2026-01-02T04:41:17.165+0000] {dag.py:3820} INFO - Setting next_dagrun for example_branch_python_operator_decorator to 2026-01-01T00:00:00+00:00, run_after=2026-01-02T00:00:00+00:00
[2026-01-02T04:41:17.174+0000] {processor.py:183} INFO - Processing /home/airflow/.local/lib/python3.8/site-packages/airflow/example_dags/example_branch_operator_decorator.py took 0.041 seconds
[2026-01-02T04:41:47.375+0000] {processor.py:161} INFO - Started process (PID=411) to work on /home/airflow/.local/lib/python3.8/site-packages/airflow/example_dags/example_branch_operator_decorator.py
[2026-01-02T04:41:47.375+0000] {processor.py:830} INFO - Processing file /home/airflow/.local/lib/python3.8/site-packages/airflow/example_dags/example_branch_operator_decorator.py for tasks to queue
[2026-01-02T04:41:47.376+0000] {logging_mixin.py:188} INFO - [2026-01-02T04:41:47.376+0000] {dagbag.py:538} INFO - Filling up the DagBag from /home/airflow/.local/lib/python3.8/site-packages/airflow/example_dags/example_branch_operator_decorator.py
[2026-01-02T04:41:47.383+0000] {processor.py:840} INFO - DAG(s) 'example_branch_python_operator_decorator' retrieved from /home/airflow/.local/lib/python3.8/site-packages/airflow/example_dags/example_branch_operator_decorator.py
[2026-01-02T04:41:47.396+0000] {logging_mixin.py:188} INFO - [2026-01-02T04:41:47.396+0000] {dag.py:3033} INFO - Sync 1 DAGs
[2026-01-02T04:41:47.405+0000] {logging_mixin.py:188} INFO - [2026-01-02T04:41:47.405+0000] {dag.py:3820} INFO - Setting next_dagrun for example_branch_python_operator_decorator to 2026-01-01T00:00:00+00:00, run_after=2026-01-02T00:00:00+00:00
[2026-01-02T04:41:47.416+0000] {processor.py:183} INFO - Processing /home/airflow/.local/lib/python3.8/site-packages/airflow/example_dags/example_branch_operator_decorator.py took 0.042 seconds
[2026-01-02T04:42:17.538+0000] {processor.py:161} INFO - Started process (PID=466) to work on /home/airflow/.local/lib/python3.8/site-packages/airflow/example_dags/example_branch_operator_decorator.py
[2026-01-02T04:42:17.539+0000] {processor.py:830} INFO - Processing file /home/airflow/.local/lib/python3.8/site-packages/airflow/example_dags/example_branch_operator_decorator.py for tasks to queue
[2026-01-02T04:42:17.540+0000] {logging_mixin.py:188} INFO - [2026-01-02T04:42:17.540+0000] {dagbag.py:538} INFO - Filling up the DagBag from /home/airflow/.local/lib/python3.8/site-packages/airflow/example_dags/example_branch_operator_decorator.py
[2026-01-02T04:42:17.547+0000] {processor.py:840} INFO - DAG(s) 'example_branch_python_operator_decorator' retrieved from /home/airflow/.local/lib/python3.8/site-packages/airflow/example_dags/example_branch_operator_decorator.py
[2026-01-02T04:42:17.560+0000] {logging_mixin.py:188} INFO - [2026-01-02T04:42:17.560+0000] {dag.py:3033} INFO - Sync 1 DAGs
[2026-01-02T04:42:17.570+0000] {logging_mixin.py:188} INFO - [2026-01-02T04:42:17.570+0000] {dag.py:3820} INFO - Setting next_dagrun for example_branch_python_operator_decorator to 2026-01-01T00:00:00+00:00, run_after=2026-01-02T00:00:00+00:00
[2026-01-02T04:42:17.580+0000] {processor.py:183} INFO - Processing /home/airflow/.local/lib/python3.8/site-packages/airflow/example_dags/example_branch_operator_decorator.py took 0.042 seconds
[2026-01-02T04:42:47.773+0000] {processor.py:161} INFO - Started process (PID=521) to work on /home/airflow/.local/lib/python3.8/site-packages/airflow/example_dags/example_branch_operator_decorator.py
[2026-01-02T04:42:47.774+0000] {processor.py:830} INFO - Processing file /home/airflow/.local/lib/python3.8/site-packages/airflow/example_dags/example_branch_operator_decorator.py for tasks to queue
[2026-01-02T04:42:47.775+0000] {logging_mixin.py:188} INFO - [2026-01-02T04:42:47.775+0000] {dagbag.py:538} INFO - Filling up the DagBag from /home/airflow/.local/lib/python3.8/site-packages/airflow/example_dags/example_branch_operator_decorator.py
[2026-01-02T04:42:47.782+0000] {processor.py:840} INFO - DAG(s) 'example_branch_python_operator_decorator' retrieved from /home/airflow/.local/lib/python3.8/site-packages/airflow/example_dags/example_branch_operator_decorator.py
[2026-01-02T04:42:47.795+0000] {logging_mixin.py:188} INFO - [2026-01-02T04:42:47.795+0000] {dag.py:3033} INFO - Sync 1 DAGs
[2026-01-02T04:42:47.806+0000] {logging_mixin.py:188} INFO - [2026-01-02T04:42:47.806+0000] {dag.py:3820} INFO - Setting next_dagrun for example_branch_python_operator_decorator to 2026-01-01T00:00:00+00:00, run_after=2026-01-02T00:00:00+00:00
[2026-01-02T04:42:47.816+0000] {processor.py:183} INFO - Processing /home/airflow/.local/lib/python3.8/site-packages/airflow/example_dags/example_branch_operator_decorator.py took 0.044 seconds
[2026-01-02T04:43:17.985+0000] {processor.py:161} INFO - Started process (PID=576) to work on /home/airflow/.local/lib/python3.8/site-packages/airflow/example_dags/example_branch_operator_decorator.py
[2026-01-02T04:43:17.986+0000] {processor.py:830} INFO - Processing file /home/airflow/.local/lib/python3.8/site-packages/airflow/example_dags/example_branch_operator_decorator.py for tasks to queue
[2026-01-02T04:43:17.987+0000] {logging_mixin.py:188} INFO - [2026-01-02T04:43:17.987+0000] {dagbag.py:538} INFO - Filling up the DagBag from /home/airflow/.local/lib/python3.8/site-packages/airflow/example_dags/example_branch_operator_decorator.py
[2026-01-02T04:43:17.995+0000] {processor.py:840} INFO - DAG(s) 'example_branch_python_operator_decorator' retrieved from /home/airflow/.local/lib/python3.8/site-packages/airflow/example_dags/example_branch_operator_decorator.py
[2026-01-02T04:43:18.008+0000] {logging_mixin.py:188} INFO - [2026-01-02T04:43:18.008+0000] {dag.py:3033} INFO - Sync 1 DAGs
[2026-01-02T04:43:18.019+0000] {logging_mixin.py:188} INFO - [2026-01-02T04:43:18.019+0000] {dag.py:3820} INFO - Setting next_dagrun for example_branch_python_operator_decorator to 2026-01-01T00:00:00+00:00, run_after=2026-01-02T00:00:00+00:00
[2026-01-02T04:43:18.031+0000] {processor.py:183} INFO - Processing /home/airflow/.local/lib/python3.8/site-packages/airflow/example_dags/example_branch_operator_decorator.py took 0.047 seconds
[2026-01-02T04:43:48.212+0000] {processor.py:161} INFO - Started process (PID=631) to work on /home/airflow/.local/lib/python3.8/site-packages/airflow/example_dags/example_branch_operator_decorator.py
[2026-01-02T04:43:48.213+0000] {processor.py:830} INFO - Processing file /home/airflow/.local/lib/python3.8/site-packages/airflow/example_dags/example_branch_operator_decorator.py for tasks to queue
[2026-01-02T04:43:48.214+0000] {logging_mixin.py:188} INFO - [2026-01-02T04:43:48.213+0000] {dagbag.py:538} INFO - Filling up the DagBag from /home/airflow/.local/lib/python3.8/site-packages/airflow/example_dags/example_branch_operator_decorator.py
[2026-01-02T04:43:48.222+0000] {processor.py:840} INFO - DAG(s) 'example_branch_python_operator_decorator' retrieved from /home/airflow/.local/lib/python3.8/site-packages/airflow/example_dags/example_branch_operator_decorator.py
[2026-01-02T04:43:48.237+0000] {logging_mixin.py:188} INFO - [2026-01-02T04:43:48.237+0000] {dag.py:3033} INFO - Sync 1 DAGs
[2026-01-02T04:43:48.247+0000] {logging_mixin.py:188} INFO - [2026-01-02T04:43:48.247+0000] {dag.py:3820} INFO - Setting next_dagrun for example_branch_python_operator_decorator to 2026-01-01T00:00:00+00:00, run_after=2026-01-02T00:00:00+00:00
[2026-01-02T04:43:48.258+0000] {processor.py:183} INFO - Processing /home/airflow/.local/lib/python3.8/site-packages/airflow/example_dags/example_branch_operator_decorator.py took 0.047 seconds
[2026-01-02T04:44:18.485+0000] {processor.py:161} INFO - Started process (PID=693) to work on /home/airflow/.local/lib/python3.8/site-packages/airflow/example_dags/example_branch_operator_decorator.py
[2026-01-02T04:44:18.486+0000] {processor.py:830} INFO - Processing file /home/airflow/.local/lib/python3.8/site-packages/airflow/example_dags/example_branch_operator_decorator.py for tasks to queue
[2026-01-02T04:44:18.487+0000] {logging_mixin.py:188} INFO - [2026-01-02T04:44:18.487+0000] {dagbag.py:538} INFO - Filling up the DagBag from /home/airflow/.local/lib/python3.8/site-packages/airflow/example_dags/example_branch_operator_decorator.py
[2026-01-02T04:44:18.495+0000] {processor.py:840} INFO - DAG(s) 'example_branch_python_operator_decorator' retrieved from /home/airflow/.local/lib/python3.8/site-packages/airflow/example_dags/example_branch_operator_decorator.py
[2026-01-02T04:44:18.508+0000] {logging_mixin.py:188} INFO - [2026-01-02T04:44:18.508+0000] {dag.py:3033} INFO - Sync 1 DAGs
[2026-01-02T04:44:18.518+0000] {logging_mixin.py:188} INFO - [2026-01-02T04:44:18.518+0000] {dag.py:3820} INFO - Setting next_dagrun for example_branch_python_operator_decorator to 2026-01-01T00:00:00+00:00, run_after=2026-01-02T00:00:00+00:00
[2026-01-02T04:44:18.529+0000] {processor.py:183} INFO - Processing /home/airflow/.local/lib/python3.8/site-packages/airflow/example_dags/example_branch_operator_decorator.py took 0.046 seconds
[2026-01-02T04:44:48.746+0000] {processor.py:161} INFO - Started process (PID=755) to work on /home/airflow/.local/lib/python3.8/site-packages/airflow/example_dags/example_branch_operator_decorator.py
[2026-01-02T04:44:48.746+0000] {processor.py:830} INFO - Processing file /home/airflow/.local/lib/python3.8/site-packages/airflow/example_dags/example_branch_operator_decorator.py for tasks to queue
[2026-01-02T04:44:48.747+0000] {logging_mixin.py:188} INFO - [2026-01-02T04:44:48.747+0000] {dagbag.py:538} INFO - Filling up the DagBag from /home/airflow/.local/lib/python3.8/site-packages/airflow/example_dags/example_branch_operator_decorator.py
[2026-01-02T04:44:48.757+0000] {processor.py:840} INFO - DAG(s) 'example_branch_python_operator_decorator' retrieved from /home/airflow/.local/lib/python3.8/site-packages/airflow/example_dags/example_branch_operator_decorator.py
[2026-01-02T04:44:48.771+0000] {logging_mixin.py:188} INFO - [2026-01-02T04:44:48.770+0000] {dag.py:3033} INFO - Sync 1 DAGs
[2026-01-02T04:44:48.781+0000] {logging_mixin.py:188} INFO - [2026-01-02T04:44:48.781+0000] {dag.py:3820} INFO - Setting next_dagrun for example_branch_python_operator_decorator to 2026-01-01T00:00:00+00:00, run_after=2026-01-02T00:00:00+00:00
[2026-01-02T04:44:48.793+0000] {processor.py:183} INFO - Processing /home/airflow/.local/lib/python3.8/site-packages/airflow/example_dags/example_branch_operator_decorator.py took 0.048 seconds
[2026-01-02T04:45:19.087+0000] {processor.py:161} INFO - Started process (PID=810) to work on /home/airflow/.local/lib/python3.8/site-packages/airflow/example_dags/example_branch_operator_decorator.py
[2026-01-02T04:45:19.087+0000] {processor.py:830} INFO - Processing file /home/airflow/.local/lib/python3.8/site-packages/airflow/example_dags/example_branch_operator_decorator.py for tasks to queue
[2026-01-02T04:45:19.088+0000] {logging_mixin.py:188} INFO - [2026-01-02T04:45:19.088+0000] {dagbag.py:538} INFO - Filling up the DagBag from /home/airflow/.local/lib/python3.8/site-packages/airflow/example_dags/example_branch_operator_decorator.py
[2026-01-02T04:45:19.097+0000] {processor.py:840} INFO - DAG(s) 'example_branch_python_operator_decorator' retrieved from /home/airflow/.local/lib/python3.8/site-packages/airflow/example_dags/example_branch_operator_decorator.py
[2026-01-02T04:45:19.111+0000] {logging_mixin.py:188} INFO - [2026-01-02T04:45:19.111+0000] {dag.py:3033} INFO - Sync 1 DAGs
[2026-01-02T04:45:19.124+0000] {logging_mixin.py:188} INFO - [2026-01-02T04:45:19.124+0000] {dag.py:3820} INFO - Setting next_dagrun for example_branch_python_operator_decorator to 2026-01-01T00:00:00+00:00, run_after=2026-01-02T00:00:00+00:00
[2026-01-02T04:45:19.136+0000] {processor.py:183} INFO - Processing /home/airflow/.local/lib/python3.8/site-packages/airflow/example_dags/example_branch_operator_decorator.py took 0.051 seconds
[2026-01-02T04:45:49.430+0000] {processor.py:161} INFO - Started process (PID=865) to work on /home/airflow/.local/lib/python3.8/site-packages/airflow/example_dags/example_branch_operator_decorator.py
[2026-01-02T04:45:49.431+0000] {processor.py:830} INFO - Processing file /home/airflow/.local/lib/python3.8/site-packages/airflow/example_dags/example_branch_operator_decorator.py for tasks to queue
[2026-01-02T04:45:49.432+0000] {logging_mixin.py:188} INFO - [2026-01-02T04:45:49.432+0000] {dagbag.py:538} INFO - Filling up the DagBag from /home/airflow/.local/lib/python3.8/site-packages/airflow/example_dags/example_branch_operator_decorator.py
[2026-01-02T04:45:49.439+0000] {processor.py:840} INFO - DAG(s) 'example_branch_python_operator_decorator' retrieved from /home/airflow/.local/lib/python3.8/site-packages/airflow/example_dags/example_branch_operator_decorator.py
[2026-01-02T04:45:49.452+0000] {logging_mixin.py:188} INFO - [2026-01-02T04:45:49.452+0000] {dag.py:3033} INFO - Sync 1 DAGs
[2026-01-02T04:45:49.462+0000] {logging_mixin.py:188} INFO - [2026-01-02T04:45:49.462+0000] {dag.py:3820} INFO - Setting next_dagrun for example_branch_python_operator_decorator to 2026-01-01T00:00:00+00:00, run_after=2026-01-02T00:00:00+00:00
[2026-01-02T04:45:49.473+0000] {processor.py:183} INFO - Processing /home/airflow/.local/lib/python3.8/site-packages/airflow/example_dags/example_branch_operator_decorator.py took 0.044 seconds
[2026-01-02T04:46:19.704+0000] {processor.py:161} INFO - Started process (PID=920) to work on /home/airflow/.local/lib/python3.8/site-packages/airflow/example_dags/example_branch_operator_decorator.py
[2026-01-02T04:46:19.705+0000] {processor.py:830} INFO - Processing file /home/airflow/.local/lib/python3.8/site-packages/airflow/example_dags/example_branch_operator_decorator.py for tasks to queue
[2026-01-02T04:46:19.706+0000] {logging_mixin.py:188} INFO - [2026-01-02T04:46:19.706+0000] {dagbag.py:538} INFO - Filling up the DagBag from /home/airflow/.local/lib/python3.8/site-packages/airflow/example_dags/example_branch_operator_decorator.py
[2026-01-02T04:46:19.713+0000] {processor.py:840} INFO - DAG(s) 'example_branch_python_operator_decorator' retrieved from /home/airflow/.local/lib/python3.8/site-packages/airflow/example_dags/example_branch_operator_decorator.py
[2026-01-02T04:46:19.728+0000] {logging_mixin.py:188} INFO - [2026-01-02T04:46:19.728+0000] {dag.py:3033} INFO - Sync 1 DAGs
[2026-01-02T04:46:19.740+0000] {logging_mixin.py:188} INFO - [2026-01-02T04:46:19.740+0000] {dag.py:3820} INFO - Setting next_dagrun for example_branch_python_operator_decorator to 2026-01-01T00:00:00+00:00, run_after=2026-01-02T00:00:00+00:00
[2026-01-02T04:46:19.753+0000] {processor.py:183} INFO - Processing /home/airflow/.local/lib/python3.8/site-packages/airflow/example_dags/example_branch_operator_decorator.py took 0.050 seconds
[2026-01-02T04:46:50.027+0000] {processor.py:161} INFO - Started process (PID=975) to work on /home/airflow/.local/lib/python3.8/site-packages/airflow/example_dags/example_branch_operator_decorator.py
[2026-01-02T04:46:50.027+0000] {processor.py:830} INFO - Processing file /home/airflow/.local/lib/python3.8/site-packages/airflow/example_dags/example_branch_operator_decorator.py for tasks to queue
[2026-01-02T04:46:50.028+0000] {logging_mixin.py:188} INFO - [2026-01-02T04:46:50.028+0000] {dagbag.py:538} INFO - Filling up the DagBag from /home/airflow/.local/lib/python3.8/site-packages/airflow/example_dags/example_branch_operator_decorator.py
[2026-01-02T04:46:50.037+0000] {processor.py:840} INFO - DAG(s) 'example_branch_python_operator_decorator' retrieved from /home/airflow/.local/lib/python3.8/site-packages/airflow/example_dags/example_branch_operator_decorator.py
[2026-01-02T04:46:50.052+0000] {logging_mixin.py:188} INFO - [2026-01-02T04:46:50.052+0000] {dag.py:3033} INFO - Sync 1 DAGs
[2026-01-02T04:46:50.063+0000] {logging_mixin.py:188} INFO - [2026-01-02T04:46:50.063+0000] {dag.py:3820} INFO - Setting next_dagrun for example_branch_python_operator_decorator to 2026-01-01T00:00:00+00:00, run_after=2026-01-02T00:00:00+00:00
[2026-01-02T04:46:50.077+0000] {processor.py:183} INFO - Processing /home/airflow/.local/lib/python3.8/site-packages/airflow/example_dags/example_branch_operator_decorator.py took 0.051 seconds
[2026-01-02T04:47:20.275+0000] {processor.py:161} INFO - Started process (PID=1030) to work on /home/airflow/.local/lib/python3.8/site-packages/airflow/example_dags/example_branch_operator_decorator.py
[2026-01-02T04:47:20.276+0000] {processor.py:830} INFO - Processing file /home/airflow/.local/lib/python3.8/site-packages/airflow/example_dags/example_branch_operator_decorator.py for tasks to queue
[2026-01-02T04:47:20.277+0000] {logging_mixin.py:188} INFO - [2026-01-02T04:47:20.277+0000] {dagbag.py:538} INFO - Filling up the DagBag from /home/airflow/.local/lib/python3.8/site-packages/airflow/example_dags/example_branch_operator_decorator.py
[2026-01-02T04:47:20.285+0000] {processor.py:840} INFO - DAG(s) 'example_branch_python_operator_decorator' retrieved from /home/airflow/.local/lib/python3.8/site-packages/airflow/example_dags/example_branch_operator_decorator.py
[2026-01-02T04:47:20.299+0000] {logging_mixin.py:188} INFO - [2026-01-02T04:47:20.299+0000] {dag.py:3033} INFO - Sync 1 DAGs
[2026-01-02T04:47:20.309+0000] {logging_mixin.py:188} INFO - [2026-01-02T04:47:20.309+0000] {dag.py:3820} INFO - Setting next_dagrun for example_branch_python_operator_decorator to 2026-01-01T00:00:00+00:00, run_after=2026-01-02T00:00:00+00:00
[2026-01-02T04:47:20.321+0000] {processor.py:183} INFO - Processing /home/airflow/.local/lib/python3.8/site-packages/airflow/example_dags/example_branch_operator_decorator.py took 0.048 seconds
