[2026-01-02T04:28:05.109+0000] {processor.py:161} INFO - Started process (PID=80) to work on /home/airflow/.local/lib/python3.8/site-packages/airflow/example_dags/example_sensors.py
[2026-01-02T04:28:05.110+0000] {processor.py:830} INFO - Processing file /home/airflow/.local/lib/python3.8/site-packages/airflow/example_dags/example_sensors.py for tasks to queue
[2026-01-02T04:28:05.111+0000] {logging_mixin.py:188} INFO - [2026-01-02T04:28:05.111+0000] {dagbag.py:538} INFO - Filling up the DagBag from /home/airflow/.local/lib/python3.8/site-packages/airflow/example_dags/example_sensors.py
[2026-01-02T04:28:05.116+0000] {processor.py:840} INFO - DAG(s) 'example_sensors' retrieved from /home/airflow/.local/lib/python3.8/site-packages/airflow/example_dags/example_sensors.py
[2026-01-02T04:28:05.164+0000] {logging_mixin.py:188} INFO - [2026-01-02T04:28:05.164+0000] {override.py:1769} INFO - Created Permission View: can edit on DAG:example_sensors
[2026-01-02T04:28:05.172+0000] {logging_mixin.py:188} INFO - [2026-01-02T04:28:05.171+0000] {override.py:1769} INFO - Created Permission View: can delete on DAG:example_sensors
[2026-01-02T04:28:05.177+0000] {logging_mixin.py:188} INFO - [2026-01-02T04:28:05.177+0000] {override.py:1769} INFO - Created Permission View: can read on DAG:example_sensors
[2026-01-02T04:28:05.177+0000] {logging_mixin.py:188} INFO - [2026-01-02T04:28:05.177+0000] {dag.py:3033} INFO - Sync 1 DAGs
[2026-01-02T04:28:05.183+0000] {logging_mixin.py:188} INFO - [2026-01-02T04:28:05.182+0000] {dag.py:3055} INFO - Creating ORM DAG for example_sensors
[2026-01-02T04:28:05.183+0000] {logging_mixin.py:188} INFO - [2026-01-02T04:28:05.183+0000] {dag.py:3820} INFO - Setting next_dagrun for example_sensors to None, run_after=None
[2026-01-02T04:28:05.196+0000] {processor.py:183} INFO - Processing /home/airflow/.local/lib/python3.8/site-packages/airflow/example_dags/example_sensors.py took 0.089 seconds
[2026-01-02T04:28:35.518+0000] {processor.py:161} INFO - Started process (PID=135) to work on /home/airflow/.local/lib/python3.8/site-packages/airflow/example_dags/example_sensors.py
[2026-01-02T04:28:35.518+0000] {processor.py:830} INFO - Processing file /home/airflow/.local/lib/python3.8/site-packages/airflow/example_dags/example_sensors.py for tasks to queue
[2026-01-02T04:28:35.519+0000] {logging_mixin.py:188} INFO - [2026-01-02T04:28:35.519+0000] {dagbag.py:538} INFO - Filling up the DagBag from /home/airflow/.local/lib/python3.8/site-packages/airflow/example_dags/example_sensors.py
[2026-01-02T04:28:35.523+0000] {processor.py:840} INFO - DAG(s) 'example_sensors' retrieved from /home/airflow/.local/lib/python3.8/site-packages/airflow/example_dags/example_sensors.py
[2026-01-02T04:28:35.535+0000] {logging_mixin.py:188} INFO - [2026-01-02T04:28:35.535+0000] {dag.py:3033} INFO - Sync 1 DAGs
[2026-01-02T04:28:35.540+0000] {logging_mixin.py:188} INFO - [2026-01-02T04:28:35.540+0000] {dag.py:3820} INFO - Setting next_dagrun for example_sensors to None, run_after=None
[2026-01-02T04:28:35.551+0000] {processor.py:183} INFO - Processing /home/airflow/.local/lib/python3.8/site-packages/airflow/example_dags/example_sensors.py took 0.034 seconds
[2026-01-02T04:30:00.375+0000] {processor.py:161} INFO - Started process (PID=72) to work on /home/airflow/.local/lib/python3.8/site-packages/airflow/example_dags/example_sensors.py
[2026-01-02T04:30:00.375+0000] {processor.py:830} INFO - Processing file /home/airflow/.local/lib/python3.8/site-packages/airflow/example_dags/example_sensors.py for tasks to queue
[2026-01-02T04:30:00.376+0000] {logging_mixin.py:188} INFO - [2026-01-02T04:30:00.376+0000] {dagbag.py:538} INFO - Filling up the DagBag from /home/airflow/.local/lib/python3.8/site-packages/airflow/example_dags/example_sensors.py
[2026-01-02T04:30:00.382+0000] {processor.py:840} INFO - DAG(s) 'example_sensors' retrieved from /home/airflow/.local/lib/python3.8/site-packages/airflow/example_dags/example_sensors.py
[2026-01-02T04:30:00.388+0000] {logging_mixin.py:188} INFO - [2026-01-02T04:30:00.388+0000] {dag.py:3033} INFO - Sync 1 DAGs
[2026-01-02T04:30:00.395+0000] {logging_mixin.py:188} INFO - [2026-01-02T04:30:00.395+0000] {dag.py:3820} INFO - Setting next_dagrun for example_sensors to None, run_after=None
[2026-01-02T04:30:00.408+0000] {processor.py:183} INFO - Processing /home/airflow/.local/lib/python3.8/site-packages/airflow/example_dags/example_sensors.py took 0.035 seconds
[2026-01-02T04:30:31.517+0000] {processor.py:161} INFO - Started process (PID=127) to work on /home/airflow/.local/lib/python3.8/site-packages/airflow/example_dags/example_sensors.py
[2026-01-02T04:30:31.518+0000] {processor.py:830} INFO - Processing file /home/airflow/.local/lib/python3.8/site-packages/airflow/example_dags/example_sensors.py for tasks to queue
[2026-01-02T04:30:31.519+0000] {logging_mixin.py:188} INFO - [2026-01-02T04:30:31.519+0000] {dagbag.py:538} INFO - Filling up the DagBag from /home/airflow/.local/lib/python3.8/site-packages/airflow/example_dags/example_sensors.py
[2026-01-02T04:30:31.524+0000] {processor.py:840} INFO - DAG(s) 'example_sensors' retrieved from /home/airflow/.local/lib/python3.8/site-packages/airflow/example_dags/example_sensors.py
[2026-01-02T04:30:31.575+0000] {logging_mixin.py:188} INFO - [2026-01-02T04:30:31.575+0000] {dag.py:3033} INFO - Sync 1 DAGs
[2026-01-02T04:30:31.580+0000] {logging_mixin.py:188} INFO - [2026-01-02T04:30:31.580+0000] {dag.py:3820} INFO - Setting next_dagrun for example_sensors to None, run_after=None
[2026-01-02T04:30:31.592+0000] {processor.py:183} INFO - Processing /home/airflow/.local/lib/python3.8/site-packages/airflow/example_dags/example_sensors.py took 0.076 seconds
[2026-01-02T04:31:02.370+0000] {processor.py:161} INFO - Started process (PID=182) to work on /home/airflow/.local/lib/python3.8/site-packages/airflow/example_dags/example_sensors.py
[2026-01-02T04:31:02.370+0000] {processor.py:830} INFO - Processing file /home/airflow/.local/lib/python3.8/site-packages/airflow/example_dags/example_sensors.py for tasks to queue
[2026-01-02T04:31:02.371+0000] {logging_mixin.py:188} INFO - [2026-01-02T04:31:02.371+0000] {dagbag.py:538} INFO - Filling up the DagBag from /home/airflow/.local/lib/python3.8/site-packages/airflow/example_dags/example_sensors.py
[2026-01-02T04:31:02.375+0000] {processor.py:840} INFO - DAG(s) 'example_sensors' retrieved from /home/airflow/.local/lib/python3.8/site-packages/airflow/example_dags/example_sensors.py
[2026-01-02T04:31:02.387+0000] {logging_mixin.py:188} INFO - [2026-01-02T04:31:02.387+0000] {dag.py:3033} INFO - Sync 1 DAGs
[2026-01-02T04:31:02.393+0000] {logging_mixin.py:188} INFO - [2026-01-02T04:31:02.393+0000] {dag.py:3820} INFO - Setting next_dagrun for example_sensors to None, run_after=None
[2026-01-02T04:31:02.405+0000] {processor.py:183} INFO - Processing /home/airflow/.local/lib/python3.8/site-packages/airflow/example_dags/example_sensors.py took 0.037 seconds
[2026-01-02T04:31:32.810+0000] {processor.py:161} INFO - Started process (PID=237) to work on /home/airflow/.local/lib/python3.8/site-packages/airflow/example_dags/example_sensors.py
[2026-01-02T04:31:32.811+0000] {processor.py:830} INFO - Processing file /home/airflow/.local/lib/python3.8/site-packages/airflow/example_dags/example_sensors.py for tasks to queue
[2026-01-02T04:31:32.812+0000] {logging_mixin.py:188} INFO - [2026-01-02T04:31:32.811+0000] {dagbag.py:538} INFO - Filling up the DagBag from /home/airflow/.local/lib/python3.8/site-packages/airflow/example_dags/example_sensors.py
[2026-01-02T04:31:32.816+0000] {processor.py:840} INFO - DAG(s) 'example_sensors' retrieved from /home/airflow/.local/lib/python3.8/site-packages/airflow/example_dags/example_sensors.py
[2026-01-02T04:31:32.830+0000] {logging_mixin.py:188} INFO - [2026-01-02T04:31:32.830+0000] {dag.py:3033} INFO - Sync 1 DAGs
[2026-01-02T04:31:32.836+0000] {logging_mixin.py:188} INFO - [2026-01-02T04:31:32.836+0000] {dag.py:3820} INFO - Setting next_dagrun for example_sensors to None, run_after=None
[2026-01-02T04:31:32.846+0000] {processor.py:183} INFO - Processing /home/airflow/.local/lib/python3.8/site-packages/airflow/example_dags/example_sensors.py took 0.038 seconds
[2026-01-02T04:32:03.253+0000] {processor.py:161} INFO - Started process (PID=292) to work on /home/airflow/.local/lib/python3.8/site-packages/airflow/example_dags/example_sensors.py
[2026-01-02T04:32:03.253+0000] {processor.py:830} INFO - Processing file /home/airflow/.local/lib/python3.8/site-packages/airflow/example_dags/example_sensors.py for tasks to queue
[2026-01-02T04:32:03.254+0000] {logging_mixin.py:188} INFO - [2026-01-02T04:32:03.254+0000] {dagbag.py:538} INFO - Filling up the DagBag from /home/airflow/.local/lib/python3.8/site-packages/airflow/example_dags/example_sensors.py
[2026-01-02T04:32:03.258+0000] {processor.py:840} INFO - DAG(s) 'example_sensors' retrieved from /home/airflow/.local/lib/python3.8/site-packages/airflow/example_dags/example_sensors.py
[2026-01-02T04:32:03.269+0000] {logging_mixin.py:188} INFO - [2026-01-02T04:32:03.269+0000] {dag.py:3033} INFO - Sync 1 DAGs
[2026-01-02T04:32:03.275+0000] {logging_mixin.py:188} INFO - [2026-01-02T04:32:03.275+0000] {dag.py:3820} INFO - Setting next_dagrun for example_sensors to None, run_after=None
[2026-01-02T04:32:03.285+0000] {processor.py:183} INFO - Processing /home/airflow/.local/lib/python3.8/site-packages/airflow/example_dags/example_sensors.py took 0.034 seconds
[2026-01-02T04:32:33.546+0000] {processor.py:161} INFO - Started process (PID=347) to work on /home/airflow/.local/lib/python3.8/site-packages/airflow/example_dags/example_sensors.py
[2026-01-02T04:32:33.547+0000] {processor.py:830} INFO - Processing file /home/airflow/.local/lib/python3.8/site-packages/airflow/example_dags/example_sensors.py for tasks to queue
[2026-01-02T04:32:33.548+0000] {logging_mixin.py:188} INFO - [2026-01-02T04:32:33.548+0000] {dagbag.py:538} INFO - Filling up the DagBag from /home/airflow/.local/lib/python3.8/site-packages/airflow/example_dags/example_sensors.py
[2026-01-02T04:32:33.551+0000] {processor.py:840} INFO - DAG(s) 'example_sensors' retrieved from /home/airflow/.local/lib/python3.8/site-packages/airflow/example_dags/example_sensors.py
[2026-01-02T04:32:33.565+0000] {logging_mixin.py:188} INFO - [2026-01-02T04:32:33.565+0000] {dag.py:3033} INFO - Sync 1 DAGs
[2026-01-02T04:32:33.571+0000] {logging_mixin.py:188} INFO - [2026-01-02T04:32:33.571+0000] {dag.py:3820} INFO - Setting next_dagrun for example_sensors to None, run_after=None
[2026-01-02T04:32:33.581+0000] {processor.py:183} INFO - Processing /home/airflow/.local/lib/python3.8/site-packages/airflow/example_dags/example_sensors.py took 0.037 seconds
[2026-01-02T04:33:03.835+0000] {processor.py:161} INFO - Started process (PID=402) to work on /home/airflow/.local/lib/python3.8/site-packages/airflow/example_dags/example_sensors.py
[2026-01-02T04:33:03.835+0000] {processor.py:830} INFO - Processing file /home/airflow/.local/lib/python3.8/site-packages/airflow/example_dags/example_sensors.py for tasks to queue
[2026-01-02T04:33:03.837+0000] {logging_mixin.py:188} INFO - [2026-01-02T04:33:03.836+0000] {dagbag.py:538} INFO - Filling up the DagBag from /home/airflow/.local/lib/python3.8/site-packages/airflow/example_dags/example_sensors.py
[2026-01-02T04:33:03.841+0000] {processor.py:840} INFO - DAG(s) 'example_sensors' retrieved from /home/airflow/.local/lib/python3.8/site-packages/airflow/example_dags/example_sensors.py
[2026-01-02T04:33:03.858+0000] {logging_mixin.py:188} INFO - [2026-01-02T04:33:03.858+0000] {dag.py:3033} INFO - Sync 1 DAGs
[2026-01-02T04:33:03.864+0000] {logging_mixin.py:188} INFO - [2026-01-02T04:33:03.864+0000] {dag.py:3820} INFO - Setting next_dagrun for example_sensors to None, run_after=None
[2026-01-02T04:33:03.877+0000] {processor.py:183} INFO - Processing /home/airflow/.local/lib/python3.8/site-packages/airflow/example_dags/example_sensors.py took 0.043 seconds
[2026-01-02T04:33:34.113+0000] {processor.py:161} INFO - Started process (PID=457) to work on /home/airflow/.local/lib/python3.8/site-packages/airflow/example_dags/example_sensors.py
[2026-01-02T04:33:34.114+0000] {processor.py:830} INFO - Processing file /home/airflow/.local/lib/python3.8/site-packages/airflow/example_dags/example_sensors.py for tasks to queue
[2026-01-02T04:33:34.115+0000] {logging_mixin.py:188} INFO - [2026-01-02T04:33:34.115+0000] {dagbag.py:538} INFO - Filling up the DagBag from /home/airflow/.local/lib/python3.8/site-packages/airflow/example_dags/example_sensors.py
[2026-01-02T04:33:34.118+0000] {processor.py:840} INFO - DAG(s) 'example_sensors' retrieved from /home/airflow/.local/lib/python3.8/site-packages/airflow/example_dags/example_sensors.py
[2026-01-02T04:33:34.132+0000] {logging_mixin.py:188} INFO - [2026-01-02T04:33:34.132+0000] {dag.py:3033} INFO - Sync 1 DAGs
[2026-01-02T04:33:34.137+0000] {logging_mixin.py:188} INFO - [2026-01-02T04:33:34.137+0000] {dag.py:3820} INFO - Setting next_dagrun for example_sensors to None, run_after=None
[2026-01-02T04:33:34.148+0000] {processor.py:183} INFO - Processing /home/airflow/.local/lib/python3.8/site-packages/airflow/example_dags/example_sensors.py took 0.036 seconds
[2026-01-02T04:34:04.407+0000] {processor.py:161} INFO - Started process (PID=512) to work on /home/airflow/.local/lib/python3.8/site-packages/airflow/example_dags/example_sensors.py
[2026-01-02T04:34:04.407+0000] {processor.py:830} INFO - Processing file /home/airflow/.local/lib/python3.8/site-packages/airflow/example_dags/example_sensors.py for tasks to queue
[2026-01-02T04:34:04.409+0000] {logging_mixin.py:188} INFO - [2026-01-02T04:34:04.409+0000] {dagbag.py:538} INFO - Filling up the DagBag from /home/airflow/.local/lib/python3.8/site-packages/airflow/example_dags/example_sensors.py
[2026-01-02T04:34:04.412+0000] {processor.py:840} INFO - DAG(s) 'example_sensors' retrieved from /home/airflow/.local/lib/python3.8/site-packages/airflow/example_dags/example_sensors.py
[2026-01-02T04:34:04.423+0000] {logging_mixin.py:188} INFO - [2026-01-02T04:34:04.423+0000] {dag.py:3033} INFO - Sync 1 DAGs
[2026-01-02T04:34:04.428+0000] {logging_mixin.py:188} INFO - [2026-01-02T04:34:04.428+0000] {dag.py:3820} INFO - Setting next_dagrun for example_sensors to None, run_after=None
[2026-01-02T04:34:04.440+0000] {processor.py:183} INFO - Processing /home/airflow/.local/lib/python3.8/site-packages/airflow/example_dags/example_sensors.py took 0.034 seconds
[2026-01-02T04:34:34.772+0000] {processor.py:161} INFO - Started process (PID=567) to work on /home/airflow/.local/lib/python3.8/site-packages/airflow/example_dags/example_sensors.py
[2026-01-02T04:34:34.772+0000] {processor.py:830} INFO - Processing file /home/airflow/.local/lib/python3.8/site-packages/airflow/example_dags/example_sensors.py for tasks to queue
[2026-01-02T04:34:34.773+0000] {logging_mixin.py:188} INFO - [2026-01-02T04:34:34.773+0000] {dagbag.py:538} INFO - Filling up the DagBag from /home/airflow/.local/lib/python3.8/site-packages/airflow/example_dags/example_sensors.py
[2026-01-02T04:34:34.778+0000] {processor.py:840} INFO - DAG(s) 'example_sensors' retrieved from /home/airflow/.local/lib/python3.8/site-packages/airflow/example_dags/example_sensors.py
[2026-01-02T04:34:34.789+0000] {logging_mixin.py:188} INFO - [2026-01-02T04:34:34.789+0000] {dag.py:3033} INFO - Sync 1 DAGs
[2026-01-02T04:34:34.795+0000] {logging_mixin.py:188} INFO - [2026-01-02T04:34:34.795+0000] {dag.py:3820} INFO - Setting next_dagrun for example_sensors to None, run_after=None
[2026-01-02T04:34:34.815+0000] {processor.py:183} INFO - Processing /home/airflow/.local/lib/python3.8/site-packages/airflow/example_dags/example_sensors.py took 0.045 seconds
[2026-01-02T04:35:05.073+0000] {processor.py:161} INFO - Started process (PID=622) to work on /home/airflow/.local/lib/python3.8/site-packages/airflow/example_dags/example_sensors.py
[2026-01-02T04:35:05.073+0000] {processor.py:830} INFO - Processing file /home/airflow/.local/lib/python3.8/site-packages/airflow/example_dags/example_sensors.py for tasks to queue
[2026-01-02T04:35:05.074+0000] {logging_mixin.py:188} INFO - [2026-01-02T04:35:05.074+0000] {dagbag.py:538} INFO - Filling up the DagBag from /home/airflow/.local/lib/python3.8/site-packages/airflow/example_dags/example_sensors.py
[2026-01-02T04:35:05.078+0000] {processor.py:840} INFO - DAG(s) 'example_sensors' retrieved from /home/airflow/.local/lib/python3.8/site-packages/airflow/example_dags/example_sensors.py
[2026-01-02T04:35:05.090+0000] {logging_mixin.py:188} INFO - [2026-01-02T04:35:05.090+0000] {dag.py:3033} INFO - Sync 1 DAGs
[2026-01-02T04:35:05.096+0000] {logging_mixin.py:188} INFO - [2026-01-02T04:35:05.096+0000] {dag.py:3820} INFO - Setting next_dagrun for example_sensors to None, run_after=None
[2026-01-02T04:35:05.107+0000] {processor.py:183} INFO - Processing /home/airflow/.local/lib/python3.8/site-packages/airflow/example_dags/example_sensors.py took 0.035 seconds
[2026-01-02T04:35:35.398+0000] {processor.py:161} INFO - Started process (PID=677) to work on /home/airflow/.local/lib/python3.8/site-packages/airflow/example_dags/example_sensors.py
[2026-01-02T04:35:35.398+0000] {processor.py:830} INFO - Processing file /home/airflow/.local/lib/python3.8/site-packages/airflow/example_dags/example_sensors.py for tasks to queue
[2026-01-02T04:35:35.399+0000] {logging_mixin.py:188} INFO - [2026-01-02T04:35:35.399+0000] {dagbag.py:538} INFO - Filling up the DagBag from /home/airflow/.local/lib/python3.8/site-packages/airflow/example_dags/example_sensors.py
[2026-01-02T04:35:35.403+0000] {processor.py:840} INFO - DAG(s) 'example_sensors' retrieved from /home/airflow/.local/lib/python3.8/site-packages/airflow/example_dags/example_sensors.py
[2026-01-02T04:35:35.413+0000] {logging_mixin.py:188} INFO - [2026-01-02T04:35:35.413+0000] {dag.py:3033} INFO - Sync 1 DAGs
[2026-01-02T04:35:35.418+0000] {logging_mixin.py:188} INFO - [2026-01-02T04:35:35.418+0000] {dag.py:3820} INFO - Setting next_dagrun for example_sensors to None, run_after=None
[2026-01-02T04:35:35.429+0000] {processor.py:183} INFO - Processing /home/airflow/.local/lib/python3.8/site-packages/airflow/example_dags/example_sensors.py took 0.032 seconds
[2026-01-02T04:36:05.707+0000] {processor.py:161} INFO - Started process (PID=732) to work on /home/airflow/.local/lib/python3.8/site-packages/airflow/example_dags/example_sensors.py
[2026-01-02T04:36:05.707+0000] {processor.py:830} INFO - Processing file /home/airflow/.local/lib/python3.8/site-packages/airflow/example_dags/example_sensors.py for tasks to queue
[2026-01-02T04:36:05.708+0000] {logging_mixin.py:188} INFO - [2026-01-02T04:36:05.708+0000] {dagbag.py:538} INFO - Filling up the DagBag from /home/airflow/.local/lib/python3.8/site-packages/airflow/example_dags/example_sensors.py
[2026-01-02T04:36:05.712+0000] {processor.py:840} INFO - DAG(s) 'example_sensors' retrieved from /home/airflow/.local/lib/python3.8/site-packages/airflow/example_dags/example_sensors.py
[2026-01-02T04:36:05.726+0000] {logging_mixin.py:188} INFO - [2026-01-02T04:36:05.725+0000] {dag.py:3033} INFO - Sync 1 DAGs
[2026-01-02T04:36:05.733+0000] {logging_mixin.py:188} INFO - [2026-01-02T04:36:05.732+0000] {dag.py:3820} INFO - Setting next_dagrun for example_sensors to None, run_after=None
[2026-01-02T04:36:05.745+0000] {processor.py:183} INFO - Processing /home/airflow/.local/lib/python3.8/site-packages/airflow/example_dags/example_sensors.py took 0.039 seconds
[2026-01-02T04:38:45.368+0000] {processor.py:161} INFO - Started process (PID=74) to work on /home/airflow/.local/lib/python3.8/site-packages/airflow/example_dags/example_sensors.py
[2026-01-02T04:38:45.369+0000] {processor.py:830} INFO - Processing file /home/airflow/.local/lib/python3.8/site-packages/airflow/example_dags/example_sensors.py for tasks to queue
[2026-01-02T04:38:45.370+0000] {logging_mixin.py:188} INFO - [2026-01-02T04:38:45.370+0000] {dagbag.py:538} INFO - Filling up the DagBag from /home/airflow/.local/lib/python3.8/site-packages/airflow/example_dags/example_sensors.py
[2026-01-02T04:38:45.376+0000] {processor.py:840} INFO - DAG(s) 'example_sensors' retrieved from /home/airflow/.local/lib/python3.8/site-packages/airflow/example_dags/example_sensors.py
[2026-01-02T04:38:45.383+0000] {logging_mixin.py:188} INFO - [2026-01-02T04:38:45.383+0000] {dag.py:3033} INFO - Sync 1 DAGs
[2026-01-02T04:38:45.390+0000] {logging_mixin.py:188} INFO - [2026-01-02T04:38:45.390+0000] {dag.py:3820} INFO - Setting next_dagrun for example_sensors to None, run_after=None
[2026-01-02T04:38:45.404+0000] {processor.py:183} INFO - Processing /home/airflow/.local/lib/python3.8/site-packages/airflow/example_dags/example_sensors.py took 0.037 seconds
[2026-01-02T04:39:16.033+0000] {processor.py:161} INFO - Started process (PID=135) to work on /home/airflow/.local/lib/python3.8/site-packages/airflow/example_dags/example_sensors.py
[2026-01-02T04:39:16.033+0000] {processor.py:830} INFO - Processing file /home/airflow/.local/lib/python3.8/site-packages/airflow/example_dags/example_sensors.py for tasks to queue
[2026-01-02T04:39:16.034+0000] {logging_mixin.py:188} INFO - [2026-01-02T04:39:16.034+0000] {dagbag.py:538} INFO - Filling up the DagBag from /home/airflow/.local/lib/python3.8/site-packages/airflow/example_dags/example_sensors.py
[2026-01-02T04:39:16.038+0000] {processor.py:840} INFO - DAG(s) 'example_sensors' retrieved from /home/airflow/.local/lib/python3.8/site-packages/airflow/example_dags/example_sensors.py
[2026-01-02T04:39:16.084+0000] {logging_mixin.py:188} INFO - [2026-01-02T04:39:16.084+0000] {dag.py:3033} INFO - Sync 1 DAGs
[2026-01-02T04:39:16.088+0000] {logging_mixin.py:188} INFO - [2026-01-02T04:39:16.088+0000] {dag.py:3820} INFO - Setting next_dagrun for example_sensors to None, run_after=None
[2026-01-02T04:39:16.098+0000] {processor.py:183} INFO - Processing /home/airflow/.local/lib/python3.8/site-packages/airflow/example_dags/example_sensors.py took 0.066 seconds
[2026-01-02T04:39:46.600+0000] {processor.py:161} INFO - Started process (PID=190) to work on /home/airflow/.local/lib/python3.8/site-packages/airflow/example_dags/example_sensors.py
[2026-01-02T04:39:46.600+0000] {processor.py:830} INFO - Processing file /home/airflow/.local/lib/python3.8/site-packages/airflow/example_dags/example_sensors.py for tasks to queue
[2026-01-02T04:39:46.601+0000] {logging_mixin.py:188} INFO - [2026-01-02T04:39:46.601+0000] {dagbag.py:538} INFO - Filling up the DagBag from /home/airflow/.local/lib/python3.8/site-packages/airflow/example_dags/example_sensors.py
[2026-01-02T04:39:46.604+0000] {processor.py:840} INFO - DAG(s) 'example_sensors' retrieved from /home/airflow/.local/lib/python3.8/site-packages/airflow/example_dags/example_sensors.py
[2026-01-02T04:39:46.615+0000] {logging_mixin.py:188} INFO - [2026-01-02T04:39:46.615+0000] {dag.py:3033} INFO - Sync 1 DAGs
[2026-01-02T04:39:46.620+0000] {logging_mixin.py:188} INFO - [2026-01-02T04:39:46.620+0000] {dag.py:3820} INFO - Setting next_dagrun for example_sensors to None, run_after=None
[2026-01-02T04:39:46.629+0000] {processor.py:183} INFO - Processing /home/airflow/.local/lib/python3.8/site-packages/airflow/example_dags/example_sensors.py took 0.031 seconds
[2026-01-02T04:40:16.762+0000] {processor.py:161} INFO - Started process (PID=245) to work on /home/airflow/.local/lib/python3.8/site-packages/airflow/example_dags/example_sensors.py
[2026-01-02T04:40:16.763+0000] {processor.py:830} INFO - Processing file /home/airflow/.local/lib/python3.8/site-packages/airflow/example_dags/example_sensors.py for tasks to queue
[2026-01-02T04:40:16.764+0000] {logging_mixin.py:188} INFO - [2026-01-02T04:40:16.764+0000] {dagbag.py:538} INFO - Filling up the DagBag from /home/airflow/.local/lib/python3.8/site-packages/airflow/example_dags/example_sensors.py
[2026-01-02T04:40:16.768+0000] {processor.py:840} INFO - DAG(s) 'example_sensors' retrieved from /home/airflow/.local/lib/python3.8/site-packages/airflow/example_dags/example_sensors.py
[2026-01-02T04:40:16.778+0000] {logging_mixin.py:188} INFO - [2026-01-02T04:40:16.778+0000] {dag.py:3033} INFO - Sync 1 DAGs
[2026-01-02T04:40:16.784+0000] {logging_mixin.py:188} INFO - [2026-01-02T04:40:16.784+0000] {dag.py:3820} INFO - Setting next_dagrun for example_sensors to None, run_after=None
[2026-01-02T04:40:16.793+0000] {processor.py:183} INFO - Processing /home/airflow/.local/lib/python3.8/site-packages/airflow/example_dags/example_sensors.py took 0.032 seconds
[2026-01-02T04:40:46.972+0000] {processor.py:161} INFO - Started process (PID=300) to work on /home/airflow/.local/lib/python3.8/site-packages/airflow/example_dags/example_sensors.py
[2026-01-02T04:40:46.973+0000] {processor.py:830} INFO - Processing file /home/airflow/.local/lib/python3.8/site-packages/airflow/example_dags/example_sensors.py for tasks to queue
[2026-01-02T04:40:46.974+0000] {logging_mixin.py:188} INFO - [2026-01-02T04:40:46.974+0000] {dagbag.py:538} INFO - Filling up the DagBag from /home/airflow/.local/lib/python3.8/site-packages/airflow/example_dags/example_sensors.py
[2026-01-02T04:40:46.979+0000] {processor.py:840} INFO - DAG(s) 'example_sensors' retrieved from /home/airflow/.local/lib/python3.8/site-packages/airflow/example_dags/example_sensors.py
[2026-01-02T04:40:46.989+0000] {logging_mixin.py:188} INFO - [2026-01-02T04:40:46.989+0000] {dag.py:3033} INFO - Sync 1 DAGs
[2026-01-02T04:40:46.995+0000] {logging_mixin.py:188} INFO - [2026-01-02T04:40:46.995+0000] {dag.py:3820} INFO - Setting next_dagrun for example_sensors to None, run_after=None
[2026-01-02T04:40:47.004+0000] {processor.py:183} INFO - Processing /home/airflow/.local/lib/python3.8/site-packages/airflow/example_dags/example_sensors.py took 0.033 seconds
[2026-01-02T04:41:17.107+0000] {processor.py:161} INFO - Started process (PID=355) to work on /home/airflow/.local/lib/python3.8/site-packages/airflow/example_dags/example_sensors.py
[2026-01-02T04:41:17.107+0000] {processor.py:830} INFO - Processing file /home/airflow/.local/lib/python3.8/site-packages/airflow/example_dags/example_sensors.py for tasks to queue
[2026-01-02T04:41:17.110+0000] {logging_mixin.py:188} INFO - [2026-01-02T04:41:17.110+0000] {dagbag.py:538} INFO - Filling up the DagBag from /home/airflow/.local/lib/python3.8/site-packages/airflow/example_dags/example_sensors.py
[2026-01-02T04:41:17.114+0000] {processor.py:840} INFO - DAG(s) 'example_sensors' retrieved from /home/airflow/.local/lib/python3.8/site-packages/airflow/example_dags/example_sensors.py
[2026-01-02T04:41:17.125+0000] {logging_mixin.py:188} INFO - [2026-01-02T04:41:17.125+0000] {dag.py:3033} INFO - Sync 1 DAGs
[2026-01-02T04:41:17.132+0000] {logging_mixin.py:188} INFO - [2026-01-02T04:41:17.132+0000] {dag.py:3820} INFO - Setting next_dagrun for example_sensors to None, run_after=None
[2026-01-02T04:41:17.141+0000] {processor.py:183} INFO - Processing /home/airflow/.local/lib/python3.8/site-packages/airflow/example_dags/example_sensors.py took 0.036 seconds
[2026-01-02T04:41:47.336+0000] {processor.py:161} INFO - Started process (PID=410) to work on /home/airflow/.local/lib/python3.8/site-packages/airflow/example_dags/example_sensors.py
[2026-01-02T04:41:47.336+0000] {processor.py:830} INFO - Processing file /home/airflow/.local/lib/python3.8/site-packages/airflow/example_dags/example_sensors.py for tasks to queue
[2026-01-02T04:41:47.337+0000] {logging_mixin.py:188} INFO - [2026-01-02T04:41:47.337+0000] {dagbag.py:538} INFO - Filling up the DagBag from /home/airflow/.local/lib/python3.8/site-packages/airflow/example_dags/example_sensors.py
[2026-01-02T04:41:47.340+0000] {processor.py:840} INFO - DAG(s) 'example_sensors' retrieved from /home/airflow/.local/lib/python3.8/site-packages/airflow/example_dags/example_sensors.py
[2026-01-02T04:41:47.351+0000] {logging_mixin.py:188} INFO - [2026-01-02T04:41:47.351+0000] {dag.py:3033} INFO - Sync 1 DAGs
[2026-01-02T04:41:47.357+0000] {logging_mixin.py:188} INFO - [2026-01-02T04:41:47.357+0000] {dag.py:3820} INFO - Setting next_dagrun for example_sensors to None, run_after=None
[2026-01-02T04:41:47.366+0000] {processor.py:183} INFO - Processing /home/airflow/.local/lib/python3.8/site-packages/airflow/example_dags/example_sensors.py took 0.031 seconds
[2026-01-02T04:42:17.514+0000] {processor.py:161} INFO - Started process (PID=465) to work on /home/airflow/.local/lib/python3.8/site-packages/airflow/example_dags/example_sensors.py
[2026-01-02T04:42:17.515+0000] {processor.py:830} INFO - Processing file /home/airflow/.local/lib/python3.8/site-packages/airflow/example_dags/example_sensors.py for tasks to queue
[2026-01-02T04:42:17.516+0000] {logging_mixin.py:188} INFO - [2026-01-02T04:42:17.515+0000] {dagbag.py:538} INFO - Filling up the DagBag from /home/airflow/.local/lib/python3.8/site-packages/airflow/example_dags/example_sensors.py
[2026-01-02T04:42:17.519+0000] {processor.py:840} INFO - DAG(s) 'example_sensors' retrieved from /home/airflow/.local/lib/python3.8/site-packages/airflow/example_dags/example_sensors.py
[2026-01-02T04:42:17.531+0000] {logging_mixin.py:188} INFO - [2026-01-02T04:42:17.531+0000] {dag.py:3033} INFO - Sync 1 DAGs
[2026-01-02T04:42:17.536+0000] {logging_mixin.py:188} INFO - [2026-01-02T04:42:17.536+0000] {dag.py:3820} INFO - Setting next_dagrun for example_sensors to None, run_after=None
[2026-01-02T04:42:17.545+0000] {processor.py:183} INFO - Processing /home/airflow/.local/lib/python3.8/site-packages/airflow/example_dags/example_sensors.py took 0.032 seconds
[2026-01-02T04:42:47.756+0000] {processor.py:161} INFO - Started process (PID=520) to work on /home/airflow/.local/lib/python3.8/site-packages/airflow/example_dags/example_sensors.py
[2026-01-02T04:42:47.757+0000] {processor.py:830} INFO - Processing file /home/airflow/.local/lib/python3.8/site-packages/airflow/example_dags/example_sensors.py for tasks to queue
[2026-01-02T04:42:47.758+0000] {logging_mixin.py:188} INFO - [2026-01-02T04:42:47.758+0000] {dagbag.py:538} INFO - Filling up the DagBag from /home/airflow/.local/lib/python3.8/site-packages/airflow/example_dags/example_sensors.py
[2026-01-02T04:42:47.761+0000] {processor.py:840} INFO - DAG(s) 'example_sensors' retrieved from /home/airflow/.local/lib/python3.8/site-packages/airflow/example_dags/example_sensors.py
[2026-01-02T04:42:47.775+0000] {logging_mixin.py:188} INFO - [2026-01-02T04:42:47.775+0000] {dag.py:3033} INFO - Sync 1 DAGs
[2026-01-02T04:42:47.780+0000] {logging_mixin.py:188} INFO - [2026-01-02T04:42:47.780+0000] {dag.py:3820} INFO - Setting next_dagrun for example_sensors to None, run_after=None
[2026-01-02T04:42:47.790+0000] {processor.py:183} INFO - Processing /home/airflow/.local/lib/python3.8/site-packages/airflow/example_dags/example_sensors.py took 0.035 seconds
[2026-01-02T04:43:17.968+0000] {processor.py:161} INFO - Started process (PID=575) to work on /home/airflow/.local/lib/python3.8/site-packages/airflow/example_dags/example_sensors.py
[2026-01-02T04:43:17.968+0000] {processor.py:830} INFO - Processing file /home/airflow/.local/lib/python3.8/site-packages/airflow/example_dags/example_sensors.py for tasks to queue
[2026-01-02T04:43:17.970+0000] {logging_mixin.py:188} INFO - [2026-01-02T04:43:17.969+0000] {dagbag.py:538} INFO - Filling up the DagBag from /home/airflow/.local/lib/python3.8/site-packages/airflow/example_dags/example_sensors.py
[2026-01-02T04:43:17.974+0000] {processor.py:840} INFO - DAG(s) 'example_sensors' retrieved from /home/airflow/.local/lib/python3.8/site-packages/airflow/example_dags/example_sensors.py
[2026-01-02T04:43:17.987+0000] {logging_mixin.py:188} INFO - [2026-01-02T04:43:17.987+0000] {dag.py:3033} INFO - Sync 1 DAGs
[2026-01-02T04:43:17.992+0000] {logging_mixin.py:188} INFO - [2026-01-02T04:43:17.992+0000] {dag.py:3820} INFO - Setting next_dagrun for example_sensors to None, run_after=None
[2026-01-02T04:43:18.002+0000] {processor.py:183} INFO - Processing /home/airflow/.local/lib/python3.8/site-packages/airflow/example_dags/example_sensors.py took 0.035 seconds
[2026-01-02T04:43:48.206+0000] {processor.py:161} INFO - Started process (PID=630) to work on /home/airflow/.local/lib/python3.8/site-packages/airflow/example_dags/example_sensors.py
[2026-01-02T04:43:48.207+0000] {processor.py:830} INFO - Processing file /home/airflow/.local/lib/python3.8/site-packages/airflow/example_dags/example_sensors.py for tasks to queue
[2026-01-02T04:43:48.207+0000] {logging_mixin.py:188} INFO - [2026-01-02T04:43:48.207+0000] {dagbag.py:538} INFO - Filling up the DagBag from /home/airflow/.local/lib/python3.8/site-packages/airflow/example_dags/example_sensors.py
[2026-01-02T04:43:48.211+0000] {processor.py:840} INFO - DAG(s) 'example_sensors' retrieved from /home/airflow/.local/lib/python3.8/site-packages/airflow/example_dags/example_sensors.py
[2026-01-02T04:43:48.224+0000] {logging_mixin.py:188} INFO - [2026-01-02T04:43:48.224+0000] {dag.py:3033} INFO - Sync 1 DAGs
[2026-01-02T04:43:48.229+0000] {logging_mixin.py:188} INFO - [2026-01-02T04:43:48.229+0000] {dag.py:3820} INFO - Setting next_dagrun for example_sensors to None, run_after=None
[2026-01-02T04:43:48.240+0000] {processor.py:183} INFO - Processing /home/airflow/.local/lib/python3.8/site-packages/airflow/example_dags/example_sensors.py took 0.035 seconds
[2026-01-02T04:44:18.473+0000] {processor.py:161} INFO - Started process (PID=692) to work on /home/airflow/.local/lib/python3.8/site-packages/airflow/example_dags/example_sensors.py
[2026-01-02T04:44:18.473+0000] {processor.py:830} INFO - Processing file /home/airflow/.local/lib/python3.8/site-packages/airflow/example_dags/example_sensors.py for tasks to queue
[2026-01-02T04:44:18.474+0000] {logging_mixin.py:188} INFO - [2026-01-02T04:44:18.474+0000] {dagbag.py:538} INFO - Filling up the DagBag from /home/airflow/.local/lib/python3.8/site-packages/airflow/example_dags/example_sensors.py
[2026-01-02T04:44:18.478+0000] {processor.py:840} INFO - DAG(s) 'example_sensors' retrieved from /home/airflow/.local/lib/python3.8/site-packages/airflow/example_dags/example_sensors.py
[2026-01-02T04:44:18.489+0000] {logging_mixin.py:188} INFO - [2026-01-02T04:44:18.489+0000] {dag.py:3033} INFO - Sync 1 DAGs
[2026-01-02T04:44:18.494+0000] {logging_mixin.py:188} INFO - [2026-01-02T04:44:18.494+0000] {dag.py:3820} INFO - Setting next_dagrun for example_sensors to None, run_after=None
[2026-01-02T04:44:18.507+0000] {processor.py:183} INFO - Processing /home/airflow/.local/lib/python3.8/site-packages/airflow/example_dags/example_sensors.py took 0.035 seconds
[2026-01-02T04:44:48.718+0000] {processor.py:161} INFO - Started process (PID=754) to work on /home/airflow/.local/lib/python3.8/site-packages/airflow/example_dags/example_sensors.py
[2026-01-02T04:44:48.718+0000] {processor.py:830} INFO - Processing file /home/airflow/.local/lib/python3.8/site-packages/airflow/example_dags/example_sensors.py for tasks to queue
[2026-01-02T04:44:48.720+0000] {logging_mixin.py:188} INFO - [2026-01-02T04:44:48.719+0000] {dagbag.py:538} INFO - Filling up the DagBag from /home/airflow/.local/lib/python3.8/site-packages/airflow/example_dags/example_sensors.py
[2026-01-02T04:44:48.725+0000] {processor.py:840} INFO - DAG(s) 'example_sensors' retrieved from /home/airflow/.local/lib/python3.8/site-packages/airflow/example_dags/example_sensors.py
[2026-01-02T04:44:48.739+0000] {logging_mixin.py:188} INFO - [2026-01-02T04:44:48.739+0000] {dag.py:3033} INFO - Sync 1 DAGs
[2026-01-02T04:44:48.745+0000] {logging_mixin.py:188} INFO - [2026-01-02T04:44:48.745+0000] {dag.py:3820} INFO - Setting next_dagrun for example_sensors to None, run_after=None
[2026-01-02T04:44:48.755+0000] {processor.py:183} INFO - Processing /home/airflow/.local/lib/python3.8/site-packages/airflow/example_dags/example_sensors.py took 0.038 seconds
[2026-01-02T04:45:19.057+0000] {processor.py:161} INFO - Started process (PID=809) to work on /home/airflow/.local/lib/python3.8/site-packages/airflow/example_dags/example_sensors.py
[2026-01-02T04:45:19.057+0000] {processor.py:830} INFO - Processing file /home/airflow/.local/lib/python3.8/site-packages/airflow/example_dags/example_sensors.py for tasks to queue
[2026-01-02T04:45:19.058+0000] {logging_mixin.py:188} INFO - [2026-01-02T04:45:19.058+0000] {dagbag.py:538} INFO - Filling up the DagBag from /home/airflow/.local/lib/python3.8/site-packages/airflow/example_dags/example_sensors.py
[2026-01-02T04:45:19.066+0000] {processor.py:840} INFO - DAG(s) 'example_sensors' retrieved from /home/airflow/.local/lib/python3.8/site-packages/airflow/example_dags/example_sensors.py
[2026-01-02T04:45:19.078+0000] {logging_mixin.py:188} INFO - [2026-01-02T04:45:19.078+0000] {dag.py:3033} INFO - Sync 1 DAGs
[2026-01-02T04:45:19.084+0000] {logging_mixin.py:188} INFO - [2026-01-02T04:45:19.084+0000] {dag.py:3820} INFO - Setting next_dagrun for example_sensors to None, run_after=None
[2026-01-02T04:45:19.097+0000] {processor.py:183} INFO - Processing /home/airflow/.local/lib/python3.8/site-packages/airflow/example_dags/example_sensors.py took 0.042 seconds
[2026-01-02T04:45:49.416+0000] {processor.py:161} INFO - Started process (PID=864) to work on /home/airflow/.local/lib/python3.8/site-packages/airflow/example_dags/example_sensors.py
[2026-01-02T04:45:49.417+0000] {processor.py:830} INFO - Processing file /home/airflow/.local/lib/python3.8/site-packages/airflow/example_dags/example_sensors.py for tasks to queue
[2026-01-02T04:45:49.418+0000] {logging_mixin.py:188} INFO - [2026-01-02T04:45:49.418+0000] {dagbag.py:538} INFO - Filling up the DagBag from /home/airflow/.local/lib/python3.8/site-packages/airflow/example_dags/example_sensors.py
[2026-01-02T04:45:49.422+0000] {processor.py:840} INFO - DAG(s) 'example_sensors' retrieved from /home/airflow/.local/lib/python3.8/site-packages/airflow/example_dags/example_sensors.py
[2026-01-02T04:45:49.433+0000] {logging_mixin.py:188} INFO - [2026-01-02T04:45:49.432+0000] {dag.py:3033} INFO - Sync 1 DAGs
[2026-01-02T04:45:49.439+0000] {logging_mixin.py:188} INFO - [2026-01-02T04:45:49.439+0000] {dag.py:3820} INFO - Setting next_dagrun for example_sensors to None, run_after=None
[2026-01-02T04:45:49.449+0000] {processor.py:183} INFO - Processing /home/airflow/.local/lib/python3.8/site-packages/airflow/example_dags/example_sensors.py took 0.034 seconds
[2026-01-02T04:46:19.681+0000] {processor.py:161} INFO - Started process (PID=919) to work on /home/airflow/.local/lib/python3.8/site-packages/airflow/example_dags/example_sensors.py
[2026-01-02T04:46:19.682+0000] {processor.py:830} INFO - Processing file /home/airflow/.local/lib/python3.8/site-packages/airflow/example_dags/example_sensors.py for tasks to queue
[2026-01-02T04:46:19.683+0000] {logging_mixin.py:188} INFO - [2026-01-02T04:46:19.683+0000] {dagbag.py:538} INFO - Filling up the DagBag from /home/airflow/.local/lib/python3.8/site-packages/airflow/example_dags/example_sensors.py
[2026-01-02T04:46:19.686+0000] {processor.py:840} INFO - DAG(s) 'example_sensors' retrieved from /home/airflow/.local/lib/python3.8/site-packages/airflow/example_dags/example_sensors.py
[2026-01-02T04:46:19.700+0000] {logging_mixin.py:188} INFO - [2026-01-02T04:46:19.699+0000] {dag.py:3033} INFO - Sync 1 DAGs
[2026-01-02T04:46:19.705+0000] {logging_mixin.py:188} INFO - [2026-01-02T04:46:19.705+0000] {dag.py:3820} INFO - Setting next_dagrun for example_sensors to None, run_after=None
[2026-01-02T04:46:19.716+0000] {processor.py:183} INFO - Processing /home/airflow/.local/lib/python3.8/site-packages/airflow/example_dags/example_sensors.py took 0.036 seconds
[2026-01-02T04:46:50.014+0000] {processor.py:161} INFO - Started process (PID=974) to work on /home/airflow/.local/lib/python3.8/site-packages/airflow/example_dags/example_sensors.py
[2026-01-02T04:46:50.014+0000] {processor.py:830} INFO - Processing file /home/airflow/.local/lib/python3.8/site-packages/airflow/example_dags/example_sensors.py for tasks to queue
[2026-01-02T04:46:50.015+0000] {logging_mixin.py:188} INFO - [2026-01-02T04:46:50.015+0000] {dagbag.py:538} INFO - Filling up the DagBag from /home/airflow/.local/lib/python3.8/site-packages/airflow/example_dags/example_sensors.py
[2026-01-02T04:46:50.019+0000] {processor.py:840} INFO - DAG(s) 'example_sensors' retrieved from /home/airflow/.local/lib/python3.8/site-packages/airflow/example_dags/example_sensors.py
[2026-01-02T04:46:50.032+0000] {logging_mixin.py:188} INFO - [2026-01-02T04:46:50.032+0000] {dag.py:3033} INFO - Sync 1 DAGs
[2026-01-02T04:46:50.037+0000] {logging_mixin.py:188} INFO - [2026-01-02T04:46:50.037+0000] {dag.py:3820} INFO - Setting next_dagrun for example_sensors to None, run_after=None
[2026-01-02T04:46:50.051+0000] {processor.py:183} INFO - Processing /home/airflow/.local/lib/python3.8/site-packages/airflow/example_dags/example_sensors.py took 0.038 seconds
[2026-01-02T04:47:20.263+0000] {processor.py:161} INFO - Started process (PID=1029) to work on /home/airflow/.local/lib/python3.8/site-packages/airflow/example_dags/example_sensors.py
[2026-01-02T04:47:20.263+0000] {processor.py:830} INFO - Processing file /home/airflow/.local/lib/python3.8/site-packages/airflow/example_dags/example_sensors.py for tasks to queue
[2026-01-02T04:47:20.264+0000] {logging_mixin.py:188} INFO - [2026-01-02T04:47:20.264+0000] {dagbag.py:538} INFO - Filling up the DagBag from /home/airflow/.local/lib/python3.8/site-packages/airflow/example_dags/example_sensors.py
[2026-01-02T04:47:20.268+0000] {processor.py:840} INFO - DAG(s) 'example_sensors' retrieved from /home/airflow/.local/lib/python3.8/site-packages/airflow/example_dags/example_sensors.py
[2026-01-02T04:47:20.281+0000] {logging_mixin.py:188} INFO - [2026-01-02T04:47:20.281+0000] {dag.py:3033} INFO - Sync 1 DAGs
[2026-01-02T04:47:20.286+0000] {logging_mixin.py:188} INFO - [2026-01-02T04:47:20.286+0000] {dag.py:3820} INFO - Setting next_dagrun for example_sensors to None, run_after=None
[2026-01-02T04:47:20.298+0000] {processor.py:183} INFO - Processing /home/airflow/.local/lib/python3.8/site-packages/airflow/example_dags/example_sensors.py took 0.036 seconds
