[2026-01-02T04:28:05.668+0000] {processor.py:161} INFO - Started process (PID=90) to work on /home/airflow/.local/lib/python3.8/site-packages/airflow/example_dags/example_python_decorator.py
[2026-01-02T04:28:05.669+0000] {processor.py:830} INFO - Processing file /home/airflow/.local/lib/python3.8/site-packages/airflow/example_dags/example_python_decorator.py for tasks to queue
[2026-01-02T04:28:05.670+0000] {logging_mixin.py:188} INFO - [2026-01-02T04:28:05.670+0000] {dagbag.py:538} INFO - Filling up the DagBag from /home/airflow/.local/lib/python3.8/site-packages/airflow/example_dags/example_python_decorator.py
[2026-01-02T04:28:05.674+0000] {processor.py:840} INFO - DAG(s) 'example_python_decorator' retrieved from /home/airflow/.local/lib/python3.8/site-packages/airflow/example_dags/example_python_decorator.py
[2026-01-02T04:28:05.726+0000] {logging_mixin.py:188} INFO - [2026-01-02T04:28:05.726+0000] {override.py:1769} INFO - Created Permission View: can edit on DAG:example_python_decorator
[2026-01-02T04:28:05.735+0000] {logging_mixin.py:188} INFO - [2026-01-02T04:28:05.735+0000] {override.py:1769} INFO - Created Permission View: can delete on DAG:example_python_decorator
[2026-01-02T04:28:05.742+0000] {logging_mixin.py:188} INFO - [2026-01-02T04:28:05.742+0000] {override.py:1769} INFO - Created Permission View: can read on DAG:example_python_decorator
[2026-01-02T04:28:05.743+0000] {logging_mixin.py:188} INFO - [2026-01-02T04:28:05.743+0000] {dag.py:3033} INFO - Sync 1 DAGs
[2026-01-02T04:28:05.748+0000] {logging_mixin.py:188} INFO - [2026-01-02T04:28:05.748+0000] {dag.py:3055} INFO - Creating ORM DAG for example_python_decorator
[2026-01-02T04:28:05.748+0000] {logging_mixin.py:188} INFO - [2026-01-02T04:28:05.748+0000] {dag.py:3820} INFO - Setting next_dagrun for example_python_decorator to None, run_after=None
[2026-01-02T04:28:05.761+0000] {processor.py:183} INFO - Processing /home/airflow/.local/lib/python3.8/site-packages/airflow/example_dags/example_python_decorator.py took 0.094 seconds
[2026-01-02T04:28:35.777+0000] {processor.py:161} INFO - Started process (PID=145) to work on /home/airflow/.local/lib/python3.8/site-packages/airflow/example_dags/example_python_decorator.py
[2026-01-02T04:28:35.778+0000] {processor.py:830} INFO - Processing file /home/airflow/.local/lib/python3.8/site-packages/airflow/example_dags/example_python_decorator.py for tasks to queue
[2026-01-02T04:28:35.778+0000] {logging_mixin.py:188} INFO - [2026-01-02T04:28:35.778+0000] {dagbag.py:538} INFO - Filling up the DagBag from /home/airflow/.local/lib/python3.8/site-packages/airflow/example_dags/example_python_decorator.py
[2026-01-02T04:28:35.782+0000] {processor.py:840} INFO - DAG(s) 'example_python_decorator' retrieved from /home/airflow/.local/lib/python3.8/site-packages/airflow/example_dags/example_python_decorator.py
[2026-01-02T04:28:35.791+0000] {logging_mixin.py:188} INFO - [2026-01-02T04:28:35.791+0000] {dag.py:3033} INFO - Sync 1 DAGs
[2026-01-02T04:28:35.796+0000] {logging_mixin.py:188} INFO - [2026-01-02T04:28:35.796+0000] {dag.py:3820} INFO - Setting next_dagrun for example_python_decorator to None, run_after=None
[2026-01-02T04:28:35.805+0000] {processor.py:183} INFO - Processing /home/airflow/.local/lib/python3.8/site-packages/airflow/example_dags/example_python_decorator.py took 0.029 seconds
[2026-01-02T04:30:00.667+0000] {processor.py:161} INFO - Started process (PID=82) to work on /home/airflow/.local/lib/python3.8/site-packages/airflow/example_dags/example_python_decorator.py
[2026-01-02T04:30:00.667+0000] {processor.py:830} INFO - Processing file /home/airflow/.local/lib/python3.8/site-packages/airflow/example_dags/example_python_decorator.py for tasks to queue
[2026-01-02T04:30:00.668+0000] {logging_mixin.py:188} INFO - [2026-01-02T04:30:00.668+0000] {dagbag.py:538} INFO - Filling up the DagBag from /home/airflow/.local/lib/python3.8/site-packages/airflow/example_dags/example_python_decorator.py
[2026-01-02T04:30:00.672+0000] {processor.py:840} INFO - DAG(s) 'example_python_decorator' retrieved from /home/airflow/.local/lib/python3.8/site-packages/airflow/example_dags/example_python_decorator.py
[2026-01-02T04:30:00.679+0000] {logging_mixin.py:188} INFO - [2026-01-02T04:30:00.678+0000] {dag.py:3033} INFO - Sync 1 DAGs
[2026-01-02T04:30:00.685+0000] {logging_mixin.py:188} INFO - [2026-01-02T04:30:00.685+0000] {dag.py:3820} INFO - Setting next_dagrun for example_python_decorator to None, run_after=None
[2026-01-02T04:30:00.694+0000] {processor.py:183} INFO - Processing /home/airflow/.local/lib/python3.8/site-packages/airflow/example_dags/example_python_decorator.py took 0.029 seconds
[2026-01-02T04:30:32.033+0000] {processor.py:161} INFO - Started process (PID=137) to work on /home/airflow/.local/lib/python3.8/site-packages/airflow/example_dags/example_python_decorator.py
[2026-01-02T04:30:32.034+0000] {processor.py:830} INFO - Processing file /home/airflow/.local/lib/python3.8/site-packages/airflow/example_dags/example_python_decorator.py for tasks to queue
[2026-01-02T04:30:32.035+0000] {logging_mixin.py:188} INFO - [2026-01-02T04:30:32.035+0000] {dagbag.py:538} INFO - Filling up the DagBag from /home/airflow/.local/lib/python3.8/site-packages/airflow/example_dags/example_python_decorator.py
[2026-01-02T04:30:32.039+0000] {processor.py:840} INFO - DAG(s) 'example_python_decorator' retrieved from /home/airflow/.local/lib/python3.8/site-packages/airflow/example_dags/example_python_decorator.py
[2026-01-02T04:30:32.090+0000] {logging_mixin.py:188} INFO - [2026-01-02T04:30:32.090+0000] {dag.py:3033} INFO - Sync 1 DAGs
[2026-01-02T04:30:32.097+0000] {logging_mixin.py:188} INFO - [2026-01-02T04:30:32.097+0000] {dag.py:3820} INFO - Setting next_dagrun for example_python_decorator to None, run_after=None
[2026-01-02T04:30:32.110+0000] {processor.py:183} INFO - Processing /home/airflow/.local/lib/python3.8/site-packages/airflow/example_dags/example_python_decorator.py took 0.078 seconds
[2026-01-02T04:31:02.677+0000] {processor.py:161} INFO - Started process (PID=192) to work on /home/airflow/.local/lib/python3.8/site-packages/airflow/example_dags/example_python_decorator.py
[2026-01-02T04:31:02.677+0000] {processor.py:830} INFO - Processing file /home/airflow/.local/lib/python3.8/site-packages/airflow/example_dags/example_python_decorator.py for tasks to queue
[2026-01-02T04:31:02.678+0000] {logging_mixin.py:188} INFO - [2026-01-02T04:31:02.678+0000] {dagbag.py:538} INFO - Filling up the DagBag from /home/airflow/.local/lib/python3.8/site-packages/airflow/example_dags/example_python_decorator.py
[2026-01-02T04:31:02.683+0000] {processor.py:840} INFO - DAG(s) 'example_python_decorator' retrieved from /home/airflow/.local/lib/python3.8/site-packages/airflow/example_dags/example_python_decorator.py
[2026-01-02T04:31:02.694+0000] {logging_mixin.py:188} INFO - [2026-01-02T04:31:02.694+0000] {dag.py:3033} INFO - Sync 1 DAGs
[2026-01-02T04:31:02.701+0000] {logging_mixin.py:188} INFO - [2026-01-02T04:31:02.701+0000] {dag.py:3820} INFO - Setting next_dagrun for example_python_decorator to None, run_after=None
[2026-01-02T04:31:02.712+0000] {processor.py:183} INFO - Processing /home/airflow/.local/lib/python3.8/site-packages/airflow/example_dags/example_python_decorator.py took 0.038 seconds
[2026-01-02T04:31:33.117+0000] {processor.py:161} INFO - Started process (PID=247) to work on /home/airflow/.local/lib/python3.8/site-packages/airflow/example_dags/example_python_decorator.py
[2026-01-02T04:31:33.118+0000] {processor.py:830} INFO - Processing file /home/airflow/.local/lib/python3.8/site-packages/airflow/example_dags/example_python_decorator.py for tasks to queue
[2026-01-02T04:31:33.119+0000] {logging_mixin.py:188} INFO - [2026-01-02T04:31:33.119+0000] {dagbag.py:538} INFO - Filling up the DagBag from /home/airflow/.local/lib/python3.8/site-packages/airflow/example_dags/example_python_decorator.py
[2026-01-02T04:31:33.125+0000] {processor.py:840} INFO - DAG(s) 'example_python_decorator' retrieved from /home/airflow/.local/lib/python3.8/site-packages/airflow/example_dags/example_python_decorator.py
[2026-01-02T04:31:33.137+0000] {logging_mixin.py:188} INFO - [2026-01-02T04:31:33.137+0000] {dag.py:3033} INFO - Sync 1 DAGs
[2026-01-02T04:31:33.145+0000] {logging_mixin.py:188} INFO - [2026-01-02T04:31:33.145+0000] {dag.py:3820} INFO - Setting next_dagrun for example_python_decorator to None, run_after=None
[2026-01-02T04:31:33.156+0000] {processor.py:183} INFO - Processing /home/airflow/.local/lib/python3.8/site-packages/airflow/example_dags/example_python_decorator.py took 0.040 seconds
[2026-01-02T04:32:03.527+0000] {processor.py:161} INFO - Started process (PID=302) to work on /home/airflow/.local/lib/python3.8/site-packages/airflow/example_dags/example_python_decorator.py
[2026-01-02T04:32:03.527+0000] {processor.py:830} INFO - Processing file /home/airflow/.local/lib/python3.8/site-packages/airflow/example_dags/example_python_decorator.py for tasks to queue
[2026-01-02T04:32:03.528+0000] {logging_mixin.py:188} INFO - [2026-01-02T04:32:03.528+0000] {dagbag.py:538} INFO - Filling up the DagBag from /home/airflow/.local/lib/python3.8/site-packages/airflow/example_dags/example_python_decorator.py
[2026-01-02T04:32:03.533+0000] {processor.py:840} INFO - DAG(s) 'example_python_decorator' retrieved from /home/airflow/.local/lib/python3.8/site-packages/airflow/example_dags/example_python_decorator.py
[2026-01-02T04:32:03.544+0000] {logging_mixin.py:188} INFO - [2026-01-02T04:32:03.544+0000] {dag.py:3033} INFO - Sync 1 DAGs
[2026-01-02T04:32:03.550+0000] {logging_mixin.py:188} INFO - [2026-01-02T04:32:03.550+0000] {dag.py:3820} INFO - Setting next_dagrun for example_python_decorator to None, run_after=None
[2026-01-02T04:32:03.563+0000] {processor.py:183} INFO - Processing /home/airflow/.local/lib/python3.8/site-packages/airflow/example_dags/example_python_decorator.py took 0.037 seconds
[2026-01-02T04:32:33.834+0000] {processor.py:161} INFO - Started process (PID=357) to work on /home/airflow/.local/lib/python3.8/site-packages/airflow/example_dags/example_python_decorator.py
[2026-01-02T04:32:33.834+0000] {processor.py:830} INFO - Processing file /home/airflow/.local/lib/python3.8/site-packages/airflow/example_dags/example_python_decorator.py for tasks to queue
[2026-01-02T04:32:33.835+0000] {logging_mixin.py:188} INFO - [2026-01-02T04:32:33.835+0000] {dagbag.py:538} INFO - Filling up the DagBag from /home/airflow/.local/lib/python3.8/site-packages/airflow/example_dags/example_python_decorator.py
[2026-01-02T04:32:33.839+0000] {processor.py:840} INFO - DAG(s) 'example_python_decorator' retrieved from /home/airflow/.local/lib/python3.8/site-packages/airflow/example_dags/example_python_decorator.py
[2026-01-02T04:32:33.849+0000] {logging_mixin.py:188} INFO - [2026-01-02T04:32:33.849+0000] {dag.py:3033} INFO - Sync 1 DAGs
[2026-01-02T04:32:33.855+0000] {logging_mixin.py:188} INFO - [2026-01-02T04:32:33.855+0000] {dag.py:3820} INFO - Setting next_dagrun for example_python_decorator to None, run_after=None
[2026-01-02T04:32:33.868+0000] {processor.py:183} INFO - Processing /home/airflow/.local/lib/python3.8/site-packages/airflow/example_dags/example_python_decorator.py took 0.036 seconds
[2026-01-02T04:33:04.128+0000] {processor.py:161} INFO - Started process (PID=412) to work on /home/airflow/.local/lib/python3.8/site-packages/airflow/example_dags/example_python_decorator.py
[2026-01-02T04:33:04.128+0000] {processor.py:830} INFO - Processing file /home/airflow/.local/lib/python3.8/site-packages/airflow/example_dags/example_python_decorator.py for tasks to queue
[2026-01-02T04:33:04.129+0000] {logging_mixin.py:188} INFO - [2026-01-02T04:33:04.129+0000] {dagbag.py:538} INFO - Filling up the DagBag from /home/airflow/.local/lib/python3.8/site-packages/airflow/example_dags/example_python_decorator.py
[2026-01-02T04:33:04.134+0000] {processor.py:840} INFO - DAG(s) 'example_python_decorator' retrieved from /home/airflow/.local/lib/python3.8/site-packages/airflow/example_dags/example_python_decorator.py
[2026-01-02T04:33:04.150+0000] {logging_mixin.py:188} INFO - [2026-01-02T04:33:04.150+0000] {dag.py:3033} INFO - Sync 1 DAGs
[2026-01-02T04:33:04.156+0000] {logging_mixin.py:188} INFO - [2026-01-02T04:33:04.156+0000] {dag.py:3820} INFO - Setting next_dagrun for example_python_decorator to None, run_after=None
[2026-01-02T04:33:04.168+0000] {processor.py:183} INFO - Processing /home/airflow/.local/lib/python3.8/site-packages/airflow/example_dags/example_python_decorator.py took 0.041 seconds
[2026-01-02T04:33:34.398+0000] {processor.py:161} INFO - Started process (PID=467) to work on /home/airflow/.local/lib/python3.8/site-packages/airflow/example_dags/example_python_decorator.py
[2026-01-02T04:33:34.398+0000] {processor.py:830} INFO - Processing file /home/airflow/.local/lib/python3.8/site-packages/airflow/example_dags/example_python_decorator.py for tasks to queue
[2026-01-02T04:33:34.400+0000] {logging_mixin.py:188} INFO - [2026-01-02T04:33:34.399+0000] {dagbag.py:538} INFO - Filling up the DagBag from /home/airflow/.local/lib/python3.8/site-packages/airflow/example_dags/example_python_decorator.py
[2026-01-02T04:33:34.404+0000] {processor.py:840} INFO - DAG(s) 'example_python_decorator' retrieved from /home/airflow/.local/lib/python3.8/site-packages/airflow/example_dags/example_python_decorator.py
[2026-01-02T04:33:34.414+0000] {logging_mixin.py:188} INFO - [2026-01-02T04:33:34.414+0000] {dag.py:3033} INFO - Sync 1 DAGs
[2026-01-02T04:33:34.420+0000] {logging_mixin.py:188} INFO - [2026-01-02T04:33:34.420+0000] {dag.py:3820} INFO - Setting next_dagrun for example_python_decorator to None, run_after=None
[2026-01-02T04:33:34.430+0000] {processor.py:183} INFO - Processing /home/airflow/.local/lib/python3.8/site-packages/airflow/example_dags/example_python_decorator.py took 0.033 seconds
[2026-01-02T04:34:04.680+0000] {processor.py:161} INFO - Started process (PID=522) to work on /home/airflow/.local/lib/python3.8/site-packages/airflow/example_dags/example_python_decorator.py
[2026-01-02T04:34:04.680+0000] {processor.py:830} INFO - Processing file /home/airflow/.local/lib/python3.8/site-packages/airflow/example_dags/example_python_decorator.py for tasks to queue
[2026-01-02T04:34:04.681+0000] {logging_mixin.py:188} INFO - [2026-01-02T04:34:04.681+0000] {dagbag.py:538} INFO - Filling up the DagBag from /home/airflow/.local/lib/python3.8/site-packages/airflow/example_dags/example_python_decorator.py
[2026-01-02T04:34:04.685+0000] {processor.py:840} INFO - DAG(s) 'example_python_decorator' retrieved from /home/airflow/.local/lib/python3.8/site-packages/airflow/example_dags/example_python_decorator.py
[2026-01-02T04:34:04.695+0000] {logging_mixin.py:188} INFO - [2026-01-02T04:34:04.694+0000] {dag.py:3033} INFO - Sync 1 DAGs
[2026-01-02T04:34:04.701+0000] {logging_mixin.py:188} INFO - [2026-01-02T04:34:04.700+0000] {dag.py:3820} INFO - Setting next_dagrun for example_python_decorator to None, run_after=None
[2026-01-02T04:34:04.713+0000] {processor.py:183} INFO - Processing /home/airflow/.local/lib/python3.8/site-packages/airflow/example_dags/example_python_decorator.py took 0.034 seconds
[2026-01-02T04:34:35.044+0000] {processor.py:161} INFO - Started process (PID=577) to work on /home/airflow/.local/lib/python3.8/site-packages/airflow/example_dags/example_python_decorator.py
[2026-01-02T04:34:35.044+0000] {processor.py:830} INFO - Processing file /home/airflow/.local/lib/python3.8/site-packages/airflow/example_dags/example_python_decorator.py for tasks to queue
[2026-01-02T04:34:35.046+0000] {logging_mixin.py:188} INFO - [2026-01-02T04:34:35.045+0000] {dagbag.py:538} INFO - Filling up the DagBag from /home/airflow/.local/lib/python3.8/site-packages/airflow/example_dags/example_python_decorator.py
[2026-01-02T04:34:35.051+0000] {processor.py:840} INFO - DAG(s) 'example_python_decorator' retrieved from /home/airflow/.local/lib/python3.8/site-packages/airflow/example_dags/example_python_decorator.py
[2026-01-02T04:34:35.062+0000] {logging_mixin.py:188} INFO - [2026-01-02T04:34:35.062+0000] {dag.py:3033} INFO - Sync 1 DAGs
[2026-01-02T04:34:35.068+0000] {logging_mixin.py:188} INFO - [2026-01-02T04:34:35.068+0000] {dag.py:3820} INFO - Setting next_dagrun for example_python_decorator to None, run_after=None
[2026-01-02T04:34:35.085+0000] {processor.py:183} INFO - Processing /home/airflow/.local/lib/python3.8/site-packages/airflow/example_dags/example_python_decorator.py took 0.043 seconds
[2026-01-02T04:35:05.363+0000] {processor.py:161} INFO - Started process (PID=632) to work on /home/airflow/.local/lib/python3.8/site-packages/airflow/example_dags/example_python_decorator.py
[2026-01-02T04:35:05.364+0000] {processor.py:830} INFO - Processing file /home/airflow/.local/lib/python3.8/site-packages/airflow/example_dags/example_python_decorator.py for tasks to queue
[2026-01-02T04:35:05.365+0000] {logging_mixin.py:188} INFO - [2026-01-02T04:35:05.365+0000] {dagbag.py:538} INFO - Filling up the DagBag from /home/airflow/.local/lib/python3.8/site-packages/airflow/example_dags/example_python_decorator.py
[2026-01-02T04:35:05.369+0000] {processor.py:840} INFO - DAG(s) 'example_python_decorator' retrieved from /home/airflow/.local/lib/python3.8/site-packages/airflow/example_dags/example_python_decorator.py
[2026-01-02T04:35:05.379+0000] {logging_mixin.py:188} INFO - [2026-01-02T04:35:05.379+0000] {dag.py:3033} INFO - Sync 1 DAGs
[2026-01-02T04:35:05.384+0000] {logging_mixin.py:188} INFO - [2026-01-02T04:35:05.384+0000] {dag.py:3820} INFO - Setting next_dagrun for example_python_decorator to None, run_after=None
[2026-01-02T04:35:05.393+0000] {processor.py:183} INFO - Processing /home/airflow/.local/lib/python3.8/site-packages/airflow/example_dags/example_python_decorator.py took 0.031 seconds
[2026-01-02T04:35:35.644+0000] {processor.py:161} INFO - Started process (PID=687) to work on /home/airflow/.local/lib/python3.8/site-packages/airflow/example_dags/example_python_decorator.py
[2026-01-02T04:35:35.645+0000] {processor.py:830} INFO - Processing file /home/airflow/.local/lib/python3.8/site-packages/airflow/example_dags/example_python_decorator.py for tasks to queue
[2026-01-02T04:35:35.646+0000] {logging_mixin.py:188} INFO - [2026-01-02T04:35:35.646+0000] {dagbag.py:538} INFO - Filling up the DagBag from /home/airflow/.local/lib/python3.8/site-packages/airflow/example_dags/example_python_decorator.py
[2026-01-02T04:35:35.651+0000] {processor.py:840} INFO - DAG(s) 'example_python_decorator' retrieved from /home/airflow/.local/lib/python3.8/site-packages/airflow/example_dags/example_python_decorator.py
[2026-01-02T04:35:35.662+0000] {logging_mixin.py:188} INFO - [2026-01-02T04:35:35.662+0000] {dag.py:3033} INFO - Sync 1 DAGs
[2026-01-02T04:35:35.668+0000] {logging_mixin.py:188} INFO - [2026-01-02T04:35:35.668+0000] {dag.py:3820} INFO - Setting next_dagrun for example_python_decorator to None, run_after=None
[2026-01-02T04:35:35.678+0000] {processor.py:183} INFO - Processing /home/airflow/.local/lib/python3.8/site-packages/airflow/example_dags/example_python_decorator.py took 0.035 seconds
[2026-01-02T04:36:05.974+0000] {processor.py:161} INFO - Started process (PID=742) to work on /home/airflow/.local/lib/python3.8/site-packages/airflow/example_dags/example_python_decorator.py
[2026-01-02T04:36:05.974+0000] {processor.py:830} INFO - Processing file /home/airflow/.local/lib/python3.8/site-packages/airflow/example_dags/example_python_decorator.py for tasks to queue
[2026-01-02T04:36:05.975+0000] {logging_mixin.py:188} INFO - [2026-01-02T04:36:05.975+0000] {dagbag.py:538} INFO - Filling up the DagBag from /home/airflow/.local/lib/python3.8/site-packages/airflow/example_dags/example_python_decorator.py
[2026-01-02T04:36:05.980+0000] {processor.py:840} INFO - DAG(s) 'example_python_decorator' retrieved from /home/airflow/.local/lib/python3.8/site-packages/airflow/example_dags/example_python_decorator.py
[2026-01-02T04:36:05.995+0000] {logging_mixin.py:188} INFO - [2026-01-02T04:36:05.995+0000] {dag.py:3033} INFO - Sync 1 DAGs
[2026-01-02T04:36:06.002+0000] {logging_mixin.py:188} INFO - [2026-01-02T04:36:06.001+0000] {dag.py:3820} INFO - Setting next_dagrun for example_python_decorator to None, run_after=None
[2026-01-02T04:36:06.015+0000] {processor.py:183} INFO - Processing /home/airflow/.local/lib/python3.8/site-packages/airflow/example_dags/example_python_decorator.py took 0.043 seconds
[2026-01-02T04:38:45.728+0000] {processor.py:161} INFO - Started process (PID=90) to work on /home/airflow/.local/lib/python3.8/site-packages/airflow/example_dags/example_python_decorator.py
[2026-01-02T04:38:45.728+0000] {processor.py:830} INFO - Processing file /home/airflow/.local/lib/python3.8/site-packages/airflow/example_dags/example_python_decorator.py for tasks to queue
[2026-01-02T04:38:45.729+0000] {logging_mixin.py:188} INFO - [2026-01-02T04:38:45.729+0000] {dagbag.py:538} INFO - Filling up the DagBag from /home/airflow/.local/lib/python3.8/site-packages/airflow/example_dags/example_python_decorator.py
[2026-01-02T04:38:45.733+0000] {processor.py:840} INFO - DAG(s) 'example_python_decorator' retrieved from /home/airflow/.local/lib/python3.8/site-packages/airflow/example_dags/example_python_decorator.py
[2026-01-02T04:38:45.739+0000] {logging_mixin.py:188} INFO - [2026-01-02T04:38:45.739+0000] {dag.py:3033} INFO - Sync 1 DAGs
[2026-01-02T04:38:45.747+0000] {logging_mixin.py:188} INFO - [2026-01-02T04:38:45.747+0000] {dag.py:3820} INFO - Setting next_dagrun for example_python_decorator to None, run_after=None
[2026-01-02T04:38:45.759+0000] {processor.py:183} INFO - Processing /home/airflow/.local/lib/python3.8/site-packages/airflow/example_dags/example_python_decorator.py took 0.033 seconds
[2026-01-02T04:39:16.413+0000] {processor.py:161} INFO - Started process (PID=145) to work on /home/airflow/.local/lib/python3.8/site-packages/airflow/example_dags/example_python_decorator.py
[2026-01-02T04:39:16.413+0000] {processor.py:830} INFO - Processing file /home/airflow/.local/lib/python3.8/site-packages/airflow/example_dags/example_python_decorator.py for tasks to queue
[2026-01-02T04:39:16.414+0000] {logging_mixin.py:188} INFO - [2026-01-02T04:39:16.414+0000] {dagbag.py:538} INFO - Filling up the DagBag from /home/airflow/.local/lib/python3.8/site-packages/airflow/example_dags/example_python_decorator.py
[2026-01-02T04:39:16.418+0000] {processor.py:840} INFO - DAG(s) 'example_python_decorator' retrieved from /home/airflow/.local/lib/python3.8/site-packages/airflow/example_dags/example_python_decorator.py
[2026-01-02T04:39:16.460+0000] {logging_mixin.py:188} INFO - [2026-01-02T04:39:16.460+0000] {dag.py:3033} INFO - Sync 1 DAGs
[2026-01-02T04:39:16.465+0000] {logging_mixin.py:188} INFO - [2026-01-02T04:39:16.465+0000] {dag.py:3820} INFO - Setting next_dagrun for example_python_decorator to None, run_after=None
[2026-01-02T04:39:16.475+0000] {processor.py:183} INFO - Processing /home/airflow/.local/lib/python3.8/site-packages/airflow/example_dags/example_python_decorator.py took 0.064 seconds
[2026-01-02T04:39:46.831+0000] {processor.py:161} INFO - Started process (PID=200) to work on /home/airflow/.local/lib/python3.8/site-packages/airflow/example_dags/example_python_decorator.py
[2026-01-02T04:39:46.831+0000] {processor.py:830} INFO - Processing file /home/airflow/.local/lib/python3.8/site-packages/airflow/example_dags/example_python_decorator.py for tasks to queue
[2026-01-02T04:39:46.832+0000] {logging_mixin.py:188} INFO - [2026-01-02T04:39:46.832+0000] {dagbag.py:538} INFO - Filling up the DagBag from /home/airflow/.local/lib/python3.8/site-packages/airflow/example_dags/example_python_decorator.py
[2026-01-02T04:39:46.836+0000] {processor.py:840} INFO - DAG(s) 'example_python_decorator' retrieved from /home/airflow/.local/lib/python3.8/site-packages/airflow/example_dags/example_python_decorator.py
[2026-01-02T04:39:46.846+0000] {logging_mixin.py:188} INFO - [2026-01-02T04:39:46.846+0000] {dag.py:3033} INFO - Sync 1 DAGs
[2026-01-02T04:39:46.852+0000] {logging_mixin.py:188} INFO - [2026-01-02T04:39:46.852+0000] {dag.py:3820} INFO - Setting next_dagrun for example_python_decorator to None, run_after=None
[2026-01-02T04:39:46.861+0000] {processor.py:183} INFO - Processing /home/airflow/.local/lib/python3.8/site-packages/airflow/example_dags/example_python_decorator.py took 0.031 seconds
[2026-01-02T04:40:17.031+0000] {processor.py:161} INFO - Started process (PID=255) to work on /home/airflow/.local/lib/python3.8/site-packages/airflow/example_dags/example_python_decorator.py
[2026-01-02T04:40:17.031+0000] {processor.py:830} INFO - Processing file /home/airflow/.local/lib/python3.8/site-packages/airflow/example_dags/example_python_decorator.py for tasks to queue
[2026-01-02T04:40:17.032+0000] {logging_mixin.py:188} INFO - [2026-01-02T04:40:17.032+0000] {dagbag.py:538} INFO - Filling up the DagBag from /home/airflow/.local/lib/python3.8/site-packages/airflow/example_dags/example_python_decorator.py
[2026-01-02T04:40:17.036+0000] {processor.py:840} INFO - DAG(s) 'example_python_decorator' retrieved from /home/airflow/.local/lib/python3.8/site-packages/airflow/example_dags/example_python_decorator.py
[2026-01-02T04:40:17.046+0000] {logging_mixin.py:188} INFO - [2026-01-02T04:40:17.046+0000] {dag.py:3033} INFO - Sync 1 DAGs
[2026-01-02T04:40:17.051+0000] {logging_mixin.py:188} INFO - [2026-01-02T04:40:17.051+0000] {dag.py:3820} INFO - Setting next_dagrun for example_python_decorator to None, run_after=None
[2026-01-02T04:40:17.061+0000] {processor.py:183} INFO - Processing /home/airflow/.local/lib/python3.8/site-packages/airflow/example_dags/example_python_decorator.py took 0.031 seconds
[2026-01-02T04:40:47.191+0000] {processor.py:161} INFO - Started process (PID=310) to work on /home/airflow/.local/lib/python3.8/site-packages/airflow/example_dags/example_python_decorator.py
[2026-01-02T04:40:47.191+0000] {processor.py:830} INFO - Processing file /home/airflow/.local/lib/python3.8/site-packages/airflow/example_dags/example_python_decorator.py for tasks to queue
[2026-01-02T04:40:47.192+0000] {logging_mixin.py:188} INFO - [2026-01-02T04:40:47.192+0000] {dagbag.py:538} INFO - Filling up the DagBag from /home/airflow/.local/lib/python3.8/site-packages/airflow/example_dags/example_python_decorator.py
[2026-01-02T04:40:47.196+0000] {processor.py:840} INFO - DAG(s) 'example_python_decorator' retrieved from /home/airflow/.local/lib/python3.8/site-packages/airflow/example_dags/example_python_decorator.py
[2026-01-02T04:40:47.206+0000] {logging_mixin.py:188} INFO - [2026-01-02T04:40:47.205+0000] {dag.py:3033} INFO - Sync 1 DAGs
[2026-01-02T04:40:47.210+0000] {logging_mixin.py:188} INFO - [2026-01-02T04:40:47.210+0000] {dag.py:3820} INFO - Setting next_dagrun for example_python_decorator to None, run_after=None
[2026-01-02T04:40:47.220+0000] {processor.py:183} INFO - Processing /home/airflow/.local/lib/python3.8/site-packages/airflow/example_dags/example_python_decorator.py took 0.030 seconds
[2026-01-02T04:41:17.414+0000] {processor.py:161} INFO - Started process (PID=365) to work on /home/airflow/.local/lib/python3.8/site-packages/airflow/example_dags/example_python_decorator.py
[2026-01-02T04:41:17.414+0000] {processor.py:830} INFO - Processing file /home/airflow/.local/lib/python3.8/site-packages/airflow/example_dags/example_python_decorator.py for tasks to queue
[2026-01-02T04:41:17.415+0000] {logging_mixin.py:188} INFO - [2026-01-02T04:41:17.415+0000] {dagbag.py:538} INFO - Filling up the DagBag from /home/airflow/.local/lib/python3.8/site-packages/airflow/example_dags/example_python_decorator.py
[2026-01-02T04:41:17.419+0000] {processor.py:840} INFO - DAG(s) 'example_python_decorator' retrieved from /home/airflow/.local/lib/python3.8/site-packages/airflow/example_dags/example_python_decorator.py
[2026-01-02T04:41:17.429+0000] {logging_mixin.py:188} INFO - [2026-01-02T04:41:17.429+0000] {dag.py:3033} INFO - Sync 1 DAGs
[2026-01-02T04:41:17.435+0000] {logging_mixin.py:188} INFO - [2026-01-02T04:41:17.435+0000] {dag.py:3820} INFO - Setting next_dagrun for example_python_decorator to None, run_after=None
[2026-01-02T04:41:17.445+0000] {processor.py:183} INFO - Processing /home/airflow/.local/lib/python3.8/site-packages/airflow/example_dags/example_python_decorator.py took 0.032 seconds
[2026-01-02T04:41:47.571+0000] {processor.py:161} INFO - Started process (PID=420) to work on /home/airflow/.local/lib/python3.8/site-packages/airflow/example_dags/example_python_decorator.py
[2026-01-02T04:41:47.572+0000] {processor.py:830} INFO - Processing file /home/airflow/.local/lib/python3.8/site-packages/airflow/example_dags/example_python_decorator.py for tasks to queue
[2026-01-02T04:41:47.573+0000] {logging_mixin.py:188} INFO - [2026-01-02T04:41:47.573+0000] {dagbag.py:538} INFO - Filling up the DagBag from /home/airflow/.local/lib/python3.8/site-packages/airflow/example_dags/example_python_decorator.py
[2026-01-02T04:41:47.578+0000] {processor.py:840} INFO - DAG(s) 'example_python_decorator' retrieved from /home/airflow/.local/lib/python3.8/site-packages/airflow/example_dags/example_python_decorator.py
[2026-01-02T04:41:47.587+0000] {logging_mixin.py:188} INFO - [2026-01-02T04:41:47.587+0000] {dag.py:3033} INFO - Sync 1 DAGs
[2026-01-02T04:41:47.592+0000] {logging_mixin.py:188} INFO - [2026-01-02T04:41:47.592+0000] {dag.py:3820} INFO - Setting next_dagrun for example_python_decorator to None, run_after=None
[2026-01-02T04:41:47.603+0000] {processor.py:183} INFO - Processing /home/airflow/.local/lib/python3.8/site-packages/airflow/example_dags/example_python_decorator.py took 0.033 seconds
[2026-01-02T04:42:17.777+0000] {processor.py:161} INFO - Started process (PID=475) to work on /home/airflow/.local/lib/python3.8/site-packages/airflow/example_dags/example_python_decorator.py
[2026-01-02T04:42:17.778+0000] {processor.py:830} INFO - Processing file /home/airflow/.local/lib/python3.8/site-packages/airflow/example_dags/example_python_decorator.py for tasks to queue
[2026-01-02T04:42:17.779+0000] {logging_mixin.py:188} INFO - [2026-01-02T04:42:17.779+0000] {dagbag.py:538} INFO - Filling up the DagBag from /home/airflow/.local/lib/python3.8/site-packages/airflow/example_dags/example_python_decorator.py
[2026-01-02T04:42:17.783+0000] {processor.py:840} INFO - DAG(s) 'example_python_decorator' retrieved from /home/airflow/.local/lib/python3.8/site-packages/airflow/example_dags/example_python_decorator.py
[2026-01-02T04:42:17.795+0000] {logging_mixin.py:188} INFO - [2026-01-02T04:42:17.794+0000] {dag.py:3033} INFO - Sync 1 DAGs
[2026-01-02T04:42:17.800+0000] {logging_mixin.py:188} INFO - [2026-01-02T04:42:17.800+0000] {dag.py:3820} INFO - Setting next_dagrun for example_python_decorator to None, run_after=None
[2026-01-02T04:42:17.810+0000] {processor.py:183} INFO - Processing /home/airflow/.local/lib/python3.8/site-packages/airflow/example_dags/example_python_decorator.py took 0.034 seconds
[2026-01-02T04:42:47.994+0000] {processor.py:161} INFO - Started process (PID=530) to work on /home/airflow/.local/lib/python3.8/site-packages/airflow/example_dags/example_python_decorator.py
[2026-01-02T04:42:47.995+0000] {processor.py:830} INFO - Processing file /home/airflow/.local/lib/python3.8/site-packages/airflow/example_dags/example_python_decorator.py for tasks to queue
[2026-01-02T04:42:47.996+0000] {logging_mixin.py:188} INFO - [2026-01-02T04:42:47.995+0000] {dagbag.py:538} INFO - Filling up the DagBag from /home/airflow/.local/lib/python3.8/site-packages/airflow/example_dags/example_python_decorator.py
[2026-01-02T04:42:48.000+0000] {processor.py:840} INFO - DAG(s) 'example_python_decorator' retrieved from /home/airflow/.local/lib/python3.8/site-packages/airflow/example_dags/example_python_decorator.py
[2026-01-02T04:42:48.010+0000] {logging_mixin.py:188} INFO - [2026-01-02T04:42:48.009+0000] {dag.py:3033} INFO - Sync 1 DAGs
[2026-01-02T04:42:48.015+0000] {logging_mixin.py:188} INFO - [2026-01-02T04:42:48.015+0000] {dag.py:3820} INFO - Setting next_dagrun for example_python_decorator to None, run_after=None
[2026-01-02T04:42:48.024+0000] {processor.py:183} INFO - Processing /home/airflow/.local/lib/python3.8/site-packages/airflow/example_dags/example_python_decorator.py took 0.031 seconds
[2026-01-02T04:43:18.215+0000] {processor.py:161} INFO - Started process (PID=585) to work on /home/airflow/.local/lib/python3.8/site-packages/airflow/example_dags/example_python_decorator.py
[2026-01-02T04:43:18.216+0000] {processor.py:830} INFO - Processing file /home/airflow/.local/lib/python3.8/site-packages/airflow/example_dags/example_python_decorator.py for tasks to queue
[2026-01-02T04:43:18.217+0000] {logging_mixin.py:188} INFO - [2026-01-02T04:43:18.216+0000] {dagbag.py:538} INFO - Filling up the DagBag from /home/airflow/.local/lib/python3.8/site-packages/airflow/example_dags/example_python_decorator.py
[2026-01-02T04:43:18.221+0000] {processor.py:840} INFO - DAG(s) 'example_python_decorator' retrieved from /home/airflow/.local/lib/python3.8/site-packages/airflow/example_dags/example_python_decorator.py
[2026-01-02T04:43:18.231+0000] {logging_mixin.py:188} INFO - [2026-01-02T04:43:18.231+0000] {dag.py:3033} INFO - Sync 1 DAGs
[2026-01-02T04:43:18.237+0000] {logging_mixin.py:188} INFO - [2026-01-02T04:43:18.237+0000] {dag.py:3820} INFO - Setting next_dagrun for example_python_decorator to None, run_after=None
[2026-01-02T04:43:18.246+0000] {processor.py:183} INFO - Processing /home/airflow/.local/lib/python3.8/site-packages/airflow/example_dags/example_python_decorator.py took 0.032 seconds
[2026-01-02T04:43:48.463+0000] {processor.py:161} INFO - Started process (PID=640) to work on /home/airflow/.local/lib/python3.8/site-packages/airflow/example_dags/example_python_decorator.py
[2026-01-02T04:43:48.464+0000] {processor.py:830} INFO - Processing file /home/airflow/.local/lib/python3.8/site-packages/airflow/example_dags/example_python_decorator.py for tasks to queue
[2026-01-02T04:43:48.465+0000] {logging_mixin.py:188} INFO - [2026-01-02T04:43:48.465+0000] {dagbag.py:538} INFO - Filling up the DagBag from /home/airflow/.local/lib/python3.8/site-packages/airflow/example_dags/example_python_decorator.py
[2026-01-02T04:43:48.469+0000] {processor.py:840} INFO - DAG(s) 'example_python_decorator' retrieved from /home/airflow/.local/lib/python3.8/site-packages/airflow/example_dags/example_python_decorator.py
[2026-01-02T04:43:48.479+0000] {logging_mixin.py:188} INFO - [2026-01-02T04:43:48.479+0000] {dag.py:3033} INFO - Sync 1 DAGs
[2026-01-02T04:43:48.484+0000] {logging_mixin.py:188} INFO - [2026-01-02T04:43:48.484+0000] {dag.py:3820} INFO - Setting next_dagrun for example_python_decorator to None, run_after=None
[2026-01-02T04:43:48.494+0000] {processor.py:183} INFO - Processing /home/airflow/.local/lib/python3.8/site-packages/airflow/example_dags/example_python_decorator.py took 0.032 seconds
[2026-01-02T04:44:18.707+0000] {processor.py:161} INFO - Started process (PID=702) to work on /home/airflow/.local/lib/python3.8/site-packages/airflow/example_dags/example_python_decorator.py
[2026-01-02T04:44:18.707+0000] {processor.py:830} INFO - Processing file /home/airflow/.local/lib/python3.8/site-packages/airflow/example_dags/example_python_decorator.py for tasks to queue
[2026-01-02T04:44:18.708+0000] {logging_mixin.py:188} INFO - [2026-01-02T04:44:18.708+0000] {dagbag.py:538} INFO - Filling up the DagBag from /home/airflow/.local/lib/python3.8/site-packages/airflow/example_dags/example_python_decorator.py
[2026-01-02T04:44:18.714+0000] {processor.py:840} INFO - DAG(s) 'example_python_decorator' retrieved from /home/airflow/.local/lib/python3.8/site-packages/airflow/example_dags/example_python_decorator.py
[2026-01-02T04:44:18.726+0000] {logging_mixin.py:188} INFO - [2026-01-02T04:44:18.726+0000] {dag.py:3033} INFO - Sync 1 DAGs
[2026-01-02T04:44:18.732+0000] {logging_mixin.py:188} INFO - [2026-01-02T04:44:18.731+0000] {dag.py:3820} INFO - Setting next_dagrun for example_python_decorator to None, run_after=None
[2026-01-02T04:44:18.744+0000] {processor.py:183} INFO - Processing /home/airflow/.local/lib/python3.8/site-packages/airflow/example_dags/example_python_decorator.py took 0.038 seconds
[2026-01-02T04:44:49.005+0000] {processor.py:161} INFO - Started process (PID=764) to work on /home/airflow/.local/lib/python3.8/site-packages/airflow/example_dags/example_python_decorator.py
[2026-01-02T04:44:49.005+0000] {processor.py:830} INFO - Processing file /home/airflow/.local/lib/python3.8/site-packages/airflow/example_dags/example_python_decorator.py for tasks to queue
[2026-01-02T04:44:49.006+0000] {logging_mixin.py:188} INFO - [2026-01-02T04:44:49.006+0000] {dagbag.py:538} INFO - Filling up the DagBag from /home/airflow/.local/lib/python3.8/site-packages/airflow/example_dags/example_python_decorator.py
[2026-01-02T04:44:49.011+0000] {processor.py:840} INFO - DAG(s) 'example_python_decorator' retrieved from /home/airflow/.local/lib/python3.8/site-packages/airflow/example_dags/example_python_decorator.py
[2026-01-02T04:44:49.023+0000] {logging_mixin.py:188} INFO - [2026-01-02T04:44:49.023+0000] {dag.py:3033} INFO - Sync 1 DAGs
[2026-01-02T04:44:49.029+0000] {logging_mixin.py:188} INFO - [2026-01-02T04:44:49.028+0000] {dag.py:3820} INFO - Setting next_dagrun for example_python_decorator to None, run_after=None
[2026-01-02T04:44:49.039+0000] {processor.py:183} INFO - Processing /home/airflow/.local/lib/python3.8/site-packages/airflow/example_dags/example_python_decorator.py took 0.035 seconds
[2026-01-02T04:45:19.362+0000] {processor.py:161} INFO - Started process (PID=819) to work on /home/airflow/.local/lib/python3.8/site-packages/airflow/example_dags/example_python_decorator.py
[2026-01-02T04:45:19.363+0000] {processor.py:830} INFO - Processing file /home/airflow/.local/lib/python3.8/site-packages/airflow/example_dags/example_python_decorator.py for tasks to queue
[2026-01-02T04:45:19.364+0000] {logging_mixin.py:188} INFO - [2026-01-02T04:45:19.364+0000] {dagbag.py:538} INFO - Filling up the DagBag from /home/airflow/.local/lib/python3.8/site-packages/airflow/example_dags/example_python_decorator.py
[2026-01-02T04:45:19.368+0000] {processor.py:840} INFO - DAG(s) 'example_python_decorator' retrieved from /home/airflow/.local/lib/python3.8/site-packages/airflow/example_dags/example_python_decorator.py
[2026-01-02T04:45:19.379+0000] {logging_mixin.py:188} INFO - [2026-01-02T04:45:19.379+0000] {dag.py:3033} INFO - Sync 1 DAGs
[2026-01-02T04:45:19.385+0000] {logging_mixin.py:188} INFO - [2026-01-02T04:45:19.385+0000] {dag.py:3820} INFO - Setting next_dagrun for example_python_decorator to None, run_after=None
[2026-01-02T04:45:19.396+0000] {processor.py:183} INFO - Processing /home/airflow/.local/lib/python3.8/site-packages/airflow/example_dags/example_python_decorator.py took 0.035 seconds
[2026-01-02T04:45:49.676+0000] {processor.py:161} INFO - Started process (PID=874) to work on /home/airflow/.local/lib/python3.8/site-packages/airflow/example_dags/example_python_decorator.py
[2026-01-02T04:45:49.677+0000] {processor.py:830} INFO - Processing file /home/airflow/.local/lib/python3.8/site-packages/airflow/example_dags/example_python_decorator.py for tasks to queue
[2026-01-02T04:45:49.678+0000] {logging_mixin.py:188} INFO - [2026-01-02T04:45:49.678+0000] {dagbag.py:538} INFO - Filling up the DagBag from /home/airflow/.local/lib/python3.8/site-packages/airflow/example_dags/example_python_decorator.py
[2026-01-02T04:45:49.683+0000] {processor.py:840} INFO - DAG(s) 'example_python_decorator' retrieved from /home/airflow/.local/lib/python3.8/site-packages/airflow/example_dags/example_python_decorator.py
[2026-01-02T04:45:49.694+0000] {logging_mixin.py:188} INFO - [2026-01-02T04:45:49.694+0000] {dag.py:3033} INFO - Sync 1 DAGs
[2026-01-02T04:45:49.700+0000] {logging_mixin.py:188} INFO - [2026-01-02T04:45:49.699+0000] {dag.py:3820} INFO - Setting next_dagrun for example_python_decorator to None, run_after=None
[2026-01-02T04:45:49.712+0000] {processor.py:183} INFO - Processing /home/airflow/.local/lib/python3.8/site-packages/airflow/example_dags/example_python_decorator.py took 0.037 seconds
[2026-01-02T04:46:19.917+0000] {processor.py:161} INFO - Started process (PID=929) to work on /home/airflow/.local/lib/python3.8/site-packages/airflow/example_dags/example_python_decorator.py
[2026-01-02T04:46:19.917+0000] {processor.py:830} INFO - Processing file /home/airflow/.local/lib/python3.8/site-packages/airflow/example_dags/example_python_decorator.py for tasks to queue
[2026-01-02T04:46:19.918+0000] {logging_mixin.py:188} INFO - [2026-01-02T04:46:19.918+0000] {dagbag.py:538} INFO - Filling up the DagBag from /home/airflow/.local/lib/python3.8/site-packages/airflow/example_dags/example_python_decorator.py
[2026-01-02T04:46:19.922+0000] {processor.py:840} INFO - DAG(s) 'example_python_decorator' retrieved from /home/airflow/.local/lib/python3.8/site-packages/airflow/example_dags/example_python_decorator.py
[2026-01-02T04:46:19.932+0000] {logging_mixin.py:188} INFO - [2026-01-02T04:46:19.931+0000] {dag.py:3033} INFO - Sync 1 DAGs
[2026-01-02T04:46:19.938+0000] {logging_mixin.py:188} INFO - [2026-01-02T04:46:19.938+0000] {dag.py:3820} INFO - Setting next_dagrun for example_python_decorator to None, run_after=None
[2026-01-02T04:46:19.947+0000] {processor.py:183} INFO - Processing /home/airflow/.local/lib/python3.8/site-packages/airflow/example_dags/example_python_decorator.py took 0.032 seconds
[2026-01-02T04:46:50.257+0000] {processor.py:161} INFO - Started process (PID=984) to work on /home/airflow/.local/lib/python3.8/site-packages/airflow/example_dags/example_python_decorator.py
[2026-01-02T04:46:50.258+0000] {processor.py:830} INFO - Processing file /home/airflow/.local/lib/python3.8/site-packages/airflow/example_dags/example_python_decorator.py for tasks to queue
[2026-01-02T04:46:50.259+0000] {logging_mixin.py:188} INFO - [2026-01-02T04:46:50.259+0000] {dagbag.py:538} INFO - Filling up the DagBag from /home/airflow/.local/lib/python3.8/site-packages/airflow/example_dags/example_python_decorator.py
[2026-01-02T04:46:50.264+0000] {processor.py:840} INFO - DAG(s) 'example_python_decorator' retrieved from /home/airflow/.local/lib/python3.8/site-packages/airflow/example_dags/example_python_decorator.py
[2026-01-02T04:46:50.278+0000] {logging_mixin.py:188} INFO - [2026-01-02T04:46:50.278+0000] {dag.py:3033} INFO - Sync 1 DAGs
[2026-01-02T04:46:50.284+0000] {logging_mixin.py:188} INFO - [2026-01-02T04:46:50.284+0000] {dag.py:3820} INFO - Setting next_dagrun for example_python_decorator to None, run_after=None
[2026-01-02T04:46:50.297+0000] {processor.py:183} INFO - Processing /home/airflow/.local/lib/python3.8/site-packages/airflow/example_dags/example_python_decorator.py took 0.041 seconds
[2026-01-02T04:47:20.535+0000] {processor.py:161} INFO - Started process (PID=1039) to work on /home/airflow/.local/lib/python3.8/site-packages/airflow/example_dags/example_python_decorator.py
[2026-01-02T04:47:20.536+0000] {processor.py:830} INFO - Processing file /home/airflow/.local/lib/python3.8/site-packages/airflow/example_dags/example_python_decorator.py for tasks to queue
[2026-01-02T04:47:20.537+0000] {logging_mixin.py:188} INFO - [2026-01-02T04:47:20.537+0000] {dagbag.py:538} INFO - Filling up the DagBag from /home/airflow/.local/lib/python3.8/site-packages/airflow/example_dags/example_python_decorator.py
[2026-01-02T04:47:20.541+0000] {processor.py:840} INFO - DAG(s) 'example_python_decorator' retrieved from /home/airflow/.local/lib/python3.8/site-packages/airflow/example_dags/example_python_decorator.py
[2026-01-02T04:47:20.557+0000] {logging_mixin.py:188} INFO - [2026-01-02T04:47:20.557+0000] {dag.py:3033} INFO - Sync 1 DAGs
[2026-01-02T04:47:20.564+0000] {logging_mixin.py:188} INFO - [2026-01-02T04:47:20.564+0000] {dag.py:3820} INFO - Setting next_dagrun for example_python_decorator to None, run_after=None
[2026-01-02T04:47:20.575+0000] {processor.py:183} INFO - Processing /home/airflow/.local/lib/python3.8/site-packages/airflow/example_dags/example_python_decorator.py took 0.041 seconds
