[2026-01-02T04:28:04.313+0000] {processor.py:161} INFO - Started process (PID=60) to work on /home/airflow/.local/lib/python3.8/site-packages/airflow/example_dags/example_external_task_marker_dag.py
[2026-01-02T04:28:04.313+0000] {processor.py:830} INFO - Processing file /home/airflow/.local/lib/python3.8/site-packages/airflow/example_dags/example_external_task_marker_dag.py for tasks to queue
[2026-01-02T04:28:04.314+0000] {logging_mixin.py:188} INFO - [2026-01-02T04:28:04.314+0000] {dagbag.py:538} INFO - Filling up the DagBag from /home/airflow/.local/lib/python3.8/site-packages/airflow/example_dags/example_external_task_marker_dag.py
[2026-01-02T04:28:04.318+0000] {processor.py:840} INFO - DAG(s) 'example_external_task_marker_child', 'example_external_task_marker_parent' retrieved from /home/airflow/.local/lib/python3.8/site-packages/airflow/example_dags/example_external_task_marker_dag.py
[2026-01-02T04:28:04.370+0000] {logging_mixin.py:188} INFO - [2026-01-02T04:28:04.369+0000] {override.py:1769} INFO - Created Permission View: can edit on DAG:example_external_task_marker_child
[2026-01-02T04:28:04.376+0000] {logging_mixin.py:188} INFO - [2026-01-02T04:28:04.375+0000] {override.py:1769} INFO - Created Permission View: can delete on DAG:example_external_task_marker_child
[2026-01-02T04:28:04.381+0000] {logging_mixin.py:188} INFO - [2026-01-02T04:28:04.381+0000] {override.py:1769} INFO - Created Permission View: can read on DAG:example_external_task_marker_child
[2026-01-02T04:28:04.391+0000] {logging_mixin.py:188} INFO - [2026-01-02T04:28:04.390+0000] {override.py:1769} INFO - Created Permission View: can edit on DAG:example_external_task_marker_parent
[2026-01-02T04:28:04.395+0000] {logging_mixin.py:188} INFO - [2026-01-02T04:28:04.395+0000] {override.py:1769} INFO - Created Permission View: can delete on DAG:example_external_task_marker_parent
[2026-01-02T04:28:04.400+0000] {logging_mixin.py:188} INFO - [2026-01-02T04:28:04.400+0000] {override.py:1769} INFO - Created Permission View: can read on DAG:example_external_task_marker_parent
[2026-01-02T04:28:04.401+0000] {logging_mixin.py:188} INFO - [2026-01-02T04:28:04.400+0000] {dag.py:3033} INFO - Sync 2 DAGs
[2026-01-02T04:28:04.406+0000] {logging_mixin.py:188} INFO - [2026-01-02T04:28:04.406+0000] {dag.py:3055} INFO - Creating ORM DAG for example_external_task_marker_child
[2026-01-02T04:28:04.407+0000] {logging_mixin.py:188} INFO - [2026-01-02T04:28:04.407+0000] {dag.py:3055} INFO - Creating ORM DAG for example_external_task_marker_parent
[2026-01-02T04:28:04.407+0000] {logging_mixin.py:188} INFO - [2026-01-02T04:28:04.407+0000] {dag.py:3820} INFO - Setting next_dagrun for example_external_task_marker_child to None, run_after=None
[2026-01-02T04:28:04.407+0000] {logging_mixin.py:188} INFO - [2026-01-02T04:28:04.407+0000] {dag.py:3820} INFO - Setting next_dagrun for example_external_task_marker_parent to None, run_after=None
[2026-01-02T04:28:04.420+0000] {processor.py:183} INFO - Processing /home/airflow/.local/lib/python3.8/site-packages/airflow/example_dags/example_external_task_marker_dag.py took 0.109 seconds
[2026-01-02T04:28:35.152+0000] {processor.py:161} INFO - Started process (PID=121) to work on /home/airflow/.local/lib/python3.8/site-packages/airflow/example_dags/example_external_task_marker_dag.py
[2026-01-02T04:28:35.155+0000] {processor.py:830} INFO - Processing file /home/airflow/.local/lib/python3.8/site-packages/airflow/example_dags/example_external_task_marker_dag.py for tasks to queue
[2026-01-02T04:28:35.156+0000] {logging_mixin.py:188} INFO - [2026-01-02T04:28:35.156+0000] {dagbag.py:538} INFO - Filling up the DagBag from /home/airflow/.local/lib/python3.8/site-packages/airflow/example_dags/example_external_task_marker_dag.py
[2026-01-02T04:28:35.158+0000] {processor.py:840} INFO - DAG(s) 'example_external_task_marker_parent', 'example_external_task_marker_child' retrieved from /home/airflow/.local/lib/python3.8/site-packages/airflow/example_dags/example_external_task_marker_dag.py
[2026-01-02T04:28:35.169+0000] {logging_mixin.py:188} INFO - [2026-01-02T04:28:35.169+0000] {dag.py:3033} INFO - Sync 2 DAGs
[2026-01-02T04:28:35.175+0000] {logging_mixin.py:188} INFO - [2026-01-02T04:28:35.175+0000] {dag.py:3820} INFO - Setting next_dagrun for example_external_task_marker_child to None, run_after=None
[2026-01-02T04:28:35.178+0000] {logging_mixin.py:188} INFO - [2026-01-02T04:28:35.178+0000] {dag.py:3820} INFO - Setting next_dagrun for example_external_task_marker_parent to None, run_after=None
[2026-01-02T04:28:35.188+0000] {processor.py:183} INFO - Processing /home/airflow/.local/lib/python3.8/site-packages/airflow/example_dags/example_external_task_marker_dag.py took 0.037 seconds
[2026-01-02T04:29:59.941+0000] {processor.py:161} INFO - Started process (PID=58) to work on /home/airflow/.local/lib/python3.8/site-packages/airflow/example_dags/example_external_task_marker_dag.py
[2026-01-02T04:29:59.941+0000] {processor.py:830} INFO - Processing file /home/airflow/.local/lib/python3.8/site-packages/airflow/example_dags/example_external_task_marker_dag.py for tasks to queue
[2026-01-02T04:29:59.942+0000] {logging_mixin.py:188} INFO - [2026-01-02T04:29:59.942+0000] {dagbag.py:538} INFO - Filling up the DagBag from /home/airflow/.local/lib/python3.8/site-packages/airflow/example_dags/example_external_task_marker_dag.py
[2026-01-02T04:29:59.947+0000] {processor.py:840} INFO - DAG(s) 'example_external_task_marker_parent', 'example_external_task_marker_child' retrieved from /home/airflow/.local/lib/python3.8/site-packages/airflow/example_dags/example_external_task_marker_dag.py
[2026-01-02T04:29:59.954+0000] {logging_mixin.py:188} INFO - [2026-01-02T04:29:59.954+0000] {dag.py:3033} INFO - Sync 2 DAGs
[2026-01-02T04:29:59.962+0000] {logging_mixin.py:188} INFO - [2026-01-02T04:29:59.962+0000] {dag.py:3820} INFO - Setting next_dagrun for example_external_task_marker_child to None, run_after=None
[2026-01-02T04:29:59.965+0000] {logging_mixin.py:188} INFO - [2026-01-02T04:29:59.965+0000] {dag.py:3820} INFO - Setting next_dagrun for example_external_task_marker_parent to None, run_after=None
[2026-01-02T04:29:59.991+0000] {processor.py:183} INFO - Processing /home/airflow/.local/lib/python3.8/site-packages/airflow/example_dags/example_external_task_marker_dag.py took 0.052 seconds
[2026-01-02T04:30:30.781+0000] {processor.py:161} INFO - Started process (PID=113) to work on /home/airflow/.local/lib/python3.8/site-packages/airflow/example_dags/example_external_task_marker_dag.py
[2026-01-02T04:30:30.782+0000] {processor.py:830} INFO - Processing file /home/airflow/.local/lib/python3.8/site-packages/airflow/example_dags/example_external_task_marker_dag.py for tasks to queue
[2026-01-02T04:30:30.783+0000] {logging_mixin.py:188} INFO - [2026-01-02T04:30:30.783+0000] {dagbag.py:538} INFO - Filling up the DagBag from /home/airflow/.local/lib/python3.8/site-packages/airflow/example_dags/example_external_task_marker_dag.py
[2026-01-02T04:30:30.786+0000] {processor.py:840} INFO - DAG(s) 'example_external_task_marker_parent', 'example_external_task_marker_child' retrieved from /home/airflow/.local/lib/python3.8/site-packages/airflow/example_dags/example_external_task_marker_dag.py
[2026-01-02T04:30:30.849+0000] {logging_mixin.py:188} INFO - [2026-01-02T04:30:30.849+0000] {dag.py:3033} INFO - Sync 2 DAGs
[2026-01-02T04:30:30.856+0000] {logging_mixin.py:188} INFO - [2026-01-02T04:30:30.855+0000] {dag.py:3820} INFO - Setting next_dagrun for example_external_task_marker_child to None, run_after=None
[2026-01-02T04:30:30.857+0000] {logging_mixin.py:188} INFO - [2026-01-02T04:30:30.857+0000] {dag.py:3820} INFO - Setting next_dagrun for example_external_task_marker_parent to None, run_after=None
[2026-01-02T04:30:30.872+0000] {processor.py:183} INFO - Processing /home/airflow/.local/lib/python3.8/site-packages/airflow/example_dags/example_external_task_marker_dag.py took 0.093 seconds
[2026-01-02T04:31:00.976+0000] {processor.py:161} INFO - Started process (PID=168) to work on /home/airflow/.local/lib/python3.8/site-packages/airflow/example_dags/example_external_task_marker_dag.py
[2026-01-02T04:31:00.976+0000] {processor.py:830} INFO - Processing file /home/airflow/.local/lib/python3.8/site-packages/airflow/example_dags/example_external_task_marker_dag.py for tasks to queue
[2026-01-02T04:31:00.978+0000] {logging_mixin.py:188} INFO - [2026-01-02T04:31:00.977+0000] {dagbag.py:538} INFO - Filling up the DagBag from /home/airflow/.local/lib/python3.8/site-packages/airflow/example_dags/example_external_task_marker_dag.py
[2026-01-02T04:31:00.980+0000] {processor.py:840} INFO - DAG(s) 'example_external_task_marker_parent', 'example_external_task_marker_child' retrieved from /home/airflow/.local/lib/python3.8/site-packages/airflow/example_dags/example_external_task_marker_dag.py
[2026-01-02T04:31:00.991+0000] {logging_mixin.py:188} INFO - [2026-01-02T04:31:00.991+0000] {dag.py:3033} INFO - Sync 2 DAGs
[2026-01-02T04:31:00.997+0000] {logging_mixin.py:188} INFO - [2026-01-02T04:31:00.997+0000] {dag.py:3820} INFO - Setting next_dagrun for example_external_task_marker_child to None, run_after=None
[2026-01-02T04:31:00.998+0000] {logging_mixin.py:188} INFO - [2026-01-02T04:31:00.998+0000] {dag.py:3820} INFO - Setting next_dagrun for example_external_task_marker_parent to None, run_after=None
[2026-01-02T04:31:01.007+0000] {processor.py:183} INFO - Processing /home/airflow/.local/lib/python3.8/site-packages/airflow/example_dags/example_external_task_marker_dag.py took 0.032 seconds
[2026-01-02T04:31:31.446+0000] {processor.py:161} INFO - Started process (PID=223) to work on /home/airflow/.local/lib/python3.8/site-packages/airflow/example_dags/example_external_task_marker_dag.py
[2026-01-02T04:31:31.447+0000] {processor.py:830} INFO - Processing file /home/airflow/.local/lib/python3.8/site-packages/airflow/example_dags/example_external_task_marker_dag.py for tasks to queue
[2026-01-02T04:31:31.448+0000] {logging_mixin.py:188} INFO - [2026-01-02T04:31:31.448+0000] {dagbag.py:538} INFO - Filling up the DagBag from /home/airflow/.local/lib/python3.8/site-packages/airflow/example_dags/example_external_task_marker_dag.py
[2026-01-02T04:31:31.450+0000] {processor.py:840} INFO - DAG(s) 'example_external_task_marker_parent', 'example_external_task_marker_child' retrieved from /home/airflow/.local/lib/python3.8/site-packages/airflow/example_dags/example_external_task_marker_dag.py
[2026-01-02T04:31:31.462+0000] {logging_mixin.py:188} INFO - [2026-01-02T04:31:31.462+0000] {dag.py:3033} INFO - Sync 2 DAGs
[2026-01-02T04:31:31.467+0000] {logging_mixin.py:188} INFO - [2026-01-02T04:31:31.467+0000] {dag.py:3820} INFO - Setting next_dagrun for example_external_task_marker_child to None, run_after=None
[2026-01-02T04:31:31.469+0000] {logging_mixin.py:188} INFO - [2026-01-02T04:31:31.469+0000] {dag.py:3820} INFO - Setting next_dagrun for example_external_task_marker_parent to None, run_after=None
[2026-01-02T04:31:31.478+0000] {processor.py:183} INFO - Processing /home/airflow/.local/lib/python3.8/site-packages/airflow/example_dags/example_external_task_marker_dag.py took 0.033 seconds
[2026-01-02T04:32:01.832+0000] {processor.py:161} INFO - Started process (PID=278) to work on /home/airflow/.local/lib/python3.8/site-packages/airflow/example_dags/example_external_task_marker_dag.py
[2026-01-02T04:32:01.833+0000] {processor.py:830} INFO - Processing file /home/airflow/.local/lib/python3.8/site-packages/airflow/example_dags/example_external_task_marker_dag.py for tasks to queue
[2026-01-02T04:32:01.834+0000] {logging_mixin.py:188} INFO - [2026-01-02T04:32:01.834+0000] {dagbag.py:538} INFO - Filling up the DagBag from /home/airflow/.local/lib/python3.8/site-packages/airflow/example_dags/example_external_task_marker_dag.py
[2026-01-02T04:32:01.837+0000] {processor.py:840} INFO - DAG(s) 'example_external_task_marker_child', 'example_external_task_marker_parent' retrieved from /home/airflow/.local/lib/python3.8/site-packages/airflow/example_dags/example_external_task_marker_dag.py
[2026-01-02T04:32:01.848+0000] {logging_mixin.py:188} INFO - [2026-01-02T04:32:01.848+0000] {dag.py:3033} INFO - Sync 2 DAGs
[2026-01-02T04:32:01.854+0000] {logging_mixin.py:188} INFO - [2026-01-02T04:32:01.854+0000] {dag.py:3820} INFO - Setting next_dagrun for example_external_task_marker_child to None, run_after=None
[2026-01-02T04:32:01.856+0000] {logging_mixin.py:188} INFO - [2026-01-02T04:32:01.856+0000] {dag.py:3820} INFO - Setting next_dagrun for example_external_task_marker_parent to None, run_after=None
[2026-01-02T04:32:01.865+0000] {processor.py:183} INFO - Processing /home/airflow/.local/lib/python3.8/site-packages/airflow/example_dags/example_external_task_marker_dag.py took 0.034 seconds
[2026-01-02T04:32:32.223+0000] {processor.py:161} INFO - Started process (PID=333) to work on /home/airflow/.local/lib/python3.8/site-packages/airflow/example_dags/example_external_task_marker_dag.py
[2026-01-02T04:32:32.223+0000] {processor.py:830} INFO - Processing file /home/airflow/.local/lib/python3.8/site-packages/airflow/example_dags/example_external_task_marker_dag.py for tasks to queue
[2026-01-02T04:32:32.224+0000] {logging_mixin.py:188} INFO - [2026-01-02T04:32:32.224+0000] {dagbag.py:538} INFO - Filling up the DagBag from /home/airflow/.local/lib/python3.8/site-packages/airflow/example_dags/example_external_task_marker_dag.py
[2026-01-02T04:32:32.228+0000] {processor.py:840} INFO - DAG(s) 'example_external_task_marker_child', 'example_external_task_marker_parent' retrieved from /home/airflow/.local/lib/python3.8/site-packages/airflow/example_dags/example_external_task_marker_dag.py
[2026-01-02T04:32:32.238+0000] {logging_mixin.py:188} INFO - [2026-01-02T04:32:32.238+0000] {dag.py:3033} INFO - Sync 2 DAGs
[2026-01-02T04:32:32.244+0000] {logging_mixin.py:188} INFO - [2026-01-02T04:32:32.244+0000] {dag.py:3820} INFO - Setting next_dagrun for example_external_task_marker_child to None, run_after=None
[2026-01-02T04:32:32.245+0000] {logging_mixin.py:188} INFO - [2026-01-02T04:32:32.245+0000] {dag.py:3820} INFO - Setting next_dagrun for example_external_task_marker_parent to None, run_after=None
[2026-01-02T04:32:32.256+0000] {processor.py:183} INFO - Processing /home/airflow/.local/lib/python3.8/site-packages/airflow/example_dags/example_external_task_marker_dag.py took 0.035 seconds
[2026-01-02T04:33:02.471+0000] {processor.py:161} INFO - Started process (PID=388) to work on /home/airflow/.local/lib/python3.8/site-packages/airflow/example_dags/example_external_task_marker_dag.py
[2026-01-02T04:33:02.471+0000] {processor.py:830} INFO - Processing file /home/airflow/.local/lib/python3.8/site-packages/airflow/example_dags/example_external_task_marker_dag.py for tasks to queue
[2026-01-02T04:33:02.472+0000] {logging_mixin.py:188} INFO - [2026-01-02T04:33:02.472+0000] {dagbag.py:538} INFO - Filling up the DagBag from /home/airflow/.local/lib/python3.8/site-packages/airflow/example_dags/example_external_task_marker_dag.py
[2026-01-02T04:33:02.474+0000] {processor.py:840} INFO - DAG(s) 'example_external_task_marker_parent', 'example_external_task_marker_child' retrieved from /home/airflow/.local/lib/python3.8/site-packages/airflow/example_dags/example_external_task_marker_dag.py
[2026-01-02T04:33:02.484+0000] {logging_mixin.py:188} INFO - [2026-01-02T04:33:02.484+0000] {dag.py:3033} INFO - Sync 2 DAGs
[2026-01-02T04:33:02.490+0000] {logging_mixin.py:188} INFO - [2026-01-02T04:33:02.490+0000] {dag.py:3820} INFO - Setting next_dagrun for example_external_task_marker_child to None, run_after=None
[2026-01-02T04:33:02.491+0000] {logging_mixin.py:188} INFO - [2026-01-02T04:33:02.491+0000] {dag.py:3820} INFO - Setting next_dagrun for example_external_task_marker_parent to None, run_after=None
[2026-01-02T04:33:02.499+0000] {processor.py:183} INFO - Processing /home/airflow/.local/lib/python3.8/site-packages/airflow/example_dags/example_external_task_marker_dag.py took 0.030 seconds
[2026-01-02T04:33:32.794+0000] {processor.py:161} INFO - Started process (PID=443) to work on /home/airflow/.local/lib/python3.8/site-packages/airflow/example_dags/example_external_task_marker_dag.py
[2026-01-02T04:33:32.794+0000] {processor.py:830} INFO - Processing file /home/airflow/.local/lib/python3.8/site-packages/airflow/example_dags/example_external_task_marker_dag.py for tasks to queue
[2026-01-02T04:33:32.795+0000] {logging_mixin.py:188} INFO - [2026-01-02T04:33:32.795+0000] {dagbag.py:538} INFO - Filling up the DagBag from /home/airflow/.local/lib/python3.8/site-packages/airflow/example_dags/example_external_task_marker_dag.py
[2026-01-02T04:33:32.798+0000] {processor.py:840} INFO - DAG(s) 'example_external_task_marker_parent', 'example_external_task_marker_child' retrieved from /home/airflow/.local/lib/python3.8/site-packages/airflow/example_dags/example_external_task_marker_dag.py
[2026-01-02T04:33:32.809+0000] {logging_mixin.py:188} INFO - [2026-01-02T04:33:32.809+0000] {dag.py:3033} INFO - Sync 2 DAGs
[2026-01-02T04:33:32.814+0000] {logging_mixin.py:188} INFO - [2026-01-02T04:33:32.814+0000] {dag.py:3820} INFO - Setting next_dagrun for example_external_task_marker_child to None, run_after=None
[2026-01-02T04:33:32.816+0000] {logging_mixin.py:188} INFO - [2026-01-02T04:33:32.816+0000] {dag.py:3820} INFO - Setting next_dagrun for example_external_task_marker_parent to None, run_after=None
[2026-01-02T04:33:32.824+0000] {processor.py:183} INFO - Processing /home/airflow/.local/lib/python3.8/site-packages/airflow/example_dags/example_external_task_marker_dag.py took 0.032 seconds
[2026-01-02T04:34:03.084+0000] {processor.py:161} INFO - Started process (PID=498) to work on /home/airflow/.local/lib/python3.8/site-packages/airflow/example_dags/example_external_task_marker_dag.py
[2026-01-02T04:34:03.085+0000] {processor.py:830} INFO - Processing file /home/airflow/.local/lib/python3.8/site-packages/airflow/example_dags/example_external_task_marker_dag.py for tasks to queue
[2026-01-02T04:34:03.086+0000] {logging_mixin.py:188} INFO - [2026-01-02T04:34:03.086+0000] {dagbag.py:538} INFO - Filling up the DagBag from /home/airflow/.local/lib/python3.8/site-packages/airflow/example_dags/example_external_task_marker_dag.py
[2026-01-02T04:34:03.089+0000] {processor.py:840} INFO - DAG(s) 'example_external_task_marker_child', 'example_external_task_marker_parent' retrieved from /home/airflow/.local/lib/python3.8/site-packages/airflow/example_dags/example_external_task_marker_dag.py
[2026-01-02T04:34:03.102+0000] {logging_mixin.py:188} INFO - [2026-01-02T04:34:03.102+0000] {dag.py:3033} INFO - Sync 2 DAGs
[2026-01-02T04:34:03.108+0000] {logging_mixin.py:188} INFO - [2026-01-02T04:34:03.107+0000] {dag.py:3820} INFO - Setting next_dagrun for example_external_task_marker_child to None, run_after=None
[2026-01-02T04:34:03.109+0000] {logging_mixin.py:188} INFO - [2026-01-02T04:34:03.109+0000] {dag.py:3820} INFO - Setting next_dagrun for example_external_task_marker_parent to None, run_after=None
[2026-01-02T04:34:03.121+0000] {processor.py:183} INFO - Processing /home/airflow/.local/lib/python3.8/site-packages/airflow/example_dags/example_external_task_marker_dag.py took 0.039 seconds
[2026-01-02T04:34:33.402+0000] {processor.py:161} INFO - Started process (PID=553) to work on /home/airflow/.local/lib/python3.8/site-packages/airflow/example_dags/example_external_task_marker_dag.py
[2026-01-02T04:34:33.402+0000] {processor.py:830} INFO - Processing file /home/airflow/.local/lib/python3.8/site-packages/airflow/example_dags/example_external_task_marker_dag.py for tasks to queue
[2026-01-02T04:34:33.403+0000] {logging_mixin.py:188} INFO - [2026-01-02T04:34:33.403+0000] {dagbag.py:538} INFO - Filling up the DagBag from /home/airflow/.local/lib/python3.8/site-packages/airflow/example_dags/example_external_task_marker_dag.py
[2026-01-02T04:34:33.406+0000] {processor.py:840} INFO - DAG(s) 'example_external_task_marker_parent', 'example_external_task_marker_child' retrieved from /home/airflow/.local/lib/python3.8/site-packages/airflow/example_dags/example_external_task_marker_dag.py
[2026-01-02T04:34:33.416+0000] {logging_mixin.py:188} INFO - [2026-01-02T04:34:33.416+0000] {dag.py:3033} INFO - Sync 2 DAGs
[2026-01-02T04:34:33.423+0000] {logging_mixin.py:188} INFO - [2026-01-02T04:34:33.423+0000] {dag.py:3820} INFO - Setting next_dagrun for example_external_task_marker_child to None, run_after=None
[2026-01-02T04:34:33.425+0000] {logging_mixin.py:188} INFO - [2026-01-02T04:34:33.425+0000] {dag.py:3820} INFO - Setting next_dagrun for example_external_task_marker_parent to None, run_after=None
[2026-01-02T04:34:33.441+0000] {processor.py:183} INFO - Processing /home/airflow/.local/lib/python3.8/site-packages/airflow/example_dags/example_external_task_marker_dag.py took 0.040 seconds
[2026-01-02T04:35:03.711+0000] {processor.py:161} INFO - Started process (PID=608) to work on /home/airflow/.local/lib/python3.8/site-packages/airflow/example_dags/example_external_task_marker_dag.py
[2026-01-02T04:35:03.711+0000] {processor.py:830} INFO - Processing file /home/airflow/.local/lib/python3.8/site-packages/airflow/example_dags/example_external_task_marker_dag.py for tasks to queue
[2026-01-02T04:35:03.712+0000] {logging_mixin.py:188} INFO - [2026-01-02T04:35:03.712+0000] {dagbag.py:538} INFO - Filling up the DagBag from /home/airflow/.local/lib/python3.8/site-packages/airflow/example_dags/example_external_task_marker_dag.py
[2026-01-02T04:35:03.714+0000] {processor.py:840} INFO - DAG(s) 'example_external_task_marker_child', 'example_external_task_marker_parent' retrieved from /home/airflow/.local/lib/python3.8/site-packages/airflow/example_dags/example_external_task_marker_dag.py
[2026-01-02T04:35:03.726+0000] {logging_mixin.py:188} INFO - [2026-01-02T04:35:03.726+0000] {dag.py:3033} INFO - Sync 2 DAGs
[2026-01-02T04:35:03.732+0000] {logging_mixin.py:188} INFO - [2026-01-02T04:35:03.732+0000] {dag.py:3820} INFO - Setting next_dagrun for example_external_task_marker_child to None, run_after=None
[2026-01-02T04:35:03.734+0000] {logging_mixin.py:188} INFO - [2026-01-02T04:35:03.733+0000] {dag.py:3820} INFO - Setting next_dagrun for example_external_task_marker_parent to None, run_after=None
[2026-01-02T04:35:03.747+0000] {processor.py:183} INFO - Processing /home/airflow/.local/lib/python3.8/site-packages/airflow/example_dags/example_external_task_marker_dag.py took 0.038 seconds
[2026-01-02T04:35:34.054+0000] {processor.py:161} INFO - Started process (PID=663) to work on /home/airflow/.local/lib/python3.8/site-packages/airflow/example_dags/example_external_task_marker_dag.py
[2026-01-02T04:35:34.054+0000] {processor.py:830} INFO - Processing file /home/airflow/.local/lib/python3.8/site-packages/airflow/example_dags/example_external_task_marker_dag.py for tasks to queue
[2026-01-02T04:35:34.055+0000] {logging_mixin.py:188} INFO - [2026-01-02T04:35:34.055+0000] {dagbag.py:538} INFO - Filling up the DagBag from /home/airflow/.local/lib/python3.8/site-packages/airflow/example_dags/example_external_task_marker_dag.py
[2026-01-02T04:35:34.058+0000] {processor.py:840} INFO - DAG(s) 'example_external_task_marker_parent', 'example_external_task_marker_child' retrieved from /home/airflow/.local/lib/python3.8/site-packages/airflow/example_dags/example_external_task_marker_dag.py
[2026-01-02T04:35:34.068+0000] {logging_mixin.py:188} INFO - [2026-01-02T04:35:34.068+0000] {dag.py:3033} INFO - Sync 2 DAGs
[2026-01-02T04:35:34.074+0000] {logging_mixin.py:188} INFO - [2026-01-02T04:35:34.074+0000] {dag.py:3820} INFO - Setting next_dagrun for example_external_task_marker_child to None, run_after=None
[2026-01-02T04:35:34.076+0000] {logging_mixin.py:188} INFO - [2026-01-02T04:35:34.076+0000] {dag.py:3820} INFO - Setting next_dagrun for example_external_task_marker_parent to None, run_after=None
[2026-01-02T04:35:34.087+0000] {processor.py:183} INFO - Processing /home/airflow/.local/lib/python3.8/site-packages/airflow/example_dags/example_external_task_marker_dag.py took 0.035 seconds
[2026-01-02T04:36:04.300+0000] {processor.py:161} INFO - Started process (PID=718) to work on /home/airflow/.local/lib/python3.8/site-packages/airflow/example_dags/example_external_task_marker_dag.py
[2026-01-02T04:36:04.300+0000] {processor.py:830} INFO - Processing file /home/airflow/.local/lib/python3.8/site-packages/airflow/example_dags/example_external_task_marker_dag.py for tasks to queue
[2026-01-02T04:36:04.301+0000] {logging_mixin.py:188} INFO - [2026-01-02T04:36:04.301+0000] {dagbag.py:538} INFO - Filling up the DagBag from /home/airflow/.local/lib/python3.8/site-packages/airflow/example_dags/example_external_task_marker_dag.py
[2026-01-02T04:36:04.304+0000] {processor.py:840} INFO - DAG(s) 'example_external_task_marker_child', 'example_external_task_marker_parent' retrieved from /home/airflow/.local/lib/python3.8/site-packages/airflow/example_dags/example_external_task_marker_dag.py
[2026-01-02T04:36:04.317+0000] {logging_mixin.py:188} INFO - [2026-01-02T04:36:04.317+0000] {dag.py:3033} INFO - Sync 2 DAGs
[2026-01-02T04:36:04.325+0000] {logging_mixin.py:188} INFO - [2026-01-02T04:36:04.325+0000] {dag.py:3820} INFO - Setting next_dagrun for example_external_task_marker_child to None, run_after=None
[2026-01-02T04:36:04.328+0000] {logging_mixin.py:188} INFO - [2026-01-02T04:36:04.327+0000] {dag.py:3820} INFO - Setting next_dagrun for example_external_task_marker_parent to None, run_after=None
[2026-01-02T04:36:04.340+0000] {processor.py:183} INFO - Processing /home/airflow/.local/lib/python3.8/site-packages/airflow/example_dags/example_external_task_marker_dag.py took 0.042 seconds
[2026-01-02T04:38:44.944+0000] {processor.py:161} INFO - Started process (PID=60) to work on /home/airflow/.local/lib/python3.8/site-packages/airflow/example_dags/example_external_task_marker_dag.py
[2026-01-02T04:38:44.944+0000] {processor.py:830} INFO - Processing file /home/airflow/.local/lib/python3.8/site-packages/airflow/example_dags/example_external_task_marker_dag.py for tasks to queue
[2026-01-02T04:38:44.947+0000] {logging_mixin.py:188} INFO - [2026-01-02T04:38:44.947+0000] {dagbag.py:538} INFO - Filling up the DagBag from /home/airflow/.local/lib/python3.8/site-packages/airflow/example_dags/example_external_task_marker_dag.py
[2026-01-02T04:38:44.950+0000] {processor.py:840} INFO - DAG(s) 'example_external_task_marker_child', 'example_external_task_marker_parent' retrieved from /home/airflow/.local/lib/python3.8/site-packages/airflow/example_dags/example_external_task_marker_dag.py
[2026-01-02T04:38:44.958+0000] {logging_mixin.py:188} INFO - [2026-01-02T04:38:44.957+0000] {dag.py:3033} INFO - Sync 2 DAGs
[2026-01-02T04:38:44.964+0000] {logging_mixin.py:188} INFO - [2026-01-02T04:38:44.964+0000] {dag.py:3820} INFO - Setting next_dagrun for example_external_task_marker_child to None, run_after=None
[2026-01-02T04:38:44.966+0000] {logging_mixin.py:188} INFO - [2026-01-02T04:38:44.966+0000] {dag.py:3820} INFO - Setting next_dagrun for example_external_task_marker_parent to None, run_after=None
[2026-01-02T04:38:44.976+0000] {processor.py:183} INFO - Processing /home/airflow/.local/lib/python3.8/site-packages/airflow/example_dags/example_external_task_marker_dag.py took 0.033 seconds
[2026-01-02T04:39:15.398+0000] {processor.py:161} INFO - Started process (PID=115) to work on /home/airflow/.local/lib/python3.8/site-packages/airflow/example_dags/example_external_task_marker_dag.py
[2026-01-02T04:39:15.398+0000] {processor.py:830} INFO - Processing file /home/airflow/.local/lib/python3.8/site-packages/airflow/example_dags/example_external_task_marker_dag.py for tasks to queue
[2026-01-02T04:39:15.399+0000] {logging_mixin.py:188} INFO - [2026-01-02T04:39:15.399+0000] {dagbag.py:538} INFO - Filling up the DagBag from /home/airflow/.local/lib/python3.8/site-packages/airflow/example_dags/example_external_task_marker_dag.py
[2026-01-02T04:39:15.403+0000] {processor.py:840} INFO - DAG(s) 'example_external_task_marker_parent', 'example_external_task_marker_child' retrieved from /home/airflow/.local/lib/python3.8/site-packages/airflow/example_dags/example_external_task_marker_dag.py
[2026-01-02T04:39:15.450+0000] {logging_mixin.py:188} INFO - [2026-01-02T04:39:15.450+0000] {dag.py:3033} INFO - Sync 2 DAGs
[2026-01-02T04:39:15.455+0000] {logging_mixin.py:188} INFO - [2026-01-02T04:39:15.455+0000] {dag.py:3820} INFO - Setting next_dagrun for example_external_task_marker_child to None, run_after=None
[2026-01-02T04:39:15.457+0000] {logging_mixin.py:188} INFO - [2026-01-02T04:39:15.457+0000] {dag.py:3820} INFO - Setting next_dagrun for example_external_task_marker_parent to None, run_after=None
[2026-01-02T04:39:15.467+0000] {processor.py:183} INFO - Processing /home/airflow/.local/lib/python3.8/site-packages/airflow/example_dags/example_external_task_marker_dag.py took 0.071 seconds
[2026-01-02T04:39:46.252+0000] {processor.py:161} INFO - Started process (PID=176) to work on /home/airflow/.local/lib/python3.8/site-packages/airflow/example_dags/example_external_task_marker_dag.py
[2026-01-02T04:39:46.252+0000] {processor.py:830} INFO - Processing file /home/airflow/.local/lib/python3.8/site-packages/airflow/example_dags/example_external_task_marker_dag.py for tasks to queue
[2026-01-02T04:39:46.253+0000] {logging_mixin.py:188} INFO - [2026-01-02T04:39:46.253+0000] {dagbag.py:538} INFO - Filling up the DagBag from /home/airflow/.local/lib/python3.8/site-packages/airflow/example_dags/example_external_task_marker_dag.py
[2026-01-02T04:39:46.255+0000] {processor.py:840} INFO - DAG(s) 'example_external_task_marker_parent', 'example_external_task_marker_child' retrieved from /home/airflow/.local/lib/python3.8/site-packages/airflow/example_dags/example_external_task_marker_dag.py
[2026-01-02T04:39:46.267+0000] {logging_mixin.py:188} INFO - [2026-01-02T04:39:46.267+0000] {dag.py:3033} INFO - Sync 2 DAGs
[2026-01-02T04:39:46.273+0000] {logging_mixin.py:188} INFO - [2026-01-02T04:39:46.273+0000] {dag.py:3820} INFO - Setting next_dagrun for example_external_task_marker_child to None, run_after=None
[2026-01-02T04:39:46.274+0000] {logging_mixin.py:188} INFO - [2026-01-02T04:39:46.274+0000] {dag.py:3820} INFO - Setting next_dagrun for example_external_task_marker_parent to None, run_after=None
[2026-01-02T04:39:46.283+0000] {processor.py:183} INFO - Processing /home/airflow/.local/lib/python3.8/site-packages/airflow/example_dags/example_external_task_marker_dag.py took 0.033 seconds
[2026-01-02T04:40:16.449+0000] {processor.py:161} INFO - Started process (PID=231) to work on /home/airflow/.local/lib/python3.8/site-packages/airflow/example_dags/example_external_task_marker_dag.py
[2026-01-02T04:40:16.450+0000] {processor.py:830} INFO - Processing file /home/airflow/.local/lib/python3.8/site-packages/airflow/example_dags/example_external_task_marker_dag.py for tasks to queue
[2026-01-02T04:40:16.451+0000] {logging_mixin.py:188} INFO - [2026-01-02T04:40:16.451+0000] {dagbag.py:538} INFO - Filling up the DagBag from /home/airflow/.local/lib/python3.8/site-packages/airflow/example_dags/example_external_task_marker_dag.py
[2026-01-02T04:40:16.454+0000] {processor.py:840} INFO - DAG(s) 'example_external_task_marker_parent', 'example_external_task_marker_child' retrieved from /home/airflow/.local/lib/python3.8/site-packages/airflow/example_dags/example_external_task_marker_dag.py
[2026-01-02T04:40:16.466+0000] {logging_mixin.py:188} INFO - [2026-01-02T04:40:16.465+0000] {dag.py:3033} INFO - Sync 2 DAGs
[2026-01-02T04:40:16.471+0000] {logging_mixin.py:188} INFO - [2026-01-02T04:40:16.471+0000] {dag.py:3820} INFO - Setting next_dagrun for example_external_task_marker_child to None, run_after=None
[2026-01-02T04:40:16.473+0000] {logging_mixin.py:188} INFO - [2026-01-02T04:40:16.473+0000] {dag.py:3820} INFO - Setting next_dagrun for example_external_task_marker_parent to None, run_after=None
[2026-01-02T04:40:16.481+0000] {processor.py:183} INFO - Processing /home/airflow/.local/lib/python3.8/site-packages/airflow/example_dags/example_external_task_marker_dag.py took 0.033 seconds
[2026-01-02T04:40:46.625+0000] {processor.py:161} INFO - Started process (PID=286) to work on /home/airflow/.local/lib/python3.8/site-packages/airflow/example_dags/example_external_task_marker_dag.py
[2026-01-02T04:40:46.625+0000] {processor.py:830} INFO - Processing file /home/airflow/.local/lib/python3.8/site-packages/airflow/example_dags/example_external_task_marker_dag.py for tasks to queue
[2026-01-02T04:40:46.626+0000] {logging_mixin.py:188} INFO - [2026-01-02T04:40:46.626+0000] {dagbag.py:538} INFO - Filling up the DagBag from /home/airflow/.local/lib/python3.8/site-packages/airflow/example_dags/example_external_task_marker_dag.py
[2026-01-02T04:40:46.629+0000] {processor.py:840} INFO - DAG(s) 'example_external_task_marker_child', 'example_external_task_marker_parent' retrieved from /home/airflow/.local/lib/python3.8/site-packages/airflow/example_dags/example_external_task_marker_dag.py
[2026-01-02T04:40:46.640+0000] {logging_mixin.py:188} INFO - [2026-01-02T04:40:46.640+0000] {dag.py:3033} INFO - Sync 2 DAGs
[2026-01-02T04:40:46.646+0000] {logging_mixin.py:188} INFO - [2026-01-02T04:40:46.646+0000] {dag.py:3820} INFO - Setting next_dagrun for example_external_task_marker_child to None, run_after=None
[2026-01-02T04:40:46.647+0000] {logging_mixin.py:188} INFO - [2026-01-02T04:40:46.647+0000] {dag.py:3820} INFO - Setting next_dagrun for example_external_task_marker_parent to None, run_after=None
[2026-01-02T04:40:46.656+0000] {processor.py:183} INFO - Processing /home/airflow/.local/lib/python3.8/site-packages/airflow/example_dags/example_external_task_marker_dag.py took 0.033 seconds
[2026-01-02T04:41:16.800+0000] {processor.py:161} INFO - Started process (PID=341) to work on /home/airflow/.local/lib/python3.8/site-packages/airflow/example_dags/example_external_task_marker_dag.py
[2026-01-02T04:41:16.800+0000] {processor.py:830} INFO - Processing file /home/airflow/.local/lib/python3.8/site-packages/airflow/example_dags/example_external_task_marker_dag.py for tasks to queue
[2026-01-02T04:41:16.801+0000] {logging_mixin.py:188} INFO - [2026-01-02T04:41:16.801+0000] {dagbag.py:538} INFO - Filling up the DagBag from /home/airflow/.local/lib/python3.8/site-packages/airflow/example_dags/example_external_task_marker_dag.py
[2026-01-02T04:41:16.804+0000] {processor.py:840} INFO - DAG(s) 'example_external_task_marker_parent', 'example_external_task_marker_child' retrieved from /home/airflow/.local/lib/python3.8/site-packages/airflow/example_dags/example_external_task_marker_dag.py
[2026-01-02T04:41:16.814+0000] {logging_mixin.py:188} INFO - [2026-01-02T04:41:16.814+0000] {dag.py:3033} INFO - Sync 2 DAGs
[2026-01-02T04:41:16.820+0000] {logging_mixin.py:188} INFO - [2026-01-02T04:41:16.820+0000] {dag.py:3820} INFO - Setting next_dagrun for example_external_task_marker_child to None, run_after=None
[2026-01-02T04:41:16.822+0000] {logging_mixin.py:188} INFO - [2026-01-02T04:41:16.822+0000] {dag.py:3820} INFO - Setting next_dagrun for example_external_task_marker_parent to None, run_after=None
[2026-01-02T04:41:16.831+0000] {processor.py:183} INFO - Processing /home/airflow/.local/lib/python3.8/site-packages/airflow/example_dags/example_external_task_marker_dag.py took 0.032 seconds
[2026-01-02T04:41:47.005+0000] {processor.py:161} INFO - Started process (PID=396) to work on /home/airflow/.local/lib/python3.8/site-packages/airflow/example_dags/example_external_task_marker_dag.py
[2026-01-02T04:41:47.006+0000] {processor.py:830} INFO - Processing file /home/airflow/.local/lib/python3.8/site-packages/airflow/example_dags/example_external_task_marker_dag.py for tasks to queue
[2026-01-02T04:41:47.006+0000] {logging_mixin.py:188} INFO - [2026-01-02T04:41:47.006+0000] {dagbag.py:538} INFO - Filling up the DagBag from /home/airflow/.local/lib/python3.8/site-packages/airflow/example_dags/example_external_task_marker_dag.py
[2026-01-02T04:41:47.009+0000] {processor.py:840} INFO - DAG(s) 'example_external_task_marker_child', 'example_external_task_marker_parent' retrieved from /home/airflow/.local/lib/python3.8/site-packages/airflow/example_dags/example_external_task_marker_dag.py
[2026-01-02T04:41:47.019+0000] {logging_mixin.py:188} INFO - [2026-01-02T04:41:47.019+0000] {dag.py:3033} INFO - Sync 2 DAGs
[2026-01-02T04:41:47.024+0000] {logging_mixin.py:188} INFO - [2026-01-02T04:41:47.024+0000] {dag.py:3820} INFO - Setting next_dagrun for example_external_task_marker_child to None, run_after=None
[2026-01-02T04:41:47.026+0000] {logging_mixin.py:188} INFO - [2026-01-02T04:41:47.026+0000] {dag.py:3820} INFO - Setting next_dagrun for example_external_task_marker_parent to None, run_after=None
[2026-01-02T04:41:47.034+0000] {processor.py:183} INFO - Processing /home/airflow/.local/lib/python3.8/site-packages/airflow/example_dags/example_external_task_marker_dag.py took 0.030 seconds
[2026-01-02T04:42:17.103+0000] {processor.py:161} INFO - Started process (PID=450) to work on /home/airflow/.local/lib/python3.8/site-packages/airflow/example_dags/example_external_task_marker_dag.py
[2026-01-02T04:42:17.103+0000] {processor.py:830} INFO - Processing file /home/airflow/.local/lib/python3.8/site-packages/airflow/example_dags/example_external_task_marker_dag.py for tasks to queue
[2026-01-02T04:42:17.104+0000] {logging_mixin.py:188} INFO - [2026-01-02T04:42:17.104+0000] {dagbag.py:538} INFO - Filling up the DagBag from /home/airflow/.local/lib/python3.8/site-packages/airflow/example_dags/example_external_task_marker_dag.py
[2026-01-02T04:42:17.106+0000] {processor.py:840} INFO - DAG(s) 'example_external_task_marker_parent', 'example_external_task_marker_child' retrieved from /home/airflow/.local/lib/python3.8/site-packages/airflow/example_dags/example_external_task_marker_dag.py
[2026-01-02T04:42:17.117+0000] {logging_mixin.py:188} INFO - [2026-01-02T04:42:17.117+0000] {dag.py:3033} INFO - Sync 2 DAGs
[2026-01-02T04:42:17.122+0000] {logging_mixin.py:188} INFO - [2026-01-02T04:42:17.122+0000] {dag.py:3820} INFO - Setting next_dagrun for example_external_task_marker_child to None, run_after=None
[2026-01-02T04:42:17.124+0000] {logging_mixin.py:188} INFO - [2026-01-02T04:42:17.124+0000] {dag.py:3820} INFO - Setting next_dagrun for example_external_task_marker_parent to None, run_after=None
[2026-01-02T04:42:17.132+0000] {processor.py:183} INFO - Processing /home/airflow/.local/lib/python3.8/site-packages/airflow/example_dags/example_external_task_marker_dag.py took 0.031 seconds
[2026-01-02T04:42:47.326+0000] {processor.py:161} INFO - Started process (PID=505) to work on /home/airflow/.local/lib/python3.8/site-packages/airflow/example_dags/example_external_task_marker_dag.py
[2026-01-02T04:42:47.326+0000] {processor.py:830} INFO - Processing file /home/airflow/.local/lib/python3.8/site-packages/airflow/example_dags/example_external_task_marker_dag.py for tasks to queue
[2026-01-02T04:42:47.327+0000] {logging_mixin.py:188} INFO - [2026-01-02T04:42:47.327+0000] {dagbag.py:538} INFO - Filling up the DagBag from /home/airflow/.local/lib/python3.8/site-packages/airflow/example_dags/example_external_task_marker_dag.py
[2026-01-02T04:42:47.330+0000] {processor.py:840} INFO - DAG(s) 'example_external_task_marker_child', 'example_external_task_marker_parent' retrieved from /home/airflow/.local/lib/python3.8/site-packages/airflow/example_dags/example_external_task_marker_dag.py
[2026-01-02T04:42:47.340+0000] {logging_mixin.py:188} INFO - [2026-01-02T04:42:47.340+0000] {dag.py:3033} INFO - Sync 2 DAGs
[2026-01-02T04:42:47.346+0000] {logging_mixin.py:188} INFO - [2026-01-02T04:42:47.345+0000] {dag.py:3820} INFO - Setting next_dagrun for example_external_task_marker_child to None, run_after=None
[2026-01-02T04:42:47.347+0000] {logging_mixin.py:188} INFO - [2026-01-02T04:42:47.347+0000] {dag.py:3820} INFO - Setting next_dagrun for example_external_task_marker_parent to None, run_after=None
[2026-01-02T04:42:47.356+0000] {processor.py:183} INFO - Processing /home/airflow/.local/lib/python3.8/site-packages/airflow/example_dags/example_external_task_marker_dag.py took 0.032 seconds
[2026-01-02T04:43:17.528+0000] {processor.py:161} INFO - Started process (PID=560) to work on /home/airflow/.local/lib/python3.8/site-packages/airflow/example_dags/example_external_task_marker_dag.py
[2026-01-02T04:43:17.529+0000] {processor.py:830} INFO - Processing file /home/airflow/.local/lib/python3.8/site-packages/airflow/example_dags/example_external_task_marker_dag.py for tasks to queue
[2026-01-02T04:43:17.530+0000] {logging_mixin.py:188} INFO - [2026-01-02T04:43:17.530+0000] {dagbag.py:538} INFO - Filling up the DagBag from /home/airflow/.local/lib/python3.8/site-packages/airflow/example_dags/example_external_task_marker_dag.py
[2026-01-02T04:43:17.532+0000] {processor.py:840} INFO - DAG(s) 'example_external_task_marker_parent', 'example_external_task_marker_child' retrieved from /home/airflow/.local/lib/python3.8/site-packages/airflow/example_dags/example_external_task_marker_dag.py
[2026-01-02T04:43:17.542+0000] {logging_mixin.py:188} INFO - [2026-01-02T04:43:17.542+0000] {dag.py:3033} INFO - Sync 2 DAGs
[2026-01-02T04:43:17.548+0000] {logging_mixin.py:188} INFO - [2026-01-02T04:43:17.548+0000] {dag.py:3820} INFO - Setting next_dagrun for example_external_task_marker_child to None, run_after=None
[2026-01-02T04:43:17.550+0000] {logging_mixin.py:188} INFO - [2026-01-02T04:43:17.550+0000] {dag.py:3820} INFO - Setting next_dagrun for example_external_task_marker_parent to None, run_after=None
[2026-01-02T04:43:17.558+0000] {processor.py:183} INFO - Processing /home/airflow/.local/lib/python3.8/site-packages/airflow/example_dags/example_external_task_marker_dag.py took 0.031 seconds
[2026-01-02T04:43:47.785+0000] {processor.py:161} INFO - Started process (PID=615) to work on /home/airflow/.local/lib/python3.8/site-packages/airflow/example_dags/example_external_task_marker_dag.py
[2026-01-02T04:43:47.786+0000] {processor.py:830} INFO - Processing file /home/airflow/.local/lib/python3.8/site-packages/airflow/example_dags/example_external_task_marker_dag.py for tasks to queue
[2026-01-02T04:43:47.787+0000] {logging_mixin.py:188} INFO - [2026-01-02T04:43:47.786+0000] {dagbag.py:538} INFO - Filling up the DagBag from /home/airflow/.local/lib/python3.8/site-packages/airflow/example_dags/example_external_task_marker_dag.py
[2026-01-02T04:43:47.789+0000] {processor.py:840} INFO - DAG(s) 'example_external_task_marker_parent', 'example_external_task_marker_child' retrieved from /home/airflow/.local/lib/python3.8/site-packages/airflow/example_dags/example_external_task_marker_dag.py
[2026-01-02T04:43:47.799+0000] {logging_mixin.py:188} INFO - [2026-01-02T04:43:47.799+0000] {dag.py:3033} INFO - Sync 2 DAGs
[2026-01-02T04:43:47.806+0000] {logging_mixin.py:188} INFO - [2026-01-02T04:43:47.806+0000] {dag.py:3820} INFO - Setting next_dagrun for example_external_task_marker_child to None, run_after=None
[2026-01-02T04:43:47.808+0000] {logging_mixin.py:188} INFO - [2026-01-02T04:43:47.808+0000] {dag.py:3820} INFO - Setting next_dagrun for example_external_task_marker_parent to None, run_after=None
[2026-01-02T04:43:47.817+0000] {processor.py:183} INFO - Processing /home/airflow/.local/lib/python3.8/site-packages/airflow/example_dags/example_external_task_marker_dag.py took 0.033 seconds
[2026-01-02T04:44:18.074+0000] {processor.py:161} INFO - Started process (PID=677) to work on /home/airflow/.local/lib/python3.8/site-packages/airflow/example_dags/example_external_task_marker_dag.py
[2026-01-02T04:44:18.074+0000] {processor.py:830} INFO - Processing file /home/airflow/.local/lib/python3.8/site-packages/airflow/example_dags/example_external_task_marker_dag.py for tasks to queue
[2026-01-02T04:44:18.075+0000] {logging_mixin.py:188} INFO - [2026-01-02T04:44:18.075+0000] {dagbag.py:538} INFO - Filling up the DagBag from /home/airflow/.local/lib/python3.8/site-packages/airflow/example_dags/example_external_task_marker_dag.py
[2026-01-02T04:44:18.078+0000] {processor.py:840} INFO - DAG(s) 'example_external_task_marker_child', 'example_external_task_marker_parent' retrieved from /home/airflow/.local/lib/python3.8/site-packages/airflow/example_dags/example_external_task_marker_dag.py
[2026-01-02T04:44:18.092+0000] {logging_mixin.py:188} INFO - [2026-01-02T04:44:18.092+0000] {dag.py:3033} INFO - Sync 2 DAGs
[2026-01-02T04:44:18.099+0000] {logging_mixin.py:188} INFO - [2026-01-02T04:44:18.099+0000] {dag.py:3820} INFO - Setting next_dagrun for example_external_task_marker_child to None, run_after=None
[2026-01-02T04:44:18.102+0000] {logging_mixin.py:188} INFO - [2026-01-02T04:44:18.101+0000] {dag.py:3820} INFO - Setting next_dagrun for example_external_task_marker_parent to None, run_after=None
[2026-01-02T04:44:18.111+0000] {processor.py:183} INFO - Processing /home/airflow/.local/lib/python3.8/site-packages/airflow/example_dags/example_external_task_marker_dag.py took 0.038 seconds
[2026-01-02T04:44:48.350+0000] {processor.py:161} INFO - Started process (PID=740) to work on /home/airflow/.local/lib/python3.8/site-packages/airflow/example_dags/example_external_task_marker_dag.py
[2026-01-02T04:44:48.350+0000] {processor.py:830} INFO - Processing file /home/airflow/.local/lib/python3.8/site-packages/airflow/example_dags/example_external_task_marker_dag.py for tasks to queue
[2026-01-02T04:44:48.351+0000] {logging_mixin.py:188} INFO - [2026-01-02T04:44:48.351+0000] {dagbag.py:538} INFO - Filling up the DagBag from /home/airflow/.local/lib/python3.8/site-packages/airflow/example_dags/example_external_task_marker_dag.py
[2026-01-02T04:44:48.354+0000] {processor.py:840} INFO - DAG(s) 'example_external_task_marker_parent', 'example_external_task_marker_child' retrieved from /home/airflow/.local/lib/python3.8/site-packages/airflow/example_dags/example_external_task_marker_dag.py
[2026-01-02T04:44:48.367+0000] {logging_mixin.py:188} INFO - [2026-01-02T04:44:48.367+0000] {dag.py:3033} INFO - Sync 2 DAGs
[2026-01-02T04:44:48.373+0000] {logging_mixin.py:188} INFO - [2026-01-02T04:44:48.373+0000] {dag.py:3820} INFO - Setting next_dagrun for example_external_task_marker_child to None, run_after=None
[2026-01-02T04:44:48.375+0000] {logging_mixin.py:188} INFO - [2026-01-02T04:44:48.375+0000] {dag.py:3820} INFO - Setting next_dagrun for example_external_task_marker_parent to None, run_after=None
[2026-01-02T04:44:48.384+0000] {processor.py:183} INFO - Processing /home/airflow/.local/lib/python3.8/site-packages/airflow/example_dags/example_external_task_marker_dag.py took 0.035 seconds
[2026-01-02T04:45:18.618+0000] {processor.py:161} INFO - Started process (PID=795) to work on /home/airflow/.local/lib/python3.8/site-packages/airflow/example_dags/example_external_task_marker_dag.py
[2026-01-02T04:45:18.619+0000] {processor.py:830} INFO - Processing file /home/airflow/.local/lib/python3.8/site-packages/airflow/example_dags/example_external_task_marker_dag.py for tasks to queue
[2026-01-02T04:45:18.620+0000] {logging_mixin.py:188} INFO - [2026-01-02T04:45:18.620+0000] {dagbag.py:538} INFO - Filling up the DagBag from /home/airflow/.local/lib/python3.8/site-packages/airflow/example_dags/example_external_task_marker_dag.py
[2026-01-02T04:45:18.623+0000] {processor.py:840} INFO - DAG(s) 'example_external_task_marker_parent', 'example_external_task_marker_child' retrieved from /home/airflow/.local/lib/python3.8/site-packages/airflow/example_dags/example_external_task_marker_dag.py
[2026-01-02T04:45:18.635+0000] {logging_mixin.py:188} INFO - [2026-01-02T04:45:18.635+0000] {dag.py:3033} INFO - Sync 2 DAGs
[2026-01-02T04:45:18.640+0000] {logging_mixin.py:188} INFO - [2026-01-02T04:45:18.640+0000] {dag.py:3820} INFO - Setting next_dagrun for example_external_task_marker_child to None, run_after=None
[2026-01-02T04:45:18.642+0000] {logging_mixin.py:188} INFO - [2026-01-02T04:45:18.642+0000] {dag.py:3820} INFO - Setting next_dagrun for example_external_task_marker_parent to None, run_after=None
[2026-01-02T04:45:18.651+0000] {processor.py:183} INFO - Processing /home/airflow/.local/lib/python3.8/site-packages/airflow/example_dags/example_external_task_marker_dag.py took 0.034 seconds
[2026-01-02T04:45:48.962+0000] {processor.py:161} INFO - Started process (PID=849) to work on /home/airflow/.local/lib/python3.8/site-packages/airflow/example_dags/example_external_task_marker_dag.py
[2026-01-02T04:45:48.963+0000] {processor.py:830} INFO - Processing file /home/airflow/.local/lib/python3.8/site-packages/airflow/example_dags/example_external_task_marker_dag.py for tasks to queue
[2026-01-02T04:45:48.963+0000] {logging_mixin.py:188} INFO - [2026-01-02T04:45:48.963+0000] {dagbag.py:538} INFO - Filling up the DagBag from /home/airflow/.local/lib/python3.8/site-packages/airflow/example_dags/example_external_task_marker_dag.py
[2026-01-02T04:45:48.966+0000] {processor.py:840} INFO - DAG(s) 'example_external_task_marker_parent', 'example_external_task_marker_child' retrieved from /home/airflow/.local/lib/python3.8/site-packages/airflow/example_dags/example_external_task_marker_dag.py
[2026-01-02T04:45:48.976+0000] {logging_mixin.py:188} INFO - [2026-01-02T04:45:48.976+0000] {dag.py:3033} INFO - Sync 2 DAGs
[2026-01-02T04:45:48.981+0000] {logging_mixin.py:188} INFO - [2026-01-02T04:45:48.981+0000] {dag.py:3820} INFO - Setting next_dagrun for example_external_task_marker_child to None, run_after=None
[2026-01-02T04:45:48.983+0000] {logging_mixin.py:188} INFO - [2026-01-02T04:45:48.983+0000] {dag.py:3820} INFO - Setting next_dagrun for example_external_task_marker_parent to None, run_after=None
[2026-01-02T04:45:48.992+0000] {processor.py:183} INFO - Processing /home/airflow/.local/lib/python3.8/site-packages/airflow/example_dags/example_external_task_marker_dag.py took 0.030 seconds
[2026-01-02T04:46:19.241+0000] {processor.py:161} INFO - Started process (PID=904) to work on /home/airflow/.local/lib/python3.8/site-packages/airflow/example_dags/example_external_task_marker_dag.py
[2026-01-02T04:46:19.241+0000] {processor.py:830} INFO - Processing file /home/airflow/.local/lib/python3.8/site-packages/airflow/example_dags/example_external_task_marker_dag.py for tasks to queue
[2026-01-02T04:46:19.242+0000] {logging_mixin.py:188} INFO - [2026-01-02T04:46:19.242+0000] {dagbag.py:538} INFO - Filling up the DagBag from /home/airflow/.local/lib/python3.8/site-packages/airflow/example_dags/example_external_task_marker_dag.py
[2026-01-02T04:46:19.245+0000] {processor.py:840} INFO - DAG(s) 'example_external_task_marker_child', 'example_external_task_marker_parent' retrieved from /home/airflow/.local/lib/python3.8/site-packages/airflow/example_dags/example_external_task_marker_dag.py
[2026-01-02T04:46:19.255+0000] {logging_mixin.py:188} INFO - [2026-01-02T04:46:19.255+0000] {dag.py:3033} INFO - Sync 2 DAGs
[2026-01-02T04:46:19.260+0000] {logging_mixin.py:188} INFO - [2026-01-02T04:46:19.260+0000] {dag.py:3820} INFO - Setting next_dagrun for example_external_task_marker_child to None, run_after=None
[2026-01-02T04:46:19.262+0000] {logging_mixin.py:188} INFO - [2026-01-02T04:46:19.262+0000] {dag.py:3820} INFO - Setting next_dagrun for example_external_task_marker_parent to None, run_after=None
[2026-01-02T04:46:19.270+0000] {processor.py:183} INFO - Processing /home/airflow/.local/lib/python3.8/site-packages/airflow/example_dags/example_external_task_marker_dag.py took 0.030 seconds
[2026-01-02T04:46:49.555+0000] {processor.py:161} INFO - Started process (PID=959) to work on /home/airflow/.local/lib/python3.8/site-packages/airflow/example_dags/example_external_task_marker_dag.py
[2026-01-02T04:46:49.556+0000] {processor.py:830} INFO - Processing file /home/airflow/.local/lib/python3.8/site-packages/airflow/example_dags/example_external_task_marker_dag.py for tasks to queue
[2026-01-02T04:46:49.557+0000] {logging_mixin.py:188} INFO - [2026-01-02T04:46:49.557+0000] {dagbag.py:538} INFO - Filling up the DagBag from /home/airflow/.local/lib/python3.8/site-packages/airflow/example_dags/example_external_task_marker_dag.py
[2026-01-02T04:46:49.560+0000] {processor.py:840} INFO - DAG(s) 'example_external_task_marker_child', 'example_external_task_marker_parent' retrieved from /home/airflow/.local/lib/python3.8/site-packages/airflow/example_dags/example_external_task_marker_dag.py
[2026-01-02T04:46:49.572+0000] {logging_mixin.py:188} INFO - [2026-01-02T04:46:49.572+0000] {dag.py:3033} INFO - Sync 2 DAGs
[2026-01-02T04:46:49.578+0000] {logging_mixin.py:188} INFO - [2026-01-02T04:46:49.578+0000] {dag.py:3820} INFO - Setting next_dagrun for example_external_task_marker_child to None, run_after=None
[2026-01-02T04:46:49.580+0000] {logging_mixin.py:188} INFO - [2026-01-02T04:46:49.580+0000] {dag.py:3820} INFO - Setting next_dagrun for example_external_task_marker_parent to None, run_after=None
[2026-01-02T04:46:49.593+0000] {processor.py:183} INFO - Processing /home/airflow/.local/lib/python3.8/site-packages/airflow/example_dags/example_external_task_marker_dag.py took 0.039 seconds
[2026-01-02T04:47:19.821+0000] {processor.py:161} INFO - Started process (PID=1014) to work on /home/airflow/.local/lib/python3.8/site-packages/airflow/example_dags/example_external_task_marker_dag.py
[2026-01-02T04:47:19.821+0000] {processor.py:830} INFO - Processing file /home/airflow/.local/lib/python3.8/site-packages/airflow/example_dags/example_external_task_marker_dag.py for tasks to queue
[2026-01-02T04:47:19.823+0000] {logging_mixin.py:188} INFO - [2026-01-02T04:47:19.822+0000] {dagbag.py:538} INFO - Filling up the DagBag from /home/airflow/.local/lib/python3.8/site-packages/airflow/example_dags/example_external_task_marker_dag.py
[2026-01-02T04:47:19.825+0000] {processor.py:840} INFO - DAG(s) 'example_external_task_marker_parent', 'example_external_task_marker_child' retrieved from /home/airflow/.local/lib/python3.8/site-packages/airflow/example_dags/example_external_task_marker_dag.py
[2026-01-02T04:47:19.839+0000] {logging_mixin.py:188} INFO - [2026-01-02T04:47:19.838+0000] {dag.py:3033} INFO - Sync 2 DAGs
[2026-01-02T04:47:19.844+0000] {logging_mixin.py:188} INFO - [2026-01-02T04:47:19.844+0000] {dag.py:3820} INFO - Setting next_dagrun for example_external_task_marker_child to None, run_after=None
[2026-01-02T04:47:19.846+0000] {logging_mixin.py:188} INFO - [2026-01-02T04:47:19.846+0000] {dag.py:3820} INFO - Setting next_dagrun for example_external_task_marker_parent to None, run_after=None
[2026-01-02T04:47:19.857+0000] {processor.py:183} INFO - Processing /home/airflow/.local/lib/python3.8/site-packages/airflow/example_dags/example_external_task_marker_dag.py took 0.038 seconds
