[2026-01-02T04:28:04.036+0000] {processor.py:161} INFO - Started process (PID=56) to work on /home/airflow/.local/lib/python3.8/site-packages/airflow/example_dags/example_xcom.py
[2026-01-02T04:28:04.036+0000] {processor.py:830} INFO - Processing file /home/airflow/.local/lib/python3.8/site-packages/airflow/example_dags/example_xcom.py for tasks to queue
[2026-01-02T04:28:04.037+0000] {logging_mixin.py:188} INFO - [2026-01-02T04:28:04.037+0000] {dagbag.py:538} INFO - Filling up the DagBag from /home/airflow/.local/lib/python3.8/site-packages/airflow/example_dags/example_xcom.py
[2026-01-02T04:28:04.043+0000] {processor.py:840} INFO - DAG(s) 'example_xcom' retrieved from /home/airflow/.local/lib/python3.8/site-packages/airflow/example_dags/example_xcom.py
[2026-01-02T04:28:04.103+0000] {logging_mixin.py:188} INFO - [2026-01-02T04:28:04.102+0000] {override.py:1769} INFO - Created Permission View: can edit on DAG:example_xcom
[2026-01-02T04:28:04.110+0000] {logging_mixin.py:188} INFO - [2026-01-02T04:28:04.109+0000] {override.py:1769} INFO - Created Permission View: can delete on DAG:example_xcom
[2026-01-02T04:28:04.115+0000] {logging_mixin.py:188} INFO - [2026-01-02T04:28:04.115+0000] {override.py:1769} INFO - Created Permission View: can read on DAG:example_xcom
[2026-01-02T04:28:04.115+0000] {logging_mixin.py:188} INFO - [2026-01-02T04:28:04.115+0000] {dag.py:3033} INFO - Sync 1 DAGs
[2026-01-02T04:28:04.121+0000] {logging_mixin.py:188} INFO - [2026-01-02T04:28:04.121+0000] {dag.py:3055} INFO - Creating ORM DAG for example_xcom
[2026-01-02T04:28:04.126+0000] {logging_mixin.py:188} INFO - [2026-01-02T04:28:04.126+0000] {dag.py:3820} INFO - Setting next_dagrun for example_xcom to 2021-01-01T00:00:00+00:00, run_after=2021-01-01T00:00:00+00:00
[2026-01-02T04:28:04.136+0000] {processor.py:183} INFO - Processing /home/airflow/.local/lib/python3.8/site-packages/airflow/example_dags/example_xcom.py took 0.102 seconds
[2026-01-02T04:28:35.017+0000] {processor.py:161} INFO - Started process (PID=117) to work on /home/airflow/.local/lib/python3.8/site-packages/airflow/example_dags/example_xcom.py
[2026-01-02T04:28:35.017+0000] {processor.py:830} INFO - Processing file /home/airflow/.local/lib/python3.8/site-packages/airflow/example_dags/example_xcom.py for tasks to queue
[2026-01-02T04:28:35.018+0000] {logging_mixin.py:188} INFO - [2026-01-02T04:28:35.018+0000] {dagbag.py:538} INFO - Filling up the DagBag from /home/airflow/.local/lib/python3.8/site-packages/airflow/example_dags/example_xcom.py
[2026-01-02T04:28:35.021+0000] {processor.py:840} INFO - DAG(s) 'example_xcom' retrieved from /home/airflow/.local/lib/python3.8/site-packages/airflow/example_dags/example_xcom.py
[2026-01-02T04:28:35.031+0000] {logging_mixin.py:188} INFO - [2026-01-02T04:28:35.031+0000] {dag.py:3033} INFO - Sync 1 DAGs
[2026-01-02T04:28:35.041+0000] {logging_mixin.py:188} INFO - [2026-01-02T04:28:35.041+0000] {dag.py:3820} INFO - Setting next_dagrun for example_xcom to 2021-01-01T00:00:00+00:00, run_after=2021-01-01T00:00:00+00:00
[2026-01-02T04:28:35.053+0000] {processor.py:183} INFO - Processing /home/airflow/.local/lib/python3.8/site-packages/airflow/example_dags/example_xcom.py took 0.038 seconds
[2026-01-02T04:29:59.797+0000] {processor.py:161} INFO - Started process (PID=48) to work on /home/airflow/.local/lib/python3.8/site-packages/airflow/example_dags/example_xcom.py
[2026-01-02T04:29:59.797+0000] {processor.py:830} INFO - Processing file /home/airflow/.local/lib/python3.8/site-packages/airflow/example_dags/example_xcom.py for tasks to queue
[2026-01-02T04:29:59.798+0000] {logging_mixin.py:188} INFO - [2026-01-02T04:29:59.798+0000] {dagbag.py:538} INFO - Filling up the DagBag from /home/airflow/.local/lib/python3.8/site-packages/airflow/example_dags/example_xcom.py
[2026-01-02T04:29:59.803+0000] {processor.py:840} INFO - DAG(s) 'example_xcom' retrieved from /home/airflow/.local/lib/python3.8/site-packages/airflow/example_dags/example_xcom.py
[2026-01-02T04:29:59.810+0000] {logging_mixin.py:188} INFO - [2026-01-02T04:29:59.810+0000] {dag.py:3033} INFO - Sync 1 DAGs
[2026-01-02T04:29:59.822+0000] {logging_mixin.py:188} INFO - [2026-01-02T04:29:59.822+0000] {dag.py:3820} INFO - Setting next_dagrun for example_xcom to 2021-01-01T00:00:00+00:00, run_after=2021-01-01T00:00:00+00:00
[2026-01-02T04:29:59.835+0000] {processor.py:183} INFO - Processing /home/airflow/.local/lib/python3.8/site-packages/airflow/example_dags/example_xcom.py took 0.040 seconds
[2026-01-02T04:30:30.574+0000] {processor.py:161} INFO - Started process (PID=109) to work on /home/airflow/.local/lib/python3.8/site-packages/airflow/example_dags/example_xcom.py
[2026-01-02T04:30:30.574+0000] {processor.py:830} INFO - Processing file /home/airflow/.local/lib/python3.8/site-packages/airflow/example_dags/example_xcom.py for tasks to queue
[2026-01-02T04:30:30.576+0000] {logging_mixin.py:188} INFO - [2026-01-02T04:30:30.575+0000] {dagbag.py:538} INFO - Filling up the DagBag from /home/airflow/.local/lib/python3.8/site-packages/airflow/example_dags/example_xcom.py
[2026-01-02T04:30:30.579+0000] {processor.py:840} INFO - DAG(s) 'example_xcom' retrieved from /home/airflow/.local/lib/python3.8/site-packages/airflow/example_dags/example_xcom.py
[2026-01-02T04:30:30.628+0000] {logging_mixin.py:188} INFO - [2026-01-02T04:30:30.628+0000] {dag.py:3033} INFO - Sync 1 DAGs
[2026-01-02T04:30:30.638+0000] {logging_mixin.py:188} INFO - [2026-01-02T04:30:30.638+0000] {dag.py:3820} INFO - Setting next_dagrun for example_xcom to 2021-01-01T00:00:00+00:00, run_after=2021-01-01T00:00:00+00:00
[2026-01-02T04:30:30.649+0000] {processor.py:183} INFO - Processing /home/airflow/.local/lib/python3.8/site-packages/airflow/example_dags/example_xcom.py took 0.077 seconds
[2026-01-02T04:31:00.755+0000] {processor.py:161} INFO - Started process (PID=164) to work on /home/airflow/.local/lib/python3.8/site-packages/airflow/example_dags/example_xcom.py
[2026-01-02T04:31:00.757+0000] {processor.py:830} INFO - Processing file /home/airflow/.local/lib/python3.8/site-packages/airflow/example_dags/example_xcom.py for tasks to queue
[2026-01-02T04:31:00.759+0000] {logging_mixin.py:188} INFO - [2026-01-02T04:31:00.759+0000] {dagbag.py:538} INFO - Filling up the DagBag from /home/airflow/.local/lib/python3.8/site-packages/airflow/example_dags/example_xcom.py
[2026-01-02T04:31:00.764+0000] {processor.py:840} INFO - DAG(s) 'example_xcom' retrieved from /home/airflow/.local/lib/python3.8/site-packages/airflow/example_dags/example_xcom.py
[2026-01-02T04:31:00.786+0000] {logging_mixin.py:188} INFO - [2026-01-02T04:31:00.786+0000] {dag.py:3033} INFO - Sync 1 DAGs
[2026-01-02T04:31:00.802+0000] {logging_mixin.py:188} INFO - [2026-01-02T04:31:00.801+0000] {dag.py:3820} INFO - Setting next_dagrun for example_xcom to 2021-01-01T00:00:00+00:00, run_after=2021-01-01T00:00:00+00:00
[2026-01-02T04:31:00.921+0000] {processor.py:183} INFO - Processing /home/airflow/.local/lib/python3.8/site-packages/airflow/example_dags/example_xcom.py took 0.168 seconds
[2026-01-02T04:31:31.300+0000] {processor.py:161} INFO - Started process (PID=219) to work on /home/airflow/.local/lib/python3.8/site-packages/airflow/example_dags/example_xcom.py
[2026-01-02T04:31:31.300+0000] {processor.py:830} INFO - Processing file /home/airflow/.local/lib/python3.8/site-packages/airflow/example_dags/example_xcom.py for tasks to queue
[2026-01-02T04:31:31.301+0000] {logging_mixin.py:188} INFO - [2026-01-02T04:31:31.301+0000] {dagbag.py:538} INFO - Filling up the DagBag from /home/airflow/.local/lib/python3.8/site-packages/airflow/example_dags/example_xcom.py
[2026-01-02T04:31:31.305+0000] {processor.py:840} INFO - DAG(s) 'example_xcom' retrieved from /home/airflow/.local/lib/python3.8/site-packages/airflow/example_dags/example_xcom.py
[2026-01-02T04:31:31.316+0000] {logging_mixin.py:188} INFO - [2026-01-02T04:31:31.315+0000] {dag.py:3033} INFO - Sync 1 DAGs
[2026-01-02T04:31:31.328+0000] {logging_mixin.py:188} INFO - [2026-01-02T04:31:31.328+0000] {dag.py:3820} INFO - Setting next_dagrun for example_xcom to 2021-01-01T00:00:00+00:00, run_after=2021-01-01T00:00:00+00:00
[2026-01-02T04:31:31.339+0000] {processor.py:183} INFO - Processing /home/airflow/.local/lib/python3.8/site-packages/airflow/example_dags/example_xcom.py took 0.041 seconds
[2026-01-02T04:32:01.705+0000] {processor.py:161} INFO - Started process (PID=274) to work on /home/airflow/.local/lib/python3.8/site-packages/airflow/example_dags/example_xcom.py
[2026-01-02T04:32:01.705+0000] {processor.py:830} INFO - Processing file /home/airflow/.local/lib/python3.8/site-packages/airflow/example_dags/example_xcom.py for tasks to queue
[2026-01-02T04:32:01.706+0000] {logging_mixin.py:188} INFO - [2026-01-02T04:32:01.706+0000] {dagbag.py:538} INFO - Filling up the DagBag from /home/airflow/.local/lib/python3.8/site-packages/airflow/example_dags/example_xcom.py
[2026-01-02T04:32:01.710+0000] {processor.py:840} INFO - DAG(s) 'example_xcom' retrieved from /home/airflow/.local/lib/python3.8/site-packages/airflow/example_dags/example_xcom.py
[2026-01-02T04:32:01.722+0000] {logging_mixin.py:188} INFO - [2026-01-02T04:32:01.722+0000] {dag.py:3033} INFO - Sync 1 DAGs
[2026-01-02T04:32:01.734+0000] {logging_mixin.py:188} INFO - [2026-01-02T04:32:01.733+0000] {dag.py:3820} INFO - Setting next_dagrun for example_xcom to 2021-01-01T00:00:00+00:00, run_after=2021-01-01T00:00:00+00:00
[2026-01-02T04:32:01.747+0000] {processor.py:183} INFO - Processing /home/airflow/.local/lib/python3.8/site-packages/airflow/example_dags/example_xcom.py took 0.044 seconds
[2026-01-02T04:32:32.100+0000] {processor.py:161} INFO - Started process (PID=329) to work on /home/airflow/.local/lib/python3.8/site-packages/airflow/example_dags/example_xcom.py
[2026-01-02T04:32:32.100+0000] {processor.py:830} INFO - Processing file /home/airflow/.local/lib/python3.8/site-packages/airflow/example_dags/example_xcom.py for tasks to queue
[2026-01-02T04:32:32.101+0000] {logging_mixin.py:188} INFO - [2026-01-02T04:32:32.101+0000] {dagbag.py:538} INFO - Filling up the DagBag from /home/airflow/.local/lib/python3.8/site-packages/airflow/example_dags/example_xcom.py
[2026-01-02T04:32:32.104+0000] {processor.py:840} INFO - DAG(s) 'example_xcom' retrieved from /home/airflow/.local/lib/python3.8/site-packages/airflow/example_dags/example_xcom.py
[2026-01-02T04:32:32.114+0000] {logging_mixin.py:188} INFO - [2026-01-02T04:32:32.114+0000] {dag.py:3033} INFO - Sync 1 DAGs
[2026-01-02T04:32:32.123+0000] {logging_mixin.py:188} INFO - [2026-01-02T04:32:32.123+0000] {dag.py:3820} INFO - Setting next_dagrun for example_xcom to 2021-01-01T00:00:00+00:00, run_after=2021-01-01T00:00:00+00:00
[2026-01-02T04:32:32.134+0000] {processor.py:183} INFO - Processing /home/airflow/.local/lib/python3.8/site-packages/airflow/example_dags/example_xcom.py took 0.036 seconds
[2026-01-02T04:33:02.344+0000] {processor.py:161} INFO - Started process (PID=384) to work on /home/airflow/.local/lib/python3.8/site-packages/airflow/example_dags/example_xcom.py
[2026-01-02T04:33:02.344+0000] {processor.py:830} INFO - Processing file /home/airflow/.local/lib/python3.8/site-packages/airflow/example_dags/example_xcom.py for tasks to queue
[2026-01-02T04:33:02.345+0000] {logging_mixin.py:188} INFO - [2026-01-02T04:33:02.345+0000] {dagbag.py:538} INFO - Filling up the DagBag from /home/airflow/.local/lib/python3.8/site-packages/airflow/example_dags/example_xcom.py
[2026-01-02T04:33:02.348+0000] {processor.py:840} INFO - DAG(s) 'example_xcom' retrieved from /home/airflow/.local/lib/python3.8/site-packages/airflow/example_dags/example_xcom.py
[2026-01-02T04:33:02.358+0000] {logging_mixin.py:188} INFO - [2026-01-02T04:33:02.358+0000] {dag.py:3033} INFO - Sync 1 DAGs
[2026-01-02T04:33:02.368+0000] {logging_mixin.py:188} INFO - [2026-01-02T04:33:02.368+0000] {dag.py:3820} INFO - Setting next_dagrun for example_xcom to 2021-01-01T00:00:00+00:00, run_after=2021-01-01T00:00:00+00:00
[2026-01-02T04:33:02.377+0000] {processor.py:183} INFO - Processing /home/airflow/.local/lib/python3.8/site-packages/airflow/example_dags/example_xcom.py took 0.035 seconds
[2026-01-02T04:33:32.659+0000] {processor.py:161} INFO - Started process (PID=439) to work on /home/airflow/.local/lib/python3.8/site-packages/airflow/example_dags/example_xcom.py
[2026-01-02T04:33:32.659+0000] {processor.py:830} INFO - Processing file /home/airflow/.local/lib/python3.8/site-packages/airflow/example_dags/example_xcom.py for tasks to queue
[2026-01-02T04:33:32.660+0000] {logging_mixin.py:188} INFO - [2026-01-02T04:33:32.660+0000] {dagbag.py:538} INFO - Filling up the DagBag from /home/airflow/.local/lib/python3.8/site-packages/airflow/example_dags/example_xcom.py
[2026-01-02T04:33:32.664+0000] {processor.py:840} INFO - DAG(s) 'example_xcom' retrieved from /home/airflow/.local/lib/python3.8/site-packages/airflow/example_dags/example_xcom.py
[2026-01-02T04:33:32.678+0000] {logging_mixin.py:188} INFO - [2026-01-02T04:33:32.677+0000] {dag.py:3033} INFO - Sync 1 DAGs
[2026-01-02T04:33:32.688+0000] {logging_mixin.py:188} INFO - [2026-01-02T04:33:32.688+0000] {dag.py:3820} INFO - Setting next_dagrun for example_xcom to 2021-01-01T00:00:00+00:00, run_after=2021-01-01T00:00:00+00:00
[2026-01-02T04:33:32.697+0000] {processor.py:183} INFO - Processing /home/airflow/.local/lib/python3.8/site-packages/airflow/example_dags/example_xcom.py took 0.040 seconds
[2026-01-02T04:34:02.948+0000] {processor.py:161} INFO - Started process (PID=494) to work on /home/airflow/.local/lib/python3.8/site-packages/airflow/example_dags/example_xcom.py
[2026-01-02T04:34:02.948+0000] {processor.py:830} INFO - Processing file /home/airflow/.local/lib/python3.8/site-packages/airflow/example_dags/example_xcom.py for tasks to queue
[2026-01-02T04:34:02.949+0000] {logging_mixin.py:188} INFO - [2026-01-02T04:34:02.949+0000] {dagbag.py:538} INFO - Filling up the DagBag from /home/airflow/.local/lib/python3.8/site-packages/airflow/example_dags/example_xcom.py
[2026-01-02T04:34:02.952+0000] {processor.py:840} INFO - DAG(s) 'example_xcom' retrieved from /home/airflow/.local/lib/python3.8/site-packages/airflow/example_dags/example_xcom.py
[2026-01-02T04:34:02.962+0000] {logging_mixin.py:188} INFO - [2026-01-02T04:34:02.962+0000] {dag.py:3033} INFO - Sync 1 DAGs
[2026-01-02T04:34:02.971+0000] {logging_mixin.py:188} INFO - [2026-01-02T04:34:02.971+0000] {dag.py:3820} INFO - Setting next_dagrun for example_xcom to 2021-01-01T00:00:00+00:00, run_after=2021-01-01T00:00:00+00:00
[2026-01-02T04:34:02.983+0000] {processor.py:183} INFO - Processing /home/airflow/.local/lib/python3.8/site-packages/airflow/example_dags/example_xcom.py took 0.037 seconds
[2026-01-02T04:34:33.276+0000] {processor.py:161} INFO - Started process (PID=549) to work on /home/airflow/.local/lib/python3.8/site-packages/airflow/example_dags/example_xcom.py
[2026-01-02T04:34:33.277+0000] {processor.py:830} INFO - Processing file /home/airflow/.local/lib/python3.8/site-packages/airflow/example_dags/example_xcom.py for tasks to queue
[2026-01-02T04:34:33.278+0000] {logging_mixin.py:188} INFO - [2026-01-02T04:34:33.278+0000] {dagbag.py:538} INFO - Filling up the DagBag from /home/airflow/.local/lib/python3.8/site-packages/airflow/example_dags/example_xcom.py
[2026-01-02T04:34:33.281+0000] {processor.py:840} INFO - DAG(s) 'example_xcom' retrieved from /home/airflow/.local/lib/python3.8/site-packages/airflow/example_dags/example_xcom.py
[2026-01-02T04:34:33.291+0000] {logging_mixin.py:188} INFO - [2026-01-02T04:34:33.291+0000] {dag.py:3033} INFO - Sync 1 DAGs
[2026-01-02T04:34:33.300+0000] {logging_mixin.py:188} INFO - [2026-01-02T04:34:33.300+0000] {dag.py:3820} INFO - Setting next_dagrun for example_xcom to 2021-01-01T00:00:00+00:00, run_after=2021-01-01T00:00:00+00:00
[2026-01-02T04:34:33.312+0000] {processor.py:183} INFO - Processing /home/airflow/.local/lib/python3.8/site-packages/airflow/example_dags/example_xcom.py took 0.037 seconds
[2026-01-02T04:35:03.571+0000] {processor.py:161} INFO - Started process (PID=604) to work on /home/airflow/.local/lib/python3.8/site-packages/airflow/example_dags/example_xcom.py
[2026-01-02T04:35:03.572+0000] {processor.py:830} INFO - Processing file /home/airflow/.local/lib/python3.8/site-packages/airflow/example_dags/example_xcom.py for tasks to queue
[2026-01-02T04:35:03.573+0000] {logging_mixin.py:188} INFO - [2026-01-02T04:35:03.573+0000] {dagbag.py:538} INFO - Filling up the DagBag from /home/airflow/.local/lib/python3.8/site-packages/airflow/example_dags/example_xcom.py
[2026-01-02T04:35:03.576+0000] {processor.py:840} INFO - DAG(s) 'example_xcom' retrieved from /home/airflow/.local/lib/python3.8/site-packages/airflow/example_dags/example_xcom.py
[2026-01-02T04:35:03.585+0000] {logging_mixin.py:188} INFO - [2026-01-02T04:35:03.585+0000] {dag.py:3033} INFO - Sync 1 DAGs
[2026-01-02T04:35:03.595+0000] {logging_mixin.py:188} INFO - [2026-01-02T04:35:03.595+0000] {dag.py:3820} INFO - Setting next_dagrun for example_xcom to 2021-01-01T00:00:00+00:00, run_after=2021-01-01T00:00:00+00:00
[2026-01-02T04:35:03.606+0000] {processor.py:183} INFO - Processing /home/airflow/.local/lib/python3.8/site-packages/airflow/example_dags/example_xcom.py took 0.036 seconds
[2026-01-02T04:35:33.926+0000] {processor.py:161} INFO - Started process (PID=659) to work on /home/airflow/.local/lib/python3.8/site-packages/airflow/example_dags/example_xcom.py
[2026-01-02T04:35:33.927+0000] {processor.py:830} INFO - Processing file /home/airflow/.local/lib/python3.8/site-packages/airflow/example_dags/example_xcom.py for tasks to queue
[2026-01-02T04:35:33.928+0000] {logging_mixin.py:188} INFO - [2026-01-02T04:35:33.928+0000] {dagbag.py:538} INFO - Filling up the DagBag from /home/airflow/.local/lib/python3.8/site-packages/airflow/example_dags/example_xcom.py
[2026-01-02T04:35:33.931+0000] {processor.py:840} INFO - DAG(s) 'example_xcom' retrieved from /home/airflow/.local/lib/python3.8/site-packages/airflow/example_dags/example_xcom.py
[2026-01-02T04:35:33.941+0000] {logging_mixin.py:188} INFO - [2026-01-02T04:35:33.941+0000] {dag.py:3033} INFO - Sync 1 DAGs
[2026-01-02T04:35:33.950+0000] {logging_mixin.py:188} INFO - [2026-01-02T04:35:33.950+0000] {dag.py:3820} INFO - Setting next_dagrun for example_xcom to 2021-01-01T00:00:00+00:00, run_after=2021-01-01T00:00:00+00:00
[2026-01-02T04:35:33.959+0000] {processor.py:183} INFO - Processing /home/airflow/.local/lib/python3.8/site-packages/airflow/example_dags/example_xcom.py took 0.034 seconds
[2026-01-02T04:36:04.162+0000] {processor.py:161} INFO - Started process (PID=714) to work on /home/airflow/.local/lib/python3.8/site-packages/airflow/example_dags/example_xcom.py
[2026-01-02T04:36:04.163+0000] {processor.py:830} INFO - Processing file /home/airflow/.local/lib/python3.8/site-packages/airflow/example_dags/example_xcom.py for tasks to queue
[2026-01-02T04:36:04.164+0000] {logging_mixin.py:188} INFO - [2026-01-02T04:36:04.164+0000] {dagbag.py:538} INFO - Filling up the DagBag from /home/airflow/.local/lib/python3.8/site-packages/airflow/example_dags/example_xcom.py
[2026-01-02T04:36:04.168+0000] {processor.py:840} INFO - DAG(s) 'example_xcom' retrieved from /home/airflow/.local/lib/python3.8/site-packages/airflow/example_dags/example_xcom.py
[2026-01-02T04:36:04.181+0000] {logging_mixin.py:188} INFO - [2026-01-02T04:36:04.181+0000] {dag.py:3033} INFO - Sync 1 DAGs
[2026-01-02T04:36:04.192+0000] {logging_mixin.py:188} INFO - [2026-01-02T04:36:04.191+0000] {dag.py:3820} INFO - Setting next_dagrun for example_xcom to 2021-01-01T00:00:00+00:00, run_after=2021-01-01T00:00:00+00:00
[2026-01-02T04:36:04.202+0000] {processor.py:183} INFO - Processing /home/airflow/.local/lib/python3.8/site-packages/airflow/example_dags/example_xcom.py took 0.041 seconds
[2026-01-02T04:38:44.794+0000] {processor.py:161} INFO - Started process (PID=56) to work on /home/airflow/.local/lib/python3.8/site-packages/airflow/example_dags/example_xcom.py
[2026-01-02T04:38:44.794+0000] {processor.py:830} INFO - Processing file /home/airflow/.local/lib/python3.8/site-packages/airflow/example_dags/example_xcom.py for tasks to queue
[2026-01-02T04:38:44.795+0000] {logging_mixin.py:188} INFO - [2026-01-02T04:38:44.795+0000] {dagbag.py:538} INFO - Filling up the DagBag from /home/airflow/.local/lib/python3.8/site-packages/airflow/example_dags/example_xcom.py
[2026-01-02T04:38:44.801+0000] {processor.py:840} INFO - DAG(s) 'example_xcom' retrieved from /home/airflow/.local/lib/python3.8/site-packages/airflow/example_dags/example_xcom.py
[2026-01-02T04:38:44.807+0000] {logging_mixin.py:188} INFO - [2026-01-02T04:38:44.807+0000] {dag.py:3033} INFO - Sync 1 DAGs
[2026-01-02T04:38:44.817+0000] {logging_mixin.py:188} INFO - [2026-01-02T04:38:44.817+0000] {dag.py:3820} INFO - Setting next_dagrun for example_xcom to 2021-01-01T00:00:00+00:00, run_after=2021-01-01T00:00:00+00:00
[2026-01-02T04:38:44.831+0000] {processor.py:183} INFO - Processing /home/airflow/.local/lib/python3.8/site-packages/airflow/example_dags/example_xcom.py took 0.038 seconds
[2026-01-02T04:39:15.240+0000] {processor.py:161} INFO - Started process (PID=111) to work on /home/airflow/.local/lib/python3.8/site-packages/airflow/example_dags/example_xcom.py
[2026-01-02T04:39:15.240+0000] {processor.py:830} INFO - Processing file /home/airflow/.local/lib/python3.8/site-packages/airflow/example_dags/example_xcom.py for tasks to queue
[2026-01-02T04:39:15.241+0000] {logging_mixin.py:188} INFO - [2026-01-02T04:39:15.241+0000] {dagbag.py:538} INFO - Filling up the DagBag from /home/airflow/.local/lib/python3.8/site-packages/airflow/example_dags/example_xcom.py
[2026-01-02T04:39:15.244+0000] {processor.py:840} INFO - DAG(s) 'example_xcom' retrieved from /home/airflow/.local/lib/python3.8/site-packages/airflow/example_dags/example_xcom.py
[2026-01-02T04:39:15.287+0000] {logging_mixin.py:188} INFO - [2026-01-02T04:39:15.286+0000] {dag.py:3033} INFO - Sync 1 DAGs
[2026-01-02T04:39:15.297+0000] {logging_mixin.py:188} INFO - [2026-01-02T04:39:15.297+0000] {dag.py:3820} INFO - Setting next_dagrun for example_xcom to 2021-01-01T00:00:00+00:00, run_after=2021-01-01T00:00:00+00:00
[2026-01-02T04:39:15.306+0000] {processor.py:183} INFO - Processing /home/airflow/.local/lib/python3.8/site-packages/airflow/example_dags/example_xcom.py took 0.068 seconds
[2026-01-02T04:39:46.138+0000] {processor.py:161} INFO - Started process (PID=172) to work on /home/airflow/.local/lib/python3.8/site-packages/airflow/example_dags/example_xcom.py
[2026-01-02T04:39:46.139+0000] {processor.py:830} INFO - Processing file /home/airflow/.local/lib/python3.8/site-packages/airflow/example_dags/example_xcom.py for tasks to queue
[2026-01-02T04:39:46.139+0000] {logging_mixin.py:188} INFO - [2026-01-02T04:39:46.139+0000] {dagbag.py:538} INFO - Filling up the DagBag from /home/airflow/.local/lib/python3.8/site-packages/airflow/example_dags/example_xcom.py
[2026-01-02T04:39:46.143+0000] {processor.py:840} INFO - DAG(s) 'example_xcom' retrieved from /home/airflow/.local/lib/python3.8/site-packages/airflow/example_dags/example_xcom.py
[2026-01-02T04:39:46.152+0000] {logging_mixin.py:188} INFO - [2026-01-02T04:39:46.152+0000] {dag.py:3033} INFO - Sync 1 DAGs
[2026-01-02T04:39:46.161+0000] {logging_mixin.py:188} INFO - [2026-01-02T04:39:46.161+0000] {dag.py:3820} INFO - Setting next_dagrun for example_xcom to 2021-01-01T00:00:00+00:00, run_after=2021-01-01T00:00:00+00:00
[2026-01-02T04:39:46.171+0000] {processor.py:183} INFO - Processing /home/airflow/.local/lib/python3.8/site-packages/airflow/example_dags/example_xcom.py took 0.034 seconds
[2026-01-02T04:40:16.341+0000] {processor.py:161} INFO - Started process (PID=227) to work on /home/airflow/.local/lib/python3.8/site-packages/airflow/example_dags/example_xcom.py
[2026-01-02T04:40:16.341+0000] {processor.py:830} INFO - Processing file /home/airflow/.local/lib/python3.8/site-packages/airflow/example_dags/example_xcom.py for tasks to queue
[2026-01-02T04:40:16.342+0000] {logging_mixin.py:188} INFO - [2026-01-02T04:40:16.342+0000] {dagbag.py:538} INFO - Filling up the DagBag from /home/airflow/.local/lib/python3.8/site-packages/airflow/example_dags/example_xcom.py
[2026-01-02T04:40:16.345+0000] {processor.py:840} INFO - DAG(s) 'example_xcom' retrieved from /home/airflow/.local/lib/python3.8/site-packages/airflow/example_dags/example_xcom.py
[2026-01-02T04:40:16.354+0000] {logging_mixin.py:188} INFO - [2026-01-02T04:40:16.354+0000] {dag.py:3033} INFO - Sync 1 DAGs
[2026-01-02T04:40:16.363+0000] {logging_mixin.py:188} INFO - [2026-01-02T04:40:16.363+0000] {dag.py:3820} INFO - Setting next_dagrun for example_xcom to 2021-01-01T00:00:00+00:00, run_after=2021-01-01T00:00:00+00:00
[2026-01-02T04:40:16.372+0000] {processor.py:183} INFO - Processing /home/airflow/.local/lib/python3.8/site-packages/airflow/example_dags/example_xcom.py took 0.033 seconds
[2026-01-02T04:40:46.508+0000] {processor.py:161} INFO - Started process (PID=282) to work on /home/airflow/.local/lib/python3.8/site-packages/airflow/example_dags/example_xcom.py
[2026-01-02T04:40:46.508+0000] {processor.py:830} INFO - Processing file /home/airflow/.local/lib/python3.8/site-packages/airflow/example_dags/example_xcom.py for tasks to queue
[2026-01-02T04:40:46.509+0000] {logging_mixin.py:188} INFO - [2026-01-02T04:40:46.509+0000] {dagbag.py:538} INFO - Filling up the DagBag from /home/airflow/.local/lib/python3.8/site-packages/airflow/example_dags/example_xcom.py
[2026-01-02T04:40:46.513+0000] {processor.py:840} INFO - DAG(s) 'example_xcom' retrieved from /home/airflow/.local/lib/python3.8/site-packages/airflow/example_dags/example_xcom.py
[2026-01-02T04:40:46.522+0000] {logging_mixin.py:188} INFO - [2026-01-02T04:40:46.522+0000] {dag.py:3033} INFO - Sync 1 DAGs
[2026-01-02T04:40:46.531+0000] {logging_mixin.py:188} INFO - [2026-01-02T04:40:46.531+0000] {dag.py:3820} INFO - Setting next_dagrun for example_xcom to 2021-01-01T00:00:00+00:00, run_after=2021-01-01T00:00:00+00:00
[2026-01-02T04:40:46.541+0000] {processor.py:183} INFO - Processing /home/airflow/.local/lib/python3.8/site-packages/airflow/example_dags/example_xcom.py took 0.034 seconds
[2026-01-02T04:41:16.671+0000] {processor.py:161} INFO - Started process (PID=337) to work on /home/airflow/.local/lib/python3.8/site-packages/airflow/example_dags/example_xcom.py
[2026-01-02T04:41:16.671+0000] {processor.py:830} INFO - Processing file /home/airflow/.local/lib/python3.8/site-packages/airflow/example_dags/example_xcom.py for tasks to queue
[2026-01-02T04:41:16.672+0000] {logging_mixin.py:188} INFO - [2026-01-02T04:41:16.672+0000] {dagbag.py:538} INFO - Filling up the DagBag from /home/airflow/.local/lib/python3.8/site-packages/airflow/example_dags/example_xcom.py
[2026-01-02T04:41:16.675+0000] {processor.py:840} INFO - DAG(s) 'example_xcom' retrieved from /home/airflow/.local/lib/python3.8/site-packages/airflow/example_dags/example_xcom.py
[2026-01-02T04:41:16.684+0000] {logging_mixin.py:188} INFO - [2026-01-02T04:41:16.684+0000] {dag.py:3033} INFO - Sync 1 DAGs
[2026-01-02T04:41:16.693+0000] {logging_mixin.py:188} INFO - [2026-01-02T04:41:16.693+0000] {dag.py:3820} INFO - Setting next_dagrun for example_xcom to 2021-01-01T00:00:00+00:00, run_after=2021-01-01T00:00:00+00:00
[2026-01-02T04:41:16.703+0000] {processor.py:183} INFO - Processing /home/airflow/.local/lib/python3.8/site-packages/airflow/example_dags/example_xcom.py took 0.034 seconds
[2026-01-02T04:41:46.915+0000] {processor.py:161} INFO - Started process (PID=392) to work on /home/airflow/.local/lib/python3.8/site-packages/airflow/example_dags/example_xcom.py
[2026-01-02T04:41:46.915+0000] {processor.py:830} INFO - Processing file /home/airflow/.local/lib/python3.8/site-packages/airflow/example_dags/example_xcom.py for tasks to queue
[2026-01-02T04:41:46.916+0000] {logging_mixin.py:188} INFO - [2026-01-02T04:41:46.916+0000] {dagbag.py:538} INFO - Filling up the DagBag from /home/airflow/.local/lib/python3.8/site-packages/airflow/example_dags/example_xcom.py
[2026-01-02T04:41:46.919+0000] {processor.py:840} INFO - DAG(s) 'example_xcom' retrieved from /home/airflow/.local/lib/python3.8/site-packages/airflow/example_dags/example_xcom.py
[2026-01-02T04:41:46.929+0000] {logging_mixin.py:188} INFO - [2026-01-02T04:41:46.929+0000] {dag.py:3033} INFO - Sync 1 DAGs
[2026-01-02T04:41:46.939+0000] {logging_mixin.py:188} INFO - [2026-01-02T04:41:46.939+0000] {dag.py:3820} INFO - Setting next_dagrun for example_xcom to 2021-01-01T00:00:00+00:00, run_after=2021-01-01T00:00:00+00:00
[2026-01-02T04:41:46.949+0000] {processor.py:183} INFO - Processing /home/airflow/.local/lib/python3.8/site-packages/airflow/example_dags/example_xcom.py took 0.035 seconds
[2026-01-02T04:42:17.049+0000] {processor.py:161} INFO - Started process (PID=447) to work on /home/airflow/.local/lib/python3.8/site-packages/airflow/example_dags/example_xcom.py
[2026-01-02T04:42:17.050+0000] {processor.py:830} INFO - Processing file /home/airflow/.local/lib/python3.8/site-packages/airflow/example_dags/example_xcom.py for tasks to queue
[2026-01-02T04:42:17.051+0000] {logging_mixin.py:188} INFO - [2026-01-02T04:42:17.051+0000] {dagbag.py:538} INFO - Filling up the DagBag from /home/airflow/.local/lib/python3.8/site-packages/airflow/example_dags/example_xcom.py
[2026-01-02T04:42:17.054+0000] {processor.py:840} INFO - DAG(s) 'example_xcom' retrieved from /home/airflow/.local/lib/python3.8/site-packages/airflow/example_dags/example_xcom.py
[2026-01-02T04:42:17.064+0000] {logging_mixin.py:188} INFO - [2026-01-02T04:42:17.063+0000] {dag.py:3033} INFO - Sync 1 DAGs
[2026-01-02T04:42:17.073+0000] {logging_mixin.py:188} INFO - [2026-01-02T04:42:17.073+0000] {dag.py:3820} INFO - Setting next_dagrun for example_xcom to 2021-01-01T00:00:00+00:00, run_after=2021-01-01T00:00:00+00:00
[2026-01-02T04:42:17.082+0000] {processor.py:183} INFO - Processing /home/airflow/.local/lib/python3.8/site-packages/airflow/example_dags/example_xcom.py took 0.034 seconds
[2026-01-02T04:42:47.275+0000] {processor.py:161} INFO - Started process (PID=502) to work on /home/airflow/.local/lib/python3.8/site-packages/airflow/example_dags/example_xcom.py
[2026-01-02T04:42:47.276+0000] {processor.py:830} INFO - Processing file /home/airflow/.local/lib/python3.8/site-packages/airflow/example_dags/example_xcom.py for tasks to queue
[2026-01-02T04:42:47.277+0000] {logging_mixin.py:188} INFO - [2026-01-02T04:42:47.277+0000] {dagbag.py:538} INFO - Filling up the DagBag from /home/airflow/.local/lib/python3.8/site-packages/airflow/example_dags/example_xcom.py
[2026-01-02T04:42:47.280+0000] {processor.py:840} INFO - DAG(s) 'example_xcom' retrieved from /home/airflow/.local/lib/python3.8/site-packages/airflow/example_dags/example_xcom.py
[2026-01-02T04:42:47.290+0000] {logging_mixin.py:188} INFO - [2026-01-02T04:42:47.290+0000] {dag.py:3033} INFO - Sync 1 DAGs
[2026-01-02T04:42:47.299+0000] {logging_mixin.py:188} INFO - [2026-01-02T04:42:47.299+0000] {dag.py:3820} INFO - Setting next_dagrun for example_xcom to 2021-01-01T00:00:00+00:00, run_after=2021-01-01T00:00:00+00:00
[2026-01-02T04:42:47.309+0000] {processor.py:183} INFO - Processing /home/airflow/.local/lib/python3.8/site-packages/airflow/example_dags/example_xcom.py took 0.035 seconds
[2026-01-02T04:43:17.448+0000] {processor.py:161} INFO - Started process (PID=557) to work on /home/airflow/.local/lib/python3.8/site-packages/airflow/example_dags/example_xcom.py
[2026-01-02T04:43:17.448+0000] {processor.py:830} INFO - Processing file /home/airflow/.local/lib/python3.8/site-packages/airflow/example_dags/example_xcom.py for tasks to queue
[2026-01-02T04:43:17.449+0000] {logging_mixin.py:188} INFO - [2026-01-02T04:43:17.449+0000] {dagbag.py:538} INFO - Filling up the DagBag from /home/airflow/.local/lib/python3.8/site-packages/airflow/example_dags/example_xcom.py
[2026-01-02T04:43:17.452+0000] {processor.py:840} INFO - DAG(s) 'example_xcom' retrieved from /home/airflow/.local/lib/python3.8/site-packages/airflow/example_dags/example_xcom.py
[2026-01-02T04:43:17.461+0000] {logging_mixin.py:188} INFO - [2026-01-02T04:43:17.461+0000] {dag.py:3033} INFO - Sync 1 DAGs
[2026-01-02T04:43:17.470+0000] {logging_mixin.py:188} INFO - [2026-01-02T04:43:17.470+0000] {dag.py:3820} INFO - Setting next_dagrun for example_xcom to 2021-01-01T00:00:00+00:00, run_after=2021-01-01T00:00:00+00:00
[2026-01-02T04:43:17.479+0000] {processor.py:183} INFO - Processing /home/airflow/.local/lib/python3.8/site-packages/airflow/example_dags/example_xcom.py took 0.032 seconds
[2026-01-02T04:43:47.732+0000] {processor.py:161} INFO - Started process (PID=612) to work on /home/airflow/.local/lib/python3.8/site-packages/airflow/example_dags/example_xcom.py
[2026-01-02T04:43:47.732+0000] {processor.py:830} INFO - Processing file /home/airflow/.local/lib/python3.8/site-packages/airflow/example_dags/example_xcom.py for tasks to queue
[2026-01-02T04:43:47.733+0000] {logging_mixin.py:188} INFO - [2026-01-02T04:43:47.733+0000] {dagbag.py:538} INFO - Filling up the DagBag from /home/airflow/.local/lib/python3.8/site-packages/airflow/example_dags/example_xcom.py
[2026-01-02T04:43:47.737+0000] {processor.py:840} INFO - DAG(s) 'example_xcom' retrieved from /home/airflow/.local/lib/python3.8/site-packages/airflow/example_dags/example_xcom.py
[2026-01-02T04:43:47.747+0000] {logging_mixin.py:188} INFO - [2026-01-02T04:43:47.747+0000] {dag.py:3033} INFO - Sync 1 DAGs
[2026-01-02T04:43:47.757+0000] {logging_mixin.py:188} INFO - [2026-01-02T04:43:47.757+0000] {dag.py:3820} INFO - Setting next_dagrun for example_xcom to 2021-01-01T00:00:00+00:00, run_after=2021-01-01T00:00:00+00:00
[2026-01-02T04:43:47.767+0000] {processor.py:183} INFO - Processing /home/airflow/.local/lib/python3.8/site-packages/airflow/example_dags/example_xcom.py took 0.036 seconds
[2026-01-02T04:44:18.020+0000] {processor.py:161} INFO - Started process (PID=674) to work on /home/airflow/.local/lib/python3.8/site-packages/airflow/example_dags/example_xcom.py
[2026-01-02T04:44:18.021+0000] {processor.py:830} INFO - Processing file /home/airflow/.local/lib/python3.8/site-packages/airflow/example_dags/example_xcom.py for tasks to queue
[2026-01-02T04:44:18.022+0000] {logging_mixin.py:188} INFO - [2026-01-02T04:44:18.021+0000] {dagbag.py:538} INFO - Filling up the DagBag from /home/airflow/.local/lib/python3.8/site-packages/airflow/example_dags/example_xcom.py
[2026-01-02T04:44:18.025+0000] {processor.py:840} INFO - DAG(s) 'example_xcom' retrieved from /home/airflow/.local/lib/python3.8/site-packages/airflow/example_dags/example_xcom.py
[2026-01-02T04:44:18.038+0000] {logging_mixin.py:188} INFO - [2026-01-02T04:44:18.038+0000] {dag.py:3033} INFO - Sync 1 DAGs
[2026-01-02T04:44:18.048+0000] {logging_mixin.py:188} INFO - [2026-01-02T04:44:18.048+0000] {dag.py:3820} INFO - Setting next_dagrun for example_xcom to 2021-01-01T00:00:00+00:00, run_after=2021-01-01T00:00:00+00:00
[2026-01-02T04:44:18.060+0000] {processor.py:183} INFO - Processing /home/airflow/.local/lib/python3.8/site-packages/airflow/example_dags/example_xcom.py took 0.041 seconds
[2026-01-02T04:44:48.225+0000] {processor.py:161} INFO - Started process (PID=736) to work on /home/airflow/.local/lib/python3.8/site-packages/airflow/example_dags/example_xcom.py
[2026-01-02T04:44:48.226+0000] {processor.py:830} INFO - Processing file /home/airflow/.local/lib/python3.8/site-packages/airflow/example_dags/example_xcom.py for tasks to queue
[2026-01-02T04:44:48.227+0000] {logging_mixin.py:188} INFO - [2026-01-02T04:44:48.227+0000] {dagbag.py:538} INFO - Filling up the DagBag from /home/airflow/.local/lib/python3.8/site-packages/airflow/example_dags/example_xcom.py
[2026-01-02T04:44:48.230+0000] {processor.py:840} INFO - DAG(s) 'example_xcom' retrieved from /home/airflow/.local/lib/python3.8/site-packages/airflow/example_dags/example_xcom.py
[2026-01-02T04:44:48.242+0000] {logging_mixin.py:188} INFO - [2026-01-02T04:44:48.242+0000] {dag.py:3033} INFO - Sync 1 DAGs
[2026-01-02T04:44:48.252+0000] {logging_mixin.py:188} INFO - [2026-01-02T04:44:48.252+0000] {dag.py:3820} INFO - Setting next_dagrun for example_xcom to 2021-01-01T00:00:00+00:00, run_after=2021-01-01T00:00:00+00:00
[2026-01-02T04:44:48.262+0000] {processor.py:183} INFO - Processing /home/airflow/.local/lib/python3.8/site-packages/airflow/example_dags/example_xcom.py took 0.038 seconds
[2026-01-02T04:45:18.519+0000] {processor.py:161} INFO - Started process (PID=791) to work on /home/airflow/.local/lib/python3.8/site-packages/airflow/example_dags/example_xcom.py
[2026-01-02T04:45:18.520+0000] {processor.py:830} INFO - Processing file /home/airflow/.local/lib/python3.8/site-packages/airflow/example_dags/example_xcom.py for tasks to queue
[2026-01-02T04:45:18.521+0000] {logging_mixin.py:188} INFO - [2026-01-02T04:45:18.521+0000] {dagbag.py:538} INFO - Filling up the DagBag from /home/airflow/.local/lib/python3.8/site-packages/airflow/example_dags/example_xcom.py
[2026-01-02T04:45:18.525+0000] {processor.py:840} INFO - DAG(s) 'example_xcom' retrieved from /home/airflow/.local/lib/python3.8/site-packages/airflow/example_dags/example_xcom.py
[2026-01-02T04:45:18.539+0000] {logging_mixin.py:188} INFO - [2026-01-02T04:45:18.539+0000] {dag.py:3033} INFO - Sync 1 DAGs
[2026-01-02T04:45:18.551+0000] {logging_mixin.py:188} INFO - [2026-01-02T04:45:18.551+0000] {dag.py:3820} INFO - Setting next_dagrun for example_xcom to 2021-01-01T00:00:00+00:00, run_after=2021-01-01T00:00:00+00:00
[2026-01-02T04:45:18.561+0000] {processor.py:183} INFO - Processing /home/airflow/.local/lib/python3.8/site-packages/airflow/example_dags/example_xcom.py took 0.043 seconds
[2026-01-02T04:45:48.878+0000] {processor.py:161} INFO - Started process (PID=846) to work on /home/airflow/.local/lib/python3.8/site-packages/airflow/example_dags/example_xcom.py
[2026-01-02T04:45:48.878+0000] {processor.py:830} INFO - Processing file /home/airflow/.local/lib/python3.8/site-packages/airflow/example_dags/example_xcom.py for tasks to queue
[2026-01-02T04:45:48.879+0000] {logging_mixin.py:188} INFO - [2026-01-02T04:45:48.879+0000] {dagbag.py:538} INFO - Filling up the DagBag from /home/airflow/.local/lib/python3.8/site-packages/airflow/example_dags/example_xcom.py
[2026-01-02T04:45:48.882+0000] {processor.py:840} INFO - DAG(s) 'example_xcom' retrieved from /home/airflow/.local/lib/python3.8/site-packages/airflow/example_dags/example_xcom.py
[2026-01-02T04:45:48.894+0000] {logging_mixin.py:188} INFO - [2026-01-02T04:45:48.894+0000] {dag.py:3033} INFO - Sync 1 DAGs
[2026-01-02T04:45:48.903+0000] {logging_mixin.py:188} INFO - [2026-01-02T04:45:48.903+0000] {dag.py:3820} INFO - Setting next_dagrun for example_xcom to 2021-01-01T00:00:00+00:00, run_after=2021-01-01T00:00:00+00:00
[2026-01-02T04:45:48.915+0000] {processor.py:183} INFO - Processing /home/airflow/.local/lib/python3.8/site-packages/airflow/example_dags/example_xcom.py took 0.039 seconds
[2026-01-02T04:46:19.155+0000] {processor.py:161} INFO - Started process (PID=901) to work on /home/airflow/.local/lib/python3.8/site-packages/airflow/example_dags/example_xcom.py
[2026-01-02T04:46:19.156+0000] {processor.py:830} INFO - Processing file /home/airflow/.local/lib/python3.8/site-packages/airflow/example_dags/example_xcom.py for tasks to queue
[2026-01-02T04:46:19.157+0000] {logging_mixin.py:188} INFO - [2026-01-02T04:46:19.157+0000] {dagbag.py:538} INFO - Filling up the DagBag from /home/airflow/.local/lib/python3.8/site-packages/airflow/example_dags/example_xcom.py
[2026-01-02T04:46:19.159+0000] {processor.py:840} INFO - DAG(s) 'example_xcom' retrieved from /home/airflow/.local/lib/python3.8/site-packages/airflow/example_dags/example_xcom.py
[2026-01-02T04:46:19.176+0000] {logging_mixin.py:188} INFO - [2026-01-02T04:46:19.176+0000] {dag.py:3033} INFO - Sync 1 DAGs
[2026-01-02T04:46:19.185+0000] {logging_mixin.py:188} INFO - [2026-01-02T04:46:19.185+0000] {dag.py:3820} INFO - Setting next_dagrun for example_xcom to 2021-01-01T00:00:00+00:00, run_after=2021-01-01T00:00:00+00:00
[2026-01-02T04:46:19.195+0000] {processor.py:183} INFO - Processing /home/airflow/.local/lib/python3.8/site-packages/airflow/example_dags/example_xcom.py took 0.041 seconds
[2026-01-02T04:46:49.473+0000] {processor.py:161} INFO - Started process (PID=956) to work on /home/airflow/.local/lib/python3.8/site-packages/airflow/example_dags/example_xcom.py
[2026-01-02T04:46:49.474+0000] {processor.py:830} INFO - Processing file /home/airflow/.local/lib/python3.8/site-packages/airflow/example_dags/example_xcom.py for tasks to queue
[2026-01-02T04:46:49.475+0000] {logging_mixin.py:188} INFO - [2026-01-02T04:46:49.474+0000] {dagbag.py:538} INFO - Filling up the DagBag from /home/airflow/.local/lib/python3.8/site-packages/airflow/example_dags/example_xcom.py
[2026-01-02T04:46:49.478+0000] {processor.py:840} INFO - DAG(s) 'example_xcom' retrieved from /home/airflow/.local/lib/python3.8/site-packages/airflow/example_dags/example_xcom.py
[2026-01-02T04:46:49.489+0000] {logging_mixin.py:188} INFO - [2026-01-02T04:46:49.488+0000] {dag.py:3033} INFO - Sync 1 DAGs
[2026-01-02T04:46:49.501+0000] {logging_mixin.py:188} INFO - [2026-01-02T04:46:49.501+0000] {dag.py:3820} INFO - Setting next_dagrun for example_xcom to 2021-01-01T00:00:00+00:00, run_after=2021-01-01T00:00:00+00:00
[2026-01-02T04:46:49.513+0000] {processor.py:183} INFO - Processing /home/airflow/.local/lib/python3.8/site-packages/airflow/example_dags/example_xcom.py took 0.041 seconds
[2026-01-02T04:47:19.768+0000] {processor.py:161} INFO - Started process (PID=1011) to work on /home/airflow/.local/lib/python3.8/site-packages/airflow/example_dags/example_xcom.py
[2026-01-02T04:47:19.769+0000] {processor.py:830} INFO - Processing file /home/airflow/.local/lib/python3.8/site-packages/airflow/example_dags/example_xcom.py for tasks to queue
[2026-01-02T04:47:19.770+0000] {logging_mixin.py:188} INFO - [2026-01-02T04:47:19.769+0000] {dagbag.py:538} INFO - Filling up the DagBag from /home/airflow/.local/lib/python3.8/site-packages/airflow/example_dags/example_xcom.py
[2026-01-02T04:47:19.773+0000] {processor.py:840} INFO - DAG(s) 'example_xcom' retrieved from /home/airflow/.local/lib/python3.8/site-packages/airflow/example_dags/example_xcom.py
[2026-01-02T04:47:19.782+0000] {logging_mixin.py:188} INFO - [2026-01-02T04:47:19.782+0000] {dag.py:3033} INFO - Sync 1 DAGs
[2026-01-02T04:47:19.794+0000] {logging_mixin.py:188} INFO - [2026-01-02T04:47:19.794+0000] {dag.py:3820} INFO - Setting next_dagrun for example_xcom to 2021-01-01T00:00:00+00:00, run_after=2021-01-01T00:00:00+00:00
[2026-01-02T04:47:19.805+0000] {processor.py:183} INFO - Processing /home/airflow/.local/lib/python3.8/site-packages/airflow/example_dags/example_xcom.py took 0.039 seconds
