[2026-01-02T04:28:05.505+0000] {processor.py:161} INFO - Started process (PID=87) to work on /home/airflow/.local/lib/python3.8/site-packages/airflow/example_dags/example_params_ui_tutorial.py
[2026-01-02T04:28:05.505+0000] {processor.py:830} INFO - Processing file /home/airflow/.local/lib/python3.8/site-packages/airflow/example_dags/example_params_ui_tutorial.py for tasks to queue
[2026-01-02T04:28:05.506+0000] {logging_mixin.py:188} INFO - [2026-01-02T04:28:05.506+0000] {dagbag.py:538} INFO - Filling up the DagBag from /home/airflow/.local/lib/python3.8/site-packages/airflow/example_dags/example_params_ui_tutorial.py
[2026-01-02T04:28:05.513+0000] {processor.py:840} INFO - DAG(s) 'example_params_ui_tutorial' retrieved from /home/airflow/.local/lib/python3.8/site-packages/airflow/example_dags/example_params_ui_tutorial.py
[2026-01-02T04:28:05.581+0000] {logging_mixin.py:188} INFO - [2026-01-02T04:28:05.581+0000] {override.py:1769} INFO - Created Permission View: can edit on DAG:example_params_ui_tutorial
[2026-01-02T04:28:05.589+0000] {logging_mixin.py:188} INFO - [2026-01-02T04:28:05.588+0000] {override.py:1769} INFO - Created Permission View: can delete on DAG:example_params_ui_tutorial
[2026-01-02T04:28:05.593+0000] {logging_mixin.py:188} INFO - [2026-01-02T04:28:05.593+0000] {override.py:1769} INFO - Created Permission View: can read on DAG:example_params_ui_tutorial
[2026-01-02T04:28:05.593+0000] {logging_mixin.py:188} INFO - [2026-01-02T04:28:05.593+0000] {dag.py:3033} INFO - Sync 1 DAGs
[2026-01-02T04:28:05.598+0000] {logging_mixin.py:188} INFO - [2026-01-02T04:28:05.598+0000] {dag.py:3055} INFO - Creating ORM DAG for example_params_ui_tutorial
[2026-01-02T04:28:05.599+0000] {logging_mixin.py:188} INFO - [2026-01-02T04:28:05.599+0000] {dag.py:3820} INFO - Setting next_dagrun for example_params_ui_tutorial to None, run_after=None
[2026-01-02T04:28:05.609+0000] {processor.py:183} INFO - Processing /home/airflow/.local/lib/python3.8/site-packages/airflow/example_dags/example_params_ui_tutorial.py took 0.106 seconds
[2026-01-02T04:28:35.692+0000] {processor.py:161} INFO - Started process (PID=142) to work on /home/airflow/.local/lib/python3.8/site-packages/airflow/example_dags/example_params_ui_tutorial.py
[2026-01-02T04:28:35.692+0000] {processor.py:830} INFO - Processing file /home/airflow/.local/lib/python3.8/site-packages/airflow/example_dags/example_params_ui_tutorial.py for tasks to queue
[2026-01-02T04:28:35.693+0000] {logging_mixin.py:188} INFO - [2026-01-02T04:28:35.693+0000] {dagbag.py:538} INFO - Filling up the DagBag from /home/airflow/.local/lib/python3.8/site-packages/airflow/example_dags/example_params_ui_tutorial.py
[2026-01-02T04:28:35.698+0000] {processor.py:840} INFO - DAG(s) 'example_params_ui_tutorial' retrieved from /home/airflow/.local/lib/python3.8/site-packages/airflow/example_dags/example_params_ui_tutorial.py
[2026-01-02T04:28:35.724+0000] {logging_mixin.py:188} INFO - [2026-01-02T04:28:35.724+0000] {dag.py:3033} INFO - Sync 1 DAGs
[2026-01-02T04:28:35.729+0000] {logging_mixin.py:188} INFO - [2026-01-02T04:28:35.729+0000] {dag.py:3820} INFO - Setting next_dagrun for example_params_ui_tutorial to None, run_after=None
[2026-01-02T04:28:35.739+0000] {processor.py:183} INFO - Processing /home/airflow/.local/lib/python3.8/site-packages/airflow/example_dags/example_params_ui_tutorial.py took 0.049 seconds
[2026-01-02T04:30:00.580+0000] {processor.py:161} INFO - Started process (PID=79) to work on /home/airflow/.local/lib/python3.8/site-packages/airflow/example_dags/example_params_ui_tutorial.py
[2026-01-02T04:30:00.581+0000] {processor.py:830} INFO - Processing file /home/airflow/.local/lib/python3.8/site-packages/airflow/example_dags/example_params_ui_tutorial.py for tasks to queue
[2026-01-02T04:30:00.582+0000] {logging_mixin.py:188} INFO - [2026-01-02T04:30:00.582+0000] {dagbag.py:538} INFO - Filling up the DagBag from /home/airflow/.local/lib/python3.8/site-packages/airflow/example_dags/example_params_ui_tutorial.py
[2026-01-02T04:30:00.588+0000] {processor.py:840} INFO - DAG(s) 'example_params_ui_tutorial' retrieved from /home/airflow/.local/lib/python3.8/site-packages/airflow/example_dags/example_params_ui_tutorial.py
[2026-01-02T04:30:00.596+0000] {logging_mixin.py:188} INFO - [2026-01-02T04:30:00.596+0000] {dag.py:3033} INFO - Sync 1 DAGs
[2026-01-02T04:30:00.604+0000] {logging_mixin.py:188} INFO - [2026-01-02T04:30:00.604+0000] {dag.py:3820} INFO - Setting next_dagrun for example_params_ui_tutorial to None, run_after=None
[2026-01-02T04:30:00.617+0000] {processor.py:183} INFO - Processing /home/airflow/.local/lib/python3.8/site-packages/airflow/example_dags/example_params_ui_tutorial.py took 0.038 seconds
[2026-01-02T04:30:31.847+0000] {processor.py:161} INFO - Started process (PID=134) to work on /home/airflow/.local/lib/python3.8/site-packages/airflow/example_dags/example_params_ui_tutorial.py
[2026-01-02T04:30:31.847+0000] {processor.py:830} INFO - Processing file /home/airflow/.local/lib/python3.8/site-packages/airflow/example_dags/example_params_ui_tutorial.py for tasks to queue
[2026-01-02T04:30:31.848+0000] {logging_mixin.py:188} INFO - [2026-01-02T04:30:31.848+0000] {dagbag.py:538} INFO - Filling up the DagBag from /home/airflow/.local/lib/python3.8/site-packages/airflow/example_dags/example_params_ui_tutorial.py
[2026-01-02T04:30:31.854+0000] {processor.py:840} INFO - DAG(s) 'example_params_ui_tutorial' retrieved from /home/airflow/.local/lib/python3.8/site-packages/airflow/example_dags/example_params_ui_tutorial.py
[2026-01-02T04:30:31.926+0000] {logging_mixin.py:188} INFO - [2026-01-02T04:30:31.925+0000] {dag.py:3033} INFO - Sync 1 DAGs
[2026-01-02T04:30:31.931+0000] {logging_mixin.py:188} INFO - [2026-01-02T04:30:31.931+0000] {dag.py:3820} INFO - Setting next_dagrun for example_params_ui_tutorial to None, run_after=None
[2026-01-02T04:30:31.944+0000] {processor.py:183} INFO - Processing /home/airflow/.local/lib/python3.8/site-packages/airflow/example_dags/example_params_ui_tutorial.py took 0.099 seconds
[2026-01-02T04:31:02.609+0000] {processor.py:161} INFO - Started process (PID=189) to work on /home/airflow/.local/lib/python3.8/site-packages/airflow/example_dags/example_params_ui_tutorial.py
[2026-01-02T04:31:02.609+0000] {processor.py:830} INFO - Processing file /home/airflow/.local/lib/python3.8/site-packages/airflow/example_dags/example_params_ui_tutorial.py for tasks to queue
[2026-01-02T04:31:02.610+0000] {logging_mixin.py:188} INFO - [2026-01-02T04:31:02.610+0000] {dagbag.py:538} INFO - Filling up the DagBag from /home/airflow/.local/lib/python3.8/site-packages/airflow/example_dags/example_params_ui_tutorial.py
[2026-01-02T04:31:02.616+0000] {processor.py:840} INFO - DAG(s) 'example_params_ui_tutorial' retrieved from /home/airflow/.local/lib/python3.8/site-packages/airflow/example_dags/example_params_ui_tutorial.py
[2026-01-02T04:31:02.644+0000] {logging_mixin.py:188} INFO - [2026-01-02T04:31:02.643+0000] {dag.py:3033} INFO - Sync 1 DAGs
[2026-01-02T04:31:02.651+0000] {logging_mixin.py:188} INFO - [2026-01-02T04:31:02.651+0000] {dag.py:3820} INFO - Setting next_dagrun for example_params_ui_tutorial to None, run_after=None
[2026-01-02T04:31:02.664+0000] {processor.py:183} INFO - Processing /home/airflow/.local/lib/python3.8/site-packages/airflow/example_dags/example_params_ui_tutorial.py took 0.057 seconds
[2026-01-02T04:31:33.050+0000] {processor.py:161} INFO - Started process (PID=244) to work on /home/airflow/.local/lib/python3.8/site-packages/airflow/example_dags/example_params_ui_tutorial.py
[2026-01-02T04:31:33.050+0000] {processor.py:830} INFO - Processing file /home/airflow/.local/lib/python3.8/site-packages/airflow/example_dags/example_params_ui_tutorial.py for tasks to queue
[2026-01-02T04:31:33.053+0000] {logging_mixin.py:188} INFO - [2026-01-02T04:31:33.053+0000] {dagbag.py:538} INFO - Filling up the DagBag from /home/airflow/.local/lib/python3.8/site-packages/airflow/example_dags/example_params_ui_tutorial.py
[2026-01-02T04:31:33.058+0000] {processor.py:840} INFO - DAG(s) 'example_params_ui_tutorial' retrieved from /home/airflow/.local/lib/python3.8/site-packages/airflow/example_dags/example_params_ui_tutorial.py
[2026-01-02T04:31:33.087+0000] {logging_mixin.py:188} INFO - [2026-01-02T04:31:33.087+0000] {dag.py:3033} INFO - Sync 1 DAGs
[2026-01-02T04:31:33.094+0000] {logging_mixin.py:188} INFO - [2026-01-02T04:31:33.094+0000] {dag.py:3820} INFO - Setting next_dagrun for example_params_ui_tutorial to None, run_after=None
[2026-01-02T04:31:33.106+0000] {processor.py:183} INFO - Processing /home/airflow/.local/lib/python3.8/site-packages/airflow/example_dags/example_params_ui_tutorial.py took 0.057 seconds
[2026-01-02T04:32:03.434+0000] {processor.py:161} INFO - Started process (PID=299) to work on /home/airflow/.local/lib/python3.8/site-packages/airflow/example_dags/example_params_ui_tutorial.py
[2026-01-02T04:32:03.435+0000] {processor.py:830} INFO - Processing file /home/airflow/.local/lib/python3.8/site-packages/airflow/example_dags/example_params_ui_tutorial.py for tasks to queue
[2026-01-02T04:32:03.436+0000] {logging_mixin.py:188} INFO - [2026-01-02T04:32:03.436+0000] {dagbag.py:538} INFO - Filling up the DagBag from /home/airflow/.local/lib/python3.8/site-packages/airflow/example_dags/example_params_ui_tutorial.py
[2026-01-02T04:32:03.443+0000] {processor.py:840} INFO - DAG(s) 'example_params_ui_tutorial' retrieved from /home/airflow/.local/lib/python3.8/site-packages/airflow/example_dags/example_params_ui_tutorial.py
[2026-01-02T04:32:03.469+0000] {logging_mixin.py:188} INFO - [2026-01-02T04:32:03.469+0000] {dag.py:3033} INFO - Sync 1 DAGs
[2026-01-02T04:32:03.475+0000] {logging_mixin.py:188} INFO - [2026-01-02T04:32:03.475+0000] {dag.py:3820} INFO - Setting next_dagrun for example_params_ui_tutorial to None, run_after=None
[2026-01-02T04:32:03.485+0000] {processor.py:183} INFO - Processing /home/airflow/.local/lib/python3.8/site-packages/airflow/example_dags/example_params_ui_tutorial.py took 0.053 seconds
[2026-01-02T04:32:33.773+0000] {processor.py:161} INFO - Started process (PID=354) to work on /home/airflow/.local/lib/python3.8/site-packages/airflow/example_dags/example_params_ui_tutorial.py
[2026-01-02T04:32:33.773+0000] {processor.py:830} INFO - Processing file /home/airflow/.local/lib/python3.8/site-packages/airflow/example_dags/example_params_ui_tutorial.py for tasks to queue
[2026-01-02T04:32:33.775+0000] {logging_mixin.py:188} INFO - [2026-01-02T04:32:33.775+0000] {dagbag.py:538} INFO - Filling up the DagBag from /home/airflow/.local/lib/python3.8/site-packages/airflow/example_dags/example_params_ui_tutorial.py
[2026-01-02T04:32:33.781+0000] {processor.py:840} INFO - DAG(s) 'example_params_ui_tutorial' retrieved from /home/airflow/.local/lib/python3.8/site-packages/airflow/example_dags/example_params_ui_tutorial.py
[2026-01-02T04:32:33.808+0000] {logging_mixin.py:188} INFO - [2026-01-02T04:32:33.808+0000] {dag.py:3033} INFO - Sync 1 DAGs
[2026-01-02T04:32:33.813+0000] {logging_mixin.py:188} INFO - [2026-01-02T04:32:33.813+0000] {dag.py:3820} INFO - Setting next_dagrun for example_params_ui_tutorial to None, run_after=None
[2026-01-02T04:32:33.824+0000] {processor.py:183} INFO - Processing /home/airflow/.local/lib/python3.8/site-packages/airflow/example_dags/example_params_ui_tutorial.py took 0.052 seconds
[2026-01-02T04:33:04.070+0000] {processor.py:161} INFO - Started process (PID=409) to work on /home/airflow/.local/lib/python3.8/site-packages/airflow/example_dags/example_params_ui_tutorial.py
[2026-01-02T04:33:04.070+0000] {processor.py:830} INFO - Processing file /home/airflow/.local/lib/python3.8/site-packages/airflow/example_dags/example_params_ui_tutorial.py for tasks to queue
[2026-01-02T04:33:04.071+0000] {logging_mixin.py:188} INFO - [2026-01-02T04:33:04.071+0000] {dagbag.py:538} INFO - Filling up the DagBag from /home/airflow/.local/lib/python3.8/site-packages/airflow/example_dags/example_params_ui_tutorial.py
[2026-01-02T04:33:04.077+0000] {processor.py:840} INFO - DAG(s) 'example_params_ui_tutorial' retrieved from /home/airflow/.local/lib/python3.8/site-packages/airflow/example_dags/example_params_ui_tutorial.py
[2026-01-02T04:33:04.103+0000] {logging_mixin.py:188} INFO - [2026-01-02T04:33:04.102+0000] {dag.py:3033} INFO - Sync 1 DAGs
[2026-01-02T04:33:04.109+0000] {logging_mixin.py:188} INFO - [2026-01-02T04:33:04.109+0000] {dag.py:3820} INFO - Setting next_dagrun for example_params_ui_tutorial to None, run_after=None
[2026-01-02T04:33:04.118+0000] {processor.py:183} INFO - Processing /home/airflow/.local/lib/python3.8/site-packages/airflow/example_dags/example_params_ui_tutorial.py took 0.050 seconds
[2026-01-02T04:33:34.308+0000] {processor.py:161} INFO - Started process (PID=464) to work on /home/airflow/.local/lib/python3.8/site-packages/airflow/example_dags/example_params_ui_tutorial.py
[2026-01-02T04:33:34.308+0000] {processor.py:830} INFO - Processing file /home/airflow/.local/lib/python3.8/site-packages/airflow/example_dags/example_params_ui_tutorial.py for tasks to queue
[2026-01-02T04:33:34.309+0000] {logging_mixin.py:188} INFO - [2026-01-02T04:33:34.309+0000] {dagbag.py:538} INFO - Filling up the DagBag from /home/airflow/.local/lib/python3.8/site-packages/airflow/example_dags/example_params_ui_tutorial.py
[2026-01-02T04:33:34.315+0000] {processor.py:840} INFO - DAG(s) 'example_params_ui_tutorial' retrieved from /home/airflow/.local/lib/python3.8/site-packages/airflow/example_dags/example_params_ui_tutorial.py
[2026-01-02T04:33:34.340+0000] {logging_mixin.py:188} INFO - [2026-01-02T04:33:34.340+0000] {dag.py:3033} INFO - Sync 1 DAGs
[2026-01-02T04:33:34.346+0000] {logging_mixin.py:188} INFO - [2026-01-02T04:33:34.346+0000] {dag.py:3820} INFO - Setting next_dagrun for example_params_ui_tutorial to None, run_after=None
[2026-01-02T04:33:34.356+0000] {processor.py:183} INFO - Processing /home/airflow/.local/lib/python3.8/site-packages/airflow/example_dags/example_params_ui_tutorial.py took 0.050 seconds
[2026-01-02T04:34:04.595+0000] {processor.py:161} INFO - Started process (PID=519) to work on /home/airflow/.local/lib/python3.8/site-packages/airflow/example_dags/example_params_ui_tutorial.py
[2026-01-02T04:34:04.596+0000] {processor.py:830} INFO - Processing file /home/airflow/.local/lib/python3.8/site-packages/airflow/example_dags/example_params_ui_tutorial.py for tasks to queue
[2026-01-02T04:34:04.597+0000] {logging_mixin.py:188} INFO - [2026-01-02T04:34:04.597+0000] {dagbag.py:538} INFO - Filling up the DagBag from /home/airflow/.local/lib/python3.8/site-packages/airflow/example_dags/example_params_ui_tutorial.py
[2026-01-02T04:34:04.602+0000] {processor.py:840} INFO - DAG(s) 'example_params_ui_tutorial' retrieved from /home/airflow/.local/lib/python3.8/site-packages/airflow/example_dags/example_params_ui_tutorial.py
[2026-01-02T04:34:04.628+0000] {logging_mixin.py:188} INFO - [2026-01-02T04:34:04.628+0000] {dag.py:3033} INFO - Sync 1 DAGs
[2026-01-02T04:34:04.633+0000] {logging_mixin.py:188} INFO - [2026-01-02T04:34:04.633+0000] {dag.py:3820} INFO - Setting next_dagrun for example_params_ui_tutorial to None, run_after=None
[2026-01-02T04:34:04.645+0000] {processor.py:183} INFO - Processing /home/airflow/.local/lib/python3.8/site-packages/airflow/example_dags/example_params_ui_tutorial.py took 0.051 seconds
[2026-01-02T04:34:34.981+0000] {processor.py:161} INFO - Started process (PID=574) to work on /home/airflow/.local/lib/python3.8/site-packages/airflow/example_dags/example_params_ui_tutorial.py
[2026-01-02T04:34:34.982+0000] {processor.py:830} INFO - Processing file /home/airflow/.local/lib/python3.8/site-packages/airflow/example_dags/example_params_ui_tutorial.py for tasks to queue
[2026-01-02T04:34:34.983+0000] {logging_mixin.py:188} INFO - [2026-01-02T04:34:34.982+0000] {dagbag.py:538} INFO - Filling up the DagBag from /home/airflow/.local/lib/python3.8/site-packages/airflow/example_dags/example_params_ui_tutorial.py
[2026-01-02T04:34:34.987+0000] {processor.py:840} INFO - DAG(s) 'example_params_ui_tutorial' retrieved from /home/airflow/.local/lib/python3.8/site-packages/airflow/example_dags/example_params_ui_tutorial.py
[2026-01-02T04:34:35.013+0000] {logging_mixin.py:188} INFO - [2026-01-02T04:34:35.013+0000] {dag.py:3033} INFO - Sync 1 DAGs
[2026-01-02T04:34:35.018+0000] {logging_mixin.py:188} INFO - [2026-01-02T04:34:35.018+0000] {dag.py:3820} INFO - Setting next_dagrun for example_params_ui_tutorial to None, run_after=None
[2026-01-02T04:34:35.035+0000] {processor.py:183} INFO - Processing /home/airflow/.local/lib/python3.8/site-packages/airflow/example_dags/example_params_ui_tutorial.py took 0.055 seconds
[2026-01-02T04:35:05.266+0000] {processor.py:161} INFO - Started process (PID=629) to work on /home/airflow/.local/lib/python3.8/site-packages/airflow/example_dags/example_params_ui_tutorial.py
[2026-01-02T04:35:05.266+0000] {processor.py:830} INFO - Processing file /home/airflow/.local/lib/python3.8/site-packages/airflow/example_dags/example_params_ui_tutorial.py for tasks to queue
[2026-01-02T04:35:05.267+0000] {logging_mixin.py:188} INFO - [2026-01-02T04:35:05.267+0000] {dagbag.py:538} INFO - Filling up the DagBag from /home/airflow/.local/lib/python3.8/site-packages/airflow/example_dags/example_params_ui_tutorial.py
[2026-01-02T04:35:05.271+0000] {processor.py:840} INFO - DAG(s) 'example_params_ui_tutorial' retrieved from /home/airflow/.local/lib/python3.8/site-packages/airflow/example_dags/example_params_ui_tutorial.py
[2026-01-02T04:35:05.297+0000] {logging_mixin.py:188} INFO - [2026-01-02T04:35:05.297+0000] {dag.py:3033} INFO - Sync 1 DAGs
[2026-01-02T04:35:05.302+0000] {logging_mixin.py:188} INFO - [2026-01-02T04:35:05.302+0000] {dag.py:3820} INFO - Setting next_dagrun for example_params_ui_tutorial to None, run_after=None
[2026-01-02T04:35:05.311+0000] {processor.py:183} INFO - Processing /home/airflow/.local/lib/python3.8/site-packages/airflow/example_dags/example_params_ui_tutorial.py took 0.047 seconds
[2026-01-02T04:35:35.585+0000] {processor.py:161} INFO - Started process (PID=684) to work on /home/airflow/.local/lib/python3.8/site-packages/airflow/example_dags/example_params_ui_tutorial.py
[2026-01-02T04:35:35.585+0000] {processor.py:830} INFO - Processing file /home/airflow/.local/lib/python3.8/site-packages/airflow/example_dags/example_params_ui_tutorial.py for tasks to queue
[2026-01-02T04:35:35.586+0000] {logging_mixin.py:188} INFO - [2026-01-02T04:35:35.586+0000] {dagbag.py:538} INFO - Filling up the DagBag from /home/airflow/.local/lib/python3.8/site-packages/airflow/example_dags/example_params_ui_tutorial.py
[2026-01-02T04:35:35.592+0000] {processor.py:840} INFO - DAG(s) 'example_params_ui_tutorial' retrieved from /home/airflow/.local/lib/python3.8/site-packages/airflow/example_dags/example_params_ui_tutorial.py
[2026-01-02T04:35:35.619+0000] {logging_mixin.py:188} INFO - [2026-01-02T04:35:35.618+0000] {dag.py:3033} INFO - Sync 1 DAGs
[2026-01-02T04:35:35.625+0000] {logging_mixin.py:188} INFO - [2026-01-02T04:35:35.625+0000] {dag.py:3820} INFO - Setting next_dagrun for example_params_ui_tutorial to None, run_after=None
[2026-01-02T04:35:35.635+0000] {processor.py:183} INFO - Processing /home/airflow/.local/lib/python3.8/site-packages/airflow/example_dags/example_params_ui_tutorial.py took 0.051 seconds
[2026-01-02T04:36:05.909+0000] {processor.py:161} INFO - Started process (PID=739) to work on /home/airflow/.local/lib/python3.8/site-packages/airflow/example_dags/example_params_ui_tutorial.py
[2026-01-02T04:36:05.910+0000] {processor.py:830} INFO - Processing file /home/airflow/.local/lib/python3.8/site-packages/airflow/example_dags/example_params_ui_tutorial.py for tasks to queue
[2026-01-02T04:36:05.910+0000] {logging_mixin.py:188} INFO - [2026-01-02T04:36:05.910+0000] {dagbag.py:538} INFO - Filling up the DagBag from /home/airflow/.local/lib/python3.8/site-packages/airflow/example_dags/example_params_ui_tutorial.py
[2026-01-02T04:36:05.916+0000] {processor.py:840} INFO - DAG(s) 'example_params_ui_tutorial' retrieved from /home/airflow/.local/lib/python3.8/site-packages/airflow/example_dags/example_params_ui_tutorial.py
[2026-01-02T04:36:05.945+0000] {logging_mixin.py:188} INFO - [2026-01-02T04:36:05.945+0000] {dag.py:3033} INFO - Sync 1 DAGs
[2026-01-02T04:36:05.952+0000] {logging_mixin.py:188} INFO - [2026-01-02T04:36:05.952+0000] {dag.py:3820} INFO - Setting next_dagrun for example_params_ui_tutorial to None, run_after=None
[2026-01-02T04:36:05.963+0000] {processor.py:183} INFO - Processing /home/airflow/.local/lib/python3.8/site-packages/airflow/example_dags/example_params_ui_tutorial.py took 0.055 seconds
[2026-01-02T04:38:45.641+0000] {processor.py:161} INFO - Started process (PID=81) to work on /home/airflow/.local/lib/python3.8/site-packages/airflow/example_dags/example_params_ui_tutorial.py
[2026-01-02T04:38:45.642+0000] {processor.py:830} INFO - Processing file /home/airflow/.local/lib/python3.8/site-packages/airflow/example_dags/example_params_ui_tutorial.py for tasks to queue
[2026-01-02T04:38:45.643+0000] {logging_mixin.py:188} INFO - [2026-01-02T04:38:45.643+0000] {dagbag.py:538} INFO - Filling up the DagBag from /home/airflow/.local/lib/python3.8/site-packages/airflow/example_dags/example_params_ui_tutorial.py
[2026-01-02T04:38:45.649+0000] {processor.py:840} INFO - DAG(s) 'example_params_ui_tutorial' retrieved from /home/airflow/.local/lib/python3.8/site-packages/airflow/example_dags/example_params_ui_tutorial.py
[2026-01-02T04:38:45.655+0000] {logging_mixin.py:188} INFO - [2026-01-02T04:38:45.655+0000] {dag.py:3033} INFO - Sync 1 DAGs
[2026-01-02T04:38:45.661+0000] {logging_mixin.py:188} INFO - [2026-01-02T04:38:45.661+0000] {dag.py:3820} INFO - Setting next_dagrun for example_params_ui_tutorial to None, run_after=None
[2026-01-02T04:38:45.673+0000] {processor.py:183} INFO - Processing /home/airflow/.local/lib/python3.8/site-packages/airflow/example_dags/example_params_ui_tutorial.py took 0.033 seconds
[2026-01-02T04:39:16.307+0000] {processor.py:161} INFO - Started process (PID=142) to work on /home/airflow/.local/lib/python3.8/site-packages/airflow/example_dags/example_params_ui_tutorial.py
[2026-01-02T04:39:16.307+0000] {processor.py:830} INFO - Processing file /home/airflow/.local/lib/python3.8/site-packages/airflow/example_dags/example_params_ui_tutorial.py for tasks to queue
[2026-01-02T04:39:16.308+0000] {logging_mixin.py:188} INFO - [2026-01-02T04:39:16.308+0000] {dagbag.py:538} INFO - Filling up the DagBag from /home/airflow/.local/lib/python3.8/site-packages/airflow/example_dags/example_params_ui_tutorial.py
[2026-01-02T04:39:16.313+0000] {processor.py:840} INFO - DAG(s) 'example_params_ui_tutorial' retrieved from /home/airflow/.local/lib/python3.8/site-packages/airflow/example_dags/example_params_ui_tutorial.py
[2026-01-02T04:39:16.371+0000] {logging_mixin.py:188} INFO - [2026-01-02T04:39:16.371+0000] {dag.py:3033} INFO - Sync 1 DAGs
[2026-01-02T04:39:16.375+0000] {logging_mixin.py:188} INFO - [2026-01-02T04:39:16.375+0000] {dag.py:3820} INFO - Setting next_dagrun for example_params_ui_tutorial to None, run_after=None
[2026-01-02T04:39:16.386+0000] {processor.py:183} INFO - Processing /home/airflow/.local/lib/python3.8/site-packages/airflow/example_dags/example_params_ui_tutorial.py took 0.080 seconds
[2026-01-02T04:39:46.778+0000] {processor.py:161} INFO - Started process (PID=197) to work on /home/airflow/.local/lib/python3.8/site-packages/airflow/example_dags/example_params_ui_tutorial.py
[2026-01-02T04:39:46.778+0000] {processor.py:830} INFO - Processing file /home/airflow/.local/lib/python3.8/site-packages/airflow/example_dags/example_params_ui_tutorial.py for tasks to queue
[2026-01-02T04:39:46.779+0000] {logging_mixin.py:188} INFO - [2026-01-02T04:39:46.779+0000] {dagbag.py:538} INFO - Filling up the DagBag from /home/airflow/.local/lib/python3.8/site-packages/airflow/example_dags/example_params_ui_tutorial.py
[2026-01-02T04:39:46.784+0000] {processor.py:840} INFO - DAG(s) 'example_params_ui_tutorial' retrieved from /home/airflow/.local/lib/python3.8/site-packages/airflow/example_dags/example_params_ui_tutorial.py
[2026-01-02T04:39:46.808+0000] {logging_mixin.py:188} INFO - [2026-01-02T04:39:46.807+0000] {dag.py:3033} INFO - Sync 1 DAGs
[2026-01-02T04:39:46.813+0000] {logging_mixin.py:188} INFO - [2026-01-02T04:39:46.812+0000] {dag.py:3820} INFO - Setting next_dagrun for example_params_ui_tutorial to None, run_after=None
[2026-01-02T04:39:46.822+0000] {processor.py:183} INFO - Processing /home/airflow/.local/lib/python3.8/site-packages/airflow/example_dags/example_params_ui_tutorial.py took 0.046 seconds
[2026-01-02T04:40:16.938+0000] {processor.py:161} INFO - Started process (PID=252) to work on /home/airflow/.local/lib/python3.8/site-packages/airflow/example_dags/example_params_ui_tutorial.py
[2026-01-02T04:40:16.939+0000] {processor.py:830} INFO - Processing file /home/airflow/.local/lib/python3.8/site-packages/airflow/example_dags/example_params_ui_tutorial.py for tasks to queue
[2026-01-02T04:40:16.940+0000] {logging_mixin.py:188} INFO - [2026-01-02T04:40:16.940+0000] {dagbag.py:538} INFO - Filling up the DagBag from /home/airflow/.local/lib/python3.8/site-packages/airflow/example_dags/example_params_ui_tutorial.py
[2026-01-02T04:40:16.946+0000] {processor.py:840} INFO - DAG(s) 'example_params_ui_tutorial' retrieved from /home/airflow/.local/lib/python3.8/site-packages/airflow/example_dags/example_params_ui_tutorial.py
[2026-01-02T04:40:16.974+0000] {logging_mixin.py:188} INFO - [2026-01-02T04:40:16.974+0000] {dag.py:3033} INFO - Sync 1 DAGs
[2026-01-02T04:40:16.979+0000] {logging_mixin.py:188} INFO - [2026-01-02T04:40:16.979+0000] {dag.py:3820} INFO - Setting next_dagrun for example_params_ui_tutorial to None, run_after=None
[2026-01-02T04:40:16.988+0000] {processor.py:183} INFO - Processing /home/airflow/.local/lib/python3.8/site-packages/airflow/example_dags/example_params_ui_tutorial.py took 0.051 seconds
[2026-01-02T04:40:47.127+0000] {processor.py:161} INFO - Started process (PID=307) to work on /home/airflow/.local/lib/python3.8/site-packages/airflow/example_dags/example_params_ui_tutorial.py
[2026-01-02T04:40:47.128+0000] {processor.py:830} INFO - Processing file /home/airflow/.local/lib/python3.8/site-packages/airflow/example_dags/example_params_ui_tutorial.py for tasks to queue
[2026-01-02T04:40:47.129+0000] {logging_mixin.py:188} INFO - [2026-01-02T04:40:47.129+0000] {dagbag.py:538} INFO - Filling up the DagBag from /home/airflow/.local/lib/python3.8/site-packages/airflow/example_dags/example_params_ui_tutorial.py
[2026-01-02T04:40:47.134+0000] {processor.py:840} INFO - DAG(s) 'example_params_ui_tutorial' retrieved from /home/airflow/.local/lib/python3.8/site-packages/airflow/example_dags/example_params_ui_tutorial.py
[2026-01-02T04:40:47.158+0000] {logging_mixin.py:188} INFO - [2026-01-02T04:40:47.158+0000] {dag.py:3033} INFO - Sync 1 DAGs
[2026-01-02T04:40:47.164+0000] {logging_mixin.py:188} INFO - [2026-01-02T04:40:47.164+0000] {dag.py:3820} INFO - Setting next_dagrun for example_params_ui_tutorial to None, run_after=None
[2026-01-02T04:40:47.173+0000] {processor.py:183} INFO - Processing /home/airflow/.local/lib/python3.8/site-packages/airflow/example_dags/example_params_ui_tutorial.py took 0.048 seconds
[2026-01-02T04:41:17.317+0000] {processor.py:161} INFO - Started process (PID=362) to work on /home/airflow/.local/lib/python3.8/site-packages/airflow/example_dags/example_params_ui_tutorial.py
[2026-01-02T04:41:17.318+0000] {processor.py:830} INFO - Processing file /home/airflow/.local/lib/python3.8/site-packages/airflow/example_dags/example_params_ui_tutorial.py for tasks to queue
[2026-01-02T04:41:17.318+0000] {logging_mixin.py:188} INFO - [2026-01-02T04:41:17.318+0000] {dagbag.py:538} INFO - Filling up the DagBag from /home/airflow/.local/lib/python3.8/site-packages/airflow/example_dags/example_params_ui_tutorial.py
[2026-01-02T04:41:17.323+0000] {processor.py:840} INFO - DAG(s) 'example_params_ui_tutorial' retrieved from /home/airflow/.local/lib/python3.8/site-packages/airflow/example_dags/example_params_ui_tutorial.py
[2026-01-02T04:41:17.348+0000] {logging_mixin.py:188} INFO - [2026-01-02T04:41:17.348+0000] {dag.py:3033} INFO - Sync 1 DAGs
[2026-01-02T04:41:17.353+0000] {logging_mixin.py:188} INFO - [2026-01-02T04:41:17.353+0000] {dag.py:3820} INFO - Setting next_dagrun for example_params_ui_tutorial to None, run_after=None
[2026-01-02T04:41:17.363+0000] {processor.py:183} INFO - Processing /home/airflow/.local/lib/python3.8/site-packages/airflow/example_dags/example_params_ui_tutorial.py took 0.047 seconds
[2026-01-02T04:41:47.517+0000] {processor.py:161} INFO - Started process (PID=417) to work on /home/airflow/.local/lib/python3.8/site-packages/airflow/example_dags/example_params_ui_tutorial.py
[2026-01-02T04:41:47.517+0000] {processor.py:830} INFO - Processing file /home/airflow/.local/lib/python3.8/site-packages/airflow/example_dags/example_params_ui_tutorial.py for tasks to queue
[2026-01-02T04:41:47.518+0000] {logging_mixin.py:188} INFO - [2026-01-02T04:41:47.518+0000] {dagbag.py:538} INFO - Filling up the DagBag from /home/airflow/.local/lib/python3.8/site-packages/airflow/example_dags/example_params_ui_tutorial.py
[2026-01-02T04:41:47.524+0000] {processor.py:840} INFO - DAG(s) 'example_params_ui_tutorial' retrieved from /home/airflow/.local/lib/python3.8/site-packages/airflow/example_dags/example_params_ui_tutorial.py
[2026-01-02T04:41:47.547+0000] {logging_mixin.py:188} INFO - [2026-01-02T04:41:47.547+0000] {dag.py:3033} INFO - Sync 1 DAGs
[2026-01-02T04:41:47.552+0000] {logging_mixin.py:188} INFO - [2026-01-02T04:41:47.552+0000] {dag.py:3820} INFO - Setting next_dagrun for example_params_ui_tutorial to None, run_after=None
[2026-01-02T04:41:47.562+0000] {processor.py:183} INFO - Processing /home/airflow/.local/lib/python3.8/site-packages/airflow/example_dags/example_params_ui_tutorial.py took 0.046 seconds
[2026-01-02T04:42:17.720+0000] {processor.py:161} INFO - Started process (PID=472) to work on /home/airflow/.local/lib/python3.8/site-packages/airflow/example_dags/example_params_ui_tutorial.py
[2026-01-02T04:42:17.720+0000] {processor.py:830} INFO - Processing file /home/airflow/.local/lib/python3.8/site-packages/airflow/example_dags/example_params_ui_tutorial.py for tasks to queue
[2026-01-02T04:42:17.721+0000] {logging_mixin.py:188} INFO - [2026-01-02T04:42:17.721+0000] {dagbag.py:538} INFO - Filling up the DagBag from /home/airflow/.local/lib/python3.8/site-packages/airflow/example_dags/example_params_ui_tutorial.py
[2026-01-02T04:42:17.726+0000] {processor.py:840} INFO - DAG(s) 'example_params_ui_tutorial' retrieved from /home/airflow/.local/lib/python3.8/site-packages/airflow/example_dags/example_params_ui_tutorial.py
[2026-01-02T04:42:17.752+0000] {logging_mixin.py:188} INFO - [2026-01-02T04:42:17.752+0000] {dag.py:3033} INFO - Sync 1 DAGs
[2026-01-02T04:42:17.757+0000] {logging_mixin.py:188} INFO - [2026-01-02T04:42:17.757+0000] {dag.py:3820} INFO - Setting next_dagrun for example_params_ui_tutorial to None, run_after=None
[2026-01-02T04:42:17.767+0000] {processor.py:183} INFO - Processing /home/airflow/.local/lib/python3.8/site-packages/airflow/example_dags/example_params_ui_tutorial.py took 0.049 seconds
[2026-01-02T04:42:47.937+0000] {processor.py:161} INFO - Started process (PID=528) to work on /home/airflow/.local/lib/python3.8/site-packages/airflow/example_dags/example_params_ui_tutorial.py
[2026-01-02T04:42:47.937+0000] {processor.py:830} INFO - Processing file /home/airflow/.local/lib/python3.8/site-packages/airflow/example_dags/example_params_ui_tutorial.py for tasks to queue
[2026-01-02T04:42:47.938+0000] {logging_mixin.py:188} INFO - [2026-01-02T04:42:47.938+0000] {dagbag.py:538} INFO - Filling up the DagBag from /home/airflow/.local/lib/python3.8/site-packages/airflow/example_dags/example_params_ui_tutorial.py
[2026-01-02T04:42:47.943+0000] {processor.py:840} INFO - DAG(s) 'example_params_ui_tutorial' retrieved from /home/airflow/.local/lib/python3.8/site-packages/airflow/example_dags/example_params_ui_tutorial.py
[2026-01-02T04:42:47.969+0000] {logging_mixin.py:188} INFO - [2026-01-02T04:42:47.969+0000] {dag.py:3033} INFO - Sync 1 DAGs
[2026-01-02T04:42:47.975+0000] {logging_mixin.py:188} INFO - [2026-01-02T04:42:47.975+0000] {dag.py:3820} INFO - Setting next_dagrun for example_params_ui_tutorial to None, run_after=None
[2026-01-02T04:42:47.985+0000] {processor.py:183} INFO - Processing /home/airflow/.local/lib/python3.8/site-packages/airflow/example_dags/example_params_ui_tutorial.py took 0.049 seconds
[2026-01-02T04:43:18.158+0000] {processor.py:161} INFO - Started process (PID=583) to work on /home/airflow/.local/lib/python3.8/site-packages/airflow/example_dags/example_params_ui_tutorial.py
[2026-01-02T04:43:18.158+0000] {processor.py:830} INFO - Processing file /home/airflow/.local/lib/python3.8/site-packages/airflow/example_dags/example_params_ui_tutorial.py for tasks to queue
[2026-01-02T04:43:18.159+0000] {logging_mixin.py:188} INFO - [2026-01-02T04:43:18.159+0000] {dagbag.py:538} INFO - Filling up the DagBag from /home/airflow/.local/lib/python3.8/site-packages/airflow/example_dags/example_params_ui_tutorial.py
[2026-01-02T04:43:18.165+0000] {processor.py:840} INFO - DAG(s) 'example_params_ui_tutorial' retrieved from /home/airflow/.local/lib/python3.8/site-packages/airflow/example_dags/example_params_ui_tutorial.py
[2026-01-02T04:43:18.191+0000] {logging_mixin.py:188} INFO - [2026-01-02T04:43:18.191+0000] {dag.py:3033} INFO - Sync 1 DAGs
[2026-01-02T04:43:18.197+0000] {logging_mixin.py:188} INFO - [2026-01-02T04:43:18.197+0000] {dag.py:3820} INFO - Setting next_dagrun for example_params_ui_tutorial to None, run_after=None
[2026-01-02T04:43:18.206+0000] {processor.py:183} INFO - Processing /home/airflow/.local/lib/python3.8/site-packages/airflow/example_dags/example_params_ui_tutorial.py took 0.050 seconds
[2026-01-02T04:43:48.406+0000] {processor.py:161} INFO - Started process (PID=638) to work on /home/airflow/.local/lib/python3.8/site-packages/airflow/example_dags/example_params_ui_tutorial.py
[2026-01-02T04:43:48.406+0000] {processor.py:830} INFO - Processing file /home/airflow/.local/lib/python3.8/site-packages/airflow/example_dags/example_params_ui_tutorial.py for tasks to queue
[2026-01-02T04:43:48.407+0000] {logging_mixin.py:188} INFO - [2026-01-02T04:43:48.407+0000] {dagbag.py:538} INFO - Filling up the DagBag from /home/airflow/.local/lib/python3.8/site-packages/airflow/example_dags/example_params_ui_tutorial.py
[2026-01-02T04:43:48.413+0000] {processor.py:840} INFO - DAG(s) 'example_params_ui_tutorial' retrieved from /home/airflow/.local/lib/python3.8/site-packages/airflow/example_dags/example_params_ui_tutorial.py
[2026-01-02T04:43:48.440+0000] {logging_mixin.py:188} INFO - [2026-01-02T04:43:48.439+0000] {dag.py:3033} INFO - Sync 1 DAGs
[2026-01-02T04:43:48.445+0000] {logging_mixin.py:188} INFO - [2026-01-02T04:43:48.445+0000] {dag.py:3820} INFO - Setting next_dagrun for example_params_ui_tutorial to None, run_after=None
[2026-01-02T04:43:48.457+0000] {processor.py:183} INFO - Processing /home/airflow/.local/lib/python3.8/site-packages/airflow/example_dags/example_params_ui_tutorial.py took 0.053 seconds
[2026-01-02T04:44:18.643+0000] {processor.py:161} INFO - Started process (PID=699) to work on /home/airflow/.local/lib/python3.8/site-packages/airflow/example_dags/example_params_ui_tutorial.py
[2026-01-02T04:44:18.643+0000] {processor.py:830} INFO - Processing file /home/airflow/.local/lib/python3.8/site-packages/airflow/example_dags/example_params_ui_tutorial.py for tasks to queue
[2026-01-02T04:44:18.644+0000] {logging_mixin.py:188} INFO - [2026-01-02T04:44:18.644+0000] {dagbag.py:538} INFO - Filling up the DagBag from /home/airflow/.local/lib/python3.8/site-packages/airflow/example_dags/example_params_ui_tutorial.py
[2026-01-02T04:44:18.649+0000] {processor.py:840} INFO - DAG(s) 'example_params_ui_tutorial' retrieved from /home/airflow/.local/lib/python3.8/site-packages/airflow/example_dags/example_params_ui_tutorial.py
[2026-01-02T04:44:18.677+0000] {logging_mixin.py:188} INFO - [2026-01-02T04:44:18.677+0000] {dag.py:3033} INFO - Sync 1 DAGs
[2026-01-02T04:44:18.682+0000] {logging_mixin.py:188} INFO - [2026-01-02T04:44:18.682+0000] {dag.py:3820} INFO - Setting next_dagrun for example_params_ui_tutorial to None, run_after=None
[2026-01-02T04:44:18.692+0000] {processor.py:183} INFO - Processing /home/airflow/.local/lib/python3.8/site-packages/airflow/example_dags/example_params_ui_tutorial.py took 0.051 seconds
[2026-01-02T04:44:48.948+0000] {processor.py:161} INFO - Started process (PID=761) to work on /home/airflow/.local/lib/python3.8/site-packages/airflow/example_dags/example_params_ui_tutorial.py
[2026-01-02T04:44:48.948+0000] {processor.py:830} INFO - Processing file /home/airflow/.local/lib/python3.8/site-packages/airflow/example_dags/example_params_ui_tutorial.py for tasks to queue
[2026-01-02T04:44:48.949+0000] {logging_mixin.py:188} INFO - [2026-01-02T04:44:48.949+0000] {dagbag.py:538} INFO - Filling up the DagBag from /home/airflow/.local/lib/python3.8/site-packages/airflow/example_dags/example_params_ui_tutorial.py
[2026-01-02T04:44:48.954+0000] {processor.py:840} INFO - DAG(s) 'example_params_ui_tutorial' retrieved from /home/airflow/.local/lib/python3.8/site-packages/airflow/example_dags/example_params_ui_tutorial.py
[2026-01-02T04:44:48.980+0000] {logging_mixin.py:188} INFO - [2026-01-02T04:44:48.980+0000] {dag.py:3033} INFO - Sync 1 DAGs
[2026-01-02T04:44:48.986+0000] {logging_mixin.py:188} INFO - [2026-01-02T04:44:48.986+0000] {dag.py:3820} INFO - Setting next_dagrun for example_params_ui_tutorial to None, run_after=None
[2026-01-02T04:44:48.996+0000] {processor.py:183} INFO - Processing /home/airflow/.local/lib/python3.8/site-packages/airflow/example_dags/example_params_ui_tutorial.py took 0.049 seconds
[2026-01-02T04:45:19.261+0000] {processor.py:161} INFO - Started process (PID=816) to work on /home/airflow/.local/lib/python3.8/site-packages/airflow/example_dags/example_params_ui_tutorial.py
[2026-01-02T04:45:19.261+0000] {processor.py:830} INFO - Processing file /home/airflow/.local/lib/python3.8/site-packages/airflow/example_dags/example_params_ui_tutorial.py for tasks to queue
[2026-01-02T04:45:19.262+0000] {logging_mixin.py:188} INFO - [2026-01-02T04:45:19.262+0000] {dagbag.py:538} INFO - Filling up the DagBag from /home/airflow/.local/lib/python3.8/site-packages/airflow/example_dags/example_params_ui_tutorial.py
[2026-01-02T04:45:19.267+0000] {processor.py:840} INFO - DAG(s) 'example_params_ui_tutorial' retrieved from /home/airflow/.local/lib/python3.8/site-packages/airflow/example_dags/example_params_ui_tutorial.py
[2026-01-02T04:45:19.292+0000] {logging_mixin.py:188} INFO - [2026-01-02T04:45:19.292+0000] {dag.py:3033} INFO - Sync 1 DAGs
[2026-01-02T04:45:19.298+0000] {logging_mixin.py:188} INFO - [2026-01-02T04:45:19.298+0000] {dag.py:3820} INFO - Setting next_dagrun for example_params_ui_tutorial to None, run_after=None
[2026-01-02T04:45:19.307+0000] {processor.py:183} INFO - Processing /home/airflow/.local/lib/python3.8/site-packages/airflow/example_dags/example_params_ui_tutorial.py took 0.047 seconds
[2026-01-02T04:45:49.586+0000] {processor.py:161} INFO - Started process (PID=871) to work on /home/airflow/.local/lib/python3.8/site-packages/airflow/example_dags/example_params_ui_tutorial.py
[2026-01-02T04:45:49.586+0000] {processor.py:830} INFO - Processing file /home/airflow/.local/lib/python3.8/site-packages/airflow/example_dags/example_params_ui_tutorial.py for tasks to queue
[2026-01-02T04:45:49.587+0000] {logging_mixin.py:188} INFO - [2026-01-02T04:45:49.587+0000] {dagbag.py:538} INFO - Filling up the DagBag from /home/airflow/.local/lib/python3.8/site-packages/airflow/example_dags/example_params_ui_tutorial.py
[2026-01-02T04:45:49.592+0000] {processor.py:840} INFO - DAG(s) 'example_params_ui_tutorial' retrieved from /home/airflow/.local/lib/python3.8/site-packages/airflow/example_dags/example_params_ui_tutorial.py
[2026-01-02T04:45:49.617+0000] {logging_mixin.py:188} INFO - [2026-01-02T04:45:49.617+0000] {dag.py:3033} INFO - Sync 1 DAGs
[2026-01-02T04:45:49.622+0000] {logging_mixin.py:188} INFO - [2026-01-02T04:45:49.622+0000] {dag.py:3820} INFO - Setting next_dagrun for example_params_ui_tutorial to None, run_after=None
[2026-01-02T04:45:49.633+0000] {processor.py:183} INFO - Processing /home/airflow/.local/lib/python3.8/site-packages/airflow/example_dags/example_params_ui_tutorial.py took 0.049 seconds
[2026-01-02T04:46:19.861+0000] {processor.py:161} INFO - Started process (PID=926) to work on /home/airflow/.local/lib/python3.8/site-packages/airflow/example_dags/example_params_ui_tutorial.py
[2026-01-02T04:46:19.862+0000] {processor.py:830} INFO - Processing file /home/airflow/.local/lib/python3.8/site-packages/airflow/example_dags/example_params_ui_tutorial.py for tasks to queue
[2026-01-02T04:46:19.863+0000] {logging_mixin.py:188} INFO - [2026-01-02T04:46:19.862+0000] {dagbag.py:538} INFO - Filling up the DagBag from /home/airflow/.local/lib/python3.8/site-packages/airflow/example_dags/example_params_ui_tutorial.py
[2026-01-02T04:46:19.867+0000] {processor.py:840} INFO - DAG(s) 'example_params_ui_tutorial' retrieved from /home/airflow/.local/lib/python3.8/site-packages/airflow/example_dags/example_params_ui_tutorial.py
[2026-01-02T04:46:19.893+0000] {logging_mixin.py:188} INFO - [2026-01-02T04:46:19.893+0000] {dag.py:3033} INFO - Sync 1 DAGs
[2026-01-02T04:46:19.898+0000] {logging_mixin.py:188} INFO - [2026-01-02T04:46:19.898+0000] {dag.py:3820} INFO - Setting next_dagrun for example_params_ui_tutorial to None, run_after=None
[2026-01-02T04:46:19.908+0000] {processor.py:183} INFO - Processing /home/airflow/.local/lib/python3.8/site-packages/airflow/example_dags/example_params_ui_tutorial.py took 0.048 seconds
[2026-01-02T04:46:50.200+0000] {processor.py:161} INFO - Started process (PID=981) to work on /home/airflow/.local/lib/python3.8/site-packages/airflow/example_dags/example_params_ui_tutorial.py
[2026-01-02T04:46:50.201+0000] {processor.py:830} INFO - Processing file /home/airflow/.local/lib/python3.8/site-packages/airflow/example_dags/example_params_ui_tutorial.py for tasks to queue
[2026-01-02T04:46:50.202+0000] {logging_mixin.py:188} INFO - [2026-01-02T04:46:50.202+0000] {dagbag.py:538} INFO - Filling up the DagBag from /home/airflow/.local/lib/python3.8/site-packages/airflow/example_dags/example_params_ui_tutorial.py
[2026-01-02T04:46:50.207+0000] {processor.py:840} INFO - DAG(s) 'example_params_ui_tutorial' retrieved from /home/airflow/.local/lib/python3.8/site-packages/airflow/example_dags/example_params_ui_tutorial.py
[2026-01-02T04:46:50.232+0000] {logging_mixin.py:188} INFO - [2026-01-02T04:46:50.232+0000] {dag.py:3033} INFO - Sync 1 DAGs
[2026-01-02T04:46:50.237+0000] {logging_mixin.py:188} INFO - [2026-01-02T04:46:50.237+0000] {dag.py:3820} INFO - Setting next_dagrun for example_params_ui_tutorial to None, run_after=None
[2026-01-02T04:46:50.248+0000] {processor.py:183} INFO - Processing /home/airflow/.local/lib/python3.8/site-packages/airflow/example_dags/example_params_ui_tutorial.py took 0.049 seconds
[2026-01-02T04:47:20.438+0000] {processor.py:161} INFO - Started process (PID=1036) to work on /home/airflow/.local/lib/python3.8/site-packages/airflow/example_dags/example_params_ui_tutorial.py
[2026-01-02T04:47:20.438+0000] {processor.py:830} INFO - Processing file /home/airflow/.local/lib/python3.8/site-packages/airflow/example_dags/example_params_ui_tutorial.py for tasks to queue
[2026-01-02T04:47:20.440+0000] {logging_mixin.py:188} INFO - [2026-01-02T04:47:20.439+0000] {dagbag.py:538} INFO - Filling up the DagBag from /home/airflow/.local/lib/python3.8/site-packages/airflow/example_dags/example_params_ui_tutorial.py
[2026-01-02T04:47:20.467+0000] {processor.py:840} INFO - DAG(s) 'example_params_ui_tutorial' retrieved from /home/airflow/.local/lib/python3.8/site-packages/airflow/example_dags/example_params_ui_tutorial.py
[2026-01-02T04:47:20.508+0000] {logging_mixin.py:188} INFO - [2026-01-02T04:47:20.507+0000] {dag.py:3033} INFO - Sync 1 DAGs
[2026-01-02T04:47:20.515+0000] {logging_mixin.py:188} INFO - [2026-01-02T04:47:20.515+0000] {dag.py:3820} INFO - Setting next_dagrun for example_params_ui_tutorial to None, run_after=None
[2026-01-02T04:47:20.526+0000] {processor.py:183} INFO - Processing /home/airflow/.local/lib/python3.8/site-packages/airflow/example_dags/example_params_ui_tutorial.py took 0.090 seconds
