[2026-01-02T04:28:05.715+0000] {processor.py:161} INFO - Started process (PID=91) to work on /home/airflow/.local/lib/python3.8/site-packages/airflow/example_dags/example_branch_labels.py
[2026-01-02T04:28:05.716+0000] {processor.py:830} INFO - Processing file /home/airflow/.local/lib/python3.8/site-packages/airflow/example_dags/example_branch_labels.py for tasks to queue
[2026-01-02T04:28:05.717+0000] {logging_mixin.py:188} INFO - [2026-01-02T04:28:05.717+0000] {dagbag.py:538} INFO - Filling up the DagBag from /home/airflow/.local/lib/python3.8/site-packages/airflow/example_dags/example_branch_labels.py
[2026-01-02T04:28:05.720+0000] {processor.py:840} INFO - DAG(s) 'example_branch_labels' retrieved from /home/airflow/.local/lib/python3.8/site-packages/airflow/example_dags/example_branch_labels.py
[2026-01-02T04:28:05.774+0000] {logging_mixin.py:188} INFO - [2026-01-02T04:28:05.774+0000] {override.py:1769} INFO - Created Permission View: can edit on DAG:example_branch_labels
[2026-01-02T04:28:05.782+0000] {logging_mixin.py:188} INFO - [2026-01-02T04:28:05.782+0000] {override.py:1769} INFO - Created Permission View: can delete on DAG:example_branch_labels
[2026-01-02T04:28:05.789+0000] {logging_mixin.py:188} INFO - [2026-01-02T04:28:05.789+0000] {override.py:1769} INFO - Created Permission View: can read on DAG:example_branch_labels
[2026-01-02T04:28:05.789+0000] {logging_mixin.py:188} INFO - [2026-01-02T04:28:05.789+0000] {dag.py:3033} INFO - Sync 1 DAGs
[2026-01-02T04:28:05.794+0000] {logging_mixin.py:188} INFO - [2026-01-02T04:28:05.794+0000] {dag.py:3055} INFO - Creating ORM DAG for example_branch_labels
[2026-01-02T04:28:05.799+0000] {logging_mixin.py:188} INFO - [2026-01-02T04:28:05.799+0000] {dag.py:3820} INFO - Setting next_dagrun for example_branch_labels to 2026-01-01T00:00:00+00:00, run_after=2026-01-02T00:00:00+00:00
[2026-01-02T04:28:05.810+0000] {processor.py:183} INFO - Processing /home/airflow/.local/lib/python3.8/site-packages/airflow/example_dags/example_branch_labels.py took 0.096 seconds
[2026-01-02T04:28:36.783+0000] {processor.py:161} INFO - Started process (PID=146) to work on /home/airflow/.local/lib/python3.8/site-packages/airflow/example_dags/example_branch_labels.py
[2026-01-02T04:28:36.783+0000] {processor.py:830} INFO - Processing file /home/airflow/.local/lib/python3.8/site-packages/airflow/example_dags/example_branch_labels.py for tasks to queue
[2026-01-02T04:28:36.785+0000] {logging_mixin.py:188} INFO - [2026-01-02T04:28:36.785+0000] {dagbag.py:538} INFO - Filling up the DagBag from /home/airflow/.local/lib/python3.8/site-packages/airflow/example_dags/example_branch_labels.py
[2026-01-02T04:28:36.789+0000] {processor.py:840} INFO - DAG(s) 'example_branch_labels' retrieved from /home/airflow/.local/lib/python3.8/site-packages/airflow/example_dags/example_branch_labels.py
[2026-01-02T04:28:36.800+0000] {logging_mixin.py:188} INFO - [2026-01-02T04:28:36.799+0000] {dag.py:3033} INFO - Sync 1 DAGs
[2026-01-02T04:28:36.809+0000] {logging_mixin.py:188} INFO - [2026-01-02T04:28:36.809+0000] {dag.py:3820} INFO - Setting next_dagrun for example_branch_labels to 2026-01-01T00:00:00+00:00, run_after=2026-01-02T00:00:00+00:00
[2026-01-02T04:28:36.820+0000] {processor.py:183} INFO - Processing /home/airflow/.local/lib/python3.8/site-packages/airflow/example_dags/example_branch_labels.py took 0.038 seconds
[2026-01-02T04:30:00.704+0000] {processor.py:161} INFO - Started process (PID=83) to work on /home/airflow/.local/lib/python3.8/site-packages/airflow/example_dags/example_branch_labels.py
[2026-01-02T04:30:00.704+0000] {processor.py:830} INFO - Processing file /home/airflow/.local/lib/python3.8/site-packages/airflow/example_dags/example_branch_labels.py for tasks to queue
[2026-01-02T04:30:00.705+0000] {logging_mixin.py:188} INFO - [2026-01-02T04:30:00.705+0000] {dagbag.py:538} INFO - Filling up the DagBag from /home/airflow/.local/lib/python3.8/site-packages/airflow/example_dags/example_branch_labels.py
[2026-01-02T04:30:00.709+0000] {processor.py:840} INFO - DAG(s) 'example_branch_labels' retrieved from /home/airflow/.local/lib/python3.8/site-packages/airflow/example_dags/example_branch_labels.py
[2026-01-02T04:30:00.717+0000] {logging_mixin.py:188} INFO - [2026-01-02T04:30:00.717+0000] {dag.py:3033} INFO - Sync 1 DAGs
[2026-01-02T04:30:00.729+0000] {logging_mixin.py:188} INFO - [2026-01-02T04:30:00.729+0000] {dag.py:3820} INFO - Setting next_dagrun for example_branch_labels to 2026-01-01T00:00:00+00:00, run_after=2026-01-02T00:00:00+00:00
[2026-01-02T04:30:00.763+0000] {processor.py:183} INFO - Processing /home/airflow/.local/lib/python3.8/site-packages/airflow/example_dags/example_branch_labels.py took 0.061 seconds
[2026-01-02T04:30:32.039+0000] {processor.py:161} INFO - Started process (PID=138) to work on /home/airflow/.local/lib/python3.8/site-packages/airflow/example_dags/example_branch_labels.py
[2026-01-02T04:30:32.040+0000] {processor.py:830} INFO - Processing file /home/airflow/.local/lib/python3.8/site-packages/airflow/example_dags/example_branch_labels.py for tasks to queue
[2026-01-02T04:30:32.041+0000] {logging_mixin.py:188} INFO - [2026-01-02T04:30:32.041+0000] {dagbag.py:538} INFO - Filling up the DagBag from /home/airflow/.local/lib/python3.8/site-packages/airflow/example_dags/example_branch_labels.py
[2026-01-02T04:30:32.044+0000] {processor.py:840} INFO - DAG(s) 'example_branch_labels' retrieved from /home/airflow/.local/lib/python3.8/site-packages/airflow/example_dags/example_branch_labels.py
[2026-01-02T04:30:32.092+0000] {logging_mixin.py:188} INFO - [2026-01-02T04:30:32.092+0000] {dag.py:3033} INFO - Sync 1 DAGs
[2026-01-02T04:30:32.104+0000] {logging_mixin.py:188} INFO - [2026-01-02T04:30:32.103+0000] {dag.py:3820} INFO - Setting next_dagrun for example_branch_labels to 2026-01-01T00:00:00+00:00, run_after=2026-01-02T00:00:00+00:00
[2026-01-02T04:30:32.116+0000] {processor.py:183} INFO - Processing /home/airflow/.local/lib/python3.8/site-packages/airflow/example_dags/example_branch_labels.py took 0.078 seconds
[2026-01-02T04:31:02.711+0000] {processor.py:161} INFO - Started process (PID=193) to work on /home/airflow/.local/lib/python3.8/site-packages/airflow/example_dags/example_branch_labels.py
[2026-01-02T04:31:02.711+0000] {processor.py:830} INFO - Processing file /home/airflow/.local/lib/python3.8/site-packages/airflow/example_dags/example_branch_labels.py for tasks to queue
[2026-01-02T04:31:02.713+0000] {logging_mixin.py:188} INFO - [2026-01-02T04:31:02.712+0000] {dagbag.py:538} INFO - Filling up the DagBag from /home/airflow/.local/lib/python3.8/site-packages/airflow/example_dags/example_branch_labels.py
[2026-01-02T04:31:02.716+0000] {processor.py:840} INFO - DAG(s) 'example_branch_labels' retrieved from /home/airflow/.local/lib/python3.8/site-packages/airflow/example_dags/example_branch_labels.py
[2026-01-02T04:31:02.728+0000] {logging_mixin.py:188} INFO - [2026-01-02T04:31:02.728+0000] {dag.py:3033} INFO - Sync 1 DAGs
[2026-01-02T04:31:02.740+0000] {logging_mixin.py:188} INFO - [2026-01-02T04:31:02.740+0000] {dag.py:3820} INFO - Setting next_dagrun for example_branch_labels to 2026-01-01T00:00:00+00:00, run_after=2026-01-02T00:00:00+00:00
[2026-01-02T04:31:02.754+0000] {processor.py:183} INFO - Processing /home/airflow/.local/lib/python3.8/site-packages/airflow/example_dags/example_branch_labels.py took 0.044 seconds
[2026-01-02T04:31:33.147+0000] {processor.py:161} INFO - Started process (PID=248) to work on /home/airflow/.local/lib/python3.8/site-packages/airflow/example_dags/example_branch_labels.py
[2026-01-02T04:31:33.147+0000] {processor.py:830} INFO - Processing file /home/airflow/.local/lib/python3.8/site-packages/airflow/example_dags/example_branch_labels.py for tasks to queue
[2026-01-02T04:31:33.148+0000] {logging_mixin.py:188} INFO - [2026-01-02T04:31:33.148+0000] {dagbag.py:538} INFO - Filling up the DagBag from /home/airflow/.local/lib/python3.8/site-packages/airflow/example_dags/example_branch_labels.py
[2026-01-02T04:31:33.152+0000] {processor.py:840} INFO - DAG(s) 'example_branch_labels' retrieved from /home/airflow/.local/lib/python3.8/site-packages/airflow/example_dags/example_branch_labels.py
[2026-01-02T04:31:33.164+0000] {logging_mixin.py:188} INFO - [2026-01-02T04:31:33.164+0000] {dag.py:3033} INFO - Sync 1 DAGs
[2026-01-02T04:31:33.175+0000] {logging_mixin.py:188} INFO - [2026-01-02T04:31:33.175+0000] {dag.py:3820} INFO - Setting next_dagrun for example_branch_labels to 2026-01-01T00:00:00+00:00, run_after=2026-01-02T00:00:00+00:00
[2026-01-02T04:31:33.186+0000] {processor.py:183} INFO - Processing /home/airflow/.local/lib/python3.8/site-packages/airflow/example_dags/example_branch_labels.py took 0.040 seconds
[2026-01-02T04:32:03.534+0000] {processor.py:161} INFO - Started process (PID=303) to work on /home/airflow/.local/lib/python3.8/site-packages/airflow/example_dags/example_branch_labels.py
[2026-01-02T04:32:03.535+0000] {processor.py:830} INFO - Processing file /home/airflow/.local/lib/python3.8/site-packages/airflow/example_dags/example_branch_labels.py for tasks to queue
[2026-01-02T04:32:03.536+0000] {logging_mixin.py:188} INFO - [2026-01-02T04:32:03.536+0000] {dagbag.py:538} INFO - Filling up the DagBag from /home/airflow/.local/lib/python3.8/site-packages/airflow/example_dags/example_branch_labels.py
[2026-01-02T04:32:03.539+0000] {processor.py:840} INFO - DAG(s) 'example_branch_labels' retrieved from /home/airflow/.local/lib/python3.8/site-packages/airflow/example_dags/example_branch_labels.py
[2026-01-02T04:32:03.550+0000] {logging_mixin.py:188} INFO - [2026-01-02T04:32:03.549+0000] {dag.py:3033} INFO - Sync 1 DAGs
[2026-01-02T04:32:03.562+0000] {logging_mixin.py:188} INFO - [2026-01-02T04:32:03.562+0000] {dag.py:3820} INFO - Setting next_dagrun for example_branch_labels to 2026-01-01T00:00:00+00:00, run_after=2026-01-02T00:00:00+00:00
[2026-01-02T04:32:03.573+0000] {processor.py:183} INFO - Processing /home/airflow/.local/lib/python3.8/site-packages/airflow/example_dags/example_branch_labels.py took 0.040 seconds
[2026-01-02T04:32:33.859+0000] {processor.py:161} INFO - Started process (PID=358) to work on /home/airflow/.local/lib/python3.8/site-packages/airflow/example_dags/example_branch_labels.py
[2026-01-02T04:32:33.860+0000] {processor.py:830} INFO - Processing file /home/airflow/.local/lib/python3.8/site-packages/airflow/example_dags/example_branch_labels.py for tasks to queue
[2026-01-02T04:32:33.861+0000] {logging_mixin.py:188} INFO - [2026-01-02T04:32:33.861+0000] {dagbag.py:538} INFO - Filling up the DagBag from /home/airflow/.local/lib/python3.8/site-packages/airflow/example_dags/example_branch_labels.py
[2026-01-02T04:32:33.865+0000] {processor.py:840} INFO - DAG(s) 'example_branch_labels' retrieved from /home/airflow/.local/lib/python3.8/site-packages/airflow/example_dags/example_branch_labels.py
[2026-01-02T04:32:33.877+0000] {logging_mixin.py:188} INFO - [2026-01-02T04:32:33.877+0000] {dag.py:3033} INFO - Sync 1 DAGs
[2026-01-02T04:32:33.891+0000] {logging_mixin.py:188} INFO - [2026-01-02T04:32:33.891+0000] {dag.py:3820} INFO - Setting next_dagrun for example_branch_labels to 2026-01-01T00:00:00+00:00, run_after=2026-01-02T00:00:00+00:00
[2026-01-02T04:32:33.902+0000] {processor.py:183} INFO - Processing /home/airflow/.local/lib/python3.8/site-packages/airflow/example_dags/example_branch_labels.py took 0.044 seconds
[2026-01-02T04:33:04.162+0000] {processor.py:161} INFO - Started process (PID=413) to work on /home/airflow/.local/lib/python3.8/site-packages/airflow/example_dags/example_branch_labels.py
[2026-01-02T04:33:04.162+0000] {processor.py:830} INFO - Processing file /home/airflow/.local/lib/python3.8/site-packages/airflow/example_dags/example_branch_labels.py for tasks to queue
[2026-01-02T04:33:04.163+0000] {logging_mixin.py:188} INFO - [2026-01-02T04:33:04.163+0000] {dagbag.py:538} INFO - Filling up the DagBag from /home/airflow/.local/lib/python3.8/site-packages/airflow/example_dags/example_branch_labels.py
[2026-01-02T04:33:04.168+0000] {processor.py:840} INFO - DAG(s) 'example_branch_labels' retrieved from /home/airflow/.local/lib/python3.8/site-packages/airflow/example_dags/example_branch_labels.py
[2026-01-02T04:33:04.179+0000] {logging_mixin.py:188} INFO - [2026-01-02T04:33:04.179+0000] {dag.py:3033} INFO - Sync 1 DAGs
[2026-01-02T04:33:04.190+0000] {logging_mixin.py:188} INFO - [2026-01-02T04:33:04.190+0000] {dag.py:3820} INFO - Setting next_dagrun for example_branch_labels to 2026-01-01T00:00:00+00:00, run_after=2026-01-02T00:00:00+00:00
[2026-01-02T04:33:04.200+0000] {processor.py:183} INFO - Processing /home/airflow/.local/lib/python3.8/site-packages/airflow/example_dags/example_branch_labels.py took 0.039 seconds
[2026-01-02T04:33:34.406+0000] {processor.py:161} INFO - Started process (PID=468) to work on /home/airflow/.local/lib/python3.8/site-packages/airflow/example_dags/example_branch_labels.py
[2026-01-02T04:33:34.407+0000] {processor.py:830} INFO - Processing file /home/airflow/.local/lib/python3.8/site-packages/airflow/example_dags/example_branch_labels.py for tasks to queue
[2026-01-02T04:33:34.408+0000] {logging_mixin.py:188} INFO - [2026-01-02T04:33:34.408+0000] {dagbag.py:538} INFO - Filling up the DagBag from /home/airflow/.local/lib/python3.8/site-packages/airflow/example_dags/example_branch_labels.py
[2026-01-02T04:33:34.411+0000] {processor.py:840} INFO - DAG(s) 'example_branch_labels' retrieved from /home/airflow/.local/lib/python3.8/site-packages/airflow/example_dags/example_branch_labels.py
[2026-01-02T04:33:34.420+0000] {logging_mixin.py:188} INFO - [2026-01-02T04:33:34.420+0000] {dag.py:3033} INFO - Sync 1 DAGs
[2026-01-02T04:33:34.430+0000] {logging_mixin.py:188} INFO - [2026-01-02T04:33:34.430+0000] {dag.py:3820} INFO - Setting next_dagrun for example_branch_labels to 2026-01-01T00:00:00+00:00, run_after=2026-01-02T00:00:00+00:00
[2026-01-02T04:33:34.445+0000] {processor.py:183} INFO - Processing /home/airflow/.local/lib/python3.8/site-packages/airflow/example_dags/example_branch_labels.py took 0.040 seconds
[2026-01-02T04:34:04.691+0000] {processor.py:161} INFO - Started process (PID=523) to work on /home/airflow/.local/lib/python3.8/site-packages/airflow/example_dags/example_branch_labels.py
[2026-01-02T04:34:04.691+0000] {processor.py:830} INFO - Processing file /home/airflow/.local/lib/python3.8/site-packages/airflow/example_dags/example_branch_labels.py for tasks to queue
[2026-01-02T04:34:04.692+0000] {logging_mixin.py:188} INFO - [2026-01-02T04:34:04.692+0000] {dagbag.py:538} INFO - Filling up the DagBag from /home/airflow/.local/lib/python3.8/site-packages/airflow/example_dags/example_branch_labels.py
[2026-01-02T04:34:04.696+0000] {processor.py:840} INFO - DAG(s) 'example_branch_labels' retrieved from /home/airflow/.local/lib/python3.8/site-packages/airflow/example_dags/example_branch_labels.py
[2026-01-02T04:34:04.706+0000] {logging_mixin.py:188} INFO - [2026-01-02T04:34:04.706+0000] {dag.py:3033} INFO - Sync 1 DAGs
[2026-01-02T04:34:04.717+0000] {logging_mixin.py:188} INFO - [2026-01-02T04:34:04.717+0000] {dag.py:3820} INFO - Setting next_dagrun for example_branch_labels to 2026-01-01T00:00:00+00:00, run_after=2026-01-02T00:00:00+00:00
[2026-01-02T04:34:04.727+0000] {processor.py:183} INFO - Processing /home/airflow/.local/lib/python3.8/site-packages/airflow/example_dags/example_branch_labels.py took 0.038 seconds
[2026-01-02T04:34:35.078+0000] {processor.py:161} INFO - Started process (PID=578) to work on /home/airflow/.local/lib/python3.8/site-packages/airflow/example_dags/example_branch_labels.py
[2026-01-02T04:34:35.078+0000] {processor.py:830} INFO - Processing file /home/airflow/.local/lib/python3.8/site-packages/airflow/example_dags/example_branch_labels.py for tasks to queue
[2026-01-02T04:34:35.079+0000] {logging_mixin.py:188} INFO - [2026-01-02T04:34:35.079+0000] {dagbag.py:538} INFO - Filling up the DagBag from /home/airflow/.local/lib/python3.8/site-packages/airflow/example_dags/example_branch_labels.py
[2026-01-02T04:34:35.082+0000] {processor.py:840} INFO - DAG(s) 'example_branch_labels' retrieved from /home/airflow/.local/lib/python3.8/site-packages/airflow/example_dags/example_branch_labels.py
[2026-01-02T04:34:35.093+0000] {logging_mixin.py:188} INFO - [2026-01-02T04:34:35.093+0000] {dag.py:3033} INFO - Sync 1 DAGs
[2026-01-02T04:34:35.105+0000] {logging_mixin.py:188} INFO - [2026-01-02T04:34:35.105+0000] {dag.py:3820} INFO - Setting next_dagrun for example_branch_labels to 2026-01-01T00:00:00+00:00, run_after=2026-01-02T00:00:00+00:00
[2026-01-02T04:34:35.123+0000] {processor.py:183} INFO - Processing /home/airflow/.local/lib/python3.8/site-packages/airflow/example_dags/example_branch_labels.py took 0.047 seconds
[2026-01-02T04:35:05.401+0000] {processor.py:161} INFO - Started process (PID=633) to work on /home/airflow/.local/lib/python3.8/site-packages/airflow/example_dags/example_branch_labels.py
[2026-01-02T04:35:05.402+0000] {processor.py:830} INFO - Processing file /home/airflow/.local/lib/python3.8/site-packages/airflow/example_dags/example_branch_labels.py for tasks to queue
[2026-01-02T04:35:05.403+0000] {logging_mixin.py:188} INFO - [2026-01-02T04:35:05.403+0000] {dagbag.py:538} INFO - Filling up the DagBag from /home/airflow/.local/lib/python3.8/site-packages/airflow/example_dags/example_branch_labels.py
[2026-01-02T04:35:05.407+0000] {processor.py:840} INFO - DAG(s) 'example_branch_labels' retrieved from /home/airflow/.local/lib/python3.8/site-packages/airflow/example_dags/example_branch_labels.py
[2026-01-02T04:35:05.418+0000] {logging_mixin.py:188} INFO - [2026-01-02T04:35:05.418+0000] {dag.py:3033} INFO - Sync 1 DAGs
[2026-01-02T04:35:05.429+0000] {logging_mixin.py:188} INFO - [2026-01-02T04:35:05.429+0000] {dag.py:3820} INFO - Setting next_dagrun for example_branch_labels to 2026-01-01T00:00:00+00:00, run_after=2026-01-02T00:00:00+00:00
[2026-01-02T04:35:05.440+0000] {processor.py:183} INFO - Processing /home/airflow/.local/lib/python3.8/site-packages/airflow/example_dags/example_branch_labels.py took 0.040 seconds
[2026-01-02T04:35:35.677+0000] {processor.py:161} INFO - Started process (PID=688) to work on /home/airflow/.local/lib/python3.8/site-packages/airflow/example_dags/example_branch_labels.py
[2026-01-02T04:35:35.677+0000] {processor.py:830} INFO - Processing file /home/airflow/.local/lib/python3.8/site-packages/airflow/example_dags/example_branch_labels.py for tasks to queue
[2026-01-02T04:35:35.678+0000] {logging_mixin.py:188} INFO - [2026-01-02T04:35:35.678+0000] {dagbag.py:538} INFO - Filling up the DagBag from /home/airflow/.local/lib/python3.8/site-packages/airflow/example_dags/example_branch_labels.py
[2026-01-02T04:35:35.681+0000] {processor.py:840} INFO - DAG(s) 'example_branch_labels' retrieved from /home/airflow/.local/lib/python3.8/site-packages/airflow/example_dags/example_branch_labels.py
[2026-01-02T04:35:35.692+0000] {logging_mixin.py:188} INFO - [2026-01-02T04:35:35.692+0000] {dag.py:3033} INFO - Sync 1 DAGs
[2026-01-02T04:35:35.702+0000] {logging_mixin.py:188} INFO - [2026-01-02T04:35:35.702+0000] {dag.py:3820} INFO - Setting next_dagrun for example_branch_labels to 2026-01-01T00:00:00+00:00, run_after=2026-01-02T00:00:00+00:00
[2026-01-02T04:35:35.713+0000] {processor.py:183} INFO - Processing /home/airflow/.local/lib/python3.8/site-packages/airflow/example_dags/example_branch_labels.py took 0.037 seconds
[2026-01-02T04:36:06.008+0000] {processor.py:161} INFO - Started process (PID=743) to work on /home/airflow/.local/lib/python3.8/site-packages/airflow/example_dags/example_branch_labels.py
[2026-01-02T04:36:06.008+0000] {processor.py:830} INFO - Processing file /home/airflow/.local/lib/python3.8/site-packages/airflow/example_dags/example_branch_labels.py for tasks to queue
[2026-01-02T04:36:06.010+0000] {logging_mixin.py:188} INFO - [2026-01-02T04:36:06.009+0000] {dagbag.py:538} INFO - Filling up the DagBag from /home/airflow/.local/lib/python3.8/site-packages/airflow/example_dags/example_branch_labels.py
[2026-01-02T04:36:06.015+0000] {processor.py:840} INFO - DAG(s) 'example_branch_labels' retrieved from /home/airflow/.local/lib/python3.8/site-packages/airflow/example_dags/example_branch_labels.py
[2026-01-02T04:36:06.027+0000] {logging_mixin.py:188} INFO - [2026-01-02T04:36:06.027+0000] {dag.py:3033} INFO - Sync 1 DAGs
[2026-01-02T04:36:06.051+0000] {logging_mixin.py:188} INFO - [2026-01-02T04:36:06.051+0000] {dag.py:3820} INFO - Setting next_dagrun for example_branch_labels to 2026-01-01T00:00:00+00:00, run_after=2026-01-02T00:00:00+00:00
[2026-01-02T04:36:06.079+0000] {processor.py:183} INFO - Processing /home/airflow/.local/lib/python3.8/site-packages/airflow/example_dags/example_branch_labels.py took 0.073 seconds
[2026-01-02T04:38:45.770+0000] {processor.py:161} INFO - Started process (PID=91) to work on /home/airflow/.local/lib/python3.8/site-packages/airflow/example_dags/example_branch_labels.py
[2026-01-02T04:38:45.771+0000] {processor.py:830} INFO - Processing file /home/airflow/.local/lib/python3.8/site-packages/airflow/example_dags/example_branch_labels.py for tasks to queue
[2026-01-02T04:38:45.772+0000] {logging_mixin.py:188} INFO - [2026-01-02T04:38:45.772+0000] {dagbag.py:538} INFO - Filling up the DagBag from /home/airflow/.local/lib/python3.8/site-packages/airflow/example_dags/example_branch_labels.py
[2026-01-02T04:38:45.775+0000] {processor.py:840} INFO - DAG(s) 'example_branch_labels' retrieved from /home/airflow/.local/lib/python3.8/site-packages/airflow/example_dags/example_branch_labels.py
[2026-01-02T04:38:45.782+0000] {logging_mixin.py:188} INFO - [2026-01-02T04:38:45.782+0000] {dag.py:3033} INFO - Sync 1 DAGs
[2026-01-02T04:38:45.793+0000] {logging_mixin.py:188} INFO - [2026-01-02T04:38:45.793+0000] {dag.py:3820} INFO - Setting next_dagrun for example_branch_labels to 2026-01-01T00:00:00+00:00, run_after=2026-01-02T00:00:00+00:00
[2026-01-02T04:38:45.804+0000] {processor.py:183} INFO - Processing /home/airflow/.local/lib/python3.8/site-packages/airflow/example_dags/example_branch_labels.py took 0.040 seconds
[2026-01-02T04:39:16.466+0000] {processor.py:161} INFO - Started process (PID=146) to work on /home/airflow/.local/lib/python3.8/site-packages/airflow/example_dags/example_branch_labels.py
[2026-01-02T04:39:16.467+0000] {processor.py:830} INFO - Processing file /home/airflow/.local/lib/python3.8/site-packages/airflow/example_dags/example_branch_labels.py for tasks to queue
[2026-01-02T04:39:16.468+0000] {logging_mixin.py:188} INFO - [2026-01-02T04:39:16.468+0000] {dagbag.py:538} INFO - Filling up the DagBag from /home/airflow/.local/lib/python3.8/site-packages/airflow/example_dags/example_branch_labels.py
[2026-01-02T04:39:16.472+0000] {processor.py:840} INFO - DAG(s) 'example_branch_labels' retrieved from /home/airflow/.local/lib/python3.8/site-packages/airflow/example_dags/example_branch_labels.py
[2026-01-02T04:39:16.517+0000] {logging_mixin.py:188} INFO - [2026-01-02T04:39:16.517+0000] {dag.py:3033} INFO - Sync 1 DAGs
[2026-01-02T04:39:16.526+0000] {logging_mixin.py:188} INFO - [2026-01-02T04:39:16.525+0000] {dag.py:3820} INFO - Setting next_dagrun for example_branch_labels to 2026-01-01T00:00:00+00:00, run_after=2026-01-02T00:00:00+00:00
[2026-01-02T04:39:16.535+0000] {processor.py:183} INFO - Processing /home/airflow/.local/lib/python3.8/site-packages/airflow/example_dags/example_branch_labels.py took 0.070 seconds
[2026-01-02T04:39:46.859+0000] {processor.py:161} INFO - Started process (PID=201) to work on /home/airflow/.local/lib/python3.8/site-packages/airflow/example_dags/example_branch_labels.py
[2026-01-02T04:39:46.859+0000] {processor.py:830} INFO - Processing file /home/airflow/.local/lib/python3.8/site-packages/airflow/example_dags/example_branch_labels.py for tasks to queue
[2026-01-02T04:39:46.860+0000] {logging_mixin.py:188} INFO - [2026-01-02T04:39:46.860+0000] {dagbag.py:538} INFO - Filling up the DagBag from /home/airflow/.local/lib/python3.8/site-packages/airflow/example_dags/example_branch_labels.py
[2026-01-02T04:39:46.864+0000] {processor.py:840} INFO - DAG(s) 'example_branch_labels' retrieved from /home/airflow/.local/lib/python3.8/site-packages/airflow/example_dags/example_branch_labels.py
[2026-01-02T04:39:46.874+0000] {logging_mixin.py:188} INFO - [2026-01-02T04:39:46.874+0000] {dag.py:3033} INFO - Sync 1 DAGs
[2026-01-02T04:39:46.884+0000] {logging_mixin.py:188} INFO - [2026-01-02T04:39:46.884+0000] {dag.py:3820} INFO - Setting next_dagrun for example_branch_labels to 2026-01-01T00:00:00+00:00, run_after=2026-01-02T00:00:00+00:00
[2026-01-02T04:39:46.893+0000] {processor.py:183} INFO - Processing /home/airflow/.local/lib/python3.8/site-packages/airflow/example_dags/example_branch_labels.py took 0.036 seconds
[2026-01-02T04:40:17.033+0000] {processor.py:161} INFO - Started process (PID=256) to work on /home/airflow/.local/lib/python3.8/site-packages/airflow/example_dags/example_branch_labels.py
[2026-01-02T04:40:17.033+0000] {processor.py:830} INFO - Processing file /home/airflow/.local/lib/python3.8/site-packages/airflow/example_dags/example_branch_labels.py for tasks to queue
[2026-01-02T04:40:17.034+0000] {logging_mixin.py:188} INFO - [2026-01-02T04:40:17.034+0000] {dagbag.py:538} INFO - Filling up the DagBag from /home/airflow/.local/lib/python3.8/site-packages/airflow/example_dags/example_branch_labels.py
[2026-01-02T04:40:17.038+0000] {processor.py:840} INFO - DAG(s) 'example_branch_labels' retrieved from /home/airflow/.local/lib/python3.8/site-packages/airflow/example_dags/example_branch_labels.py
[2026-01-02T04:40:17.047+0000] {logging_mixin.py:188} INFO - [2026-01-02T04:40:17.047+0000] {dag.py:3033} INFO - Sync 1 DAGs
[2026-01-02T04:40:17.057+0000] {logging_mixin.py:188} INFO - [2026-01-02T04:40:17.057+0000] {dag.py:3820} INFO - Setting next_dagrun for example_branch_labels to 2026-01-01T00:00:00+00:00, run_after=2026-01-02T00:00:00+00:00
[2026-01-02T04:40:17.066+0000] {processor.py:183} INFO - Processing /home/airflow/.local/lib/python3.8/site-packages/airflow/example_dags/example_branch_labels.py took 0.035 seconds
[2026-01-02T04:40:47.218+0000] {processor.py:161} INFO - Started process (PID=311) to work on /home/airflow/.local/lib/python3.8/site-packages/airflow/example_dags/example_branch_labels.py
[2026-01-02T04:40:47.219+0000] {processor.py:830} INFO - Processing file /home/airflow/.local/lib/python3.8/site-packages/airflow/example_dags/example_branch_labels.py for tasks to queue
[2026-01-02T04:40:47.220+0000] {logging_mixin.py:188} INFO - [2026-01-02T04:40:47.219+0000] {dagbag.py:538} INFO - Filling up the DagBag from /home/airflow/.local/lib/python3.8/site-packages/airflow/example_dags/example_branch_labels.py
[2026-01-02T04:40:47.224+0000] {processor.py:840} INFO - DAG(s) 'example_branch_labels' retrieved from /home/airflow/.local/lib/python3.8/site-packages/airflow/example_dags/example_branch_labels.py
[2026-01-02T04:40:47.235+0000] {logging_mixin.py:188} INFO - [2026-01-02T04:40:47.234+0000] {dag.py:3033} INFO - Sync 1 DAGs
[2026-01-02T04:40:47.244+0000] {logging_mixin.py:188} INFO - [2026-01-02T04:40:47.244+0000] {dag.py:3820} INFO - Setting next_dagrun for example_branch_labels to 2026-01-01T00:00:00+00:00, run_after=2026-01-02T00:00:00+00:00
[2026-01-02T04:40:47.253+0000] {processor.py:183} INFO - Processing /home/airflow/.local/lib/python3.8/site-packages/airflow/example_dags/example_branch_labels.py took 0.036 seconds
[2026-01-02T04:41:17.418+0000] {processor.py:161} INFO - Started process (PID=366) to work on /home/airflow/.local/lib/python3.8/site-packages/airflow/example_dags/example_branch_labels.py
[2026-01-02T04:41:17.418+0000] {processor.py:830} INFO - Processing file /home/airflow/.local/lib/python3.8/site-packages/airflow/example_dags/example_branch_labels.py for tasks to queue
[2026-01-02T04:41:17.419+0000] {logging_mixin.py:188} INFO - [2026-01-02T04:41:17.419+0000] {dagbag.py:538} INFO - Filling up the DagBag from /home/airflow/.local/lib/python3.8/site-packages/airflow/example_dags/example_branch_labels.py
[2026-01-02T04:41:17.422+0000] {processor.py:840} INFO - DAG(s) 'example_branch_labels' retrieved from /home/airflow/.local/lib/python3.8/site-packages/airflow/example_dags/example_branch_labels.py
[2026-01-02T04:41:17.432+0000] {logging_mixin.py:188} INFO - [2026-01-02T04:41:17.432+0000] {dag.py:3033} INFO - Sync 1 DAGs
[2026-01-02T04:41:17.443+0000] {logging_mixin.py:188} INFO - [2026-01-02T04:41:17.442+0000] {dag.py:3820} INFO - Setting next_dagrun for example_branch_labels to 2026-01-01T00:00:00+00:00, run_after=2026-01-02T00:00:00+00:00
[2026-01-02T04:41:17.452+0000] {processor.py:183} INFO - Processing /home/airflow/.local/lib/python3.8/site-packages/airflow/example_dags/example_branch_labels.py took 0.035 seconds
[2026-01-02T04:41:47.598+0000] {processor.py:161} INFO - Started process (PID=421) to work on /home/airflow/.local/lib/python3.8/site-packages/airflow/example_dags/example_branch_labels.py
[2026-01-02T04:41:47.598+0000] {processor.py:830} INFO - Processing file /home/airflow/.local/lib/python3.8/site-packages/airflow/example_dags/example_branch_labels.py for tasks to queue
[2026-01-02T04:41:47.599+0000] {logging_mixin.py:188} INFO - [2026-01-02T04:41:47.599+0000] {dagbag.py:538} INFO - Filling up the DagBag from /home/airflow/.local/lib/python3.8/site-packages/airflow/example_dags/example_branch_labels.py
[2026-01-02T04:41:47.602+0000] {processor.py:840} INFO - DAG(s) 'example_branch_labels' retrieved from /home/airflow/.local/lib/python3.8/site-packages/airflow/example_dags/example_branch_labels.py
[2026-01-02T04:41:47.611+0000] {logging_mixin.py:188} INFO - [2026-01-02T04:41:47.611+0000] {dag.py:3033} INFO - Sync 1 DAGs
[2026-01-02T04:41:47.622+0000] {logging_mixin.py:188} INFO - [2026-01-02T04:41:47.622+0000] {dag.py:3820} INFO - Setting next_dagrun for example_branch_labels to 2026-01-01T00:00:00+00:00, run_after=2026-01-02T00:00:00+00:00
[2026-01-02T04:41:47.631+0000] {processor.py:183} INFO - Processing /home/airflow/.local/lib/python3.8/site-packages/airflow/example_dags/example_branch_labels.py took 0.035 seconds
[2026-01-02T04:42:17.802+0000] {processor.py:161} INFO - Started process (PID=476) to work on /home/airflow/.local/lib/python3.8/site-packages/airflow/example_dags/example_branch_labels.py
[2026-01-02T04:42:17.802+0000] {processor.py:830} INFO - Processing file /home/airflow/.local/lib/python3.8/site-packages/airflow/example_dags/example_branch_labels.py for tasks to queue
[2026-01-02T04:42:17.803+0000] {logging_mixin.py:188} INFO - [2026-01-02T04:42:17.803+0000] {dagbag.py:538} INFO - Filling up the DagBag from /home/airflow/.local/lib/python3.8/site-packages/airflow/example_dags/example_branch_labels.py
[2026-01-02T04:42:17.806+0000] {processor.py:840} INFO - DAG(s) 'example_branch_labels' retrieved from /home/airflow/.local/lib/python3.8/site-packages/airflow/example_dags/example_branch_labels.py
[2026-01-02T04:42:17.816+0000] {logging_mixin.py:188} INFO - [2026-01-02T04:42:17.816+0000] {dag.py:3033} INFO - Sync 1 DAGs
[2026-01-02T04:42:17.828+0000] {logging_mixin.py:188} INFO - [2026-01-02T04:42:17.827+0000] {dag.py:3820} INFO - Setting next_dagrun for example_branch_labels to 2026-01-01T00:00:00+00:00, run_after=2026-01-02T00:00:00+00:00
[2026-01-02T04:42:17.840+0000] {processor.py:183} INFO - Processing /home/airflow/.local/lib/python3.8/site-packages/airflow/example_dags/example_branch_labels.py took 0.039 seconds
[2026-01-02T04:42:48.001+0000] {processor.py:161} INFO - Started process (PID=531) to work on /home/airflow/.local/lib/python3.8/site-packages/airflow/example_dags/example_branch_labels.py
[2026-01-02T04:42:48.001+0000] {processor.py:830} INFO - Processing file /home/airflow/.local/lib/python3.8/site-packages/airflow/example_dags/example_branch_labels.py for tasks to queue
[2026-01-02T04:42:48.002+0000] {logging_mixin.py:188} INFO - [2026-01-02T04:42:48.002+0000] {dagbag.py:538} INFO - Filling up the DagBag from /home/airflow/.local/lib/python3.8/site-packages/airflow/example_dags/example_branch_labels.py
[2026-01-02T04:42:48.006+0000] {processor.py:840} INFO - DAG(s) 'example_branch_labels' retrieved from /home/airflow/.local/lib/python3.8/site-packages/airflow/example_dags/example_branch_labels.py
[2026-01-02T04:42:48.015+0000] {logging_mixin.py:188} INFO - [2026-01-02T04:42:48.015+0000] {dag.py:3033} INFO - Sync 1 DAGs
[2026-01-02T04:42:48.024+0000] {logging_mixin.py:188} INFO - [2026-01-02T04:42:48.024+0000] {dag.py:3820} INFO - Setting next_dagrun for example_branch_labels to 2026-01-01T00:00:00+00:00, run_after=2026-01-02T00:00:00+00:00
[2026-01-02T04:42:48.033+0000] {processor.py:183} INFO - Processing /home/airflow/.local/lib/python3.8/site-packages/airflow/example_dags/example_branch_labels.py took 0.034 seconds
[2026-01-02T04:43:18.220+0000] {processor.py:161} INFO - Started process (PID=586) to work on /home/airflow/.local/lib/python3.8/site-packages/airflow/example_dags/example_branch_labels.py
[2026-01-02T04:43:18.220+0000] {processor.py:830} INFO - Processing file /home/airflow/.local/lib/python3.8/site-packages/airflow/example_dags/example_branch_labels.py for tasks to queue
[2026-01-02T04:43:18.221+0000] {logging_mixin.py:188} INFO - [2026-01-02T04:43:18.221+0000] {dagbag.py:538} INFO - Filling up the DagBag from /home/airflow/.local/lib/python3.8/site-packages/airflow/example_dags/example_branch_labels.py
[2026-01-02T04:43:18.224+0000] {processor.py:840} INFO - DAG(s) 'example_branch_labels' retrieved from /home/airflow/.local/lib/python3.8/site-packages/airflow/example_dags/example_branch_labels.py
[2026-01-02T04:43:18.233+0000] {logging_mixin.py:188} INFO - [2026-01-02T04:43:18.233+0000] {dag.py:3033} INFO - Sync 1 DAGs
[2026-01-02T04:43:18.242+0000] {logging_mixin.py:188} INFO - [2026-01-02T04:43:18.242+0000] {dag.py:3820} INFO - Setting next_dagrun for example_branch_labels to 2026-01-01T00:00:00+00:00, run_after=2026-01-02T00:00:00+00:00
[2026-01-02T04:43:18.251+0000] {processor.py:183} INFO - Processing /home/airflow/.local/lib/python3.8/site-packages/airflow/example_dags/example_branch_labels.py took 0.033 seconds
[2026-01-02T04:43:48.502+0000] {processor.py:161} INFO - Started process (PID=641) to work on /home/airflow/.local/lib/python3.8/site-packages/airflow/example_dags/example_branch_labels.py
[2026-01-02T04:43:48.503+0000] {processor.py:830} INFO - Processing file /home/airflow/.local/lib/python3.8/site-packages/airflow/example_dags/example_branch_labels.py for tasks to queue
[2026-01-02T04:43:48.504+0000] {logging_mixin.py:188} INFO - [2026-01-02T04:43:48.504+0000] {dagbag.py:538} INFO - Filling up the DagBag from /home/airflow/.local/lib/python3.8/site-packages/airflow/example_dags/example_branch_labels.py
[2026-01-02T04:43:48.508+0000] {processor.py:840} INFO - DAG(s) 'example_branch_labels' retrieved from /home/airflow/.local/lib/python3.8/site-packages/airflow/example_dags/example_branch_labels.py
[2026-01-02T04:43:48.519+0000] {logging_mixin.py:188} INFO - [2026-01-02T04:43:48.519+0000] {dag.py:3033} INFO - Sync 1 DAGs
[2026-01-02T04:43:48.529+0000] {logging_mixin.py:188} INFO - [2026-01-02T04:43:48.529+0000] {dag.py:3820} INFO - Setting next_dagrun for example_branch_labels to 2026-01-01T00:00:00+00:00, run_after=2026-01-02T00:00:00+00:00
[2026-01-02T04:43:48.539+0000] {processor.py:183} INFO - Processing /home/airflow/.local/lib/python3.8/site-packages/airflow/example_dags/example_branch_labels.py took 0.038 seconds
[2026-01-02T04:44:18.745+0000] {processor.py:161} INFO - Started process (PID=703) to work on /home/airflow/.local/lib/python3.8/site-packages/airflow/example_dags/example_branch_labels.py
[2026-01-02T04:44:18.746+0000] {processor.py:830} INFO - Processing file /home/airflow/.local/lib/python3.8/site-packages/airflow/example_dags/example_branch_labels.py for tasks to queue
[2026-01-02T04:44:18.747+0000] {logging_mixin.py:188} INFO - [2026-01-02T04:44:18.747+0000] {dagbag.py:538} INFO - Filling up the DagBag from /home/airflow/.local/lib/python3.8/site-packages/airflow/example_dags/example_branch_labels.py
[2026-01-02T04:44:18.750+0000] {processor.py:840} INFO - DAG(s) 'example_branch_labels' retrieved from /home/airflow/.local/lib/python3.8/site-packages/airflow/example_dags/example_branch_labels.py
[2026-01-02T04:44:18.759+0000] {logging_mixin.py:188} INFO - [2026-01-02T04:44:18.759+0000] {dag.py:3033} INFO - Sync 1 DAGs
[2026-01-02T04:44:18.770+0000] {logging_mixin.py:188} INFO - [2026-01-02T04:44:18.770+0000] {dag.py:3820} INFO - Setting next_dagrun for example_branch_labels to 2026-01-01T00:00:00+00:00, run_after=2026-01-02T00:00:00+00:00
[2026-01-02T04:44:18.780+0000] {processor.py:183} INFO - Processing /home/airflow/.local/lib/python3.8/site-packages/airflow/example_dags/example_branch_labels.py took 0.036 seconds
[2026-01-02T04:44:49.035+0000] {processor.py:161} INFO - Started process (PID=765) to work on /home/airflow/.local/lib/python3.8/site-packages/airflow/example_dags/example_branch_labels.py
[2026-01-02T04:44:49.035+0000] {processor.py:830} INFO - Processing file /home/airflow/.local/lib/python3.8/site-packages/airflow/example_dags/example_branch_labels.py for tasks to queue
[2026-01-02T04:44:49.036+0000] {logging_mixin.py:188} INFO - [2026-01-02T04:44:49.036+0000] {dagbag.py:538} INFO - Filling up the DagBag from /home/airflow/.local/lib/python3.8/site-packages/airflow/example_dags/example_branch_labels.py
[2026-01-02T04:44:49.040+0000] {processor.py:840} INFO - DAG(s) 'example_branch_labels' retrieved from /home/airflow/.local/lib/python3.8/site-packages/airflow/example_dags/example_branch_labels.py
[2026-01-02T04:44:49.050+0000] {logging_mixin.py:188} INFO - [2026-01-02T04:44:49.050+0000] {dag.py:3033} INFO - Sync 1 DAGs
[2026-01-02T04:44:49.061+0000] {logging_mixin.py:188} INFO - [2026-01-02T04:44:49.061+0000] {dag.py:3820} INFO - Setting next_dagrun for example_branch_labels to 2026-01-01T00:00:00+00:00, run_after=2026-01-02T00:00:00+00:00
[2026-01-02T04:44:49.071+0000] {processor.py:183} INFO - Processing /home/airflow/.local/lib/python3.8/site-packages/airflow/example_dags/example_branch_labels.py took 0.038 seconds
[2026-01-02T04:45:19.406+0000] {processor.py:161} INFO - Started process (PID=820) to work on /home/airflow/.local/lib/python3.8/site-packages/airflow/example_dags/example_branch_labels.py
[2026-01-02T04:45:19.406+0000] {processor.py:830} INFO - Processing file /home/airflow/.local/lib/python3.8/site-packages/airflow/example_dags/example_branch_labels.py for tasks to queue
[2026-01-02T04:45:19.407+0000] {logging_mixin.py:188} INFO - [2026-01-02T04:45:19.407+0000] {dagbag.py:538} INFO - Filling up the DagBag from /home/airflow/.local/lib/python3.8/site-packages/airflow/example_dags/example_branch_labels.py
[2026-01-02T04:45:19.411+0000] {processor.py:840} INFO - DAG(s) 'example_branch_labels' retrieved from /home/airflow/.local/lib/python3.8/site-packages/airflow/example_dags/example_branch_labels.py
[2026-01-02T04:45:19.422+0000] {logging_mixin.py:188} INFO - [2026-01-02T04:45:19.422+0000] {dag.py:3033} INFO - Sync 1 DAGs
[2026-01-02T04:45:19.435+0000] {logging_mixin.py:188} INFO - [2026-01-02T04:45:19.434+0000] {dag.py:3820} INFO - Setting next_dagrun for example_branch_labels to 2026-01-01T00:00:00+00:00, run_after=2026-01-02T00:00:00+00:00
[2026-01-02T04:45:19.447+0000] {processor.py:183} INFO - Processing /home/airflow/.local/lib/python3.8/site-packages/airflow/example_dags/example_branch_labels.py took 0.042 seconds
[2026-01-02T04:45:49.679+0000] {processor.py:161} INFO - Started process (PID=875) to work on /home/airflow/.local/lib/python3.8/site-packages/airflow/example_dags/example_branch_labels.py
[2026-01-02T04:45:49.679+0000] {processor.py:830} INFO - Processing file /home/airflow/.local/lib/python3.8/site-packages/airflow/example_dags/example_branch_labels.py for tasks to queue
[2026-01-02T04:45:49.680+0000] {logging_mixin.py:188} INFO - [2026-01-02T04:45:49.680+0000] {dagbag.py:538} INFO - Filling up the DagBag from /home/airflow/.local/lib/python3.8/site-packages/airflow/example_dags/example_branch_labels.py
[2026-01-02T04:45:49.684+0000] {processor.py:840} INFO - DAG(s) 'example_branch_labels' retrieved from /home/airflow/.local/lib/python3.8/site-packages/airflow/example_dags/example_branch_labels.py
[2026-01-02T04:45:49.696+0000] {logging_mixin.py:188} INFO - [2026-01-02T04:45:49.696+0000] {dag.py:3033} INFO - Sync 1 DAGs
[2026-01-02T04:45:49.706+0000] {logging_mixin.py:188} INFO - [2026-01-02T04:45:49.706+0000] {dag.py:3820} INFO - Setting next_dagrun for example_branch_labels to 2026-01-01T00:00:00+00:00, run_after=2026-01-02T00:00:00+00:00
[2026-01-02T04:45:49.719+0000] {processor.py:183} INFO - Processing /home/airflow/.local/lib/python3.8/site-packages/airflow/example_dags/example_branch_labels.py took 0.042 seconds
[2026-01-02T04:46:19.951+0000] {processor.py:161} INFO - Started process (PID=930) to work on /home/airflow/.local/lib/python3.8/site-packages/airflow/example_dags/example_branch_labels.py
[2026-01-02T04:46:19.952+0000] {processor.py:830} INFO - Processing file /home/airflow/.local/lib/python3.8/site-packages/airflow/example_dags/example_branch_labels.py for tasks to queue
[2026-01-02T04:46:19.952+0000] {logging_mixin.py:188} INFO - [2026-01-02T04:46:19.952+0000] {dagbag.py:538} INFO - Filling up the DagBag from /home/airflow/.local/lib/python3.8/site-packages/airflow/example_dags/example_branch_labels.py
[2026-01-02T04:46:19.956+0000] {processor.py:840} INFO - DAG(s) 'example_branch_labels' retrieved from /home/airflow/.local/lib/python3.8/site-packages/airflow/example_dags/example_branch_labels.py
[2026-01-02T04:46:19.968+0000] {logging_mixin.py:188} INFO - [2026-01-02T04:46:19.968+0000] {dag.py:3033} INFO - Sync 1 DAGs
[2026-01-02T04:46:19.978+0000] {logging_mixin.py:188} INFO - [2026-01-02T04:46:19.978+0000] {dag.py:3820} INFO - Setting next_dagrun for example_branch_labels to 2026-01-01T00:00:00+00:00, run_after=2026-01-02T00:00:00+00:00
[2026-01-02T04:46:19.989+0000] {processor.py:183} INFO - Processing /home/airflow/.local/lib/python3.8/site-packages/airflow/example_dags/example_branch_labels.py took 0.039 seconds
[2026-01-02T04:46:50.290+0000] {processor.py:161} INFO - Started process (PID=985) to work on /home/airflow/.local/lib/python3.8/site-packages/airflow/example_dags/example_branch_labels.py
[2026-01-02T04:46:50.290+0000] {processor.py:830} INFO - Processing file /home/airflow/.local/lib/python3.8/site-packages/airflow/example_dags/example_branch_labels.py for tasks to queue
[2026-01-02T04:46:50.292+0000] {logging_mixin.py:188} INFO - [2026-01-02T04:46:50.291+0000] {dagbag.py:538} INFO - Filling up the DagBag from /home/airflow/.local/lib/python3.8/site-packages/airflow/example_dags/example_branch_labels.py
[2026-01-02T04:46:50.296+0000] {processor.py:840} INFO - DAG(s) 'example_branch_labels' retrieved from /home/airflow/.local/lib/python3.8/site-packages/airflow/example_dags/example_branch_labels.py
[2026-01-02T04:46:50.306+0000] {logging_mixin.py:188} INFO - [2026-01-02T04:46:50.306+0000] {dag.py:3033} INFO - Sync 1 DAGs
[2026-01-02T04:46:50.317+0000] {logging_mixin.py:188} INFO - [2026-01-02T04:46:50.317+0000] {dag.py:3820} INFO - Setting next_dagrun for example_branch_labels to 2026-01-01T00:00:00+00:00, run_after=2026-01-02T00:00:00+00:00
[2026-01-02T04:46:50.328+0000] {processor.py:183} INFO - Processing /home/airflow/.local/lib/python3.8/site-packages/airflow/example_dags/example_branch_labels.py took 0.039 seconds
[2026-01-02T04:47:20.571+0000] {processor.py:161} INFO - Started process (PID=1040) to work on /home/airflow/.local/lib/python3.8/site-packages/airflow/example_dags/example_branch_labels.py
[2026-01-02T04:47:20.572+0000] {processor.py:830} INFO - Processing file /home/airflow/.local/lib/python3.8/site-packages/airflow/example_dags/example_branch_labels.py for tasks to queue
[2026-01-02T04:47:20.573+0000] {logging_mixin.py:188} INFO - [2026-01-02T04:47:20.573+0000] {dagbag.py:538} INFO - Filling up the DagBag from /home/airflow/.local/lib/python3.8/site-packages/airflow/example_dags/example_branch_labels.py
[2026-01-02T04:47:20.577+0000] {processor.py:840} INFO - DAG(s) 'example_branch_labels' retrieved from /home/airflow/.local/lib/python3.8/site-packages/airflow/example_dags/example_branch_labels.py
[2026-01-02T04:47:20.594+0000] {logging_mixin.py:188} INFO - [2026-01-02T04:47:20.594+0000] {dag.py:3033} INFO - Sync 1 DAGs
[2026-01-02T04:47:20.604+0000] {logging_mixin.py:188} INFO - [2026-01-02T04:47:20.604+0000] {dag.py:3820} INFO - Setting next_dagrun for example_branch_labels to 2026-01-01T00:00:00+00:00, run_after=2026-01-02T00:00:00+00:00
[2026-01-02T04:47:20.614+0000] {processor.py:183} INFO - Processing /home/airflow/.local/lib/python3.8/site-packages/airflow/example_dags/example_branch_labels.py took 0.044 seconds
