[2026-01-02T04:28:05.265+0000] {processor.py:161} INFO - Started process (PID=82) to work on /home/airflow/.local/lib/python3.8/site-packages/airflow/example_dags/tutorial_objectstorage.py
[2026-01-02T04:28:05.266+0000] {processor.py:830} INFO - Processing file /home/airflow/.local/lib/python3.8/site-packages/airflow/example_dags/tutorial_objectstorage.py for tasks to queue
[2026-01-02T04:28:05.267+0000] {logging_mixin.py:188} INFO - [2026-01-02T04:28:05.266+0000] {dagbag.py:538} INFO - Filling up the DagBag from /home/airflow/.local/lib/python3.8/site-packages/airflow/example_dags/tutorial_objectstorage.py
[2026-01-02T04:28:05.272+0000] {processor.py:840} INFO - DAG(s) 'tutorial_objectstorage' retrieved from /home/airflow/.local/lib/python3.8/site-packages/airflow/example_dags/tutorial_objectstorage.py
[2026-01-02T04:28:05.320+0000] {logging_mixin.py:188} INFO - [2026-01-02T04:28:05.320+0000] {override.py:1769} INFO - Created Permission View: can edit on DAG:tutorial_objectstorage
[2026-01-02T04:28:05.326+0000] {logging_mixin.py:188} INFO - [2026-01-02T04:28:05.326+0000] {override.py:1769} INFO - Created Permission View: can delete on DAG:tutorial_objectstorage
[2026-01-02T04:28:05.330+0000] {logging_mixin.py:188} INFO - [2026-01-02T04:28:05.330+0000] {override.py:1769} INFO - Created Permission View: can read on DAG:tutorial_objectstorage
[2026-01-02T04:28:05.330+0000] {logging_mixin.py:188} INFO - [2026-01-02T04:28:05.330+0000] {dag.py:3033} INFO - Sync 1 DAGs
[2026-01-02T04:28:05.335+0000] {logging_mixin.py:188} INFO - [2026-01-02T04:28:05.335+0000] {dag.py:3055} INFO - Creating ORM DAG for tutorial_objectstorage
[2026-01-02T04:28:05.336+0000] {logging_mixin.py:188} INFO - [2026-01-02T04:28:05.336+0000] {dag.py:3820} INFO - Setting next_dagrun for tutorial_objectstorage to None, run_after=None
[2026-01-02T04:28:05.346+0000] {processor.py:183} INFO - Processing /home/airflow/.local/lib/python3.8/site-packages/airflow/example_dags/tutorial_objectstorage.py took 0.082 seconds
[2026-01-02T04:28:35.560+0000] {processor.py:161} INFO - Started process (PID=137) to work on /home/airflow/.local/lib/python3.8/site-packages/airflow/example_dags/tutorial_objectstorage.py
[2026-01-02T04:28:35.560+0000] {processor.py:830} INFO - Processing file /home/airflow/.local/lib/python3.8/site-packages/airflow/example_dags/tutorial_objectstorage.py for tasks to queue
[2026-01-02T04:28:35.561+0000] {logging_mixin.py:188} INFO - [2026-01-02T04:28:35.561+0000] {dagbag.py:538} INFO - Filling up the DagBag from /home/airflow/.local/lib/python3.8/site-packages/airflow/example_dags/tutorial_objectstorage.py
[2026-01-02T04:28:35.564+0000] {processor.py:840} INFO - DAG(s) 'tutorial_objectstorage' retrieved from /home/airflow/.local/lib/python3.8/site-packages/airflow/example_dags/tutorial_objectstorage.py
[2026-01-02T04:28:35.573+0000] {logging_mixin.py:188} INFO - [2026-01-02T04:28:35.573+0000] {dag.py:3033} INFO - Sync 1 DAGs
[2026-01-02T04:28:35.578+0000] {logging_mixin.py:188} INFO - [2026-01-02T04:28:35.578+0000] {dag.py:3820} INFO - Setting next_dagrun for tutorial_objectstorage to None, run_after=None
[2026-01-02T04:28:35.588+0000] {processor.py:183} INFO - Processing /home/airflow/.local/lib/python3.8/site-packages/airflow/example_dags/tutorial_objectstorage.py took 0.029 seconds
[2026-01-02T04:30:00.434+0000] {processor.py:161} INFO - Started process (PID=74) to work on /home/airflow/.local/lib/python3.8/site-packages/airflow/example_dags/tutorial_objectstorage.py
[2026-01-02T04:30:00.434+0000] {processor.py:830} INFO - Processing file /home/airflow/.local/lib/python3.8/site-packages/airflow/example_dags/tutorial_objectstorage.py for tasks to queue
[2026-01-02T04:30:00.436+0000] {logging_mixin.py:188} INFO - [2026-01-02T04:30:00.435+0000] {dagbag.py:538} INFO - Filling up the DagBag from /home/airflow/.local/lib/python3.8/site-packages/airflow/example_dags/tutorial_objectstorage.py
[2026-01-02T04:30:00.439+0000] {processor.py:840} INFO - DAG(s) 'tutorial_objectstorage' retrieved from /home/airflow/.local/lib/python3.8/site-packages/airflow/example_dags/tutorial_objectstorage.py
[2026-01-02T04:30:00.445+0000] {logging_mixin.py:188} INFO - [2026-01-02T04:30:00.445+0000] {dag.py:3033} INFO - Sync 1 DAGs
[2026-01-02T04:30:00.451+0000] {logging_mixin.py:188} INFO - [2026-01-02T04:30:00.451+0000] {dag.py:3820} INFO - Setting next_dagrun for tutorial_objectstorage to None, run_after=None
[2026-01-02T04:30:00.461+0000] {processor.py:183} INFO - Processing /home/airflow/.local/lib/python3.8/site-packages/airflow/example_dags/tutorial_objectstorage.py took 0.028 seconds
[2026-01-02T04:30:31.603+0000] {processor.py:161} INFO - Started process (PID=129) to work on /home/airflow/.local/lib/python3.8/site-packages/airflow/example_dags/tutorial_objectstorage.py
[2026-01-02T04:30:31.604+0000] {processor.py:830} INFO - Processing file /home/airflow/.local/lib/python3.8/site-packages/airflow/example_dags/tutorial_objectstorage.py for tasks to queue
[2026-01-02T04:30:31.605+0000] {logging_mixin.py:188} INFO - [2026-01-02T04:30:31.605+0000] {dagbag.py:538} INFO - Filling up the DagBag from /home/airflow/.local/lib/python3.8/site-packages/airflow/example_dags/tutorial_objectstorage.py
[2026-01-02T04:30:31.608+0000] {processor.py:840} INFO - DAG(s) 'tutorial_objectstorage' retrieved from /home/airflow/.local/lib/python3.8/site-packages/airflow/example_dags/tutorial_objectstorage.py
[2026-01-02T04:30:31.659+0000] {logging_mixin.py:188} INFO - [2026-01-02T04:30:31.658+0000] {dag.py:3033} INFO - Sync 1 DAGs
[2026-01-02T04:30:31.666+0000] {logging_mixin.py:188} INFO - [2026-01-02T04:30:31.665+0000] {dag.py:3820} INFO - Setting next_dagrun for tutorial_objectstorage to None, run_after=None
[2026-01-02T04:30:31.678+0000] {processor.py:183} INFO - Processing /home/airflow/.local/lib/python3.8/site-packages/airflow/example_dags/tutorial_objectstorage.py took 0.076 seconds
[2026-01-02T04:31:02.414+0000] {processor.py:161} INFO - Started process (PID=184) to work on /home/airflow/.local/lib/python3.8/site-packages/airflow/example_dags/tutorial_objectstorage.py
[2026-01-02T04:31:02.415+0000] {processor.py:830} INFO - Processing file /home/airflow/.local/lib/python3.8/site-packages/airflow/example_dags/tutorial_objectstorage.py for tasks to queue
[2026-01-02T04:31:02.416+0000] {logging_mixin.py:188} INFO - [2026-01-02T04:31:02.416+0000] {dagbag.py:538} INFO - Filling up the DagBag from /home/airflow/.local/lib/python3.8/site-packages/airflow/example_dags/tutorial_objectstorage.py
[2026-01-02T04:31:02.419+0000] {processor.py:840} INFO - DAG(s) 'tutorial_objectstorage' retrieved from /home/airflow/.local/lib/python3.8/site-packages/airflow/example_dags/tutorial_objectstorage.py
[2026-01-02T04:31:02.429+0000] {logging_mixin.py:188} INFO - [2026-01-02T04:31:02.428+0000] {dag.py:3033} INFO - Sync 1 DAGs
[2026-01-02T04:31:02.434+0000] {logging_mixin.py:188} INFO - [2026-01-02T04:31:02.434+0000] {dag.py:3820} INFO - Setting next_dagrun for tutorial_objectstorage to None, run_after=None
[2026-01-02T04:31:02.446+0000] {processor.py:183} INFO - Processing /home/airflow/.local/lib/python3.8/site-packages/airflow/example_dags/tutorial_objectstorage.py took 0.033 seconds
[2026-01-02T04:31:32.857+0000] {processor.py:161} INFO - Started process (PID=239) to work on /home/airflow/.local/lib/python3.8/site-packages/airflow/example_dags/tutorial_objectstorage.py
[2026-01-02T04:31:32.857+0000] {processor.py:830} INFO - Processing file /home/airflow/.local/lib/python3.8/site-packages/airflow/example_dags/tutorial_objectstorage.py for tasks to queue
[2026-01-02T04:31:32.858+0000] {logging_mixin.py:188} INFO - [2026-01-02T04:31:32.858+0000] {dagbag.py:538} INFO - Filling up the DagBag from /home/airflow/.local/lib/python3.8/site-packages/airflow/example_dags/tutorial_objectstorage.py
[2026-01-02T04:31:32.861+0000] {processor.py:840} INFO - DAG(s) 'tutorial_objectstorage' retrieved from /home/airflow/.local/lib/python3.8/site-packages/airflow/example_dags/tutorial_objectstorage.py
[2026-01-02T04:31:32.871+0000] {logging_mixin.py:188} INFO - [2026-01-02T04:31:32.871+0000] {dag.py:3033} INFO - Sync 1 DAGs
[2026-01-02T04:31:32.877+0000] {logging_mixin.py:188} INFO - [2026-01-02T04:31:32.877+0000] {dag.py:3820} INFO - Setting next_dagrun for tutorial_objectstorage to None, run_after=None
[2026-01-02T04:31:32.890+0000] {processor.py:183} INFO - Processing /home/airflow/.local/lib/python3.8/site-packages/airflow/example_dags/tutorial_objectstorage.py took 0.034 seconds
[2026-01-02T04:32:03.294+0000] {processor.py:161} INFO - Started process (PID=294) to work on /home/airflow/.local/lib/python3.8/site-packages/airflow/example_dags/tutorial_objectstorage.py
[2026-01-02T04:32:03.294+0000] {processor.py:830} INFO - Processing file /home/airflow/.local/lib/python3.8/site-packages/airflow/example_dags/tutorial_objectstorage.py for tasks to queue
[2026-01-02T04:32:03.295+0000] {logging_mixin.py:188} INFO - [2026-01-02T04:32:03.295+0000] {dagbag.py:538} INFO - Filling up the DagBag from /home/airflow/.local/lib/python3.8/site-packages/airflow/example_dags/tutorial_objectstorage.py
[2026-01-02T04:32:03.298+0000] {processor.py:840} INFO - DAG(s) 'tutorial_objectstorage' retrieved from /home/airflow/.local/lib/python3.8/site-packages/airflow/example_dags/tutorial_objectstorage.py
[2026-01-02T04:32:03.307+0000] {logging_mixin.py:188} INFO - [2026-01-02T04:32:03.307+0000] {dag.py:3033} INFO - Sync 1 DAGs
[2026-01-02T04:32:03.312+0000] {logging_mixin.py:188} INFO - [2026-01-02T04:32:03.312+0000] {dag.py:3820} INFO - Setting next_dagrun for tutorial_objectstorage to None, run_after=None
[2026-01-02T04:32:03.325+0000] {processor.py:183} INFO - Processing /home/airflow/.local/lib/python3.8/site-packages/airflow/example_dags/tutorial_objectstorage.py took 0.032 seconds
[2026-01-02T04:32:33.593+0000] {processor.py:161} INFO - Started process (PID=349) to work on /home/airflow/.local/lib/python3.8/site-packages/airflow/example_dags/tutorial_objectstorage.py
[2026-01-02T04:32:33.593+0000] {processor.py:830} INFO - Processing file /home/airflow/.local/lib/python3.8/site-packages/airflow/example_dags/tutorial_objectstorage.py for tasks to queue
[2026-01-02T04:32:33.594+0000] {logging_mixin.py:188} INFO - [2026-01-02T04:32:33.594+0000] {dagbag.py:538} INFO - Filling up the DagBag from /home/airflow/.local/lib/python3.8/site-packages/airflow/example_dags/tutorial_objectstorage.py
[2026-01-02T04:32:33.597+0000] {processor.py:840} INFO - DAG(s) 'tutorial_objectstorage' retrieved from /home/airflow/.local/lib/python3.8/site-packages/airflow/example_dags/tutorial_objectstorage.py
[2026-01-02T04:32:33.609+0000] {logging_mixin.py:188} INFO - [2026-01-02T04:32:33.609+0000] {dag.py:3033} INFO - Sync 1 DAGs
[2026-01-02T04:32:33.614+0000] {logging_mixin.py:188} INFO - [2026-01-02T04:32:33.614+0000] {dag.py:3820} INFO - Setting next_dagrun for tutorial_objectstorage to None, run_after=None
[2026-01-02T04:32:33.625+0000] {processor.py:183} INFO - Processing /home/airflow/.local/lib/python3.8/site-packages/airflow/example_dags/tutorial_objectstorage.py took 0.033 seconds
[2026-01-02T04:33:03.887+0000] {processor.py:161} INFO - Started process (PID=404) to work on /home/airflow/.local/lib/python3.8/site-packages/airflow/example_dags/tutorial_objectstorage.py
[2026-01-02T04:33:03.887+0000] {processor.py:830} INFO - Processing file /home/airflow/.local/lib/python3.8/site-packages/airflow/example_dags/tutorial_objectstorage.py for tasks to queue
[2026-01-02T04:33:03.888+0000] {logging_mixin.py:188} INFO - [2026-01-02T04:33:03.888+0000] {dagbag.py:538} INFO - Filling up the DagBag from /home/airflow/.local/lib/python3.8/site-packages/airflow/example_dags/tutorial_objectstorage.py
[2026-01-02T04:33:03.891+0000] {processor.py:840} INFO - DAG(s) 'tutorial_objectstorage' retrieved from /home/airflow/.local/lib/python3.8/site-packages/airflow/example_dags/tutorial_objectstorage.py
[2026-01-02T04:33:03.900+0000] {logging_mixin.py:188} INFO - [2026-01-02T04:33:03.900+0000] {dag.py:3033} INFO - Sync 1 DAGs
[2026-01-02T04:33:03.906+0000] {logging_mixin.py:188} INFO - [2026-01-02T04:33:03.906+0000] {dag.py:3820} INFO - Setting next_dagrun for tutorial_objectstorage to None, run_after=None
[2026-01-02T04:33:03.917+0000] {processor.py:183} INFO - Processing /home/airflow/.local/lib/python3.8/site-packages/airflow/example_dags/tutorial_objectstorage.py took 0.032 seconds
[2026-01-02T04:33:34.158+0000] {processor.py:161} INFO - Started process (PID=459) to work on /home/airflow/.local/lib/python3.8/site-packages/airflow/example_dags/tutorial_objectstorage.py
[2026-01-02T04:33:34.159+0000] {processor.py:830} INFO - Processing file /home/airflow/.local/lib/python3.8/site-packages/airflow/example_dags/tutorial_objectstorage.py for tasks to queue
[2026-01-02T04:33:34.160+0000] {logging_mixin.py:188} INFO - [2026-01-02T04:33:34.159+0000] {dagbag.py:538} INFO - Filling up the DagBag from /home/airflow/.local/lib/python3.8/site-packages/airflow/example_dags/tutorial_objectstorage.py
[2026-01-02T04:33:34.162+0000] {processor.py:840} INFO - DAG(s) 'tutorial_objectstorage' retrieved from /home/airflow/.local/lib/python3.8/site-packages/airflow/example_dags/tutorial_objectstorage.py
[2026-01-02T04:33:34.176+0000] {logging_mixin.py:188} INFO - [2026-01-02T04:33:34.176+0000] {dag.py:3033} INFO - Sync 1 DAGs
[2026-01-02T04:33:34.182+0000] {logging_mixin.py:188} INFO - [2026-01-02T04:33:34.182+0000] {dag.py:3820} INFO - Setting next_dagrun for tutorial_objectstorage to None, run_after=None
[2026-01-02T04:33:34.194+0000] {processor.py:183} INFO - Processing /home/airflow/.local/lib/python3.8/site-packages/airflow/example_dags/tutorial_objectstorage.py took 0.037 seconds
[2026-01-02T04:34:04.493+0000] {processor.py:161} INFO - Started process (PID=514) to work on /home/airflow/.local/lib/python3.8/site-packages/airflow/example_dags/tutorial_objectstorage.py
[2026-01-02T04:34:04.494+0000] {processor.py:830} INFO - Processing file /home/airflow/.local/lib/python3.8/site-packages/airflow/example_dags/tutorial_objectstorage.py for tasks to queue
[2026-01-02T04:34:04.495+0000] {logging_mixin.py:188} INFO - [2026-01-02T04:34:04.495+0000] {dagbag.py:538} INFO - Filling up the DagBag from /home/airflow/.local/lib/python3.8/site-packages/airflow/example_dags/tutorial_objectstorage.py
[2026-01-02T04:34:04.499+0000] {processor.py:840} INFO - DAG(s) 'tutorial_objectstorage' retrieved from /home/airflow/.local/lib/python3.8/site-packages/airflow/example_dags/tutorial_objectstorage.py
[2026-01-02T04:34:04.509+0000] {logging_mixin.py:188} INFO - [2026-01-02T04:34:04.509+0000] {dag.py:3033} INFO - Sync 1 DAGs
[2026-01-02T04:34:04.515+0000] {logging_mixin.py:188} INFO - [2026-01-02T04:34:04.515+0000] {dag.py:3820} INFO - Setting next_dagrun for tutorial_objectstorage to None, run_after=None
[2026-01-02T04:34:04.526+0000] {processor.py:183} INFO - Processing /home/airflow/.local/lib/python3.8/site-packages/airflow/example_dags/tutorial_objectstorage.py took 0.034 seconds
[2026-01-02T04:34:34.826+0000] {processor.py:161} INFO - Started process (PID=569) to work on /home/airflow/.local/lib/python3.8/site-packages/airflow/example_dags/tutorial_objectstorage.py
[2026-01-02T04:34:34.826+0000] {processor.py:830} INFO - Processing file /home/airflow/.local/lib/python3.8/site-packages/airflow/example_dags/tutorial_objectstorage.py for tasks to queue
[2026-01-02T04:34:34.827+0000] {logging_mixin.py:188} INFO - [2026-01-02T04:34:34.827+0000] {dagbag.py:538} INFO - Filling up the DagBag from /home/airflow/.local/lib/python3.8/site-packages/airflow/example_dags/tutorial_objectstorage.py
[2026-01-02T04:34:34.830+0000] {processor.py:840} INFO - DAG(s) 'tutorial_objectstorage' retrieved from /home/airflow/.local/lib/python3.8/site-packages/airflow/example_dags/tutorial_objectstorage.py
[2026-01-02T04:34:34.839+0000] {logging_mixin.py:188} INFO - [2026-01-02T04:34:34.839+0000] {dag.py:3033} INFO - Sync 1 DAGs
[2026-01-02T04:34:34.845+0000] {logging_mixin.py:188} INFO - [2026-01-02T04:34:34.845+0000] {dag.py:3820} INFO - Setting next_dagrun for tutorial_objectstorage to None, run_after=None
[2026-01-02T04:34:34.859+0000] {processor.py:183} INFO - Processing /home/airflow/.local/lib/python3.8/site-packages/airflow/example_dags/tutorial_objectstorage.py took 0.035 seconds
[2026-01-02T04:35:05.116+0000] {processor.py:161} INFO - Started process (PID=624) to work on /home/airflow/.local/lib/python3.8/site-packages/airflow/example_dags/tutorial_objectstorage.py
[2026-01-02T04:35:05.117+0000] {processor.py:830} INFO - Processing file /home/airflow/.local/lib/python3.8/site-packages/airflow/example_dags/tutorial_objectstorage.py for tasks to queue
[2026-01-02T04:35:05.118+0000] {logging_mixin.py:188} INFO - [2026-01-02T04:35:05.118+0000] {dagbag.py:538} INFO - Filling up the DagBag from /home/airflow/.local/lib/python3.8/site-packages/airflow/example_dags/tutorial_objectstorage.py
[2026-01-02T04:35:05.120+0000] {processor.py:840} INFO - DAG(s) 'tutorial_objectstorage' retrieved from /home/airflow/.local/lib/python3.8/site-packages/airflow/example_dags/tutorial_objectstorage.py
[2026-01-02T04:35:05.133+0000] {logging_mixin.py:188} INFO - [2026-01-02T04:35:05.132+0000] {dag.py:3033} INFO - Sync 1 DAGs
[2026-01-02T04:35:05.140+0000] {logging_mixin.py:188} INFO - [2026-01-02T04:35:05.140+0000] {dag.py:3820} INFO - Setting next_dagrun for tutorial_objectstorage to None, run_after=None
[2026-01-02T04:35:05.152+0000] {processor.py:183} INFO - Processing /home/airflow/.local/lib/python3.8/site-packages/airflow/example_dags/tutorial_objectstorage.py took 0.037 seconds
[2026-01-02T04:35:35.439+0000] {processor.py:161} INFO - Started process (PID=679) to work on /home/airflow/.local/lib/python3.8/site-packages/airflow/example_dags/tutorial_objectstorage.py
[2026-01-02T04:35:35.439+0000] {processor.py:830} INFO - Processing file /home/airflow/.local/lib/python3.8/site-packages/airflow/example_dags/tutorial_objectstorage.py for tasks to queue
[2026-01-02T04:35:35.440+0000] {logging_mixin.py:188} INFO - [2026-01-02T04:35:35.440+0000] {dagbag.py:538} INFO - Filling up the DagBag from /home/airflow/.local/lib/python3.8/site-packages/airflow/example_dags/tutorial_objectstorage.py
[2026-01-02T04:35:35.443+0000] {processor.py:840} INFO - DAG(s) 'tutorial_objectstorage' retrieved from /home/airflow/.local/lib/python3.8/site-packages/airflow/example_dags/tutorial_objectstorage.py
[2026-01-02T04:35:35.453+0000] {logging_mixin.py:188} INFO - [2026-01-02T04:35:35.453+0000] {dag.py:3033} INFO - Sync 1 DAGs
[2026-01-02T04:35:35.458+0000] {logging_mixin.py:188} INFO - [2026-01-02T04:35:35.458+0000] {dag.py:3820} INFO - Setting next_dagrun for tutorial_objectstorage to None, run_after=None
[2026-01-02T04:35:35.470+0000] {processor.py:183} INFO - Processing /home/airflow/.local/lib/python3.8/site-packages/airflow/example_dags/tutorial_objectstorage.py took 0.033 seconds
[2026-01-02T04:36:05.756+0000] {processor.py:161} INFO - Started process (PID=734) to work on /home/airflow/.local/lib/python3.8/site-packages/airflow/example_dags/tutorial_objectstorage.py
[2026-01-02T04:36:05.757+0000] {processor.py:830} INFO - Processing file /home/airflow/.local/lib/python3.8/site-packages/airflow/example_dags/tutorial_objectstorage.py for tasks to queue
[2026-01-02T04:36:05.758+0000] {logging_mixin.py:188} INFO - [2026-01-02T04:36:05.757+0000] {dagbag.py:538} INFO - Filling up the DagBag from /home/airflow/.local/lib/python3.8/site-packages/airflow/example_dags/tutorial_objectstorage.py
[2026-01-02T04:36:05.760+0000] {processor.py:840} INFO - DAG(s) 'tutorial_objectstorage' retrieved from /home/airflow/.local/lib/python3.8/site-packages/airflow/example_dags/tutorial_objectstorage.py
[2026-01-02T04:36:05.771+0000] {logging_mixin.py:188} INFO - [2026-01-02T04:36:05.771+0000] {dag.py:3033} INFO - Sync 1 DAGs
[2026-01-02T04:36:05.777+0000] {logging_mixin.py:188} INFO - [2026-01-02T04:36:05.777+0000] {dag.py:3820} INFO - Setting next_dagrun for tutorial_objectstorage to None, run_after=None
[2026-01-02T04:36:05.788+0000] {processor.py:183} INFO - Processing /home/airflow/.local/lib/python3.8/site-packages/airflow/example_dags/tutorial_objectstorage.py took 0.034 seconds
[2026-01-02T04:38:45.486+0000] {processor.py:161} INFO - Started process (PID=76) to work on /home/airflow/.local/lib/python3.8/site-packages/airflow/example_dags/tutorial_objectstorage.py
[2026-01-02T04:38:45.487+0000] {processor.py:830} INFO - Processing file /home/airflow/.local/lib/python3.8/site-packages/airflow/example_dags/tutorial_objectstorage.py for tasks to queue
[2026-01-02T04:38:45.488+0000] {logging_mixin.py:188} INFO - [2026-01-02T04:38:45.488+0000] {dagbag.py:538} INFO - Filling up the DagBag from /home/airflow/.local/lib/python3.8/site-packages/airflow/example_dags/tutorial_objectstorage.py
[2026-01-02T04:38:45.493+0000] {processor.py:840} INFO - DAG(s) 'tutorial_objectstorage' retrieved from /home/airflow/.local/lib/python3.8/site-packages/airflow/example_dags/tutorial_objectstorage.py
[2026-01-02T04:38:45.500+0000] {logging_mixin.py:188} INFO - [2026-01-02T04:38:45.500+0000] {dag.py:3033} INFO - Sync 1 DAGs
[2026-01-02T04:38:45.506+0000] {logging_mixin.py:188} INFO - [2026-01-02T04:38:45.506+0000] {dag.py:3820} INFO - Setting next_dagrun for tutorial_objectstorage to None, run_after=None
[2026-01-02T04:38:45.518+0000] {processor.py:183} INFO - Processing /home/airflow/.local/lib/python3.8/site-packages/airflow/example_dags/tutorial_objectstorage.py took 0.033 seconds
[2026-01-02T04:39:16.108+0000] {processor.py:161} INFO - Started process (PID=137) to work on /home/airflow/.local/lib/python3.8/site-packages/airflow/example_dags/tutorial_objectstorage.py
[2026-01-02T04:39:16.108+0000] {processor.py:830} INFO - Processing file /home/airflow/.local/lib/python3.8/site-packages/airflow/example_dags/tutorial_objectstorage.py for tasks to queue
[2026-01-02T04:39:16.109+0000] {logging_mixin.py:188} INFO - [2026-01-02T04:39:16.109+0000] {dagbag.py:538} INFO - Filling up the DagBag from /home/airflow/.local/lib/python3.8/site-packages/airflow/example_dags/tutorial_objectstorage.py
[2026-01-02T04:39:16.112+0000] {processor.py:840} INFO - DAG(s) 'tutorial_objectstorage' retrieved from /home/airflow/.local/lib/python3.8/site-packages/airflow/example_dags/tutorial_objectstorage.py
[2026-01-02T04:39:16.155+0000] {logging_mixin.py:188} INFO - [2026-01-02T04:39:16.155+0000] {dag.py:3033} INFO - Sync 1 DAGs
[2026-01-02T04:39:16.159+0000] {logging_mixin.py:188} INFO - [2026-01-02T04:39:16.159+0000] {dag.py:3820} INFO - Setting next_dagrun for tutorial_objectstorage to None, run_after=None
[2026-01-02T04:39:16.169+0000] {processor.py:183} INFO - Processing /home/airflow/.local/lib/python3.8/site-packages/airflow/example_dags/tutorial_objectstorage.py took 0.062 seconds
[2026-01-02T04:39:46.639+0000] {processor.py:161} INFO - Started process (PID=192) to work on /home/airflow/.local/lib/python3.8/site-packages/airflow/example_dags/tutorial_objectstorage.py
[2026-01-02T04:39:46.640+0000] {processor.py:830} INFO - Processing file /home/airflow/.local/lib/python3.8/site-packages/airflow/example_dags/tutorial_objectstorage.py for tasks to queue
[2026-01-02T04:39:46.641+0000] {logging_mixin.py:188} INFO - [2026-01-02T04:39:46.640+0000] {dagbag.py:538} INFO - Filling up the DagBag from /home/airflow/.local/lib/python3.8/site-packages/airflow/example_dags/tutorial_objectstorage.py
[2026-01-02T04:39:46.643+0000] {processor.py:840} INFO - DAG(s) 'tutorial_objectstorage' retrieved from /home/airflow/.local/lib/python3.8/site-packages/airflow/example_dags/tutorial_objectstorage.py
[2026-01-02T04:39:46.652+0000] {logging_mixin.py:188} INFO - [2026-01-02T04:39:46.652+0000] {dag.py:3033} INFO - Sync 1 DAGs
[2026-01-02T04:39:46.658+0000] {logging_mixin.py:188} INFO - [2026-01-02T04:39:46.658+0000] {dag.py:3820} INFO - Setting next_dagrun for tutorial_objectstorage to None, run_after=None
[2026-01-02T04:39:46.667+0000] {processor.py:183} INFO - Processing /home/airflow/.local/lib/python3.8/site-packages/airflow/example_dags/tutorial_objectstorage.py took 0.029 seconds
[2026-01-02T04:40:16.802+0000] {processor.py:161} INFO - Started process (PID=246) to work on /home/airflow/.local/lib/python3.8/site-packages/airflow/example_dags/tutorial_objectstorage.py
[2026-01-02T04:40:16.802+0000] {processor.py:830} INFO - Processing file /home/airflow/.local/lib/python3.8/site-packages/airflow/example_dags/tutorial_objectstorage.py for tasks to queue
[2026-01-02T04:40:16.803+0000] {logging_mixin.py:188} INFO - [2026-01-02T04:40:16.803+0000] {dagbag.py:538} INFO - Filling up the DagBag from /home/airflow/.local/lib/python3.8/site-packages/airflow/example_dags/tutorial_objectstorage.py
[2026-01-02T04:40:16.806+0000] {processor.py:840} INFO - DAG(s) 'tutorial_objectstorage' retrieved from /home/airflow/.local/lib/python3.8/site-packages/airflow/example_dags/tutorial_objectstorage.py
[2026-01-02T04:40:16.817+0000] {logging_mixin.py:188} INFO - [2026-01-02T04:40:16.817+0000] {dag.py:3033} INFO - Sync 1 DAGs
[2026-01-02T04:40:16.822+0000] {logging_mixin.py:188} INFO - [2026-01-02T04:40:16.822+0000] {dag.py:3820} INFO - Setting next_dagrun for tutorial_objectstorage to None, run_after=None
[2026-01-02T04:40:16.832+0000] {processor.py:183} INFO - Processing /home/airflow/.local/lib/python3.8/site-packages/airflow/example_dags/tutorial_objectstorage.py took 0.031 seconds
[2026-01-02T04:40:47.013+0000] {processor.py:161} INFO - Started process (PID=302) to work on /home/airflow/.local/lib/python3.8/site-packages/airflow/example_dags/tutorial_objectstorage.py
[2026-01-02T04:40:47.014+0000] {processor.py:830} INFO - Processing file /home/airflow/.local/lib/python3.8/site-packages/airflow/example_dags/tutorial_objectstorage.py for tasks to queue
[2026-01-02T04:40:47.015+0000] {logging_mixin.py:188} INFO - [2026-01-02T04:40:47.014+0000] {dagbag.py:538} INFO - Filling up the DagBag from /home/airflow/.local/lib/python3.8/site-packages/airflow/example_dags/tutorial_objectstorage.py
[2026-01-02T04:40:47.017+0000] {processor.py:840} INFO - DAG(s) 'tutorial_objectstorage' retrieved from /home/airflow/.local/lib/python3.8/site-packages/airflow/example_dags/tutorial_objectstorage.py
[2026-01-02T04:40:47.027+0000] {logging_mixin.py:188} INFO - [2026-01-02T04:40:47.026+0000] {dag.py:3033} INFO - Sync 1 DAGs
[2026-01-02T04:40:47.032+0000] {logging_mixin.py:188} INFO - [2026-01-02T04:40:47.032+0000] {dag.py:3820} INFO - Setting next_dagrun for tutorial_objectstorage to None, run_after=None
[2026-01-02T04:40:47.042+0000] {processor.py:183} INFO - Processing /home/airflow/.local/lib/python3.8/site-packages/airflow/example_dags/tutorial_objectstorage.py took 0.030 seconds
[2026-01-02T04:41:17.150+0000] {processor.py:161} INFO - Started process (PID=357) to work on /home/airflow/.local/lib/python3.8/site-packages/airflow/example_dags/tutorial_objectstorage.py
[2026-01-02T04:41:17.151+0000] {processor.py:830} INFO - Processing file /home/airflow/.local/lib/python3.8/site-packages/airflow/example_dags/tutorial_objectstorage.py for tasks to queue
[2026-01-02T04:41:17.152+0000] {logging_mixin.py:188} INFO - [2026-01-02T04:41:17.151+0000] {dagbag.py:538} INFO - Filling up the DagBag from /home/airflow/.local/lib/python3.8/site-packages/airflow/example_dags/tutorial_objectstorage.py
[2026-01-02T04:41:17.154+0000] {processor.py:840} INFO - DAG(s) 'tutorial_objectstorage' retrieved from /home/airflow/.local/lib/python3.8/site-packages/airflow/example_dags/tutorial_objectstorage.py
[2026-01-02T04:41:17.162+0000] {logging_mixin.py:188} INFO - [2026-01-02T04:41:17.162+0000] {dag.py:3033} INFO - Sync 1 DAGs
[2026-01-02T04:41:17.168+0000] {logging_mixin.py:188} INFO - [2026-01-02T04:41:17.167+0000] {dag.py:3820} INFO - Setting next_dagrun for tutorial_objectstorage to None, run_after=None
[2026-01-02T04:41:17.178+0000] {processor.py:183} INFO - Processing /home/airflow/.local/lib/python3.8/site-packages/airflow/example_dags/tutorial_objectstorage.py took 0.029 seconds
[2026-01-02T04:41:47.382+0000] {processor.py:161} INFO - Started process (PID=412) to work on /home/airflow/.local/lib/python3.8/site-packages/airflow/example_dags/tutorial_objectstorage.py
[2026-01-02T04:41:47.382+0000] {processor.py:830} INFO - Processing file /home/airflow/.local/lib/python3.8/site-packages/airflow/example_dags/tutorial_objectstorage.py for tasks to queue
[2026-01-02T04:41:47.383+0000] {logging_mixin.py:188} INFO - [2026-01-02T04:41:47.383+0000] {dagbag.py:538} INFO - Filling up the DagBag from /home/airflow/.local/lib/python3.8/site-packages/airflow/example_dags/tutorial_objectstorage.py
[2026-01-02T04:41:47.386+0000] {processor.py:840} INFO - DAG(s) 'tutorial_objectstorage' retrieved from /home/airflow/.local/lib/python3.8/site-packages/airflow/example_dags/tutorial_objectstorage.py
[2026-01-02T04:41:47.395+0000] {logging_mixin.py:188} INFO - [2026-01-02T04:41:47.395+0000] {dag.py:3033} INFO - Sync 1 DAGs
[2026-01-02T04:41:47.400+0000] {logging_mixin.py:188} INFO - [2026-01-02T04:41:47.400+0000] {dag.py:3820} INFO - Setting next_dagrun for tutorial_objectstorage to None, run_after=None
[2026-01-02T04:41:47.410+0000] {processor.py:183} INFO - Processing /home/airflow/.local/lib/python3.8/site-packages/airflow/example_dags/tutorial_objectstorage.py took 0.029 seconds
[2026-01-02T04:42:17.554+0000] {processor.py:161} INFO - Started process (PID=467) to work on /home/airflow/.local/lib/python3.8/site-packages/airflow/example_dags/tutorial_objectstorage.py
[2026-01-02T04:42:17.555+0000] {processor.py:830} INFO - Processing file /home/airflow/.local/lib/python3.8/site-packages/airflow/example_dags/tutorial_objectstorage.py for tasks to queue
[2026-01-02T04:42:17.555+0000] {logging_mixin.py:188} INFO - [2026-01-02T04:42:17.555+0000] {dagbag.py:538} INFO - Filling up the DagBag from /home/airflow/.local/lib/python3.8/site-packages/airflow/example_dags/tutorial_objectstorage.py
[2026-01-02T04:42:17.558+0000] {processor.py:840} INFO - DAG(s) 'tutorial_objectstorage' retrieved from /home/airflow/.local/lib/python3.8/site-packages/airflow/example_dags/tutorial_objectstorage.py
[2026-01-02T04:42:17.567+0000] {logging_mixin.py:188} INFO - [2026-01-02T04:42:17.567+0000] {dag.py:3033} INFO - Sync 1 DAGs
[2026-01-02T04:42:17.572+0000] {logging_mixin.py:188} INFO - [2026-01-02T04:42:17.572+0000] {dag.py:3820} INFO - Setting next_dagrun for tutorial_objectstorage to None, run_after=None
[2026-01-02T04:42:17.581+0000] {processor.py:183} INFO - Processing /home/airflow/.local/lib/python3.8/site-packages/airflow/example_dags/tutorial_objectstorage.py took 0.028 seconds
[2026-01-02T04:42:47.799+0000] {processor.py:161} INFO - Started process (PID=522) to work on /home/airflow/.local/lib/python3.8/site-packages/airflow/example_dags/tutorial_objectstorage.py
[2026-01-02T04:42:47.800+0000] {processor.py:830} INFO - Processing file /home/airflow/.local/lib/python3.8/site-packages/airflow/example_dags/tutorial_objectstorage.py for tasks to queue
[2026-01-02T04:42:47.803+0000] {logging_mixin.py:188} INFO - [2026-01-02T04:42:47.802+0000] {dagbag.py:538} INFO - Filling up the DagBag from /home/airflow/.local/lib/python3.8/site-packages/airflow/example_dags/tutorial_objectstorage.py
[2026-01-02T04:42:47.805+0000] {processor.py:840} INFO - DAG(s) 'tutorial_objectstorage' retrieved from /home/airflow/.local/lib/python3.8/site-packages/airflow/example_dags/tutorial_objectstorage.py
[2026-01-02T04:42:47.814+0000] {logging_mixin.py:188} INFO - [2026-01-02T04:42:47.814+0000] {dag.py:3033} INFO - Sync 1 DAGs
[2026-01-02T04:42:47.819+0000] {logging_mixin.py:188} INFO - [2026-01-02T04:42:47.819+0000] {dag.py:3820} INFO - Setting next_dagrun for tutorial_objectstorage to None, run_after=None
[2026-01-02T04:42:47.830+0000] {processor.py:183} INFO - Processing /home/airflow/.local/lib/python3.8/site-packages/airflow/example_dags/tutorial_objectstorage.py took 0.032 seconds
[2026-01-02T04:43:18.012+0000] {processor.py:161} INFO - Started process (PID=577) to work on /home/airflow/.local/lib/python3.8/site-packages/airflow/example_dags/tutorial_objectstorage.py
[2026-01-02T04:43:18.012+0000] {processor.py:830} INFO - Processing file /home/airflow/.local/lib/python3.8/site-packages/airflow/example_dags/tutorial_objectstorage.py for tasks to queue
[2026-01-02T04:43:18.013+0000] {logging_mixin.py:188} INFO - [2026-01-02T04:43:18.013+0000] {dagbag.py:538} INFO - Filling up the DagBag from /home/airflow/.local/lib/python3.8/site-packages/airflow/example_dags/tutorial_objectstorage.py
[2026-01-02T04:43:18.019+0000] {processor.py:840} INFO - DAG(s) 'tutorial_objectstorage' retrieved from /home/airflow/.local/lib/python3.8/site-packages/airflow/example_dags/tutorial_objectstorage.py
[2026-01-02T04:43:18.030+0000] {logging_mixin.py:188} INFO - [2026-01-02T04:43:18.030+0000] {dag.py:3033} INFO - Sync 1 DAGs
[2026-01-02T04:43:18.037+0000] {logging_mixin.py:188} INFO - [2026-01-02T04:43:18.037+0000] {dag.py:3820} INFO - Setting next_dagrun for tutorial_objectstorage to None, run_after=None
[2026-01-02T04:43:18.047+0000] {processor.py:183} INFO - Processing /home/airflow/.local/lib/python3.8/site-packages/airflow/example_dags/tutorial_objectstorage.py took 0.036 seconds
[2026-01-02T04:43:48.250+0000] {processor.py:161} INFO - Started process (PID=632) to work on /home/airflow/.local/lib/python3.8/site-packages/airflow/example_dags/tutorial_objectstorage.py
[2026-01-02T04:43:48.250+0000] {processor.py:830} INFO - Processing file /home/airflow/.local/lib/python3.8/site-packages/airflow/example_dags/tutorial_objectstorage.py for tasks to queue
[2026-01-02T04:43:48.251+0000] {logging_mixin.py:188} INFO - [2026-01-02T04:43:48.251+0000] {dagbag.py:538} INFO - Filling up the DagBag from /home/airflow/.local/lib/python3.8/site-packages/airflow/example_dags/tutorial_objectstorage.py
[2026-01-02T04:43:48.255+0000] {processor.py:840} INFO - DAG(s) 'tutorial_objectstorage' retrieved from /home/airflow/.local/lib/python3.8/site-packages/airflow/example_dags/tutorial_objectstorage.py
[2026-01-02T04:43:48.265+0000] {logging_mixin.py:188} INFO - [2026-01-02T04:43:48.264+0000] {dag.py:3033} INFO - Sync 1 DAGs
[2026-01-02T04:43:48.270+0000] {logging_mixin.py:188} INFO - [2026-01-02T04:43:48.270+0000] {dag.py:3820} INFO - Setting next_dagrun for tutorial_objectstorage to None, run_after=None
[2026-01-02T04:43:48.281+0000] {processor.py:183} INFO - Processing /home/airflow/.local/lib/python3.8/site-packages/airflow/example_dags/tutorial_objectstorage.py took 0.032 seconds
[2026-01-02T04:44:18.516+0000] {processor.py:161} INFO - Started process (PID=694) to work on /home/airflow/.local/lib/python3.8/site-packages/airflow/example_dags/tutorial_objectstorage.py
[2026-01-02T04:44:18.516+0000] {processor.py:830} INFO - Processing file /home/airflow/.local/lib/python3.8/site-packages/airflow/example_dags/tutorial_objectstorage.py for tasks to queue
[2026-01-02T04:44:18.517+0000] {logging_mixin.py:188} INFO - [2026-01-02T04:44:18.517+0000] {dagbag.py:538} INFO - Filling up the DagBag from /home/airflow/.local/lib/python3.8/site-packages/airflow/example_dags/tutorial_objectstorage.py
[2026-01-02T04:44:18.520+0000] {processor.py:840} INFO - DAG(s) 'tutorial_objectstorage' retrieved from /home/airflow/.local/lib/python3.8/site-packages/airflow/example_dags/tutorial_objectstorage.py
[2026-01-02T04:44:18.530+0000] {logging_mixin.py:188} INFO - [2026-01-02T04:44:18.530+0000] {dag.py:3033} INFO - Sync 1 DAGs
[2026-01-02T04:44:18.537+0000] {logging_mixin.py:188} INFO - [2026-01-02T04:44:18.536+0000] {dag.py:3820} INFO - Setting next_dagrun for tutorial_objectstorage to None, run_after=None
[2026-01-02T04:44:18.547+0000] {processor.py:183} INFO - Processing /home/airflow/.local/lib/python3.8/site-packages/airflow/example_dags/tutorial_objectstorage.py took 0.032 seconds
[2026-01-02T04:44:48.764+0000] {processor.py:161} INFO - Started process (PID=756) to work on /home/airflow/.local/lib/python3.8/site-packages/airflow/example_dags/tutorial_objectstorage.py
[2026-01-02T04:44:48.765+0000] {processor.py:830} INFO - Processing file /home/airflow/.local/lib/python3.8/site-packages/airflow/example_dags/tutorial_objectstorage.py for tasks to queue
[2026-01-02T04:44:48.766+0000] {logging_mixin.py:188} INFO - [2026-01-02T04:44:48.766+0000] {dagbag.py:538} INFO - Filling up the DagBag from /home/airflow/.local/lib/python3.8/site-packages/airflow/example_dags/tutorial_objectstorage.py
[2026-01-02T04:44:48.768+0000] {processor.py:840} INFO - DAG(s) 'tutorial_objectstorage' retrieved from /home/airflow/.local/lib/python3.8/site-packages/airflow/example_dags/tutorial_objectstorage.py
[2026-01-02T04:44:48.777+0000] {logging_mixin.py:188} INFO - [2026-01-02T04:44:48.777+0000] {dag.py:3033} INFO - Sync 1 DAGs
[2026-01-02T04:44:48.783+0000] {logging_mixin.py:188} INFO - [2026-01-02T04:44:48.782+0000] {dag.py:3820} INFO - Setting next_dagrun for tutorial_objectstorage to None, run_after=None
[2026-01-02T04:44:48.796+0000] {processor.py:183} INFO - Processing /home/airflow/.local/lib/python3.8/site-packages/airflow/example_dags/tutorial_objectstorage.py took 0.033 seconds
[2026-01-02T04:45:19.107+0000] {processor.py:161} INFO - Started process (PID=811) to work on /home/airflow/.local/lib/python3.8/site-packages/airflow/example_dags/tutorial_objectstorage.py
[2026-01-02T04:45:19.108+0000] {processor.py:830} INFO - Processing file /home/airflow/.local/lib/python3.8/site-packages/airflow/example_dags/tutorial_objectstorage.py for tasks to queue
[2026-01-02T04:45:19.109+0000] {logging_mixin.py:188} INFO - [2026-01-02T04:45:19.109+0000] {dagbag.py:538} INFO - Filling up the DagBag from /home/airflow/.local/lib/python3.8/site-packages/airflow/example_dags/tutorial_objectstorage.py
[2026-01-02T04:45:19.112+0000] {processor.py:840} INFO - DAG(s) 'tutorial_objectstorage' retrieved from /home/airflow/.local/lib/python3.8/site-packages/airflow/example_dags/tutorial_objectstorage.py
[2026-01-02T04:45:19.126+0000] {logging_mixin.py:188} INFO - [2026-01-02T04:45:19.126+0000] {dag.py:3033} INFO - Sync 1 DAGs
[2026-01-02T04:45:19.131+0000] {logging_mixin.py:188} INFO - [2026-01-02T04:45:19.131+0000] {dag.py:3820} INFO - Setting next_dagrun for tutorial_objectstorage to None, run_after=None
[2026-01-02T04:45:19.143+0000] {processor.py:183} INFO - Processing /home/airflow/.local/lib/python3.8/site-packages/airflow/example_dags/tutorial_objectstorage.py took 0.037 seconds
[2026-01-02T04:45:49.458+0000] {processor.py:161} INFO - Started process (PID=866) to work on /home/airflow/.local/lib/python3.8/site-packages/airflow/example_dags/tutorial_objectstorage.py
[2026-01-02T04:45:49.459+0000] {processor.py:830} INFO - Processing file /home/airflow/.local/lib/python3.8/site-packages/airflow/example_dags/tutorial_objectstorage.py for tasks to queue
[2026-01-02T04:45:49.459+0000] {logging_mixin.py:188} INFO - [2026-01-02T04:45:49.459+0000] {dagbag.py:538} INFO - Filling up the DagBag from /home/airflow/.local/lib/python3.8/site-packages/airflow/example_dags/tutorial_objectstorage.py
[2026-01-02T04:45:49.462+0000] {processor.py:840} INFO - DAG(s) 'tutorial_objectstorage' retrieved from /home/airflow/.local/lib/python3.8/site-packages/airflow/example_dags/tutorial_objectstorage.py
[2026-01-02T04:45:49.472+0000] {logging_mixin.py:188} INFO - [2026-01-02T04:45:49.472+0000] {dag.py:3033} INFO - Sync 1 DAGs
[2026-01-02T04:45:49.478+0000] {logging_mixin.py:188} INFO - [2026-01-02T04:45:49.478+0000] {dag.py:3820} INFO - Setting next_dagrun for tutorial_objectstorage to None, run_after=None
[2026-01-02T04:45:49.487+0000] {processor.py:183} INFO - Processing /home/airflow/.local/lib/python3.8/site-packages/airflow/example_dags/tutorial_objectstorage.py took 0.030 seconds
[2026-01-02T04:46:19.726+0000] {processor.py:161} INFO - Started process (PID=921) to work on /home/airflow/.local/lib/python3.8/site-packages/airflow/example_dags/tutorial_objectstorage.py
[2026-01-02T04:46:19.726+0000] {processor.py:830} INFO - Processing file /home/airflow/.local/lib/python3.8/site-packages/airflow/example_dags/tutorial_objectstorage.py for tasks to queue
[2026-01-02T04:46:19.727+0000] {logging_mixin.py:188} INFO - [2026-01-02T04:46:19.727+0000] {dagbag.py:538} INFO - Filling up the DagBag from /home/airflow/.local/lib/python3.8/site-packages/airflow/example_dags/tutorial_objectstorage.py
[2026-01-02T04:46:19.730+0000] {processor.py:840} INFO - DAG(s) 'tutorial_objectstorage' retrieved from /home/airflow/.local/lib/python3.8/site-packages/airflow/example_dags/tutorial_objectstorage.py
[2026-01-02T04:46:19.742+0000] {logging_mixin.py:188} INFO - [2026-01-02T04:46:19.742+0000] {dag.py:3033} INFO - Sync 1 DAGs
[2026-01-02T04:46:19.748+0000] {logging_mixin.py:188} INFO - [2026-01-02T04:46:19.747+0000] {dag.py:3820} INFO - Setting next_dagrun for tutorial_objectstorage to None, run_after=None
[2026-01-02T04:46:19.760+0000] {processor.py:183} INFO - Processing /home/airflow/.local/lib/python3.8/site-packages/airflow/example_dags/tutorial_objectstorage.py took 0.036 seconds
[2026-01-02T04:46:50.061+0000] {processor.py:161} INFO - Started process (PID=976) to work on /home/airflow/.local/lib/python3.8/site-packages/airflow/example_dags/tutorial_objectstorage.py
[2026-01-02T04:46:50.061+0000] {processor.py:830} INFO - Processing file /home/airflow/.local/lib/python3.8/site-packages/airflow/example_dags/tutorial_objectstorage.py for tasks to queue
[2026-01-02T04:46:50.062+0000] {logging_mixin.py:188} INFO - [2026-01-02T04:46:50.062+0000] {dagbag.py:538} INFO - Filling up the DagBag from /home/airflow/.local/lib/python3.8/site-packages/airflow/example_dags/tutorial_objectstorage.py
[2026-01-02T04:46:50.065+0000] {processor.py:840} INFO - DAG(s) 'tutorial_objectstorage' retrieved from /home/airflow/.local/lib/python3.8/site-packages/airflow/example_dags/tutorial_objectstorage.py
[2026-01-02T04:46:50.075+0000] {logging_mixin.py:188} INFO - [2026-01-02T04:46:50.075+0000] {dag.py:3033} INFO - Sync 1 DAGs
[2026-01-02T04:46:50.082+0000] {logging_mixin.py:188} INFO - [2026-01-02T04:46:50.082+0000] {dag.py:3820} INFO - Setting next_dagrun for tutorial_objectstorage to None, run_after=None
[2026-01-02T04:46:50.094+0000] {processor.py:183} INFO - Processing /home/airflow/.local/lib/python3.8/site-packages/airflow/example_dags/tutorial_objectstorage.py took 0.035 seconds
[2026-01-02T04:47:20.306+0000] {processor.py:161} INFO - Started process (PID=1031) to work on /home/airflow/.local/lib/python3.8/site-packages/airflow/example_dags/tutorial_objectstorage.py
[2026-01-02T04:47:20.307+0000] {processor.py:830} INFO - Processing file /home/airflow/.local/lib/python3.8/site-packages/airflow/example_dags/tutorial_objectstorage.py for tasks to queue
[2026-01-02T04:47:20.308+0000] {logging_mixin.py:188} INFO - [2026-01-02T04:47:20.308+0000] {dagbag.py:538} INFO - Filling up the DagBag from /home/airflow/.local/lib/python3.8/site-packages/airflow/example_dags/tutorial_objectstorage.py
[2026-01-02T04:47:20.311+0000] {processor.py:840} INFO - DAG(s) 'tutorial_objectstorage' retrieved from /home/airflow/.local/lib/python3.8/site-packages/airflow/example_dags/tutorial_objectstorage.py
[2026-01-02T04:47:20.320+0000] {logging_mixin.py:188} INFO - [2026-01-02T04:47:20.320+0000] {dag.py:3033} INFO - Sync 1 DAGs
[2026-01-02T04:47:20.325+0000] {logging_mixin.py:188} INFO - [2026-01-02T04:47:20.325+0000] {dag.py:3820} INFO - Setting next_dagrun for tutorial_objectstorage to None, run_after=None
[2026-01-02T04:47:20.335+0000] {processor.py:183} INFO - Processing /home/airflow/.local/lib/python3.8/site-packages/airflow/example_dags/tutorial_objectstorage.py took 0.030 seconds
