[2026-01-02T04:28:03.983+0000] {processor.py:161} INFO - Started process (PID=55) to work on /home/airflow/.local/lib/python3.8/site-packages/airflow/example_dags/tutorial_taskflow_api_virtualenv.py
[2026-01-02T04:28:03.984+0000] {processor.py:830} INFO - Processing file /home/airflow/.local/lib/python3.8/site-packages/airflow/example_dags/tutorial_taskflow_api_virtualenv.py for tasks to queue
[2026-01-02T04:28:03.986+0000] {logging_mixin.py:188} INFO - [2026-01-02T04:28:03.986+0000] {dagbag.py:538} INFO - Filling up the DagBag from /home/airflow/.local/lib/python3.8/site-packages/airflow/example_dags/tutorial_taskflow_api_virtualenv.py
[2026-01-02T04:28:03.990+0000] {processor.py:840} INFO - DAG(s) 'tutorial_taskflow_api_virtualenv' retrieved from /home/airflow/.local/lib/python3.8/site-packages/airflow/example_dags/tutorial_taskflow_api_virtualenv.py
[2026-01-02T04:28:04.049+0000] {logging_mixin.py:188} INFO - [2026-01-02T04:28:04.049+0000] {override.py:1769} INFO - Created Permission View: can edit on DAG:tutorial_taskflow_api_virtualenv
[2026-01-02T04:28:04.056+0000] {logging_mixin.py:188} INFO - [2026-01-02T04:28:04.056+0000] {override.py:1769} INFO - Created Permission View: can delete on DAG:tutorial_taskflow_api_virtualenv
[2026-01-02T04:28:04.061+0000] {logging_mixin.py:188} INFO - [2026-01-02T04:28:04.061+0000] {override.py:1769} INFO - Created Permission View: can read on DAG:tutorial_taskflow_api_virtualenv
[2026-01-02T04:28:04.062+0000] {logging_mixin.py:188} INFO - [2026-01-02T04:28:04.062+0000] {dag.py:3033} INFO - Sync 1 DAGs
[2026-01-02T04:28:04.069+0000] {logging_mixin.py:188} INFO - [2026-01-02T04:28:04.069+0000] {dag.py:3055} INFO - Creating ORM DAG for tutorial_taskflow_api_virtualenv
[2026-01-02T04:28:04.069+0000] {logging_mixin.py:188} INFO - [2026-01-02T04:28:04.069+0000] {dag.py:3820} INFO - Setting next_dagrun for tutorial_taskflow_api_virtualenv to None, run_after=None
[2026-01-02T04:28:04.081+0000] {processor.py:183} INFO - Processing /home/airflow/.local/lib/python3.8/site-packages/airflow/example_dags/tutorial_taskflow_api_virtualenv.py took 0.099 seconds
[2026-01-02T04:28:35.006+0000] {processor.py:161} INFO - Started process (PID=116) to work on /home/airflow/.local/lib/python3.8/site-packages/airflow/example_dags/tutorial_taskflow_api_virtualenv.py
[2026-01-02T04:28:35.006+0000] {processor.py:830} INFO - Processing file /home/airflow/.local/lib/python3.8/site-packages/airflow/example_dags/tutorial_taskflow_api_virtualenv.py for tasks to queue
[2026-01-02T04:28:35.007+0000] {logging_mixin.py:188} INFO - [2026-01-02T04:28:35.007+0000] {dagbag.py:538} INFO - Filling up the DagBag from /home/airflow/.local/lib/python3.8/site-packages/airflow/example_dags/tutorial_taskflow_api_virtualenv.py
[2026-01-02T04:28:35.010+0000] {processor.py:840} INFO - DAG(s) 'tutorial_taskflow_api_virtualenv' retrieved from /home/airflow/.local/lib/python3.8/site-packages/airflow/example_dags/tutorial_taskflow_api_virtualenv.py
[2026-01-02T04:28:35.019+0000] {logging_mixin.py:188} INFO - [2026-01-02T04:28:35.019+0000] {dag.py:3033} INFO - Sync 1 DAGs
[2026-01-02T04:28:35.027+0000] {logging_mixin.py:188} INFO - [2026-01-02T04:28:35.027+0000] {dag.py:3820} INFO - Setting next_dagrun for tutorial_taskflow_api_virtualenv to None, run_after=None
[2026-01-02T04:28:35.037+0000] {processor.py:183} INFO - Processing /home/airflow/.local/lib/python3.8/site-packages/airflow/example_dags/tutorial_taskflow_api_virtualenv.py took 0.033 seconds
[2026-01-02T04:29:59.794+0000] {processor.py:161} INFO - Started process (PID=47) to work on /home/airflow/.local/lib/python3.8/site-packages/airflow/example_dags/tutorial_taskflow_api_virtualenv.py
[2026-01-02T04:29:59.795+0000] {processor.py:830} INFO - Processing file /home/airflow/.local/lib/python3.8/site-packages/airflow/example_dags/tutorial_taskflow_api_virtualenv.py for tasks to queue
[2026-01-02T04:29:59.796+0000] {logging_mixin.py:188} INFO - [2026-01-02T04:29:59.796+0000] {dagbag.py:538} INFO - Filling up the DagBag from /home/airflow/.local/lib/python3.8/site-packages/airflow/example_dags/tutorial_taskflow_api_virtualenv.py
[2026-01-02T04:29:59.801+0000] {processor.py:840} INFO - DAG(s) 'tutorial_taskflow_api_virtualenv' retrieved from /home/airflow/.local/lib/python3.8/site-packages/airflow/example_dags/tutorial_taskflow_api_virtualenv.py
[2026-01-02T04:29:59.807+0000] {logging_mixin.py:188} INFO - [2026-01-02T04:29:59.807+0000] {dag.py:3033} INFO - Sync 1 DAGs
[2026-01-02T04:29:59.814+0000] {logging_mixin.py:188} INFO - [2026-01-02T04:29:59.814+0000] {dag.py:3820} INFO - Setting next_dagrun for tutorial_taskflow_api_virtualenv to None, run_after=None
[2026-01-02T04:29:59.828+0000] {processor.py:183} INFO - Processing /home/airflow/.local/lib/python3.8/site-packages/airflow/example_dags/tutorial_taskflow_api_virtualenv.py took 0.035 seconds
[2026-01-02T04:30:30.489+0000] {processor.py:161} INFO - Started process (PID=108) to work on /home/airflow/.local/lib/python3.8/site-packages/airflow/example_dags/tutorial_taskflow_api_virtualenv.py
[2026-01-02T04:30:30.490+0000] {processor.py:830} INFO - Processing file /home/airflow/.local/lib/python3.8/site-packages/airflow/example_dags/tutorial_taskflow_api_virtualenv.py for tasks to queue
[2026-01-02T04:30:30.491+0000] {logging_mixin.py:188} INFO - [2026-01-02T04:30:30.491+0000] {dagbag.py:538} INFO - Filling up the DagBag from /home/airflow/.local/lib/python3.8/site-packages/airflow/example_dags/tutorial_taskflow_api_virtualenv.py
[2026-01-02T04:30:30.495+0000] {processor.py:840} INFO - DAG(s) 'tutorial_taskflow_api_virtualenv' retrieved from /home/airflow/.local/lib/python3.8/site-packages/airflow/example_dags/tutorial_taskflow_api_virtualenv.py
[2026-01-02T04:30:30.545+0000] {logging_mixin.py:188} INFO - [2026-01-02T04:30:30.544+0000] {dag.py:3033} INFO - Sync 1 DAGs
[2026-01-02T04:30:30.550+0000] {logging_mixin.py:188} INFO - [2026-01-02T04:30:30.550+0000] {dag.py:3820} INFO - Setting next_dagrun for tutorial_taskflow_api_virtualenv to None, run_after=None
[2026-01-02T04:30:30.564+0000] {processor.py:183} INFO - Processing /home/airflow/.local/lib/python3.8/site-packages/airflow/example_dags/tutorial_taskflow_api_virtualenv.py took 0.076 seconds
[2026-01-02T04:31:00.738+0000] {processor.py:161} INFO - Started process (PID=163) to work on /home/airflow/.local/lib/python3.8/site-packages/airflow/example_dags/tutorial_taskflow_api_virtualenv.py
[2026-01-02T04:31:00.739+0000] {processor.py:830} INFO - Processing file /home/airflow/.local/lib/python3.8/site-packages/airflow/example_dags/tutorial_taskflow_api_virtualenv.py for tasks to queue
[2026-01-02T04:31:00.764+0000] {logging_mixin.py:188} INFO - [2026-01-02T04:31:00.764+0000] {dagbag.py:538} INFO - Filling up the DagBag from /home/airflow/.local/lib/python3.8/site-packages/airflow/example_dags/tutorial_taskflow_api_virtualenv.py
[2026-01-02T04:31:00.770+0000] {processor.py:840} INFO - DAG(s) 'tutorial_taskflow_api_virtualenv' retrieved from /home/airflow/.local/lib/python3.8/site-packages/airflow/example_dags/tutorial_taskflow_api_virtualenv.py
[2026-01-02T04:31:00.785+0000] {logging_mixin.py:188} INFO - [2026-01-02T04:31:00.785+0000] {dag.py:3033} INFO - Sync 1 DAGs
[2026-01-02T04:31:00.799+0000] {logging_mixin.py:188} INFO - [2026-01-02T04:31:00.799+0000] {dag.py:3820} INFO - Setting next_dagrun for tutorial_taskflow_api_virtualenv to None, run_after=None
[2026-01-02T04:31:00.829+0000] {processor.py:183} INFO - Processing /home/airflow/.local/lib/python3.8/site-packages/airflow/example_dags/tutorial_taskflow_api_virtualenv.py took 0.092 seconds
[2026-01-02T04:31:31.274+0000] {processor.py:161} INFO - Started process (PID=218) to work on /home/airflow/.local/lib/python3.8/site-packages/airflow/example_dags/tutorial_taskflow_api_virtualenv.py
[2026-01-02T04:31:31.275+0000] {processor.py:830} INFO - Processing file /home/airflow/.local/lib/python3.8/site-packages/airflow/example_dags/tutorial_taskflow_api_virtualenv.py for tasks to queue
[2026-01-02T04:31:31.276+0000] {logging_mixin.py:188} INFO - [2026-01-02T04:31:31.276+0000] {dagbag.py:538} INFO - Filling up the DagBag from /home/airflow/.local/lib/python3.8/site-packages/airflow/example_dags/tutorial_taskflow_api_virtualenv.py
[2026-01-02T04:31:31.279+0000] {processor.py:840} INFO - DAG(s) 'tutorial_taskflow_api_virtualenv' retrieved from /home/airflow/.local/lib/python3.8/site-packages/airflow/example_dags/tutorial_taskflow_api_virtualenv.py
[2026-01-02T04:31:31.291+0000] {logging_mixin.py:188} INFO - [2026-01-02T04:31:31.291+0000] {dag.py:3033} INFO - Sync 1 DAGs
[2026-01-02T04:31:31.297+0000] {logging_mixin.py:188} INFO - [2026-01-02T04:31:31.297+0000] {dag.py:3820} INFO - Setting next_dagrun for tutorial_taskflow_api_virtualenv to None, run_after=None
[2026-01-02T04:31:31.308+0000] {processor.py:183} INFO - Processing /home/airflow/.local/lib/python3.8/site-packages/airflow/example_dags/tutorial_taskflow_api_virtualenv.py took 0.036 seconds
[2026-01-02T04:32:01.694+0000] {processor.py:161} INFO - Started process (PID=273) to work on /home/airflow/.local/lib/python3.8/site-packages/airflow/example_dags/tutorial_taskflow_api_virtualenv.py
[2026-01-02T04:32:01.695+0000] {processor.py:830} INFO - Processing file /home/airflow/.local/lib/python3.8/site-packages/airflow/example_dags/tutorial_taskflow_api_virtualenv.py for tasks to queue
[2026-01-02T04:32:01.696+0000] {logging_mixin.py:188} INFO - [2026-01-02T04:32:01.696+0000] {dagbag.py:538} INFO - Filling up the DagBag from /home/airflow/.local/lib/python3.8/site-packages/airflow/example_dags/tutorial_taskflow_api_virtualenv.py
[2026-01-02T04:32:01.700+0000] {processor.py:840} INFO - DAG(s) 'tutorial_taskflow_api_virtualenv' retrieved from /home/airflow/.local/lib/python3.8/site-packages/airflow/example_dags/tutorial_taskflow_api_virtualenv.py
[2026-01-02T04:32:01.710+0000] {logging_mixin.py:188} INFO - [2026-01-02T04:32:01.709+0000] {dag.py:3033} INFO - Sync 1 DAGs
[2026-01-02T04:32:01.717+0000] {logging_mixin.py:188} INFO - [2026-01-02T04:32:01.717+0000] {dag.py:3820} INFO - Setting next_dagrun for tutorial_taskflow_api_virtualenv to None, run_after=None
[2026-01-02T04:32:01.730+0000] {processor.py:183} INFO - Processing /home/airflow/.local/lib/python3.8/site-packages/airflow/example_dags/tutorial_taskflow_api_virtualenv.py took 0.038 seconds
[2026-01-02T04:32:32.055+0000] {processor.py:161} INFO - Started process (PID=328) to work on /home/airflow/.local/lib/python3.8/site-packages/airflow/example_dags/tutorial_taskflow_api_virtualenv.py
[2026-01-02T04:32:32.056+0000] {processor.py:830} INFO - Processing file /home/airflow/.local/lib/python3.8/site-packages/airflow/example_dags/tutorial_taskflow_api_virtualenv.py for tasks to queue
[2026-01-02T04:32:32.057+0000] {logging_mixin.py:188} INFO - [2026-01-02T04:32:32.057+0000] {dagbag.py:538} INFO - Filling up the DagBag from /home/airflow/.local/lib/python3.8/site-packages/airflow/example_dags/tutorial_taskflow_api_virtualenv.py
[2026-01-02T04:32:32.060+0000] {processor.py:840} INFO - DAG(s) 'tutorial_taskflow_api_virtualenv' retrieved from /home/airflow/.local/lib/python3.8/site-packages/airflow/example_dags/tutorial_taskflow_api_virtualenv.py
[2026-01-02T04:32:32.072+0000] {logging_mixin.py:188} INFO - [2026-01-02T04:32:32.072+0000] {dag.py:3033} INFO - Sync 1 DAGs
[2026-01-02T04:32:32.078+0000] {logging_mixin.py:188} INFO - [2026-01-02T04:32:32.078+0000] {dag.py:3820} INFO - Setting next_dagrun for tutorial_taskflow_api_virtualenv to None, run_after=None
[2026-01-02T04:32:32.090+0000] {processor.py:183} INFO - Processing /home/airflow/.local/lib/python3.8/site-packages/airflow/example_dags/tutorial_taskflow_api_virtualenv.py took 0.035 seconds
[2026-01-02T04:33:02.320+0000] {processor.py:161} INFO - Started process (PID=383) to work on /home/airflow/.local/lib/python3.8/site-packages/airflow/example_dags/tutorial_taskflow_api_virtualenv.py
[2026-01-02T04:33:02.321+0000] {processor.py:830} INFO - Processing file /home/airflow/.local/lib/python3.8/site-packages/airflow/example_dags/tutorial_taskflow_api_virtualenv.py for tasks to queue
[2026-01-02T04:33:02.322+0000] {logging_mixin.py:188} INFO - [2026-01-02T04:33:02.322+0000] {dagbag.py:538} INFO - Filling up the DagBag from /home/airflow/.local/lib/python3.8/site-packages/airflow/example_dags/tutorial_taskflow_api_virtualenv.py
[2026-01-02T04:33:02.325+0000] {processor.py:840} INFO - DAG(s) 'tutorial_taskflow_api_virtualenv' retrieved from /home/airflow/.local/lib/python3.8/site-packages/airflow/example_dags/tutorial_taskflow_api_virtualenv.py
[2026-01-02T04:33:02.334+0000] {logging_mixin.py:188} INFO - [2026-01-02T04:33:02.334+0000] {dag.py:3033} INFO - Sync 1 DAGs
[2026-01-02T04:33:02.340+0000] {logging_mixin.py:188} INFO - [2026-01-02T04:33:02.340+0000] {dag.py:3820} INFO - Setting next_dagrun for tutorial_taskflow_api_virtualenv to None, run_after=None
[2026-01-02T04:33:02.349+0000] {processor.py:183} INFO - Processing /home/airflow/.local/lib/python3.8/site-packages/airflow/example_dags/tutorial_taskflow_api_virtualenv.py took 0.030 seconds
[2026-01-02T04:33:32.633+0000] {processor.py:161} INFO - Started process (PID=438) to work on /home/airflow/.local/lib/python3.8/site-packages/airflow/example_dags/tutorial_taskflow_api_virtualenv.py
[2026-01-02T04:33:32.634+0000] {processor.py:830} INFO - Processing file /home/airflow/.local/lib/python3.8/site-packages/airflow/example_dags/tutorial_taskflow_api_virtualenv.py for tasks to queue
[2026-01-02T04:33:32.635+0000] {logging_mixin.py:188} INFO - [2026-01-02T04:33:32.634+0000] {dagbag.py:538} INFO - Filling up the DagBag from /home/airflow/.local/lib/python3.8/site-packages/airflow/example_dags/tutorial_taskflow_api_virtualenv.py
[2026-01-02T04:33:32.638+0000] {processor.py:840} INFO - DAG(s) 'tutorial_taskflow_api_virtualenv' retrieved from /home/airflow/.local/lib/python3.8/site-packages/airflow/example_dags/tutorial_taskflow_api_virtualenv.py
[2026-01-02T04:33:32.650+0000] {logging_mixin.py:188} INFO - [2026-01-02T04:33:32.650+0000] {dag.py:3033} INFO - Sync 1 DAGs
[2026-01-02T04:33:32.656+0000] {logging_mixin.py:188} INFO - [2026-01-02T04:33:32.656+0000] {dag.py:3820} INFO - Setting next_dagrun for tutorial_taskflow_api_virtualenv to None, run_after=None
[2026-01-02T04:33:32.668+0000] {processor.py:183} INFO - Processing /home/airflow/.local/lib/python3.8/site-packages/airflow/example_dags/tutorial_taskflow_api_virtualenv.py took 0.037 seconds
[2026-01-02T04:34:02.938+0000] {processor.py:161} INFO - Started process (PID=493) to work on /home/airflow/.local/lib/python3.8/site-packages/airflow/example_dags/tutorial_taskflow_api_virtualenv.py
[2026-01-02T04:34:02.938+0000] {processor.py:830} INFO - Processing file /home/airflow/.local/lib/python3.8/site-packages/airflow/example_dags/tutorial_taskflow_api_virtualenv.py for tasks to queue
[2026-01-02T04:34:02.940+0000] {logging_mixin.py:188} INFO - [2026-01-02T04:34:02.940+0000] {dagbag.py:538} INFO - Filling up the DagBag from /home/airflow/.local/lib/python3.8/site-packages/airflow/example_dags/tutorial_taskflow_api_virtualenv.py
[2026-01-02T04:34:02.944+0000] {processor.py:840} INFO - DAG(s) 'tutorial_taskflow_api_virtualenv' retrieved from /home/airflow/.local/lib/python3.8/site-packages/airflow/example_dags/tutorial_taskflow_api_virtualenv.py
[2026-01-02T04:34:02.954+0000] {logging_mixin.py:188} INFO - [2026-01-02T04:34:02.954+0000] {dag.py:3033} INFO - Sync 1 DAGs
[2026-01-02T04:34:02.961+0000] {logging_mixin.py:188} INFO - [2026-01-02T04:34:02.961+0000] {dag.py:3820} INFO - Setting next_dagrun for tutorial_taskflow_api_virtualenv to None, run_after=None
[2026-01-02T04:34:02.970+0000] {processor.py:183} INFO - Processing /home/airflow/.local/lib/python3.8/site-packages/airflow/example_dags/tutorial_taskflow_api_virtualenv.py took 0.034 seconds
[2026-01-02T04:34:33.229+0000] {processor.py:161} INFO - Started process (PID=548) to work on /home/airflow/.local/lib/python3.8/site-packages/airflow/example_dags/tutorial_taskflow_api_virtualenv.py
[2026-01-02T04:34:33.229+0000] {processor.py:830} INFO - Processing file /home/airflow/.local/lib/python3.8/site-packages/airflow/example_dags/tutorial_taskflow_api_virtualenv.py for tasks to queue
[2026-01-02T04:34:33.230+0000] {logging_mixin.py:188} INFO - [2026-01-02T04:34:33.230+0000] {dagbag.py:538} INFO - Filling up the DagBag from /home/airflow/.local/lib/python3.8/site-packages/airflow/example_dags/tutorial_taskflow_api_virtualenv.py
[2026-01-02T04:34:33.234+0000] {processor.py:840} INFO - DAG(s) 'tutorial_taskflow_api_virtualenv' retrieved from /home/airflow/.local/lib/python3.8/site-packages/airflow/example_dags/tutorial_taskflow_api_virtualenv.py
[2026-01-02T04:34:33.243+0000] {logging_mixin.py:188} INFO - [2026-01-02T04:34:33.243+0000] {dag.py:3033} INFO - Sync 1 DAGs
[2026-01-02T04:34:33.249+0000] {logging_mixin.py:188} INFO - [2026-01-02T04:34:33.249+0000] {dag.py:3820} INFO - Setting next_dagrun for tutorial_taskflow_api_virtualenv to None, run_after=None
[2026-01-02T04:34:33.267+0000] {processor.py:183} INFO - Processing /home/airflow/.local/lib/python3.8/site-packages/airflow/example_dags/tutorial_taskflow_api_virtualenv.py took 0.040 seconds
[2026-01-02T04:35:03.556+0000] {processor.py:161} INFO - Started process (PID=603) to work on /home/airflow/.local/lib/python3.8/site-packages/airflow/example_dags/tutorial_taskflow_api_virtualenv.py
[2026-01-02T04:35:03.557+0000] {processor.py:830} INFO - Processing file /home/airflow/.local/lib/python3.8/site-packages/airflow/example_dags/tutorial_taskflow_api_virtualenv.py for tasks to queue
[2026-01-02T04:35:03.558+0000] {logging_mixin.py:188} INFO - [2026-01-02T04:35:03.558+0000] {dagbag.py:538} INFO - Filling up the DagBag from /home/airflow/.local/lib/python3.8/site-packages/airflow/example_dags/tutorial_taskflow_api_virtualenv.py
[2026-01-02T04:35:03.561+0000] {processor.py:840} INFO - DAG(s) 'tutorial_taskflow_api_virtualenv' retrieved from /home/airflow/.local/lib/python3.8/site-packages/airflow/example_dags/tutorial_taskflow_api_virtualenv.py
[2026-01-02T04:35:03.570+0000] {logging_mixin.py:188} INFO - [2026-01-02T04:35:03.570+0000] {dag.py:3033} INFO - Sync 1 DAGs
[2026-01-02T04:35:03.576+0000] {logging_mixin.py:188} INFO - [2026-01-02T04:35:03.576+0000] {dag.py:3820} INFO - Setting next_dagrun for tutorial_taskflow_api_virtualenv to None, run_after=None
[2026-01-02T04:35:03.587+0000] {processor.py:183} INFO - Processing /home/airflow/.local/lib/python3.8/site-packages/airflow/example_dags/tutorial_taskflow_api_virtualenv.py took 0.032 seconds
[2026-01-02T04:35:33.900+0000] {processor.py:161} INFO - Started process (PID=658) to work on /home/airflow/.local/lib/python3.8/site-packages/airflow/example_dags/tutorial_taskflow_api_virtualenv.py
[2026-01-02T04:35:33.900+0000] {processor.py:830} INFO - Processing file /home/airflow/.local/lib/python3.8/site-packages/airflow/example_dags/tutorial_taskflow_api_virtualenv.py for tasks to queue
[2026-01-02T04:35:33.901+0000] {logging_mixin.py:188} INFO - [2026-01-02T04:35:33.901+0000] {dagbag.py:538} INFO - Filling up the DagBag from /home/airflow/.local/lib/python3.8/site-packages/airflow/example_dags/tutorial_taskflow_api_virtualenv.py
[2026-01-02T04:35:33.904+0000] {processor.py:840} INFO - DAG(s) 'tutorial_taskflow_api_virtualenv' retrieved from /home/airflow/.local/lib/python3.8/site-packages/airflow/example_dags/tutorial_taskflow_api_virtualenv.py
[2026-01-02T04:35:33.915+0000] {logging_mixin.py:188} INFO - [2026-01-02T04:35:33.915+0000] {dag.py:3033} INFO - Sync 1 DAGs
[2026-01-02T04:35:33.921+0000] {logging_mixin.py:188} INFO - [2026-01-02T04:35:33.921+0000] {dag.py:3820} INFO - Setting next_dagrun for tutorial_taskflow_api_virtualenv to None, run_after=None
[2026-01-02T04:35:33.930+0000] {processor.py:183} INFO - Processing /home/airflow/.local/lib/python3.8/site-packages/airflow/example_dags/tutorial_taskflow_api_virtualenv.py took 0.032 seconds
[2026-01-02T04:36:04.133+0000] {processor.py:161} INFO - Started process (PID=713) to work on /home/airflow/.local/lib/python3.8/site-packages/airflow/example_dags/tutorial_taskflow_api_virtualenv.py
[2026-01-02T04:36:04.133+0000] {processor.py:830} INFO - Processing file /home/airflow/.local/lib/python3.8/site-packages/airflow/example_dags/tutorial_taskflow_api_virtualenv.py for tasks to queue
[2026-01-02T04:36:04.134+0000] {logging_mixin.py:188} INFO - [2026-01-02T04:36:04.134+0000] {dagbag.py:538} INFO - Filling up the DagBag from /home/airflow/.local/lib/python3.8/site-packages/airflow/example_dags/tutorial_taskflow_api_virtualenv.py
[2026-01-02T04:36:04.137+0000] {processor.py:840} INFO - DAG(s) 'tutorial_taskflow_api_virtualenv' retrieved from /home/airflow/.local/lib/python3.8/site-packages/airflow/example_dags/tutorial_taskflow_api_virtualenv.py
[2026-01-02T04:36:04.148+0000] {logging_mixin.py:188} INFO - [2026-01-02T04:36:04.148+0000] {dag.py:3033} INFO - Sync 1 DAGs
[2026-01-02T04:36:04.155+0000] {logging_mixin.py:188} INFO - [2026-01-02T04:36:04.155+0000] {dag.py:3820} INFO - Setting next_dagrun for tutorial_taskflow_api_virtualenv to None, run_after=None
[2026-01-02T04:36:04.167+0000] {processor.py:183} INFO - Processing /home/airflow/.local/lib/python3.8/site-packages/airflow/example_dags/tutorial_taskflow_api_virtualenv.py took 0.035 seconds
[2026-01-02T04:38:44.779+0000] {processor.py:161} INFO - Started process (PID=55) to work on /home/airflow/.local/lib/python3.8/site-packages/airflow/example_dags/tutorial_taskflow_api_virtualenv.py
[2026-01-02T04:38:44.780+0000] {processor.py:830} INFO - Processing file /home/airflow/.local/lib/python3.8/site-packages/airflow/example_dags/tutorial_taskflow_api_virtualenv.py for tasks to queue
[2026-01-02T04:38:44.781+0000] {logging_mixin.py:188} INFO - [2026-01-02T04:38:44.780+0000] {dagbag.py:538} INFO - Filling up the DagBag from /home/airflow/.local/lib/python3.8/site-packages/airflow/example_dags/tutorial_taskflow_api_virtualenv.py
[2026-01-02T04:38:44.785+0000] {processor.py:840} INFO - DAG(s) 'tutorial_taskflow_api_virtualenv' retrieved from /home/airflow/.local/lib/python3.8/site-packages/airflow/example_dags/tutorial_taskflow_api_virtualenv.py
[2026-01-02T04:38:44.796+0000] {logging_mixin.py:188} INFO - [2026-01-02T04:38:44.795+0000] {dag.py:3033} INFO - Sync 1 DAGs
[2026-01-02T04:38:44.802+0000] {logging_mixin.py:188} INFO - [2026-01-02T04:38:44.802+0000] {dag.py:3820} INFO - Setting next_dagrun for tutorial_taskflow_api_virtualenv to None, run_after=None
[2026-01-02T04:38:44.812+0000] {processor.py:183} INFO - Processing /home/airflow/.local/lib/python3.8/site-packages/airflow/example_dags/tutorial_taskflow_api_virtualenv.py took 0.034 seconds
[2026-01-02T04:39:15.221+0000] {processor.py:161} INFO - Started process (PID=110) to work on /home/airflow/.local/lib/python3.8/site-packages/airflow/example_dags/tutorial_taskflow_api_virtualenv.py
[2026-01-02T04:39:15.221+0000] {processor.py:830} INFO - Processing file /home/airflow/.local/lib/python3.8/site-packages/airflow/example_dags/tutorial_taskflow_api_virtualenv.py for tasks to queue
[2026-01-02T04:39:15.222+0000] {logging_mixin.py:188} INFO - [2026-01-02T04:39:15.222+0000] {dagbag.py:538} INFO - Filling up the DagBag from /home/airflow/.local/lib/python3.8/site-packages/airflow/example_dags/tutorial_taskflow_api_virtualenv.py
[2026-01-02T04:39:15.225+0000] {processor.py:840} INFO - DAG(s) 'tutorial_taskflow_api_virtualenv' retrieved from /home/airflow/.local/lib/python3.8/site-packages/airflow/example_dags/tutorial_taskflow_api_virtualenv.py
[2026-01-02T04:39:15.268+0000] {logging_mixin.py:188} INFO - [2026-01-02T04:39:15.267+0000] {dag.py:3033} INFO - Sync 1 DAGs
[2026-01-02T04:39:15.272+0000] {logging_mixin.py:188} INFO - [2026-01-02T04:39:15.272+0000] {dag.py:3820} INFO - Setting next_dagrun for tutorial_taskflow_api_virtualenv to None, run_after=None
[2026-01-02T04:39:15.282+0000] {processor.py:183} INFO - Processing /home/airflow/.local/lib/python3.8/site-packages/airflow/example_dags/tutorial_taskflow_api_virtualenv.py took 0.063 seconds
[2026-01-02T04:39:46.102+0000] {processor.py:161} INFO - Started process (PID=171) to work on /home/airflow/.local/lib/python3.8/site-packages/airflow/example_dags/tutorial_taskflow_api_virtualenv.py
[2026-01-02T04:39:46.102+0000] {processor.py:830} INFO - Processing file /home/airflow/.local/lib/python3.8/site-packages/airflow/example_dags/tutorial_taskflow_api_virtualenv.py for tasks to queue
[2026-01-02T04:39:46.103+0000] {logging_mixin.py:188} INFO - [2026-01-02T04:39:46.103+0000] {dagbag.py:538} INFO - Filling up the DagBag from /home/airflow/.local/lib/python3.8/site-packages/airflow/example_dags/tutorial_taskflow_api_virtualenv.py
[2026-01-02T04:39:46.106+0000] {processor.py:840} INFO - DAG(s) 'tutorial_taskflow_api_virtualenv' retrieved from /home/airflow/.local/lib/python3.8/site-packages/airflow/example_dags/tutorial_taskflow_api_virtualenv.py
[2026-01-02T04:39:46.114+0000] {logging_mixin.py:188} INFO - [2026-01-02T04:39:46.114+0000] {dag.py:3033} INFO - Sync 1 DAGs
[2026-01-02T04:39:46.119+0000] {logging_mixin.py:188} INFO - [2026-01-02T04:39:46.119+0000] {dag.py:3820} INFO - Setting next_dagrun for tutorial_taskflow_api_virtualenv to None, run_after=None
[2026-01-02T04:39:46.129+0000] {processor.py:183} INFO - Processing /home/airflow/.local/lib/python3.8/site-packages/airflow/example_dags/tutorial_taskflow_api_virtualenv.py took 0.029 seconds
[2026-01-02T04:40:16.306+0000] {processor.py:161} INFO - Started process (PID=226) to work on /home/airflow/.local/lib/python3.8/site-packages/airflow/example_dags/tutorial_taskflow_api_virtualenv.py
[2026-01-02T04:40:16.306+0000] {processor.py:830} INFO - Processing file /home/airflow/.local/lib/python3.8/site-packages/airflow/example_dags/tutorial_taskflow_api_virtualenv.py for tasks to queue
[2026-01-02T04:40:16.307+0000] {logging_mixin.py:188} INFO - [2026-01-02T04:40:16.307+0000] {dagbag.py:538} INFO - Filling up the DagBag from /home/airflow/.local/lib/python3.8/site-packages/airflow/example_dags/tutorial_taskflow_api_virtualenv.py
[2026-01-02T04:40:16.310+0000] {processor.py:840} INFO - DAG(s) 'tutorial_taskflow_api_virtualenv' retrieved from /home/airflow/.local/lib/python3.8/site-packages/airflow/example_dags/tutorial_taskflow_api_virtualenv.py
[2026-01-02T04:40:16.319+0000] {logging_mixin.py:188} INFO - [2026-01-02T04:40:16.319+0000] {dag.py:3033} INFO - Sync 1 DAGs
[2026-01-02T04:40:16.324+0000] {logging_mixin.py:188} INFO - [2026-01-02T04:40:16.324+0000] {dag.py:3820} INFO - Setting next_dagrun for tutorial_taskflow_api_virtualenv to None, run_after=None
[2026-01-02T04:40:16.332+0000] {processor.py:183} INFO - Processing /home/airflow/.local/lib/python3.8/site-packages/airflow/example_dags/tutorial_taskflow_api_virtualenv.py took 0.028 seconds
[2026-01-02T04:40:46.471+0000] {processor.py:161} INFO - Started process (PID=281) to work on /home/airflow/.local/lib/python3.8/site-packages/airflow/example_dags/tutorial_taskflow_api_virtualenv.py
[2026-01-02T04:40:46.471+0000] {processor.py:830} INFO - Processing file /home/airflow/.local/lib/python3.8/site-packages/airflow/example_dags/tutorial_taskflow_api_virtualenv.py for tasks to queue
[2026-01-02T04:40:46.472+0000] {logging_mixin.py:188} INFO - [2026-01-02T04:40:46.472+0000] {dagbag.py:538} INFO - Filling up the DagBag from /home/airflow/.local/lib/python3.8/site-packages/airflow/example_dags/tutorial_taskflow_api_virtualenv.py
[2026-01-02T04:40:46.475+0000] {processor.py:840} INFO - DAG(s) 'tutorial_taskflow_api_virtualenv' retrieved from /home/airflow/.local/lib/python3.8/site-packages/airflow/example_dags/tutorial_taskflow_api_virtualenv.py
[2026-01-02T04:40:46.485+0000] {logging_mixin.py:188} INFO - [2026-01-02T04:40:46.484+0000] {dag.py:3033} INFO - Sync 1 DAGs
[2026-01-02T04:40:46.490+0000] {logging_mixin.py:188} INFO - [2026-01-02T04:40:46.490+0000] {dag.py:3820} INFO - Setting next_dagrun for tutorial_taskflow_api_virtualenv to None, run_after=None
[2026-01-02T04:40:46.499+0000] {processor.py:183} INFO - Processing /home/airflow/.local/lib/python3.8/site-packages/airflow/example_dags/tutorial_taskflow_api_virtualenv.py took 0.030 seconds
[2026-01-02T04:41:16.665+0000] {processor.py:161} INFO - Started process (PID=336) to work on /home/airflow/.local/lib/python3.8/site-packages/airflow/example_dags/tutorial_taskflow_api_virtualenv.py
[2026-01-02T04:41:16.666+0000] {processor.py:830} INFO - Processing file /home/airflow/.local/lib/python3.8/site-packages/airflow/example_dags/tutorial_taskflow_api_virtualenv.py for tasks to queue
[2026-01-02T04:41:16.667+0000] {logging_mixin.py:188} INFO - [2026-01-02T04:41:16.667+0000] {dagbag.py:538} INFO - Filling up the DagBag from /home/airflow/.local/lib/python3.8/site-packages/airflow/example_dags/tutorial_taskflow_api_virtualenv.py
[2026-01-02T04:41:16.671+0000] {processor.py:840} INFO - DAG(s) 'tutorial_taskflow_api_virtualenv' retrieved from /home/airflow/.local/lib/python3.8/site-packages/airflow/example_dags/tutorial_taskflow_api_virtualenv.py
[2026-01-02T04:41:16.680+0000] {logging_mixin.py:188} INFO - [2026-01-02T04:41:16.680+0000] {dag.py:3033} INFO - Sync 1 DAGs
[2026-01-02T04:41:16.686+0000] {logging_mixin.py:188} INFO - [2026-01-02T04:41:16.686+0000] {dag.py:3820} INFO - Setting next_dagrun for tutorial_taskflow_api_virtualenv to None, run_after=None
[2026-01-02T04:41:16.696+0000] {processor.py:183} INFO - Processing /home/airflow/.local/lib/python3.8/site-packages/airflow/example_dags/tutorial_taskflow_api_virtualenv.py took 0.032 seconds
[2026-01-02T04:41:46.875+0000] {processor.py:161} INFO - Started process (PID=391) to work on /home/airflow/.local/lib/python3.8/site-packages/airflow/example_dags/tutorial_taskflow_api_virtualenv.py
[2026-01-02T04:41:46.876+0000] {processor.py:830} INFO - Processing file /home/airflow/.local/lib/python3.8/site-packages/airflow/example_dags/tutorial_taskflow_api_virtualenv.py for tasks to queue
[2026-01-02T04:41:46.877+0000] {logging_mixin.py:188} INFO - [2026-01-02T04:41:46.877+0000] {dagbag.py:538} INFO - Filling up the DagBag from /home/airflow/.local/lib/python3.8/site-packages/airflow/example_dags/tutorial_taskflow_api_virtualenv.py
[2026-01-02T04:41:46.880+0000] {processor.py:840} INFO - DAG(s) 'tutorial_taskflow_api_virtualenv' retrieved from /home/airflow/.local/lib/python3.8/site-packages/airflow/example_dags/tutorial_taskflow_api_virtualenv.py
[2026-01-02T04:41:46.889+0000] {logging_mixin.py:188} INFO - [2026-01-02T04:41:46.889+0000] {dag.py:3033} INFO - Sync 1 DAGs
[2026-01-02T04:41:46.895+0000] {logging_mixin.py:188} INFO - [2026-01-02T04:41:46.894+0000] {dag.py:3820} INFO - Setting next_dagrun for tutorial_taskflow_api_virtualenv to None, run_after=None
[2026-01-02T04:41:46.905+0000] {processor.py:183} INFO - Processing /home/airflow/.local/lib/python3.8/site-packages/airflow/example_dags/tutorial_taskflow_api_virtualenv.py took 0.030 seconds
[2026-01-02T04:42:17.013+0000] {processor.py:161} INFO - Started process (PID=446) to work on /home/airflow/.local/lib/python3.8/site-packages/airflow/example_dags/tutorial_taskflow_api_virtualenv.py
[2026-01-02T04:42:17.013+0000] {processor.py:830} INFO - Processing file /home/airflow/.local/lib/python3.8/site-packages/airflow/example_dags/tutorial_taskflow_api_virtualenv.py for tasks to queue
[2026-01-02T04:42:17.014+0000] {logging_mixin.py:188} INFO - [2026-01-02T04:42:17.014+0000] {dagbag.py:538} INFO - Filling up the DagBag from /home/airflow/.local/lib/python3.8/site-packages/airflow/example_dags/tutorial_taskflow_api_virtualenv.py
[2026-01-02T04:42:17.017+0000] {processor.py:840} INFO - DAG(s) 'tutorial_taskflow_api_virtualenv' retrieved from /home/airflow/.local/lib/python3.8/site-packages/airflow/example_dags/tutorial_taskflow_api_virtualenv.py
[2026-01-02T04:42:17.025+0000] {logging_mixin.py:188} INFO - [2026-01-02T04:42:17.025+0000] {dag.py:3033} INFO - Sync 1 DAGs
[2026-01-02T04:42:17.030+0000] {logging_mixin.py:188} INFO - [2026-01-02T04:42:17.030+0000] {dag.py:3820} INFO - Setting next_dagrun for tutorial_taskflow_api_virtualenv to None, run_after=None
[2026-01-02T04:42:17.040+0000] {processor.py:183} INFO - Processing /home/airflow/.local/lib/python3.8/site-packages/airflow/example_dags/tutorial_taskflow_api_virtualenv.py took 0.028 seconds
[2026-01-02T04:42:47.238+0000] {processor.py:161} INFO - Started process (PID=501) to work on /home/airflow/.local/lib/python3.8/site-packages/airflow/example_dags/tutorial_taskflow_api_virtualenv.py
[2026-01-02T04:42:47.238+0000] {processor.py:830} INFO - Processing file /home/airflow/.local/lib/python3.8/site-packages/airflow/example_dags/tutorial_taskflow_api_virtualenv.py for tasks to queue
[2026-01-02T04:42:47.239+0000] {logging_mixin.py:188} INFO - [2026-01-02T04:42:47.239+0000] {dagbag.py:538} INFO - Filling up the DagBag from /home/airflow/.local/lib/python3.8/site-packages/airflow/example_dags/tutorial_taskflow_api_virtualenv.py
[2026-01-02T04:42:47.243+0000] {processor.py:840} INFO - DAG(s) 'tutorial_taskflow_api_virtualenv' retrieved from /home/airflow/.local/lib/python3.8/site-packages/airflow/example_dags/tutorial_taskflow_api_virtualenv.py
[2026-01-02T04:42:47.251+0000] {logging_mixin.py:188} INFO - [2026-01-02T04:42:47.251+0000] {dag.py:3033} INFO - Sync 1 DAGs
[2026-01-02T04:42:47.256+0000] {logging_mixin.py:188} INFO - [2026-01-02T04:42:47.256+0000] {dag.py:3820} INFO - Setting next_dagrun for tutorial_taskflow_api_virtualenv to None, run_after=None
[2026-01-02T04:42:47.266+0000] {processor.py:183} INFO - Processing /home/airflow/.local/lib/python3.8/site-packages/airflow/example_dags/tutorial_taskflow_api_virtualenv.py took 0.029 seconds
[2026-01-02T04:43:17.413+0000] {processor.py:161} INFO - Started process (PID=556) to work on /home/airflow/.local/lib/python3.8/site-packages/airflow/example_dags/tutorial_taskflow_api_virtualenv.py
[2026-01-02T04:43:17.413+0000] {processor.py:830} INFO - Processing file /home/airflow/.local/lib/python3.8/site-packages/airflow/example_dags/tutorial_taskflow_api_virtualenv.py for tasks to queue
[2026-01-02T04:43:17.414+0000] {logging_mixin.py:188} INFO - [2026-01-02T04:43:17.414+0000] {dagbag.py:538} INFO - Filling up the DagBag from /home/airflow/.local/lib/python3.8/site-packages/airflow/example_dags/tutorial_taskflow_api_virtualenv.py
[2026-01-02T04:43:17.417+0000] {processor.py:840} INFO - DAG(s) 'tutorial_taskflow_api_virtualenv' retrieved from /home/airflow/.local/lib/python3.8/site-packages/airflow/example_dags/tutorial_taskflow_api_virtualenv.py
[2026-01-02T04:43:17.425+0000] {logging_mixin.py:188} INFO - [2026-01-02T04:43:17.425+0000] {dag.py:3033} INFO - Sync 1 DAGs
[2026-01-02T04:43:17.430+0000] {logging_mixin.py:188} INFO - [2026-01-02T04:43:17.430+0000] {dag.py:3820} INFO - Setting next_dagrun for tutorial_taskflow_api_virtualenv to None, run_after=None
[2026-01-02T04:43:17.439+0000] {processor.py:183} INFO - Processing /home/airflow/.local/lib/python3.8/site-packages/airflow/example_dags/tutorial_taskflow_api_virtualenv.py took 0.028 seconds
[2026-01-02T04:43:47.690+0000] {processor.py:161} INFO - Started process (PID=611) to work on /home/airflow/.local/lib/python3.8/site-packages/airflow/example_dags/tutorial_taskflow_api_virtualenv.py
[2026-01-02T04:43:47.690+0000] {processor.py:830} INFO - Processing file /home/airflow/.local/lib/python3.8/site-packages/airflow/example_dags/tutorial_taskflow_api_virtualenv.py for tasks to queue
[2026-01-02T04:43:47.692+0000] {logging_mixin.py:188} INFO - [2026-01-02T04:43:47.692+0000] {dagbag.py:538} INFO - Filling up the DagBag from /home/airflow/.local/lib/python3.8/site-packages/airflow/example_dags/tutorial_taskflow_api_virtualenv.py
[2026-01-02T04:43:47.695+0000] {processor.py:840} INFO - DAG(s) 'tutorial_taskflow_api_virtualenv' retrieved from /home/airflow/.local/lib/python3.8/site-packages/airflow/example_dags/tutorial_taskflow_api_virtualenv.py
[2026-01-02T04:43:47.704+0000] {logging_mixin.py:188} INFO - [2026-01-02T04:43:47.704+0000] {dag.py:3033} INFO - Sync 1 DAGs
[2026-01-02T04:43:47.710+0000] {logging_mixin.py:188} INFO - [2026-01-02T04:43:47.710+0000] {dag.py:3820} INFO - Setting next_dagrun for tutorial_taskflow_api_virtualenv to None, run_after=None
[2026-01-02T04:43:47.722+0000] {processor.py:183} INFO - Processing /home/airflow/.local/lib/python3.8/site-packages/airflow/example_dags/tutorial_taskflow_api_virtualenv.py took 0.033 seconds
[2026-01-02T04:44:17.972+0000] {processor.py:161} INFO - Started process (PID=673) to work on /home/airflow/.local/lib/python3.8/site-packages/airflow/example_dags/tutorial_taskflow_api_virtualenv.py
[2026-01-02T04:44:17.972+0000] {processor.py:830} INFO - Processing file /home/airflow/.local/lib/python3.8/site-packages/airflow/example_dags/tutorial_taskflow_api_virtualenv.py for tasks to queue
[2026-01-02T04:44:17.974+0000] {logging_mixin.py:188} INFO - [2026-01-02T04:44:17.974+0000] {dagbag.py:538} INFO - Filling up the DagBag from /home/airflow/.local/lib/python3.8/site-packages/airflow/example_dags/tutorial_taskflow_api_virtualenv.py
[2026-01-02T04:44:17.977+0000] {processor.py:840} INFO - DAG(s) 'tutorial_taskflow_api_virtualenv' retrieved from /home/airflow/.local/lib/python3.8/site-packages/airflow/example_dags/tutorial_taskflow_api_virtualenv.py
[2026-01-02T04:44:17.989+0000] {logging_mixin.py:188} INFO - [2026-01-02T04:44:17.989+0000] {dag.py:3033} INFO - Sync 1 DAGs
[2026-01-02T04:44:17.996+0000] {logging_mixin.py:188} INFO - [2026-01-02T04:44:17.996+0000] {dag.py:3820} INFO - Setting next_dagrun for tutorial_taskflow_api_virtualenv to None, run_after=None
[2026-01-02T04:44:18.011+0000] {processor.py:183} INFO - Processing /home/airflow/.local/lib/python3.8/site-packages/airflow/example_dags/tutorial_taskflow_api_virtualenv.py took 0.040 seconds
[2026-01-02T04:44:48.223+0000] {processor.py:161} INFO - Started process (PID=735) to work on /home/airflow/.local/lib/python3.8/site-packages/airflow/example_dags/tutorial_taskflow_api_virtualenv.py
[2026-01-02T04:44:48.223+0000] {processor.py:830} INFO - Processing file /home/airflow/.local/lib/python3.8/site-packages/airflow/example_dags/tutorial_taskflow_api_virtualenv.py for tasks to queue
[2026-01-02T04:44:48.224+0000] {logging_mixin.py:188} INFO - [2026-01-02T04:44:48.224+0000] {dagbag.py:538} INFO - Filling up the DagBag from /home/airflow/.local/lib/python3.8/site-packages/airflow/example_dags/tutorial_taskflow_api_virtualenv.py
[2026-01-02T04:44:48.228+0000] {processor.py:840} INFO - DAG(s) 'tutorial_taskflow_api_virtualenv' retrieved from /home/airflow/.local/lib/python3.8/site-packages/airflow/example_dags/tutorial_taskflow_api_virtualenv.py
[2026-01-02T04:44:48.238+0000] {logging_mixin.py:188} INFO - [2026-01-02T04:44:48.238+0000] {dag.py:3033} INFO - Sync 1 DAGs
[2026-01-02T04:44:48.244+0000] {logging_mixin.py:188} INFO - [2026-01-02T04:44:48.244+0000] {dag.py:3820} INFO - Setting next_dagrun for tutorial_taskflow_api_virtualenv to None, run_after=None
[2026-01-02T04:44:48.256+0000] {processor.py:183} INFO - Processing /home/airflow/.local/lib/python3.8/site-packages/airflow/example_dags/tutorial_taskflow_api_virtualenv.py took 0.034 seconds
[2026-01-02T04:45:18.517+0000] {processor.py:161} INFO - Started process (PID=790) to work on /home/airflow/.local/lib/python3.8/site-packages/airflow/example_dags/tutorial_taskflow_api_virtualenv.py
[2026-01-02T04:45:18.518+0000] {processor.py:830} INFO - Processing file /home/airflow/.local/lib/python3.8/site-packages/airflow/example_dags/tutorial_taskflow_api_virtualenv.py for tasks to queue
[2026-01-02T04:45:18.519+0000] {logging_mixin.py:188} INFO - [2026-01-02T04:45:18.519+0000] {dagbag.py:538} INFO - Filling up the DagBag from /home/airflow/.local/lib/python3.8/site-packages/airflow/example_dags/tutorial_taskflow_api_virtualenv.py
[2026-01-02T04:45:18.522+0000] {processor.py:840} INFO - DAG(s) 'tutorial_taskflow_api_virtualenv' retrieved from /home/airflow/.local/lib/python3.8/site-packages/airflow/example_dags/tutorial_taskflow_api_virtualenv.py
[2026-01-02T04:45:18.534+0000] {logging_mixin.py:188} INFO - [2026-01-02T04:45:18.534+0000] {dag.py:3033} INFO - Sync 1 DAGs
[2026-01-02T04:45:18.540+0000] {logging_mixin.py:188} INFO - [2026-01-02T04:45:18.540+0000] {dag.py:3820} INFO - Setting next_dagrun for tutorial_taskflow_api_virtualenv to None, run_after=None
[2026-01-02T04:45:18.552+0000] {processor.py:183} INFO - Processing /home/airflow/.local/lib/python3.8/site-packages/airflow/example_dags/tutorial_taskflow_api_virtualenv.py took 0.036 seconds
[2026-01-02T04:45:48.876+0000] {processor.py:161} INFO - Started process (PID=845) to work on /home/airflow/.local/lib/python3.8/site-packages/airflow/example_dags/tutorial_taskflow_api_virtualenv.py
[2026-01-02T04:45:48.876+0000] {processor.py:830} INFO - Processing file /home/airflow/.local/lib/python3.8/site-packages/airflow/example_dags/tutorial_taskflow_api_virtualenv.py for tasks to queue
[2026-01-02T04:45:48.877+0000] {logging_mixin.py:188} INFO - [2026-01-02T04:45:48.877+0000] {dagbag.py:538} INFO - Filling up the DagBag from /home/airflow/.local/lib/python3.8/site-packages/airflow/example_dags/tutorial_taskflow_api_virtualenv.py
[2026-01-02T04:45:48.879+0000] {processor.py:840} INFO - DAG(s) 'tutorial_taskflow_api_virtualenv' retrieved from /home/airflow/.local/lib/python3.8/site-packages/airflow/example_dags/tutorial_taskflow_api_virtualenv.py
[2026-01-02T04:45:48.890+0000] {logging_mixin.py:188} INFO - [2026-01-02T04:45:48.890+0000] {dag.py:3033} INFO - Sync 1 DAGs
[2026-01-02T04:45:48.897+0000] {logging_mixin.py:188} INFO - [2026-01-02T04:45:48.897+0000] {dag.py:3820} INFO - Setting next_dagrun for tutorial_taskflow_api_virtualenv to None, run_after=None
[2026-01-02T04:45:48.908+0000] {processor.py:183} INFO - Processing /home/airflow/.local/lib/python3.8/site-packages/airflow/example_dags/tutorial_taskflow_api_virtualenv.py took 0.034 seconds
[2026-01-02T04:46:19.113+0000] {processor.py:161} INFO - Started process (PID=900) to work on /home/airflow/.local/lib/python3.8/site-packages/airflow/example_dags/tutorial_taskflow_api_virtualenv.py
[2026-01-02T04:46:19.113+0000] {processor.py:830} INFO - Processing file /home/airflow/.local/lib/python3.8/site-packages/airflow/example_dags/tutorial_taskflow_api_virtualenv.py for tasks to queue
[2026-01-02T04:46:19.114+0000] {logging_mixin.py:188} INFO - [2026-01-02T04:46:19.114+0000] {dagbag.py:538} INFO - Filling up the DagBag from /home/airflow/.local/lib/python3.8/site-packages/airflow/example_dags/tutorial_taskflow_api_virtualenv.py
[2026-01-02T04:46:19.117+0000] {processor.py:840} INFO - DAG(s) 'tutorial_taskflow_api_virtualenv' retrieved from /home/airflow/.local/lib/python3.8/site-packages/airflow/example_dags/tutorial_taskflow_api_virtualenv.py
[2026-01-02T04:46:19.129+0000] {logging_mixin.py:188} INFO - [2026-01-02T04:46:19.129+0000] {dag.py:3033} INFO - Sync 1 DAGs
[2026-01-02T04:46:19.134+0000] {logging_mixin.py:188} INFO - [2026-01-02T04:46:19.134+0000] {dag.py:3820} INFO - Setting next_dagrun for tutorial_taskflow_api_virtualenv to None, run_after=None
[2026-01-02T04:46:19.146+0000] {processor.py:183} INFO - Processing /home/airflow/.local/lib/python3.8/site-packages/airflow/example_dags/tutorial_taskflow_api_virtualenv.py took 0.034 seconds
[2026-01-02T04:46:49.466+0000] {processor.py:161} INFO - Started process (PID=955) to work on /home/airflow/.local/lib/python3.8/site-packages/airflow/example_dags/tutorial_taskflow_api_virtualenv.py
[2026-01-02T04:46:49.466+0000] {processor.py:830} INFO - Processing file /home/airflow/.local/lib/python3.8/site-packages/airflow/example_dags/tutorial_taskflow_api_virtualenv.py for tasks to queue
[2026-01-02T04:46:49.467+0000] {logging_mixin.py:188} INFO - [2026-01-02T04:46:49.467+0000] {dagbag.py:538} INFO - Filling up the DagBag from /home/airflow/.local/lib/python3.8/site-packages/airflow/example_dags/tutorial_taskflow_api_virtualenv.py
[2026-01-02T04:46:49.470+0000] {processor.py:840} INFO - DAG(s) 'tutorial_taskflow_api_virtualenv' retrieved from /home/airflow/.local/lib/python3.8/site-packages/airflow/example_dags/tutorial_taskflow_api_virtualenv.py
[2026-01-02T04:46:49.480+0000] {logging_mixin.py:188} INFO - [2026-01-02T04:46:49.480+0000] {dag.py:3033} INFO - Sync 1 DAGs
[2026-01-02T04:46:49.486+0000] {logging_mixin.py:188} INFO - [2026-01-02T04:46:49.486+0000] {dag.py:3820} INFO - Setting next_dagrun for tutorial_taskflow_api_virtualenv to None, run_after=None
[2026-01-02T04:46:49.497+0000] {processor.py:183} INFO - Processing /home/airflow/.local/lib/python3.8/site-packages/airflow/example_dags/tutorial_taskflow_api_virtualenv.py took 0.033 seconds
[2026-01-02T04:47:19.724+0000] {processor.py:161} INFO - Started process (PID=1010) to work on /home/airflow/.local/lib/python3.8/site-packages/airflow/example_dags/tutorial_taskflow_api_virtualenv.py
[2026-01-02T04:47:19.725+0000] {processor.py:830} INFO - Processing file /home/airflow/.local/lib/python3.8/site-packages/airflow/example_dags/tutorial_taskflow_api_virtualenv.py for tasks to queue
[2026-01-02T04:47:19.727+0000] {logging_mixin.py:188} INFO - [2026-01-02T04:47:19.726+0000] {dagbag.py:538} INFO - Filling up the DagBag from /home/airflow/.local/lib/python3.8/site-packages/airflow/example_dags/tutorial_taskflow_api_virtualenv.py
[2026-01-02T04:47:19.729+0000] {processor.py:840} INFO - DAG(s) 'tutorial_taskflow_api_virtualenv' retrieved from /home/airflow/.local/lib/python3.8/site-packages/airflow/example_dags/tutorial_taskflow_api_virtualenv.py
[2026-01-02T04:47:19.741+0000] {logging_mixin.py:188} INFO - [2026-01-02T04:47:19.741+0000] {dag.py:3033} INFO - Sync 1 DAGs
[2026-01-02T04:47:19.747+0000] {logging_mixin.py:188} INFO - [2026-01-02T04:47:19.747+0000] {dag.py:3820} INFO - Setting next_dagrun for tutorial_taskflow_api_virtualenv to None, run_after=None
[2026-01-02T04:47:19.759+0000] {processor.py:183} INFO - Processing /home/airflow/.local/lib/python3.8/site-packages/airflow/example_dags/tutorial_taskflow_api_virtualenv.py took 0.036 seconds
