[2026-01-02T04:28:03.243+0000] {processor.py:161} INFO - Started process (PID=45) to work on /home/airflow/.local/lib/python3.8/site-packages/airflow/example_dags/tutorial_taskflow_api.py
[2026-01-02T04:28:03.244+0000] {processor.py:830} INFO - Processing file /home/airflow/.local/lib/python3.8/site-packages/airflow/example_dags/tutorial_taskflow_api.py for tasks to queue
[2026-01-02T04:28:03.245+0000] {logging_mixin.py:188} INFO - [2026-01-02T04:28:03.245+0000] {dagbag.py:538} INFO - Filling up the DagBag from /home/airflow/.local/lib/python3.8/site-packages/airflow/example_dags/tutorial_taskflow_api.py
[2026-01-02T04:28:03.263+0000] {processor.py:840} INFO - DAG(s) 'tutorial_taskflow_api' retrieved from /home/airflow/.local/lib/python3.8/site-packages/airflow/example_dags/tutorial_taskflow_api.py
[2026-01-02T04:28:03.440+0000] {logging_mixin.py:188} INFO - [2026-01-02T04:28:03.440+0000] {override.py:1769} INFO - Created Permission View: can edit on DAG:tutorial_taskflow_api
[2026-01-02T04:28:03.448+0000] {logging_mixin.py:188} INFO - [2026-01-02T04:28:03.447+0000] {override.py:1769} INFO - Created Permission View: can delete on DAG:tutorial_taskflow_api
[2026-01-02T04:28:03.453+0000] {logging_mixin.py:188} INFO - [2026-01-02T04:28:03.452+0000] {override.py:1769} INFO - Created Permission View: can read on DAG:tutorial_taskflow_api
[2026-01-02T04:28:03.453+0000] {logging_mixin.py:188} INFO - [2026-01-02T04:28:03.453+0000] {dag.py:3033} INFO - Sync 1 DAGs
[2026-01-02T04:28:03.458+0000] {logging_mixin.py:188} INFO - [2026-01-02T04:28:03.458+0000] {dag.py:3055} INFO - Creating ORM DAG for tutorial_taskflow_api
[2026-01-02T04:28:03.458+0000] {logging_mixin.py:188} INFO - [2026-01-02T04:28:03.458+0000] {dag.py:3820} INFO - Setting next_dagrun for tutorial_taskflow_api to None, run_after=None
[2026-01-02T04:28:03.469+0000] {processor.py:183} INFO - Processing /home/airflow/.local/lib/python3.8/site-packages/airflow/example_dags/tutorial_taskflow_api.py took 0.227 seconds
[2026-01-02T04:28:33.775+0000] {processor.py:161} INFO - Started process (PID=100) to work on /home/airflow/.local/lib/python3.8/site-packages/airflow/example_dags/tutorial_taskflow_api.py
[2026-01-02T04:28:33.776+0000] {processor.py:830} INFO - Processing file /home/airflow/.local/lib/python3.8/site-packages/airflow/example_dags/tutorial_taskflow_api.py for tasks to queue
[2026-01-02T04:28:33.776+0000] {logging_mixin.py:188} INFO - [2026-01-02T04:28:33.776+0000] {dagbag.py:538} INFO - Filling up the DagBag from /home/airflow/.local/lib/python3.8/site-packages/airflow/example_dags/tutorial_taskflow_api.py
[2026-01-02T04:28:33.779+0000] {processor.py:840} INFO - DAG(s) 'tutorial_taskflow_api' retrieved from /home/airflow/.local/lib/python3.8/site-packages/airflow/example_dags/tutorial_taskflow_api.py
[2026-01-02T04:28:33.790+0000] {logging_mixin.py:188} INFO - [2026-01-02T04:28:33.790+0000] {dag.py:3033} INFO - Sync 1 DAGs
[2026-01-02T04:28:33.796+0000] {logging_mixin.py:188} INFO - [2026-01-02T04:28:33.796+0000] {dag.py:3820} INFO - Setting next_dagrun for tutorial_taskflow_api to None, run_after=None
[2026-01-02T04:28:33.809+0000] {processor.py:183} INFO - Processing /home/airflow/.local/lib/python3.8/site-packages/airflow/example_dags/tutorial_taskflow_api.py took 0.035 seconds
[2026-01-02T04:29:59.522+0000] {processor.py:161} INFO - Started process (PID=37) to work on /home/airflow/.local/lib/python3.8/site-packages/airflow/example_dags/tutorial_taskflow_api.py
[2026-01-02T04:29:59.524+0000] {processor.py:830} INFO - Processing file /home/airflow/.local/lib/python3.8/site-packages/airflow/example_dags/tutorial_taskflow_api.py for tasks to queue
[2026-01-02T04:29:59.526+0000] {logging_mixin.py:188} INFO - [2026-01-02T04:29:59.526+0000] {dagbag.py:538} INFO - Filling up the DagBag from /home/airflow/.local/lib/python3.8/site-packages/airflow/example_dags/tutorial_taskflow_api.py
[2026-01-02T04:29:59.535+0000] {processor.py:840} INFO - DAG(s) 'tutorial_taskflow_api' retrieved from /home/airflow/.local/lib/python3.8/site-packages/airflow/example_dags/tutorial_taskflow_api.py
[2026-01-02T04:29:59.547+0000] {logging_mixin.py:188} INFO - [2026-01-02T04:29:59.547+0000] {dag.py:3033} INFO - Sync 1 DAGs
[2026-01-02T04:29:59.552+0000] {logging_mixin.py:188} INFO - [2026-01-02T04:29:59.552+0000] {dag.py:3820} INFO - Setting next_dagrun for tutorial_taskflow_api to None, run_after=None
[2026-01-02T04:29:59.564+0000] {processor.py:183} INFO - Processing /home/airflow/.local/lib/python3.8/site-packages/airflow/example_dags/tutorial_taskflow_api.py took 0.044 seconds
[2026-01-02T04:30:30.049+0000] {processor.py:161} INFO - Started process (PID=98) to work on /home/airflow/.local/lib/python3.8/site-packages/airflow/example_dags/tutorial_taskflow_api.py
[2026-01-02T04:30:30.050+0000] {processor.py:830} INFO - Processing file /home/airflow/.local/lib/python3.8/site-packages/airflow/example_dags/tutorial_taskflow_api.py for tasks to queue
[2026-01-02T04:30:30.051+0000] {logging_mixin.py:188} INFO - [2026-01-02T04:30:30.051+0000] {dagbag.py:538} INFO - Filling up the DagBag from /home/airflow/.local/lib/python3.8/site-packages/airflow/example_dags/tutorial_taskflow_api.py
[2026-01-02T04:30:30.058+0000] {processor.py:840} INFO - DAG(s) 'tutorial_taskflow_api' retrieved from /home/airflow/.local/lib/python3.8/site-packages/airflow/example_dags/tutorial_taskflow_api.py
[2026-01-02T04:30:30.117+0000] {logging_mixin.py:188} INFO - [2026-01-02T04:30:30.117+0000] {dag.py:3033} INFO - Sync 1 DAGs
[2026-01-02T04:30:30.125+0000] {logging_mixin.py:188} INFO - [2026-01-02T04:30:30.125+0000] {dag.py:3820} INFO - Setting next_dagrun for tutorial_taskflow_api to None, run_after=None
[2026-01-02T04:30:30.138+0000] {processor.py:183} INFO - Processing /home/airflow/.local/lib/python3.8/site-packages/airflow/example_dags/tutorial_taskflow_api.py took 0.092 seconds
[2026-01-02T04:31:00.444+0000] {processor.py:161} INFO - Started process (PID=153) to work on /home/airflow/.local/lib/python3.8/site-packages/airflow/example_dags/tutorial_taskflow_api.py
[2026-01-02T04:31:00.444+0000] {processor.py:830} INFO - Processing file /home/airflow/.local/lib/python3.8/site-packages/airflow/example_dags/tutorial_taskflow_api.py for tasks to queue
[2026-01-02T04:31:00.446+0000] {logging_mixin.py:188} INFO - [2026-01-02T04:31:00.446+0000] {dagbag.py:538} INFO - Filling up the DagBag from /home/airflow/.local/lib/python3.8/site-packages/airflow/example_dags/tutorial_taskflow_api.py
[2026-01-02T04:31:00.449+0000] {processor.py:840} INFO - DAG(s) 'tutorial_taskflow_api' retrieved from /home/airflow/.local/lib/python3.8/site-packages/airflow/example_dags/tutorial_taskflow_api.py
[2026-01-02T04:31:00.464+0000] {logging_mixin.py:188} INFO - [2026-01-02T04:31:00.464+0000] {dag.py:3033} INFO - Sync 1 DAGs
[2026-01-02T04:31:00.471+0000] {logging_mixin.py:188} INFO - [2026-01-02T04:31:00.470+0000] {dag.py:3820} INFO - Setting next_dagrun for tutorial_taskflow_api to None, run_after=None
[2026-01-02T04:31:00.482+0000] {processor.py:183} INFO - Processing /home/airflow/.local/lib/python3.8/site-packages/airflow/example_dags/tutorial_taskflow_api.py took 0.040 seconds
[2026-01-02T04:31:31.035+0000] {processor.py:161} INFO - Started process (PID=208) to work on /home/airflow/.local/lib/python3.8/site-packages/airflow/example_dags/tutorial_taskflow_api.py
[2026-01-02T04:31:31.036+0000] {processor.py:830} INFO - Processing file /home/airflow/.local/lib/python3.8/site-packages/airflow/example_dags/tutorial_taskflow_api.py for tasks to queue
[2026-01-02T04:31:31.037+0000] {logging_mixin.py:188} INFO - [2026-01-02T04:31:31.037+0000] {dagbag.py:538} INFO - Filling up the DagBag from /home/airflow/.local/lib/python3.8/site-packages/airflow/example_dags/tutorial_taskflow_api.py
[2026-01-02T04:31:31.040+0000] {processor.py:840} INFO - DAG(s) 'tutorial_taskflow_api' retrieved from /home/airflow/.local/lib/python3.8/site-packages/airflow/example_dags/tutorial_taskflow_api.py
[2026-01-02T04:31:31.053+0000] {logging_mixin.py:188} INFO - [2026-01-02T04:31:31.053+0000] {dag.py:3033} INFO - Sync 1 DAGs
[2026-01-02T04:31:31.060+0000] {logging_mixin.py:188} INFO - [2026-01-02T04:31:31.060+0000] {dag.py:3820} INFO - Setting next_dagrun for tutorial_taskflow_api to None, run_after=None
[2026-01-02T04:31:31.072+0000] {processor.py:183} INFO - Processing /home/airflow/.local/lib/python3.8/site-packages/airflow/example_dags/tutorial_taskflow_api.py took 0.038 seconds
[2026-01-02T04:32:01.405+0000] {processor.py:161} INFO - Started process (PID=263) to work on /home/airflow/.local/lib/python3.8/site-packages/airflow/example_dags/tutorial_taskflow_api.py
[2026-01-02T04:32:01.405+0000] {processor.py:830} INFO - Processing file /home/airflow/.local/lib/python3.8/site-packages/airflow/example_dags/tutorial_taskflow_api.py for tasks to queue
[2026-01-02T04:32:01.406+0000] {logging_mixin.py:188} INFO - [2026-01-02T04:32:01.406+0000] {dagbag.py:538} INFO - Filling up the DagBag from /home/airflow/.local/lib/python3.8/site-packages/airflow/example_dags/tutorial_taskflow_api.py
[2026-01-02T04:32:01.410+0000] {processor.py:840} INFO - DAG(s) 'tutorial_taskflow_api' retrieved from /home/airflow/.local/lib/python3.8/site-packages/airflow/example_dags/tutorial_taskflow_api.py
[2026-01-02T04:32:01.423+0000] {logging_mixin.py:188} INFO - [2026-01-02T04:32:01.423+0000] {dag.py:3033} INFO - Sync 1 DAGs
[2026-01-02T04:32:01.430+0000] {logging_mixin.py:188} INFO - [2026-01-02T04:32:01.430+0000] {dag.py:3820} INFO - Setting next_dagrun for tutorial_taskflow_api to None, run_after=None
[2026-01-02T04:32:01.442+0000] {processor.py:183} INFO - Processing /home/airflow/.local/lib/python3.8/site-packages/airflow/example_dags/tutorial_taskflow_api.py took 0.039 seconds
[2026-01-02T04:32:31.786+0000] {processor.py:161} INFO - Started process (PID=318) to work on /home/airflow/.local/lib/python3.8/site-packages/airflow/example_dags/tutorial_taskflow_api.py
[2026-01-02T04:32:31.786+0000] {processor.py:830} INFO - Processing file /home/airflow/.local/lib/python3.8/site-packages/airflow/example_dags/tutorial_taskflow_api.py for tasks to queue
[2026-01-02T04:32:31.787+0000] {logging_mixin.py:188} INFO - [2026-01-02T04:32:31.787+0000] {dagbag.py:538} INFO - Filling up the DagBag from /home/airflow/.local/lib/python3.8/site-packages/airflow/example_dags/tutorial_taskflow_api.py
[2026-01-02T04:32:31.790+0000] {processor.py:840} INFO - DAG(s) 'tutorial_taskflow_api' retrieved from /home/airflow/.local/lib/python3.8/site-packages/airflow/example_dags/tutorial_taskflow_api.py
[2026-01-02T04:32:31.801+0000] {logging_mixin.py:188} INFO - [2026-01-02T04:32:31.801+0000] {dag.py:3033} INFO - Sync 1 DAGs
[2026-01-02T04:32:31.806+0000] {logging_mixin.py:188} INFO - [2026-01-02T04:32:31.806+0000] {dag.py:3820} INFO - Setting next_dagrun for tutorial_taskflow_api to None, run_after=None
[2026-01-02T04:32:31.822+0000] {processor.py:183} INFO - Processing /home/airflow/.local/lib/python3.8/site-packages/airflow/example_dags/tutorial_taskflow_api.py took 0.038 seconds
[2026-01-02T04:33:02.097+0000] {processor.py:161} INFO - Started process (PID=373) to work on /home/airflow/.local/lib/python3.8/site-packages/airflow/example_dags/tutorial_taskflow_api.py
[2026-01-02T04:33:02.097+0000] {processor.py:830} INFO - Processing file /home/airflow/.local/lib/python3.8/site-packages/airflow/example_dags/tutorial_taskflow_api.py for tasks to queue
[2026-01-02T04:33:02.099+0000] {logging_mixin.py:188} INFO - [2026-01-02T04:33:02.098+0000] {dagbag.py:538} INFO - Filling up the DagBag from /home/airflow/.local/lib/python3.8/site-packages/airflow/example_dags/tutorial_taskflow_api.py
[2026-01-02T04:33:02.103+0000] {processor.py:840} INFO - DAG(s) 'tutorial_taskflow_api' retrieved from /home/airflow/.local/lib/python3.8/site-packages/airflow/example_dags/tutorial_taskflow_api.py
[2026-01-02T04:33:02.113+0000] {logging_mixin.py:188} INFO - [2026-01-02T04:33:02.113+0000] {dag.py:3033} INFO - Sync 1 DAGs
[2026-01-02T04:33:02.120+0000] {logging_mixin.py:188} INFO - [2026-01-02T04:33:02.120+0000] {dag.py:3820} INFO - Setting next_dagrun for tutorial_taskflow_api to None, run_after=None
[2026-01-02T04:33:02.134+0000] {processor.py:183} INFO - Processing /home/airflow/.local/lib/python3.8/site-packages/airflow/example_dags/tutorial_taskflow_api.py took 0.039 seconds
[2026-01-02T04:33:32.408+0000] {processor.py:161} INFO - Started process (PID=428) to work on /home/airflow/.local/lib/python3.8/site-packages/airflow/example_dags/tutorial_taskflow_api.py
[2026-01-02T04:33:32.408+0000] {processor.py:830} INFO - Processing file /home/airflow/.local/lib/python3.8/site-packages/airflow/example_dags/tutorial_taskflow_api.py for tasks to queue
[2026-01-02T04:33:32.409+0000] {logging_mixin.py:188} INFO - [2026-01-02T04:33:32.409+0000] {dagbag.py:538} INFO - Filling up the DagBag from /home/airflow/.local/lib/python3.8/site-packages/airflow/example_dags/tutorial_taskflow_api.py
[2026-01-02T04:33:32.413+0000] {processor.py:840} INFO - DAG(s) 'tutorial_taskflow_api' retrieved from /home/airflow/.local/lib/python3.8/site-packages/airflow/example_dags/tutorial_taskflow_api.py
[2026-01-02T04:33:32.423+0000] {logging_mixin.py:188} INFO - [2026-01-02T04:33:32.423+0000] {dag.py:3033} INFO - Sync 1 DAGs
[2026-01-02T04:33:32.428+0000] {logging_mixin.py:188} INFO - [2026-01-02T04:33:32.428+0000] {dag.py:3820} INFO - Setting next_dagrun for tutorial_taskflow_api to None, run_after=None
[2026-01-02T04:33:32.440+0000] {processor.py:183} INFO - Processing /home/airflow/.local/lib/python3.8/site-packages/airflow/example_dags/tutorial_taskflow_api.py took 0.034 seconds
[2026-01-02T04:34:02.661+0000] {processor.py:161} INFO - Started process (PID=483) to work on /home/airflow/.local/lib/python3.8/site-packages/airflow/example_dags/tutorial_taskflow_api.py
[2026-01-02T04:34:02.662+0000] {processor.py:830} INFO - Processing file /home/airflow/.local/lib/python3.8/site-packages/airflow/example_dags/tutorial_taskflow_api.py for tasks to queue
[2026-01-02T04:34:02.663+0000] {logging_mixin.py:188} INFO - [2026-01-02T04:34:02.663+0000] {dagbag.py:538} INFO - Filling up the DagBag from /home/airflow/.local/lib/python3.8/site-packages/airflow/example_dags/tutorial_taskflow_api.py
[2026-01-02T04:34:02.668+0000] {processor.py:840} INFO - DAG(s) 'tutorial_taskflow_api' retrieved from /home/airflow/.local/lib/python3.8/site-packages/airflow/example_dags/tutorial_taskflow_api.py
[2026-01-02T04:34:02.679+0000] {logging_mixin.py:188} INFO - [2026-01-02T04:34:02.679+0000] {dag.py:3033} INFO - Sync 1 DAGs
[2026-01-02T04:34:02.685+0000] {logging_mixin.py:188} INFO - [2026-01-02T04:34:02.685+0000] {dag.py:3820} INFO - Setting next_dagrun for tutorial_taskflow_api to None, run_after=None
[2026-01-02T04:34:02.701+0000] {processor.py:183} INFO - Processing /home/airflow/.local/lib/python3.8/site-packages/airflow/example_dags/tutorial_taskflow_api.py took 0.041 seconds
[2026-01-02T04:34:32.940+0000] {processor.py:161} INFO - Started process (PID=538) to work on /home/airflow/.local/lib/python3.8/site-packages/airflow/example_dags/tutorial_taskflow_api.py
[2026-01-02T04:34:32.940+0000] {processor.py:830} INFO - Processing file /home/airflow/.local/lib/python3.8/site-packages/airflow/example_dags/tutorial_taskflow_api.py for tasks to queue
[2026-01-02T04:34:32.941+0000] {logging_mixin.py:188} INFO - [2026-01-02T04:34:32.941+0000] {dagbag.py:538} INFO - Filling up the DagBag from /home/airflow/.local/lib/python3.8/site-packages/airflow/example_dags/tutorial_taskflow_api.py
[2026-01-02T04:34:32.944+0000] {processor.py:840} INFO - DAG(s) 'tutorial_taskflow_api' retrieved from /home/airflow/.local/lib/python3.8/site-packages/airflow/example_dags/tutorial_taskflow_api.py
[2026-01-02T04:34:32.954+0000] {logging_mixin.py:188} INFO - [2026-01-02T04:34:32.954+0000] {dag.py:3033} INFO - Sync 1 DAGs
[2026-01-02T04:34:32.960+0000] {logging_mixin.py:188} INFO - [2026-01-02T04:34:32.960+0000] {dag.py:3820} INFO - Setting next_dagrun for tutorial_taskflow_api to None, run_after=None
[2026-01-02T04:34:32.978+0000] {processor.py:183} INFO - Processing /home/airflow/.local/lib/python3.8/site-packages/airflow/example_dags/tutorial_taskflow_api.py took 0.039 seconds
[2026-01-02T04:35:03.339+0000] {processor.py:161} INFO - Started process (PID=593) to work on /home/airflow/.local/lib/python3.8/site-packages/airflow/example_dags/tutorial_taskflow_api.py
[2026-01-02T04:35:03.340+0000] {processor.py:830} INFO - Processing file /home/airflow/.local/lib/python3.8/site-packages/airflow/example_dags/tutorial_taskflow_api.py for tasks to queue
[2026-01-02T04:35:03.342+0000] {logging_mixin.py:188} INFO - [2026-01-02T04:35:03.342+0000] {dagbag.py:538} INFO - Filling up the DagBag from /home/airflow/.local/lib/python3.8/site-packages/airflow/example_dags/tutorial_taskflow_api.py
[2026-01-02T04:35:03.346+0000] {processor.py:840} INFO - DAG(s) 'tutorial_taskflow_api' retrieved from /home/airflow/.local/lib/python3.8/site-packages/airflow/example_dags/tutorial_taskflow_api.py
[2026-01-02T04:35:03.356+0000] {logging_mixin.py:188} INFO - [2026-01-02T04:35:03.356+0000] {dag.py:3033} INFO - Sync 1 DAGs
[2026-01-02T04:35:03.361+0000] {logging_mixin.py:188} INFO - [2026-01-02T04:35:03.361+0000] {dag.py:3820} INFO - Setting next_dagrun for tutorial_taskflow_api to None, run_after=None
[2026-01-02T04:35:03.371+0000] {processor.py:183} INFO - Processing /home/airflow/.local/lib/python3.8/site-packages/airflow/example_dags/tutorial_taskflow_api.py took 0.033 seconds
[2026-01-02T04:35:33.656+0000] {processor.py:161} INFO - Started process (PID=648) to work on /home/airflow/.local/lib/python3.8/site-packages/airflow/example_dags/tutorial_taskflow_api.py
[2026-01-02T04:35:33.656+0000] {processor.py:830} INFO - Processing file /home/airflow/.local/lib/python3.8/site-packages/airflow/example_dags/tutorial_taskflow_api.py for tasks to queue
[2026-01-02T04:35:33.657+0000] {logging_mixin.py:188} INFO - [2026-01-02T04:35:33.657+0000] {dagbag.py:538} INFO - Filling up the DagBag from /home/airflow/.local/lib/python3.8/site-packages/airflow/example_dags/tutorial_taskflow_api.py
[2026-01-02T04:35:33.660+0000] {processor.py:840} INFO - DAG(s) 'tutorial_taskflow_api' retrieved from /home/airflow/.local/lib/python3.8/site-packages/airflow/example_dags/tutorial_taskflow_api.py
[2026-01-02T04:35:33.672+0000] {logging_mixin.py:188} INFO - [2026-01-02T04:35:33.672+0000] {dag.py:3033} INFO - Sync 1 DAGs
[2026-01-02T04:35:33.678+0000] {logging_mixin.py:188} INFO - [2026-01-02T04:35:33.678+0000] {dag.py:3820} INFO - Setting next_dagrun for tutorial_taskflow_api to None, run_after=None
[2026-01-02T04:35:33.690+0000] {processor.py:183} INFO - Processing /home/airflow/.local/lib/python3.8/site-packages/airflow/example_dags/tutorial_taskflow_api.py took 0.036 seconds
[2026-01-02T04:36:03.909+0000] {processor.py:161} INFO - Started process (PID=703) to work on /home/airflow/.local/lib/python3.8/site-packages/airflow/example_dags/tutorial_taskflow_api.py
[2026-01-02T04:36:03.910+0000] {processor.py:830} INFO - Processing file /home/airflow/.local/lib/python3.8/site-packages/airflow/example_dags/tutorial_taskflow_api.py for tasks to queue
[2026-01-02T04:36:03.911+0000] {logging_mixin.py:188} INFO - [2026-01-02T04:36:03.911+0000] {dagbag.py:538} INFO - Filling up the DagBag from /home/airflow/.local/lib/python3.8/site-packages/airflow/example_dags/tutorial_taskflow_api.py
[2026-01-02T04:36:03.914+0000] {processor.py:840} INFO - DAG(s) 'tutorial_taskflow_api' retrieved from /home/airflow/.local/lib/python3.8/site-packages/airflow/example_dags/tutorial_taskflow_api.py
[2026-01-02T04:36:03.924+0000] {logging_mixin.py:188} INFO - [2026-01-02T04:36:03.924+0000] {dag.py:3033} INFO - Sync 1 DAGs
[2026-01-02T04:36:03.932+0000] {logging_mixin.py:188} INFO - [2026-01-02T04:36:03.932+0000] {dag.py:3820} INFO - Setting next_dagrun for tutorial_taskflow_api to None, run_after=None
[2026-01-02T04:36:03.942+0000] {processor.py:183} INFO - Processing /home/airflow/.local/lib/python3.8/site-packages/airflow/example_dags/tutorial_taskflow_api.py took 0.034 seconds
[2026-01-02T04:38:44.477+0000] {processor.py:161} INFO - Started process (PID=45) to work on /home/airflow/.local/lib/python3.8/site-packages/airflow/example_dags/tutorial_taskflow_api.py
[2026-01-02T04:38:44.478+0000] {processor.py:830} INFO - Processing file /home/airflow/.local/lib/python3.8/site-packages/airflow/example_dags/tutorial_taskflow_api.py for tasks to queue
[2026-01-02T04:38:44.479+0000] {logging_mixin.py:188} INFO - [2026-01-02T04:38:44.479+0000] {dagbag.py:538} INFO - Filling up the DagBag from /home/airflow/.local/lib/python3.8/site-packages/airflow/example_dags/tutorial_taskflow_api.py
[2026-01-02T04:38:44.497+0000] {processor.py:840} INFO - DAG(s) 'tutorial_taskflow_api' retrieved from /home/airflow/.local/lib/python3.8/site-packages/airflow/example_dags/tutorial_taskflow_api.py
[2026-01-02T04:38:44.510+0000] {logging_mixin.py:188} INFO - [2026-01-02T04:38:44.510+0000] {dag.py:3033} INFO - Sync 1 DAGs
[2026-01-02T04:38:44.517+0000] {logging_mixin.py:188} INFO - [2026-01-02T04:38:44.516+0000] {dag.py:3820} INFO - Setting next_dagrun for tutorial_taskflow_api to None, run_after=None
[2026-01-02T04:38:44.528+0000] {processor.py:183} INFO - Processing /home/airflow/.local/lib/python3.8/site-packages/airflow/example_dags/tutorial_taskflow_api.py took 0.053 seconds
[2026-01-02T04:39:14.699+0000] {processor.py:161} INFO - Started process (PID=100) to work on /home/airflow/.local/lib/python3.8/site-packages/airflow/example_dags/tutorial_taskflow_api.py
[2026-01-02T04:39:14.700+0000] {processor.py:830} INFO - Processing file /home/airflow/.local/lib/python3.8/site-packages/airflow/example_dags/tutorial_taskflow_api.py for tasks to queue
[2026-01-02T04:39:14.701+0000] {logging_mixin.py:188} INFO - [2026-01-02T04:39:14.701+0000] {dagbag.py:538} INFO - Filling up the DagBag from /home/airflow/.local/lib/python3.8/site-packages/airflow/example_dags/tutorial_taskflow_api.py
[2026-01-02T04:39:14.704+0000] {processor.py:840} INFO - DAG(s) 'tutorial_taskflow_api' retrieved from /home/airflow/.local/lib/python3.8/site-packages/airflow/example_dags/tutorial_taskflow_api.py
[2026-01-02T04:39:14.832+0000] {logging_mixin.py:188} INFO - [2026-01-02T04:39:14.832+0000] {dag.py:3033} INFO - Sync 1 DAGs
[2026-01-02T04:39:14.836+0000] {logging_mixin.py:188} INFO - [2026-01-02T04:39:14.836+0000] {dag.py:3820} INFO - Setting next_dagrun for tutorial_taskflow_api to None, run_after=None
[2026-01-02T04:39:14.847+0000] {processor.py:183} INFO - Processing /home/airflow/.local/lib/python3.8/site-packages/airflow/example_dags/tutorial_taskflow_api.py took 0.149 seconds
[2026-01-02T04:39:44.932+0000] {processor.py:161} INFO - Started process (PID=155) to work on /home/airflow/.local/lib/python3.8/site-packages/airflow/example_dags/tutorial_taskflow_api.py
[2026-01-02T04:39:44.933+0000] {processor.py:830} INFO - Processing file /home/airflow/.local/lib/python3.8/site-packages/airflow/example_dags/tutorial_taskflow_api.py for tasks to queue
[2026-01-02T04:39:44.934+0000] {logging_mixin.py:188} INFO - [2026-01-02T04:39:44.934+0000] {dagbag.py:538} INFO - Filling up the DagBag from /home/airflow/.local/lib/python3.8/site-packages/airflow/example_dags/tutorial_taskflow_api.py
[2026-01-02T04:39:44.937+0000] {processor.py:840} INFO - DAG(s) 'tutorial_taskflow_api' retrieved from /home/airflow/.local/lib/python3.8/site-packages/airflow/example_dags/tutorial_taskflow_api.py
[2026-01-02T04:39:44.947+0000] {logging_mixin.py:188} INFO - [2026-01-02T04:39:44.947+0000] {dag.py:3033} INFO - Sync 1 DAGs
[2026-01-02T04:39:44.952+0000] {logging_mixin.py:188} INFO - [2026-01-02T04:39:44.952+0000] {dag.py:3820} INFO - Setting next_dagrun for tutorial_taskflow_api to None, run_after=None
[2026-01-02T04:39:44.962+0000] {processor.py:183} INFO - Processing /home/airflow/.local/lib/python3.8/site-packages/airflow/example_dags/tutorial_taskflow_api.py took 0.031 seconds
[2026-01-02T04:40:15.090+0000] {processor.py:161} INFO - Started process (PID=210) to work on /home/airflow/.local/lib/python3.8/site-packages/airflow/example_dags/tutorial_taskflow_api.py
[2026-01-02T04:40:15.090+0000] {processor.py:830} INFO - Processing file /home/airflow/.local/lib/python3.8/site-packages/airflow/example_dags/tutorial_taskflow_api.py for tasks to queue
[2026-01-02T04:40:15.091+0000] {logging_mixin.py:188} INFO - [2026-01-02T04:40:15.091+0000] {dagbag.py:538} INFO - Filling up the DagBag from /home/airflow/.local/lib/python3.8/site-packages/airflow/example_dags/tutorial_taskflow_api.py
[2026-01-02T04:40:15.094+0000] {processor.py:840} INFO - DAG(s) 'tutorial_taskflow_api' retrieved from /home/airflow/.local/lib/python3.8/site-packages/airflow/example_dags/tutorial_taskflow_api.py
[2026-01-02T04:40:15.104+0000] {logging_mixin.py:188} INFO - [2026-01-02T04:40:15.104+0000] {dag.py:3033} INFO - Sync 1 DAGs
[2026-01-02T04:40:15.109+0000] {logging_mixin.py:188} INFO - [2026-01-02T04:40:15.109+0000] {dag.py:3820} INFO - Setting next_dagrun for tutorial_taskflow_api to None, run_after=None
[2026-01-02T04:40:15.118+0000] {processor.py:183} INFO - Processing /home/airflow/.local/lib/python3.8/site-packages/airflow/example_dags/tutorial_taskflow_api.py took 0.030 seconds
[2026-01-02T04:40:45.298+0000] {processor.py:161} INFO - Started process (PID=265) to work on /home/airflow/.local/lib/python3.8/site-packages/airflow/example_dags/tutorial_taskflow_api.py
[2026-01-02T04:40:45.298+0000] {processor.py:830} INFO - Processing file /home/airflow/.local/lib/python3.8/site-packages/airflow/example_dags/tutorial_taskflow_api.py for tasks to queue
[2026-01-02T04:40:45.299+0000] {logging_mixin.py:188} INFO - [2026-01-02T04:40:45.299+0000] {dagbag.py:538} INFO - Filling up the DagBag from /home/airflow/.local/lib/python3.8/site-packages/airflow/example_dags/tutorial_taskflow_api.py
[2026-01-02T04:40:45.302+0000] {processor.py:840} INFO - DAG(s) 'tutorial_taskflow_api' retrieved from /home/airflow/.local/lib/python3.8/site-packages/airflow/example_dags/tutorial_taskflow_api.py
[2026-01-02T04:40:45.312+0000] {logging_mixin.py:188} INFO - [2026-01-02T04:40:45.312+0000] {dag.py:3033} INFO - Sync 1 DAGs
[2026-01-02T04:40:45.317+0000] {logging_mixin.py:188} INFO - [2026-01-02T04:40:45.317+0000] {dag.py:3820} INFO - Setting next_dagrun for tutorial_taskflow_api to None, run_after=None
[2026-01-02T04:40:45.326+0000] {processor.py:183} INFO - Processing /home/airflow/.local/lib/python3.8/site-packages/airflow/example_dags/tutorial_taskflow_api.py took 0.030 seconds
[2026-01-02T04:41:15.440+0000] {processor.py:161} INFO - Started process (PID=320) to work on /home/airflow/.local/lib/python3.8/site-packages/airflow/example_dags/tutorial_taskflow_api.py
[2026-01-02T04:41:15.440+0000] {processor.py:830} INFO - Processing file /home/airflow/.local/lib/python3.8/site-packages/airflow/example_dags/tutorial_taskflow_api.py for tasks to queue
[2026-01-02T04:41:15.441+0000] {logging_mixin.py:188} INFO - [2026-01-02T04:41:15.441+0000] {dagbag.py:538} INFO - Filling up the DagBag from /home/airflow/.local/lib/python3.8/site-packages/airflow/example_dags/tutorial_taskflow_api.py
[2026-01-02T04:41:15.444+0000] {processor.py:840} INFO - DAG(s) 'tutorial_taskflow_api' retrieved from /home/airflow/.local/lib/python3.8/site-packages/airflow/example_dags/tutorial_taskflow_api.py
[2026-01-02T04:41:15.454+0000] {logging_mixin.py:188} INFO - [2026-01-02T04:41:15.454+0000] {dag.py:3033} INFO - Sync 1 DAGs
[2026-01-02T04:41:15.461+0000] {logging_mixin.py:188} INFO - [2026-01-02T04:41:15.461+0000] {dag.py:3820} INFO - Setting next_dagrun for tutorial_taskflow_api to None, run_after=None
[2026-01-02T04:41:15.471+0000] {processor.py:183} INFO - Processing /home/airflow/.local/lib/python3.8/site-packages/airflow/example_dags/tutorial_taskflow_api.py took 0.033 seconds
[2026-01-02T04:41:45.697+0000] {processor.py:161} INFO - Started process (PID=375) to work on /home/airflow/.local/lib/python3.8/site-packages/airflow/example_dags/tutorial_taskflow_api.py
[2026-01-02T04:41:45.698+0000] {processor.py:830} INFO - Processing file /home/airflow/.local/lib/python3.8/site-packages/airflow/example_dags/tutorial_taskflow_api.py for tasks to queue
[2026-01-02T04:41:45.699+0000] {logging_mixin.py:188} INFO - [2026-01-02T04:41:45.699+0000] {dagbag.py:538} INFO - Filling up the DagBag from /home/airflow/.local/lib/python3.8/site-packages/airflow/example_dags/tutorial_taskflow_api.py
[2026-01-02T04:41:45.702+0000] {processor.py:840} INFO - DAG(s) 'tutorial_taskflow_api' retrieved from /home/airflow/.local/lib/python3.8/site-packages/airflow/example_dags/tutorial_taskflow_api.py
[2026-01-02T04:41:45.712+0000] {logging_mixin.py:188} INFO - [2026-01-02T04:41:45.711+0000] {dag.py:3033} INFO - Sync 1 DAGs
[2026-01-02T04:41:45.717+0000] {logging_mixin.py:188} INFO - [2026-01-02T04:41:45.717+0000] {dag.py:3820} INFO - Setting next_dagrun for tutorial_taskflow_api to None, run_after=None
[2026-01-02T04:41:45.727+0000] {processor.py:183} INFO - Processing /home/airflow/.local/lib/python3.8/site-packages/airflow/example_dags/tutorial_taskflow_api.py took 0.031 seconds
[2026-01-02T04:42:15.839+0000] {processor.py:161} INFO - Started process (PID=430) to work on /home/airflow/.local/lib/python3.8/site-packages/airflow/example_dags/tutorial_taskflow_api.py
[2026-01-02T04:42:15.839+0000] {processor.py:830} INFO - Processing file /home/airflow/.local/lib/python3.8/site-packages/airflow/example_dags/tutorial_taskflow_api.py for tasks to queue
[2026-01-02T04:42:15.840+0000] {logging_mixin.py:188} INFO - [2026-01-02T04:42:15.840+0000] {dagbag.py:538} INFO - Filling up the DagBag from /home/airflow/.local/lib/python3.8/site-packages/airflow/example_dags/tutorial_taskflow_api.py
[2026-01-02T04:42:15.844+0000] {processor.py:840} INFO - DAG(s) 'tutorial_taskflow_api' retrieved from /home/airflow/.local/lib/python3.8/site-packages/airflow/example_dags/tutorial_taskflow_api.py
[2026-01-02T04:42:15.853+0000] {logging_mixin.py:188} INFO - [2026-01-02T04:42:15.853+0000] {dag.py:3033} INFO - Sync 1 DAGs
[2026-01-02T04:42:15.858+0000] {logging_mixin.py:188} INFO - [2026-01-02T04:42:15.858+0000] {dag.py:3820} INFO - Setting next_dagrun for tutorial_taskflow_api to None, run_after=None
[2026-01-02T04:42:15.867+0000] {processor.py:183} INFO - Processing /home/airflow/.local/lib/python3.8/site-packages/airflow/example_dags/tutorial_taskflow_api.py took 0.030 seconds
[2026-01-02T04:42:46.059+0000] {processor.py:161} INFO - Started process (PID=485) to work on /home/airflow/.local/lib/python3.8/site-packages/airflow/example_dags/tutorial_taskflow_api.py
[2026-01-02T04:42:46.060+0000] {processor.py:830} INFO - Processing file /home/airflow/.local/lib/python3.8/site-packages/airflow/example_dags/tutorial_taskflow_api.py for tasks to queue
[2026-01-02T04:42:46.061+0000] {logging_mixin.py:188} INFO - [2026-01-02T04:42:46.061+0000] {dagbag.py:538} INFO - Filling up the DagBag from /home/airflow/.local/lib/python3.8/site-packages/airflow/example_dags/tutorial_taskflow_api.py
[2026-01-02T04:42:46.064+0000] {processor.py:840} INFO - DAG(s) 'tutorial_taskflow_api' retrieved from /home/airflow/.local/lib/python3.8/site-packages/airflow/example_dags/tutorial_taskflow_api.py
[2026-01-02T04:42:46.074+0000] {logging_mixin.py:188} INFO - [2026-01-02T04:42:46.074+0000] {dag.py:3033} INFO - Sync 1 DAGs
[2026-01-02T04:42:46.080+0000] {logging_mixin.py:188} INFO - [2026-01-02T04:42:46.080+0000] {dag.py:3820} INFO - Setting next_dagrun for tutorial_taskflow_api to None, run_after=None
[2026-01-02T04:42:46.090+0000] {processor.py:183} INFO - Processing /home/airflow/.local/lib/python3.8/site-packages/airflow/example_dags/tutorial_taskflow_api.py took 0.032 seconds
[2026-01-02T04:43:16.237+0000] {processor.py:161} INFO - Started process (PID=546) to work on /home/airflow/.local/lib/python3.8/site-packages/airflow/example_dags/tutorial_taskflow_api.py
[2026-01-02T04:43:16.238+0000] {processor.py:830} INFO - Processing file /home/airflow/.local/lib/python3.8/site-packages/airflow/example_dags/tutorial_taskflow_api.py for tasks to queue
[2026-01-02T04:43:16.239+0000] {logging_mixin.py:188} INFO - [2026-01-02T04:43:16.239+0000] {dagbag.py:538} INFO - Filling up the DagBag from /home/airflow/.local/lib/python3.8/site-packages/airflow/example_dags/tutorial_taskflow_api.py
[2026-01-02T04:43:16.242+0000] {processor.py:840} INFO - DAG(s) 'tutorial_taskflow_api' retrieved from /home/airflow/.local/lib/python3.8/site-packages/airflow/example_dags/tutorial_taskflow_api.py
[2026-01-02T04:43:16.252+0000] {logging_mixin.py:188} INFO - [2026-01-02T04:43:16.251+0000] {dag.py:3033} INFO - Sync 1 DAGs
[2026-01-02T04:43:16.257+0000] {logging_mixin.py:188} INFO - [2026-01-02T04:43:16.257+0000] {dag.py:3820} INFO - Setting next_dagrun for tutorial_taskflow_api to None, run_after=None
[2026-01-02T04:43:16.267+0000] {processor.py:183} INFO - Processing /home/airflow/.local/lib/python3.8/site-packages/airflow/example_dags/tutorial_taskflow_api.py took 0.031 seconds
[2026-01-02T04:43:46.499+0000] {processor.py:161} INFO - Started process (PID=601) to work on /home/airflow/.local/lib/python3.8/site-packages/airflow/example_dags/tutorial_taskflow_api.py
[2026-01-02T04:43:46.500+0000] {processor.py:830} INFO - Processing file /home/airflow/.local/lib/python3.8/site-packages/airflow/example_dags/tutorial_taskflow_api.py for tasks to queue
[2026-01-02T04:43:46.501+0000] {logging_mixin.py:188} INFO - [2026-01-02T04:43:46.501+0000] {dagbag.py:538} INFO - Filling up the DagBag from /home/airflow/.local/lib/python3.8/site-packages/airflow/example_dags/tutorial_taskflow_api.py
[2026-01-02T04:43:46.504+0000] {processor.py:840} INFO - DAG(s) 'tutorial_taskflow_api' retrieved from /home/airflow/.local/lib/python3.8/site-packages/airflow/example_dags/tutorial_taskflow_api.py
[2026-01-02T04:43:46.519+0000] {logging_mixin.py:188} INFO - [2026-01-02T04:43:46.516+0000] {dag.py:3033} INFO - Sync 1 DAGs
[2026-01-02T04:43:46.524+0000] {logging_mixin.py:188} INFO - [2026-01-02T04:43:46.524+0000] {dag.py:3820} INFO - Setting next_dagrun for tutorial_taskflow_api to None, run_after=None
[2026-01-02T04:43:46.536+0000] {processor.py:183} INFO - Processing /home/airflow/.local/lib/python3.8/site-packages/airflow/example_dags/tutorial_taskflow_api.py took 0.038 seconds
[2026-01-02T04:44:16.746+0000] {processor.py:161} INFO - Started process (PID=663) to work on /home/airflow/.local/lib/python3.8/site-packages/airflow/example_dags/tutorial_taskflow_api.py
[2026-01-02T04:44:16.746+0000] {processor.py:830} INFO - Processing file /home/airflow/.local/lib/python3.8/site-packages/airflow/example_dags/tutorial_taskflow_api.py for tasks to queue
[2026-01-02T04:44:16.748+0000] {logging_mixin.py:188} INFO - [2026-01-02T04:44:16.747+0000] {dagbag.py:538} INFO - Filling up the DagBag from /home/airflow/.local/lib/python3.8/site-packages/airflow/example_dags/tutorial_taskflow_api.py
[2026-01-02T04:44:16.751+0000] {processor.py:840} INFO - DAG(s) 'tutorial_taskflow_api' retrieved from /home/airflow/.local/lib/python3.8/site-packages/airflow/example_dags/tutorial_taskflow_api.py
[2026-01-02T04:44:16.762+0000] {logging_mixin.py:188} INFO - [2026-01-02T04:44:16.762+0000] {dag.py:3033} INFO - Sync 1 DAGs
[2026-01-02T04:44:16.767+0000] {logging_mixin.py:188} INFO - [2026-01-02T04:44:16.767+0000] {dag.py:3820} INFO - Setting next_dagrun for tutorial_taskflow_api to None, run_after=None
[2026-01-02T04:44:16.780+0000] {processor.py:183} INFO - Processing /home/airflow/.local/lib/python3.8/site-packages/airflow/example_dags/tutorial_taskflow_api.py took 0.035 seconds
[2026-01-02T04:44:46.976+0000] {processor.py:161} INFO - Started process (PID=725) to work on /home/airflow/.local/lib/python3.8/site-packages/airflow/example_dags/tutorial_taskflow_api.py
[2026-01-02T04:44:46.977+0000] {processor.py:830} INFO - Processing file /home/airflow/.local/lib/python3.8/site-packages/airflow/example_dags/tutorial_taskflow_api.py for tasks to queue
[2026-01-02T04:44:46.978+0000] {logging_mixin.py:188} INFO - [2026-01-02T04:44:46.978+0000] {dagbag.py:538} INFO - Filling up the DagBag from /home/airflow/.local/lib/python3.8/site-packages/airflow/example_dags/tutorial_taskflow_api.py
[2026-01-02T04:44:46.981+0000] {processor.py:840} INFO - DAG(s) 'tutorial_taskflow_api' retrieved from /home/airflow/.local/lib/python3.8/site-packages/airflow/example_dags/tutorial_taskflow_api.py
[2026-01-02T04:44:46.995+0000] {logging_mixin.py:188} INFO - [2026-01-02T04:44:46.995+0000] {dag.py:3033} INFO - Sync 1 DAGs
[2026-01-02T04:44:47.001+0000] {logging_mixin.py:188} INFO - [2026-01-02T04:44:47.001+0000] {dag.py:3820} INFO - Setting next_dagrun for tutorial_taskflow_api to None, run_after=None
[2026-01-02T04:44:47.016+0000] {processor.py:183} INFO - Processing /home/airflow/.local/lib/python3.8/site-packages/airflow/example_dags/tutorial_taskflow_api.py took 0.042 seconds
[2026-01-02T04:45:17.268+0000] {processor.py:161} INFO - Started process (PID=780) to work on /home/airflow/.local/lib/python3.8/site-packages/airflow/example_dags/tutorial_taskflow_api.py
[2026-01-02T04:45:17.268+0000] {processor.py:830} INFO - Processing file /home/airflow/.local/lib/python3.8/site-packages/airflow/example_dags/tutorial_taskflow_api.py for tasks to queue
[2026-01-02T04:45:17.270+0000] {logging_mixin.py:188} INFO - [2026-01-02T04:45:17.270+0000] {dagbag.py:538} INFO - Filling up the DagBag from /home/airflow/.local/lib/python3.8/site-packages/airflow/example_dags/tutorial_taskflow_api.py
[2026-01-02T04:45:17.273+0000] {processor.py:840} INFO - DAG(s) 'tutorial_taskflow_api' retrieved from /home/airflow/.local/lib/python3.8/site-packages/airflow/example_dags/tutorial_taskflow_api.py
[2026-01-02T04:45:17.284+0000] {logging_mixin.py:188} INFO - [2026-01-02T04:45:17.283+0000] {dag.py:3033} INFO - Sync 1 DAGs
[2026-01-02T04:45:17.290+0000] {logging_mixin.py:188} INFO - [2026-01-02T04:45:17.290+0000] {dag.py:3820} INFO - Setting next_dagrun for tutorial_taskflow_api to None, run_after=None
[2026-01-02T04:45:17.299+0000] {processor.py:183} INFO - Processing /home/airflow/.local/lib/python3.8/site-packages/airflow/example_dags/tutorial_taskflow_api.py took 0.033 seconds
[2026-01-02T04:45:47.646+0000] {processor.py:161} INFO - Started process (PID=835) to work on /home/airflow/.local/lib/python3.8/site-packages/airflow/example_dags/tutorial_taskflow_api.py
[2026-01-02T04:45:47.647+0000] {processor.py:830} INFO - Processing file /home/airflow/.local/lib/python3.8/site-packages/airflow/example_dags/tutorial_taskflow_api.py for tasks to queue
[2026-01-02T04:45:47.648+0000] {logging_mixin.py:188} INFO - [2026-01-02T04:45:47.648+0000] {dagbag.py:538} INFO - Filling up the DagBag from /home/airflow/.local/lib/python3.8/site-packages/airflow/example_dags/tutorial_taskflow_api.py
[2026-01-02T04:45:47.652+0000] {processor.py:840} INFO - DAG(s) 'tutorial_taskflow_api' retrieved from /home/airflow/.local/lib/python3.8/site-packages/airflow/example_dags/tutorial_taskflow_api.py
[2026-01-02T04:45:47.662+0000] {logging_mixin.py:188} INFO - [2026-01-02T04:45:47.662+0000] {dag.py:3033} INFO - Sync 1 DAGs
[2026-01-02T04:45:47.667+0000] {logging_mixin.py:188} INFO - [2026-01-02T04:45:47.667+0000] {dag.py:3820} INFO - Setting next_dagrun for tutorial_taskflow_api to None, run_after=None
[2026-01-02T04:45:47.679+0000] {processor.py:183} INFO - Processing /home/airflow/.local/lib/python3.8/site-packages/airflow/example_dags/tutorial_taskflow_api.py took 0.033 seconds
[2026-01-02T04:46:17.922+0000] {processor.py:161} INFO - Started process (PID=890) to work on /home/airflow/.local/lib/python3.8/site-packages/airflow/example_dags/tutorial_taskflow_api.py
[2026-01-02T04:46:17.923+0000] {processor.py:830} INFO - Processing file /home/airflow/.local/lib/python3.8/site-packages/airflow/example_dags/tutorial_taskflow_api.py for tasks to queue
[2026-01-02T04:46:17.924+0000] {logging_mixin.py:188} INFO - [2026-01-02T04:46:17.924+0000] {dagbag.py:538} INFO - Filling up the DagBag from /home/airflow/.local/lib/python3.8/site-packages/airflow/example_dags/tutorial_taskflow_api.py
[2026-01-02T04:46:17.927+0000] {processor.py:840} INFO - DAG(s) 'tutorial_taskflow_api' retrieved from /home/airflow/.local/lib/python3.8/site-packages/airflow/example_dags/tutorial_taskflow_api.py
[2026-01-02T04:46:17.938+0000] {logging_mixin.py:188} INFO - [2026-01-02T04:46:17.937+0000] {dag.py:3033} INFO - Sync 1 DAGs
[2026-01-02T04:46:17.943+0000] {logging_mixin.py:188} INFO - [2026-01-02T04:46:17.943+0000] {dag.py:3820} INFO - Setting next_dagrun for tutorial_taskflow_api to None, run_after=None
[2026-01-02T04:46:17.955+0000] {processor.py:183} INFO - Processing /home/airflow/.local/lib/python3.8/site-packages/airflow/example_dags/tutorial_taskflow_api.py took 0.034 seconds
[2026-01-02T04:46:48.188+0000] {processor.py:161} INFO - Started process (PID=945) to work on /home/airflow/.local/lib/python3.8/site-packages/airflow/example_dags/tutorial_taskflow_api.py
[2026-01-02T04:46:48.188+0000] {processor.py:830} INFO - Processing file /home/airflow/.local/lib/python3.8/site-packages/airflow/example_dags/tutorial_taskflow_api.py for tasks to queue
[2026-01-02T04:46:48.190+0000] {logging_mixin.py:188} INFO - [2026-01-02T04:46:48.189+0000] {dagbag.py:538} INFO - Filling up the DagBag from /home/airflow/.local/lib/python3.8/site-packages/airflow/example_dags/tutorial_taskflow_api.py
[2026-01-02T04:46:48.193+0000] {processor.py:840} INFO - DAG(s) 'tutorial_taskflow_api' retrieved from /home/airflow/.local/lib/python3.8/site-packages/airflow/example_dags/tutorial_taskflow_api.py
[2026-01-02T04:46:48.205+0000] {logging_mixin.py:188} INFO - [2026-01-02T04:46:48.205+0000] {dag.py:3033} INFO - Sync 1 DAGs
[2026-01-02T04:46:48.211+0000] {logging_mixin.py:188} INFO - [2026-01-02T04:46:48.211+0000] {dag.py:3820} INFO - Setting next_dagrun for tutorial_taskflow_api to None, run_after=None
[2026-01-02T04:46:48.225+0000] {processor.py:183} INFO - Processing /home/airflow/.local/lib/python3.8/site-packages/airflow/example_dags/tutorial_taskflow_api.py took 0.039 seconds
[2026-01-02T04:47:18.531+0000] {processor.py:161} INFO - Started process (PID=1000) to work on /home/airflow/.local/lib/python3.8/site-packages/airflow/example_dags/tutorial_taskflow_api.py
[2026-01-02T04:47:18.532+0000] {processor.py:830} INFO - Processing file /home/airflow/.local/lib/python3.8/site-packages/airflow/example_dags/tutorial_taskflow_api.py for tasks to queue
[2026-01-02T04:47:18.534+0000] {logging_mixin.py:188} INFO - [2026-01-02T04:47:18.533+0000] {dagbag.py:538} INFO - Filling up the DagBag from /home/airflow/.local/lib/python3.8/site-packages/airflow/example_dags/tutorial_taskflow_api.py
[2026-01-02T04:47:18.537+0000] {processor.py:840} INFO - DAG(s) 'tutorial_taskflow_api' retrieved from /home/airflow/.local/lib/python3.8/site-packages/airflow/example_dags/tutorial_taskflow_api.py
[2026-01-02T04:47:18.547+0000] {logging_mixin.py:188} INFO - [2026-01-02T04:47:18.547+0000] {dag.py:3033} INFO - Sync 1 DAGs
[2026-01-02T04:47:18.552+0000] {logging_mixin.py:188} INFO - [2026-01-02T04:47:18.552+0000] {dag.py:3820} INFO - Setting next_dagrun for tutorial_taskflow_api to None, run_after=None
[2026-01-02T04:47:18.562+0000] {processor.py:183} INFO - Processing /home/airflow/.local/lib/python3.8/site-packages/airflow/example_dags/tutorial_taskflow_api.py took 0.032 seconds
