[2026-01-02T04:28:05.821+0000] {processor.py:161} INFO - Started process (PID=93) to work on /home/airflow/.local/lib/python3.8/site-packages/airflow/example_dags/tutorial.py
[2026-01-02T04:28:05.821+0000] {processor.py:830} INFO - Processing file /home/airflow/.local/lib/python3.8/site-packages/airflow/example_dags/tutorial.py for tasks to queue
[2026-01-02T04:28:05.823+0000] {logging_mixin.py:188} INFO - [2026-01-02T04:28:05.823+0000] {dagbag.py:538} INFO - Filling up the DagBag from /home/airflow/.local/lib/python3.8/site-packages/airflow/example_dags/tutorial.py
[2026-01-02T04:28:05.826+0000] {processor.py:840} INFO - DAG(s) 'tutorial' retrieved from /home/airflow/.local/lib/python3.8/site-packages/airflow/example_dags/tutorial.py
[2026-01-02T04:28:05.879+0000] {logging_mixin.py:188} INFO - [2026-01-02T04:28:05.878+0000] {override.py:1769} INFO - Created Permission View: can edit on DAG:tutorial
[2026-01-02T04:28:05.887+0000] {logging_mixin.py:188} INFO - [2026-01-02T04:28:05.887+0000] {override.py:1769} INFO - Created Permission View: can delete on DAG:tutorial
[2026-01-02T04:28:05.893+0000] {logging_mixin.py:188} INFO - [2026-01-02T04:28:05.893+0000] {override.py:1769} INFO - Created Permission View: can read on DAG:tutorial
[2026-01-02T04:28:05.893+0000] {logging_mixin.py:188} INFO - [2026-01-02T04:28:05.893+0000] {dag.py:3033} INFO - Sync 1 DAGs
[2026-01-02T04:28:05.899+0000] {logging_mixin.py:188} INFO - [2026-01-02T04:28:05.899+0000] {dag.py:3055} INFO - Creating ORM DAG for tutorial
[2026-01-02T04:28:05.906+0000] {logging_mixin.py:188} INFO - [2026-01-02T04:28:05.905+0000] {dag.py:3820} INFO - Setting next_dagrun for tutorial to 2026-01-01T00:00:00+00:00, run_after=2026-01-02T00:00:00+00:00
[2026-01-02T04:28:05.916+0000] {processor.py:183} INFO - Processing /home/airflow/.local/lib/python3.8/site-packages/airflow/example_dags/tutorial.py took 0.097 seconds
[2026-01-02T04:28:36.829+0000] {processor.py:161} INFO - Started process (PID=148) to work on /home/airflow/.local/lib/python3.8/site-packages/airflow/example_dags/tutorial.py
[2026-01-02T04:28:36.829+0000] {processor.py:830} INFO - Processing file /home/airflow/.local/lib/python3.8/site-packages/airflow/example_dags/tutorial.py for tasks to queue
[2026-01-02T04:28:36.830+0000] {logging_mixin.py:188} INFO - [2026-01-02T04:28:36.830+0000] {dagbag.py:538} INFO - Filling up the DagBag from /home/airflow/.local/lib/python3.8/site-packages/airflow/example_dags/tutorial.py
[2026-01-02T04:28:36.832+0000] {processor.py:840} INFO - DAG(s) 'tutorial' retrieved from /home/airflow/.local/lib/python3.8/site-packages/airflow/example_dags/tutorial.py
[2026-01-02T04:28:36.841+0000] {logging_mixin.py:188} INFO - [2026-01-02T04:28:36.841+0000] {dag.py:3033} INFO - Sync 1 DAGs
[2026-01-02T04:28:36.850+0000] {logging_mixin.py:188} INFO - [2026-01-02T04:28:36.850+0000] {dag.py:3820} INFO - Setting next_dagrun for tutorial to 2026-01-01T00:00:00+00:00, run_after=2026-01-02T00:00:00+00:00
[2026-01-02T04:28:36.859+0000] {processor.py:183} INFO - Processing /home/airflow/.local/lib/python3.8/site-packages/airflow/example_dags/tutorial.py took 0.032 seconds
[2026-01-02T04:30:00.776+0000] {processor.py:161} INFO - Started process (PID=85) to work on /home/airflow/.local/lib/python3.8/site-packages/airflow/example_dags/tutorial.py
[2026-01-02T04:30:00.776+0000] {processor.py:830} INFO - Processing file /home/airflow/.local/lib/python3.8/site-packages/airflow/example_dags/tutorial.py for tasks to queue
[2026-01-02T04:30:00.777+0000] {logging_mixin.py:188} INFO - [2026-01-02T04:30:00.777+0000] {dagbag.py:538} INFO - Filling up the DagBag from /home/airflow/.local/lib/python3.8/site-packages/airflow/example_dags/tutorial.py
[2026-01-02T04:30:00.781+0000] {processor.py:840} INFO - DAG(s) 'tutorial' retrieved from /home/airflow/.local/lib/python3.8/site-packages/airflow/example_dags/tutorial.py
[2026-01-02T04:30:00.791+0000] {logging_mixin.py:188} INFO - [2026-01-02T04:30:00.791+0000] {dag.py:3033} INFO - Sync 1 DAGs
[2026-01-02T04:30:00.916+0000] {logging_mixin.py:188} INFO - [2026-01-02T04:30:00.916+0000] {dag.py:3820} INFO - Setting next_dagrun for tutorial to 2026-01-01T00:00:00+00:00, run_after=2026-01-02T00:00:00+00:00
[2026-01-02T04:30:00.930+0000] {processor.py:183} INFO - Processing /home/airflow/.local/lib/python3.8/site-packages/airflow/example_dags/tutorial.py took 0.156 seconds
[2026-01-02T04:30:32.126+0000] {processor.py:161} INFO - Started process (PID=140) to work on /home/airflow/.local/lib/python3.8/site-packages/airflow/example_dags/tutorial.py
[2026-01-02T04:30:32.127+0000] {processor.py:830} INFO - Processing file /home/airflow/.local/lib/python3.8/site-packages/airflow/example_dags/tutorial.py for tasks to queue
[2026-01-02T04:30:32.128+0000] {logging_mixin.py:188} INFO - [2026-01-02T04:30:32.128+0000] {dagbag.py:538} INFO - Filling up the DagBag from /home/airflow/.local/lib/python3.8/site-packages/airflow/example_dags/tutorial.py
[2026-01-02T04:30:32.130+0000] {processor.py:840} INFO - DAG(s) 'tutorial' retrieved from /home/airflow/.local/lib/python3.8/site-packages/airflow/example_dags/tutorial.py
[2026-01-02T04:30:32.179+0000] {logging_mixin.py:188} INFO - [2026-01-02T04:30:32.179+0000] {dag.py:3033} INFO - Sync 1 DAGs
[2026-01-02T04:30:32.190+0000] {logging_mixin.py:188} INFO - [2026-01-02T04:30:32.190+0000] {dag.py:3820} INFO - Setting next_dagrun for tutorial to 2026-01-01T00:00:00+00:00, run_after=2026-01-02T00:00:00+00:00
[2026-01-02T04:30:32.202+0000] {processor.py:183} INFO - Processing /home/airflow/.local/lib/python3.8/site-packages/airflow/example_dags/tutorial.py took 0.077 seconds
[2026-01-02T04:31:02.765+0000] {processor.py:161} INFO - Started process (PID=195) to work on /home/airflow/.local/lib/python3.8/site-packages/airflow/example_dags/tutorial.py
[2026-01-02T04:31:02.765+0000] {processor.py:830} INFO - Processing file /home/airflow/.local/lib/python3.8/site-packages/airflow/example_dags/tutorial.py for tasks to queue
[2026-01-02T04:31:02.767+0000] {logging_mixin.py:188} INFO - [2026-01-02T04:31:02.766+0000] {dagbag.py:538} INFO - Filling up the DagBag from /home/airflow/.local/lib/python3.8/site-packages/airflow/example_dags/tutorial.py
[2026-01-02T04:31:02.769+0000] {processor.py:840} INFO - DAG(s) 'tutorial' retrieved from /home/airflow/.local/lib/python3.8/site-packages/airflow/example_dags/tutorial.py
[2026-01-02T04:31:02.780+0000] {logging_mixin.py:188} INFO - [2026-01-02T04:31:02.780+0000] {dag.py:3033} INFO - Sync 1 DAGs
[2026-01-02T04:31:02.791+0000] {logging_mixin.py:188} INFO - [2026-01-02T04:31:02.791+0000] {dag.py:3820} INFO - Setting next_dagrun for tutorial to 2026-01-01T00:00:00+00:00, run_after=2026-01-02T00:00:00+00:00
[2026-01-02T04:31:02.802+0000] {processor.py:183} INFO - Processing /home/airflow/.local/lib/python3.8/site-packages/airflow/example_dags/tutorial.py took 0.039 seconds
[2026-01-02T04:31:33.195+0000] {processor.py:161} INFO - Started process (PID=250) to work on /home/airflow/.local/lib/python3.8/site-packages/airflow/example_dags/tutorial.py
[2026-01-02T04:31:33.196+0000] {processor.py:830} INFO - Processing file /home/airflow/.local/lib/python3.8/site-packages/airflow/example_dags/tutorial.py for tasks to queue
[2026-01-02T04:31:33.197+0000] {logging_mixin.py:188} INFO - [2026-01-02T04:31:33.197+0000] {dagbag.py:538} INFO - Filling up the DagBag from /home/airflow/.local/lib/python3.8/site-packages/airflow/example_dags/tutorial.py
[2026-01-02T04:31:33.200+0000] {processor.py:840} INFO - DAG(s) 'tutorial' retrieved from /home/airflow/.local/lib/python3.8/site-packages/airflow/example_dags/tutorial.py
[2026-01-02T04:31:33.210+0000] {logging_mixin.py:188} INFO - [2026-01-02T04:31:33.210+0000] {dag.py:3033} INFO - Sync 1 DAGs
[2026-01-02T04:31:33.222+0000] {logging_mixin.py:188} INFO - [2026-01-02T04:31:33.222+0000] {dag.py:3820} INFO - Setting next_dagrun for tutorial to 2026-01-01T00:00:00+00:00, run_after=2026-01-02T00:00:00+00:00
[2026-01-02T04:31:33.233+0000] {processor.py:183} INFO - Processing /home/airflow/.local/lib/python3.8/site-packages/airflow/example_dags/tutorial.py took 0.039 seconds
[2026-01-02T04:32:03.582+0000] {processor.py:161} INFO - Started process (PID=305) to work on /home/airflow/.local/lib/python3.8/site-packages/airflow/example_dags/tutorial.py
[2026-01-02T04:32:03.583+0000] {processor.py:830} INFO - Processing file /home/airflow/.local/lib/python3.8/site-packages/airflow/example_dags/tutorial.py for tasks to queue
[2026-01-02T04:32:03.586+0000] {logging_mixin.py:188} INFO - [2026-01-02T04:32:03.586+0000] {dagbag.py:538} INFO - Filling up the DagBag from /home/airflow/.local/lib/python3.8/site-packages/airflow/example_dags/tutorial.py
[2026-01-02T04:32:03.589+0000] {processor.py:840} INFO - DAG(s) 'tutorial' retrieved from /home/airflow/.local/lib/python3.8/site-packages/airflow/example_dags/tutorial.py
[2026-01-02T04:32:03.599+0000] {logging_mixin.py:188} INFO - [2026-01-02T04:32:03.599+0000] {dag.py:3033} INFO - Sync 1 DAGs
[2026-01-02T04:32:03.608+0000] {logging_mixin.py:188} INFO - [2026-01-02T04:32:03.608+0000] {dag.py:3820} INFO - Setting next_dagrun for tutorial to 2026-01-01T00:00:00+00:00, run_after=2026-01-02T00:00:00+00:00
[2026-01-02T04:32:03.618+0000] {processor.py:183} INFO - Processing /home/airflow/.local/lib/python3.8/site-packages/airflow/example_dags/tutorial.py took 0.038 seconds
[2026-01-02T04:32:33.911+0000] {processor.py:161} INFO - Started process (PID=360) to work on /home/airflow/.local/lib/python3.8/site-packages/airflow/example_dags/tutorial.py
[2026-01-02T04:32:33.912+0000] {processor.py:830} INFO - Processing file /home/airflow/.local/lib/python3.8/site-packages/airflow/example_dags/tutorial.py for tasks to queue
[2026-01-02T04:32:33.913+0000] {logging_mixin.py:188} INFO - [2026-01-02T04:32:33.913+0000] {dagbag.py:538} INFO - Filling up the DagBag from /home/airflow/.local/lib/python3.8/site-packages/airflow/example_dags/tutorial.py
[2026-01-02T04:32:33.915+0000] {processor.py:840} INFO - DAG(s) 'tutorial' retrieved from /home/airflow/.local/lib/python3.8/site-packages/airflow/example_dags/tutorial.py
[2026-01-02T04:32:33.925+0000] {logging_mixin.py:188} INFO - [2026-01-02T04:32:33.925+0000] {dag.py:3033} INFO - Sync 1 DAGs
[2026-01-02T04:32:33.936+0000] {logging_mixin.py:188} INFO - [2026-01-02T04:32:33.936+0000] {dag.py:3820} INFO - Setting next_dagrun for tutorial to 2026-01-01T00:00:00+00:00, run_after=2026-01-02T00:00:00+00:00
[2026-01-02T04:32:33.949+0000] {processor.py:183} INFO - Processing /home/airflow/.local/lib/python3.8/site-packages/airflow/example_dags/tutorial.py took 0.039 seconds
[2026-01-02T04:33:04.210+0000] {processor.py:161} INFO - Started process (PID=415) to work on /home/airflow/.local/lib/python3.8/site-packages/airflow/example_dags/tutorial.py
[2026-01-02T04:33:04.211+0000] {processor.py:830} INFO - Processing file /home/airflow/.local/lib/python3.8/site-packages/airflow/example_dags/tutorial.py for tasks to queue
[2026-01-02T04:33:04.212+0000] {logging_mixin.py:188} INFO - [2026-01-02T04:33:04.211+0000] {dagbag.py:538} INFO - Filling up the DagBag from /home/airflow/.local/lib/python3.8/site-packages/airflow/example_dags/tutorial.py
[2026-01-02T04:33:04.214+0000] {processor.py:840} INFO - DAG(s) 'tutorial' retrieved from /home/airflow/.local/lib/python3.8/site-packages/airflow/example_dags/tutorial.py
[2026-01-02T04:33:04.223+0000] {logging_mixin.py:188} INFO - [2026-01-02T04:33:04.223+0000] {dag.py:3033} INFO - Sync 1 DAGs
[2026-01-02T04:33:04.233+0000] {logging_mixin.py:188} INFO - [2026-01-02T04:33:04.233+0000] {dag.py:3820} INFO - Setting next_dagrun for tutorial to 2026-01-01T00:00:00+00:00, run_after=2026-01-02T00:00:00+00:00
[2026-01-02T04:33:04.243+0000] {processor.py:183} INFO - Processing /home/airflow/.local/lib/python3.8/site-packages/airflow/example_dags/tutorial.py took 0.034 seconds
[2026-01-02T04:33:34.455+0000] {processor.py:161} INFO - Started process (PID=470) to work on /home/airflow/.local/lib/python3.8/site-packages/airflow/example_dags/tutorial.py
[2026-01-02T04:33:34.455+0000] {processor.py:830} INFO - Processing file /home/airflow/.local/lib/python3.8/site-packages/airflow/example_dags/tutorial.py for tasks to queue
[2026-01-02T04:33:34.456+0000] {logging_mixin.py:188} INFO - [2026-01-02T04:33:34.456+0000] {dagbag.py:538} INFO - Filling up the DagBag from /home/airflow/.local/lib/python3.8/site-packages/airflow/example_dags/tutorial.py
[2026-01-02T04:33:34.459+0000] {processor.py:840} INFO - DAG(s) 'tutorial' retrieved from /home/airflow/.local/lib/python3.8/site-packages/airflow/example_dags/tutorial.py
[2026-01-02T04:33:34.468+0000] {logging_mixin.py:188} INFO - [2026-01-02T04:33:34.468+0000] {dag.py:3033} INFO - Sync 1 DAGs
[2026-01-02T04:33:34.479+0000] {logging_mixin.py:188} INFO - [2026-01-02T04:33:34.479+0000] {dag.py:3820} INFO - Setting next_dagrun for tutorial to 2026-01-01T00:00:00+00:00, run_after=2026-01-02T00:00:00+00:00
[2026-01-02T04:33:34.489+0000] {processor.py:183} INFO - Processing /home/airflow/.local/lib/python3.8/site-packages/airflow/example_dags/tutorial.py took 0.035 seconds
[2026-01-02T04:34:04.737+0000] {processor.py:161} INFO - Started process (PID=525) to work on /home/airflow/.local/lib/python3.8/site-packages/airflow/example_dags/tutorial.py
[2026-01-02T04:34:04.737+0000] {processor.py:830} INFO - Processing file /home/airflow/.local/lib/python3.8/site-packages/airflow/example_dags/tutorial.py for tasks to queue
[2026-01-02T04:34:04.738+0000] {logging_mixin.py:188} INFO - [2026-01-02T04:34:04.738+0000] {dagbag.py:538} INFO - Filling up the DagBag from /home/airflow/.local/lib/python3.8/site-packages/airflow/example_dags/tutorial.py
[2026-01-02T04:34:04.741+0000] {processor.py:840} INFO - DAG(s) 'tutorial' retrieved from /home/airflow/.local/lib/python3.8/site-packages/airflow/example_dags/tutorial.py
[2026-01-02T04:34:04.753+0000] {logging_mixin.py:188} INFO - [2026-01-02T04:34:04.753+0000] {dag.py:3033} INFO - Sync 1 DAGs
[2026-01-02T04:34:04.764+0000] {logging_mixin.py:188} INFO - [2026-01-02T04:34:04.763+0000] {dag.py:3820} INFO - Setting next_dagrun for tutorial to 2026-01-01T00:00:00+00:00, run_after=2026-01-02T00:00:00+00:00
[2026-01-02T04:34:04.774+0000] {processor.py:183} INFO - Processing /home/airflow/.local/lib/python3.8/site-packages/airflow/example_dags/tutorial.py took 0.039 seconds
[2026-01-02T04:34:35.132+0000] {processor.py:161} INFO - Started process (PID=580) to work on /home/airflow/.local/lib/python3.8/site-packages/airflow/example_dags/tutorial.py
[2026-01-02T04:34:35.132+0000] {processor.py:830} INFO - Processing file /home/airflow/.local/lib/python3.8/site-packages/airflow/example_dags/tutorial.py for tasks to queue
[2026-01-02T04:34:35.134+0000] {logging_mixin.py:188} INFO - [2026-01-02T04:34:35.133+0000] {dagbag.py:538} INFO - Filling up the DagBag from /home/airflow/.local/lib/python3.8/site-packages/airflow/example_dags/tutorial.py
[2026-01-02T04:34:35.137+0000] {processor.py:840} INFO - DAG(s) 'tutorial' retrieved from /home/airflow/.local/lib/python3.8/site-packages/airflow/example_dags/tutorial.py
[2026-01-02T04:34:35.146+0000] {logging_mixin.py:188} INFO - [2026-01-02T04:34:35.146+0000] {dag.py:3033} INFO - Sync 1 DAGs
[2026-01-02T04:34:35.159+0000] {logging_mixin.py:188} INFO - [2026-01-02T04:34:35.158+0000] {dag.py:3820} INFO - Setting next_dagrun for tutorial to 2026-01-01T00:00:00+00:00, run_after=2026-01-02T00:00:00+00:00
[2026-01-02T04:34:35.175+0000] {processor.py:183} INFO - Processing /home/airflow/.local/lib/python3.8/site-packages/airflow/example_dags/tutorial.py took 0.045 seconds
[2026-01-02T04:35:05.449+0000] {processor.py:161} INFO - Started process (PID=635) to work on /home/airflow/.local/lib/python3.8/site-packages/airflow/example_dags/tutorial.py
[2026-01-02T04:35:05.449+0000] {processor.py:830} INFO - Processing file /home/airflow/.local/lib/python3.8/site-packages/airflow/example_dags/tutorial.py for tasks to queue
[2026-01-02T04:35:05.450+0000] {logging_mixin.py:188} INFO - [2026-01-02T04:35:05.450+0000] {dagbag.py:538} INFO - Filling up the DagBag from /home/airflow/.local/lib/python3.8/site-packages/airflow/example_dags/tutorial.py
[2026-01-02T04:35:05.453+0000] {processor.py:840} INFO - DAG(s) 'tutorial' retrieved from /home/airflow/.local/lib/python3.8/site-packages/airflow/example_dags/tutorial.py
[2026-01-02T04:35:05.462+0000] {logging_mixin.py:188} INFO - [2026-01-02T04:35:05.461+0000] {dag.py:3033} INFO - Sync 1 DAGs
[2026-01-02T04:35:05.471+0000] {logging_mixin.py:188} INFO - [2026-01-02T04:35:05.470+0000] {dag.py:3820} INFO - Setting next_dagrun for tutorial to 2026-01-01T00:00:00+00:00, run_after=2026-01-02T00:00:00+00:00
[2026-01-02T04:35:05.480+0000] {processor.py:183} INFO - Processing /home/airflow/.local/lib/python3.8/site-packages/airflow/example_dags/tutorial.py took 0.032 seconds
[2026-01-02T04:35:35.723+0000] {processor.py:161} INFO - Started process (PID=690) to work on /home/airflow/.local/lib/python3.8/site-packages/airflow/example_dags/tutorial.py
[2026-01-02T04:35:35.723+0000] {processor.py:830} INFO - Processing file /home/airflow/.local/lib/python3.8/site-packages/airflow/example_dags/tutorial.py for tasks to queue
[2026-01-02T04:35:35.724+0000] {logging_mixin.py:188} INFO - [2026-01-02T04:35:35.724+0000] {dagbag.py:538} INFO - Filling up the DagBag from /home/airflow/.local/lib/python3.8/site-packages/airflow/example_dags/tutorial.py
[2026-01-02T04:35:35.727+0000] {processor.py:840} INFO - DAG(s) 'tutorial' retrieved from /home/airflow/.local/lib/python3.8/site-packages/airflow/example_dags/tutorial.py
[2026-01-02T04:35:35.739+0000] {logging_mixin.py:188} INFO - [2026-01-02T04:35:35.738+0000] {dag.py:3033} INFO - Sync 1 DAGs
[2026-01-02T04:35:35.750+0000] {logging_mixin.py:188} INFO - [2026-01-02T04:35:35.750+0000] {dag.py:3820} INFO - Setting next_dagrun for tutorial to 2026-01-01T00:00:00+00:00, run_after=2026-01-02T00:00:00+00:00
[2026-01-02T04:35:35.762+0000] {processor.py:183} INFO - Processing /home/airflow/.local/lib/python3.8/site-packages/airflow/example_dags/tutorial.py took 0.040 seconds
[2026-01-02T04:36:06.098+0000] {processor.py:161} INFO - Started process (PID=745) to work on /home/airflow/.local/lib/python3.8/site-packages/airflow/example_dags/tutorial.py
[2026-01-02T04:36:06.098+0000] {processor.py:830} INFO - Processing file /home/airflow/.local/lib/python3.8/site-packages/airflow/example_dags/tutorial.py for tasks to queue
[2026-01-02T04:36:06.099+0000] {logging_mixin.py:188} INFO - [2026-01-02T04:36:06.099+0000] {dagbag.py:538} INFO - Filling up the DagBag from /home/airflow/.local/lib/python3.8/site-packages/airflow/example_dags/tutorial.py
[2026-01-02T04:36:06.102+0000] {processor.py:840} INFO - DAG(s) 'tutorial' retrieved from /home/airflow/.local/lib/python3.8/site-packages/airflow/example_dags/tutorial.py
[2026-01-02T04:36:06.112+0000] {logging_mixin.py:188} INFO - [2026-01-02T04:36:06.111+0000] {dag.py:3033} INFO - Sync 1 DAGs
[2026-01-02T04:36:06.123+0000] {logging_mixin.py:188} INFO - [2026-01-02T04:36:06.123+0000] {dag.py:3820} INFO - Setting next_dagrun for tutorial to 2026-01-01T00:00:00+00:00, run_after=2026-01-02T00:00:00+00:00
[2026-01-02T04:36:06.136+0000] {processor.py:183} INFO - Processing /home/airflow/.local/lib/python3.8/site-packages/airflow/example_dags/tutorial.py took 0.040 seconds
[2026-01-02T04:38:45.819+0000] {processor.py:161} INFO - Started process (PID=93) to work on /home/airflow/.local/lib/python3.8/site-packages/airflow/example_dags/tutorial.py
[2026-01-02T04:38:45.819+0000] {processor.py:830} INFO - Processing file /home/airflow/.local/lib/python3.8/site-packages/airflow/example_dags/tutorial.py for tasks to queue
[2026-01-02T04:38:45.820+0000] {logging_mixin.py:188} INFO - [2026-01-02T04:38:45.820+0000] {dagbag.py:538} INFO - Filling up the DagBag from /home/airflow/.local/lib/python3.8/site-packages/airflow/example_dags/tutorial.py
[2026-01-02T04:38:45.824+0000] {processor.py:840} INFO - DAG(s) 'tutorial' retrieved from /home/airflow/.local/lib/python3.8/site-packages/airflow/example_dags/tutorial.py
[2026-01-02T04:38:45.830+0000] {logging_mixin.py:188} INFO - [2026-01-02T04:38:45.830+0000] {dag.py:3033} INFO - Sync 1 DAGs
[2026-01-02T04:38:45.840+0000] {logging_mixin.py:188} INFO - [2026-01-02T04:38:45.840+0000] {dag.py:3820} INFO - Setting next_dagrun for tutorial to 2026-01-01T00:00:00+00:00, run_after=2026-01-02T00:00:00+00:00
[2026-01-02T04:38:45.851+0000] {processor.py:183} INFO - Processing /home/airflow/.local/lib/python3.8/site-packages/airflow/example_dags/tutorial.py took 0.034 seconds
[2026-01-02T04:39:16.545+0000] {processor.py:161} INFO - Started process (PID=148) to work on /home/airflow/.local/lib/python3.8/site-packages/airflow/example_dags/tutorial.py
[2026-01-02T04:39:16.545+0000] {processor.py:830} INFO - Processing file /home/airflow/.local/lib/python3.8/site-packages/airflow/example_dags/tutorial.py for tasks to queue
[2026-01-02T04:39:16.546+0000] {logging_mixin.py:188} INFO - [2026-01-02T04:39:16.546+0000] {dagbag.py:538} INFO - Filling up the DagBag from /home/airflow/.local/lib/python3.8/site-packages/airflow/example_dags/tutorial.py
[2026-01-02T04:39:16.550+0000] {processor.py:840} INFO - DAG(s) 'tutorial' retrieved from /home/airflow/.local/lib/python3.8/site-packages/airflow/example_dags/tutorial.py
[2026-01-02T04:39:16.594+0000] {logging_mixin.py:188} INFO - [2026-01-02T04:39:16.594+0000] {dag.py:3033} INFO - Sync 1 DAGs
[2026-01-02T04:39:16.602+0000] {logging_mixin.py:188} INFO - [2026-01-02T04:39:16.602+0000] {dag.py:3820} INFO - Setting next_dagrun for tutorial to 2026-01-01T00:00:00+00:00, run_after=2026-01-02T00:00:00+00:00
[2026-01-02T04:39:16.612+0000] {processor.py:183} INFO - Processing /home/airflow/.local/lib/python3.8/site-packages/airflow/example_dags/tutorial.py took 0.068 seconds
[2026-01-02T04:39:46.902+0000] {processor.py:161} INFO - Started process (PID=203) to work on /home/airflow/.local/lib/python3.8/site-packages/airflow/example_dags/tutorial.py
[2026-01-02T04:39:46.902+0000] {processor.py:830} INFO - Processing file /home/airflow/.local/lib/python3.8/site-packages/airflow/example_dags/tutorial.py for tasks to queue
[2026-01-02T04:39:46.904+0000] {logging_mixin.py:188} INFO - [2026-01-02T04:39:46.904+0000] {dagbag.py:538} INFO - Filling up the DagBag from /home/airflow/.local/lib/python3.8/site-packages/airflow/example_dags/tutorial.py
[2026-01-02T04:39:46.906+0000] {processor.py:840} INFO - DAG(s) 'tutorial' retrieved from /home/airflow/.local/lib/python3.8/site-packages/airflow/example_dags/tutorial.py
[2026-01-02T04:39:46.916+0000] {logging_mixin.py:188} INFO - [2026-01-02T04:39:46.916+0000] {dag.py:3033} INFO - Sync 1 DAGs
[2026-01-02T04:39:46.926+0000] {logging_mixin.py:188} INFO - [2026-01-02T04:39:46.926+0000] {dag.py:3820} INFO - Setting next_dagrun for tutorial to 2026-01-01T00:00:00+00:00, run_after=2026-01-02T00:00:00+00:00
[2026-01-02T04:39:46.935+0000] {processor.py:183} INFO - Processing /home/airflow/.local/lib/python3.8/site-packages/airflow/example_dags/tutorial.py took 0.035 seconds
[2026-01-02T04:40:17.075+0000] {processor.py:161} INFO - Started process (PID=258) to work on /home/airflow/.local/lib/python3.8/site-packages/airflow/example_dags/tutorial.py
[2026-01-02T04:40:17.075+0000] {processor.py:830} INFO - Processing file /home/airflow/.local/lib/python3.8/site-packages/airflow/example_dags/tutorial.py for tasks to queue
[2026-01-02T04:40:17.076+0000] {logging_mixin.py:188} INFO - [2026-01-02T04:40:17.076+0000] {dagbag.py:538} INFO - Filling up the DagBag from /home/airflow/.local/lib/python3.8/site-packages/airflow/example_dags/tutorial.py
[2026-01-02T04:40:17.078+0000] {processor.py:840} INFO - DAG(s) 'tutorial' retrieved from /home/airflow/.local/lib/python3.8/site-packages/airflow/example_dags/tutorial.py
[2026-01-02T04:40:17.087+0000] {logging_mixin.py:188} INFO - [2026-01-02T04:40:17.087+0000] {dag.py:3033} INFO - Sync 1 DAGs
[2026-01-02T04:40:17.096+0000] {logging_mixin.py:188} INFO - [2026-01-02T04:40:17.096+0000] {dag.py:3820} INFO - Setting next_dagrun for tutorial to 2026-01-01T00:00:00+00:00, run_after=2026-01-02T00:00:00+00:00
[2026-01-02T04:40:17.106+0000] {processor.py:183} INFO - Processing /home/airflow/.local/lib/python3.8/site-packages/airflow/example_dags/tutorial.py took 0.032 seconds
[2026-01-02T04:40:47.262+0000] {processor.py:161} INFO - Started process (PID=313) to work on /home/airflow/.local/lib/python3.8/site-packages/airflow/example_dags/tutorial.py
[2026-01-02T04:40:47.263+0000] {processor.py:830} INFO - Processing file /home/airflow/.local/lib/python3.8/site-packages/airflow/example_dags/tutorial.py for tasks to queue
[2026-01-02T04:40:47.264+0000] {logging_mixin.py:188} INFO - [2026-01-02T04:40:47.263+0000] {dagbag.py:538} INFO - Filling up the DagBag from /home/airflow/.local/lib/python3.8/site-packages/airflow/example_dags/tutorial.py
[2026-01-02T04:40:47.266+0000] {processor.py:840} INFO - DAG(s) 'tutorial' retrieved from /home/airflow/.local/lib/python3.8/site-packages/airflow/example_dags/tutorial.py
[2026-01-02T04:40:47.275+0000] {logging_mixin.py:188} INFO - [2026-01-02T04:40:47.275+0000] {dag.py:3033} INFO - Sync 1 DAGs
[2026-01-02T04:40:47.284+0000] {logging_mixin.py:188} INFO - [2026-01-02T04:40:47.284+0000] {dag.py:3820} INFO - Setting next_dagrun for tutorial to 2026-01-01T00:00:00+00:00, run_after=2026-01-02T00:00:00+00:00
[2026-01-02T04:40:47.294+0000] {processor.py:183} INFO - Processing /home/airflow/.local/lib/python3.8/site-packages/airflow/example_dags/tutorial.py took 0.032 seconds
[2026-01-02T04:41:17.461+0000] {processor.py:161} INFO - Started process (PID=368) to work on /home/airflow/.local/lib/python3.8/site-packages/airflow/example_dags/tutorial.py
[2026-01-02T04:41:17.461+0000] {processor.py:830} INFO - Processing file /home/airflow/.local/lib/python3.8/site-packages/airflow/example_dags/tutorial.py for tasks to queue
[2026-01-02T04:41:17.462+0000] {logging_mixin.py:188} INFO - [2026-01-02T04:41:17.462+0000] {dagbag.py:538} INFO - Filling up the DagBag from /home/airflow/.local/lib/python3.8/site-packages/airflow/example_dags/tutorial.py
[2026-01-02T04:41:17.465+0000] {processor.py:840} INFO - DAG(s) 'tutorial' retrieved from /home/airflow/.local/lib/python3.8/site-packages/airflow/example_dags/tutorial.py
[2026-01-02T04:41:17.474+0000] {logging_mixin.py:188} INFO - [2026-01-02T04:41:17.474+0000] {dag.py:3033} INFO - Sync 1 DAGs
[2026-01-02T04:41:17.483+0000] {logging_mixin.py:188} INFO - [2026-01-02T04:41:17.483+0000] {dag.py:3820} INFO - Setting next_dagrun for tutorial to 2026-01-01T00:00:00+00:00, run_after=2026-01-02T00:00:00+00:00
[2026-01-02T04:41:17.493+0000] {processor.py:183} INFO - Processing /home/airflow/.local/lib/python3.8/site-packages/airflow/example_dags/tutorial.py took 0.034 seconds
[2026-01-02T04:41:47.640+0000] {processor.py:161} INFO - Started process (PID=423) to work on /home/airflow/.local/lib/python3.8/site-packages/airflow/example_dags/tutorial.py
[2026-01-02T04:41:47.640+0000] {processor.py:830} INFO - Processing file /home/airflow/.local/lib/python3.8/site-packages/airflow/example_dags/tutorial.py for tasks to queue
[2026-01-02T04:41:47.641+0000] {logging_mixin.py:188} INFO - [2026-01-02T04:41:47.641+0000] {dagbag.py:538} INFO - Filling up the DagBag from /home/airflow/.local/lib/python3.8/site-packages/airflow/example_dags/tutorial.py
[2026-01-02T04:41:47.644+0000] {processor.py:840} INFO - DAG(s) 'tutorial' retrieved from /home/airflow/.local/lib/python3.8/site-packages/airflow/example_dags/tutorial.py
[2026-01-02T04:41:47.653+0000] {logging_mixin.py:188} INFO - [2026-01-02T04:41:47.653+0000] {dag.py:3033} INFO - Sync 1 DAGs
[2026-01-02T04:41:47.662+0000] {logging_mixin.py:188} INFO - [2026-01-02T04:41:47.662+0000] {dag.py:3820} INFO - Setting next_dagrun for tutorial to 2026-01-01T00:00:00+00:00, run_after=2026-01-02T00:00:00+00:00
[2026-01-02T04:41:47.673+0000] {processor.py:183} INFO - Processing /home/airflow/.local/lib/python3.8/site-packages/airflow/example_dags/tutorial.py took 0.034 seconds
[2026-01-02T04:42:17.850+0000] {processor.py:161} INFO - Started process (PID=478) to work on /home/airflow/.local/lib/python3.8/site-packages/airflow/example_dags/tutorial.py
[2026-01-02T04:42:17.851+0000] {processor.py:830} INFO - Processing file /home/airflow/.local/lib/python3.8/site-packages/airflow/example_dags/tutorial.py for tasks to queue
[2026-01-02T04:42:17.852+0000] {logging_mixin.py:188} INFO - [2026-01-02T04:42:17.852+0000] {dagbag.py:538} INFO - Filling up the DagBag from /home/airflow/.local/lib/python3.8/site-packages/airflow/example_dags/tutorial.py
[2026-01-02T04:42:17.855+0000] {processor.py:840} INFO - DAG(s) 'tutorial' retrieved from /home/airflow/.local/lib/python3.8/site-packages/airflow/example_dags/tutorial.py
[2026-01-02T04:42:17.863+0000] {logging_mixin.py:188} INFO - [2026-01-02T04:42:17.863+0000] {dag.py:3033} INFO - Sync 1 DAGs
[2026-01-02T04:42:17.873+0000] {logging_mixin.py:188} INFO - [2026-01-02T04:42:17.873+0000] {dag.py:3820} INFO - Setting next_dagrun for tutorial to 2026-01-01T00:00:00+00:00, run_after=2026-01-02T00:00:00+00:00
[2026-01-02T04:42:17.882+0000] {processor.py:183} INFO - Processing /home/airflow/.local/lib/python3.8/site-packages/airflow/example_dags/tutorial.py took 0.033 seconds
[2026-01-02T04:42:48.042+0000] {processor.py:161} INFO - Started process (PID=533) to work on /home/airflow/.local/lib/python3.8/site-packages/airflow/example_dags/tutorial.py
[2026-01-02T04:42:48.042+0000] {processor.py:830} INFO - Processing file /home/airflow/.local/lib/python3.8/site-packages/airflow/example_dags/tutorial.py for tasks to queue
[2026-01-02T04:42:48.043+0000] {logging_mixin.py:188} INFO - [2026-01-02T04:42:48.043+0000] {dagbag.py:538} INFO - Filling up the DagBag from /home/airflow/.local/lib/python3.8/site-packages/airflow/example_dags/tutorial.py
[2026-01-02T04:42:48.046+0000] {processor.py:840} INFO - DAG(s) 'tutorial' retrieved from /home/airflow/.local/lib/python3.8/site-packages/airflow/example_dags/tutorial.py
[2026-01-02T04:42:48.055+0000] {logging_mixin.py:188} INFO - [2026-01-02T04:42:48.055+0000] {dag.py:3033} INFO - Sync 1 DAGs
[2026-01-02T04:42:48.064+0000] {logging_mixin.py:188} INFO - [2026-01-02T04:42:48.064+0000] {dag.py:3820} INFO - Setting next_dagrun for tutorial to 2026-01-01T00:00:00+00:00, run_after=2026-01-02T00:00:00+00:00
[2026-01-02T04:42:48.074+0000] {processor.py:183} INFO - Processing /home/airflow/.local/lib/python3.8/site-packages/airflow/example_dags/tutorial.py took 0.034 seconds
[2026-01-02T04:43:18.261+0000] {processor.py:161} INFO - Started process (PID=588) to work on /home/airflow/.local/lib/python3.8/site-packages/airflow/example_dags/tutorial.py
[2026-01-02T04:43:18.261+0000] {processor.py:830} INFO - Processing file /home/airflow/.local/lib/python3.8/site-packages/airflow/example_dags/tutorial.py for tasks to queue
[2026-01-02T04:43:18.262+0000] {logging_mixin.py:188} INFO - [2026-01-02T04:43:18.262+0000] {dagbag.py:538} INFO - Filling up the DagBag from /home/airflow/.local/lib/python3.8/site-packages/airflow/example_dags/tutorial.py
[2026-01-02T04:43:18.265+0000] {processor.py:840} INFO - DAG(s) 'tutorial' retrieved from /home/airflow/.local/lib/python3.8/site-packages/airflow/example_dags/tutorial.py
[2026-01-02T04:43:18.274+0000] {logging_mixin.py:188} INFO - [2026-01-02T04:43:18.274+0000] {dag.py:3033} INFO - Sync 1 DAGs
[2026-01-02T04:43:18.283+0000] {logging_mixin.py:188} INFO - [2026-01-02T04:43:18.283+0000] {dag.py:3820} INFO - Setting next_dagrun for tutorial to 2026-01-01T00:00:00+00:00, run_after=2026-01-02T00:00:00+00:00
[2026-01-02T04:43:18.292+0000] {processor.py:183} INFO - Processing /home/airflow/.local/lib/python3.8/site-packages/airflow/example_dags/tutorial.py took 0.032 seconds
[2026-01-02T04:43:48.547+0000] {processor.py:161} INFO - Started process (PID=643) to work on /home/airflow/.local/lib/python3.8/site-packages/airflow/example_dags/tutorial.py
[2026-01-02T04:43:48.548+0000] {processor.py:830} INFO - Processing file /home/airflow/.local/lib/python3.8/site-packages/airflow/example_dags/tutorial.py for tasks to queue
[2026-01-02T04:43:48.549+0000] {logging_mixin.py:188} INFO - [2026-01-02T04:43:48.549+0000] {dagbag.py:538} INFO - Filling up the DagBag from /home/airflow/.local/lib/python3.8/site-packages/airflow/example_dags/tutorial.py
[2026-01-02T04:43:48.551+0000] {processor.py:840} INFO - DAG(s) 'tutorial' retrieved from /home/airflow/.local/lib/python3.8/site-packages/airflow/example_dags/tutorial.py
[2026-01-02T04:43:48.561+0000] {logging_mixin.py:188} INFO - [2026-01-02T04:43:48.561+0000] {dag.py:3033} INFO - Sync 1 DAGs
[2026-01-02T04:43:48.570+0000] {logging_mixin.py:188} INFO - [2026-01-02T04:43:48.570+0000] {dag.py:3820} INFO - Setting next_dagrun for tutorial to 2026-01-01T00:00:00+00:00, run_after=2026-01-02T00:00:00+00:00
[2026-01-02T04:43:48.580+0000] {processor.py:183} INFO - Processing /home/airflow/.local/lib/python3.8/site-packages/airflow/example_dags/tutorial.py took 0.033 seconds
[2026-01-02T04:44:18.790+0000] {processor.py:161} INFO - Started process (PID=705) to work on /home/airflow/.local/lib/python3.8/site-packages/airflow/example_dags/tutorial.py
[2026-01-02T04:44:18.790+0000] {processor.py:830} INFO - Processing file /home/airflow/.local/lib/python3.8/site-packages/airflow/example_dags/tutorial.py for tasks to queue
[2026-01-02T04:44:18.791+0000] {logging_mixin.py:188} INFO - [2026-01-02T04:44:18.791+0000] {dagbag.py:538} INFO - Filling up the DagBag from /home/airflow/.local/lib/python3.8/site-packages/airflow/example_dags/tutorial.py
[2026-01-02T04:44:18.794+0000] {processor.py:840} INFO - DAG(s) 'tutorial' retrieved from /home/airflow/.local/lib/python3.8/site-packages/airflow/example_dags/tutorial.py
[2026-01-02T04:44:18.806+0000] {logging_mixin.py:188} INFO - [2026-01-02T04:44:18.805+0000] {dag.py:3033} INFO - Sync 1 DAGs
[2026-01-02T04:44:18.817+0000] {logging_mixin.py:188} INFO - [2026-01-02T04:44:18.816+0000] {dag.py:3820} INFO - Setting next_dagrun for tutorial to 2026-01-01T00:00:00+00:00, run_after=2026-01-02T00:00:00+00:00
[2026-01-02T04:44:18.827+0000] {processor.py:183} INFO - Processing /home/airflow/.local/lib/python3.8/site-packages/airflow/example_dags/tutorial.py took 0.039 seconds
[2026-01-02T04:44:49.080+0000] {processor.py:161} INFO - Started process (PID=767) to work on /home/airflow/.local/lib/python3.8/site-packages/airflow/example_dags/tutorial.py
[2026-01-02T04:44:49.081+0000] {processor.py:830} INFO - Processing file /home/airflow/.local/lib/python3.8/site-packages/airflow/example_dags/tutorial.py for tasks to queue
[2026-01-02T04:44:49.082+0000] {logging_mixin.py:188} INFO - [2026-01-02T04:44:49.082+0000] {dagbag.py:538} INFO - Filling up the DagBag from /home/airflow/.local/lib/python3.8/site-packages/airflow/example_dags/tutorial.py
[2026-01-02T04:44:49.085+0000] {processor.py:840} INFO - DAG(s) 'tutorial' retrieved from /home/airflow/.local/lib/python3.8/site-packages/airflow/example_dags/tutorial.py
[2026-01-02T04:44:49.095+0000] {logging_mixin.py:188} INFO - [2026-01-02T04:44:49.095+0000] {dag.py:3033} INFO - Sync 1 DAGs
[2026-01-02T04:44:49.105+0000] {logging_mixin.py:188} INFO - [2026-01-02T04:44:49.105+0000] {dag.py:3820} INFO - Setting next_dagrun for tutorial to 2026-01-01T00:00:00+00:00, run_after=2026-01-02T00:00:00+00:00
[2026-01-02T04:44:49.116+0000] {processor.py:183} INFO - Processing /home/airflow/.local/lib/python3.8/site-packages/airflow/example_dags/tutorial.py took 0.037 seconds
[2026-01-02T04:45:19.457+0000] {processor.py:161} INFO - Started process (PID=822) to work on /home/airflow/.local/lib/python3.8/site-packages/airflow/example_dags/tutorial.py
[2026-01-02T04:45:19.457+0000] {processor.py:830} INFO - Processing file /home/airflow/.local/lib/python3.8/site-packages/airflow/example_dags/tutorial.py for tasks to queue
[2026-01-02T04:45:19.458+0000] {logging_mixin.py:188} INFO - [2026-01-02T04:45:19.458+0000] {dagbag.py:538} INFO - Filling up the DagBag from /home/airflow/.local/lib/python3.8/site-packages/airflow/example_dags/tutorial.py
[2026-01-02T04:45:19.461+0000] {processor.py:840} INFO - DAG(s) 'tutorial' retrieved from /home/airflow/.local/lib/python3.8/site-packages/airflow/example_dags/tutorial.py
[2026-01-02T04:45:19.476+0000] {logging_mixin.py:188} INFO - [2026-01-02T04:45:19.476+0000] {dag.py:3033} INFO - Sync 1 DAGs
[2026-01-02T04:45:19.486+0000] {logging_mixin.py:188} INFO - [2026-01-02T04:45:19.486+0000] {dag.py:3820} INFO - Setting next_dagrun for tutorial to 2026-01-01T00:00:00+00:00, run_after=2026-01-02T00:00:00+00:00
[2026-01-02T04:45:19.498+0000] {processor.py:183} INFO - Processing /home/airflow/.local/lib/python3.8/site-packages/airflow/example_dags/tutorial.py took 0.043 seconds
[2026-01-02T04:45:49.728+0000] {processor.py:161} INFO - Started process (PID=877) to work on /home/airflow/.local/lib/python3.8/site-packages/airflow/example_dags/tutorial.py
[2026-01-02T04:45:49.728+0000] {processor.py:830} INFO - Processing file /home/airflow/.local/lib/python3.8/site-packages/airflow/example_dags/tutorial.py for tasks to queue
[2026-01-02T04:45:49.729+0000] {logging_mixin.py:188} INFO - [2026-01-02T04:45:49.729+0000] {dagbag.py:538} INFO - Filling up the DagBag from /home/airflow/.local/lib/python3.8/site-packages/airflow/example_dags/tutorial.py
[2026-01-02T04:45:49.732+0000] {processor.py:840} INFO - DAG(s) 'tutorial' retrieved from /home/airflow/.local/lib/python3.8/site-packages/airflow/example_dags/tutorial.py
[2026-01-02T04:45:49.741+0000] {logging_mixin.py:188} INFO - [2026-01-02T04:45:49.741+0000] {dag.py:3033} INFO - Sync 1 DAGs
[2026-01-02T04:45:49.752+0000] {logging_mixin.py:188} INFO - [2026-01-02T04:45:49.752+0000] {dag.py:3820} INFO - Setting next_dagrun for tutorial to 2026-01-01T00:00:00+00:00, run_after=2026-01-02T00:00:00+00:00
[2026-01-02T04:45:49.762+0000] {processor.py:183} INFO - Processing /home/airflow/.local/lib/python3.8/site-packages/airflow/example_dags/tutorial.py took 0.035 seconds
[2026-01-02T04:46:19.999+0000] {processor.py:161} INFO - Started process (PID=932) to work on /home/airflow/.local/lib/python3.8/site-packages/airflow/example_dags/tutorial.py
[2026-01-02T04:46:19.999+0000] {processor.py:830} INFO - Processing file /home/airflow/.local/lib/python3.8/site-packages/airflow/example_dags/tutorial.py for tasks to queue
[2026-01-02T04:46:20.000+0000] {logging_mixin.py:188} INFO - [2026-01-02T04:46:20.000+0000] {dagbag.py:538} INFO - Filling up the DagBag from /home/airflow/.local/lib/python3.8/site-packages/airflow/example_dags/tutorial.py
[2026-01-02T04:46:20.003+0000] {processor.py:840} INFO - DAG(s) 'tutorial' retrieved from /home/airflow/.local/lib/python3.8/site-packages/airflow/example_dags/tutorial.py
[2026-01-02T04:46:20.014+0000] {logging_mixin.py:188} INFO - [2026-01-02T04:46:20.014+0000] {dag.py:3033} INFO - Sync 1 DAGs
[2026-01-02T04:46:20.024+0000] {logging_mixin.py:188} INFO - [2026-01-02T04:46:20.024+0000] {dag.py:3820} INFO - Setting next_dagrun for tutorial to 2026-01-01T00:00:00+00:00, run_after=2026-01-02T00:00:00+00:00
[2026-01-02T04:46:20.037+0000] {processor.py:183} INFO - Processing /home/airflow/.local/lib/python3.8/site-packages/airflow/example_dags/tutorial.py took 0.040 seconds
[2026-01-02T04:46:50.337+0000] {processor.py:161} INFO - Started process (PID=987) to work on /home/airflow/.local/lib/python3.8/site-packages/airflow/example_dags/tutorial.py
[2026-01-02T04:46:50.338+0000] {processor.py:830} INFO - Processing file /home/airflow/.local/lib/python3.8/site-packages/airflow/example_dags/tutorial.py for tasks to queue
[2026-01-02T04:46:50.339+0000] {logging_mixin.py:188} INFO - [2026-01-02T04:46:50.338+0000] {dagbag.py:538} INFO - Filling up the DagBag from /home/airflow/.local/lib/python3.8/site-packages/airflow/example_dags/tutorial.py
[2026-01-02T04:46:50.341+0000] {processor.py:840} INFO - DAG(s) 'tutorial' retrieved from /home/airflow/.local/lib/python3.8/site-packages/airflow/example_dags/tutorial.py
[2026-01-02T04:46:50.351+0000] {logging_mixin.py:188} INFO - [2026-01-02T04:46:50.351+0000] {dag.py:3033} INFO - Sync 1 DAGs
[2026-01-02T04:46:50.362+0000] {logging_mixin.py:188} INFO - [2026-01-02T04:46:50.362+0000] {dag.py:3820} INFO - Setting next_dagrun for tutorial to 2026-01-01T00:00:00+00:00, run_after=2026-01-02T00:00:00+00:00
[2026-01-02T04:46:50.373+0000] {processor.py:183} INFO - Processing /home/airflow/.local/lib/python3.8/site-packages/airflow/example_dags/tutorial.py took 0.038 seconds
[2026-01-02T04:47:20.624+0000] {processor.py:161} INFO - Started process (PID=1042) to work on /home/airflow/.local/lib/python3.8/site-packages/airflow/example_dags/tutorial.py
[2026-01-02T04:47:20.624+0000] {processor.py:830} INFO - Processing file /home/airflow/.local/lib/python3.8/site-packages/airflow/example_dags/tutorial.py for tasks to queue
[2026-01-02T04:47:20.625+0000] {logging_mixin.py:188} INFO - [2026-01-02T04:47:20.625+0000] {dagbag.py:538} INFO - Filling up the DagBag from /home/airflow/.local/lib/python3.8/site-packages/airflow/example_dags/tutorial.py
[2026-01-02T04:47:20.628+0000] {processor.py:840} INFO - DAG(s) 'tutorial' retrieved from /home/airflow/.local/lib/python3.8/site-packages/airflow/example_dags/tutorial.py
[2026-01-02T04:47:20.637+0000] {logging_mixin.py:188} INFO - [2026-01-02T04:47:20.637+0000] {dag.py:3033} INFO - Sync 1 DAGs
[2026-01-02T04:47:20.646+0000] {logging_mixin.py:188} INFO - [2026-01-02T04:47:20.646+0000] {dag.py:3820} INFO - Setting next_dagrun for tutorial to 2026-01-01T00:00:00+00:00, run_after=2026-01-02T00:00:00+00:00
[2026-01-02T04:47:20.659+0000] {processor.py:183} INFO - Processing /home/airflow/.local/lib/python3.8/site-packages/airflow/example_dags/tutorial.py took 0.036 seconds
