[2026-01-02T04:28:05.620+0000] {processor.py:161} INFO - Started process (PID=89) to work on /home/airflow/.local/lib/python3.8/site-packages/airflow/example_dags/tutorial_dag.py
[2026-01-02T04:28:05.621+0000] {processor.py:830} INFO - Processing file /home/airflow/.local/lib/python3.8/site-packages/airflow/example_dags/tutorial_dag.py for tasks to queue
[2026-01-02T04:28:05.622+0000] {logging_mixin.py:188} INFO - [2026-01-02T04:28:05.622+0000] {dagbag.py:538} INFO - Filling up the DagBag from /home/airflow/.local/lib/python3.8/site-packages/airflow/example_dags/tutorial_dag.py
[2026-01-02T04:28:05.625+0000] {processor.py:840} INFO - DAG(s) 'tutorial_dag' retrieved from /home/airflow/.local/lib/python3.8/site-packages/airflow/example_dags/tutorial_dag.py
[2026-01-02T04:28:05.677+0000] {logging_mixin.py:188} INFO - [2026-01-02T04:28:05.677+0000] {override.py:1769} INFO - Created Permission View: can edit on DAG:tutorial_dag
[2026-01-02T04:28:05.683+0000] {logging_mixin.py:188} INFO - [2026-01-02T04:28:05.683+0000] {override.py:1769} INFO - Created Permission View: can delete on DAG:tutorial_dag
[2026-01-02T04:28:05.688+0000] {logging_mixin.py:188} INFO - [2026-01-02T04:28:05.688+0000] {override.py:1769} INFO - Created Permission View: can read on DAG:tutorial_dag
[2026-01-02T04:28:05.689+0000] {logging_mixin.py:188} INFO - [2026-01-02T04:28:05.689+0000] {dag.py:3033} INFO - Sync 1 DAGs
[2026-01-02T04:28:05.696+0000] {logging_mixin.py:188} INFO - [2026-01-02T04:28:05.696+0000] {dag.py:3055} INFO - Creating ORM DAG for tutorial_dag
[2026-01-02T04:28:05.697+0000] {logging_mixin.py:188} INFO - [2026-01-02T04:28:05.697+0000] {dag.py:3820} INFO - Setting next_dagrun for tutorial_dag to None, run_after=None
[2026-01-02T04:28:05.706+0000] {processor.py:183} INFO - Processing /home/airflow/.local/lib/python3.8/site-packages/airflow/example_dags/tutorial_dag.py took 0.088 seconds
[2026-01-02T04:28:35.744+0000] {processor.py:161} INFO - Started process (PID=144) to work on /home/airflow/.local/lib/python3.8/site-packages/airflow/example_dags/tutorial_dag.py
[2026-01-02T04:28:35.744+0000] {processor.py:830} INFO - Processing file /home/airflow/.local/lib/python3.8/site-packages/airflow/example_dags/tutorial_dag.py for tasks to queue
[2026-01-02T04:28:35.745+0000] {logging_mixin.py:188} INFO - [2026-01-02T04:28:35.745+0000] {dagbag.py:538} INFO - Filling up the DagBag from /home/airflow/.local/lib/python3.8/site-packages/airflow/example_dags/tutorial_dag.py
[2026-01-02T04:28:35.747+0000] {processor.py:840} INFO - DAG(s) 'tutorial_dag' retrieved from /home/airflow/.local/lib/python3.8/site-packages/airflow/example_dags/tutorial_dag.py
[2026-01-02T04:28:35.756+0000] {logging_mixin.py:188} INFO - [2026-01-02T04:28:35.756+0000] {dag.py:3033} INFO - Sync 1 DAGs
[2026-01-02T04:28:35.760+0000] {logging_mixin.py:188} INFO - [2026-01-02T04:28:35.760+0000] {dag.py:3820} INFO - Setting next_dagrun for tutorial_dag to None, run_after=None
[2026-01-02T04:28:35.769+0000] {processor.py:183} INFO - Processing /home/airflow/.local/lib/python3.8/site-packages/airflow/example_dags/tutorial_dag.py took 0.027 seconds
[2026-01-02T04:30:00.628+0000] {processor.py:161} INFO - Started process (PID=81) to work on /home/airflow/.local/lib/python3.8/site-packages/airflow/example_dags/tutorial_dag.py
[2026-01-02T04:30:00.629+0000] {processor.py:830} INFO - Processing file /home/airflow/.local/lib/python3.8/site-packages/airflow/example_dags/tutorial_dag.py for tasks to queue
[2026-01-02T04:30:00.630+0000] {logging_mixin.py:188} INFO - [2026-01-02T04:30:00.630+0000] {dagbag.py:538} INFO - Filling up the DagBag from /home/airflow/.local/lib/python3.8/site-packages/airflow/example_dags/tutorial_dag.py
[2026-01-02T04:30:00.632+0000] {processor.py:840} INFO - DAG(s) 'tutorial_dag' retrieved from /home/airflow/.local/lib/python3.8/site-packages/airflow/example_dags/tutorial_dag.py
[2026-01-02T04:30:00.640+0000] {logging_mixin.py:188} INFO - [2026-01-02T04:30:00.640+0000] {dag.py:3033} INFO - Sync 1 DAGs
[2026-01-02T04:30:00.646+0000] {logging_mixin.py:188} INFO - [2026-01-02T04:30:00.646+0000] {dag.py:3820} INFO - Setting next_dagrun for tutorial_dag to None, run_after=None
[2026-01-02T04:30:00.657+0000] {processor.py:183} INFO - Processing /home/airflow/.local/lib/python3.8/site-packages/airflow/example_dags/tutorial_dag.py took 0.030 seconds
[2026-01-02T04:30:31.956+0000] {processor.py:161} INFO - Started process (PID=136) to work on /home/airflow/.local/lib/python3.8/site-packages/airflow/example_dags/tutorial_dag.py
[2026-01-02T04:30:31.957+0000] {processor.py:830} INFO - Processing file /home/airflow/.local/lib/python3.8/site-packages/airflow/example_dags/tutorial_dag.py for tasks to queue
[2026-01-02T04:30:31.958+0000] {logging_mixin.py:188} INFO - [2026-01-02T04:30:31.958+0000] {dagbag.py:538} INFO - Filling up the DagBag from /home/airflow/.local/lib/python3.8/site-packages/airflow/example_dags/tutorial_dag.py
[2026-01-02T04:30:31.960+0000] {processor.py:840} INFO - DAG(s) 'tutorial_dag' retrieved from /home/airflow/.local/lib/python3.8/site-packages/airflow/example_dags/tutorial_dag.py
[2026-01-02T04:30:32.009+0000] {logging_mixin.py:188} INFO - [2026-01-02T04:30:32.009+0000] {dag.py:3033} INFO - Sync 1 DAGs
[2026-01-02T04:30:32.014+0000] {logging_mixin.py:188} INFO - [2026-01-02T04:30:32.014+0000] {dag.py:3820} INFO - Setting next_dagrun for tutorial_dag to None, run_after=None
[2026-01-02T04:30:32.029+0000] {processor.py:183} INFO - Processing /home/airflow/.local/lib/python3.8/site-packages/airflow/example_dags/tutorial_dag.py took 0.074 seconds
[2026-01-02T04:31:02.667+0000] {processor.py:161} INFO - Started process (PID=191) to work on /home/airflow/.local/lib/python3.8/site-packages/airflow/example_dags/tutorial_dag.py
[2026-01-02T04:31:02.667+0000] {processor.py:830} INFO - Processing file /home/airflow/.local/lib/python3.8/site-packages/airflow/example_dags/tutorial_dag.py for tasks to queue
[2026-01-02T04:31:02.669+0000] {logging_mixin.py:188} INFO - [2026-01-02T04:31:02.669+0000] {dagbag.py:538} INFO - Filling up the DagBag from /home/airflow/.local/lib/python3.8/site-packages/airflow/example_dags/tutorial_dag.py
[2026-01-02T04:31:02.672+0000] {processor.py:840} INFO - DAG(s) 'tutorial_dag' retrieved from /home/airflow/.local/lib/python3.8/site-packages/airflow/example_dags/tutorial_dag.py
[2026-01-02T04:31:02.682+0000] {logging_mixin.py:188} INFO - [2026-01-02T04:31:02.682+0000] {dag.py:3033} INFO - Sync 1 DAGs
[2026-01-02T04:31:02.689+0000] {logging_mixin.py:188} INFO - [2026-01-02T04:31:02.688+0000] {dag.py:3820} INFO - Setting next_dagrun for tutorial_dag to None, run_after=None
[2026-01-02T04:31:02.701+0000] {processor.py:183} INFO - Processing /home/airflow/.local/lib/python3.8/site-packages/airflow/example_dags/tutorial_dag.py took 0.036 seconds
[2026-01-02T04:31:33.100+0000] {processor.py:161} INFO - Started process (PID=246) to work on /home/airflow/.local/lib/python3.8/site-packages/airflow/example_dags/tutorial_dag.py
[2026-01-02T04:31:33.101+0000] {processor.py:830} INFO - Processing file /home/airflow/.local/lib/python3.8/site-packages/airflow/example_dags/tutorial_dag.py for tasks to queue
[2026-01-02T04:31:33.102+0000] {logging_mixin.py:188} INFO - [2026-01-02T04:31:33.102+0000] {dagbag.py:538} INFO - Filling up the DagBag from /home/airflow/.local/lib/python3.8/site-packages/airflow/example_dags/tutorial_dag.py
[2026-01-02T04:31:33.105+0000] {processor.py:840} INFO - DAG(s) 'tutorial_dag' retrieved from /home/airflow/.local/lib/python3.8/site-packages/airflow/example_dags/tutorial_dag.py
[2026-01-02T04:31:33.114+0000] {logging_mixin.py:188} INFO - [2026-01-02T04:31:33.114+0000] {dag.py:3033} INFO - Sync 1 DAGs
[2026-01-02T04:31:33.121+0000] {logging_mixin.py:188} INFO - [2026-01-02T04:31:33.121+0000] {dag.py:3820} INFO - Setting next_dagrun for tutorial_dag to None, run_after=None
[2026-01-02T04:31:33.137+0000] {processor.py:183} INFO - Processing /home/airflow/.local/lib/python3.8/site-packages/airflow/example_dags/tutorial_dag.py took 0.038 seconds
[2026-01-02T04:32:03.495+0000] {processor.py:161} INFO - Started process (PID=301) to work on /home/airflow/.local/lib/python3.8/site-packages/airflow/example_dags/tutorial_dag.py
[2026-01-02T04:32:03.496+0000] {processor.py:830} INFO - Processing file /home/airflow/.local/lib/python3.8/site-packages/airflow/example_dags/tutorial_dag.py for tasks to queue
[2026-01-02T04:32:03.497+0000] {logging_mixin.py:188} INFO - [2026-01-02T04:32:03.497+0000] {dagbag.py:538} INFO - Filling up the DagBag from /home/airflow/.local/lib/python3.8/site-packages/airflow/example_dags/tutorial_dag.py
[2026-01-02T04:32:03.499+0000] {processor.py:840} INFO - DAG(s) 'tutorial_dag' retrieved from /home/airflow/.local/lib/python3.8/site-packages/airflow/example_dags/tutorial_dag.py
[2026-01-02T04:32:03.511+0000] {logging_mixin.py:188} INFO - [2026-01-02T04:32:03.510+0000] {dag.py:3033} INFO - Sync 1 DAGs
[2026-01-02T04:32:03.516+0000] {logging_mixin.py:188} INFO - [2026-01-02T04:32:03.516+0000] {dag.py:3820} INFO - Setting next_dagrun for tutorial_dag to None, run_after=None
[2026-01-02T04:32:03.525+0000] {processor.py:183} INFO - Processing /home/airflow/.local/lib/python3.8/site-packages/airflow/example_dags/tutorial_dag.py took 0.032 seconds
[2026-01-02T04:32:33.818+0000] {processor.py:161} INFO - Started process (PID=356) to work on /home/airflow/.local/lib/python3.8/site-packages/airflow/example_dags/tutorial_dag.py
[2026-01-02T04:32:33.819+0000] {processor.py:830} INFO - Processing file /home/airflow/.local/lib/python3.8/site-packages/airflow/example_dags/tutorial_dag.py for tasks to queue
[2026-01-02T04:32:33.820+0000] {logging_mixin.py:188} INFO - [2026-01-02T04:32:33.819+0000] {dagbag.py:538} INFO - Filling up the DagBag from /home/airflow/.local/lib/python3.8/site-packages/airflow/example_dags/tutorial_dag.py
[2026-01-02T04:32:33.822+0000] {processor.py:840} INFO - DAG(s) 'tutorial_dag' retrieved from /home/airflow/.local/lib/python3.8/site-packages/airflow/example_dags/tutorial_dag.py
[2026-01-02T04:32:33.833+0000] {logging_mixin.py:188} INFO - [2026-01-02T04:32:33.833+0000] {dag.py:3033} INFO - Sync 1 DAGs
[2026-01-02T04:32:33.839+0000] {logging_mixin.py:188} INFO - [2026-01-02T04:32:33.839+0000] {dag.py:3820} INFO - Setting next_dagrun for tutorial_dag to None, run_after=None
[2026-01-02T04:32:33.849+0000] {processor.py:183} INFO - Processing /home/airflow/.local/lib/python3.8/site-packages/airflow/example_dags/tutorial_dag.py took 0.032 seconds
[2026-01-02T04:33:04.119+0000] {processor.py:161} INFO - Started process (PID=411) to work on /home/airflow/.local/lib/python3.8/site-packages/airflow/example_dags/tutorial_dag.py
[2026-01-02T04:33:04.119+0000] {processor.py:830} INFO - Processing file /home/airflow/.local/lib/python3.8/site-packages/airflow/example_dags/tutorial_dag.py for tasks to queue
[2026-01-02T04:33:04.120+0000] {logging_mixin.py:188} INFO - [2026-01-02T04:33:04.120+0000] {dagbag.py:538} INFO - Filling up the DagBag from /home/airflow/.local/lib/python3.8/site-packages/airflow/example_dags/tutorial_dag.py
[2026-01-02T04:33:04.123+0000] {processor.py:840} INFO - DAG(s) 'tutorial_dag' retrieved from /home/airflow/.local/lib/python3.8/site-packages/airflow/example_dags/tutorial_dag.py
[2026-01-02T04:33:04.131+0000] {logging_mixin.py:188} INFO - [2026-01-02T04:33:04.131+0000] {dag.py:3033} INFO - Sync 1 DAGs
[2026-01-02T04:33:04.137+0000] {logging_mixin.py:188} INFO - [2026-01-02T04:33:04.137+0000] {dag.py:3820} INFO - Setting next_dagrun for tutorial_dag to None, run_after=None
[2026-01-02T04:33:04.153+0000] {processor.py:183} INFO - Processing /home/airflow/.local/lib/python3.8/site-packages/airflow/example_dags/tutorial_dag.py took 0.035 seconds
[2026-01-02T04:33:34.365+0000] {processor.py:161} INFO - Started process (PID=466) to work on /home/airflow/.local/lib/python3.8/site-packages/airflow/example_dags/tutorial_dag.py
[2026-01-02T04:33:34.366+0000] {processor.py:830} INFO - Processing file /home/airflow/.local/lib/python3.8/site-packages/airflow/example_dags/tutorial_dag.py for tasks to queue
[2026-01-02T04:33:34.368+0000] {logging_mixin.py:188} INFO - [2026-01-02T04:33:34.367+0000] {dagbag.py:538} INFO - Filling up the DagBag from /home/airflow/.local/lib/python3.8/site-packages/airflow/example_dags/tutorial_dag.py
[2026-01-02T04:33:34.370+0000] {processor.py:840} INFO - DAG(s) 'tutorial_dag' retrieved from /home/airflow/.local/lib/python3.8/site-packages/airflow/example_dags/tutorial_dag.py
[2026-01-02T04:33:34.382+0000] {logging_mixin.py:188} INFO - [2026-01-02T04:33:34.382+0000] {dag.py:3033} INFO - Sync 1 DAGs
[2026-01-02T04:33:34.387+0000] {logging_mixin.py:188} INFO - [2026-01-02T04:33:34.387+0000] {dag.py:3820} INFO - Setting next_dagrun for tutorial_dag to None, run_after=None
[2026-01-02T04:33:34.397+0000] {processor.py:183} INFO - Processing /home/airflow/.local/lib/python3.8/site-packages/airflow/example_dags/tutorial_dag.py took 0.033 seconds
[2026-01-02T04:34:04.655+0000] {processor.py:161} INFO - Started process (PID=521) to work on /home/airflow/.local/lib/python3.8/site-packages/airflow/example_dags/tutorial_dag.py
[2026-01-02T04:34:04.655+0000] {processor.py:830} INFO - Processing file /home/airflow/.local/lib/python3.8/site-packages/airflow/example_dags/tutorial_dag.py for tasks to queue
[2026-01-02T04:34:04.656+0000] {logging_mixin.py:188} INFO - [2026-01-02T04:34:04.656+0000] {dagbag.py:538} INFO - Filling up the DagBag from /home/airflow/.local/lib/python3.8/site-packages/airflow/example_dags/tutorial_dag.py
[2026-01-02T04:34:04.659+0000] {processor.py:840} INFO - DAG(s) 'tutorial_dag' retrieved from /home/airflow/.local/lib/python3.8/site-packages/airflow/example_dags/tutorial_dag.py
[2026-01-02T04:34:04.668+0000] {logging_mixin.py:188} INFO - [2026-01-02T04:34:04.667+0000] {dag.py:3033} INFO - Sync 1 DAGs
[2026-01-02T04:34:04.673+0000] {logging_mixin.py:188} INFO - [2026-01-02T04:34:04.673+0000] {dag.py:3820} INFO - Setting next_dagrun for tutorial_dag to None, run_after=None
[2026-01-02T04:34:04.683+0000] {processor.py:183} INFO - Processing /home/airflow/.local/lib/python3.8/site-packages/airflow/example_dags/tutorial_dag.py took 0.029 seconds
[2026-01-02T04:34:35.031+0000] {processor.py:161} INFO - Started process (PID=576) to work on /home/airflow/.local/lib/python3.8/site-packages/airflow/example_dags/tutorial_dag.py
[2026-01-02T04:34:35.032+0000] {processor.py:830} INFO - Processing file /home/airflow/.local/lib/python3.8/site-packages/airflow/example_dags/tutorial_dag.py for tasks to queue
[2026-01-02T04:34:35.033+0000] {logging_mixin.py:188} INFO - [2026-01-02T04:34:35.033+0000] {dagbag.py:538} INFO - Filling up the DagBag from /home/airflow/.local/lib/python3.8/site-packages/airflow/example_dags/tutorial_dag.py
[2026-01-02T04:34:35.035+0000] {processor.py:840} INFO - DAG(s) 'tutorial_dag' retrieved from /home/airflow/.local/lib/python3.8/site-packages/airflow/example_dags/tutorial_dag.py
[2026-01-02T04:34:35.045+0000] {logging_mixin.py:188} INFO - [2026-01-02T04:34:35.045+0000] {dag.py:3033} INFO - Sync 1 DAGs
[2026-01-02T04:34:35.051+0000] {logging_mixin.py:188} INFO - [2026-01-02T04:34:35.051+0000] {dag.py:3820} INFO - Setting next_dagrun for tutorial_dag to None, run_after=None
[2026-01-02T04:34:35.068+0000] {processor.py:183} INFO - Processing /home/airflow/.local/lib/python3.8/site-packages/airflow/example_dags/tutorial_dag.py took 0.038 seconds
[2026-01-02T04:35:05.323+0000] {processor.py:161} INFO - Started process (PID=631) to work on /home/airflow/.local/lib/python3.8/site-packages/airflow/example_dags/tutorial_dag.py
[2026-01-02T04:35:05.323+0000] {processor.py:830} INFO - Processing file /home/airflow/.local/lib/python3.8/site-packages/airflow/example_dags/tutorial_dag.py for tasks to queue
[2026-01-02T04:35:05.324+0000] {logging_mixin.py:188} INFO - [2026-01-02T04:35:05.324+0000] {dagbag.py:538} INFO - Filling up the DagBag from /home/airflow/.local/lib/python3.8/site-packages/airflow/example_dags/tutorial_dag.py
[2026-01-02T04:35:05.327+0000] {processor.py:840} INFO - DAG(s) 'tutorial_dag' retrieved from /home/airflow/.local/lib/python3.8/site-packages/airflow/example_dags/tutorial_dag.py
[2026-01-02T04:35:05.338+0000] {logging_mixin.py:188} INFO - [2026-01-02T04:35:05.338+0000] {dag.py:3033} INFO - Sync 1 DAGs
[2026-01-02T04:35:05.344+0000] {logging_mixin.py:188} INFO - [2026-01-02T04:35:05.344+0000] {dag.py:3820} INFO - Setting next_dagrun for tutorial_dag to None, run_after=None
[2026-01-02T04:35:05.357+0000] {processor.py:183} INFO - Processing /home/airflow/.local/lib/python3.8/site-packages/airflow/example_dags/tutorial_dag.py took 0.036 seconds
[2026-01-02T04:35:35.635+0000] {processor.py:161} INFO - Started process (PID=686) to work on /home/airflow/.local/lib/python3.8/site-packages/airflow/example_dags/tutorial_dag.py
[2026-01-02T04:35:35.635+0000] {processor.py:830} INFO - Processing file /home/airflow/.local/lib/python3.8/site-packages/airflow/example_dags/tutorial_dag.py for tasks to queue
[2026-01-02T04:35:35.636+0000] {logging_mixin.py:188} INFO - [2026-01-02T04:35:35.636+0000] {dagbag.py:538} INFO - Filling up the DagBag from /home/airflow/.local/lib/python3.8/site-packages/airflow/example_dags/tutorial_dag.py
[2026-01-02T04:35:35.640+0000] {processor.py:840} INFO - DAG(s) 'tutorial_dag' retrieved from /home/airflow/.local/lib/python3.8/site-packages/airflow/example_dags/tutorial_dag.py
[2026-01-02T04:35:35.649+0000] {logging_mixin.py:188} INFO - [2026-01-02T04:35:35.649+0000] {dag.py:3033} INFO - Sync 1 DAGs
[2026-01-02T04:35:35.655+0000] {logging_mixin.py:188} INFO - [2026-01-02T04:35:35.655+0000] {dag.py:3820} INFO - Setting next_dagrun for tutorial_dag to None, run_after=None
[2026-01-02T04:35:35.668+0000] {processor.py:183} INFO - Processing /home/airflow/.local/lib/python3.8/site-packages/airflow/example_dags/tutorial_dag.py took 0.034 seconds
[2026-01-02T04:36:05.965+0000] {processor.py:161} INFO - Started process (PID=741) to work on /home/airflow/.local/lib/python3.8/site-packages/airflow/example_dags/tutorial_dag.py
[2026-01-02T04:36:05.965+0000] {processor.py:830} INFO - Processing file /home/airflow/.local/lib/python3.8/site-packages/airflow/example_dags/tutorial_dag.py for tasks to queue
[2026-01-02T04:36:05.967+0000] {logging_mixin.py:188} INFO - [2026-01-02T04:36:05.966+0000] {dagbag.py:538} INFO - Filling up the DagBag from /home/airflow/.local/lib/python3.8/site-packages/airflow/example_dags/tutorial_dag.py
[2026-01-02T04:36:05.969+0000] {processor.py:840} INFO - DAG(s) 'tutorial_dag' retrieved from /home/airflow/.local/lib/python3.8/site-packages/airflow/example_dags/tutorial_dag.py
[2026-01-02T04:36:05.979+0000] {logging_mixin.py:188} INFO - [2026-01-02T04:36:05.979+0000] {dag.py:3033} INFO - Sync 1 DAGs
[2026-01-02T04:36:05.985+0000] {logging_mixin.py:188} INFO - [2026-01-02T04:36:05.984+0000] {dag.py:3820} INFO - Setting next_dagrun for tutorial_dag to None, run_after=None
[2026-01-02T04:36:05.998+0000] {processor.py:183} INFO - Processing /home/airflow/.local/lib/python3.8/site-packages/airflow/example_dags/tutorial_dag.py took 0.035 seconds
[2026-01-02T04:38:45.724+0000] {processor.py:161} INFO - Started process (PID=89) to work on /home/airflow/.local/lib/python3.8/site-packages/airflow/example_dags/tutorial_dag.py
[2026-01-02T04:38:45.725+0000] {processor.py:830} INFO - Processing file /home/airflow/.local/lib/python3.8/site-packages/airflow/example_dags/tutorial_dag.py for tasks to queue
[2026-01-02T04:38:45.726+0000] {logging_mixin.py:188} INFO - [2026-01-02T04:38:45.726+0000] {dagbag.py:538} INFO - Filling up the DagBag from /home/airflow/.local/lib/python3.8/site-packages/airflow/example_dags/tutorial_dag.py
[2026-01-02T04:38:45.730+0000] {processor.py:840} INFO - DAG(s) 'tutorial_dag' retrieved from /home/airflow/.local/lib/python3.8/site-packages/airflow/example_dags/tutorial_dag.py
[2026-01-02T04:38:45.737+0000] {logging_mixin.py:188} INFO - [2026-01-02T04:38:45.736+0000] {dag.py:3033} INFO - Sync 1 DAGs
[2026-01-02T04:38:45.744+0000] {logging_mixin.py:188} INFO - [2026-01-02T04:38:45.744+0000] {dag.py:3820} INFO - Setting next_dagrun for tutorial_dag to None, run_after=None
[2026-01-02T04:38:45.756+0000] {processor.py:183} INFO - Processing /home/airflow/.local/lib/python3.8/site-packages/airflow/example_dags/tutorial_dag.py took 0.034 seconds
[2026-01-02T04:39:16.395+0000] {processor.py:161} INFO - Started process (PID=144) to work on /home/airflow/.local/lib/python3.8/site-packages/airflow/example_dags/tutorial_dag.py
[2026-01-02T04:39:16.396+0000] {processor.py:830} INFO - Processing file /home/airflow/.local/lib/python3.8/site-packages/airflow/example_dags/tutorial_dag.py for tasks to queue
[2026-01-02T04:39:16.397+0000] {logging_mixin.py:188} INFO - [2026-01-02T04:39:16.397+0000] {dagbag.py:538} INFO - Filling up the DagBag from /home/airflow/.local/lib/python3.8/site-packages/airflow/example_dags/tutorial_dag.py
[2026-01-02T04:39:16.399+0000] {processor.py:840} INFO - DAG(s) 'tutorial_dag' retrieved from /home/airflow/.local/lib/python3.8/site-packages/airflow/example_dags/tutorial_dag.py
[2026-01-02T04:39:16.443+0000] {logging_mixin.py:188} INFO - [2026-01-02T04:39:16.443+0000] {dag.py:3033} INFO - Sync 1 DAGs
[2026-01-02T04:39:16.447+0000] {logging_mixin.py:188} INFO - [2026-01-02T04:39:16.447+0000] {dag.py:3820} INFO - Setting next_dagrun for tutorial_dag to None, run_after=None
[2026-01-02T04:39:16.457+0000] {processor.py:183} INFO - Processing /home/airflow/.local/lib/python3.8/site-packages/airflow/example_dags/tutorial_dag.py took 0.063 seconds
[2026-01-02T04:39:46.822+0000] {processor.py:161} INFO - Started process (PID=199) to work on /home/airflow/.local/lib/python3.8/site-packages/airflow/example_dags/tutorial_dag.py
[2026-01-02T04:39:46.822+0000] {processor.py:830} INFO - Processing file /home/airflow/.local/lib/python3.8/site-packages/airflow/example_dags/tutorial_dag.py for tasks to queue
[2026-01-02T04:39:46.823+0000] {logging_mixin.py:188} INFO - [2026-01-02T04:39:46.823+0000] {dagbag.py:538} INFO - Filling up the DagBag from /home/airflow/.local/lib/python3.8/site-packages/airflow/example_dags/tutorial_dag.py
[2026-01-02T04:39:46.825+0000] {processor.py:840} INFO - DAG(s) 'tutorial_dag' retrieved from /home/airflow/.local/lib/python3.8/site-packages/airflow/example_dags/tutorial_dag.py
[2026-01-02T04:39:46.835+0000] {logging_mixin.py:188} INFO - [2026-01-02T04:39:46.835+0000] {dag.py:3033} INFO - Sync 1 DAGs
[2026-01-02T04:39:46.840+0000] {logging_mixin.py:188} INFO - [2026-01-02T04:39:46.840+0000] {dag.py:3820} INFO - Setting next_dagrun for tutorial_dag to None, run_after=None
[2026-01-02T04:39:46.850+0000] {processor.py:183} INFO - Processing /home/airflow/.local/lib/python3.8/site-packages/airflow/example_dags/tutorial_dag.py took 0.029 seconds
[2026-01-02T04:40:16.997+0000] {processor.py:161} INFO - Started process (PID=254) to work on /home/airflow/.local/lib/python3.8/site-packages/airflow/example_dags/tutorial_dag.py
[2026-01-02T04:40:16.997+0000] {processor.py:830} INFO - Processing file /home/airflow/.local/lib/python3.8/site-packages/airflow/example_dags/tutorial_dag.py for tasks to queue
[2026-01-02T04:40:16.998+0000] {logging_mixin.py:188} INFO - [2026-01-02T04:40:16.998+0000] {dagbag.py:538} INFO - Filling up the DagBag from /home/airflow/.local/lib/python3.8/site-packages/airflow/example_dags/tutorial_dag.py
[2026-01-02T04:40:17.000+0000] {processor.py:840} INFO - DAG(s) 'tutorial_dag' retrieved from /home/airflow/.local/lib/python3.8/site-packages/airflow/example_dags/tutorial_dag.py
[2026-01-02T04:40:17.009+0000] {logging_mixin.py:188} INFO - [2026-01-02T04:40:17.009+0000] {dag.py:3033} INFO - Sync 1 DAGs
[2026-01-02T04:40:17.014+0000] {logging_mixin.py:188} INFO - [2026-01-02T04:40:17.014+0000] {dag.py:3820} INFO - Setting next_dagrun for tutorial_dag to None, run_after=None
[2026-01-02T04:40:17.023+0000] {processor.py:183} INFO - Processing /home/airflow/.local/lib/python3.8/site-packages/airflow/example_dags/tutorial_dag.py took 0.027 seconds
[2026-01-02T04:40:47.182+0000] {processor.py:161} INFO - Started process (PID=309) to work on /home/airflow/.local/lib/python3.8/site-packages/airflow/example_dags/tutorial_dag.py
[2026-01-02T04:40:47.183+0000] {processor.py:830} INFO - Processing file /home/airflow/.local/lib/python3.8/site-packages/airflow/example_dags/tutorial_dag.py for tasks to queue
[2026-01-02T04:40:47.184+0000] {logging_mixin.py:188} INFO - [2026-01-02T04:40:47.184+0000] {dagbag.py:538} INFO - Filling up the DagBag from /home/airflow/.local/lib/python3.8/site-packages/airflow/example_dags/tutorial_dag.py
[2026-01-02T04:40:47.186+0000] {processor.py:840} INFO - DAG(s) 'tutorial_dag' retrieved from /home/airflow/.local/lib/python3.8/site-packages/airflow/example_dags/tutorial_dag.py
[2026-01-02T04:40:47.195+0000] {logging_mixin.py:188} INFO - [2026-01-02T04:40:47.195+0000] {dag.py:3033} INFO - Sync 1 DAGs
[2026-01-02T04:40:47.201+0000] {logging_mixin.py:188} INFO - [2026-01-02T04:40:47.201+0000] {dag.py:3820} INFO - Setting next_dagrun for tutorial_dag to None, run_after=None
[2026-01-02T04:40:47.210+0000] {processor.py:183} INFO - Processing /home/airflow/.local/lib/python3.8/site-packages/airflow/example_dags/tutorial_dag.py took 0.029 seconds
[2026-01-02T04:41:17.375+0000] {processor.py:161} INFO - Started process (PID=364) to work on /home/airflow/.local/lib/python3.8/site-packages/airflow/example_dags/tutorial_dag.py
[2026-01-02T04:41:17.375+0000] {processor.py:830} INFO - Processing file /home/airflow/.local/lib/python3.8/site-packages/airflow/example_dags/tutorial_dag.py for tasks to queue
[2026-01-02T04:41:17.376+0000] {logging_mixin.py:188} INFO - [2026-01-02T04:41:17.376+0000] {dagbag.py:538} INFO - Filling up the DagBag from /home/airflow/.local/lib/python3.8/site-packages/airflow/example_dags/tutorial_dag.py
[2026-01-02T04:41:17.379+0000] {processor.py:840} INFO - DAG(s) 'tutorial_dag' retrieved from /home/airflow/.local/lib/python3.8/site-packages/airflow/example_dags/tutorial_dag.py
[2026-01-02T04:41:17.388+0000] {logging_mixin.py:188} INFO - [2026-01-02T04:41:17.388+0000] {dag.py:3033} INFO - Sync 1 DAGs
[2026-01-02T04:41:17.393+0000] {logging_mixin.py:188} INFO - [2026-01-02T04:41:17.393+0000] {dag.py:3820} INFO - Setting next_dagrun for tutorial_dag to None, run_after=None
[2026-01-02T04:41:17.403+0000] {processor.py:183} INFO - Processing /home/airflow/.local/lib/python3.8/site-packages/airflow/example_dags/tutorial_dag.py took 0.030 seconds
[2026-01-02T04:41:47.561+0000] {processor.py:161} INFO - Started process (PID=419) to work on /home/airflow/.local/lib/python3.8/site-packages/airflow/example_dags/tutorial_dag.py
[2026-01-02T04:41:47.561+0000] {processor.py:830} INFO - Processing file /home/airflow/.local/lib/python3.8/site-packages/airflow/example_dags/tutorial_dag.py for tasks to queue
[2026-01-02T04:41:47.562+0000] {logging_mixin.py:188} INFO - [2026-01-02T04:41:47.562+0000] {dagbag.py:538} INFO - Filling up the DagBag from /home/airflow/.local/lib/python3.8/site-packages/airflow/example_dags/tutorial_dag.py
[2026-01-02T04:41:47.565+0000] {processor.py:840} INFO - DAG(s) 'tutorial_dag' retrieved from /home/airflow/.local/lib/python3.8/site-packages/airflow/example_dags/tutorial_dag.py
[2026-01-02T04:41:47.575+0000] {logging_mixin.py:188} INFO - [2026-01-02T04:41:47.575+0000] {dag.py:3033} INFO - Sync 1 DAGs
[2026-01-02T04:41:47.580+0000] {logging_mixin.py:188} INFO - [2026-01-02T04:41:47.580+0000] {dag.py:3820} INFO - Setting next_dagrun for tutorial_dag to None, run_after=None
[2026-01-02T04:41:47.589+0000] {processor.py:183} INFO - Processing /home/airflow/.local/lib/python3.8/site-packages/airflow/example_dags/tutorial_dag.py took 0.029 seconds
[2026-01-02T04:42:17.764+0000] {processor.py:161} INFO - Started process (PID=474) to work on /home/airflow/.local/lib/python3.8/site-packages/airflow/example_dags/tutorial_dag.py
[2026-01-02T04:42:17.765+0000] {processor.py:830} INFO - Processing file /home/airflow/.local/lib/python3.8/site-packages/airflow/example_dags/tutorial_dag.py for tasks to queue
[2026-01-02T04:42:17.766+0000] {logging_mixin.py:188} INFO - [2026-01-02T04:42:17.766+0000] {dagbag.py:538} INFO - Filling up the DagBag from /home/airflow/.local/lib/python3.8/site-packages/airflow/example_dags/tutorial_dag.py
[2026-01-02T04:42:17.768+0000] {processor.py:840} INFO - DAG(s) 'tutorial_dag' retrieved from /home/airflow/.local/lib/python3.8/site-packages/airflow/example_dags/tutorial_dag.py
[2026-01-02T04:42:17.777+0000] {logging_mixin.py:188} INFO - [2026-01-02T04:42:17.777+0000] {dag.py:3033} INFO - Sync 1 DAGs
[2026-01-02T04:42:17.782+0000] {logging_mixin.py:188} INFO - [2026-01-02T04:42:17.782+0000] {dag.py:3820} INFO - Setting next_dagrun for tutorial_dag to None, run_after=None
[2026-01-02T04:42:17.793+0000] {processor.py:183} INFO - Processing /home/airflow/.local/lib/python3.8/site-packages/airflow/example_dags/tutorial_dag.py took 0.030 seconds
[2026-01-02T04:42:47.964+0000] {processor.py:161} INFO - Started process (PID=529) to work on /home/airflow/.local/lib/python3.8/site-packages/airflow/example_dags/tutorial_dag.py
[2026-01-02T04:42:47.964+0000] {processor.py:830} INFO - Processing file /home/airflow/.local/lib/python3.8/site-packages/airflow/example_dags/tutorial_dag.py for tasks to queue
[2026-01-02T04:42:47.965+0000] {logging_mixin.py:188} INFO - [2026-01-02T04:42:47.965+0000] {dagbag.py:538} INFO - Filling up the DagBag from /home/airflow/.local/lib/python3.8/site-packages/airflow/example_dags/tutorial_dag.py
[2026-01-02T04:42:47.968+0000] {processor.py:840} INFO - DAG(s) 'tutorial_dag' retrieved from /home/airflow/.local/lib/python3.8/site-packages/airflow/example_dags/tutorial_dag.py
[2026-01-02T04:42:47.977+0000] {logging_mixin.py:188} INFO - [2026-01-02T04:42:47.977+0000] {dag.py:3033} INFO - Sync 1 DAGs
[2026-01-02T04:42:47.983+0000] {logging_mixin.py:188} INFO - [2026-01-02T04:42:47.982+0000] {dag.py:3820} INFO - Setting next_dagrun for tutorial_dag to None, run_after=None
[2026-01-02T04:42:47.992+0000] {processor.py:183} INFO - Processing /home/airflow/.local/lib/python3.8/site-packages/airflow/example_dags/tutorial_dag.py took 0.030 seconds
[2026-01-02T04:43:18.184+0000] {processor.py:161} INFO - Started process (PID=584) to work on /home/airflow/.local/lib/python3.8/site-packages/airflow/example_dags/tutorial_dag.py
[2026-01-02T04:43:18.185+0000] {processor.py:830} INFO - Processing file /home/airflow/.local/lib/python3.8/site-packages/airflow/example_dags/tutorial_dag.py for tasks to queue
[2026-01-02T04:43:18.186+0000] {logging_mixin.py:188} INFO - [2026-01-02T04:43:18.186+0000] {dagbag.py:538} INFO - Filling up the DagBag from /home/airflow/.local/lib/python3.8/site-packages/airflow/example_dags/tutorial_dag.py
[2026-01-02T04:43:18.188+0000] {processor.py:840} INFO - DAG(s) 'tutorial_dag' retrieved from /home/airflow/.local/lib/python3.8/site-packages/airflow/example_dags/tutorial_dag.py
[2026-01-02T04:43:18.197+0000] {logging_mixin.py:188} INFO - [2026-01-02T04:43:18.197+0000] {dag.py:3033} INFO - Sync 1 DAGs
[2026-01-02T04:43:18.202+0000] {logging_mixin.py:188} INFO - [2026-01-02T04:43:18.202+0000] {dag.py:3820} INFO - Setting next_dagrun for tutorial_dag to None, run_after=None
[2026-01-02T04:43:18.211+0000] {processor.py:183} INFO - Processing /home/airflow/.local/lib/python3.8/site-packages/airflow/example_dags/tutorial_dag.py took 0.028 seconds
[2026-01-02T04:43:48.424+0000] {processor.py:161} INFO - Started process (PID=639) to work on /home/airflow/.local/lib/python3.8/site-packages/airflow/example_dags/tutorial_dag.py
[2026-01-02T04:43:48.424+0000] {processor.py:830} INFO - Processing file /home/airflow/.local/lib/python3.8/site-packages/airflow/example_dags/tutorial_dag.py for tasks to queue
[2026-01-02T04:43:48.425+0000] {logging_mixin.py:188} INFO - [2026-01-02T04:43:48.425+0000] {dagbag.py:538} INFO - Filling up the DagBag from /home/airflow/.local/lib/python3.8/site-packages/airflow/example_dags/tutorial_dag.py
[2026-01-02T04:43:48.427+0000] {processor.py:840} INFO - DAG(s) 'tutorial_dag' retrieved from /home/airflow/.local/lib/python3.8/site-packages/airflow/example_dags/tutorial_dag.py
[2026-01-02T04:43:48.437+0000] {logging_mixin.py:188} INFO - [2026-01-02T04:43:48.437+0000] {dag.py:3033} INFO - Sync 1 DAGs
[2026-01-02T04:43:48.444+0000] {logging_mixin.py:188} INFO - [2026-01-02T04:43:48.443+0000] {dag.py:3820} INFO - Setting next_dagrun for tutorial_dag to None, run_after=None
[2026-01-02T04:43:48.454+0000] {processor.py:183} INFO - Processing /home/airflow/.local/lib/python3.8/site-packages/airflow/example_dags/tutorial_dag.py took 0.032 seconds
[2026-01-02T04:44:18.701+0000] {processor.py:161} INFO - Started process (PID=701) to work on /home/airflow/.local/lib/python3.8/site-packages/airflow/example_dags/tutorial_dag.py
[2026-01-02T04:44:18.702+0000] {processor.py:830} INFO - Processing file /home/airflow/.local/lib/python3.8/site-packages/airflow/example_dags/tutorial_dag.py for tasks to queue
[2026-01-02T04:44:18.702+0000] {logging_mixin.py:188} INFO - [2026-01-02T04:44:18.702+0000] {dagbag.py:538} INFO - Filling up the DagBag from /home/airflow/.local/lib/python3.8/site-packages/airflow/example_dags/tutorial_dag.py
[2026-01-02T04:44:18.704+0000] {processor.py:840} INFO - DAG(s) 'tutorial_dag' retrieved from /home/airflow/.local/lib/python3.8/site-packages/airflow/example_dags/tutorial_dag.py
[2026-01-02T04:44:18.717+0000] {logging_mixin.py:188} INFO - [2026-01-02T04:44:18.717+0000] {dag.py:3033} INFO - Sync 1 DAGs
[2026-01-02T04:44:18.724+0000] {logging_mixin.py:188} INFO - [2026-01-02T04:44:18.724+0000] {dag.py:3820} INFO - Setting next_dagrun for tutorial_dag to None, run_after=None
[2026-01-02T04:44:18.737+0000] {processor.py:183} INFO - Processing /home/airflow/.local/lib/python3.8/site-packages/airflow/example_dags/tutorial_dag.py took 0.037 seconds
[2026-01-02T04:44:48.996+0000] {processor.py:161} INFO - Started process (PID=763) to work on /home/airflow/.local/lib/python3.8/site-packages/airflow/example_dags/tutorial_dag.py
[2026-01-02T04:44:48.996+0000] {processor.py:830} INFO - Processing file /home/airflow/.local/lib/python3.8/site-packages/airflow/example_dags/tutorial_dag.py for tasks to queue
[2026-01-02T04:44:48.997+0000] {logging_mixin.py:188} INFO - [2026-01-02T04:44:48.997+0000] {dagbag.py:538} INFO - Filling up the DagBag from /home/airflow/.local/lib/python3.8/site-packages/airflow/example_dags/tutorial_dag.py
[2026-01-02T04:44:49.000+0000] {processor.py:840} INFO - DAG(s) 'tutorial_dag' retrieved from /home/airflow/.local/lib/python3.8/site-packages/airflow/example_dags/tutorial_dag.py
[2026-01-02T04:44:49.009+0000] {logging_mixin.py:188} INFO - [2026-01-02T04:44:49.008+0000] {dag.py:3033} INFO - Sync 1 DAGs
[2026-01-02T04:44:49.014+0000] {logging_mixin.py:188} INFO - [2026-01-02T04:44:49.014+0000] {dag.py:3820} INFO - Setting next_dagrun for tutorial_dag to None, run_after=None
[2026-01-02T04:44:49.025+0000] {processor.py:183} INFO - Processing /home/airflow/.local/lib/python3.8/site-packages/airflow/example_dags/tutorial_dag.py took 0.030 seconds
[2026-01-02T04:45:19.318+0000] {processor.py:161} INFO - Started process (PID=818) to work on /home/airflow/.local/lib/python3.8/site-packages/airflow/example_dags/tutorial_dag.py
[2026-01-02T04:45:19.319+0000] {processor.py:830} INFO - Processing file /home/airflow/.local/lib/python3.8/site-packages/airflow/example_dags/tutorial_dag.py for tasks to queue
[2026-01-02T04:45:19.320+0000] {logging_mixin.py:188} INFO - [2026-01-02T04:45:19.319+0000] {dagbag.py:538} INFO - Filling up the DagBag from /home/airflow/.local/lib/python3.8/site-packages/airflow/example_dags/tutorial_dag.py
[2026-01-02T04:45:19.322+0000] {processor.py:840} INFO - DAG(s) 'tutorial_dag' retrieved from /home/airflow/.local/lib/python3.8/site-packages/airflow/example_dags/tutorial_dag.py
[2026-01-02T04:45:19.335+0000] {logging_mixin.py:188} INFO - [2026-01-02T04:45:19.335+0000] {dag.py:3033} INFO - Sync 1 DAGs
[2026-01-02T04:45:19.340+0000] {logging_mixin.py:188} INFO - [2026-01-02T04:45:19.340+0000] {dag.py:3820} INFO - Setting next_dagrun for tutorial_dag to None, run_after=None
[2026-01-02T04:45:19.352+0000] {processor.py:183} INFO - Processing /home/airflow/.local/lib/python3.8/site-packages/airflow/example_dags/tutorial_dag.py took 0.036 seconds
[2026-01-02T04:45:49.642+0000] {processor.py:161} INFO - Started process (PID=873) to work on /home/airflow/.local/lib/python3.8/site-packages/airflow/example_dags/tutorial_dag.py
[2026-01-02T04:45:49.642+0000] {processor.py:830} INFO - Processing file /home/airflow/.local/lib/python3.8/site-packages/airflow/example_dags/tutorial_dag.py for tasks to queue
[2026-01-02T04:45:49.643+0000] {logging_mixin.py:188} INFO - [2026-01-02T04:45:49.643+0000] {dagbag.py:538} INFO - Filling up the DagBag from /home/airflow/.local/lib/python3.8/site-packages/airflow/example_dags/tutorial_dag.py
[2026-01-02T04:45:49.646+0000] {processor.py:840} INFO - DAG(s) 'tutorial_dag' retrieved from /home/airflow/.local/lib/python3.8/site-packages/airflow/example_dags/tutorial_dag.py
[2026-01-02T04:45:49.654+0000] {logging_mixin.py:188} INFO - [2026-01-02T04:45:49.654+0000] {dag.py:3033} INFO - Sync 1 DAGs
[2026-01-02T04:45:49.659+0000] {logging_mixin.py:188} INFO - [2026-01-02T04:45:49.659+0000] {dag.py:3820} INFO - Setting next_dagrun for tutorial_dag to None, run_after=None
[2026-01-02T04:45:49.669+0000] {processor.py:183} INFO - Processing /home/airflow/.local/lib/python3.8/site-packages/airflow/example_dags/tutorial_dag.py took 0.028 seconds
[2026-01-02T04:46:19.912+0000] {processor.py:161} INFO - Started process (PID=928) to work on /home/airflow/.local/lib/python3.8/site-packages/airflow/example_dags/tutorial_dag.py
[2026-01-02T04:46:19.912+0000] {processor.py:830} INFO - Processing file /home/airflow/.local/lib/python3.8/site-packages/airflow/example_dags/tutorial_dag.py for tasks to queue
[2026-01-02T04:46:19.913+0000] {logging_mixin.py:188} INFO - [2026-01-02T04:46:19.913+0000] {dagbag.py:538} INFO - Filling up the DagBag from /home/airflow/.local/lib/python3.8/site-packages/airflow/example_dags/tutorial_dag.py
[2026-01-02T04:46:19.915+0000] {processor.py:840} INFO - DAG(s) 'tutorial_dag' retrieved from /home/airflow/.local/lib/python3.8/site-packages/airflow/example_dags/tutorial_dag.py
[2026-01-02T04:46:19.927+0000] {logging_mixin.py:188} INFO - [2026-01-02T04:46:19.927+0000] {dag.py:3033} INFO - Sync 1 DAGs
[2026-01-02T04:46:19.932+0000] {logging_mixin.py:188} INFO - [2026-01-02T04:46:19.932+0000] {dag.py:3820} INFO - Setting next_dagrun for tutorial_dag to None, run_after=None
[2026-01-02T04:46:19.942+0000] {processor.py:183} INFO - Processing /home/airflow/.local/lib/python3.8/site-packages/airflow/example_dags/tutorial_dag.py took 0.032 seconds
[2026-01-02T04:46:50.249+0000] {processor.py:161} INFO - Started process (PID=983) to work on /home/airflow/.local/lib/python3.8/site-packages/airflow/example_dags/tutorial_dag.py
[2026-01-02T04:46:50.250+0000] {processor.py:830} INFO - Processing file /home/airflow/.local/lib/python3.8/site-packages/airflow/example_dags/tutorial_dag.py for tasks to queue
[2026-01-02T04:46:50.251+0000] {logging_mixin.py:188} INFO - [2026-01-02T04:46:50.250+0000] {dagbag.py:538} INFO - Filling up the DagBag from /home/airflow/.local/lib/python3.8/site-packages/airflow/example_dags/tutorial_dag.py
[2026-01-02T04:46:50.253+0000] {processor.py:840} INFO - DAG(s) 'tutorial_dag' retrieved from /home/airflow/.local/lib/python3.8/site-packages/airflow/example_dags/tutorial_dag.py
[2026-01-02T04:46:50.262+0000] {logging_mixin.py:188} INFO - [2026-01-02T04:46:50.262+0000] {dag.py:3033} INFO - Sync 1 DAGs
[2026-01-02T04:46:50.269+0000] {logging_mixin.py:188} INFO - [2026-01-02T04:46:50.269+0000] {dag.py:3820} INFO - Setting next_dagrun for tutorial_dag to None, run_after=None
[2026-01-02T04:46:50.281+0000] {processor.py:183} INFO - Processing /home/airflow/.local/lib/python3.8/site-packages/airflow/example_dags/tutorial_dag.py took 0.033 seconds
[2026-01-02T04:47:20.530+0000] {processor.py:161} INFO - Started process (PID=1038) to work on /home/airflow/.local/lib/python3.8/site-packages/airflow/example_dags/tutorial_dag.py
[2026-01-02T04:47:20.531+0000] {processor.py:830} INFO - Processing file /home/airflow/.local/lib/python3.8/site-packages/airflow/example_dags/tutorial_dag.py for tasks to queue
[2026-01-02T04:47:20.532+0000] {logging_mixin.py:188} INFO - [2026-01-02T04:47:20.532+0000] {dagbag.py:538} INFO - Filling up the DagBag from /home/airflow/.local/lib/python3.8/site-packages/airflow/example_dags/tutorial_dag.py
[2026-01-02T04:47:20.534+0000] {processor.py:840} INFO - DAG(s) 'tutorial_dag' retrieved from /home/airflow/.local/lib/python3.8/site-packages/airflow/example_dags/tutorial_dag.py
[2026-01-02T04:47:20.544+0000] {logging_mixin.py:188} INFO - [2026-01-02T04:47:20.544+0000] {dag.py:3033} INFO - Sync 1 DAGs
[2026-01-02T04:47:20.550+0000] {logging_mixin.py:188} INFO - [2026-01-02T04:47:20.550+0000] {dag.py:3820} INFO - Setting next_dagrun for tutorial_dag to None, run_after=None
[2026-01-02T04:47:20.562+0000] {processor.py:183} INFO - Processing /home/airflow/.local/lib/python3.8/site-packages/airflow/example_dags/tutorial_dag.py took 0.033 seconds
